drop table if exists public.load_inventory;
NOTICE:  table "load_inventory" does not exist, skipping
DROP TABLE
create table public.load_inventory as select * from tpcds.inventory distributed randomly;
SELECT 1033560000
load.11.public.load_inventory.sh|2024-04-09 05:53:58|2024-04-09 06:02:36|518
drop table if exists public.load_inventory;
DROP TABLE
create table public.load_inventory as select * from tpcds.inventory distributed randomly;
SELECT 1033560000
load.11.public.load_inventory.sh|2024-04-09 06:02:37|2024-04-09 06:09:52|435
drop table if exists public.load_inventory;
DROP TABLE
create table public.load_inventory as select * from tpcds.inventory distributed randomly;
SELECT 1033560000
load.11.public.load_inventory.sh|2024-04-09 06:09:53|2024-04-09 06:19:12|559
drop table if exists public.load_inventory;
DROP TABLE
create table public.load_inventory as select * from tpcds.inventory distributed randomly;
SELECT 1033560000
load.11.public.load_inventory.sh|2024-04-09 06:19:13|2024-04-09 06:29:11|598
drop table if exists public.load_inventory;
DROP TABLE
create table public.load_inventory as select * from tpcds.inventory distributed randomly;
SELECT 1033560000
load.11.public.load_inventory.sh|2024-04-09 06:29:12|2024-04-09 06:37:52|520
drop table if exists public.load_inventory;
DROP TABLE
create table public.load_inventory as select * from tpcds.inventory distributed randomly;
SELECT 1033560000
load.11.public.load_inventory.sh|2024-04-09 06:37:53|2024-04-09 06:46:53|540
drop table if exists public.load_inventory;
DROP TABLE
create table public.load_inventory as select * from tpcds.inventory distributed randomly;
SELECT 1033560000
load.11.public.load_inventory.sh|2024-04-09 06:46:54|2024-04-09 06:54:13|439
drop table if exists public.load_inventory;
DROP TABLE
create table public.load_inventory as select * from tpcds.inventory distributed randomly;
SELECT 1033560000
load.11.public.load_inventory.sh|2024-04-09 06:54:14|2024-04-09 07:06:18|724
drop table if exists public.load_inventory;
DROP TABLE
create table public.load_inventory as select * from tpcds.inventory distributed randomly;
SELECT 1033560000
load.11.public.load_inventory.sh|2024-04-09 07:06:19|2024-04-09 07:13:00|401
drop table if exists public.load_inventory;
DROP TABLE
create table public.load_inventory as select * from tpcds.inventory distributed randomly;
SELECT 1033560000
load.11.public.load_inventory.sh|2024-04-09 07:13:01|2024-04-09 07:23:36|635
drop table if exists public.load_inventory;
DROP TABLE
create table public.load_inventory as select * from tpcds.inventory distributed randomly;
SELECT 1033560000
load.11.public.load_inventory.sh|2024-04-09 07:23:37|2024-04-09 07:28:35|298
drop table if exists public.load_inventory;
DROP TABLE
create table public.load_inventory as select * from tpcds.inventory distributed randomly;
SELECT 1033560000
load.11.public.load_inventory.sh|2024-04-09 07:28:36|2024-04-09 07:36:50|494
drop table if exists public.load_inventory;
DROP TABLE
create table public.load_inventory as select * from tpcds.inventory distributed randomly;
SELECT 1033560000
load.11.public.load_inventory.sh|2024-04-09 07:36:51|2024-04-09 07:46:04|553
drop table if exists public.load_inventory;
DROP TABLE
create table public.load_inventory as select * from tpcds.inventory distributed randomly;
ERROR:  canceling statement due to user request
load.11.public.load_inventory.sh|2024-04-09 07:46:05|2024-04-09 07:54:09|484
