drop table if exists public.load_catalog_page;
NOTICE:  table "load_catalog_page" does not exist, skipping
DROP TABLE
create table public.load_catalog_page as select * from tpcds.catalog_page distributed randomly;
SELECT 36000
load.02.public.load_catalog_page.sh|2024-03-19 21:18:04|2024-03-19 21:18:27|23
drop table if exists public.load_catalog_page;
DROP TABLE
create table public.load_catalog_page as select * from tpcds.catalog_page distributed randomly;
SELECT 36000
load.02.public.load_catalog_page.sh|2024-03-19 21:18:28|2024-03-19 21:18:48|20
drop table if exists public.load_catalog_page;
DROP TABLE
create table public.load_catalog_page as select * from tpcds.catalog_page distributed randomly;
SELECT 36000
load.02.public.load_catalog_page.sh|2024-03-19 21:18:49|2024-03-19 21:19:26|37
drop table if exists public.load_catalog_page;
DROP TABLE
create table public.load_catalog_page as select * from tpcds.catalog_page distributed randomly;
SELECT 36000
load.02.public.load_catalog_page.sh|2024-03-19 21:19:27|2024-03-19 21:19:56|29
drop table if exists public.load_catalog_page;
DROP TABLE
create table public.load_catalog_page as select * from tpcds.catalog_page distributed randomly;
SELECT 36000
load.02.public.load_catalog_page.sh|2024-03-19 21:19:57|2024-03-19 21:20:36|39
drop table if exists public.load_catalog_page;
DROP TABLE
create table public.load_catalog_page as select * from tpcds.catalog_page distributed randomly;
SELECT 36000
load.02.public.load_catalog_page.sh|2024-03-19 21:20:37|2024-03-19 21:21:32|55
drop table if exists public.load_catalog_page;
DROP TABLE
create table public.load_catalog_page as select * from tpcds.catalog_page distributed randomly;
SELECT 36000
load.02.public.load_catalog_page.sh|2024-03-19 21:21:33|2024-03-19 21:22:07|34
drop table if exists public.load_catalog_page;
DROP TABLE
create table public.load_catalog_page as select * from tpcds.catalog_page distributed randomly;
SELECT 36000
load.02.public.load_catalog_page.sh|2024-03-19 21:22:08|2024-03-19 21:22:45|37
drop table if exists public.load_catalog_page;
DROP TABLE
create table public.load_catalog_page as select * from tpcds.catalog_page distributed randomly;
SELECT 36000
load.02.public.load_catalog_page.sh|2024-03-19 21:22:46|2024-03-19 21:23:16|30
drop table if exists public.load_catalog_page;
DROP TABLE
create table public.load_catalog_page as select * from tpcds.catalog_page distributed randomly;
SELECT 36000
load.02.public.load_catalog_page.sh|2024-03-19 21:23:17|2024-03-19 21:23:38|21
drop table if exists public.load_catalog_page;
DROP TABLE
create table public.load_catalog_page as select * from tpcds.catalog_page distributed randomly;
SELECT 36000
load.02.public.load_catalog_page.sh|2024-03-19 21:23:39|2024-03-19 21:24:06|27
drop table if exists public.load_catalog_page;
DROP TABLE
create table public.load_catalog_page as select * from tpcds.catalog_page distributed randomly;
SELECT 36000
load.02.public.load_catalog_page.sh|2024-03-19 21:24:07|2024-03-19 21:24:45|38
drop table if exists public.load_catalog_page;
DROP TABLE
create table public.load_catalog_page as select * from tpcds.catalog_page distributed randomly;
SELECT 36000
load.02.public.load_catalog_page.sh|2024-03-19 21:24:46|2024-03-19 21:25:04|18
drop table if exists public.load_catalog_page;
DROP TABLE
create table public.load_catalog_page as select * from tpcds.catalog_page distributed randomly;
SELECT 36000
load.02.public.load_catalog_page.sh|2024-03-19 21:25:05|2024-03-19 21:25:15|10
drop table if exists public.load_catalog_page;
DROP TABLE
create table public.load_catalog_page as select * from tpcds.catalog_page distributed randomly;
SELECT 36000
load.02.public.load_catalog_page.sh|2024-03-19 21:25:16|2024-03-19 21:25:34|18
drop table if exists public.load_catalog_page;
DROP TABLE
create table public.load_catalog_page as select * from tpcds.catalog_page distributed randomly;
SELECT 36000
load.02.public.load_catalog_page.sh|2024-03-19 21:25:35|2024-03-19 21:25:43|8
drop table if exists public.load_catalog_page;
DROP TABLE
create table public.load_catalog_page as select * from tpcds.catalog_page distributed randomly;
SELECT 36000
load.02.public.load_catalog_page.sh|2024-03-19 21:25:44|2024-03-19 21:26:02|18
drop table if exists public.load_catalog_page;
DROP TABLE
create table public.load_catalog_page as select * from tpcds.catalog_page distributed randomly;
SELECT 36000
load.02.public.load_catalog_page.sh|2024-03-19 21:26:03|2024-03-19 21:26:26|23
drop table if exists public.load_catalog_page;
DROP TABLE
create table public.load_catalog_page as select * from tpcds.catalog_page distributed randomly;
SELECT 36000
load.02.public.load_catalog_page.sh|2024-03-19 21:26:27|2024-03-19 21:26:40|13
drop table if exists public.load_catalog_page;
DROP TABLE
create table public.load_catalog_page as select * from tpcds.catalog_page distributed randomly;
SELECT 36000
load.02.public.load_catalog_page.sh|2024-03-19 21:26:41|2024-03-19 21:27:10|29
drop table if exists public.load_catalog_page;
DROP TABLE
create table public.load_catalog_page as select * from tpcds.catalog_page distributed randomly;
SELECT 36000
load.02.public.load_catalog_page.sh|2024-03-19 21:27:11|2024-03-19 21:28:05|54
drop table if exists public.load_catalog_page;
DROP TABLE
create table public.load_catalog_page as select * from tpcds.catalog_page distributed randomly;
SELECT 36000
load.02.public.load_catalog_page.sh|2024-03-19 21:28:06|2024-03-19 21:28:36|30
drop table if exists public.load_catalog_page;
DROP TABLE
create table public.load_catalog_page as select * from tpcds.catalog_page distributed randomly;
SELECT 36000
load.02.public.load_catalog_page.sh|2024-03-19 21:28:37|2024-03-19 21:28:54|17
drop table if exists public.load_catalog_page;
DROP TABLE
create table public.load_catalog_page as select * from tpcds.catalog_page distributed randomly;
SELECT 36000
load.02.public.load_catalog_page.sh|2024-03-19 21:28:55|2024-03-19 21:29:20|25
drop table if exists public.load_catalog_page;
DROP TABLE
create table public.load_catalog_page as select * from tpcds.catalog_page distributed randomly;
SELECT 36000
load.02.public.load_catalog_page.sh|2024-03-19 21:29:21|2024-03-19 21:29:59|38
drop table if exists public.load_catalog_page;
DROP TABLE
create table public.load_catalog_page as select * from tpcds.catalog_page distributed randomly;
SELECT 36000
load.02.public.load_catalog_page.sh|2024-03-19 21:30:00|2024-03-19 21:30:23|23
drop table if exists public.load_catalog_page;
DROP TABLE
create table public.load_catalog_page as select * from tpcds.catalog_page distributed randomly;
SELECT 36000
load.02.public.load_catalog_page.sh|2024-03-19 21:30:24|2024-03-19 21:31:05|41
drop table if exists public.load_catalog_page;
DROP TABLE
create table public.load_catalog_page as select * from tpcds.catalog_page distributed randomly;
SELECT 36000
load.02.public.load_catalog_page.sh|2024-03-19 21:31:06|2024-03-19 21:31:30|24
drop table if exists public.load_catalog_page;
DROP TABLE
create table public.load_catalog_page as select * from tpcds.catalog_page distributed randomly;
SELECT 36000
load.02.public.load_catalog_page.sh|2024-03-19 21:31:31|2024-03-19 21:31:41|10
drop table if exists public.load_catalog_page;
DROP TABLE
create table public.load_catalog_page as select * from tpcds.catalog_page distributed randomly;
SELECT 36000
load.02.public.load_catalog_page.sh|2024-03-19 21:31:42|2024-03-19 21:32:14|32
drop table if exists public.load_catalog_page;
DROP TABLE
create table public.load_catalog_page as select * from tpcds.catalog_page distributed randomly;
SELECT 36000
load.02.public.load_catalog_page.sh|2024-03-19 21:32:15|2024-03-19 21:32:29|14
drop table if exists public.load_catalog_page;
DROP TABLE
create table public.load_catalog_page as select * from tpcds.catalog_page distributed randomly;
SELECT 36000
load.02.public.load_catalog_page.sh|2024-03-19 21:32:30|2024-03-19 21:32:48|18
drop table if exists public.load_catalog_page;
DROP TABLE
create table public.load_catalog_page as select * from tpcds.catalog_page distributed randomly;
SELECT 36000
load.02.public.load_catalog_page.sh|2024-03-19 21:32:49|2024-03-19 21:32:59|10
drop table if exists public.load_catalog_page;
DROP TABLE
create table public.load_catalog_page as select * from tpcds.catalog_page distributed randomly;
SELECT 36000
load.02.public.load_catalog_page.sh|2024-03-19 21:33:00|2024-03-19 21:33:14|14
drop table if exists public.load_catalog_page;
DROP TABLE
create table public.load_catalog_page as select * from tpcds.catalog_page distributed randomly;
SELECT 36000
load.02.public.load_catalog_page.sh|2024-03-19 21:33:15|2024-03-19 21:34:03|48
drop table if exists public.load_catalog_page;
DROP TABLE
create table public.load_catalog_page as select * from tpcds.catalog_page distributed randomly;
SELECT 36000
load.02.public.load_catalog_page.sh|2024-03-19 21:34:04|2024-03-19 21:34:49|45
drop table if exists public.load_catalog_page;
DROP TABLE
create table public.load_catalog_page as select * from tpcds.catalog_page distributed randomly;
SELECT 36000
load.02.public.load_catalog_page.sh|2024-03-19 21:34:50|2024-03-19 21:35:15|25
drop table if exists public.load_catalog_page;
DROP TABLE
create table public.load_catalog_page as select * from tpcds.catalog_page distributed randomly;
SELECT 36000
load.02.public.load_catalog_page.sh|2024-03-19 21:35:16|2024-03-19 21:35:52|36
drop table if exists public.load_catalog_page;
DROP TABLE
create table public.load_catalog_page as select * from tpcds.catalog_page distributed randomly;
SELECT 36000
load.02.public.load_catalog_page.sh|2024-03-19 21:35:53|2024-03-19 21:36:16|23
drop table if exists public.load_catalog_page;
DROP TABLE
create table public.load_catalog_page as select * from tpcds.catalog_page distributed randomly;
SELECT 36000
load.02.public.load_catalog_page.sh|2024-03-19 21:36:17|2024-03-19 21:36:51|34
drop table if exists public.load_catalog_page;
DROP TABLE
create table public.load_catalog_page as select * from tpcds.catalog_page distributed randomly;
SELECT 36000
load.02.public.load_catalog_page.sh|2024-03-19 21:36:52|2024-03-19 21:37:09|17
drop table if exists public.load_catalog_page;
DROP TABLE
create table public.load_catalog_page as select * from tpcds.catalog_page distributed randomly;
SELECT 36000
load.02.public.load_catalog_page.sh|2024-03-19 21:37:10|2024-03-19 21:37:32|22
drop table if exists public.load_catalog_page;
DROP TABLE
create table public.load_catalog_page as select * from tpcds.catalog_page distributed randomly;
SELECT 36000
load.02.public.load_catalog_page.sh|2024-03-19 21:37:33|2024-03-19 21:37:52|19
drop table if exists public.load_catalog_page;
DROP TABLE
create table public.load_catalog_page as select * from tpcds.catalog_page distributed randomly;
SELECT 36000
load.02.public.load_catalog_page.sh|2024-03-19 21:37:53|2024-03-19 21:38:41|48
drop table if exists public.load_catalog_page;
DROP TABLE
create table public.load_catalog_page as select * from tpcds.catalog_page distributed randomly;
SELECT 36000
load.02.public.load_catalog_page.sh|2024-03-19 21:38:42|2024-03-19 21:39:24|42
drop table if exists public.load_catalog_page;
DROP TABLE
create table public.load_catalog_page as select * from tpcds.catalog_page distributed randomly;
SELECT 36000
load.02.public.load_catalog_page.sh|2024-03-19 21:39:25|2024-03-19 21:39:58|33
drop table if exists public.load_catalog_page;
DROP TABLE
create table public.load_catalog_page as select * from tpcds.catalog_page distributed randomly;
SELECT 36000
load.02.public.load_catalog_page.sh|2024-03-19 21:39:59|2024-03-19 21:40:18|19
drop table if exists public.load_catalog_page;
DROP TABLE
create table public.load_catalog_page as select * from tpcds.catalog_page distributed randomly;
SELECT 36000
load.02.public.load_catalog_page.sh|2024-03-19 21:40:19|2024-03-19 21:40:47|28
drop table if exists public.load_catalog_page;
DROP TABLE
create table public.load_catalog_page as select * from tpcds.catalog_page distributed randomly;
SELECT 36000
load.02.public.load_catalog_page.sh|2024-03-19 21:40:48|2024-03-19 21:41:05|17
drop table if exists public.load_catalog_page;
DROP TABLE
create table public.load_catalog_page as select * from tpcds.catalog_page distributed randomly;
SELECT 36000
load.02.public.load_catalog_page.sh|2024-03-19 21:41:06|2024-03-19 21:41:49|43
drop table if exists public.load_catalog_page;
DROP TABLE
create table public.load_catalog_page as select * from tpcds.catalog_page distributed randomly;
SELECT 36000
load.02.public.load_catalog_page.sh|2024-03-19 21:41:50|2024-03-19 21:42:02|12
drop table if exists public.load_catalog_page;
DROP TABLE
create table public.load_catalog_page as select * from tpcds.catalog_page distributed randomly;
SELECT 36000
load.02.public.load_catalog_page.sh|2024-03-19 21:42:03|2024-03-19 21:42:10|7
drop table if exists public.load_catalog_page;
DROP TABLE
create table public.load_catalog_page as select * from tpcds.catalog_page distributed randomly;
SELECT 36000
load.02.public.load_catalog_page.sh|2024-03-19 21:42:11|2024-03-19 21:42:21|10
drop table if exists public.load_catalog_page;
DROP TABLE
create table public.load_catalog_page as select * from tpcds.catalog_page distributed randomly;
SELECT 36000
load.02.public.load_catalog_page.sh|2024-03-19 21:42:22|2024-03-19 21:42:28|6
drop table if exists public.load_catalog_page;
DROP TABLE
create table public.load_catalog_page as select * from tpcds.catalog_page distributed randomly;
SELECT 36000
load.02.public.load_catalog_page.sh|2024-03-19 21:42:29|2024-03-19 21:42:39|10
drop table if exists public.load_catalog_page;
DROP TABLE
create table public.load_catalog_page as select * from tpcds.catalog_page distributed randomly;
SELECT 36000
load.02.public.load_catalog_page.sh|2024-03-19 21:42:40|2024-03-19 21:42:54|14
drop table if exists public.load_catalog_page;
DROP TABLE
create table public.load_catalog_page as select * from tpcds.catalog_page distributed randomly;
SELECT 36000
load.02.public.load_catalog_page.sh|2024-03-19 21:42:55|2024-03-19 21:43:35|40
drop table if exists public.load_catalog_page;
DROP TABLE
create table public.load_catalog_page as select * from tpcds.catalog_page distributed randomly;
SELECT 36000
load.02.public.load_catalog_page.sh|2024-03-19 21:43:36|2024-03-19 21:44:16|40
drop table if exists public.load_catalog_page;
DROP TABLE
create table public.load_catalog_page as select * from tpcds.catalog_page distributed randomly;
SELECT 36000
load.02.public.load_catalog_page.sh|2024-03-19 21:44:17|2024-03-19 21:44:41|24
drop table if exists public.load_catalog_page;
DROP TABLE
create table public.load_catalog_page as select * from tpcds.catalog_page distributed randomly;
SELECT 36000
load.02.public.load_catalog_page.sh|2024-03-19 21:44:42|2024-03-19 21:45:15|33
drop table if exists public.load_catalog_page;
DROP TABLE
create table public.load_catalog_page as select * from tpcds.catalog_page distributed randomly;
SELECT 36000
load.02.public.load_catalog_page.sh|2024-03-19 21:45:16|2024-03-19 21:45:54|38
drop table if exists public.load_catalog_page;
DROP TABLE
create table public.load_catalog_page as select * from tpcds.catalog_page distributed randomly;
SELECT 36000
load.02.public.load_catalog_page.sh|2024-03-19 21:45:55|2024-03-19 21:46:15|20
drop table if exists public.load_catalog_page;
DROP TABLE
create table public.load_catalog_page as select * from tpcds.catalog_page distributed randomly;
SELECT 36000
load.02.public.load_catalog_page.sh|2024-03-19 21:46:16|2024-03-19 21:46:34|18
drop table if exists public.load_catalog_page;
DROP TABLE
create table public.load_catalog_page as select * from tpcds.catalog_page distributed randomly;
SELECT 36000
load.02.public.load_catalog_page.sh|2024-03-19 21:46:35|2024-03-19 21:46:48|13
drop table if exists public.load_catalog_page;
DROP TABLE
create table public.load_catalog_page as select * from tpcds.catalog_page distributed randomly;
SELECT 36000
load.02.public.load_catalog_page.sh|2024-03-19 21:46:49|2024-03-19 21:46:59|10
drop table if exists public.load_catalog_page;
DROP TABLE
create table public.load_catalog_page as select * from tpcds.catalog_page distributed randomly;
SELECT 36000
load.02.public.load_catalog_page.sh|2024-03-19 21:47:00|2024-03-19 21:47:11|11
drop table if exists public.load_catalog_page;
DROP TABLE
create table public.load_catalog_page as select * from tpcds.catalog_page distributed randomly;
SELECT 36000
load.02.public.load_catalog_page.sh|2024-03-19 21:47:12|2024-03-19 21:47:17|5
drop table if exists public.load_catalog_page;
DROP TABLE
create table public.load_catalog_page as select * from tpcds.catalog_page distributed randomly;
SELECT 36000
load.02.public.load_catalog_page.sh|2024-03-19 21:47:18|2024-03-19 21:47:35|17
drop table if exists public.load_catalog_page;
DROP TABLE
create table public.load_catalog_page as select * from tpcds.catalog_page distributed randomly;
SELECT 36000
load.02.public.load_catalog_page.sh|2024-03-19 21:47:36|2024-03-19 21:47:57|21
drop table if exists public.load_catalog_page;
DROP TABLE
create table public.load_catalog_page as select * from tpcds.catalog_page distributed randomly;
SELECT 36000
load.02.public.load_catalog_page.sh|2024-03-19 21:47:58|2024-03-19 21:48:22|24
drop table if exists public.load_catalog_page;
DROP TABLE
create table public.load_catalog_page as select * from tpcds.catalog_page distributed randomly;
SELECT 36000
load.02.public.load_catalog_page.sh|2024-03-19 21:48:23|2024-03-19 21:48:53|30
drop table if exists public.load_catalog_page;
DROP TABLE
create table public.load_catalog_page as select * from tpcds.catalog_page distributed randomly;
SELECT 36000
load.02.public.load_catalog_page.sh|2024-03-19 21:48:54|2024-03-19 21:49:08|14
drop table if exists public.load_catalog_page;
DROP TABLE
create table public.load_catalog_page as select * from tpcds.catalog_page distributed randomly;
SELECT 36000
load.02.public.load_catalog_page.sh|2024-03-19 21:49:09|2024-03-19 21:49:16|7
drop table if exists public.load_catalog_page;
DROP TABLE
create table public.load_catalog_page as select * from tpcds.catalog_page distributed randomly;
SELECT 36000
load.02.public.load_catalog_page.sh|2024-03-19 21:49:17|2024-03-19 21:49:33|16
drop table if exists public.load_catalog_page;
DROP TABLE
create table public.load_catalog_page as select * from tpcds.catalog_page distributed randomly;
SELECT 36000
load.02.public.load_catalog_page.sh|2024-03-19 21:49:34|2024-03-19 21:49:44|10
drop table if exists public.load_catalog_page;
DROP TABLE
create table public.load_catalog_page as select * from tpcds.catalog_page distributed randomly;
SELECT 36000
load.02.public.load_catalog_page.sh|2024-03-19 21:49:45|2024-03-19 21:49:55|10
drop table if exists public.load_catalog_page;
DROP TABLE
create table public.load_catalog_page as select * from tpcds.catalog_page distributed randomly;
SELECT 36000
load.02.public.load_catalog_page.sh|2024-03-19 21:49:56|2024-03-19 21:50:05|9
drop table if exists public.load_catalog_page;
DROP TABLE
create table public.load_catalog_page as select * from tpcds.catalog_page distributed randomly;
SELECT 36000
load.02.public.load_catalog_page.sh|2024-03-19 21:50:06|2024-03-19 21:50:35|29
drop table if exists public.load_catalog_page;
DROP TABLE
create table public.load_catalog_page as select * from tpcds.catalog_page distributed randomly;
SELECT 36000
load.02.public.load_catalog_page.sh|2024-03-19 21:50:36|2024-03-19 21:50:53|17
drop table if exists public.load_catalog_page;
DROP TABLE
create table public.load_catalog_page as select * from tpcds.catalog_page distributed randomly;
SELECT 36000
load.02.public.load_catalog_page.sh|2024-03-19 21:50:54|2024-03-19 21:51:09|15
drop table if exists public.load_catalog_page;
DROP TABLE
create table public.load_catalog_page as select * from tpcds.catalog_page distributed randomly;
SELECT 36000
load.02.public.load_catalog_page.sh|2024-03-19 21:51:10|2024-03-19 21:51:25|15
drop table if exists public.load_catalog_page;
DROP TABLE
create table public.load_catalog_page as select * from tpcds.catalog_page distributed randomly;
SELECT 36000
load.02.public.load_catalog_page.sh|2024-03-19 21:51:26|2024-03-19 21:51:34|8
drop table if exists public.load_catalog_page;
DROP TABLE
create table public.load_catalog_page as select * from tpcds.catalog_page distributed randomly;
SELECT 36000
load.02.public.load_catalog_page.sh|2024-03-19 21:51:35|2024-03-19 21:51:43|8
drop table if exists public.load_catalog_page;
DROP TABLE
create table public.load_catalog_page as select * from tpcds.catalog_page distributed randomly;
SELECT 36000
load.02.public.load_catalog_page.sh|2024-03-19 21:51:44|2024-03-19 21:51:52|8
drop table if exists public.load_catalog_page;
DROP TABLE
create table public.load_catalog_page as select * from tpcds.catalog_page distributed randomly;
SELECT 36000
load.02.public.load_catalog_page.sh|2024-03-19 21:51:53|2024-03-19 21:52:08|15
drop table if exists public.load_catalog_page;
DROP TABLE
create table public.load_catalog_page as select * from tpcds.catalog_page distributed randomly;
SELECT 36000
load.02.public.load_catalog_page.sh|2024-03-19 21:52:09|2024-03-19 21:52:34|25
drop table if exists public.load_catalog_page;
DROP TABLE
create table public.load_catalog_page as select * from tpcds.catalog_page distributed randomly;
SELECT 36000
load.02.public.load_catalog_page.sh|2024-03-19 21:52:35|2024-03-19 21:53:11|36
drop table if exists public.load_catalog_page;
DROP TABLE
create table public.load_catalog_page as select * from tpcds.catalog_page distributed randomly;
SELECT 36000
load.02.public.load_catalog_page.sh|2024-03-19 21:53:12|2024-03-19 21:53:41|29
drop table if exists public.load_catalog_page;
DROP TABLE
create table public.load_catalog_page as select * from tpcds.catalog_page distributed randomly;
SELECT 36000
load.02.public.load_catalog_page.sh|2024-03-19 21:53:42|2024-03-19 21:54:11|29
drop table if exists public.load_catalog_page;
DROP TABLE
create table public.load_catalog_page as select * from tpcds.catalog_page distributed randomly;
SELECT 36000
load.02.public.load_catalog_page.sh|2024-03-19 21:54:12|2024-03-19 21:54:34|22
drop table if exists public.load_catalog_page;
DROP TABLE
create table public.load_catalog_page as select * from tpcds.catalog_page distributed randomly;
SELECT 36000
load.02.public.load_catalog_page.sh|2024-03-19 21:54:35|2024-03-19 21:54:51|16
drop table if exists public.load_catalog_page;
DROP TABLE
create table public.load_catalog_page as select * from tpcds.catalog_page distributed randomly;
SELECT 36000
load.02.public.load_catalog_page.sh|2024-03-19 21:54:52|2024-03-19 21:55:05|13
drop table if exists public.load_catalog_page;
DROP TABLE
create table public.load_catalog_page as select * from tpcds.catalog_page distributed randomly;
SELECT 36000
load.02.public.load_catalog_page.sh|2024-03-19 21:55:06|2024-03-19 21:55:28|22
drop table if exists public.load_catalog_page;
DROP TABLE
create table public.load_catalog_page as select * from tpcds.catalog_page distributed randomly;
SELECT 36000
load.02.public.load_catalog_page.sh|2024-03-19 21:55:29|2024-03-19 21:55:35|6
drop table if exists public.load_catalog_page;
DROP TABLE
create table public.load_catalog_page as select * from tpcds.catalog_page distributed randomly;
SELECT 36000
load.02.public.load_catalog_page.sh|2024-03-19 21:55:36|2024-03-19 21:55:50|14
drop table if exists public.load_catalog_page;
DROP TABLE
create table public.load_catalog_page as select * from tpcds.catalog_page distributed randomly;
SELECT 36000
load.02.public.load_catalog_page.sh|2024-03-19 21:55:51|2024-03-19 21:56:03|12
drop table if exists public.load_catalog_page;
DROP TABLE
create table public.load_catalog_page as select * from tpcds.catalog_page distributed randomly;
SELECT 36000
load.02.public.load_catalog_page.sh|2024-03-19 21:56:04|2024-03-19 21:56:39|35
drop table if exists public.load_catalog_page;
DROP TABLE
create table public.load_catalog_page as select * from tpcds.catalog_page distributed randomly;
SELECT 36000
load.02.public.load_catalog_page.sh|2024-03-19 21:56:40|2024-03-19 21:57:05|25
drop table if exists public.load_catalog_page;
DROP TABLE
create table public.load_catalog_page as select * from tpcds.catalog_page distributed randomly;
SELECT 36000
load.02.public.load_catalog_page.sh|2024-03-19 21:57:06|2024-03-19 21:57:42|36
drop table if exists public.load_catalog_page;
DROP TABLE
create table public.load_catalog_page as select * from tpcds.catalog_page distributed randomly;
SELECT 36000
load.02.public.load_catalog_page.sh|2024-03-19 21:57:43|2024-03-19 21:58:39|56
drop table if exists public.load_catalog_page;
DROP TABLE
create table public.load_catalog_page as select * from tpcds.catalog_page distributed randomly;
SELECT 36000
load.02.public.load_catalog_page.sh|2024-03-19 21:58:40|2024-03-19 21:59:27|47
drop table if exists public.load_catalog_page;
DROP TABLE
create table public.load_catalog_page as select * from tpcds.catalog_page distributed randomly;
SELECT 36000
load.02.public.load_catalog_page.sh|2024-03-19 21:59:28|2024-03-19 22:00:16|48
drop table if exists public.load_catalog_page;
DROP TABLE
create table public.load_catalog_page as select * from tpcds.catalog_page distributed randomly;
SELECT 36000
load.02.public.load_catalog_page.sh|2024-03-19 22:00:17|2024-03-19 22:00:42|25
drop table if exists public.load_catalog_page;
DROP TABLE
create table public.load_catalog_page as select * from tpcds.catalog_page distributed randomly;
SELECT 36000
load.02.public.load_catalog_page.sh|2024-03-19 22:00:43|2024-03-19 22:01:04|21
drop table if exists public.load_catalog_page;
DROP TABLE
create table public.load_catalog_page as select * from tpcds.catalog_page distributed randomly;
SELECT 36000
load.02.public.load_catalog_page.sh|2024-03-19 22:01:05|2024-03-19 22:01:39|34
drop table if exists public.load_catalog_page;
DROP TABLE
create table public.load_catalog_page as select * from tpcds.catalog_page distributed randomly;
SELECT 36000
load.02.public.load_catalog_page.sh|2024-03-19 22:01:40|2024-03-19 22:02:12|32
drop table if exists public.load_catalog_page;
DROP TABLE
create table public.load_catalog_page as select * from tpcds.catalog_page distributed randomly;
SELECT 36000
load.02.public.load_catalog_page.sh|2024-03-19 22:02:13|2024-03-19 22:02:33|20
drop table if exists public.load_catalog_page;
DROP TABLE
create table public.load_catalog_page as select * from tpcds.catalog_page distributed randomly;
SELECT 36000
load.02.public.load_catalog_page.sh|2024-03-19 22:02:34|2024-03-19 22:02:57|23
drop table if exists public.load_catalog_page;
DROP TABLE
create table public.load_catalog_page as select * from tpcds.catalog_page distributed randomly;
SELECT 36000
load.02.public.load_catalog_page.sh|2024-03-19 22:02:58|2024-03-19 22:03:24|26
drop table if exists public.load_catalog_page;
DROP TABLE
create table public.load_catalog_page as select * from tpcds.catalog_page distributed randomly;
SELECT 36000
load.02.public.load_catalog_page.sh|2024-03-19 22:03:25|2024-03-19 22:03:45|20
drop table if exists public.load_catalog_page;
DROP TABLE
create table public.load_catalog_page as select * from tpcds.catalog_page distributed randomly;
SELECT 36000
load.02.public.load_catalog_page.sh|2024-03-19 22:03:46|2024-03-19 22:04:17|31
drop table if exists public.load_catalog_page;
DROP TABLE
create table public.load_catalog_page as select * from tpcds.catalog_page distributed randomly;
SELECT 36000
load.02.public.load_catalog_page.sh|2024-03-19 22:04:18|2024-03-19 22:04:35|17
drop table if exists public.load_catalog_page;
DROP TABLE
create table public.load_catalog_page as select * from tpcds.catalog_page distributed randomly;
SELECT 36000
load.02.public.load_catalog_page.sh|2024-03-19 22:04:36|2024-03-19 22:04:47|11
drop table if exists public.load_catalog_page;
DROP TABLE
create table public.load_catalog_page as select * from tpcds.catalog_page distributed randomly;
SELECT 36000
load.02.public.load_catalog_page.sh|2024-03-19 22:04:48|2024-03-19 22:05:02|14
drop table if exists public.load_catalog_page;
DROP TABLE
create table public.load_catalog_page as select * from tpcds.catalog_page distributed randomly;
SELECT 36000
load.02.public.load_catalog_page.sh|2024-03-19 22:05:03|2024-03-19 22:05:53|50
drop table if exists public.load_catalog_page;
DROP TABLE
create table public.load_catalog_page as select * from tpcds.catalog_page distributed randomly;
SELECT 36000
load.02.public.load_catalog_page.sh|2024-03-19 22:05:54|2024-03-19 22:06:29|35
drop table if exists public.load_catalog_page;
DROP TABLE
create table public.load_catalog_page as select * from tpcds.catalog_page distributed randomly;
SELECT 36000
load.02.public.load_catalog_page.sh|2024-03-19 22:06:30|2024-03-19 22:06:50|20
drop table if exists public.load_catalog_page;
DROP TABLE
create table public.load_catalog_page as select * from tpcds.catalog_page distributed randomly;
SELECT 36000
load.02.public.load_catalog_page.sh|2024-03-19 22:06:51|2024-03-19 22:07:18|27
drop table if exists public.load_catalog_page;
DROP TABLE
create table public.load_catalog_page as select * from tpcds.catalog_page distributed randomly;
SELECT 36000
load.02.public.load_catalog_page.sh|2024-03-19 22:07:19|2024-03-19 22:07:32|13
drop table if exists public.load_catalog_page;
DROP TABLE
create table public.load_catalog_page as select * from tpcds.catalog_page distributed randomly;
SELECT 36000
load.02.public.load_catalog_page.sh|2024-03-19 22:07:33|2024-03-19 22:07:51|18
drop table if exists public.load_catalog_page;
DROP TABLE
create table public.load_catalog_page as select * from tpcds.catalog_page distributed randomly;
SELECT 36000
load.02.public.load_catalog_page.sh|2024-03-19 22:07:52|2024-03-19 22:08:07|15
drop table if exists public.load_catalog_page;
DROP TABLE
create table public.load_catalog_page as select * from tpcds.catalog_page distributed randomly;
SELECT 36000
load.02.public.load_catalog_page.sh|2024-03-19 22:08:08|2024-03-19 22:08:36|28
drop table if exists public.load_catalog_page;
DROP TABLE
create table public.load_catalog_page as select * from tpcds.catalog_page distributed randomly;
SELECT 36000
load.02.public.load_catalog_page.sh|2024-03-19 22:08:37|2024-03-19 22:08:42|5
drop table if exists public.load_catalog_page;
DROP TABLE
create table public.load_catalog_page as select * from tpcds.catalog_page distributed randomly;
SELECT 36000
load.02.public.load_catalog_page.sh|2024-03-19 22:08:43|2024-03-19 22:08:58|15
drop table if exists public.load_catalog_page;
DROP TABLE
create table public.load_catalog_page as select * from tpcds.catalog_page distributed randomly;
SELECT 36000
load.02.public.load_catalog_page.sh|2024-03-19 22:08:59|2024-03-19 22:09:16|17
drop table if exists public.load_catalog_page;
DROP TABLE
create table public.load_catalog_page as select * from tpcds.catalog_page distributed randomly;
SELECT 36000
load.02.public.load_catalog_page.sh|2024-03-19 22:09:17|2024-03-19 22:09:34|17
drop table if exists public.load_catalog_page;
DROP TABLE
create table public.load_catalog_page as select * from tpcds.catalog_page distributed randomly;
SELECT 36000
load.02.public.load_catalog_page.sh|2024-03-19 22:09:35|2024-03-19 22:09:47|12
drop table if exists public.load_catalog_page;
DROP TABLE
create table public.load_catalog_page as select * from tpcds.catalog_page distributed randomly;
SELECT 36000
load.02.public.load_catalog_page.sh|2024-03-19 22:09:48|2024-03-19 22:09:56|8
drop table if exists public.load_catalog_page;
DROP TABLE
create table public.load_catalog_page as select * from tpcds.catalog_page distributed randomly;
SELECT 36000
load.02.public.load_catalog_page.sh|2024-03-19 22:09:57|2024-03-19 22:10:07|10
drop table if exists public.load_catalog_page;
DROP TABLE
create table public.load_catalog_page as select * from tpcds.catalog_page distributed randomly;
SELECT 36000
load.02.public.load_catalog_page.sh|2024-03-19 22:10:08|2024-03-19 22:10:36|28
drop table if exists public.load_catalog_page;
DROP TABLE
create table public.load_catalog_page as select * from tpcds.catalog_page distributed randomly;
SELECT 36000
load.02.public.load_catalog_page.sh|2024-03-19 22:10:37|2024-03-19 22:11:02|25
drop table if exists public.load_catalog_page;
DROP TABLE
create table public.load_catalog_page as select * from tpcds.catalog_page distributed randomly;
SELECT 36000
load.02.public.load_catalog_page.sh|2024-03-19 22:11:03|2024-03-19 22:11:19|16
drop table if exists public.load_catalog_page;
DROP TABLE
create table public.load_catalog_page as select * from tpcds.catalog_page distributed randomly;
SELECT 36000
load.02.public.load_catalog_page.sh|2024-03-19 22:11:20|2024-03-19 22:11:28|8
drop table if exists public.load_catalog_page;
DROP TABLE
create table public.load_catalog_page as select * from tpcds.catalog_page distributed randomly;
SELECT 36000
load.02.public.load_catalog_page.sh|2024-03-19 22:11:29|2024-03-19 22:12:03|34
drop table if exists public.load_catalog_page;
DROP TABLE
create table public.load_catalog_page as select * from tpcds.catalog_page distributed randomly;
SELECT 36000
load.02.public.load_catalog_page.sh|2024-03-19 22:12:04|2024-03-19 22:12:35|31
drop table if exists public.load_catalog_page;
DROP TABLE
create table public.load_catalog_page as select * from tpcds.catalog_page distributed randomly;
SELECT 36000
load.02.public.load_catalog_page.sh|2024-03-19 22:12:36|2024-03-19 22:13:00|24
drop table if exists public.load_catalog_page;
DROP TABLE
create table public.load_catalog_page as select * from tpcds.catalog_page distributed randomly;
SELECT 36000
load.02.public.load_catalog_page.sh|2024-03-19 22:13:01|2024-03-19 22:13:26|25
drop table if exists public.load_catalog_page;
DROP TABLE
create table public.load_catalog_page as select * from tpcds.catalog_page distributed randomly;
SELECT 36000
load.02.public.load_catalog_page.sh|2024-03-19 22:13:27|2024-03-19 22:14:01|34
drop table if exists public.load_catalog_page;
DROP TABLE
create table public.load_catalog_page as select * from tpcds.catalog_page distributed randomly;
SELECT 36000
load.02.public.load_catalog_page.sh|2024-03-19 22:14:02|2024-03-19 22:14:24|22
drop table if exists public.load_catalog_page;
DROP TABLE
create table public.load_catalog_page as select * from tpcds.catalog_page distributed randomly;
SELECT 36000
load.02.public.load_catalog_page.sh|2024-03-19 22:14:25|2024-03-19 22:14:41|16
drop table if exists public.load_catalog_page;
DROP TABLE
create table public.load_catalog_page as select * from tpcds.catalog_page distributed randomly;
SELECT 36000
load.02.public.load_catalog_page.sh|2024-03-19 22:14:42|2024-03-19 22:15:05|23
drop table if exists public.load_catalog_page;
DROP TABLE
create table public.load_catalog_page as select * from tpcds.catalog_page distributed randomly;
SELECT 36000
load.02.public.load_catalog_page.sh|2024-03-19 22:15:06|2024-03-19 22:15:21|15
drop table if exists public.load_catalog_page;
DROP TABLE
create table public.load_catalog_page as select * from tpcds.catalog_page distributed randomly;
SELECT 36000
load.02.public.load_catalog_page.sh|2024-03-19 22:15:22|2024-03-19 22:15:34|12
drop table if exists public.load_catalog_page;
DROP TABLE
create table public.load_catalog_page as select * from tpcds.catalog_page distributed randomly;
SELECT 36000
load.02.public.load_catalog_page.sh|2024-03-19 22:15:35|2024-03-19 22:15:53|18
drop table if exists public.load_catalog_page;
DROP TABLE
create table public.load_catalog_page as select * from tpcds.catalog_page distributed randomly;
SELECT 36000
load.02.public.load_catalog_page.sh|2024-03-19 22:15:54|2024-03-19 22:16:13|19
drop table if exists public.load_catalog_page;
DROP TABLE
create table public.load_catalog_page as select * from tpcds.catalog_page distributed randomly;
SELECT 36000
load.02.public.load_catalog_page.sh|2024-03-19 22:16:14|2024-03-19 22:16:37|23
drop table if exists public.load_catalog_page;
DROP TABLE
create table public.load_catalog_page as select * from tpcds.catalog_page distributed randomly;
SELECT 36000
load.02.public.load_catalog_page.sh|2024-03-19 22:16:38|2024-03-19 22:16:55|17
drop table if exists public.load_catalog_page;
DROP TABLE
create table public.load_catalog_page as select * from tpcds.catalog_page distributed randomly;
SELECT 36000
load.02.public.load_catalog_page.sh|2024-03-19 22:16:56|2024-03-19 22:17:19|23
drop table if exists public.load_catalog_page;
DROP TABLE
create table public.load_catalog_page as select * from tpcds.catalog_page distributed randomly;
SELECT 36000
load.02.public.load_catalog_page.sh|2024-03-19 22:17:20|2024-03-19 22:17:40|20
drop table if exists public.load_catalog_page;
DROP TABLE
create table public.load_catalog_page as select * from tpcds.catalog_page distributed randomly;
SELECT 36000
load.02.public.load_catalog_page.sh|2024-03-19 22:17:41|2024-03-19 22:18:03|22
drop table if exists public.load_catalog_page;
DROP TABLE
create table public.load_catalog_page as select * from tpcds.catalog_page distributed randomly;
SELECT 36000
load.02.public.load_catalog_page.sh|2024-03-19 22:18:04|2024-03-19 22:18:18|14
drop table if exists public.load_catalog_page;
DROP TABLE
create table public.load_catalog_page as select * from tpcds.catalog_page distributed randomly;
SELECT 36000
load.02.public.load_catalog_page.sh|2024-03-19 22:18:19|2024-03-19 22:18:37|18
drop table if exists public.load_catalog_page;
DROP TABLE
create table public.load_catalog_page as select * from tpcds.catalog_page distributed randomly;
SELECT 36000
load.02.public.load_catalog_page.sh|2024-03-19 22:18:38|2024-03-19 22:18:56|18
drop table if exists public.load_catalog_page;
DROP TABLE
create table public.load_catalog_page as select * from tpcds.catalog_page distributed randomly;
SELECT 36000
load.02.public.load_catalog_page.sh|2024-03-19 22:18:57|2024-03-19 22:19:13|16
drop table if exists public.load_catalog_page;
DROP TABLE
create table public.load_catalog_page as select * from tpcds.catalog_page distributed randomly;
SELECT 36000
load.02.public.load_catalog_page.sh|2024-03-19 22:19:14|2024-03-19 22:19:29|15
drop table if exists public.load_catalog_page;
DROP TABLE
create table public.load_catalog_page as select * from tpcds.catalog_page distributed randomly;
SELECT 36000
load.02.public.load_catalog_page.sh|2024-03-19 22:19:30|2024-03-19 22:19:48|18
drop table if exists public.load_catalog_page;
DROP TABLE
create table public.load_catalog_page as select * from tpcds.catalog_page distributed randomly;
SELECT 36000
load.02.public.load_catalog_page.sh|2024-03-19 22:19:49|2024-03-19 22:20:07|18
drop table if exists public.load_catalog_page;
DROP TABLE
create table public.load_catalog_page as select * from tpcds.catalog_page distributed randomly;
SELECT 36000
load.02.public.load_catalog_page.sh|2024-03-19 22:20:08|2024-03-19 22:20:37|29
drop table if exists public.load_catalog_page;
DROP TABLE
create table public.load_catalog_page as select * from tpcds.catalog_page distributed randomly;
SELECT 36000
load.02.public.load_catalog_page.sh|2024-03-19 22:20:38|2024-03-19 22:21:10|32
drop table if exists public.load_catalog_page;
DROP TABLE
create table public.load_catalog_page as select * from tpcds.catalog_page distributed randomly;
SELECT 36000
load.02.public.load_catalog_page.sh|2024-03-19 22:21:11|2024-03-19 22:21:39|28
drop table if exists public.load_catalog_page;
DROP TABLE
create table public.load_catalog_page as select * from tpcds.catalog_page distributed randomly;
SELECT 36000
load.02.public.load_catalog_page.sh|2024-03-19 22:21:40|2024-03-19 22:22:18|38
drop table if exists public.load_catalog_page;
DROP TABLE
create table public.load_catalog_page as select * from tpcds.catalog_page distributed randomly;
SELECT 36000
load.02.public.load_catalog_page.sh|2024-03-19 22:22:19|2024-03-19 22:22:38|19
drop table if exists public.load_catalog_page;
DROP TABLE
create table public.load_catalog_page as select * from tpcds.catalog_page distributed randomly;
SELECT 36000
load.02.public.load_catalog_page.sh|2024-03-19 22:22:39|2024-03-19 22:22:51|12
drop table if exists public.load_catalog_page;
DROP TABLE
create table public.load_catalog_page as select * from tpcds.catalog_page distributed randomly;
SELECT 36000
load.02.public.load_catalog_page.sh|2024-03-19 22:22:52|2024-03-19 22:23:23|31
drop table if exists public.load_catalog_page;
DROP TABLE
create table public.load_catalog_page as select * from tpcds.catalog_page distributed randomly;
SELECT 36000
load.02.public.load_catalog_page.sh|2024-03-19 22:23:24|2024-03-19 22:23:38|14
drop table if exists public.load_catalog_page;
DROP TABLE
create table public.load_catalog_page as select * from tpcds.catalog_page distributed randomly;
SELECT 36000
load.02.public.load_catalog_page.sh|2024-03-19 22:23:39|2024-03-19 22:24:09|30
drop table if exists public.load_catalog_page;
DROP TABLE
create table public.load_catalog_page as select * from tpcds.catalog_page distributed randomly;
SELECT 36000
load.02.public.load_catalog_page.sh|2024-03-19 22:24:10|2024-03-19 22:24:29|19
drop table if exists public.load_catalog_page;
DROP TABLE
create table public.load_catalog_page as select * from tpcds.catalog_page distributed randomly;
SELECT 36000
load.02.public.load_catalog_page.sh|2024-03-19 22:24:30|2024-03-19 22:24:44|14
drop table if exists public.load_catalog_page;
DROP TABLE
create table public.load_catalog_page as select * from tpcds.catalog_page distributed randomly;
SELECT 36000
load.02.public.load_catalog_page.sh|2024-03-19 22:24:45|2024-03-19 22:24:55|10
drop table if exists public.load_catalog_page;
DROP TABLE
create table public.load_catalog_page as select * from tpcds.catalog_page distributed randomly;
SELECT 36000
load.02.public.load_catalog_page.sh|2024-03-19 22:24:56|2024-03-19 22:25:32|36
drop table if exists public.load_catalog_page;
DROP TABLE
create table public.load_catalog_page as select * from tpcds.catalog_page distributed randomly;
SELECT 36000
load.02.public.load_catalog_page.sh|2024-03-19 22:25:33|2024-03-19 22:25:54|21
drop table if exists public.load_catalog_page;
DROP TABLE
create table public.load_catalog_page as select * from tpcds.catalog_page distributed randomly;
SELECT 36000
load.02.public.load_catalog_page.sh|2024-03-19 22:25:55|2024-03-19 22:26:29|34
drop table if exists public.load_catalog_page;
DROP TABLE
create table public.load_catalog_page as select * from tpcds.catalog_page distributed randomly;
SELECT 36000
load.02.public.load_catalog_page.sh|2024-03-19 22:26:30|2024-03-19 22:26:40|10
drop table if exists public.load_catalog_page;
DROP TABLE
create table public.load_catalog_page as select * from tpcds.catalog_page distributed randomly;
SELECT 36000
load.02.public.load_catalog_page.sh|2024-03-19 22:26:41|2024-03-19 22:27:00|19
drop table if exists public.load_catalog_page;
DROP TABLE
create table public.load_catalog_page as select * from tpcds.catalog_page distributed randomly;
SELECT 36000
load.02.public.load_catalog_page.sh|2024-03-19 22:27:01|2024-03-19 22:27:14|13
drop table if exists public.load_catalog_page;
DROP TABLE
create table public.load_catalog_page as select * from tpcds.catalog_page distributed randomly;
SELECT 36000
load.02.public.load_catalog_page.sh|2024-03-19 22:27:15|2024-03-19 22:27:29|14
drop table if exists public.load_catalog_page;
DROP TABLE
create table public.load_catalog_page as select * from tpcds.catalog_page distributed randomly;
SELECT 36000
load.02.public.load_catalog_page.sh|2024-03-19 22:27:30|2024-03-19 22:27:46|16
drop table if exists public.load_catalog_page;
DROP TABLE
create table public.load_catalog_page as select * from tpcds.catalog_page distributed randomly;
SELECT 36000
load.02.public.load_catalog_page.sh|2024-03-19 22:27:47|2024-03-19 22:28:17|30
drop table if exists public.load_catalog_page;
DROP TABLE
create table public.load_catalog_page as select * from tpcds.catalog_page distributed randomly;
SELECT 36000
load.02.public.load_catalog_page.sh|2024-03-19 22:28:18|2024-03-19 22:28:40|22
drop table if exists public.load_catalog_page;
DROP TABLE
create table public.load_catalog_page as select * from tpcds.catalog_page distributed randomly;
SELECT 36000
load.02.public.load_catalog_page.sh|2024-03-19 22:28:41|2024-03-19 22:28:56|15
drop table if exists public.load_catalog_page;
DROP TABLE
create table public.load_catalog_page as select * from tpcds.catalog_page distributed randomly;
SELECT 36000
load.02.public.load_catalog_page.sh|2024-03-19 22:28:57|2024-03-19 22:29:29|32
drop table if exists public.load_catalog_page;
DROP TABLE
create table public.load_catalog_page as select * from tpcds.catalog_page distributed randomly;
SELECT 36000
load.02.public.load_catalog_page.sh|2024-03-19 22:29:30|2024-03-19 22:29:55|25
drop table if exists public.load_catalog_page;
DROP TABLE
create table public.load_catalog_page as select * from tpcds.catalog_page distributed randomly;
SELECT 36000
load.02.public.load_catalog_page.sh|2024-03-19 22:29:56|2024-03-19 22:30:05|9
drop table if exists public.load_catalog_page;
DROP TABLE
create table public.load_catalog_page as select * from tpcds.catalog_page distributed randomly;
SELECT 36000
load.02.public.load_catalog_page.sh|2024-03-19 22:30:06|2024-03-19 22:30:59|53
drop table if exists public.load_catalog_page;
DROP TABLE
create table public.load_catalog_page as select * from tpcds.catalog_page distributed randomly;
SELECT 36000
load.02.public.load_catalog_page.sh|2024-03-19 22:31:00|2024-03-19 22:31:32|32
drop table if exists public.load_catalog_page;
DROP TABLE
create table public.load_catalog_page as select * from tpcds.catalog_page distributed randomly;
SELECT 36000
load.02.public.load_catalog_page.sh|2024-03-19 22:31:33|2024-03-19 22:31:55|22
drop table if exists public.load_catalog_page;
DROP TABLE
create table public.load_catalog_page as select * from tpcds.catalog_page distributed randomly;
SELECT 36000
load.02.public.load_catalog_page.sh|2024-03-19 22:31:56|2024-03-19 22:32:16|20
drop table if exists public.load_catalog_page;
DROP TABLE
create table public.load_catalog_page as select * from tpcds.catalog_page distributed randomly;
SELECT 36000
load.02.public.load_catalog_page.sh|2024-03-19 22:32:17|2024-03-19 22:32:25|8
drop table if exists public.load_catalog_page;
DROP TABLE
create table public.load_catalog_page as select * from tpcds.catalog_page distributed randomly;
SELECT 36000
load.02.public.load_catalog_page.sh|2024-03-19 22:32:26|2024-03-19 22:32:41|15
drop table if exists public.load_catalog_page;
DROP TABLE
create table public.load_catalog_page as select * from tpcds.catalog_page distributed randomly;
SELECT 36000
load.02.public.load_catalog_page.sh|2024-03-19 22:32:42|2024-03-19 22:32:54|12
drop table if exists public.load_catalog_page;
DROP TABLE
create table public.load_catalog_page as select * from tpcds.catalog_page distributed randomly;
SELECT 36000
load.02.public.load_catalog_page.sh|2024-03-19 22:32:55|2024-03-19 22:33:17|22
drop table if exists public.load_catalog_page;
DROP TABLE
create table public.load_catalog_page as select * from tpcds.catalog_page distributed randomly;
SELECT 36000
load.02.public.load_catalog_page.sh|2024-03-19 22:33:18|2024-03-19 22:33:29|11
drop table if exists public.load_catalog_page;
DROP TABLE
create table public.load_catalog_page as select * from tpcds.catalog_page distributed randomly;
SELECT 36000
load.02.public.load_catalog_page.sh|2024-03-19 22:33:30|2024-03-19 22:33:35|5
drop table if exists public.load_catalog_page;
DROP TABLE
create table public.load_catalog_page as select * from tpcds.catalog_page distributed randomly;
SELECT 36000
load.02.public.load_catalog_page.sh|2024-03-19 22:33:36|2024-03-19 22:33:50|14
drop table if exists public.load_catalog_page;
DROP TABLE
create table public.load_catalog_page as select * from tpcds.catalog_page distributed randomly;
SELECT 36000
load.02.public.load_catalog_page.sh|2024-03-19 22:33:51|2024-03-19 22:33:58|7
drop table if exists public.load_catalog_page;
DROP TABLE
create table public.load_catalog_page as select * from tpcds.catalog_page distributed randomly;
SELECT 36000
load.02.public.load_catalog_page.sh|2024-03-19 22:33:59|2024-03-19 22:34:18|19
drop table if exists public.load_catalog_page;
DROP TABLE
create table public.load_catalog_page as select * from tpcds.catalog_page distributed randomly;
SELECT 36000
load.02.public.load_catalog_page.sh|2024-03-19 22:34:19|2024-03-19 22:34:28|9
drop table if exists public.load_catalog_page;
DROP TABLE
create table public.load_catalog_page as select * from tpcds.catalog_page distributed randomly;
SELECT 36000
load.02.public.load_catalog_page.sh|2024-03-19 22:34:29|2024-03-19 22:34:38|9
drop table if exists public.load_catalog_page;
DROP TABLE
create table public.load_catalog_page as select * from tpcds.catalog_page distributed randomly;
SELECT 36000
load.02.public.load_catalog_page.sh|2024-03-19 22:34:39|2024-03-19 22:34:43|4
drop table if exists public.load_catalog_page;
DROP TABLE
create table public.load_catalog_page as select * from tpcds.catalog_page distributed randomly;
SELECT 36000
load.02.public.load_catalog_page.sh|2024-03-19 22:34:44|2024-03-19 22:34:52|8
drop table if exists public.load_catalog_page;
DROP TABLE
create table public.load_catalog_page as select * from tpcds.catalog_page distributed randomly;
SELECT 36000
load.02.public.load_catalog_page.sh|2024-03-19 22:34:53|2024-03-19 22:35:19|26
drop table if exists public.load_catalog_page;
DROP TABLE
create table public.load_catalog_page as select * from tpcds.catalog_page distributed randomly;
SELECT 36000
load.02.public.load_catalog_page.sh|2024-03-19 22:35:20|2024-03-19 22:35:42|22
drop table if exists public.load_catalog_page;
DROP TABLE
create table public.load_catalog_page as select * from tpcds.catalog_page distributed randomly;
SELECT 36000
load.02.public.load_catalog_page.sh|2024-03-19 22:35:43|2024-03-19 22:36:20|37
drop table if exists public.load_catalog_page;
DROP TABLE
create table public.load_catalog_page as select * from tpcds.catalog_page distributed randomly;
SELECT 36000
load.02.public.load_catalog_page.sh|2024-03-19 22:36:21|2024-03-19 22:36:36|15
drop table if exists public.load_catalog_page;
DROP TABLE
create table public.load_catalog_page as select * from tpcds.catalog_page distributed randomly;
SELECT 36000
load.02.public.load_catalog_page.sh|2024-03-19 22:36:37|2024-03-19 22:37:05|28
drop table if exists public.load_catalog_page;
DROP TABLE
create table public.load_catalog_page as select * from tpcds.catalog_page distributed randomly;
SELECT 36000
load.02.public.load_catalog_page.sh|2024-03-19 22:37:06|2024-03-19 22:37:35|29
drop table if exists public.load_catalog_page;
DROP TABLE
create table public.load_catalog_page as select * from tpcds.catalog_page distributed randomly;
SELECT 36000
load.02.public.load_catalog_page.sh|2024-03-19 22:37:36|2024-03-19 22:38:08|32
drop table if exists public.load_catalog_page;
DROP TABLE
create table public.load_catalog_page as select * from tpcds.catalog_page distributed randomly;
SELECT 36000
load.02.public.load_catalog_page.sh|2024-03-19 22:38:09|2024-03-19 22:38:25|16
drop table if exists public.load_catalog_page;
DROP TABLE
create table public.load_catalog_page as select * from tpcds.catalog_page distributed randomly;
SELECT 36000
load.02.public.load_catalog_page.sh|2024-03-19 22:38:26|2024-03-19 22:38:46|20
drop table if exists public.load_catalog_page;
DROP TABLE
create table public.load_catalog_page as select * from tpcds.catalog_page distributed randomly;
SELECT 36000
load.02.public.load_catalog_page.sh|2024-03-19 22:38:47|2024-03-19 22:39:16|29
drop table if exists public.load_catalog_page;
DROP TABLE
create table public.load_catalog_page as select * from tpcds.catalog_page distributed randomly;
SELECT 36000
load.02.public.load_catalog_page.sh|2024-03-19 22:39:17|2024-03-19 22:39:30|13
drop table if exists public.load_catalog_page;
DROP TABLE
create table public.load_catalog_page as select * from tpcds.catalog_page distributed randomly;
SELECT 36000
load.02.public.load_catalog_page.sh|2024-03-19 22:39:31|2024-03-19 22:39:50|19
drop table if exists public.load_catalog_page;
DROP TABLE
create table public.load_catalog_page as select * from tpcds.catalog_page distributed randomly;
SELECT 36000
load.02.public.load_catalog_page.sh|2024-03-19 22:39:51|2024-03-19 22:40:01|10
drop table if exists public.load_catalog_page;
DROP TABLE
create table public.load_catalog_page as select * from tpcds.catalog_page distributed randomly;
SELECT 36000
load.02.public.load_catalog_page.sh|2024-03-19 22:40:02|2024-03-19 22:40:18|16
drop table if exists public.load_catalog_page;
DROP TABLE
create table public.load_catalog_page as select * from tpcds.catalog_page distributed randomly;
SELECT 36000
load.02.public.load_catalog_page.sh|2024-03-19 22:40:19|2024-03-19 22:41:18|59
drop table if exists public.load_catalog_page;
DROP TABLE
create table public.load_catalog_page as select * from tpcds.catalog_page distributed randomly;
SELECT 36000
load.02.public.load_catalog_page.sh|2024-03-19 22:41:19|2024-03-19 22:41:52|33
drop table if exists public.load_catalog_page;
DROP TABLE
create table public.load_catalog_page as select * from tpcds.catalog_page distributed randomly;
SELECT 36000
load.02.public.load_catalog_page.sh|2024-03-19 22:41:53|2024-03-19 22:42:09|16
drop table if exists public.load_catalog_page;
DROP TABLE
create table public.load_catalog_page as select * from tpcds.catalog_page distributed randomly;
SELECT 36000
load.02.public.load_catalog_page.sh|2024-03-19 22:42:10|2024-03-19 22:42:52|42
drop table if exists public.load_catalog_page;
DROP TABLE
create table public.load_catalog_page as select * from tpcds.catalog_page distributed randomly;
SELECT 36000
load.02.public.load_catalog_page.sh|2024-03-19 22:42:53|2024-03-19 22:43:18|25
drop table if exists public.load_catalog_page;
DROP TABLE
create table public.load_catalog_page as select * from tpcds.catalog_page distributed randomly;
SELECT 36000
load.02.public.load_catalog_page.sh|2024-03-19 22:43:19|2024-03-19 22:43:34|15
drop table if exists public.load_catalog_page;
DROP TABLE
create table public.load_catalog_page as select * from tpcds.catalog_page distributed randomly;
SELECT 36000
load.02.public.load_catalog_page.sh|2024-03-19 22:43:36|2024-03-19 22:44:02|26
drop table if exists public.load_catalog_page;
DROP TABLE
create table public.load_catalog_page as select * from tpcds.catalog_page distributed randomly;
SELECT 36000
load.02.public.load_catalog_page.sh|2024-03-19 22:44:03|2024-03-19 22:44:28|25
drop table if exists public.load_catalog_page;
DROP TABLE
create table public.load_catalog_page as select * from tpcds.catalog_page distributed randomly;
SELECT 36000
load.02.public.load_catalog_page.sh|2024-03-19 22:44:29|2024-03-19 22:44:43|14
drop table if exists public.load_catalog_page;
DROP TABLE
create table public.load_catalog_page as select * from tpcds.catalog_page distributed randomly;
SELECT 36000
load.02.public.load_catalog_page.sh|2024-03-19 22:44:44|2024-03-19 22:44:58|14
drop table if exists public.load_catalog_page;
DROP TABLE
create table public.load_catalog_page as select * from tpcds.catalog_page distributed randomly;
SELECT 36000
load.02.public.load_catalog_page.sh|2024-03-19 22:44:59|2024-03-19 22:45:18|19
drop table if exists public.load_catalog_page;
DROP TABLE
create table public.load_catalog_page as select * from tpcds.catalog_page distributed randomly;
SELECT 36000
load.02.public.load_catalog_page.sh|2024-03-19 22:45:19|2024-03-19 22:45:36|17
drop table if exists public.load_catalog_page;
DROP TABLE
create table public.load_catalog_page as select * from tpcds.catalog_page distributed randomly;
SELECT 36000
load.02.public.load_catalog_page.sh|2024-03-19 22:45:37|2024-03-19 22:46:09|32
drop table if exists public.load_catalog_page;
DROP TABLE
create table public.load_catalog_page as select * from tpcds.catalog_page distributed randomly;
SELECT 36000
load.02.public.load_catalog_page.sh|2024-03-19 22:46:10|2024-03-19 22:46:33|23
drop table if exists public.load_catalog_page;
DROP TABLE
create table public.load_catalog_page as select * from tpcds.catalog_page distributed randomly;
SELECT 36000
load.02.public.load_catalog_page.sh|2024-03-19 22:46:34|2024-03-19 22:46:43|9
drop table if exists public.load_catalog_page;
DROP TABLE
create table public.load_catalog_page as select * from tpcds.catalog_page distributed randomly;
SELECT 36000
load.02.public.load_catalog_page.sh|2024-03-19 22:46:44|2024-03-19 22:47:02|18
drop table if exists public.load_catalog_page;
DROP TABLE
create table public.load_catalog_page as select * from tpcds.catalog_page distributed randomly;
SELECT 36000
load.02.public.load_catalog_page.sh|2024-03-19 22:47:03|2024-03-19 22:47:20|17
drop table if exists public.load_catalog_page;
DROP TABLE
create table public.load_catalog_page as select * from tpcds.catalog_page distributed randomly;
SELECT 36000
load.02.public.load_catalog_page.sh|2024-03-19 22:47:21|2024-03-19 22:47:34|13
drop table if exists public.load_catalog_page;
DROP TABLE
create table public.load_catalog_page as select * from tpcds.catalog_page distributed randomly;
SELECT 36000
load.02.public.load_catalog_page.sh|2024-03-19 22:47:35|2024-03-19 22:47:47|12
drop table if exists public.load_catalog_page;
DROP TABLE
create table public.load_catalog_page as select * from tpcds.catalog_page distributed randomly;
SELECT 36000
load.02.public.load_catalog_page.sh|2024-03-19 22:47:48|2024-03-19 22:48:08|20
drop table if exists public.load_catalog_page;
DROP TABLE
create table public.load_catalog_page as select * from tpcds.catalog_page distributed randomly;
SELECT 36000
load.02.public.load_catalog_page.sh|2024-03-19 22:48:09|2024-03-19 22:48:20|11
drop table if exists public.load_catalog_page;
DROP TABLE
create table public.load_catalog_page as select * from tpcds.catalog_page distributed randomly;
SELECT 36000
load.02.public.load_catalog_page.sh|2024-03-19 22:48:21|2024-03-19 22:48:46|25
drop table if exists public.load_catalog_page;
DROP TABLE
create table public.load_catalog_page as select * from tpcds.catalog_page distributed randomly;
SELECT 36000
load.02.public.load_catalog_page.sh|2024-03-19 22:48:47|2024-03-19 22:49:26|39
drop table if exists public.load_catalog_page;
DROP TABLE
create table public.load_catalog_page as select * from tpcds.catalog_page distributed randomly;
SELECT 36000
load.02.public.load_catalog_page.sh|2024-03-19 22:49:27|2024-03-19 22:50:19|52
drop table if exists public.load_catalog_page;
DROP TABLE
create table public.load_catalog_page as select * from tpcds.catalog_page distributed randomly;
SELECT 36000
load.02.public.load_catalog_page.sh|2024-03-19 22:50:20|2024-03-19 22:50:55|35
drop table if exists public.load_catalog_page;
DROP TABLE
create table public.load_catalog_page as select * from tpcds.catalog_page distributed randomly;
SELECT 36000
load.02.public.load_catalog_page.sh|2024-03-19 22:50:56|2024-03-19 22:51:31|35
drop table if exists public.load_catalog_page;
DROP TABLE
create table public.load_catalog_page as select * from tpcds.catalog_page distributed randomly;
SELECT 36000
load.02.public.load_catalog_page.sh|2024-03-19 22:51:32|2024-03-19 22:51:53|21
drop table if exists public.load_catalog_page;
DROP TABLE
create table public.load_catalog_page as select * from tpcds.catalog_page distributed randomly;
SELECT 36000
load.02.public.load_catalog_page.sh|2024-03-19 22:51:54|2024-03-19 22:52:22|28
drop table if exists public.load_catalog_page;
DROP TABLE
create table public.load_catalog_page as select * from tpcds.catalog_page distributed randomly;
SELECT 36000
load.02.public.load_catalog_page.sh|2024-03-19 22:52:23|2024-03-19 22:52:43|20
drop table if exists public.load_catalog_page;
DROP TABLE
create table public.load_catalog_page as select * from tpcds.catalog_page distributed randomly;
SELECT 36000
load.02.public.load_catalog_page.sh|2024-03-19 22:52:44|2024-03-19 22:52:58|14
drop table if exists public.load_catalog_page;
DROP TABLE
create table public.load_catalog_page as select * from tpcds.catalog_page distributed randomly;
SELECT 36000
load.02.public.load_catalog_page.sh|2024-03-19 22:52:59|2024-03-19 22:53:04|5
drop table if exists public.load_catalog_page;
DROP TABLE
create table public.load_catalog_page as select * from tpcds.catalog_page distributed randomly;
SELECT 36000
load.02.public.load_catalog_page.sh|2024-03-19 22:53:05|2024-03-19 22:53:14|9
drop table if exists public.load_catalog_page;
DROP TABLE
create table public.load_catalog_page as select * from tpcds.catalog_page distributed randomly;
SELECT 36000
load.02.public.load_catalog_page.sh|2024-03-19 22:53:15|2024-03-19 22:53:29|14
drop table if exists public.load_catalog_page;
DROP TABLE
create table public.load_catalog_page as select * from tpcds.catalog_page distributed randomly;
SELECT 36000
load.02.public.load_catalog_page.sh|2024-03-19 22:53:30|2024-03-19 22:53:56|26
drop table if exists public.load_catalog_page;
DROP TABLE
create table public.load_catalog_page as select * from tpcds.catalog_page distributed randomly;
SELECT 36000
load.02.public.load_catalog_page.sh|2024-03-19 22:53:57|2024-03-19 22:54:09|12
drop table if exists public.load_catalog_page;
DROP TABLE
create table public.load_catalog_page as select * from tpcds.catalog_page distributed randomly;
SELECT 36000
load.02.public.load_catalog_page.sh|2024-03-19 22:54:10|2024-03-19 22:54:21|11
drop table if exists public.load_catalog_page;
DROP TABLE
create table public.load_catalog_page as select * from tpcds.catalog_page distributed randomly;
SELECT 36000
load.02.public.load_catalog_page.sh|2024-03-19 22:54:22|2024-03-19 22:54:33|11
drop table if exists public.load_catalog_page;
DROP TABLE
create table public.load_catalog_page as select * from tpcds.catalog_page distributed randomly;
SELECT 36000
load.02.public.load_catalog_page.sh|2024-03-19 22:54:34|2024-03-19 22:55:01|27
drop table if exists public.load_catalog_page;
DROP TABLE
create table public.load_catalog_page as select * from tpcds.catalog_page distributed randomly;
SELECT 36000
load.02.public.load_catalog_page.sh|2024-03-19 22:55:02|2024-03-19 22:55:34|32
drop table if exists public.load_catalog_page;
DROP TABLE
create table public.load_catalog_page as select * from tpcds.catalog_page distributed randomly;
SELECT 36000
load.02.public.load_catalog_page.sh|2024-03-19 22:55:35|2024-03-19 22:56:03|28
drop table if exists public.load_catalog_page;
DROP TABLE
create table public.load_catalog_page as select * from tpcds.catalog_page distributed randomly;
SELECT 36000
load.02.public.load_catalog_page.sh|2024-03-19 22:56:04|2024-03-19 22:56:29|25
drop table if exists public.load_catalog_page;
DROP TABLE
create table public.load_catalog_page as select * from tpcds.catalog_page distributed randomly;
SELECT 36000
load.02.public.load_catalog_page.sh|2024-03-19 22:56:30|2024-03-19 22:56:58|28
drop table if exists public.load_catalog_page;
DROP TABLE
create table public.load_catalog_page as select * from tpcds.catalog_page distributed randomly;
SELECT 36000
load.02.public.load_catalog_page.sh|2024-03-19 22:56:59|2024-03-19 22:57:12|13
drop table if exists public.load_catalog_page;
DROP TABLE
create table public.load_catalog_page as select * from tpcds.catalog_page distributed randomly;
SELECT 36000
load.02.public.load_catalog_page.sh|2024-03-19 22:57:13|2024-03-19 22:57:45|32
drop table if exists public.load_catalog_page;
DROP TABLE
create table public.load_catalog_page as select * from tpcds.catalog_page distributed randomly;
SELECT 36000
load.02.public.load_catalog_page.sh|2024-03-19 22:57:46|2024-03-19 22:58:39|53
drop table if exists public.load_catalog_page;
DROP TABLE
create table public.load_catalog_page as select * from tpcds.catalog_page distributed randomly;
SELECT 36000
load.02.public.load_catalog_page.sh|2024-03-19 22:58:40|2024-03-19 22:59:15|35
drop table if exists public.load_catalog_page;
DROP TABLE
create table public.load_catalog_page as select * from tpcds.catalog_page distributed randomly;
SELECT 36000
load.02.public.load_catalog_page.sh|2024-03-19 22:59:16|2024-03-19 22:59:36|20
drop table if exists public.load_catalog_page;
DROP TABLE
create table public.load_catalog_page as select * from tpcds.catalog_page distributed randomly;
SELECT 36000
load.02.public.load_catalog_page.sh|2024-03-19 22:59:37|2024-03-19 23:00:08|31
drop table if exists public.load_catalog_page;
DROP TABLE
create table public.load_catalog_page as select * from tpcds.catalog_page distributed randomly;
SELECT 36000
load.02.public.load_catalog_page.sh|2024-03-19 23:00:09|2024-03-19 23:00:45|36
drop table if exists public.load_catalog_page;
DROP TABLE
create table public.load_catalog_page as select * from tpcds.catalog_page distributed randomly;
SELECT 36000
load.02.public.load_catalog_page.sh|2024-03-19 23:00:46|2024-03-19 23:01:28|42
drop table if exists public.load_catalog_page;
DROP TABLE
create table public.load_catalog_page as select * from tpcds.catalog_page distributed randomly;
SELECT 36000
load.02.public.load_catalog_page.sh|2024-03-19 23:01:29|2024-03-19 23:01:44|15
drop table if exists public.load_catalog_page;
DROP TABLE
create table public.load_catalog_page as select * from tpcds.catalog_page distributed randomly;
SELECT 36000
load.02.public.load_catalog_page.sh|2024-03-19 23:01:45|2024-03-19 23:01:56|11
drop table if exists public.load_catalog_page;
DROP TABLE
create table public.load_catalog_page as select * from tpcds.catalog_page distributed randomly;
SELECT 36000
load.02.public.load_catalog_page.sh|2024-03-19 23:01:57|2024-03-19 23:02:08|11
drop table if exists public.load_catalog_page;
DROP TABLE
create table public.load_catalog_page as select * from tpcds.catalog_page distributed randomly;
SELECT 36000
load.02.public.load_catalog_page.sh|2024-03-19 23:02:09|2024-03-19 23:02:21|12
drop table if exists public.load_catalog_page;
DROP TABLE
create table public.load_catalog_page as select * from tpcds.catalog_page distributed randomly;
SELECT 36000
load.02.public.load_catalog_page.sh|2024-03-19 23:02:22|2024-03-19 23:02:32|10
drop table if exists public.load_catalog_page;
DROP TABLE
create table public.load_catalog_page as select * from tpcds.catalog_page distributed randomly;
SELECT 36000
load.02.public.load_catalog_page.sh|2024-03-19 23:02:33|2024-03-19 23:02:56|23
drop table if exists public.load_catalog_page;
DROP TABLE
create table public.load_catalog_page as select * from tpcds.catalog_page distributed randomly;
SELECT 36000
load.02.public.load_catalog_page.sh|2024-03-19 23:02:57|2024-03-19 23:03:12|15
drop table if exists public.load_catalog_page;
DROP TABLE
create table public.load_catalog_page as select * from tpcds.catalog_page distributed randomly;
SELECT 36000
load.02.public.load_catalog_page.sh|2024-03-19 23:03:13|2024-03-19 23:03:22|9
drop table if exists public.load_catalog_page;
DROP TABLE
create table public.load_catalog_page as select * from tpcds.catalog_page distributed randomly;
SELECT 36000
load.02.public.load_catalog_page.sh|2024-03-19 23:03:23|2024-03-19 23:03:32|9
drop table if exists public.load_catalog_page;
DROP TABLE
create table public.load_catalog_page as select * from tpcds.catalog_page distributed randomly;
SELECT 36000
load.02.public.load_catalog_page.sh|2024-03-19 23:03:33|2024-03-19 23:03:38|5
drop table if exists public.load_catalog_page;
DROP TABLE
create table public.load_catalog_page as select * from tpcds.catalog_page distributed randomly;
SELECT 36000
load.02.public.load_catalog_page.sh|2024-03-19 23:03:39|2024-03-19 23:03:45|6
drop table if exists public.load_catalog_page;
DROP TABLE
create table public.load_catalog_page as select * from tpcds.catalog_page distributed randomly;
SELECT 36000
load.02.public.load_catalog_page.sh|2024-03-19 23:03:46|2024-03-19 23:03:59|13
drop table if exists public.load_catalog_page;
DROP TABLE
create table public.load_catalog_page as select * from tpcds.catalog_page distributed randomly;
SELECT 36000
load.02.public.load_catalog_page.sh|2024-03-19 23:04:00|2024-03-19 23:04:10|10
drop table if exists public.load_catalog_page;
DROP TABLE
create table public.load_catalog_page as select * from tpcds.catalog_page distributed randomly;
SELECT 36000
load.02.public.load_catalog_page.sh|2024-03-19 23:04:11|2024-03-19 23:04:21|10
drop table if exists public.load_catalog_page;
DROP TABLE
create table public.load_catalog_page as select * from tpcds.catalog_page distributed randomly;
SELECT 36000
load.02.public.load_catalog_page.sh|2024-03-19 23:04:22|2024-03-19 23:04:30|8
drop table if exists public.load_catalog_page;
DROP TABLE
create table public.load_catalog_page as select * from tpcds.catalog_page distributed randomly;
SELECT 36000
load.02.public.load_catalog_page.sh|2024-03-19 23:04:31|2024-03-19 23:04:41|10
drop table if exists public.load_catalog_page;
DROP TABLE
create table public.load_catalog_page as select * from tpcds.catalog_page distributed randomly;
SELECT 36000
load.02.public.load_catalog_page.sh|2024-03-19 23:04:42|2024-03-19 23:04:49|7
drop table if exists public.load_catalog_page;
DROP TABLE
create table public.load_catalog_page as select * from tpcds.catalog_page distributed randomly;
SELECT 36000
load.02.public.load_catalog_page.sh|2024-03-19 23:04:50|2024-03-19 23:05:01|11
drop table if exists public.load_catalog_page;
DROP TABLE
create table public.load_catalog_page as select * from tpcds.catalog_page distributed randomly;
SELECT 36000
load.02.public.load_catalog_page.sh|2024-03-19 23:05:02|2024-03-19 23:05:19|17
drop table if exists public.load_catalog_page;
DROP TABLE
create table public.load_catalog_page as select * from tpcds.catalog_page distributed randomly;
SELECT 36000
load.02.public.load_catalog_page.sh|2024-03-19 23:05:20|2024-03-19 23:05:54|34
drop table if exists public.load_catalog_page;
DROP TABLE
create table public.load_catalog_page as select * from tpcds.catalog_page distributed randomly;
SELECT 36000
load.02.public.load_catalog_page.sh|2024-03-19 23:05:55|2024-03-19 23:06:21|26
drop table if exists public.load_catalog_page;
DROP TABLE
create table public.load_catalog_page as select * from tpcds.catalog_page distributed randomly;
SELECT 36000
load.02.public.load_catalog_page.sh|2024-03-19 23:06:22|2024-03-19 23:06:47|25
drop table if exists public.load_catalog_page;
DROP TABLE
create table public.load_catalog_page as select * from tpcds.catalog_page distributed randomly;
SELECT 36000
load.02.public.load_catalog_page.sh|2024-03-19 23:06:48|2024-03-19 23:07:19|31
drop table if exists public.load_catalog_page;
DROP TABLE
create table public.load_catalog_page as select * from tpcds.catalog_page distributed randomly;
SELECT 36000
load.02.public.load_catalog_page.sh|2024-03-19 23:07:20|2024-03-19 23:07:56|36
drop table if exists public.load_catalog_page;
DROP TABLE
create table public.load_catalog_page as select * from tpcds.catalog_page distributed randomly;
SELECT 36000
load.02.public.load_catalog_page.sh|2024-03-19 23:07:57|2024-03-19 23:08:19|22
drop table if exists public.load_catalog_page;
DROP TABLE
create table public.load_catalog_page as select * from tpcds.catalog_page distributed randomly;
SELECT 36000
load.02.public.load_catalog_page.sh|2024-03-19 23:08:20|2024-03-19 23:08:32|12
drop table if exists public.load_catalog_page;
DROP TABLE
create table public.load_catalog_page as select * from tpcds.catalog_page distributed randomly;
SELECT 36000
load.02.public.load_catalog_page.sh|2024-03-19 23:08:33|2024-03-19 23:08:45|12
drop table if exists public.load_catalog_page;
DROP TABLE
create table public.load_catalog_page as select * from tpcds.catalog_page distributed randomly;
SELECT 36000
load.02.public.load_catalog_page.sh|2024-03-19 23:08:46|2024-03-19 23:08:54|8
drop table if exists public.load_catalog_page;
DROP TABLE
create table public.load_catalog_page as select * from tpcds.catalog_page distributed randomly;
SELECT 36000
load.02.public.load_catalog_page.sh|2024-03-19 23:08:55|2024-03-19 23:09:00|5
drop table if exists public.load_catalog_page;
DROP TABLE
create table public.load_catalog_page as select * from tpcds.catalog_page distributed randomly;
SELECT 36000
load.02.public.load_catalog_page.sh|2024-03-19 23:09:01|2024-03-19 23:09:24|23
drop table if exists public.load_catalog_page;
DROP TABLE
create table public.load_catalog_page as select * from tpcds.catalog_page distributed randomly;
SELECT 36000
load.02.public.load_catalog_page.sh|2024-03-19 23:09:25|2024-03-19 23:09:38|13
drop table if exists public.load_catalog_page;
DROP TABLE
create table public.load_catalog_page as select * from tpcds.catalog_page distributed randomly;
SELECT 36000
load.02.public.load_catalog_page.sh|2024-03-19 23:09:39|2024-03-19 23:10:02|23
drop table if exists public.load_catalog_page;
DROP TABLE
create table public.load_catalog_page as select * from tpcds.catalog_page distributed randomly;
SELECT 36000
load.02.public.load_catalog_page.sh|2024-03-19 23:10:03|2024-03-19 23:10:36|33
drop table if exists public.load_catalog_page;
DROP TABLE
create table public.load_catalog_page as select * from tpcds.catalog_page distributed randomly;
SELECT 36000
load.02.public.load_catalog_page.sh|2024-03-19 23:10:37|2024-03-19 23:11:06|29
drop table if exists public.load_catalog_page;
DROP TABLE
create table public.load_catalog_page as select * from tpcds.catalog_page distributed randomly;
SELECT 36000
load.02.public.load_catalog_page.sh|2024-03-19 23:11:07|2024-03-19 23:11:28|21
drop table if exists public.load_catalog_page;
DROP TABLE
create table public.load_catalog_page as select * from tpcds.catalog_page distributed randomly;
SELECT 36000
load.02.public.load_catalog_page.sh|2024-03-19 23:11:29|2024-03-19 23:11:47|18
drop table if exists public.load_catalog_page;
DROP TABLE
create table public.load_catalog_page as select * from tpcds.catalog_page distributed randomly;
SELECT 36000
load.02.public.load_catalog_page.sh|2024-03-19 23:11:48|2024-03-19 23:11:57|9
drop table if exists public.load_catalog_page;
DROP TABLE
create table public.load_catalog_page as select * from tpcds.catalog_page distributed randomly;
SELECT 36000
load.02.public.load_catalog_page.sh|2024-03-19 23:11:58|2024-03-19 23:12:23|25
drop table if exists public.load_catalog_page;
DROP TABLE
create table public.load_catalog_page as select * from tpcds.catalog_page distributed randomly;
SELECT 36000
load.02.public.load_catalog_page.sh|2024-03-19 23:12:24|2024-03-19 23:12:52|28
drop table if exists public.load_catalog_page;
DROP TABLE
create table public.load_catalog_page as select * from tpcds.catalog_page distributed randomly;
SELECT 36000
load.02.public.load_catalog_page.sh|2024-03-19 23:12:53|2024-03-19 23:13:13|20
drop table if exists public.load_catalog_page;
DROP TABLE
create table public.load_catalog_page as select * from tpcds.catalog_page distributed randomly;
SELECT 36000
load.02.public.load_catalog_page.sh|2024-03-19 23:13:14|2024-03-19 23:13:42|28
drop table if exists public.load_catalog_page;
DROP TABLE
create table public.load_catalog_page as select * from tpcds.catalog_page distributed randomly;
SELECT 36000
load.02.public.load_catalog_page.sh|2024-03-19 23:13:43|2024-03-19 23:13:55|12
drop table if exists public.load_catalog_page;
DROP TABLE
create table public.load_catalog_page as select * from tpcds.catalog_page distributed randomly;
SELECT 36000
load.02.public.load_catalog_page.sh|2024-03-19 23:13:56|2024-03-19 23:14:24|28
drop table if exists public.load_catalog_page;
DROP TABLE
create table public.load_catalog_page as select * from tpcds.catalog_page distributed randomly;
SELECT 36000
load.02.public.load_catalog_page.sh|2024-03-19 23:14:25|2024-03-19 23:14:53|28
drop table if exists public.load_catalog_page;
DROP TABLE
create table public.load_catalog_page as select * from tpcds.catalog_page distributed randomly;
SELECT 36000
load.02.public.load_catalog_page.sh|2024-03-19 23:14:54|2024-03-19 23:15:33|39
drop table if exists public.load_catalog_page;
DROP TABLE
create table public.load_catalog_page as select * from tpcds.catalog_page distributed randomly;
SELECT 36000
load.02.public.load_catalog_page.sh|2024-03-19 23:15:34|2024-03-19 23:15:53|19
drop table if exists public.load_catalog_page;
DROP TABLE
create table public.load_catalog_page as select * from tpcds.catalog_page distributed randomly;
SELECT 36000
load.02.public.load_catalog_page.sh|2024-03-19 23:15:54|2024-03-19 23:16:14|20
drop table if exists public.load_catalog_page;
DROP TABLE
create table public.load_catalog_page as select * from tpcds.catalog_page distributed randomly;
SELECT 36000
load.02.public.load_catalog_page.sh|2024-03-19 23:16:15|2024-03-19 23:16:52|37
drop table if exists public.load_catalog_page;
DROP TABLE
create table public.load_catalog_page as select * from tpcds.catalog_page distributed randomly;
SELECT 36000
load.02.public.load_catalog_page.sh|2024-03-19 23:16:53|2024-03-19 23:17:03|10
drop table if exists public.load_catalog_page;
DROP TABLE
create table public.load_catalog_page as select * from tpcds.catalog_page distributed randomly;
SELECT 36000
load.02.public.load_catalog_page.sh|2024-03-19 23:17:04|2024-03-19 23:17:15|11
drop table if exists public.load_catalog_page;
DROP TABLE
create table public.load_catalog_page as select * from tpcds.catalog_page distributed randomly;
SELECT 36000
load.02.public.load_catalog_page.sh|2024-03-19 23:17:16|2024-03-19 23:17:30|14
drop table if exists public.load_catalog_page;
DROP TABLE
create table public.load_catalog_page as select * from tpcds.catalog_page distributed randomly;
SELECT 36000
load.02.public.load_catalog_page.sh|2024-03-19 23:17:31|2024-03-19 23:17:53|22
drop table if exists public.load_catalog_page;
DROP TABLE
create table public.load_catalog_page as select * from tpcds.catalog_page distributed randomly;
SELECT 36000
load.02.public.load_catalog_page.sh|2024-03-19 23:17:54|2024-03-19 23:18:03|9
drop table if exists public.load_catalog_page;
ERROR:  canceling statement due to user request
create table public.load_catalog_page as select * from tpcds.catalog_page distributed randomly;
SELECT 36000
load.02.public.load_catalog_page.sh|2024-03-19 23:18:04|2024-03-19 23:18:11|7
