drop table if exists public.load_catalog_returns;
NOTICE:  table "load_catalog_returns" does not exist, skipping
DROP TABLE
create table public.load_catalog_returns with (appendonly=true, compresslevel=7, compresstype=zstd) as select * from tpcds.catalog_returns distributed randomly;
SELECT 431979168
load.03.public.load_catalog_returns.sh|2024-04-09 05:53:58|2024-04-09 06:08:29|871
drop table if exists public.load_catalog_returns;
DROP TABLE
create table public.load_catalog_returns with (appendonly=true, compresslevel=7, compresstype=zstd) as select * from tpcds.catalog_returns distributed randomly;
SELECT 431979168
load.03.public.load_catalog_returns.sh|2024-04-09 06:08:30|2024-04-09 06:23:22|892
drop table if exists public.load_catalog_returns;
DROP TABLE
create table public.load_catalog_returns with (appendonly=true, compresslevel=7, compresstype=zstd) as select * from tpcds.catalog_returns distributed randomly;
SELECT 431979168
load.03.public.load_catalog_returns.sh|2024-04-09 06:23:23|2024-04-09 06:35:47|744
drop table if exists public.load_catalog_returns;
DROP TABLE
create table public.load_catalog_returns with (appendonly=true, compresslevel=7, compresstype=zstd) as select * from tpcds.catalog_returns distributed randomly;
SELECT 431979168
load.03.public.load_catalog_returns.sh|2024-04-09 06:35:48|2024-04-09 06:50:02|854
drop table if exists public.load_catalog_returns;
DROP TABLE
create table public.load_catalog_returns with (appendonly=true, compresslevel=7, compresstype=zstd) as select * from tpcds.catalog_returns distributed randomly;
SELECT 431979168
load.03.public.load_catalog_returns.sh|2024-04-09 06:50:03|2024-04-09 07:04:27|864
drop table if exists public.load_catalog_returns;
DROP TABLE
create table public.load_catalog_returns with (appendonly=true, compresslevel=7, compresstype=zstd) as select * from tpcds.catalog_returns distributed randomly;
SELECT 431979168
load.03.public.load_catalog_returns.sh|2024-04-09 07:04:28|2024-04-09 07:18:16|828
drop table if exists public.load_catalog_returns;
DROP TABLE
create table public.load_catalog_returns with (appendonly=true, compresslevel=7, compresstype=zstd) as select * from tpcds.catalog_returns distributed randomly;
SELECT 431979168
load.03.public.load_catalog_returns.sh|2024-04-09 07:18:17|2024-04-09 07:32:01|824
drop table if exists public.load_catalog_returns;
DROP TABLE
create table public.load_catalog_returns with (appendonly=true, compresslevel=7, compresstype=zstd) as select * from tpcds.catalog_returns distributed randomly;
SELECT 431979168
load.03.public.load_catalog_returns.sh|2024-04-09 07:32:02|2024-04-09 07:46:04|842
drop table if exists public.load_catalog_returns;
DROP TABLE
create table public.load_catalog_returns with (appendonly=true, compresslevel=7, compresstype=zstd) as select * from tpcds.catalog_returns distributed randomly;
ERROR:  canceling statement due to user request
load.03.public.load_catalog_returns.sh|2024-04-09 07:46:05|2024-04-09 07:54:10|485
