drop table if exists public.catalog_sales_1_prt_2;
NOTICE:  table "catalog_sales_1_prt_2" does not exist, skipping
DROP TABLE
create table public.catalog_sales_1_prt_2 with (appendonly=true, compresslevel=7, compresstype=zstd) as select * from tpcds.catalog_sales_1_prt_2 distributed randomly;
SELECT 38112730
drop table if exists public.catalog_sales_1_prt_3;
NOTICE:  table "catalog_sales_1_prt_3" does not exist, skipping
DROP TABLE
create table public.catalog_sales_1_prt_3 with (appendonly=true, compresslevel=7, compresstype=zstd) as select * from tpcds.catalog_sales_1_prt_3 distributed randomly;
SELECT 38104875
drop table if exists public.catalog_sales_1_prt_4;
NOTICE:  table "catalog_sales_1_prt_4" does not exist, skipping
DROP TABLE
create table public.catalog_sales_1_prt_4 with (appendonly=true, compresslevel=7, compresstype=zstd) as select * from tpcds.catalog_sales_1_prt_4 distributed randomly;
SELECT 36740355
drop table if exists public.catalog_sales_1_prt_5;
NOTICE:  table "catalog_sales_1_prt_5" does not exist, skipping
DROP TABLE
create table public.catalog_sales_1_prt_5 with (appendonly=true, compresslevel=7, compresstype=zstd) as select * from tpcds.catalog_sales_1_prt_5 distributed randomly;
SELECT 38091431
drop table if exists public.catalog_sales_1_prt_6;
NOTICE:  table "catalog_sales_1_prt_6" does not exist, skipping
DROP TABLE
create table public.catalog_sales_1_prt_6 with (appendonly=true, compresslevel=7, compresstype=zstd) as select * from tpcds.catalog_sales_1_prt_6 distributed randomly;
SELECT 38110256
drop table if exists public.catalog_sales_1_prt_7;
NOTICE:  table "catalog_sales_1_prt_7" does not exist, skipping
DROP TABLE
create table public.catalog_sales_1_prt_7 with (appendonly=true, compresslevel=7, compresstype=zstd) as select * from tpcds.catalog_sales_1_prt_7 distributed randomly;
SELECT 38098003
drop table if exists public.catalog_sales_1_prt_8;
NOTICE:  table "catalog_sales_1_prt_8" does not exist, skipping
DROP TABLE
create table public.catalog_sales_1_prt_8 with (appendonly=true, compresslevel=7, compresstype=zstd) as select * from tpcds.catalog_sales_1_prt_8 distributed randomly;
SELECT 38107262
drop table if exists public.catalog_sales_1_prt_9;
NOTICE:  table "catalog_sales_1_prt_9" does not exist, skipping
DROP TABLE
create table public.catalog_sales_1_prt_9 with (appendonly=true, compresslevel=7, compresstype=zstd) as select * from tpcds.catalog_sales_1_prt_9 distributed randomly;
SELECT 57188705
drop table if exists public.catalog_sales_1_prt_10;
NOTICE:  table "catalog_sales_1_prt_10" does not exist, skipping
DROP TABLE
create table public.catalog_sales_1_prt_10 with (appendonly=true, compresslevel=7, compresstype=zstd) as select * from tpcds.catalog_sales_1_prt_10 distributed randomly;
SELECT 86721362
drop table if exists public.catalog_sales_1_prt_11;
NOTICE:  table "catalog_sales_1_prt_11" does not exist, skipping
DROP TABLE
create table public.catalog_sales_1_prt_11 with (appendonly=true, compresslevel=7, compresstype=zstd) as select * from tpcds.catalog_sales_1_prt_11 distributed randomly;
SELECT 86721047
drop table if exists public.catalog_sales_1_prt_12;
NOTICE:  table "catalog_sales_1_prt_12" does not exist, skipping
DROP TABLE
create table public.catalog_sales_1_prt_12 with (appendonly=true, compresslevel=7, compresstype=zstd) as select * from tpcds.catalog_sales_1_prt_12 distributed randomly;
SELECT 91499524
drop table if exists public.catalog_sales_1_prt_13;
NOTICE:  table "catalog_sales_1_prt_13" does not exist, skipping
DROP TABLE
create table public.catalog_sales_1_prt_13 with (appendonly=true, compresslevel=7, compresstype=zstd) as select * from tpcds.catalog_sales_1_prt_13 distributed randomly;
SELECT 131403984
drop table if exists public.catalog_sales_1_prt_14;
NOTICE:  table "catalog_sales_1_prt_14" does not exist, skipping
DROP TABLE
create table public.catalog_sales_1_prt_14 with (appendonly=true, compresslevel=7, compresstype=zstd) as select * from tpcds.catalog_sales_1_prt_14 distributed randomly;
SELECT 131366973
drop table if exists public.catalog_sales_1_prt_15;
NOTICE:  table "catalog_sales_1_prt_15" does not exist, skipping
DROP TABLE
create table public.catalog_sales_1_prt_15 with (appendonly=true, compresslevel=7, compresstype=zstd) as select * from tpcds.catalog_sales_1_prt_15 distributed randomly;
SELECT 41429043
drop table if exists public.catalog_sales_1_prt_16;
NOTICE:  table "catalog_sales_1_prt_16" does not exist, skipping
DROP TABLE
create table public.catalog_sales_1_prt_16 with (appendonly=true, compresslevel=7, compresstype=zstd) as select * from tpcds.catalog_sales_1_prt_16 distributed randomly;
SELECT 38107319
drop table if exists public.catalog_sales_1_prt_17;
NOTICE:  table "catalog_sales_1_prt_17" does not exist, skipping
DROP TABLE
create table public.catalog_sales_1_prt_17 with (appendonly=true, compresslevel=7, compresstype=zstd) as select * from tpcds.catalog_sales_1_prt_17 distributed randomly;
SELECT 36743885
drop table if exists public.catalog_sales_1_prt_18;
NOTICE:  table "catalog_sales_1_prt_18" does not exist, skipping
DROP TABLE
create table public.catalog_sales_1_prt_18 with (appendonly=true, compresslevel=7, compresstype=zstd) as select * from tpcds.catalog_sales_1_prt_18 distributed randomly;
SELECT 38108054
drop table if exists public.catalog_sales_1_prt_19;
NOTICE:  table "catalog_sales_1_prt_19" does not exist, skipping
DROP TABLE
create table public.catalog_sales_1_prt_19 with (appendonly=true, compresslevel=7, compresstype=zstd) as select * from tpcds.catalog_sales_1_prt_19 distributed randomly;
SELECT 38100676
drop table if exists public.catalog_sales_1_prt_20;
NOTICE:  table "catalog_sales_1_prt_20" does not exist, skipping
DROP TABLE
create table public.catalog_sales_1_prt_20 with (appendonly=true, compresslevel=7, compresstype=zstd) as select * from tpcds.catalog_sales_1_prt_20 distributed randomly;
SELECT 38106847
drop table if exists public.catalog_sales_1_prt_21;
NOTICE:  table "catalog_sales_1_prt_21" does not exist, skipping
DROP TABLE
create table public.catalog_sales_1_prt_21 with (appendonly=true, compresslevel=7, compresstype=zstd) as select * from tpcds.catalog_sales_1_prt_21 distributed randomly;
SELECT 38107800
drop table if exists public.catalog_sales_1_prt_22;
NOTICE:  table "catalog_sales_1_prt_22" does not exist, skipping
DROP TABLE
create table public.catalog_sales_1_prt_22 with (appendonly=true, compresslevel=7, compresstype=zstd) as select * from tpcds.catalog_sales_1_prt_22 distributed randomly;
SELECT 55478428
drop table if exists public.catalog_sales_1_prt_23;
NOTICE:  table "catalog_sales_1_prt_23" does not exist, skipping
DROP TABLE
create table public.catalog_sales_1_prt_23 with (appendonly=true, compresslevel=7, compresstype=zstd) as select * from tpcds.catalog_sales_1_prt_23 distributed randomly;
SELECT 86721663
drop table if exists public.catalog_sales_1_prt_24;
NOTICE:  table "catalog_sales_1_prt_24" does not exist, skipping
DROP TABLE
create table public.catalog_sales_1_prt_24 with (appendonly=true, compresslevel=7, compresstype=zstd) as select * from tpcds.catalog_sales_1_prt_24 distributed randomly;
SELECT 86700443
load.04.public.load_catalog_sales.sh|2024-03-19 21:18:04|2024-03-19 22:21:43|3819
drop table if exists public.catalog_sales_1_prt_2;
DROP TABLE
create table public.catalog_sales_1_prt_2 with (appendonly=true, compresslevel=7, compresstype=zstd) as select * from tpcds.catalog_sales_1_prt_2 distributed randomly;
SELECT 38112730
drop table if exists public.catalog_sales_1_prt_3;
DROP TABLE
create table public.catalog_sales_1_prt_3 with (appendonly=true, compresslevel=7, compresstype=zstd) as select * from tpcds.catalog_sales_1_prt_3 distributed randomly;
SELECT 38104875
drop table if exists public.catalog_sales_1_prt_4;
DROP TABLE
create table public.catalog_sales_1_prt_4 with (appendonly=true, compresslevel=7, compresstype=zstd) as select * from tpcds.catalog_sales_1_prt_4 distributed randomly;
SELECT 36740355
drop table if exists public.catalog_sales_1_prt_5;
DROP TABLE
create table public.catalog_sales_1_prt_5 with (appendonly=true, compresslevel=7, compresstype=zstd) as select * from tpcds.catalog_sales_1_prt_5 distributed randomly;
SELECT 38091431
drop table if exists public.catalog_sales_1_prt_6;
DROP TABLE
create table public.catalog_sales_1_prt_6 with (appendonly=true, compresslevel=7, compresstype=zstd) as select * from tpcds.catalog_sales_1_prt_6 distributed randomly;
SELECT 38110256
drop table if exists public.catalog_sales_1_prt_7;
DROP TABLE
create table public.catalog_sales_1_prt_7 with (appendonly=true, compresslevel=7, compresstype=zstd) as select * from tpcds.catalog_sales_1_prt_7 distributed randomly;
SELECT 38098003
drop table if exists public.catalog_sales_1_prt_8;
DROP TABLE
create table public.catalog_sales_1_prt_8 with (appendonly=true, compresslevel=7, compresstype=zstd) as select * from tpcds.catalog_sales_1_prt_8 distributed randomly;
SELECT 38107262
drop table if exists public.catalog_sales_1_prt_9;
DROP TABLE
create table public.catalog_sales_1_prt_9 with (appendonly=true, compresslevel=7, compresstype=zstd) as select * from tpcds.catalog_sales_1_prt_9 distributed randomly;
SELECT 57188705
drop table if exists public.catalog_sales_1_prt_10;
DROP TABLE
create table public.catalog_sales_1_prt_10 with (appendonly=true, compresslevel=7, compresstype=zstd) as select * from tpcds.catalog_sales_1_prt_10 distributed randomly;
SELECT 86721362
drop table if exists public.catalog_sales_1_prt_11;
DROP TABLE
create table public.catalog_sales_1_prt_11 with (appendonly=true, compresslevel=7, compresstype=zstd) as select * from tpcds.catalog_sales_1_prt_11 distributed randomly;
SELECT 86721047
drop table if exists public.catalog_sales_1_prt_12;
DROP TABLE
create table public.catalog_sales_1_prt_12 with (appendonly=true, compresslevel=7, compresstype=zstd) as select * from tpcds.catalog_sales_1_prt_12 distributed randomly;
SELECT 91499524
drop table if exists public.catalog_sales_1_prt_13;
DROP TABLE
create table public.catalog_sales_1_prt_13 with (appendonly=true, compresslevel=7, compresstype=zstd) as select * from tpcds.catalog_sales_1_prt_13 distributed randomly;
SELECT 131403984
drop table if exists public.catalog_sales_1_prt_14;
DROP TABLE
create table public.catalog_sales_1_prt_14 with (appendonly=true, compresslevel=7, compresstype=zstd) as select * from tpcds.catalog_sales_1_prt_14 distributed randomly;
SELECT 131366973
drop table if exists public.catalog_sales_1_prt_15;
DROP TABLE
create table public.catalog_sales_1_prt_15 with (appendonly=true, compresslevel=7, compresstype=zstd) as select * from tpcds.catalog_sales_1_prt_15 distributed randomly;
SELECT 41429043
drop table if exists public.catalog_sales_1_prt_16;
DROP TABLE
create table public.catalog_sales_1_prt_16 with (appendonly=true, compresslevel=7, compresstype=zstd) as select * from tpcds.catalog_sales_1_prt_16 distributed randomly;
SELECT 38107319
drop table if exists public.catalog_sales_1_prt_17;
DROP TABLE
create table public.catalog_sales_1_prt_17 with (appendonly=true, compresslevel=7, compresstype=zstd) as select * from tpcds.catalog_sales_1_prt_17 distributed randomly;
SELECT 36743885
drop table if exists public.catalog_sales_1_prt_18;
DROP TABLE
create table public.catalog_sales_1_prt_18 with (appendonly=true, compresslevel=7, compresstype=zstd) as select * from tpcds.catalog_sales_1_prt_18 distributed randomly;
SELECT 38108054
drop table if exists public.catalog_sales_1_prt_19;
DROP TABLE
create table public.catalog_sales_1_prt_19 with (appendonly=true, compresslevel=7, compresstype=zstd) as select * from tpcds.catalog_sales_1_prt_19 distributed randomly;
SELECT 38100676
drop table if exists public.catalog_sales_1_prt_20;
DROP TABLE
create table public.catalog_sales_1_prt_20 with (appendonly=true, compresslevel=7, compresstype=zstd) as select * from tpcds.catalog_sales_1_prt_20 distributed randomly;
SELECT 38106847
drop table if exists public.catalog_sales_1_prt_21;
DROP TABLE
create table public.catalog_sales_1_prt_21 with (appendonly=true, compresslevel=7, compresstype=zstd) as select * from tpcds.catalog_sales_1_prt_21 distributed randomly;
SELECT 38107800
drop table if exists public.catalog_sales_1_prt_22;
DROP TABLE
create table public.catalog_sales_1_prt_22 with (appendonly=true, compresslevel=7, compresstype=zstd) as select * from tpcds.catalog_sales_1_prt_22 distributed randomly;
SELECT 55478428
drop table if exists public.catalog_sales_1_prt_23;
DROP TABLE
create table public.catalog_sales_1_prt_23 with (appendonly=true, compresslevel=7, compresstype=zstd) as select * from tpcds.catalog_sales_1_prt_23 distributed randomly;
SELECT 86721663
drop table if exists public.catalog_sales_1_prt_24;
DROP TABLE
create table public.catalog_sales_1_prt_24 with (appendonly=true, compresslevel=7, compresstype=zstd) as select * from tpcds.catalog_sales_1_prt_24 distributed randomly;
ERROR:  canceling statement due to user request
load.04.public.load_catalog_sales.sh|2024-03-19 22:21:44|2024-03-19 23:18:09|3385
