drop table if exists public.load_customer_address;
NOTICE:  table "load_customer_address" does not exist, skipping
DROP TABLE
create table public.load_customer_address as select * from tpcds.customer_address distributed randomly;
SELECT 15000000
load.06.public.load_customer_address.sh|2024-04-09 05:53:58|2024-04-09 05:54:15|17
drop table if exists public.load_customer_address;
DROP TABLE
create table public.load_customer_address as select * from tpcds.customer_address distributed randomly;
SELECT 15000000
load.06.public.load_customer_address.sh|2024-04-09 05:54:16|2024-04-09 05:55:04|48
drop table if exists public.load_customer_address;
DROP TABLE
create table public.load_customer_address as select * from tpcds.customer_address distributed randomly;
SELECT 15000000
load.06.public.load_customer_address.sh|2024-04-09 05:55:05|2024-04-09 05:55:52|47
drop table if exists public.load_customer_address;
DROP TABLE
create table public.load_customer_address as select * from tpcds.customer_address distributed randomly;
SELECT 15000000
load.06.public.load_customer_address.sh|2024-04-09 05:55:53|2024-04-09 05:56:43|50
drop table if exists public.load_customer_address;
DROP TABLE
create table public.load_customer_address as select * from tpcds.customer_address distributed randomly;
SELECT 15000000
load.06.public.load_customer_address.sh|2024-04-09 05:56:44|2024-04-09 05:57:29|45
drop table if exists public.load_customer_address;
DROP TABLE
create table public.load_customer_address as select * from tpcds.customer_address distributed randomly;
SELECT 15000000
load.06.public.load_customer_address.sh|2024-04-09 05:57:30|2024-04-09 05:57:58|28
drop table if exists public.load_customer_address;
DROP TABLE
create table public.load_customer_address as select * from tpcds.customer_address distributed randomly;
SELECT 15000000
load.06.public.load_customer_address.sh|2024-04-09 05:57:59|2024-04-09 05:58:21|22
drop table if exists public.load_customer_address;
DROP TABLE
create table public.load_customer_address as select * from tpcds.customer_address distributed randomly;
SELECT 15000000
load.06.public.load_customer_address.sh|2024-04-09 05:58:22|2024-04-09 05:58:49|27
drop table if exists public.load_customer_address;
DROP TABLE
create table public.load_customer_address as select * from tpcds.customer_address distributed randomly;
SELECT 15000000
load.06.public.load_customer_address.sh|2024-04-09 05:58:50|2024-04-09 05:59:15|25
drop table if exists public.load_customer_address;
DROP TABLE
create table public.load_customer_address as select * from tpcds.customer_address distributed randomly;
SELECT 15000000
load.06.public.load_customer_address.sh|2024-04-09 05:59:16|2024-04-09 05:59:43|27
drop table if exists public.load_customer_address;
DROP TABLE
create table public.load_customer_address as select * from tpcds.customer_address distributed randomly;
SELECT 15000000
load.06.public.load_customer_address.sh|2024-04-09 05:59:44|2024-04-09 06:00:32|48
drop table if exists public.load_customer_address;
DROP TABLE
create table public.load_customer_address as select * from tpcds.customer_address distributed randomly;
SELECT 15000000
load.06.public.load_customer_address.sh|2024-04-09 06:00:33|2024-04-09 06:01:21|48
drop table if exists public.load_customer_address;
DROP TABLE
create table public.load_customer_address as select * from tpcds.customer_address distributed randomly;
SELECT 15000000
load.06.public.load_customer_address.sh|2024-04-09 06:01:22|2024-04-09 06:01:58|36
drop table if exists public.load_customer_address;
DROP TABLE
create table public.load_customer_address as select * from tpcds.customer_address distributed randomly;
SELECT 15000000
load.06.public.load_customer_address.sh|2024-04-09 06:01:59|2024-04-09 06:02:36|37
drop table if exists public.load_customer_address;
DROP TABLE
create table public.load_customer_address as select * from tpcds.customer_address distributed randomly;
SELECT 15000000
load.06.public.load_customer_address.sh|2024-04-09 06:02:37|2024-04-09 06:03:11|34
drop table if exists public.load_customer_address;
DROP TABLE
create table public.load_customer_address as select * from tpcds.customer_address distributed randomly;
SELECT 15000000
load.06.public.load_customer_address.sh|2024-04-09 06:03:12|2024-04-09 06:03:39|27
drop table if exists public.load_customer_address;
DROP TABLE
create table public.load_customer_address as select * from tpcds.customer_address distributed randomly;
SELECT 15000000
load.06.public.load_customer_address.sh|2024-04-09 06:03:40|2024-04-09 06:04:08|28
drop table if exists public.load_customer_address;
DROP TABLE
create table public.load_customer_address as select * from tpcds.customer_address distributed randomly;
SELECT 15000000
load.06.public.load_customer_address.sh|2024-04-09 06:04:09|2024-04-09 06:04:24|15
drop table if exists public.load_customer_address;
DROP TABLE
create table public.load_customer_address as select * from tpcds.customer_address distributed randomly;
SELECT 15000000
load.06.public.load_customer_address.sh|2024-04-09 06:04:25|2024-04-09 06:04:38|13
drop table if exists public.load_customer_address;
DROP TABLE
create table public.load_customer_address as select * from tpcds.customer_address distributed randomly;
SELECT 15000000
load.06.public.load_customer_address.sh|2024-04-09 06:04:39|2024-04-09 06:05:38|59
drop table if exists public.load_customer_address;
DROP TABLE
create table public.load_customer_address as select * from tpcds.customer_address distributed randomly;
SELECT 15000000
load.06.public.load_customer_address.sh|2024-04-09 06:05:39|2024-04-09 06:06:27|48
drop table if exists public.load_customer_address;
DROP TABLE
create table public.load_customer_address as select * from tpcds.customer_address distributed randomly;
SELECT 15000000
load.06.public.load_customer_address.sh|2024-04-09 06:06:28|2024-04-09 06:06:55|27
drop table if exists public.load_customer_address;
DROP TABLE
create table public.load_customer_address as select * from tpcds.customer_address distributed randomly;
SELECT 15000000
load.06.public.load_customer_address.sh|2024-04-09 06:06:56|2024-04-09 06:07:17|21
drop table if exists public.load_customer_address;
DROP TABLE
create table public.load_customer_address as select * from tpcds.customer_address distributed randomly;
SELECT 15000000
load.06.public.load_customer_address.sh|2024-04-09 06:07:18|2024-04-09 06:08:06|48
drop table if exists public.load_customer_address;
DROP TABLE
create table public.load_customer_address as select * from tpcds.customer_address distributed randomly;
SELECT 15000000
load.06.public.load_customer_address.sh|2024-04-09 06:08:07|2024-04-09 06:08:33|26
drop table if exists public.load_customer_address;
DROP TABLE
create table public.load_customer_address as select * from tpcds.customer_address distributed randomly;
SELECT 15000000
load.06.public.load_customer_address.sh|2024-04-09 06:08:34|2024-04-09 06:09:12|38
drop table if exists public.load_customer_address;
DROP TABLE
create table public.load_customer_address as select * from tpcds.customer_address distributed randomly;
SELECT 15000000
load.06.public.load_customer_address.sh|2024-04-09 06:09:13|2024-04-09 06:09:45|32
drop table if exists public.load_customer_address;
DROP TABLE
create table public.load_customer_address as select * from tpcds.customer_address distributed randomly;
SELECT 15000000
load.06.public.load_customer_address.sh|2024-04-09 06:09:46|2024-04-09 06:10:51|65
drop table if exists public.load_customer_address;
DROP TABLE
create table public.load_customer_address as select * from tpcds.customer_address distributed randomly;
SELECT 15000000
load.06.public.load_customer_address.sh|2024-04-09 06:10:52|2024-04-09 06:11:24|32
drop table if exists public.load_customer_address;
DROP TABLE
create table public.load_customer_address as select * from tpcds.customer_address distributed randomly;
SELECT 15000000
load.06.public.load_customer_address.sh|2024-04-09 06:11:25|2024-04-09 06:11:48|23
drop table if exists public.load_customer_address;
DROP TABLE
create table public.load_customer_address as select * from tpcds.customer_address distributed randomly;
SELECT 15000000
load.06.public.load_customer_address.sh|2024-04-09 06:11:49|2024-04-09 06:12:17|28
drop table if exists public.load_customer_address;
DROP TABLE
create table public.load_customer_address as select * from tpcds.customer_address distributed randomly;
SELECT 15000000
load.06.public.load_customer_address.sh|2024-04-09 06:12:18|2024-04-09 06:12:42|24
drop table if exists public.load_customer_address;
DROP TABLE
create table public.load_customer_address as select * from tpcds.customer_address distributed randomly;
SELECT 15000000
load.06.public.load_customer_address.sh|2024-04-09 06:12:43|2024-04-09 06:13:00|17
drop table if exists public.load_customer_address;
DROP TABLE
create table public.load_customer_address as select * from tpcds.customer_address distributed randomly;
SELECT 15000000
load.06.public.load_customer_address.sh|2024-04-09 06:13:01|2024-04-09 06:13:41|40
drop table if exists public.load_customer_address;
DROP TABLE
create table public.load_customer_address as select * from tpcds.customer_address distributed randomly;
SELECT 15000000
load.06.public.load_customer_address.sh|2024-04-09 06:13:42|2024-04-09 06:14:09|27
drop table if exists public.load_customer_address;
DROP TABLE
create table public.load_customer_address as select * from tpcds.customer_address distributed randomly;
SELECT 15000000
load.06.public.load_customer_address.sh|2024-04-09 06:14:10|2024-04-09 06:14:39|29
drop table if exists public.load_customer_address;
DROP TABLE
create table public.load_customer_address as select * from tpcds.customer_address distributed randomly;
SELECT 15000000
load.06.public.load_customer_address.sh|2024-04-09 06:14:40|2024-04-09 06:15:35|55
drop table if exists public.load_customer_address;
DROP TABLE
create table public.load_customer_address as select * from tpcds.customer_address distributed randomly;
SELECT 15000000
load.06.public.load_customer_address.sh|2024-04-09 06:15:36|2024-04-09 06:16:37|61
drop table if exists public.load_customer_address;
DROP TABLE
create table public.load_customer_address as select * from tpcds.customer_address distributed randomly;
SELECT 15000000
load.06.public.load_customer_address.sh|2024-04-09 06:16:38|2024-04-09 06:17:04|26
drop table if exists public.load_customer_address;
DROP TABLE
create table public.load_customer_address as select * from tpcds.customer_address distributed randomly;
SELECT 15000000
load.06.public.load_customer_address.sh|2024-04-09 06:17:05|2024-04-09 06:17:37|32
drop table if exists public.load_customer_address;
DROP TABLE
create table public.load_customer_address as select * from tpcds.customer_address distributed randomly;
SELECT 15000000
load.06.public.load_customer_address.sh|2024-04-09 06:17:38|2024-04-09 06:17:58|20
drop table if exists public.load_customer_address;
DROP TABLE
create table public.load_customer_address as select * from tpcds.customer_address distributed randomly;
SELECT 15000000
load.06.public.load_customer_address.sh|2024-04-09 06:17:59|2024-04-09 06:18:15|16
drop table if exists public.load_customer_address;
DROP TABLE
create table public.load_customer_address as select * from tpcds.customer_address distributed randomly;
SELECT 15000000
load.06.public.load_customer_address.sh|2024-04-09 06:18:16|2024-04-09 06:18:52|36
drop table if exists public.load_customer_address;
DROP TABLE
create table public.load_customer_address as select * from tpcds.customer_address distributed randomly;
SELECT 15000000
load.06.public.load_customer_address.sh|2024-04-09 06:18:53|2024-04-09 06:19:31|38
drop table if exists public.load_customer_address;
DROP TABLE
create table public.load_customer_address as select * from tpcds.customer_address distributed randomly;
SELECT 15000000
load.06.public.load_customer_address.sh|2024-04-09 06:19:32|2024-04-09 06:20:36|64
drop table if exists public.load_customer_address;
DROP TABLE
create table public.load_customer_address as select * from tpcds.customer_address distributed randomly;
SELECT 15000000
load.06.public.load_customer_address.sh|2024-04-09 06:20:37|2024-04-09 06:21:21|44
drop table if exists public.load_customer_address;
DROP TABLE
create table public.load_customer_address as select * from tpcds.customer_address distributed randomly;
SELECT 15000000
load.06.public.load_customer_address.sh|2024-04-09 06:21:22|2024-04-09 06:21:59|37
drop table if exists public.load_customer_address;
DROP TABLE
create table public.load_customer_address as select * from tpcds.customer_address distributed randomly;
SELECT 15000000
load.06.public.load_customer_address.sh|2024-04-09 06:22:00|2024-04-09 06:22:35|35
drop table if exists public.load_customer_address;
DROP TABLE
create table public.load_customer_address as select * from tpcds.customer_address distributed randomly;
SELECT 15000000
load.06.public.load_customer_address.sh|2024-04-09 06:22:36|2024-04-09 06:22:58|22
drop table if exists public.load_customer_address;
DROP TABLE
create table public.load_customer_address as select * from tpcds.customer_address distributed randomly;
SELECT 15000000
load.06.public.load_customer_address.sh|2024-04-09 06:22:59|2024-04-09 06:23:29|30
drop table if exists public.load_customer_address;
DROP TABLE
create table public.load_customer_address as select * from tpcds.customer_address distributed randomly;
SELECT 15000000
load.06.public.load_customer_address.sh|2024-04-09 06:23:30|2024-04-09 06:23:58|28
drop table if exists public.load_customer_address;
DROP TABLE
create table public.load_customer_address as select * from tpcds.customer_address distributed randomly;
SELECT 15000000
load.06.public.load_customer_address.sh|2024-04-09 06:23:59|2024-04-09 06:24:31|32
drop table if exists public.load_customer_address;
DROP TABLE
create table public.load_customer_address as select * from tpcds.customer_address distributed randomly;
SELECT 15000000
load.06.public.load_customer_address.sh|2024-04-09 06:24:32|2024-04-09 06:25:27|55
drop table if exists public.load_customer_address;
DROP TABLE
create table public.load_customer_address as select * from tpcds.customer_address distributed randomly;
SELECT 15000000
load.06.public.load_customer_address.sh|2024-04-09 06:25:28|2024-04-09 06:26:18|50
drop table if exists public.load_customer_address;
DROP TABLE
create table public.load_customer_address as select * from tpcds.customer_address distributed randomly;
SELECT 15000000
load.06.public.load_customer_address.sh|2024-04-09 06:26:19|2024-04-09 06:26:59|40
drop table if exists public.load_customer_address;
DROP TABLE
create table public.load_customer_address as select * from tpcds.customer_address distributed randomly;
SELECT 15000000
load.06.public.load_customer_address.sh|2024-04-09 06:27:00|2024-04-09 06:27:31|31
drop table if exists public.load_customer_address;
DROP TABLE
create table public.load_customer_address as select * from tpcds.customer_address distributed randomly;
SELECT 15000000
load.06.public.load_customer_address.sh|2024-04-09 06:27:32|2024-04-09 06:27:58|26
drop table if exists public.load_customer_address;
DROP TABLE
create table public.load_customer_address as select * from tpcds.customer_address distributed randomly;
SELECT 15000000
load.06.public.load_customer_address.sh|2024-04-09 06:27:59|2024-04-09 06:28:31|32
drop table if exists public.load_customer_address;
DROP TABLE
create table public.load_customer_address as select * from tpcds.customer_address distributed randomly;
SELECT 15000000
load.06.public.load_customer_address.sh|2024-04-09 06:28:32|2024-04-09 06:28:57|25
drop table if exists public.load_customer_address;
DROP TABLE
create table public.load_customer_address as select * from tpcds.customer_address distributed randomly;
SELECT 15000000
load.06.public.load_customer_address.sh|2024-04-09 06:28:58|2024-04-09 06:29:24|26
drop table if exists public.load_customer_address;
DROP TABLE
create table public.load_customer_address as select * from tpcds.customer_address distributed randomly;
SELECT 15000000
load.06.public.load_customer_address.sh|2024-04-09 06:29:25|2024-04-09 06:29:58|33
drop table if exists public.load_customer_address;
DROP TABLE
create table public.load_customer_address as select * from tpcds.customer_address distributed randomly;
SELECT 15000000
load.06.public.load_customer_address.sh|2024-04-09 06:29:59|2024-04-09 06:30:42|43
drop table if exists public.load_customer_address;
DROP TABLE
create table public.load_customer_address as select * from tpcds.customer_address distributed randomly;
SELECT 15000000
load.06.public.load_customer_address.sh|2024-04-09 06:30:43|2024-04-09 06:31:24|41
drop table if exists public.load_customer_address;
DROP TABLE
create table public.load_customer_address as select * from tpcds.customer_address distributed randomly;
SELECT 15000000
load.06.public.load_customer_address.sh|2024-04-09 06:31:25|2024-04-09 06:31:53|28
drop table if exists public.load_customer_address;
DROP TABLE
create table public.load_customer_address as select * from tpcds.customer_address distributed randomly;
SELECT 15000000
load.06.public.load_customer_address.sh|2024-04-09 06:31:54|2024-04-09 06:32:23|29
drop table if exists public.load_customer_address;
DROP TABLE
create table public.load_customer_address as select * from tpcds.customer_address distributed randomly;
SELECT 15000000
load.06.public.load_customer_address.sh|2024-04-09 06:32:24|2024-04-09 06:32:56|32
drop table if exists public.load_customer_address;
DROP TABLE
create table public.load_customer_address as select * from tpcds.customer_address distributed randomly;
SELECT 15000000
load.06.public.load_customer_address.sh|2024-04-09 06:32:57|2024-04-09 06:33:18|21
drop table if exists public.load_customer_address;
DROP TABLE
create table public.load_customer_address as select * from tpcds.customer_address distributed randomly;
SELECT 15000000
load.06.public.load_customer_address.sh|2024-04-09 06:33:19|2024-04-09 06:33:31|12
drop table if exists public.load_customer_address;
DROP TABLE
create table public.load_customer_address as select * from tpcds.customer_address distributed randomly;
SELECT 15000000
load.06.public.load_customer_address.sh|2024-04-09 06:33:32|2024-04-09 06:33:53|21
drop table if exists public.load_customer_address;
DROP TABLE
create table public.load_customer_address as select * from tpcds.customer_address distributed randomly;
SELECT 15000000
load.06.public.load_customer_address.sh|2024-04-09 06:33:54|2024-04-09 06:34:13|19
drop table if exists public.load_customer_address;
DROP TABLE
create table public.load_customer_address as select * from tpcds.customer_address distributed randomly;
SELECT 15000000
load.06.public.load_customer_address.sh|2024-04-09 06:34:14|2024-04-09 06:34:48|34
drop table if exists public.load_customer_address;
DROP TABLE
create table public.load_customer_address as select * from tpcds.customer_address distributed randomly;
SELECT 15000000
load.06.public.load_customer_address.sh|2024-04-09 06:34:49|2024-04-09 06:35:35|46
drop table if exists public.load_customer_address;
DROP TABLE
create table public.load_customer_address as select * from tpcds.customer_address distributed randomly;
SELECT 15000000
load.06.public.load_customer_address.sh|2024-04-09 06:35:36|2024-04-09 06:36:15|39
drop table if exists public.load_customer_address;
DROP TABLE
create table public.load_customer_address as select * from tpcds.customer_address distributed randomly;
SELECT 15000000
load.06.public.load_customer_address.sh|2024-04-09 06:36:16|2024-04-09 06:36:52|36
drop table if exists public.load_customer_address;
DROP TABLE
create table public.load_customer_address as select * from tpcds.customer_address distributed randomly;
SELECT 15000000
load.06.public.load_customer_address.sh|2024-04-09 06:36:53|2024-04-09 06:37:42|49
drop table if exists public.load_customer_address;
DROP TABLE
create table public.load_customer_address as select * from tpcds.customer_address distributed randomly;
SELECT 15000000
load.06.public.load_customer_address.sh|2024-04-09 06:37:43|2024-04-09 06:38:12|29
drop table if exists public.load_customer_address;
DROP TABLE
create table public.load_customer_address as select * from tpcds.customer_address distributed randomly;
SELECT 15000000
load.06.public.load_customer_address.sh|2024-04-09 06:38:13|2024-04-09 06:38:53|40
drop table if exists public.load_customer_address;
DROP TABLE
create table public.load_customer_address as select * from tpcds.customer_address distributed randomly;
SELECT 15000000
load.06.public.load_customer_address.sh|2024-04-09 06:38:54|2024-04-09 06:39:34|40
drop table if exists public.load_customer_address;
DROP TABLE
create table public.load_customer_address as select * from tpcds.customer_address distributed randomly;
SELECT 15000000
load.06.public.load_customer_address.sh|2024-04-09 06:39:35|2024-04-09 06:40:27|52
drop table if exists public.load_customer_address;
DROP TABLE
create table public.load_customer_address as select * from tpcds.customer_address distributed randomly;
SELECT 15000000
load.06.public.load_customer_address.sh|2024-04-09 06:40:28|2024-04-09 06:41:14|46
drop table if exists public.load_customer_address;
DROP TABLE
create table public.load_customer_address as select * from tpcds.customer_address distributed randomly;
SELECT 15000000
load.06.public.load_customer_address.sh|2024-04-09 06:41:15|2024-04-09 06:41:58|43
drop table if exists public.load_customer_address;
DROP TABLE
create table public.load_customer_address as select * from tpcds.customer_address distributed randomly;
SELECT 15000000
load.06.public.load_customer_address.sh|2024-04-09 06:42:00|2024-04-09 06:42:29|29
drop table if exists public.load_customer_address;
DROP TABLE
create table public.load_customer_address as select * from tpcds.customer_address distributed randomly;
SELECT 15000000
load.06.public.load_customer_address.sh|2024-04-09 06:42:30|2024-04-09 06:43:14|44
drop table if exists public.load_customer_address;
DROP TABLE
create table public.load_customer_address as select * from tpcds.customer_address distributed randomly;
SELECT 15000000
load.06.public.load_customer_address.sh|2024-04-09 06:43:15|2024-04-09 06:43:42|27
drop table if exists public.load_customer_address;
DROP TABLE
create table public.load_customer_address as select * from tpcds.customer_address distributed randomly;
SELECT 15000000
load.06.public.load_customer_address.sh|2024-04-09 06:43:43|2024-04-09 06:43:57|14
drop table if exists public.load_customer_address;
DROP TABLE
create table public.load_customer_address as select * from tpcds.customer_address distributed randomly;
SELECT 15000000
load.06.public.load_customer_address.sh|2024-04-09 06:43:58|2024-04-09 06:45:15|77
drop table if exists public.load_customer_address;
DROP TABLE
create table public.load_customer_address as select * from tpcds.customer_address distributed randomly;
SELECT 15000000
load.06.public.load_customer_address.sh|2024-04-09 06:45:16|2024-04-09 06:45:58|42
drop table if exists public.load_customer_address;
DROP TABLE
create table public.load_customer_address as select * from tpcds.customer_address distributed randomly;
SELECT 15000000
load.06.public.load_customer_address.sh|2024-04-09 06:45:59|2024-04-09 06:46:32|33
drop table if exists public.load_customer_address;
DROP TABLE
create table public.load_customer_address as select * from tpcds.customer_address distributed randomly;
SELECT 15000000
load.06.public.load_customer_address.sh|2024-04-09 06:46:33|2024-04-09 06:46:46|13
drop table if exists public.load_customer_address;
DROP TABLE
create table public.load_customer_address as select * from tpcds.customer_address distributed randomly;
SELECT 15000000
load.06.public.load_customer_address.sh|2024-04-09 06:46:47|2024-04-09 06:47:04|17
drop table if exists public.load_customer_address;
DROP TABLE
create table public.load_customer_address as select * from tpcds.customer_address distributed randomly;
SELECT 15000000
load.06.public.load_customer_address.sh|2024-04-09 06:47:05|2024-04-09 06:47:20|15
drop table if exists public.load_customer_address;
DROP TABLE
create table public.load_customer_address as select * from tpcds.customer_address distributed randomly;
SELECT 15000000
load.06.public.load_customer_address.sh|2024-04-09 06:47:21|2024-04-09 06:47:43|22
drop table if exists public.load_customer_address;
DROP TABLE
create table public.load_customer_address as select * from tpcds.customer_address distributed randomly;
SELECT 15000000
load.06.public.load_customer_address.sh|2024-04-09 06:47:44|2024-04-09 06:48:10|26
drop table if exists public.load_customer_address;
DROP TABLE
create table public.load_customer_address as select * from tpcds.customer_address distributed randomly;
SELECT 15000000
load.06.public.load_customer_address.sh|2024-04-09 06:48:11|2024-04-09 06:48:52|41
drop table if exists public.load_customer_address;
DROP TABLE
create table public.load_customer_address as select * from tpcds.customer_address distributed randomly;
SELECT 15000000
load.06.public.load_customer_address.sh|2024-04-09 06:48:53|2024-04-09 06:49:42|49
drop table if exists public.load_customer_address;
DROP TABLE
create table public.load_customer_address as select * from tpcds.customer_address distributed randomly;
SELECT 15000000
load.06.public.load_customer_address.sh|2024-04-09 06:49:43|2024-04-09 06:50:23|40
drop table if exists public.load_customer_address;
DROP TABLE
create table public.load_customer_address as select * from tpcds.customer_address distributed randomly;
SELECT 15000000
load.06.public.load_customer_address.sh|2024-04-09 06:50:24|2024-04-09 06:51:12|48
drop table if exists public.load_customer_address;
DROP TABLE
create table public.load_customer_address as select * from tpcds.customer_address distributed randomly;
SELECT 15000000
load.06.public.load_customer_address.sh|2024-04-09 06:51:13|2024-04-09 06:51:40|27
drop table if exists public.load_customer_address;
DROP TABLE
create table public.load_customer_address as select * from tpcds.customer_address distributed randomly;
SELECT 15000000
load.06.public.load_customer_address.sh|2024-04-09 06:51:41|2024-04-09 06:52:04|23
drop table if exists public.load_customer_address;
DROP TABLE
create table public.load_customer_address as select * from tpcds.customer_address distributed randomly;
SELECT 15000000
load.06.public.load_customer_address.sh|2024-04-09 06:52:05|2024-04-09 06:52:38|33
drop table if exists public.load_customer_address;
DROP TABLE
create table public.load_customer_address as select * from tpcds.customer_address distributed randomly;
SELECT 15000000
load.06.public.load_customer_address.sh|2024-04-09 06:52:39|2024-04-09 06:53:05|26
drop table if exists public.load_customer_address;
DROP TABLE
create table public.load_customer_address as select * from tpcds.customer_address distributed randomly;
SELECT 15000000
load.06.public.load_customer_address.sh|2024-04-09 06:53:06|2024-04-09 06:53:30|24
drop table if exists public.load_customer_address;
DROP TABLE
create table public.load_customer_address as select * from tpcds.customer_address distributed randomly;
SELECT 15000000
load.06.public.load_customer_address.sh|2024-04-09 06:53:31|2024-04-09 06:53:58|27
drop table if exists public.load_customer_address;
DROP TABLE
create table public.load_customer_address as select * from tpcds.customer_address distributed randomly;
SELECT 15000000
load.06.public.load_customer_address.sh|2024-04-09 06:53:59|2024-04-09 06:54:56|57
drop table if exists public.load_customer_address;
DROP TABLE
create table public.load_customer_address as select * from tpcds.customer_address distributed randomly;
SELECT 15000000
load.06.public.load_customer_address.sh|2024-04-09 06:54:57|2024-04-09 06:55:46|49
drop table if exists public.load_customer_address;
DROP TABLE
create table public.load_customer_address as select * from tpcds.customer_address distributed randomly;
SELECT 15000000
load.06.public.load_customer_address.sh|2024-04-09 06:55:47|2024-04-09 06:56:40|53
drop table if exists public.load_customer_address;
DROP TABLE
create table public.load_customer_address as select * from tpcds.customer_address distributed randomly;
SELECT 15000000
load.06.public.load_customer_address.sh|2024-04-09 06:56:41|2024-04-09 06:57:18|37
drop table if exists public.load_customer_address;
DROP TABLE
create table public.load_customer_address as select * from tpcds.customer_address distributed randomly;
SELECT 15000000
load.06.public.load_customer_address.sh|2024-04-09 06:57:19|2024-04-09 06:57:56|37
drop table if exists public.load_customer_address;
DROP TABLE
create table public.load_customer_address as select * from tpcds.customer_address distributed randomly;
SELECT 15000000
load.06.public.load_customer_address.sh|2024-04-09 06:57:57|2024-04-09 06:58:34|37
drop table if exists public.load_customer_address;
DROP TABLE
create table public.load_customer_address as select * from tpcds.customer_address distributed randomly;
SELECT 15000000
load.06.public.load_customer_address.sh|2024-04-09 06:58:35|2024-04-09 06:59:05|30
drop table if exists public.load_customer_address;
DROP TABLE
create table public.load_customer_address as select * from tpcds.customer_address distributed randomly;
SELECT 15000000
load.06.public.load_customer_address.sh|2024-04-09 06:59:06|2024-04-09 06:59:53|47
drop table if exists public.load_customer_address;
DROP TABLE
create table public.load_customer_address as select * from tpcds.customer_address distributed randomly;
SELECT 15000000
load.06.public.load_customer_address.sh|2024-04-09 06:59:54|2024-04-09 07:00:48|54
drop table if exists public.load_customer_address;
DROP TABLE
create table public.load_customer_address as select * from tpcds.customer_address distributed randomly;
SELECT 15000000
load.06.public.load_customer_address.sh|2024-04-09 07:00:49|2024-04-09 07:01:31|42
drop table if exists public.load_customer_address;
DROP TABLE
create table public.load_customer_address as select * from tpcds.customer_address distributed randomly;
SELECT 15000000
load.06.public.load_customer_address.sh|2024-04-09 07:01:32|2024-04-09 07:02:04|32
drop table if exists public.load_customer_address;
DROP TABLE
create table public.load_customer_address as select * from tpcds.customer_address distributed randomly;
SELECT 15000000
load.06.public.load_customer_address.sh|2024-04-09 07:02:05|2024-04-09 07:02:38|33
drop table if exists public.load_customer_address;
DROP TABLE
create table public.load_customer_address as select * from tpcds.customer_address distributed randomly;
SELECT 15000000
load.06.public.load_customer_address.sh|2024-04-09 07:02:39|2024-04-09 07:03:17|38
drop table if exists public.load_customer_address;
DROP TABLE
create table public.load_customer_address as select * from tpcds.customer_address distributed randomly;
SELECT 15000000
load.06.public.load_customer_address.sh|2024-04-09 07:03:18|2024-04-09 07:03:39|21
drop table if exists public.load_customer_address;
DROP TABLE
create table public.load_customer_address as select * from tpcds.customer_address distributed randomly;
SELECT 15000000
load.06.public.load_customer_address.sh|2024-04-09 07:03:40|2024-04-09 07:04:05|25
drop table if exists public.load_customer_address;
DROP TABLE
create table public.load_customer_address as select * from tpcds.customer_address distributed randomly;
SELECT 15000000
load.06.public.load_customer_address.sh|2024-04-09 07:04:06|2024-04-09 07:04:51|45
drop table if exists public.load_customer_address;
DROP TABLE
create table public.load_customer_address as select * from tpcds.customer_address distributed randomly;
SELECT 15000000
load.06.public.load_customer_address.sh|2024-04-09 07:04:52|2024-04-09 07:05:58|66
drop table if exists public.load_customer_address;
DROP TABLE
create table public.load_customer_address as select * from tpcds.customer_address distributed randomly;
SELECT 15000000
load.06.public.load_customer_address.sh|2024-04-09 07:05:59|2024-04-09 07:06:32|33
drop table if exists public.load_customer_address;
DROP TABLE
create table public.load_customer_address as select * from tpcds.customer_address distributed randomly;
SELECT 15000000
load.06.public.load_customer_address.sh|2024-04-09 07:06:33|2024-04-09 07:07:03|30
drop table if exists public.load_customer_address;
DROP TABLE
create table public.load_customer_address as select * from tpcds.customer_address distributed randomly;
SELECT 15000000
load.06.public.load_customer_address.sh|2024-04-09 07:07:04|2024-04-09 07:07:25|21
drop table if exists public.load_customer_address;
DROP TABLE
create table public.load_customer_address as select * from tpcds.customer_address distributed randomly;
SELECT 15000000
load.06.public.load_customer_address.sh|2024-04-09 07:07:26|2024-04-09 07:07:44|18
drop table if exists public.load_customer_address;
DROP TABLE
create table public.load_customer_address as select * from tpcds.customer_address distributed randomly;
SELECT 15000000
load.06.public.load_customer_address.sh|2024-04-09 07:07:45|2024-04-09 07:08:08|23
drop table if exists public.load_customer_address;
DROP TABLE
create table public.load_customer_address as select * from tpcds.customer_address distributed randomly;
SELECT 15000000
load.06.public.load_customer_address.sh|2024-04-09 07:08:09|2024-04-09 07:08:39|30
drop table if exists public.load_customer_address;
DROP TABLE
create table public.load_customer_address as select * from tpcds.customer_address distributed randomly;
SELECT 15000000
load.06.public.load_customer_address.sh|2024-04-09 07:08:40|2024-04-09 07:09:23|43
drop table if exists public.load_customer_address;
DROP TABLE
create table public.load_customer_address as select * from tpcds.customer_address distributed randomly;
SELECT 15000000
load.06.public.load_customer_address.sh|2024-04-09 07:09:24|2024-04-09 07:10:13|49
drop table if exists public.load_customer_address;
DROP TABLE
create table public.load_customer_address as select * from tpcds.customer_address distributed randomly;
SELECT 15000000
load.06.public.load_customer_address.sh|2024-04-09 07:10:14|2024-04-09 07:10:43|29
drop table if exists public.load_customer_address;
DROP TABLE
create table public.load_customer_address as select * from tpcds.customer_address distributed randomly;
SELECT 15000000
load.06.public.load_customer_address.sh|2024-04-09 07:10:44|2024-04-09 07:11:07|23
drop table if exists public.load_customer_address;
DROP TABLE
create table public.load_customer_address as select * from tpcds.customer_address distributed randomly;
SELECT 15000000
load.06.public.load_customer_address.sh|2024-04-09 07:11:08|2024-04-09 07:11:36|28
drop table if exists public.load_customer_address;
DROP TABLE
create table public.load_customer_address as select * from tpcds.customer_address distributed randomly;
SELECT 15000000
load.06.public.load_customer_address.sh|2024-04-09 07:11:37|2024-04-09 07:12:00|23
drop table if exists public.load_customer_address;
DROP TABLE
create table public.load_customer_address as select * from tpcds.customer_address distributed randomly;
SELECT 15000000
load.06.public.load_customer_address.sh|2024-04-09 07:12:01|2024-04-09 07:12:19|18
drop table if exists public.load_customer_address;
DROP TABLE
create table public.load_customer_address as select * from tpcds.customer_address distributed randomly;
SELECT 15000000
load.06.public.load_customer_address.sh|2024-04-09 07:12:20|2024-04-09 07:12:42|22
drop table if exists public.load_customer_address;
DROP TABLE
create table public.load_customer_address as select * from tpcds.customer_address distributed randomly;
SELECT 15000000
load.06.public.load_customer_address.sh|2024-04-09 07:12:43|2024-04-09 07:13:17|34
drop table if exists public.load_customer_address;
DROP TABLE
create table public.load_customer_address as select * from tpcds.customer_address distributed randomly;
SELECT 15000000
load.06.public.load_customer_address.sh|2024-04-09 07:13:18|2024-04-09 07:13:37|19
drop table if exists public.load_customer_address;
DROP TABLE
create table public.load_customer_address as select * from tpcds.customer_address distributed randomly;
SELECT 15000000
load.06.public.load_customer_address.sh|2024-04-09 07:13:38|2024-04-09 07:14:38|60
drop table if exists public.load_customer_address;
DROP TABLE
create table public.load_customer_address as select * from tpcds.customer_address distributed randomly;
SELECT 15000000
load.06.public.load_customer_address.sh|2024-04-09 07:14:39|2024-04-09 07:15:17|38
drop table if exists public.load_customer_address;
DROP TABLE
create table public.load_customer_address as select * from tpcds.customer_address distributed randomly;
SELECT 15000000
load.06.public.load_customer_address.sh|2024-04-09 07:15:18|2024-04-09 07:15:50|32
drop table if exists public.load_customer_address;
DROP TABLE
create table public.load_customer_address as select * from tpcds.customer_address distributed randomly;
SELECT 15000000
load.06.public.load_customer_address.sh|2024-04-09 07:15:51|2024-04-09 07:16:16|25
drop table if exists public.load_customer_address;
DROP TABLE
create table public.load_customer_address as select * from tpcds.customer_address distributed randomly;
SELECT 15000000
load.06.public.load_customer_address.sh|2024-04-09 07:16:17|2024-04-09 07:16:56|39
drop table if exists public.load_customer_address;
DROP TABLE
create table public.load_customer_address as select * from tpcds.customer_address distributed randomly;
SELECT 15000000
load.06.public.load_customer_address.sh|2024-04-09 07:16:57|2024-04-09 07:17:31|34
drop table if exists public.load_customer_address;
DROP TABLE
create table public.load_customer_address as select * from tpcds.customer_address distributed randomly;
SELECT 15000000
load.06.public.load_customer_address.sh|2024-04-09 07:17:32|2024-04-09 07:18:01|29
drop table if exists public.load_customer_address;
DROP TABLE
create table public.load_customer_address as select * from tpcds.customer_address distributed randomly;
SELECT 15000000
load.06.public.load_customer_address.sh|2024-04-09 07:18:02|2024-04-09 07:19:00|58
drop table if exists public.load_customer_address;
DROP TABLE
create table public.load_customer_address as select * from tpcds.customer_address distributed randomly;
SELECT 15000000
load.06.public.load_customer_address.sh|2024-04-09 07:19:01|2024-04-09 07:20:07|66
drop table if exists public.load_customer_address;
DROP TABLE
create table public.load_customer_address as select * from tpcds.customer_address distributed randomly;
SELECT 15000000
load.06.public.load_customer_address.sh|2024-04-09 07:20:08|2024-04-09 07:21:01|53
drop table if exists public.load_customer_address;
DROP TABLE
create table public.load_customer_address as select * from tpcds.customer_address distributed randomly;
SELECT 15000000
load.06.public.load_customer_address.sh|2024-04-09 07:21:02|2024-04-09 07:21:31|29
drop table if exists public.load_customer_address;
DROP TABLE
create table public.load_customer_address as select * from tpcds.customer_address distributed randomly;
SELECT 15000000
load.06.public.load_customer_address.sh|2024-04-09 07:21:32|2024-04-09 07:22:00|28
drop table if exists public.load_customer_address;
DROP TABLE
create table public.load_customer_address as select * from tpcds.customer_address distributed randomly;
SELECT 15000000
load.06.public.load_customer_address.sh|2024-04-09 07:22:01|2024-04-09 07:22:31|30
drop table if exists public.load_customer_address;
DROP TABLE
create table public.load_customer_address as select * from tpcds.customer_address distributed randomly;
SELECT 15000000
load.06.public.load_customer_address.sh|2024-04-09 07:22:32|2024-04-09 07:22:57|25
drop table if exists public.load_customer_address;
DROP TABLE
create table public.load_customer_address as select * from tpcds.customer_address distributed randomly;
SELECT 15000000
load.06.public.load_customer_address.sh|2024-04-09 07:22:58|2024-04-09 07:23:17|19
drop table if exists public.load_customer_address;
DROP TABLE
create table public.load_customer_address as select * from tpcds.customer_address distributed randomly;
SELECT 15000000
load.06.public.load_customer_address.sh|2024-04-09 07:23:18|2024-04-09 07:23:38|20
drop table if exists public.load_customer_address;
DROP TABLE
create table public.load_customer_address as select * from tpcds.customer_address distributed randomly;
SELECT 15000000
load.06.public.load_customer_address.sh|2024-04-09 07:23:39|2024-04-09 07:24:29|50
drop table if exists public.load_customer_address;
DROP TABLE
create table public.load_customer_address as select * from tpcds.customer_address distributed randomly;
SELECT 15000000
load.06.public.load_customer_address.sh|2024-04-09 07:24:30|2024-04-09 07:25:07|37
drop table if exists public.load_customer_address;
DROP TABLE
create table public.load_customer_address as select * from tpcds.customer_address distributed randomly;
SELECT 15000000
load.06.public.load_customer_address.sh|2024-04-09 07:25:08|2024-04-09 07:25:44|36
drop table if exists public.load_customer_address;
DROP TABLE
create table public.load_customer_address as select * from tpcds.customer_address distributed randomly;
SELECT 15000000
load.06.public.load_customer_address.sh|2024-04-09 07:25:45|2024-04-09 07:26:24|39
drop table if exists public.load_customer_address;
DROP TABLE
create table public.load_customer_address as select * from tpcds.customer_address distributed randomly;
SELECT 15000000
load.06.public.load_customer_address.sh|2024-04-09 07:26:25|2024-04-09 07:26:43|18
drop table if exists public.load_customer_address;
DROP TABLE
create table public.load_customer_address as select * from tpcds.customer_address distributed randomly;
SELECT 15000000
load.06.public.load_customer_address.sh|2024-04-09 07:26:44|2024-04-09 07:26:59|15
drop table if exists public.load_customer_address;
DROP TABLE
create table public.load_customer_address as select * from tpcds.customer_address distributed randomly;
SELECT 15000000
load.06.public.load_customer_address.sh|2024-04-09 07:27:00|2024-04-09 07:27:21|21
drop table if exists public.load_customer_address;
DROP TABLE
create table public.load_customer_address as select * from tpcds.customer_address distributed randomly;
SELECT 15000000
load.06.public.load_customer_address.sh|2024-04-09 07:27:22|2024-04-09 07:27:42|20
drop table if exists public.load_customer_address;
DROP TABLE
create table public.load_customer_address as select * from tpcds.customer_address distributed randomly;
SELECT 15000000
load.06.public.load_customer_address.sh|2024-04-09 07:27:43|2024-04-09 07:28:01|18
drop table if exists public.load_customer_address;
DROP TABLE
create table public.load_customer_address as select * from tpcds.customer_address distributed randomly;
SELECT 15000000
load.06.public.load_customer_address.sh|2024-04-09 07:28:02|2024-04-09 07:28:16|14
drop table if exists public.load_customer_address;
DROP TABLE
create table public.load_customer_address as select * from tpcds.customer_address distributed randomly;
SELECT 15000000
load.06.public.load_customer_address.sh|2024-04-09 07:28:17|2024-04-09 07:28:31|14
drop table if exists public.load_customer_address;
DROP TABLE
create table public.load_customer_address as select * from tpcds.customer_address distributed randomly;
SELECT 15000000
load.06.public.load_customer_address.sh|2024-04-09 07:28:32|2024-04-09 07:29:04|32
drop table if exists public.load_customer_address;
DROP TABLE
create table public.load_customer_address as select * from tpcds.customer_address distributed randomly;
SELECT 15000000
load.06.public.load_customer_address.sh|2024-04-09 07:29:05|2024-04-09 07:29:29|24
drop table if exists public.load_customer_address;
DROP TABLE
create table public.load_customer_address as select * from tpcds.customer_address distributed randomly;
SELECT 15000000
load.06.public.load_customer_address.sh|2024-04-09 07:29:30|2024-04-09 07:30:31|61
drop table if exists public.load_customer_address;
DROP TABLE
create table public.load_customer_address as select * from tpcds.customer_address distributed randomly;
SELECT 15000000
load.06.public.load_customer_address.sh|2024-04-09 07:30:32|2024-04-09 07:31:13|41
drop table if exists public.load_customer_address;
DROP TABLE
create table public.load_customer_address as select * from tpcds.customer_address distributed randomly;
SELECT 15000000
load.06.public.load_customer_address.sh|2024-04-09 07:31:14|2024-04-09 07:31:34|20
drop table if exists public.load_customer_address;
DROP TABLE
create table public.load_customer_address as select * from tpcds.customer_address distributed randomly;
SELECT 15000000
load.06.public.load_customer_address.sh|2024-04-09 07:31:35|2024-04-09 07:31:59|24
drop table if exists public.load_customer_address;
DROP TABLE
create table public.load_customer_address as select * from tpcds.customer_address distributed randomly;
SELECT 15000000
load.06.public.load_customer_address.sh|2024-04-09 07:32:00|2024-04-09 07:32:34|34
drop table if exists public.load_customer_address;
DROP TABLE
create table public.load_customer_address as select * from tpcds.customer_address distributed randomly;
SELECT 15000000
load.06.public.load_customer_address.sh|2024-04-09 07:32:35|2024-04-09 07:33:08|33
drop table if exists public.load_customer_address;
DROP TABLE
create table public.load_customer_address as select * from tpcds.customer_address distributed randomly;
SELECT 15000000
load.06.public.load_customer_address.sh|2024-04-09 07:33:09|2024-04-09 07:33:50|41
drop table if exists public.load_customer_address;
DROP TABLE
create table public.load_customer_address as select * from tpcds.customer_address distributed randomly;
SELECT 15000000
load.06.public.load_customer_address.sh|2024-04-09 07:33:51|2024-04-09 07:34:20|29
drop table if exists public.load_customer_address;
DROP TABLE
create table public.load_customer_address as select * from tpcds.customer_address distributed randomly;
SELECT 15000000
load.06.public.load_customer_address.sh|2024-04-09 07:34:21|2024-04-09 07:35:21|60
drop table if exists public.load_customer_address;
DROP TABLE
create table public.load_customer_address as select * from tpcds.customer_address distributed randomly;
SELECT 15000000
load.06.public.load_customer_address.sh|2024-04-09 07:35:22|2024-04-09 07:36:13|51
drop table if exists public.load_customer_address;
DROP TABLE
create table public.load_customer_address as select * from tpcds.customer_address distributed randomly;
SELECT 15000000
load.06.public.load_customer_address.sh|2024-04-09 07:36:14|2024-04-09 07:36:50|36
drop table if exists public.load_customer_address;
DROP TABLE
create table public.load_customer_address as select * from tpcds.customer_address distributed randomly;
SELECT 15000000
load.06.public.load_customer_address.sh|2024-04-09 07:36:51|2024-04-09 07:37:27|36
drop table if exists public.load_customer_address;
DROP TABLE
create table public.load_customer_address as select * from tpcds.customer_address distributed randomly;
SELECT 15000000
load.06.public.load_customer_address.sh|2024-04-09 07:37:28|2024-04-09 07:37:49|21
drop table if exists public.load_customer_address;
DROP TABLE
create table public.load_customer_address as select * from tpcds.customer_address distributed randomly;
SELECT 15000000
load.06.public.load_customer_address.sh|2024-04-09 07:37:50|2024-04-09 07:38:12|22
drop table if exists public.load_customer_address;
DROP TABLE
create table public.load_customer_address as select * from tpcds.customer_address distributed randomly;
SELECT 15000000
load.06.public.load_customer_address.sh|2024-04-09 07:38:13|2024-04-09 07:39:06|53
drop table if exists public.load_customer_address;
DROP TABLE
create table public.load_customer_address as select * from tpcds.customer_address distributed randomly;
SELECT 15000000
load.06.public.load_customer_address.sh|2024-04-09 07:39:07|2024-04-09 07:39:52|45
drop table if exists public.load_customer_address;
DROP TABLE
create table public.load_customer_address as select * from tpcds.customer_address distributed randomly;
SELECT 15000000
load.06.public.load_customer_address.sh|2024-04-09 07:39:53|2024-04-09 07:40:53|60
drop table if exists public.load_customer_address;
DROP TABLE
create table public.load_customer_address as select * from tpcds.customer_address distributed randomly;
SELECT 15000000
load.06.public.load_customer_address.sh|2024-04-09 07:40:54|2024-04-09 07:41:35|41
drop table if exists public.load_customer_address;
DROP TABLE
create table public.load_customer_address as select * from tpcds.customer_address distributed randomly;
SELECT 15000000
load.06.public.load_customer_address.sh|2024-04-09 07:41:36|2024-04-09 07:41:59|23
drop table if exists public.load_customer_address;
DROP TABLE
create table public.load_customer_address as select * from tpcds.customer_address distributed randomly;
SELECT 15000000
load.06.public.load_customer_address.sh|2024-04-09 07:42:00|2024-04-09 07:42:22|22
drop table if exists public.load_customer_address;
DROP TABLE
create table public.load_customer_address as select * from tpcds.customer_address distributed randomly;
SELECT 15000000
load.06.public.load_customer_address.sh|2024-04-09 07:42:23|2024-04-09 07:42:51|28
drop table if exists public.load_customer_address;
DROP TABLE
create table public.load_customer_address as select * from tpcds.customer_address distributed randomly;
SELECT 15000000
load.06.public.load_customer_address.sh|2024-04-09 07:42:52|2024-04-09 07:43:26|34
drop table if exists public.load_customer_address;
DROP TABLE
create table public.load_customer_address as select * from tpcds.customer_address distributed randomly;
SELECT 15000000
load.06.public.load_customer_address.sh|2024-04-09 07:43:27|2024-04-09 07:43:50|23
drop table if exists public.load_customer_address;
DROP TABLE
create table public.load_customer_address as select * from tpcds.customer_address distributed randomly;
SELECT 15000000
load.06.public.load_customer_address.sh|2024-04-09 07:43:51|2024-04-09 07:44:14|23
drop table if exists public.load_customer_address;
DROP TABLE
create table public.load_customer_address as select * from tpcds.customer_address distributed randomly;
SELECT 15000000
load.06.public.load_customer_address.sh|2024-04-09 07:44:15|2024-04-09 07:45:05|50
drop table if exists public.load_customer_address;
DROP TABLE
create table public.load_customer_address as select * from tpcds.customer_address distributed randomly;
SELECT 15000000
load.06.public.load_customer_address.sh|2024-04-09 07:45:06|2024-04-09 07:46:02|56
drop table if exists public.load_customer_address;
DROP TABLE
create table public.load_customer_address as select * from tpcds.customer_address distributed randomly;
SELECT 15000000
load.06.public.load_customer_address.sh|2024-04-09 07:46:03|2024-04-09 07:46:59|56
drop table if exists public.load_customer_address;
DROP TABLE
create table public.load_customer_address as select * from tpcds.customer_address distributed randomly;
SELECT 15000000
load.06.public.load_customer_address.sh|2024-04-09 07:47:00|2024-04-09 07:47:43|43
drop table if exists public.load_customer_address;
DROP TABLE
create table public.load_customer_address as select * from tpcds.customer_address distributed randomly;
SELECT 15000000
load.06.public.load_customer_address.sh|2024-04-09 07:47:44|2024-04-09 07:48:11|27
drop table if exists public.load_customer_address;
DROP TABLE
create table public.load_customer_address as select * from tpcds.customer_address distributed randomly;
SELECT 15000000
load.06.public.load_customer_address.sh|2024-04-09 07:48:12|2024-04-09 07:48:38|26
drop table if exists public.load_customer_address;
DROP TABLE
create table public.load_customer_address as select * from tpcds.customer_address distributed randomly;
SELECT 15000000
load.06.public.load_customer_address.sh|2024-04-09 07:48:39|2024-04-09 07:49:03|24
drop table if exists public.load_customer_address;
DROP TABLE
create table public.load_customer_address as select * from tpcds.customer_address distributed randomly;
SELECT 15000000
load.06.public.load_customer_address.sh|2024-04-09 07:49:04|2024-04-09 07:49:27|23
drop table if exists public.load_customer_address;
DROP TABLE
create table public.load_customer_address as select * from tpcds.customer_address distributed randomly;
SELECT 15000000
load.06.public.load_customer_address.sh|2024-04-09 07:49:28|2024-04-09 07:50:33|65
drop table if exists public.load_customer_address;
DROP TABLE
create table public.load_customer_address as select * from tpcds.customer_address distributed randomly;
SELECT 15000000
load.06.public.load_customer_address.sh|2024-04-09 07:50:34|2024-04-09 07:51:22|48
drop table if exists public.load_customer_address;
DROP TABLE
create table public.load_customer_address as select * from tpcds.customer_address distributed randomly;
SELECT 15000000
load.06.public.load_customer_address.sh|2024-04-09 07:51:23|2024-04-09 07:52:15|52
drop table if exists public.load_customer_address;
DROP TABLE
create table public.load_customer_address as select * from tpcds.customer_address distributed randomly;
SELECT 15000000
load.06.public.load_customer_address.sh|2024-04-09 07:52:16|2024-04-09 07:52:48|32
drop table if exists public.load_customer_address;
DROP TABLE
create table public.load_customer_address as select * from tpcds.customer_address distributed randomly;
SELECT 15000000
load.06.public.load_customer_address.sh|2024-04-09 07:52:49|2024-04-09 07:53:27|38
drop table if exists public.load_customer_address;
DROP TABLE
create table public.load_customer_address as select * from tpcds.customer_address distributed randomly;
ERROR:  canceling statement due to user request
load.06.public.load_customer_address.sh|2024-04-09 07:53:28|2024-04-09 07:54:09|41
