drop table if exists public.load_household_demographics;
NOTICE:  table "load_household_demographics" does not exist, skipping
DROP TABLE
create table public.load_household_demographics as select * from tpcds.household_demographics distributed randomly;
SELECT 7200
load.09.public.load_household_demographics.sh|2024-03-19 21:18:04|2024-03-19 21:18:27|23
drop table if exists public.load_household_demographics;
DROP TABLE
create table public.load_household_demographics as select * from tpcds.household_demographics distributed randomly;
SELECT 7200
load.09.public.load_household_demographics.sh|2024-03-19 21:18:28|2024-03-19 21:18:48|20
drop table if exists public.load_household_demographics;
DROP TABLE
create table public.load_household_demographics as select * from tpcds.household_demographics distributed randomly;
SELECT 7200
load.09.public.load_household_demographics.sh|2024-03-19 21:18:49|2024-03-19 21:19:26|37
drop table if exists public.load_household_demographics;
DROP TABLE
create table public.load_household_demographics as select * from tpcds.household_demographics distributed randomly;
SELECT 7200
load.09.public.load_household_demographics.sh|2024-03-19 21:19:27|2024-03-19 21:19:52|25
drop table if exists public.load_household_demographics;
DROP TABLE
create table public.load_household_demographics as select * from tpcds.household_demographics distributed randomly;
SELECT 7200
load.09.public.load_household_demographics.sh|2024-03-19 21:19:53|2024-03-19 21:20:24|31
drop table if exists public.load_household_demographics;
DROP TABLE
create table public.load_household_demographics as select * from tpcds.household_demographics distributed randomly;
SELECT 7200
load.09.public.load_household_demographics.sh|2024-03-19 21:20:25|2024-03-19 21:21:22|57
drop table if exists public.load_household_demographics;
DROP TABLE
create table public.load_household_demographics as select * from tpcds.household_demographics distributed randomly;
SELECT 7200
load.09.public.load_household_demographics.sh|2024-03-19 21:21:23|2024-03-19 21:21:48|25
drop table if exists public.load_household_demographics;
DROP TABLE
create table public.load_household_demographics as select * from tpcds.household_demographics distributed randomly;
SELECT 7200
load.09.public.load_household_demographics.sh|2024-03-19 21:21:49|2024-03-19 21:22:37|48
drop table if exists public.load_household_demographics;
DROP TABLE
create table public.load_household_demographics as select * from tpcds.household_demographics distributed randomly;
SELECT 7200
load.09.public.load_household_demographics.sh|2024-03-19 21:22:38|2024-03-19 21:23:01|23
drop table if exists public.load_household_demographics;
DROP TABLE
create table public.load_household_demographics as select * from tpcds.household_demographics distributed randomly;
SELECT 7200
load.09.public.load_household_demographics.sh|2024-03-19 21:23:02|2024-03-19 21:23:28|26
drop table if exists public.load_household_demographics;
DROP TABLE
create table public.load_household_demographics as select * from tpcds.household_demographics distributed randomly;
SELECT 7200
load.09.public.load_household_demographics.sh|2024-03-19 21:23:29|2024-03-19 21:23:53|24
drop table if exists public.load_household_demographics;
DROP TABLE
create table public.load_household_demographics as select * from tpcds.household_demographics distributed randomly;
SELECT 7200
load.09.public.load_household_demographics.sh|2024-03-19 21:23:54|2024-03-19 21:24:25|31
drop table if exists public.load_household_demographics;
DROP TABLE
create table public.load_household_demographics as select * from tpcds.household_demographics distributed randomly;
SELECT 7200
load.09.public.load_household_demographics.sh|2024-03-19 21:24:26|2024-03-19 21:24:52|26
drop table if exists public.load_household_demographics;
DROP TABLE
create table public.load_household_demographics as select * from tpcds.household_demographics distributed randomly;
SELECT 7200
load.09.public.load_household_demographics.sh|2024-03-19 21:24:53|2024-03-19 21:25:13|20
drop table if exists public.load_household_demographics;
DROP TABLE
create table public.load_household_demographics as select * from tpcds.household_demographics distributed randomly;
SELECT 7200
load.09.public.load_household_demographics.sh|2024-03-19 21:25:14|2024-03-19 21:25:26|12
drop table if exists public.load_household_demographics;
DROP TABLE
create table public.load_household_demographics as select * from tpcds.household_demographics distributed randomly;
SELECT 7200
load.09.public.load_household_demographics.sh|2024-03-19 21:25:27|2024-03-19 21:25:41|14
drop table if exists public.load_household_demographics;
DROP TABLE
create table public.load_household_demographics as select * from tpcds.household_demographics distributed randomly;
SELECT 7200
load.09.public.load_household_demographics.sh|2024-03-19 21:25:42|2024-03-19 21:25:51|9
drop table if exists public.load_household_demographics;
DROP TABLE
create table public.load_household_demographics as select * from tpcds.household_demographics distributed randomly;
SELECT 7200
load.09.public.load_household_demographics.sh|2024-03-19 21:25:52|2024-03-19 21:26:22|30
drop table if exists public.load_household_demographics;
DROP TABLE
create table public.load_household_demographics as select * from tpcds.household_demographics distributed randomly;
SELECT 7200
load.09.public.load_household_demographics.sh|2024-03-19 21:26:23|2024-03-19 21:26:39|16
drop table if exists public.load_household_demographics;
DROP TABLE
create table public.load_household_demographics as select * from tpcds.household_demographics distributed randomly;
SELECT 7200
load.09.public.load_household_demographics.sh|2024-03-19 21:26:40|2024-03-19 21:26:54|14
drop table if exists public.load_household_demographics;
DROP TABLE
create table public.load_household_demographics as select * from tpcds.household_demographics distributed randomly;
SELECT 7200
load.09.public.load_household_demographics.sh|2024-03-19 21:26:55|2024-03-19 21:27:34|39
drop table if exists public.load_household_demographics;
DROP TABLE
create table public.load_household_demographics as select * from tpcds.household_demographics distributed randomly;
SELECT 7200
load.09.public.load_household_demographics.sh|2024-03-19 21:27:35|2024-03-19 21:28:08|33
drop table if exists public.load_household_demographics;
DROP TABLE
create table public.load_household_demographics as select * from tpcds.household_demographics distributed randomly;
SELECT 7200
load.09.public.load_household_demographics.sh|2024-03-19 21:28:09|2024-03-19 21:28:37|28
drop table if exists public.load_household_demographics;
DROP TABLE
create table public.load_household_demographics as select * from tpcds.household_demographics distributed randomly;
SELECT 7200
load.09.public.load_household_demographics.sh|2024-03-19 21:28:38|2024-03-19 21:28:58|20
drop table if exists public.load_household_demographics;
DROP TABLE
create table public.load_household_demographics as select * from tpcds.household_demographics distributed randomly;
SELECT 7200
load.09.public.load_household_demographics.sh|2024-03-19 21:28:59|2024-03-19 21:29:46|47
drop table if exists public.load_household_demographics;
DROP TABLE
create table public.load_household_demographics as select * from tpcds.household_demographics distributed randomly;
SELECT 7200
load.09.public.load_household_demographics.sh|2024-03-19 21:29:47|2024-03-19 21:30:09|22
drop table if exists public.load_household_demographics;
DROP TABLE
create table public.load_household_demographics as select * from tpcds.household_demographics distributed randomly;
SELECT 7200
load.09.public.load_household_demographics.sh|2024-03-19 21:30:10|2024-03-19 21:30:49|39
drop table if exists public.load_household_demographics;
DROP TABLE
create table public.load_household_demographics as select * from tpcds.household_demographics distributed randomly;
SELECT 7200
load.09.public.load_household_demographics.sh|2024-03-19 21:30:50|2024-03-19 21:31:23|33
drop table if exists public.load_household_demographics;
DROP TABLE
create table public.load_household_demographics as select * from tpcds.household_demographics distributed randomly;
SELECT 7200
load.09.public.load_household_demographics.sh|2024-03-19 21:31:24|2024-03-19 21:31:34|10
drop table if exists public.load_household_demographics;
DROP TABLE
create table public.load_household_demographics as select * from tpcds.household_demographics distributed randomly;
SELECT 7200
load.09.public.load_household_demographics.sh|2024-03-19 21:31:35|2024-03-19 21:31:49|14
drop table if exists public.load_household_demographics;
DROP TABLE
create table public.load_household_demographics as select * from tpcds.household_demographics distributed randomly;
SELECT 7200
load.09.public.load_household_demographics.sh|2024-03-19 21:31:50|2024-03-19 21:32:23|33
drop table if exists public.load_household_demographics;
DROP TABLE
create table public.load_household_demographics as select * from tpcds.household_demographics distributed randomly;
SELECT 7200
load.09.public.load_household_demographics.sh|2024-03-19 21:32:24|2024-03-19 21:32:34|10
drop table if exists public.load_household_demographics;
DROP TABLE
create table public.load_household_demographics as select * from tpcds.household_demographics distributed randomly;
SELECT 7200
load.09.public.load_household_demographics.sh|2024-03-19 21:32:35|2024-03-19 21:32:53|18
drop table if exists public.load_household_demographics;
DROP TABLE
create table public.load_household_demographics as select * from tpcds.household_demographics distributed randomly;
SELECT 7200
load.09.public.load_household_demographics.sh|2024-03-19 21:32:54|2024-03-19 21:33:08|14
drop table if exists public.load_household_demographics;
DROP TABLE
create table public.load_household_demographics as select * from tpcds.household_demographics distributed randomly;
SELECT 7200
load.09.public.load_household_demographics.sh|2024-03-19 21:33:09|2024-03-19 21:33:28|19
drop table if exists public.load_household_demographics;
DROP TABLE
create table public.load_household_demographics as select * from tpcds.household_demographics distributed randomly;
SELECT 7200
load.09.public.load_household_demographics.sh|2024-03-19 21:33:29|2024-03-19 21:34:03|34
drop table if exists public.load_household_demographics;
DROP TABLE
create table public.load_household_demographics as select * from tpcds.household_demographics distributed randomly;
SELECT 7200
load.09.public.load_household_demographics.sh|2024-03-19 21:34:04|2024-03-19 21:34:49|45
drop table if exists public.load_household_demographics;
DROP TABLE
create table public.load_household_demographics as select * from tpcds.household_demographics distributed randomly;
SELECT 7200
load.09.public.load_household_demographics.sh|2024-03-19 21:34:50|2024-03-19 21:35:10|20
drop table if exists public.load_household_demographics;
DROP TABLE
create table public.load_household_demographics as select * from tpcds.household_demographics distributed randomly;
SELECT 7200
load.09.public.load_household_demographics.sh|2024-03-19 21:35:11|2024-03-19 21:35:47|36
drop table if exists public.load_household_demographics;
DROP TABLE
create table public.load_household_demographics as select * from tpcds.household_demographics distributed randomly;
SELECT 7200
load.09.public.load_household_demographics.sh|2024-03-19 21:35:48|2024-03-19 21:36:09|21
drop table if exists public.load_household_demographics;
DROP TABLE
create table public.load_household_demographics as select * from tpcds.household_demographics distributed randomly;
SELECT 7200
load.09.public.load_household_demographics.sh|2024-03-19 21:36:10|2024-03-19 21:36:24|14
drop table if exists public.load_household_demographics;
DROP TABLE
create table public.load_household_demographics as select * from tpcds.household_demographics distributed randomly;
SELECT 7200
load.09.public.load_household_demographics.sh|2024-03-19 21:36:25|2024-03-19 21:36:58|33
drop table if exists public.load_household_demographics;
DROP TABLE
create table public.load_household_demographics as select * from tpcds.household_demographics distributed randomly;
SELECT 7200
load.09.public.load_household_demographics.sh|2024-03-19 21:36:59|2024-03-19 21:37:23|24
drop table if exists public.load_household_demographics;
DROP TABLE
create table public.load_household_demographics as select * from tpcds.household_demographics distributed randomly;
SELECT 7200
load.09.public.load_household_demographics.sh|2024-03-19 21:37:24|2024-03-19 21:37:41|17
drop table if exists public.load_household_demographics;
DROP TABLE
create table public.load_household_demographics as select * from tpcds.household_demographics distributed randomly;
SELECT 7200
load.09.public.load_household_demographics.sh|2024-03-19 21:37:42|2024-03-19 21:38:05|23
drop table if exists public.load_household_demographics;
DROP TABLE
create table public.load_household_demographics as select * from tpcds.household_demographics distributed randomly;
SELECT 7200
load.09.public.load_household_demographics.sh|2024-03-19 21:38:06|2024-03-19 21:39:02|56
drop table if exists public.load_household_demographics;
DROP TABLE
create table public.load_household_demographics as select * from tpcds.household_demographics distributed randomly;
SELECT 7200
load.09.public.load_household_demographics.sh|2024-03-19 21:39:03|2024-03-19 21:39:31|28
drop table if exists public.load_household_demographics;
DROP TABLE
create table public.load_household_demographics as select * from tpcds.household_demographics distributed randomly;
SELECT 7200
load.09.public.load_household_demographics.sh|2024-03-19 21:39:32|2024-03-19 21:39:58|26
drop table if exists public.load_household_demographics;
DROP TABLE
create table public.load_household_demographics as select * from tpcds.household_demographics distributed randomly;
SELECT 7200
load.09.public.load_household_demographics.sh|2024-03-19 21:39:59|2024-03-19 21:40:21|22
drop table if exists public.load_household_demographics;
DROP TABLE
create table public.load_household_demographics as select * from tpcds.household_demographics distributed randomly;
SELECT 7200
load.09.public.load_household_demographics.sh|2024-03-19 21:40:22|2024-03-19 21:40:47|25
drop table if exists public.load_household_demographics;
DROP TABLE
create table public.load_household_demographics as select * from tpcds.household_demographics distributed randomly;
SELECT 7200
load.09.public.load_household_demographics.sh|2024-03-19 21:40:48|2024-03-19 21:41:05|17
drop table if exists public.load_household_demographics;
DROP TABLE
create table public.load_household_demographics as select * from tpcds.household_demographics distributed randomly;
SELECT 7200
load.09.public.load_household_demographics.sh|2024-03-19 21:41:06|2024-03-19 21:41:49|43
drop table if exists public.load_household_demographics;
DROP TABLE
create table public.load_household_demographics as select * from tpcds.household_demographics distributed randomly;
SELECT 7200
load.09.public.load_household_demographics.sh|2024-03-19 21:41:50|2024-03-19 21:42:02|12
drop table if exists public.load_household_demographics;
DROP TABLE
create table public.load_household_demographics as select * from tpcds.household_demographics distributed randomly;
SELECT 7200
load.09.public.load_household_demographics.sh|2024-03-19 21:42:03|2024-03-19 21:42:10|7
drop table if exists public.load_household_demographics;
DROP TABLE
create table public.load_household_demographics as select * from tpcds.household_demographics distributed randomly;
SELECT 7200
load.09.public.load_household_demographics.sh|2024-03-19 21:42:11|2024-03-19 21:42:20|9
drop table if exists public.load_household_demographics;
DROP TABLE
create table public.load_household_demographics as select * from tpcds.household_demographics distributed randomly;
SELECT 7200
load.09.public.load_household_demographics.sh|2024-03-19 21:42:21|2024-03-19 21:42:28|7
drop table if exists public.load_household_demographics;
DROP TABLE
create table public.load_household_demographics as select * from tpcds.household_demographics distributed randomly;
SELECT 7200
load.09.public.load_household_demographics.sh|2024-03-19 21:42:29|2024-03-19 21:42:39|10
drop table if exists public.load_household_demographics;
DROP TABLE
create table public.load_household_demographics as select * from tpcds.household_demographics distributed randomly;
SELECT 7200
load.09.public.load_household_demographics.sh|2024-03-19 21:42:40|2024-03-19 21:42:54|14
drop table if exists public.load_household_demographics;
DROP TABLE
create table public.load_household_demographics as select * from tpcds.household_demographics distributed randomly;
SELECT 7200
load.09.public.load_household_demographics.sh|2024-03-19 21:42:55|2024-03-19 21:43:36|41
drop table if exists public.load_household_demographics;
DROP TABLE
create table public.load_household_demographics as select * from tpcds.household_demographics distributed randomly;
SELECT 7200
load.09.public.load_household_demographics.sh|2024-03-19 21:43:37|2024-03-19 21:44:16|39
drop table if exists public.load_household_demographics;
DROP TABLE
create table public.load_household_demographics as select * from tpcds.household_demographics distributed randomly;
SELECT 7200
load.09.public.load_household_demographics.sh|2024-03-19 21:44:17|2024-03-19 21:44:41|24
drop table if exists public.load_household_demographics;
DROP TABLE
create table public.load_household_demographics as select * from tpcds.household_demographics distributed randomly;
SELECT 7200
load.09.public.load_household_demographics.sh|2024-03-19 21:44:42|2024-03-19 21:45:15|33
drop table if exists public.load_household_demographics;
DROP TABLE
create table public.load_household_demographics as select * from tpcds.household_demographics distributed randomly;
SELECT 7200
load.09.public.load_household_demographics.sh|2024-03-19 21:45:16|2024-03-19 21:45:54|38
drop table if exists public.load_household_demographics;
DROP TABLE
create table public.load_household_demographics as select * from tpcds.household_demographics distributed randomly;
SELECT 7200
load.09.public.load_household_demographics.sh|2024-03-19 21:45:55|2024-03-19 21:46:16|21
drop table if exists public.load_household_demographics;
DROP TABLE
create table public.load_household_demographics as select * from tpcds.household_demographics distributed randomly;
SELECT 7200
load.09.public.load_household_demographics.sh|2024-03-19 21:46:17|2024-03-19 21:46:27|10
drop table if exists public.load_household_demographics;
DROP TABLE
create table public.load_household_demographics as select * from tpcds.household_demographics distributed randomly;
SELECT 7200
load.09.public.load_household_demographics.sh|2024-03-19 21:46:28|2024-03-19 21:46:42|14
drop table if exists public.load_household_demographics;
DROP TABLE
create table public.load_household_demographics as select * from tpcds.household_demographics distributed randomly;
SELECT 7200
load.09.public.load_household_demographics.sh|2024-03-19 21:46:43|2024-03-19 21:46:53|10
drop table if exists public.load_household_demographics;
DROP TABLE
create table public.load_household_demographics as select * from tpcds.household_demographics distributed randomly;
SELECT 7200
load.09.public.load_household_demographics.sh|2024-03-19 21:46:54|2024-03-19 21:47:09|15
drop table if exists public.load_household_demographics;
DROP TABLE
create table public.load_household_demographics as select * from tpcds.household_demographics distributed randomly;
SELECT 7200
load.09.public.load_household_demographics.sh|2024-03-19 21:47:10|2024-03-19 21:47:15|5
drop table if exists public.load_household_demographics;
DROP TABLE
create table public.load_household_demographics as select * from tpcds.household_demographics distributed randomly;
SELECT 7200
load.09.public.load_household_demographics.sh|2024-03-19 21:47:16|2024-03-19 21:47:25|9
drop table if exists public.load_household_demographics;
DROP TABLE
create table public.load_household_demographics as select * from tpcds.household_demographics distributed randomly;
SELECT 7200
load.09.public.load_household_demographics.sh|2024-03-19 21:47:26|2024-03-19 21:47:50|24
drop table if exists public.load_household_demographics;
DROP TABLE
create table public.load_household_demographics as select * from tpcds.household_demographics distributed randomly;
SELECT 7200
load.09.public.load_household_demographics.sh|2024-03-19 21:47:51|2024-03-19 21:48:19|28
drop table if exists public.load_household_demographics;
DROP TABLE
create table public.load_household_demographics as select * from tpcds.household_demographics distributed randomly;
SELECT 7200
load.09.public.load_household_demographics.sh|2024-03-19 21:48:20|2024-03-19 21:48:52|32
drop table if exists public.load_household_demographics;
DROP TABLE
create table public.load_household_demographics as select * from tpcds.household_demographics distributed randomly;
SELECT 7200
load.09.public.load_household_demographics.sh|2024-03-19 21:48:53|2024-03-19 21:49:08|15
drop table if exists public.load_household_demographics;
DROP TABLE
create table public.load_household_demographics as select * from tpcds.household_demographics distributed randomly;
SELECT 7200
load.09.public.load_household_demographics.sh|2024-03-19 21:49:09|2024-03-19 21:49:16|7
drop table if exists public.load_household_demographics;
DROP TABLE
create table public.load_household_demographics as select * from tpcds.household_demographics distributed randomly;
SELECT 7200
load.09.public.load_household_demographics.sh|2024-03-19 21:49:17|2024-03-19 21:49:33|16
drop table if exists public.load_household_demographics;
DROP TABLE
create table public.load_household_demographics as select * from tpcds.household_demographics distributed randomly;
SELECT 7200
load.09.public.load_household_demographics.sh|2024-03-19 21:49:34|2024-03-19 21:49:44|10
drop table if exists public.load_household_demographics;
DROP TABLE
create table public.load_household_demographics as select * from tpcds.household_demographics distributed randomly;
SELECT 7200
load.09.public.load_household_demographics.sh|2024-03-19 21:49:45|2024-03-19 21:49:55|10
drop table if exists public.load_household_demographics;
DROP TABLE
create table public.load_household_demographics as select * from tpcds.household_demographics distributed randomly;
SELECT 7200
load.09.public.load_household_demographics.sh|2024-03-19 21:49:56|2024-03-19 21:50:12|16
drop table if exists public.load_household_demographics;
DROP TABLE
create table public.load_household_demographics as select * from tpcds.household_demographics distributed randomly;
SELECT 7200
load.09.public.load_household_demographics.sh|2024-03-19 21:50:13|2024-03-19 21:50:37|24
drop table if exists public.load_household_demographics;
DROP TABLE
create table public.load_household_demographics as select * from tpcds.household_demographics distributed randomly;
SELECT 7200
load.09.public.load_household_demographics.sh|2024-03-19 21:50:38|2024-03-19 21:50:54|16
drop table if exists public.load_household_demographics;
DROP TABLE
create table public.load_household_demographics as select * from tpcds.household_demographics distributed randomly;
SELECT 7200
load.09.public.load_household_demographics.sh|2024-03-19 21:50:55|2024-03-19 21:51:12|17
drop table if exists public.load_household_demographics;
DROP TABLE
create table public.load_household_demographics as select * from tpcds.household_demographics distributed randomly;
SELECT 7200
load.09.public.load_household_demographics.sh|2024-03-19 21:51:13|2024-03-19 21:51:26|13
drop table if exists public.load_household_demographics;
DROP TABLE
create table public.load_household_demographics as select * from tpcds.household_demographics distributed randomly;
SELECT 7200
load.09.public.load_household_demographics.sh|2024-03-19 21:51:27|2024-03-19 21:51:35|8
drop table if exists public.load_household_demographics;
DROP TABLE
create table public.load_household_demographics as select * from tpcds.household_demographics distributed randomly;
SELECT 7200
load.09.public.load_household_demographics.sh|2024-03-19 21:51:36|2024-03-19 21:51:43|7
drop table if exists public.load_household_demographics;
DROP TABLE
create table public.load_household_demographics as select * from tpcds.household_demographics distributed randomly;
SELECT 7200
load.09.public.load_household_demographics.sh|2024-03-19 21:51:44|2024-03-19 21:51:59|15
drop table if exists public.load_household_demographics;
DROP TABLE
create table public.load_household_demographics as select * from tpcds.household_demographics distributed randomly;
SELECT 7200
load.09.public.load_household_demographics.sh|2024-03-19 21:52:00|2024-03-19 21:52:27|27
drop table if exists public.load_household_demographics;
DROP TABLE
create table public.load_household_demographics as select * from tpcds.household_demographics distributed randomly;
SELECT 7200
load.09.public.load_household_demographics.sh|2024-03-19 21:52:28|2024-03-19 21:53:11|43
drop table if exists public.load_household_demographics;
DROP TABLE
create table public.load_household_demographics as select * from tpcds.household_demographics distributed randomly;
SELECT 7200
load.09.public.load_household_demographics.sh|2024-03-19 21:53:12|2024-03-19 21:53:41|29
drop table if exists public.load_household_demographics;
DROP TABLE
create table public.load_household_demographics as select * from tpcds.household_demographics distributed randomly;
SELECT 7200
load.09.public.load_household_demographics.sh|2024-03-19 21:53:42|2024-03-19 21:54:13|31
drop table if exists public.load_household_demographics;
DROP TABLE
create table public.load_household_demographics as select * from tpcds.household_demographics distributed randomly;
SELECT 7200
load.09.public.load_household_demographics.sh|2024-03-19 21:54:14|2024-03-19 21:54:38|24
drop table if exists public.load_household_demographics;
DROP TABLE
create table public.load_household_demographics as select * from tpcds.household_demographics distributed randomly;
SELECT 7200
load.09.public.load_household_demographics.sh|2024-03-19 21:54:39|2024-03-19 21:54:51|12
drop table if exists public.load_household_demographics;
DROP TABLE
create table public.load_household_demographics as select * from tpcds.household_demographics distributed randomly;
SELECT 7200
load.09.public.load_household_demographics.sh|2024-03-19 21:54:52|2024-03-19 21:55:05|13
drop table if exists public.load_household_demographics;
DROP TABLE
create table public.load_household_demographics as select * from tpcds.household_demographics distributed randomly;
SELECT 7200
load.09.public.load_household_demographics.sh|2024-03-19 21:55:06|2024-03-19 21:55:25|19
drop table if exists public.load_household_demographics;
DROP TABLE
create table public.load_household_demographics as select * from tpcds.household_demographics distributed randomly;
SELECT 7200
load.09.public.load_household_demographics.sh|2024-03-19 21:55:26|2024-03-19 21:55:33|7
drop table if exists public.load_household_demographics;
DROP TABLE
create table public.load_household_demographics as select * from tpcds.household_demographics distributed randomly;
SELECT 7200
load.09.public.load_household_demographics.sh|2024-03-19 21:55:34|2024-03-19 21:55:49|15
drop table if exists public.load_household_demographics;
DROP TABLE
create table public.load_household_demographics as select * from tpcds.household_demographics distributed randomly;
SELECT 7200
load.09.public.load_household_demographics.sh|2024-03-19 21:55:50|2024-03-19 21:56:02|12
drop table if exists public.load_household_demographics;
DROP TABLE
create table public.load_household_demographics as select * from tpcds.household_demographics distributed randomly;
SELECT 7200
load.09.public.load_household_demographics.sh|2024-03-19 21:56:03|2024-03-19 21:56:25|22
drop table if exists public.load_household_demographics;
DROP TABLE
create table public.load_household_demographics as select * from tpcds.household_demographics distributed randomly;
SELECT 7200
load.09.public.load_household_demographics.sh|2024-03-19 21:56:26|2024-03-19 21:56:51|25
drop table if exists public.load_household_demographics;
DROP TABLE
create table public.load_household_demographics as select * from tpcds.household_demographics distributed randomly;
SELECT 7200
load.09.public.load_household_demographics.sh|2024-03-19 21:56:52|2024-03-19 21:57:09|17
drop table if exists public.load_household_demographics;
DROP TABLE
create table public.load_household_demographics as select * from tpcds.household_demographics distributed randomly;
SELECT 7200
load.09.public.load_household_demographics.sh|2024-03-19 21:57:10|2024-03-19 21:57:41|31
drop table if exists public.load_household_demographics;
DROP TABLE
create table public.load_household_demographics as select * from tpcds.household_demographics distributed randomly;
SELECT 7200
load.09.public.load_household_demographics.sh|2024-03-19 21:57:42|2024-03-19 21:58:39|57
drop table if exists public.load_household_demographics;
DROP TABLE
create table public.load_household_demographics as select * from tpcds.household_demographics distributed randomly;
SELECT 7200
load.09.public.load_household_demographics.sh|2024-03-19 21:58:40|2024-03-19 21:59:26|46
drop table if exists public.load_household_demographics;
DROP TABLE
create table public.load_household_demographics as select * from tpcds.household_demographics distributed randomly;
SELECT 7200
load.09.public.load_household_demographics.sh|2024-03-19 21:59:27|2024-03-19 21:59:52|25
drop table if exists public.load_household_demographics;
DROP TABLE
create table public.load_household_demographics as select * from tpcds.household_demographics distributed randomly;
SELECT 7200
load.09.public.load_household_demographics.sh|2024-03-19 21:59:53|2024-03-19 22:00:43|50
drop table if exists public.load_household_demographics;
DROP TABLE
create table public.load_household_demographics as select * from tpcds.household_demographics distributed randomly;
SELECT 7200
load.09.public.load_household_demographics.sh|2024-03-19 22:00:44|2024-03-19 22:01:04|20
drop table if exists public.load_household_demographics;
DROP TABLE
create table public.load_household_demographics as select * from tpcds.household_demographics distributed randomly;
SELECT 7200
load.09.public.load_household_demographics.sh|2024-03-19 22:01:05|2024-03-19 22:01:39|34
drop table if exists public.load_household_demographics;
DROP TABLE
create table public.load_household_demographics as select * from tpcds.household_demographics distributed randomly;
SELECT 7200
load.09.public.load_household_demographics.sh|2024-03-19 22:01:40|2024-03-19 22:02:12|32
drop table if exists public.load_household_demographics;
DROP TABLE
create table public.load_household_demographics as select * from tpcds.household_demographics distributed randomly;
SELECT 7200
load.09.public.load_household_demographics.sh|2024-03-19 22:02:13|2024-03-19 22:02:33|20
drop table if exists public.load_household_demographics;
DROP TABLE
create table public.load_household_demographics as select * from tpcds.household_demographics distributed randomly;
SELECT 7200
load.09.public.load_household_demographics.sh|2024-03-19 22:02:34|2024-03-19 22:02:57|23
drop table if exists public.load_household_demographics;
DROP TABLE
create table public.load_household_demographics as select * from tpcds.household_demographics distributed randomly;
SELECT 7200
load.09.public.load_household_demographics.sh|2024-03-19 22:02:58|2024-03-19 22:03:23|25
drop table if exists public.load_household_demographics;
DROP TABLE
create table public.load_household_demographics as select * from tpcds.household_demographics distributed randomly;
SELECT 7200
load.09.public.load_household_demographics.sh|2024-03-19 22:03:24|2024-03-19 22:04:09|45
drop table if exists public.load_household_demographics;
DROP TABLE
create table public.load_household_demographics as select * from tpcds.household_demographics distributed randomly;
SELECT 7200
load.09.public.load_household_demographics.sh|2024-03-19 22:04:10|2024-03-19 22:04:35|25
drop table if exists public.load_household_demographics;
DROP TABLE
create table public.load_household_demographics as select * from tpcds.household_demographics distributed randomly;
SELECT 7200
load.09.public.load_household_demographics.sh|2024-03-19 22:04:36|2024-03-19 22:04:47|11
drop table if exists public.load_household_demographics;
DROP TABLE
create table public.load_household_demographics as select * from tpcds.household_demographics distributed randomly;
SELECT 7200
load.09.public.load_household_demographics.sh|2024-03-19 22:04:48|2024-03-19 22:05:03|15
drop table if exists public.load_household_demographics;
DROP TABLE
create table public.load_household_demographics as select * from tpcds.household_demographics distributed randomly;
SELECT 7200
load.09.public.load_household_demographics.sh|2024-03-19 22:05:04|2024-03-19 22:05:48|44
drop table if exists public.load_household_demographics;
DROP TABLE
create table public.load_household_demographics as select * from tpcds.household_demographics distributed randomly;
SELECT 7200
load.09.public.load_household_demographics.sh|2024-03-19 22:05:49|2024-03-19 22:06:29|40
drop table if exists public.load_household_demographics;
DROP TABLE
create table public.load_household_demographics as select * from tpcds.household_demographics distributed randomly;
SELECT 7200
load.09.public.load_household_demographics.sh|2024-03-19 22:06:30|2024-03-19 22:06:50|20
drop table if exists public.load_household_demographics;
DROP TABLE
create table public.load_household_demographics as select * from tpcds.household_demographics distributed randomly;
SELECT 7200
load.09.public.load_household_demographics.sh|2024-03-19 22:06:51|2024-03-19 22:07:18|27
drop table if exists public.load_household_demographics;
DROP TABLE
create table public.load_household_demographics as select * from tpcds.household_demographics distributed randomly;
SELECT 7200
load.09.public.load_household_demographics.sh|2024-03-19 22:07:19|2024-03-19 22:07:33|14
drop table if exists public.load_household_demographics;
DROP TABLE
create table public.load_household_demographics as select * from tpcds.household_demographics distributed randomly;
SELECT 7200
load.09.public.load_household_demographics.sh|2024-03-19 22:07:34|2024-03-19 22:07:51|17
drop table if exists public.load_household_demographics;
DROP TABLE
create table public.load_household_demographics as select * from tpcds.household_demographics distributed randomly;
SELECT 7200
load.09.public.load_household_demographics.sh|2024-03-19 22:07:52|2024-03-19 22:08:06|14
drop table if exists public.load_household_demographics;
DROP TABLE
create table public.load_household_demographics as select * from tpcds.household_demographics distributed randomly;
SELECT 7200
load.09.public.load_household_demographics.sh|2024-03-19 22:08:07|2024-03-19 22:08:36|29
drop table if exists public.load_household_demographics;
DROP TABLE
create table public.load_household_demographics as select * from tpcds.household_demographics distributed randomly;
SELECT 7200
load.09.public.load_household_demographics.sh|2024-03-19 22:08:37|2024-03-19 22:08:41|4
drop table if exists public.load_household_demographics;
DROP TABLE
create table public.load_household_demographics as select * from tpcds.household_demographics distributed randomly;
SELECT 7200
load.09.public.load_household_demographics.sh|2024-03-19 22:08:42|2024-03-19 22:08:57|15
drop table if exists public.load_household_demographics;
DROP TABLE
create table public.load_household_demographics as select * from tpcds.household_demographics distributed randomly;
SELECT 7200
load.09.public.load_household_demographics.sh|2024-03-19 22:08:58|2024-03-19 22:09:10|12
drop table if exists public.load_household_demographics;
DROP TABLE
create table public.load_household_demographics as select * from tpcds.household_demographics distributed randomly;
SELECT 7200
load.09.public.load_household_demographics.sh|2024-03-19 22:09:11|2024-03-19 22:09:19|8
drop table if exists public.load_household_demographics;
DROP TABLE
create table public.load_household_demographics as select * from tpcds.household_demographics distributed randomly;
SELECT 7200
load.09.public.load_household_demographics.sh|2024-03-19 22:09:20|2024-03-19 22:09:42|22
drop table if exists public.load_household_demographics;
DROP TABLE
create table public.load_household_demographics as select * from tpcds.household_demographics distributed randomly;
SELECT 7200
load.09.public.load_household_demographics.sh|2024-03-19 22:09:43|2024-03-19 22:09:53|10
drop table if exists public.load_household_demographics;
DROP TABLE
create table public.load_household_demographics as select * from tpcds.household_demographics distributed randomly;
SELECT 7200
load.09.public.load_household_demographics.sh|2024-03-19 22:09:54|2024-03-19 22:10:01|7
drop table if exists public.load_household_demographics;
DROP TABLE
create table public.load_household_demographics as select * from tpcds.household_demographics distributed randomly;
SELECT 7200
load.09.public.load_household_demographics.sh|2024-03-19 22:10:02|2024-03-19 22:10:20|18
drop table if exists public.load_household_demographics;
DROP TABLE
create table public.load_household_demographics as select * from tpcds.household_demographics distributed randomly;
SELECT 7200
load.09.public.load_household_demographics.sh|2024-03-19 22:10:21|2024-03-19 22:10:44|23
drop table if exists public.load_household_demographics;
DROP TABLE
create table public.load_household_demographics as select * from tpcds.household_demographics distributed randomly;
SELECT 7200
load.09.public.load_household_demographics.sh|2024-03-19 22:10:45|2024-03-19 22:11:18|33
drop table if exists public.load_household_demographics;
DROP TABLE
create table public.load_household_demographics as select * from tpcds.household_demographics distributed randomly;
SELECT 7200
load.09.public.load_household_demographics.sh|2024-03-19 22:11:19|2024-03-19 22:11:26|7
drop table if exists public.load_household_demographics;
DROP TABLE
create table public.load_household_demographics as select * from tpcds.household_demographics distributed randomly;
SELECT 7200
load.09.public.load_household_demographics.sh|2024-03-19 22:11:27|2024-03-19 22:11:50|23
drop table if exists public.load_household_demographics;
DROP TABLE
create table public.load_household_demographics as select * from tpcds.household_demographics distributed randomly;
SELECT 7200
load.09.public.load_household_demographics.sh|2024-03-19 22:11:51|2024-03-19 22:12:14|23
drop table if exists public.load_household_demographics;
DROP TABLE
create table public.load_household_demographics as select * from tpcds.household_demographics distributed randomly;
SELECT 7200
load.09.public.load_household_demographics.sh|2024-03-19 22:12:15|2024-03-19 22:12:42|27
drop table if exists public.load_household_demographics;
DROP TABLE
create table public.load_household_demographics as select * from tpcds.household_demographics distributed randomly;
SELECT 7200
load.09.public.load_household_demographics.sh|2024-03-19 22:12:43|2024-03-19 22:13:13|30
drop table if exists public.load_household_demographics;
DROP TABLE
create table public.load_household_demographics as select * from tpcds.household_demographics distributed randomly;
SELECT 7200
load.09.public.load_household_demographics.sh|2024-03-19 22:13:14|2024-03-19 22:13:45|31
drop table if exists public.load_household_demographics;
DROP TABLE
create table public.load_household_demographics as select * from tpcds.household_demographics distributed randomly;
SELECT 7200
load.09.public.load_household_demographics.sh|2024-03-19 22:13:46|2024-03-19 22:14:02|16
drop table if exists public.load_household_demographics;
DROP TABLE
create table public.load_household_demographics as select * from tpcds.household_demographics distributed randomly;
SELECT 7200
load.09.public.load_household_demographics.sh|2024-03-19 22:14:03|2024-03-19 22:14:35|32
drop table if exists public.load_household_demographics;
DROP TABLE
create table public.load_household_demographics as select * from tpcds.household_demographics distributed randomly;
SELECT 7200
load.09.public.load_household_demographics.sh|2024-03-19 22:14:36|2024-03-19 22:14:47|11
drop table if exists public.load_household_demographics;
DROP TABLE
create table public.load_household_demographics as select * from tpcds.household_demographics distributed randomly;
SELECT 7200
load.09.public.load_household_demographics.sh|2024-03-19 22:14:48|2024-03-19 22:15:10|22
drop table if exists public.load_household_demographics;
DROP TABLE
create table public.load_household_demographics as select * from tpcds.household_demographics distributed randomly;
SELECT 7200
load.09.public.load_household_demographics.sh|2024-03-19 22:15:11|2024-03-19 22:15:22|11
drop table if exists public.load_household_demographics;
DROP TABLE
create table public.load_household_demographics as select * from tpcds.household_demographics distributed randomly;
SELECT 7200
load.09.public.load_household_demographics.sh|2024-03-19 22:15:23|2024-03-19 22:15:35|12
drop table if exists public.load_household_demographics;
DROP TABLE
create table public.load_household_demographics as select * from tpcds.household_demographics distributed randomly;
SELECT 7200
load.09.public.load_household_demographics.sh|2024-03-19 22:15:36|2024-03-19 22:15:53|17
drop table if exists public.load_household_demographics;
DROP TABLE
create table public.load_household_demographics as select * from tpcds.household_demographics distributed randomly;
SELECT 7200
load.09.public.load_household_demographics.sh|2024-03-19 22:15:54|2024-03-19 22:16:15|21
drop table if exists public.load_household_demographics;
DROP TABLE
create table public.load_household_demographics as select * from tpcds.household_demographics distributed randomly;
SELECT 7200
load.09.public.load_household_demographics.sh|2024-03-19 22:16:16|2024-03-19 22:16:38|22
drop table if exists public.load_household_demographics;
DROP TABLE
create table public.load_household_demographics as select * from tpcds.household_demographics distributed randomly;
SELECT 7200
load.09.public.load_household_demographics.sh|2024-03-19 22:16:39|2024-03-19 22:16:56|17
drop table if exists public.load_household_demographics;
DROP TABLE
create table public.load_household_demographics as select * from tpcds.household_demographics distributed randomly;
SELECT 7200
load.09.public.load_household_demographics.sh|2024-03-19 22:16:57|2024-03-19 22:17:19|22
drop table if exists public.load_household_demographics;
DROP TABLE
create table public.load_household_demographics as select * from tpcds.household_demographics distributed randomly;
SELECT 7200
load.09.public.load_household_demographics.sh|2024-03-19 22:17:20|2024-03-19 22:17:40|20
drop table if exists public.load_household_demographics;
DROP TABLE
create table public.load_household_demographics as select * from tpcds.household_demographics distributed randomly;
SELECT 7200
load.09.public.load_household_demographics.sh|2024-03-19 22:17:41|2024-03-19 22:18:03|22
drop table if exists public.load_household_demographics;
DROP TABLE
create table public.load_household_demographics as select * from tpcds.household_demographics distributed randomly;
SELECT 7200
load.09.public.load_household_demographics.sh|2024-03-19 22:18:04|2024-03-19 22:18:21|17
drop table if exists public.load_household_demographics;
DROP TABLE
create table public.load_household_demographics as select * from tpcds.household_demographics distributed randomly;
SELECT 7200
load.09.public.load_household_demographics.sh|2024-03-19 22:18:22|2024-03-19 22:18:42|20
drop table if exists public.load_household_demographics;
DROP TABLE
create table public.load_household_demographics as select * from tpcds.household_demographics distributed randomly;
SELECT 7200
load.09.public.load_household_demographics.sh|2024-03-19 22:18:43|2024-03-19 22:19:06|23
drop table if exists public.load_household_demographics;
DROP TABLE
create table public.load_household_demographics as select * from tpcds.household_demographics distributed randomly;
SELECT 7200
load.09.public.load_household_demographics.sh|2024-03-19 22:19:07|2024-03-19 22:19:19|12
drop table if exists public.load_household_demographics;
DROP TABLE
create table public.load_household_demographics as select * from tpcds.household_demographics distributed randomly;
SELECT 7200
load.09.public.load_household_demographics.sh|2024-03-19 22:19:20|2024-03-19 22:19:39|19
drop table if exists public.load_household_demographics;
DROP TABLE
create table public.load_household_demographics as select * from tpcds.household_demographics distributed randomly;
SELECT 7200
load.09.public.load_household_demographics.sh|2024-03-19 22:19:40|2024-03-19 22:19:54|14
drop table if exists public.load_household_demographics;
DROP TABLE
create table public.load_household_demographics as select * from tpcds.household_demographics distributed randomly;
SELECT 7200
load.09.public.load_household_demographics.sh|2024-03-19 22:19:55|2024-03-19 22:20:19|24
drop table if exists public.load_household_demographics;
DROP TABLE
create table public.load_household_demographics as select * from tpcds.household_demographics distributed randomly;
SELECT 7200
load.09.public.load_household_demographics.sh|2024-03-19 22:20:20|2024-03-19 22:20:49|29
drop table if exists public.load_household_demographics;
DROP TABLE
create table public.load_household_demographics as select * from tpcds.household_demographics distributed randomly;
SELECT 7200
load.09.public.load_household_demographics.sh|2024-03-19 22:20:50|2024-03-19 22:21:26|36
drop table if exists public.load_household_demographics;
DROP TABLE
create table public.load_household_demographics as select * from tpcds.household_demographics distributed randomly;
SELECT 7200
load.09.public.load_household_demographics.sh|2024-03-19 22:21:27|2024-03-19 22:22:03|36
drop table if exists public.load_household_demographics;
DROP TABLE
create table public.load_household_demographics as select * from tpcds.household_demographics distributed randomly;
SELECT 7200
load.09.public.load_household_demographics.sh|2024-03-19 22:22:04|2024-03-19 22:22:25|21
drop table if exists public.load_household_demographics;
DROP TABLE
create table public.load_household_demographics as select * from tpcds.household_demographics distributed randomly;
SELECT 7200
load.09.public.load_household_demographics.sh|2024-03-19 22:22:26|2024-03-19 22:22:45|19
drop table if exists public.load_household_demographics;
DROP TABLE
create table public.load_household_demographics as select * from tpcds.household_demographics distributed randomly;
SELECT 7200
load.09.public.load_household_demographics.sh|2024-03-19 22:22:46|2024-03-19 22:23:05|19
drop table if exists public.load_household_demographics;
DROP TABLE
create table public.load_household_demographics as select * from tpcds.household_demographics distributed randomly;
SELECT 7200
load.09.public.load_household_demographics.sh|2024-03-19 22:23:06|2024-03-19 22:23:31|25
drop table if exists public.load_household_demographics;
DROP TABLE
create table public.load_household_demographics as select * from tpcds.household_demographics distributed randomly;
SELECT 7200
load.09.public.load_household_demographics.sh|2024-03-19 22:23:32|2024-03-19 22:24:06|34
drop table if exists public.load_household_demographics;
DROP TABLE
create table public.load_household_demographics as select * from tpcds.household_demographics distributed randomly;
SELECT 7200
load.09.public.load_household_demographics.sh|2024-03-19 22:24:07|2024-03-19 22:24:28|21
drop table if exists public.load_household_demographics;
DROP TABLE
create table public.load_household_demographics as select * from tpcds.household_demographics distributed randomly;
SELECT 7200
load.09.public.load_household_demographics.sh|2024-03-19 22:24:30|2024-03-19 22:24:44|14
drop table if exists public.load_household_demographics;
DROP TABLE
create table public.load_household_demographics as select * from tpcds.household_demographics distributed randomly;
SELECT 7200
load.09.public.load_household_demographics.sh|2024-03-19 22:24:45|2024-03-19 22:24:56|11
drop table if exists public.load_household_demographics;
DROP TABLE
create table public.load_household_demographics as select * from tpcds.household_demographics distributed randomly;
SELECT 7200
load.09.public.load_household_demographics.sh|2024-03-19 22:24:57|2024-03-19 22:25:33|36
drop table if exists public.load_household_demographics;
DROP TABLE
create table public.load_household_demographics as select * from tpcds.household_demographics distributed randomly;
SELECT 7200
load.09.public.load_household_demographics.sh|2024-03-19 22:25:34|2024-03-19 22:26:05|31
drop table if exists public.load_household_demographics;
DROP TABLE
create table public.load_household_demographics as select * from tpcds.household_demographics distributed randomly;
SELECT 7200
load.09.public.load_household_demographics.sh|2024-03-19 22:26:06|2024-03-19 22:26:32|26
drop table if exists public.load_household_demographics;
DROP TABLE
create table public.load_household_demographics as select * from tpcds.household_demographics distributed randomly;
SELECT 7200
load.09.public.load_household_demographics.sh|2024-03-19 22:26:33|2024-03-19 22:26:41|8
drop table if exists public.load_household_demographics;
DROP TABLE
create table public.load_household_demographics as select * from tpcds.household_demographics distributed randomly;
SELECT 7200
load.09.public.load_household_demographics.sh|2024-03-19 22:26:42|2024-03-19 22:27:00|18
drop table if exists public.load_household_demographics;
DROP TABLE
create table public.load_household_demographics as select * from tpcds.household_demographics distributed randomly;
SELECT 7200
load.09.public.load_household_demographics.sh|2024-03-19 22:27:01|2024-03-19 22:27:15|14
drop table if exists public.load_household_demographics;
DROP TABLE
create table public.load_household_demographics as select * from tpcds.household_demographics distributed randomly;
SELECT 7200
load.09.public.load_household_demographics.sh|2024-03-19 22:27:16|2024-03-19 22:27:29|13
drop table if exists public.load_household_demographics;
DROP TABLE
create table public.load_household_demographics as select * from tpcds.household_demographics distributed randomly;
SELECT 7200
load.09.public.load_household_demographics.sh|2024-03-19 22:27:30|2024-03-19 22:27:46|16
drop table if exists public.load_household_demographics;
DROP TABLE
create table public.load_household_demographics as select * from tpcds.household_demographics distributed randomly;
SELECT 7200
load.09.public.load_household_demographics.sh|2024-03-19 22:27:47|2024-03-19 22:28:17|30
drop table if exists public.load_household_demographics;
DROP TABLE
create table public.load_household_demographics as select * from tpcds.household_demographics distributed randomly;
SELECT 7200
load.09.public.load_household_demographics.sh|2024-03-19 22:28:18|2024-03-19 22:28:39|21
drop table if exists public.load_household_demographics;
DROP TABLE
create table public.load_household_demographics as select * from tpcds.household_demographics distributed randomly;
SELECT 7200
load.09.public.load_household_demographics.sh|2024-03-19 22:28:40|2024-03-19 22:28:56|16
drop table if exists public.load_household_demographics;
DROP TABLE
create table public.load_household_demographics as select * from tpcds.household_demographics distributed randomly;
SELECT 7200
load.09.public.load_household_demographics.sh|2024-03-19 22:28:57|2024-03-19 22:29:25|28
drop table if exists public.load_household_demographics;
DROP TABLE
create table public.load_household_demographics as select * from tpcds.household_demographics distributed randomly;
SELECT 7200
load.09.public.load_household_demographics.sh|2024-03-19 22:29:26|2024-03-19 22:29:55|29
drop table if exists public.load_household_demographics;
DROP TABLE
create table public.load_household_demographics as select * from tpcds.household_demographics distributed randomly;
SELECT 7200
load.09.public.load_household_demographics.sh|2024-03-19 22:29:56|2024-03-19 22:30:06|10
drop table if exists public.load_household_demographics;
DROP TABLE
create table public.load_household_demographics as select * from tpcds.household_demographics distributed randomly;
SELECT 7200
load.09.public.load_household_demographics.sh|2024-03-19 22:30:07|2024-03-19 22:30:58|51
drop table if exists public.load_household_demographics;
DROP TABLE
create table public.load_household_demographics as select * from tpcds.household_demographics distributed randomly;
SELECT 7200
load.09.public.load_household_demographics.sh|2024-03-19 22:30:59|2024-03-19 22:31:32|33
drop table if exists public.load_household_demographics;
DROP TABLE
create table public.load_household_demographics as select * from tpcds.household_demographics distributed randomly;
SELECT 7200
load.09.public.load_household_demographics.sh|2024-03-19 22:31:33|2024-03-19 22:31:54|21
drop table if exists public.load_household_demographics;
DROP TABLE
create table public.load_household_demographics as select * from tpcds.household_demographics distributed randomly;
SELECT 7200
load.09.public.load_household_demographics.sh|2024-03-19 22:31:55|2024-03-19 22:32:16|21
drop table if exists public.load_household_demographics;
DROP TABLE
create table public.load_household_demographics as select * from tpcds.household_demographics distributed randomly;
SELECT 7200
load.09.public.load_household_demographics.sh|2024-03-19 22:32:17|2024-03-19 22:32:24|7
drop table if exists public.load_household_demographics;
DROP TABLE
create table public.load_household_demographics as select * from tpcds.household_demographics distributed randomly;
SELECT 7200
load.09.public.load_household_demographics.sh|2024-03-19 22:32:25|2024-03-19 22:32:38|13
drop table if exists public.load_household_demographics;
DROP TABLE
create table public.load_household_demographics as select * from tpcds.household_demographics distributed randomly;
SELECT 7200
load.09.public.load_household_demographics.sh|2024-03-19 22:32:39|2024-03-19 22:32:48|9
drop table if exists public.load_household_demographics;
DROP TABLE
create table public.load_household_demographics as select * from tpcds.household_demographics distributed randomly;
SELECT 7200
load.09.public.load_household_demographics.sh|2024-03-19 22:32:49|2024-03-19 22:33:10|21
drop table if exists public.load_household_demographics;
DROP TABLE
create table public.load_household_demographics as select * from tpcds.household_demographics distributed randomly;
SELECT 7200
load.09.public.load_household_demographics.sh|2024-03-19 22:33:11|2024-03-19 22:33:21|10
drop table if exists public.load_household_demographics;
DROP TABLE
create table public.load_household_demographics as select * from tpcds.household_demographics distributed randomly;
SELECT 7200
load.09.public.load_household_demographics.sh|2024-03-19 22:33:22|2024-03-19 22:33:30|8
drop table if exists public.load_household_demographics;
DROP TABLE
create table public.load_household_demographics as select * from tpcds.household_demographics distributed randomly;
SELECT 7200
load.09.public.load_household_demographics.sh|2024-03-19 22:33:31|2024-03-19 22:33:43|12
drop table if exists public.load_household_demographics;
DROP TABLE
create table public.load_household_demographics as select * from tpcds.household_demographics distributed randomly;
SELECT 7200
load.09.public.load_household_demographics.sh|2024-03-19 22:33:44|2024-03-19 22:34:05|21
drop table if exists public.load_household_demographics;
DROP TABLE
create table public.load_household_demographics as select * from tpcds.household_demographics distributed randomly;
SELECT 7200
load.09.public.load_household_demographics.sh|2024-03-19 22:34:06|2024-03-19 22:34:28|22
drop table if exists public.load_household_demographics;
DROP TABLE
create table public.load_household_demographics as select * from tpcds.household_demographics distributed randomly;
SELECT 7200
load.09.public.load_household_demographics.sh|2024-03-19 22:34:29|2024-03-19 22:34:38|9
drop table if exists public.load_household_demographics;
DROP TABLE
create table public.load_household_demographics as select * from tpcds.household_demographics distributed randomly;
SELECT 7200
load.09.public.load_household_demographics.sh|2024-03-19 22:34:39|2024-03-19 22:34:43|4
drop table if exists public.load_household_demographics;
DROP TABLE
create table public.load_household_demographics as select * from tpcds.household_demographics distributed randomly;
SELECT 7200
load.09.public.load_household_demographics.sh|2024-03-19 22:34:44|2024-03-19 22:34:52|8
drop table if exists public.load_household_demographics;
DROP TABLE
create table public.load_household_demographics as select * from tpcds.household_demographics distributed randomly;
SELECT 7200
load.09.public.load_household_demographics.sh|2024-03-19 22:34:53|2024-03-19 22:35:19|26
drop table if exists public.load_household_demographics;
DROP TABLE
create table public.load_household_demographics as select * from tpcds.household_demographics distributed randomly;
SELECT 7200
load.09.public.load_household_demographics.sh|2024-03-19 22:35:20|2024-03-19 22:35:41|21
drop table if exists public.load_household_demographics;
DROP TABLE
create table public.load_household_demographics as select * from tpcds.household_demographics distributed randomly;
SELECT 7200
load.09.public.load_household_demographics.sh|2024-03-19 22:35:42|2024-03-19 22:36:20|38
drop table if exists public.load_household_demographics;
DROP TABLE
create table public.load_household_demographics as select * from tpcds.household_demographics distributed randomly;
SELECT 7200
load.09.public.load_household_demographics.sh|2024-03-19 22:36:21|2024-03-19 22:36:37|16
drop table if exists public.load_household_demographics;
DROP TABLE
create table public.load_household_demographics as select * from tpcds.household_demographics distributed randomly;
SELECT 7200
load.09.public.load_household_demographics.sh|2024-03-19 22:36:38|2024-03-19 22:37:05|27
drop table if exists public.load_household_demographics;
DROP TABLE
create table public.load_household_demographics as select * from tpcds.household_demographics distributed randomly;
SELECT 7200
load.09.public.load_household_demographics.sh|2024-03-19 22:37:06|2024-03-19 22:37:35|29
drop table if exists public.load_household_demographics;
DROP TABLE
create table public.load_household_demographics as select * from tpcds.household_demographics distributed randomly;
SELECT 7200
load.09.public.load_household_demographics.sh|2024-03-19 22:37:36|2024-03-19 22:38:06|30
drop table if exists public.load_household_demographics;
DROP TABLE
create table public.load_household_demographics as select * from tpcds.household_demographics distributed randomly;
SELECT 7200
load.09.public.load_household_demographics.sh|2024-03-19 22:38:07|2024-03-19 22:38:25|18
drop table if exists public.load_household_demographics;
DROP TABLE
create table public.load_household_demographics as select * from tpcds.household_demographics distributed randomly;
SELECT 7200
load.09.public.load_household_demographics.sh|2024-03-19 22:38:26|2024-03-19 22:38:46|20
drop table if exists public.load_household_demographics;
DROP TABLE
create table public.load_household_demographics as select * from tpcds.household_demographics distributed randomly;
SELECT 7200
load.09.public.load_household_demographics.sh|2024-03-19 22:38:47|2024-03-19 22:39:15|28
drop table if exists public.load_household_demographics;
DROP TABLE
create table public.load_household_demographics as select * from tpcds.household_demographics distributed randomly;
SELECT 7200
load.09.public.load_household_demographics.sh|2024-03-19 22:39:16|2024-03-19 22:39:25|9
drop table if exists public.load_household_demographics;
DROP TABLE
create table public.load_household_demographics as select * from tpcds.household_demographics distributed randomly;
SELECT 7200
load.09.public.load_household_demographics.sh|2024-03-19 22:39:26|2024-03-19 22:39:46|20
drop table if exists public.load_household_demographics;
DROP TABLE
create table public.load_household_demographics as select * from tpcds.household_demographics distributed randomly;
SELECT 7200
load.09.public.load_household_demographics.sh|2024-03-19 22:39:47|2024-03-19 22:39:55|8
drop table if exists public.load_household_demographics;
DROP TABLE
create table public.load_household_demographics as select * from tpcds.household_demographics distributed randomly;
SELECT 7200
load.09.public.load_household_demographics.sh|2024-03-19 22:39:56|2024-03-19 22:40:06|10
drop table if exists public.load_household_demographics;
DROP TABLE
create table public.load_household_demographics as select * from tpcds.household_demographics distributed randomly;
SELECT 7200
load.09.public.load_household_demographics.sh|2024-03-19 22:40:07|2024-03-19 22:40:43|36
drop table if exists public.load_household_demographics;
DROP TABLE
create table public.load_household_demographics as select * from tpcds.household_demographics distributed randomly;
SELECT 7200
load.09.public.load_household_demographics.sh|2024-03-19 22:40:44|2024-03-19 22:41:32|48
drop table if exists public.load_household_demographics;
DROP TABLE
create table public.load_household_demographics as select * from tpcds.household_demographics distributed randomly;
SELECT 7200
load.09.public.load_household_demographics.sh|2024-03-19 22:41:33|2024-03-19 22:41:52|19
drop table if exists public.load_household_demographics;
DROP TABLE
create table public.load_household_demographics as select * from tpcds.household_demographics distributed randomly;
SELECT 7200
load.09.public.load_household_demographics.sh|2024-03-19 22:41:53|2024-03-19 22:42:09|16
drop table if exists public.load_household_demographics;
DROP TABLE
create table public.load_household_demographics as select * from tpcds.household_demographics distributed randomly;
SELECT 7200
load.09.public.load_household_demographics.sh|2024-03-19 22:42:10|2024-03-19 22:42:53|43
drop table if exists public.load_household_demographics;
DROP TABLE
create table public.load_household_demographics as select * from tpcds.household_demographics distributed randomly;
SELECT 7200
load.09.public.load_household_demographics.sh|2024-03-19 22:42:54|2024-03-19 22:43:11|17
drop table if exists public.load_household_demographics;
DROP TABLE
create table public.load_household_demographics as select * from tpcds.household_demographics distributed randomly;
SELECT 7200
load.09.public.load_household_demographics.sh|2024-03-19 22:43:12|2024-03-19 22:43:24|12
drop table if exists public.load_household_demographics;
DROP TABLE
create table public.load_household_demographics as select * from tpcds.household_demographics distributed randomly;
SELECT 7200
load.09.public.load_household_demographics.sh|2024-03-19 22:43:25|2024-03-19 22:43:51|26
drop table if exists public.load_household_demographics;
DROP TABLE
create table public.load_household_demographics as select * from tpcds.household_demographics distributed randomly;
SELECT 7200
load.09.public.load_household_demographics.sh|2024-03-19 22:43:52|2024-03-19 22:44:10|18
drop table if exists public.load_household_demographics;
DROP TABLE
create table public.load_household_demographics as select * from tpcds.household_demographics distributed randomly;
SELECT 7200
load.09.public.load_household_demographics.sh|2024-03-19 22:44:11|2024-03-19 22:44:35|24
drop table if exists public.load_household_demographics;
DROP TABLE
create table public.load_household_demographics as select * from tpcds.household_demographics distributed randomly;
SELECT 7200
load.09.public.load_household_demographics.sh|2024-03-19 22:44:36|2024-03-19 22:44:49|13
drop table if exists public.load_household_demographics;
DROP TABLE
create table public.load_household_demographics as select * from tpcds.household_demographics distributed randomly;
SELECT 7200
load.09.public.load_household_demographics.sh|2024-03-19 22:44:50|2024-03-19 22:45:05|15
drop table if exists public.load_household_demographics;
DROP TABLE
create table public.load_household_demographics as select * from tpcds.household_demographics distributed randomly;
SELECT 7200
load.09.public.load_household_demographics.sh|2024-03-19 22:45:06|2024-03-19 22:45:23|17
drop table if exists public.load_household_demographics;
DROP TABLE
create table public.load_household_demographics as select * from tpcds.household_demographics distributed randomly;
SELECT 7200
load.09.public.load_household_demographics.sh|2024-03-19 22:45:24|2024-03-19 22:45:41|17
drop table if exists public.load_household_demographics;
DROP TABLE
create table public.load_household_demographics as select * from tpcds.household_demographics distributed randomly;
SELECT 7200
load.09.public.load_household_demographics.sh|2024-03-19 22:45:42|2024-03-19 22:46:09|27
drop table if exists public.load_household_demographics;
DROP TABLE
create table public.load_household_demographics as select * from tpcds.household_demographics distributed randomly;
SELECT 7200
load.09.public.load_household_demographics.sh|2024-03-19 22:46:10|2024-03-19 22:46:33|23
drop table if exists public.load_household_demographics;
DROP TABLE
create table public.load_household_demographics as select * from tpcds.household_demographics distributed randomly;
SELECT 7200
load.09.public.load_household_demographics.sh|2024-03-19 22:46:34|2024-03-19 22:46:44|10
drop table if exists public.load_household_demographics;
DROP TABLE
create table public.load_household_demographics as select * from tpcds.household_demographics distributed randomly;
SELECT 7200
load.09.public.load_household_demographics.sh|2024-03-19 22:46:45|2024-03-19 22:47:01|16
drop table if exists public.load_household_demographics;
DROP TABLE
create table public.load_household_demographics as select * from tpcds.household_demographics distributed randomly;
SELECT 7200
load.09.public.load_household_demographics.sh|2024-03-19 22:47:02|2024-03-19 22:47:20|18
drop table if exists public.load_household_demographics;
DROP TABLE
create table public.load_household_demographics as select * from tpcds.household_demographics distributed randomly;
SELECT 7200
load.09.public.load_household_demographics.sh|2024-03-19 22:47:21|2024-03-19 22:47:38|17
drop table if exists public.load_household_demographics;
DROP TABLE
create table public.load_household_demographics as select * from tpcds.household_demographics distributed randomly;
SELECT 7200
load.09.public.load_household_demographics.sh|2024-03-19 22:47:39|2024-03-19 22:47:48|9
drop table if exists public.load_household_demographics;
DROP TABLE
create table public.load_household_demographics as select * from tpcds.household_demographics distributed randomly;
SELECT 7200
load.09.public.load_household_demographics.sh|2024-03-19 22:47:49|2024-03-19 22:48:16|27
drop table if exists public.load_household_demographics;
DROP TABLE
create table public.load_household_demographics as select * from tpcds.household_demographics distributed randomly;
SELECT 7200
load.09.public.load_household_demographics.sh|2024-03-19 22:48:17|2024-03-19 22:48:25|8
drop table if exists public.load_household_demographics;
DROP TABLE
create table public.load_household_demographics as select * from tpcds.household_demographics distributed randomly;
SELECT 7200
load.09.public.load_household_demographics.sh|2024-03-19 22:48:26|2024-03-19 22:48:53|27
drop table if exists public.load_household_demographics;
DROP TABLE
create table public.load_household_demographics as select * from tpcds.household_demographics distributed randomly;
SELECT 7200
load.09.public.load_household_demographics.sh|2024-03-19 22:48:54|2024-03-19 22:49:26|32
drop table if exists public.load_household_demographics;
DROP TABLE
create table public.load_household_demographics as select * from tpcds.household_demographics distributed randomly;
SELECT 7200
load.09.public.load_household_demographics.sh|2024-03-19 22:49:27|2024-03-19 22:50:19|52
drop table if exists public.load_household_demographics;
DROP TABLE
create table public.load_household_demographics as select * from tpcds.household_demographics distributed randomly;
SELECT 7200
load.09.public.load_household_demographics.sh|2024-03-19 22:50:20|2024-03-19 22:50:55|35
drop table if exists public.load_household_demographics;
DROP TABLE
create table public.load_household_demographics as select * from tpcds.household_demographics distributed randomly;
SELECT 7200
load.09.public.load_household_demographics.sh|2024-03-19 22:50:56|2024-03-19 22:51:30|34
drop table if exists public.load_household_demographics;
DROP TABLE
create table public.load_household_demographics as select * from tpcds.household_demographics distributed randomly;
SELECT 7200
load.09.public.load_household_demographics.sh|2024-03-19 22:51:31|2024-03-19 22:51:53|22
drop table if exists public.load_household_demographics;
DROP TABLE
create table public.load_household_demographics as select * from tpcds.household_demographics distributed randomly;
SELECT 7200
load.09.public.load_household_demographics.sh|2024-03-19 22:51:54|2024-03-19 22:52:13|19
drop table if exists public.load_household_demographics;
DROP TABLE
create table public.load_household_demographics as select * from tpcds.household_demographics distributed randomly;
SELECT 7200
load.09.public.load_household_demographics.sh|2024-03-19 22:52:14|2024-03-19 22:52:33|19
drop table if exists public.load_household_demographics;
DROP TABLE
create table public.load_household_demographics as select * from tpcds.household_demographics distributed randomly;
SELECT 7200
load.09.public.load_household_demographics.sh|2024-03-19 22:52:34|2024-03-19 22:52:54|20
drop table if exists public.load_household_demographics;
DROP TABLE
create table public.load_household_demographics as select * from tpcds.household_demographics distributed randomly;
SELECT 7200
load.09.public.load_household_demographics.sh|2024-03-19 22:52:55|2024-03-19 22:53:01|6
drop table if exists public.load_household_demographics;
DROP TABLE
create table public.load_household_demographics as select * from tpcds.household_demographics distributed randomly;
SELECT 7200
load.09.public.load_household_demographics.sh|2024-03-19 22:53:02|2024-03-19 22:53:14|12
drop table if exists public.load_household_demographics;
DROP TABLE
create table public.load_household_demographics as select * from tpcds.household_demographics distributed randomly;
SELECT 7200
load.09.public.load_household_demographics.sh|2024-03-19 22:53:15|2024-03-19 22:53:28|13
drop table if exists public.load_household_demographics;
DROP TABLE
create table public.load_household_demographics as select * from tpcds.household_demographics distributed randomly;
SELECT 7200
load.09.public.load_household_demographics.sh|2024-03-19 22:53:29|2024-03-19 22:53:58|29
drop table if exists public.load_household_demographics;
DROP TABLE
create table public.load_household_demographics as select * from tpcds.household_demographics distributed randomly;
SELECT 7200
load.09.public.load_household_demographics.sh|2024-03-19 22:53:59|2024-03-19 22:54:08|9
drop table if exists public.load_household_demographics;
DROP TABLE
create table public.load_household_demographics as select * from tpcds.household_demographics distributed randomly;
SELECT 7200
load.09.public.load_household_demographics.sh|2024-03-19 22:54:09|2024-03-19 22:54:19|10
drop table if exists public.load_household_demographics;
DROP TABLE
create table public.load_household_demographics as select * from tpcds.household_demographics distributed randomly;
SELECT 7200
load.09.public.load_household_demographics.sh|2024-03-19 22:54:20|2024-03-19 22:54:32|12
drop table if exists public.load_household_demographics;
DROP TABLE
create table public.load_household_demographics as select * from tpcds.household_demographics distributed randomly;
SELECT 7200
load.09.public.load_household_demographics.sh|2024-03-19 22:54:33|2024-03-19 22:55:01|28
drop table if exists public.load_household_demographics;
DROP TABLE
create table public.load_household_demographics as select * from tpcds.household_demographics distributed randomly;
SELECT 7200
load.09.public.load_household_demographics.sh|2024-03-19 22:55:02|2024-03-19 22:55:33|31
drop table if exists public.load_household_demographics;
DROP TABLE
create table public.load_household_demographics as select * from tpcds.household_demographics distributed randomly;
SELECT 7200
load.09.public.load_household_demographics.sh|2024-03-19 22:55:34|2024-03-19 22:55:57|23
drop table if exists public.load_household_demographics;
DROP TABLE
create table public.load_household_demographics as select * from tpcds.household_demographics distributed randomly;
SELECT 7200
load.09.public.load_household_demographics.sh|2024-03-19 22:55:58|2024-03-19 22:56:24|26
drop table if exists public.load_household_demographics;
DROP TABLE
create table public.load_household_demographics as select * from tpcds.household_demographics distributed randomly;
SELECT 7200
load.09.public.load_household_demographics.sh|2024-03-19 22:56:25|2024-03-19 22:56:42|17
drop table if exists public.load_household_demographics;
DROP TABLE
create table public.load_household_demographics as select * from tpcds.household_demographics distributed randomly;
SELECT 7200
load.09.public.load_household_demographics.sh|2024-03-19 22:56:43|2024-03-19 22:57:05|22
drop table if exists public.load_household_demographics;
DROP TABLE
create table public.load_household_demographics as select * from tpcds.household_demographics distributed randomly;
SELECT 7200
load.09.public.load_household_demographics.sh|2024-03-19 22:57:06|2024-03-19 22:57:33|27
drop table if exists public.load_household_demographics;
DROP TABLE
create table public.load_household_demographics as select * from tpcds.household_demographics distributed randomly;
SELECT 7200
load.09.public.load_household_demographics.sh|2024-03-19 22:57:34|2024-03-19 22:58:08|34
drop table if exists public.load_household_demographics;
DROP TABLE
create table public.load_household_demographics as select * from tpcds.household_demographics distributed randomly;
SELECT 7200
load.09.public.load_household_demographics.sh|2024-03-19 22:58:09|2024-03-19 22:58:39|30
drop table if exists public.load_household_demographics;
DROP TABLE
create table public.load_household_demographics as select * from tpcds.household_demographics distributed randomly;
SELECT 7200
load.09.public.load_household_demographics.sh|2024-03-19 22:58:40|2024-03-19 22:59:11|31
drop table if exists public.load_household_demographics;
DROP TABLE
create table public.load_household_demographics as select * from tpcds.household_demographics distributed randomly;
SELECT 7200
load.09.public.load_household_demographics.sh|2024-03-19 22:59:12|2024-03-19 22:59:37|25
drop table if exists public.load_household_demographics;
DROP TABLE
create table public.load_household_demographics as select * from tpcds.household_demographics distributed randomly;
SELECT 7200
load.09.public.load_household_demographics.sh|2024-03-19 22:59:38|2024-03-19 23:00:08|30
drop table if exists public.load_household_demographics;
DROP TABLE
create table public.load_household_demographics as select * from tpcds.household_demographics distributed randomly;
SELECT 7200
load.09.public.load_household_demographics.sh|2024-03-19 23:00:09|2024-03-19 23:00:44|35
drop table if exists public.load_household_demographics;
DROP TABLE
create table public.load_household_demographics as select * from tpcds.household_demographics distributed randomly;
SELECT 7200
load.09.public.load_household_demographics.sh|2024-03-19 23:00:45|2024-03-19 23:01:15|30
drop table if exists public.load_household_demographics;
DROP TABLE
create table public.load_household_demographics as select * from tpcds.household_demographics distributed randomly;
SELECT 7200
load.09.public.load_household_demographics.sh|2024-03-19 23:01:16|2024-03-19 23:01:43|27
drop table if exists public.load_household_demographics;
DROP TABLE
create table public.load_household_demographics as select * from tpcds.household_demographics distributed randomly;
SELECT 7200
load.09.public.load_household_demographics.sh|2024-03-19 23:01:44|2024-03-19 23:01:54|10
drop table if exists public.load_household_demographics;
DROP TABLE
create table public.load_household_demographics as select * from tpcds.household_demographics distributed randomly;
SELECT 7200
load.09.public.load_household_demographics.sh|2024-03-19 23:01:55|2024-03-19 23:02:02|7
drop table if exists public.load_household_demographics;
DROP TABLE
create table public.load_household_demographics as select * from tpcds.household_demographics distributed randomly;
SELECT 7200
load.09.public.load_household_demographics.sh|2024-03-19 23:02:03|2024-03-19 23:02:13|10
drop table if exists public.load_household_demographics;
DROP TABLE
create table public.load_household_demographics as select * from tpcds.household_demographics distributed randomly;
SELECT 7200
load.09.public.load_household_demographics.sh|2024-03-19 23:02:14|2024-03-19 23:02:22|8
drop table if exists public.load_household_demographics;
DROP TABLE
create table public.load_household_demographics as select * from tpcds.household_demographics distributed randomly;
SELECT 7200
load.09.public.load_household_demographics.sh|2024-03-19 23:02:23|2024-03-19 23:02:32|9
drop table if exists public.load_household_demographics;
DROP TABLE
create table public.load_household_demographics as select * from tpcds.household_demographics distributed randomly;
SELECT 7200
load.09.public.load_household_demographics.sh|2024-03-19 23:02:33|2024-03-19 23:02:58|25
drop table if exists public.load_household_demographics;
DROP TABLE
create table public.load_household_demographics as select * from tpcds.household_demographics distributed randomly;
SELECT 7200
load.09.public.load_household_demographics.sh|2024-03-19 23:02:59|2024-03-19 23:03:12|13
drop table if exists public.load_household_demographics;
DROP TABLE
create table public.load_household_demographics as select * from tpcds.household_demographics distributed randomly;
SELECT 7200
load.09.public.load_household_demographics.sh|2024-03-19 23:03:13|2024-03-19 23:03:25|12
drop table if exists public.load_household_demographics;
DROP TABLE
create table public.load_household_demographics as select * from tpcds.household_demographics distributed randomly;
SELECT 7200
load.09.public.load_household_demographics.sh|2024-03-19 23:03:26|2024-03-19 23:03:32|6
drop table if exists public.load_household_demographics;
DROP TABLE
create table public.load_household_demographics as select * from tpcds.household_demographics distributed randomly;
SELECT 7200
load.09.public.load_household_demographics.sh|2024-03-19 23:03:33|2024-03-19 23:03:38|5
drop table if exists public.load_household_demographics;
DROP TABLE
create table public.load_household_demographics as select * from tpcds.household_demographics distributed randomly;
SELECT 7200
load.09.public.load_household_demographics.sh|2024-03-19 23:03:39|2024-03-19 23:03:45|6
drop table if exists public.load_household_demographics;
DROP TABLE
create table public.load_household_demographics as select * from tpcds.household_demographics distributed randomly;
SELECT 7200
load.09.public.load_household_demographics.sh|2024-03-19 23:03:46|2024-03-19 23:03:54|8
drop table if exists public.load_household_demographics;
DROP TABLE
create table public.load_household_demographics as select * from tpcds.household_demographics distributed randomly;
SELECT 7200
load.09.public.load_household_demographics.sh|2024-03-19 23:03:55|2024-03-19 23:04:07|12
drop table if exists public.load_household_demographics;
DROP TABLE
create table public.load_household_demographics as select * from tpcds.household_demographics distributed randomly;
SELECT 7200
load.09.public.load_household_demographics.sh|2024-03-19 23:04:08|2024-03-19 23:04:17|9
drop table if exists public.load_household_demographics;
DROP TABLE
create table public.load_household_demographics as select * from tpcds.household_demographics distributed randomly;
SELECT 7200
load.09.public.load_household_demographics.sh|2024-03-19 23:04:18|2024-03-19 23:04:29|11
drop table if exists public.load_household_demographics;
DROP TABLE
create table public.load_household_demographics as select * from tpcds.household_demographics distributed randomly;
SELECT 7200
load.09.public.load_household_demographics.sh|2024-03-19 23:04:30|2024-03-19 23:04:41|11
drop table if exists public.load_household_demographics;
DROP TABLE
create table public.load_household_demographics as select * from tpcds.household_demographics distributed randomly;
SELECT 7200
load.09.public.load_household_demographics.sh|2024-03-19 23:04:42|2024-03-19 23:04:48|6
drop table if exists public.load_household_demographics;
DROP TABLE
create table public.load_household_demographics as select * from tpcds.household_demographics distributed randomly;
SELECT 7200
load.09.public.load_household_demographics.sh|2024-03-19 23:04:49|2024-03-19 23:05:01|12
drop table if exists public.load_household_demographics;
DROP TABLE
create table public.load_household_demographics as select * from tpcds.household_demographics distributed randomly;
SELECT 7200
load.09.public.load_household_demographics.sh|2024-03-19 23:05:02|2024-03-19 23:05:19|17
drop table if exists public.load_household_demographics;
DROP TABLE
create table public.load_household_demographics as select * from tpcds.household_demographics distributed randomly;
SELECT 7200
load.09.public.load_household_demographics.sh|2024-03-19 23:05:20|2024-03-19 23:05:55|35
drop table if exists public.load_household_demographics;
DROP TABLE
create table public.load_household_demographics as select * from tpcds.household_demographics distributed randomly;
SELECT 7200
load.09.public.load_household_demographics.sh|2024-03-19 23:05:56|2024-03-19 23:06:21|25
drop table if exists public.load_household_demographics;
DROP TABLE
create table public.load_household_demographics as select * from tpcds.household_demographics distributed randomly;
SELECT 7200
load.09.public.load_household_demographics.sh|2024-03-19 23:06:22|2024-03-19 23:06:47|25
drop table if exists public.load_household_demographics;
DROP TABLE
create table public.load_household_demographics as select * from tpcds.household_demographics distributed randomly;
SELECT 7200
load.09.public.load_household_demographics.sh|2024-03-19 23:06:48|2024-03-19 23:07:24|36
drop table if exists public.load_household_demographics;
DROP TABLE
create table public.load_household_demographics as select * from tpcds.household_demographics distributed randomly;
SELECT 7200
load.09.public.load_household_demographics.sh|2024-03-19 23:07:25|2024-03-19 23:08:10|45
drop table if exists public.load_household_demographics;
DROP TABLE
create table public.load_household_demographics as select * from tpcds.household_demographics distributed randomly;
SELECT 7200
load.09.public.load_household_demographics.sh|2024-03-19 23:08:11|2024-03-19 23:08:19|8
drop table if exists public.load_household_demographics;
DROP TABLE
create table public.load_household_demographics as select * from tpcds.household_demographics distributed randomly;
SELECT 7200
load.09.public.load_household_demographics.sh|2024-03-19 23:08:20|2024-03-19 23:08:30|10
drop table if exists public.load_household_demographics;
DROP TABLE
create table public.load_household_demographics as select * from tpcds.household_demographics distributed randomly;
SELECT 7200
load.09.public.load_household_demographics.sh|2024-03-19 23:08:31|2024-03-19 23:08:40|9
drop table if exists public.load_household_demographics;
DROP TABLE
create table public.load_household_demographics as select * from tpcds.household_demographics distributed randomly;
SELECT 7200
load.09.public.load_household_demographics.sh|2024-03-19 23:08:41|2024-03-19 23:08:49|8
drop table if exists public.load_household_demographics;
DROP TABLE
create table public.load_household_demographics as select * from tpcds.household_demographics distributed randomly;
SELECT 7200
load.09.public.load_household_demographics.sh|2024-03-19 23:08:50|2024-03-19 23:08:59|9
drop table if exists public.load_household_demographics;
DROP TABLE
create table public.load_household_demographics as select * from tpcds.household_demographics distributed randomly;
SELECT 7200
load.09.public.load_household_demographics.sh|2024-03-19 23:09:00|2024-03-19 23:09:08|8
drop table if exists public.load_household_demographics;
DROP TABLE
create table public.load_household_demographics as select * from tpcds.household_demographics distributed randomly;
SELECT 7200
load.09.public.load_household_demographics.sh|2024-03-19 23:09:09|2024-03-19 23:09:34|25
drop table if exists public.load_household_demographics;
DROP TABLE
create table public.load_household_demographics as select * from tpcds.household_demographics distributed randomly;
SELECT 7200
load.09.public.load_household_demographics.sh|2024-03-19 23:09:35|2024-03-19 23:09:53|18
drop table if exists public.load_household_demographics;
DROP TABLE
create table public.load_household_demographics as select * from tpcds.household_demographics distributed randomly;
SELECT 7200
load.09.public.load_household_demographics.sh|2024-03-19 23:09:54|2024-03-19 23:10:25|31
drop table if exists public.load_household_demographics;
DROP TABLE
create table public.load_household_demographics as select * from tpcds.household_demographics distributed randomly;
SELECT 7200
load.09.public.load_household_demographics.sh|2024-03-19 23:10:26|2024-03-19 23:11:06|40
drop table if exists public.load_household_demographics;
DROP TABLE
create table public.load_household_demographics as select * from tpcds.household_demographics distributed randomly;
SELECT 7200
load.09.public.load_household_demographics.sh|2024-03-19 23:11:07|2024-03-19 23:11:29|22
drop table if exists public.load_household_demographics;
DROP TABLE
create table public.load_household_demographics as select * from tpcds.household_demographics distributed randomly;
SELECT 7200
load.09.public.load_household_demographics.sh|2024-03-19 23:11:30|2024-03-19 23:11:37|7
drop table if exists public.load_household_demographics;
DROP TABLE
create table public.load_household_demographics as select * from tpcds.household_demographics distributed randomly;
SELECT 7200
load.09.public.load_household_demographics.sh|2024-03-19 23:11:38|2024-03-19 23:11:53|15
drop table if exists public.load_household_demographics;
DROP TABLE
create table public.load_household_demographics as select * from tpcds.household_demographics distributed randomly;
SELECT 7200
load.09.public.load_household_demographics.sh|2024-03-19 23:11:54|2024-03-19 23:12:23|29
drop table if exists public.load_household_demographics;
DROP TABLE
create table public.load_household_demographics as select * from tpcds.household_demographics distributed randomly;
SELECT 7200
load.09.public.load_household_demographics.sh|2024-03-19 23:12:24|2024-03-19 23:12:42|18
drop table if exists public.load_household_demographics;
DROP TABLE
create table public.load_household_demographics as select * from tpcds.household_demographics distributed randomly;
SELECT 7200
load.09.public.load_household_demographics.sh|2024-03-19 23:12:43|2024-03-19 23:12:54|11
drop table if exists public.load_household_demographics;
DROP TABLE
create table public.load_household_demographics as select * from tpcds.household_demographics distributed randomly;
SELECT 7200
load.09.public.load_household_demographics.sh|2024-03-19 23:12:55|2024-03-19 23:13:31|36
drop table if exists public.load_household_demographics;
DROP TABLE
create table public.load_household_demographics as select * from tpcds.household_demographics distributed randomly;
SELECT 7200
load.09.public.load_household_demographics.sh|2024-03-19 23:13:32|2024-03-19 23:13:47|15
drop table if exists public.load_household_demographics;
DROP TABLE
create table public.load_household_demographics as select * from tpcds.household_demographics distributed randomly;
SELECT 7200
load.09.public.load_household_demographics.sh|2024-03-19 23:13:48|2024-03-19 23:14:03|15
drop table if exists public.load_household_demographics;
DROP TABLE
create table public.load_household_demographics as select * from tpcds.household_demographics distributed randomly;
SELECT 7200
load.09.public.load_household_demographics.sh|2024-03-19 23:14:04|2024-03-19 23:14:28|24
drop table if exists public.load_household_demographics;
DROP TABLE
create table public.load_household_demographics as select * from tpcds.household_demographics distributed randomly;
SELECT 7200
load.09.public.load_household_demographics.sh|2024-03-19 23:14:29|2024-03-19 23:15:09|40
drop table if exists public.load_household_demographics;
DROP TABLE
create table public.load_household_demographics as select * from tpcds.household_demographics distributed randomly;
SELECT 7200
load.09.public.load_household_demographics.sh|2024-03-19 23:15:10|2024-03-19 23:15:44|34
drop table if exists public.load_household_demographics;
DROP TABLE
create table public.load_household_demographics as select * from tpcds.household_demographics distributed randomly;
SELECT 7200
load.09.public.load_household_demographics.sh|2024-03-19 23:15:45|2024-03-19 23:15:56|11
drop table if exists public.load_household_demographics;
DROP TABLE
create table public.load_household_demographics as select * from tpcds.household_demographics distributed randomly;
SELECT 7200
load.09.public.load_household_demographics.sh|2024-03-19 23:15:57|2024-03-19 23:16:40|43
drop table if exists public.load_household_demographics;
DROP TABLE
create table public.load_household_demographics as select * from tpcds.household_demographics distributed randomly;
SELECT 7200
load.09.public.load_household_demographics.sh|2024-03-19 23:16:41|2024-03-19 23:16:58|17
drop table if exists public.load_household_demographics;
DROP TABLE
create table public.load_household_demographics as select * from tpcds.household_demographics distributed randomly;
SELECT 7200
load.09.public.load_household_demographics.sh|2024-03-19 23:16:59|2024-03-19 23:17:11|12
drop table if exists public.load_household_demographics;
DROP TABLE
create table public.load_household_demographics as select * from tpcds.household_demographics distributed randomly;
SELECT 7200
load.09.public.load_household_demographics.sh|2024-03-19 23:17:12|2024-03-19 23:17:30|18
drop table if exists public.load_household_demographics;
DROP TABLE
create table public.load_household_demographics as select * from tpcds.household_demographics distributed randomly;
SELECT 7200
load.09.public.load_household_demographics.sh|2024-03-19 23:17:31|2024-03-19 23:17:51|20
drop table if exists public.load_household_demographics;
DROP TABLE
create table public.load_household_demographics as select * from tpcds.household_demographics distributed randomly;
SELECT 7200
load.09.public.load_household_demographics.sh|2024-03-19 23:17:52|2024-03-19 23:18:00|8
drop table if exists public.load_household_demographics;
DROP TABLE
create table public.load_household_demographics as select * from tpcds.household_demographics distributed randomly;
SELECT 7200
load.09.public.load_household_demographics.sh|2024-03-19 23:18:01|2024-03-19 23:18:09|8
