drop table if exists public.load_customer;
NOTICE:  table "load_customer" does not exist, skipping
DROP TABLE
create table public.load_customer as select * from tpcds.customer distributed randomly;
SELECT 30000000
load.05.public.load_customer.sh|2024-04-09 05:53:58|2024-04-09 05:54:30|32
drop table if exists public.load_customer;
DROP TABLE
create table public.load_customer as select * from tpcds.customer distributed randomly;
SELECT 30000000
load.05.public.load_customer.sh|2024-04-09 05:54:31|2024-04-09 05:55:51|80
drop table if exists public.load_customer;
DROP TABLE
create table public.load_customer as select * from tpcds.customer distributed randomly;
SELECT 30000000
load.05.public.load_customer.sh|2024-04-09 05:55:52|2024-04-09 05:57:07|75
drop table if exists public.load_customer;
DROP TABLE
create table public.load_customer as select * from tpcds.customer distributed randomly;
SELECT 30000000
load.05.public.load_customer.sh|2024-04-09 05:57:08|2024-04-09 05:57:57|49
drop table if exists public.load_customer;
DROP TABLE
create table public.load_customer as select * from tpcds.customer distributed randomly;
SELECT 30000000
load.05.public.load_customer.sh|2024-04-09 05:57:58|2024-04-09 05:58:34|36
drop table if exists public.load_customer;
DROP TABLE
create table public.load_customer as select * from tpcds.customer distributed randomly;
SELECT 30000000
load.05.public.load_customer.sh|2024-04-09 05:58:35|2024-04-09 05:59:20|45
drop table if exists public.load_customer;
DROP TABLE
create table public.load_customer as select * from tpcds.customer distributed randomly;
SELECT 30000000
load.05.public.load_customer.sh|2024-04-09 05:59:21|2024-04-09 06:00:31|70
drop table if exists public.load_customer;
DROP TABLE
create table public.load_customer as select * from tpcds.customer distributed randomly;
SELECT 30000000
load.05.public.load_customer.sh|2024-04-09 06:00:32|2024-04-09 06:01:49|77
drop table if exists public.load_customer;
DROP TABLE
create table public.load_customer as select * from tpcds.customer distributed randomly;
SELECT 30000000
load.05.public.load_customer.sh|2024-04-09 06:01:50|2024-04-09 06:02:41|51
drop table if exists public.load_customer;
DROP TABLE
create table public.load_customer as select * from tpcds.customer distributed randomly;
SELECT 30000000
load.05.public.load_customer.sh|2024-04-09 06:02:42|2024-04-09 06:03:23|41
drop table if exists public.load_customer;
DROP TABLE
create table public.load_customer as select * from tpcds.customer distributed randomly;
SELECT 30000000
load.05.public.load_customer.sh|2024-04-09 06:03:24|2024-04-09 06:03:54|30
drop table if exists public.load_customer;
DROP TABLE
create table public.load_customer as select * from tpcds.customer distributed randomly;
SELECT 30000000
load.05.public.load_customer.sh|2024-04-09 06:03:55|2024-04-09 06:04:27|32
drop table if exists public.load_customer;
DROP TABLE
create table public.load_customer as select * from tpcds.customer distributed randomly;
SELECT 30000000
load.05.public.load_customer.sh|2024-04-09 06:04:28|2024-04-09 06:05:19|51
drop table if exists public.load_customer;
DROP TABLE
create table public.load_customer as select * from tpcds.customer distributed randomly;
SELECT 30000000
load.05.public.load_customer.sh|2024-04-09 06:05:20|2024-04-09 06:06:46|86
drop table if exists public.load_customer;
DROP TABLE
create table public.load_customer as select * from tpcds.customer distributed randomly;
SELECT 30000000
load.05.public.load_customer.sh|2024-04-09 06:06:47|2024-04-09 06:07:16|29
drop table if exists public.load_customer;
DROP TABLE
create table public.load_customer as select * from tpcds.customer distributed randomly;
SELECT 30000000
load.05.public.load_customer.sh|2024-04-09 06:07:17|2024-04-09 06:08:33|76
drop table if exists public.load_customer;
DROP TABLE
create table public.load_customer as select * from tpcds.customer distributed randomly;
SELECT 30000000
load.05.public.load_customer.sh|2024-04-09 06:08:34|2024-04-09 06:09:34|60
drop table if exists public.load_customer;
DROP TABLE
create table public.load_customer as select * from tpcds.customer distributed randomly;
SELECT 30000000
load.05.public.load_customer.sh|2024-04-09 06:09:35|2024-04-09 06:10:56|81
drop table if exists public.load_customer;
DROP TABLE
create table public.load_customer as select * from tpcds.customer distributed randomly;
SELECT 30000000
load.05.public.load_customer.sh|2024-04-09 06:10:57|2024-04-09 06:11:39|42
drop table if exists public.load_customer;
DROP TABLE
create table public.load_customer as select * from tpcds.customer distributed randomly;
SELECT 30000000
load.05.public.load_customer.sh|2024-04-09 06:11:40|2024-04-09 06:12:21|41
drop table if exists public.load_customer;
DROP TABLE
create table public.load_customer as select * from tpcds.customer distributed randomly;
SELECT 30000000
load.05.public.load_customer.sh|2024-04-09 06:12:22|2024-04-09 06:12:56|34
drop table if exists public.load_customer;
DROP TABLE
create table public.load_customer as select * from tpcds.customer distributed randomly;
SELECT 30000000
load.05.public.load_customer.sh|2024-04-09 06:12:57|2024-04-09 06:13:58|61
drop table if exists public.load_customer;
DROP TABLE
create table public.load_customer as select * from tpcds.customer distributed randomly;
SELECT 30000000
load.05.public.load_customer.sh|2024-04-09 06:13:59|2024-04-09 06:14:52|53
drop table if exists public.load_customer;
DROP TABLE
create table public.load_customer as select * from tpcds.customer distributed randomly;
SELECT 30000000
load.05.public.load_customer.sh|2024-04-09 06:14:53|2024-04-09 06:16:59|126
drop table if exists public.load_customer;
DROP TABLE
create table public.load_customer as select * from tpcds.customer distributed randomly;
SELECT 30000000
load.05.public.load_customer.sh|2024-04-09 06:17:00|2024-04-09 06:17:48|48
drop table if exists public.load_customer;
DROP TABLE
create table public.load_customer as select * from tpcds.customer distributed randomly;
SELECT 30000000
load.05.public.load_customer.sh|2024-04-09 06:17:49|2024-04-09 06:18:18|29
drop table if exists public.load_customer;
DROP TABLE
create table public.load_customer as select * from tpcds.customer distributed randomly;
SELECT 30000000
load.05.public.load_customer.sh|2024-04-09 06:18:19|2024-04-09 06:19:09|50
drop table if exists public.load_customer;
DROP TABLE
create table public.load_customer as select * from tpcds.customer distributed randomly;
SELECT 30000000
load.05.public.load_customer.sh|2024-04-09 06:19:10|2024-04-09 06:20:37|87
drop table if exists public.load_customer;
DROP TABLE
create table public.load_customer as select * from tpcds.customer distributed randomly;
SELECT 30000000
load.05.public.load_customer.sh|2024-04-09 06:20:38|2024-04-09 06:21:58|80
drop table if exists public.load_customer;
DROP TABLE
create table public.load_customer as select * from tpcds.customer distributed randomly;
SELECT 30000000
load.05.public.load_customer.sh|2024-04-09 06:21:59|2024-04-09 06:22:58|59
drop table if exists public.load_customer;
DROP TABLE
create table public.load_customer as select * from tpcds.customer distributed randomly;
SELECT 30000000
load.05.public.load_customer.sh|2024-04-09 06:22:59|2024-04-09 06:23:35|36
drop table if exists public.load_customer;
DROP TABLE
create table public.load_customer as select * from tpcds.customer distributed randomly;
SELECT 30000000
load.05.public.load_customer.sh|2024-04-09 06:23:36|2024-04-09 06:24:26|50
drop table if exists public.load_customer;
DROP TABLE
create table public.load_customer as select * from tpcds.customer distributed randomly;
SELECT 30000000
load.05.public.load_customer.sh|2024-04-09 06:24:27|2024-04-09 06:25:45|78
drop table if exists public.load_customer;
DROP TABLE
create table public.load_customer as select * from tpcds.customer distributed randomly;
SELECT 30000000
load.05.public.load_customer.sh|2024-04-09 06:25:46|2024-04-09 06:26:58|72
drop table if exists public.load_customer;
DROP TABLE
create table public.load_customer as select * from tpcds.customer distributed randomly;
SELECT 30000000
load.05.public.load_customer.sh|2024-04-09 06:26:59|2024-04-09 06:27:51|52
drop table if exists public.load_customer;
DROP TABLE
create table public.load_customer as select * from tpcds.customer distributed randomly;
SELECT 30000000
load.05.public.load_customer.sh|2024-04-09 06:27:52|2024-04-09 06:28:51|59
drop table if exists public.load_customer;
DROP TABLE
create table public.load_customer as select * from tpcds.customer distributed randomly;
SELECT 30000000
load.05.public.load_customer.sh|2024-04-09 06:28:52|2024-04-09 06:29:47|55
drop table if exists public.load_customer;
DROP TABLE
create table public.load_customer as select * from tpcds.customer distributed randomly;
SELECT 30000000
load.05.public.load_customer.sh|2024-04-09 06:29:48|2024-04-09 06:30:59|71
drop table if exists public.load_customer;
DROP TABLE
create table public.load_customer as select * from tpcds.customer distributed randomly;
SELECT 30000000
load.05.public.load_customer.sh|2024-04-09 06:31:00|2024-04-09 06:31:55|55
drop table if exists public.load_customer;
DROP TABLE
create table public.load_customer as select * from tpcds.customer distributed randomly;
SELECT 30000000
load.05.public.load_customer.sh|2024-04-09 06:31:56|2024-04-09 06:32:49|53
drop table if exists public.load_customer;
DROP TABLE
create table public.load_customer as select * from tpcds.customer distributed randomly;
SELECT 30000000
load.05.public.load_customer.sh|2024-04-09 06:32:50|2024-04-09 06:33:20|30
drop table if exists public.load_customer;
DROP TABLE
create table public.load_customer as select * from tpcds.customer distributed randomly;
SELECT 30000000
load.05.public.load_customer.sh|2024-04-09 06:33:21|2024-04-09 06:33:57|36
drop table if exists public.load_customer;
DROP TABLE
create table public.load_customer as select * from tpcds.customer distributed randomly;
SELECT 30000000
load.05.public.load_customer.sh|2024-04-09 06:33:58|2024-04-09 06:34:28|30
drop table if exists public.load_customer;
DROP TABLE
create table public.load_customer as select * from tpcds.customer distributed randomly;
SELECT 30000000
load.05.public.load_customer.sh|2024-04-09 06:34:29|2024-04-09 06:35:40|71
drop table if exists public.load_customer;
DROP TABLE
create table public.load_customer as select * from tpcds.customer distributed randomly;
SELECT 30000000
load.05.public.load_customer.sh|2024-04-09 06:35:41|2024-04-09 06:37:16|95
drop table if exists public.load_customer;
DROP TABLE
create table public.load_customer as select * from tpcds.customer distributed randomly;
SELECT 30000000
load.05.public.load_customer.sh|2024-04-09 06:37:17|2024-04-09 06:37:56|39
drop table if exists public.load_customer;
DROP TABLE
create table public.load_customer as select * from tpcds.customer distributed randomly;
SELECT 30000000
load.05.public.load_customer.sh|2024-04-09 06:37:57|2024-04-09 06:38:39|42
drop table if exists public.load_customer;
DROP TABLE
create table public.load_customer as select * from tpcds.customer distributed randomly;
SELECT 30000000
load.05.public.load_customer.sh|2024-04-09 06:38:40|2024-04-09 06:40:04|84
drop table if exists public.load_customer;
DROP TABLE
create table public.load_customer as select * from tpcds.customer distributed randomly;
SELECT 30000000
load.05.public.load_customer.sh|2024-04-09 06:40:05|2024-04-09 06:41:20|75
drop table if exists public.load_customer;
DROP TABLE
create table public.load_customer as select * from tpcds.customer distributed randomly;
SELECT 30000000
load.05.public.load_customer.sh|2024-04-09 06:41:21|2024-04-09 06:42:24|63
drop table if exists public.load_customer;
DROP TABLE
create table public.load_customer as select * from tpcds.customer distributed randomly;
SELECT 30000000
load.05.public.load_customer.sh|2024-04-09 06:42:25|2024-04-09 06:43:26|61
drop table if exists public.load_customer;
DROP TABLE
create table public.load_customer as select * from tpcds.customer distributed randomly;
SELECT 30000000
load.05.public.load_customer.sh|2024-04-09 06:43:27|2024-04-09 06:43:54|27
drop table if exists public.load_customer;
DROP TABLE
create table public.load_customer as select * from tpcds.customer distributed randomly;
SELECT 30000000
load.05.public.load_customer.sh|2024-04-09 06:43:55|2024-04-09 06:45:48|113
drop table if exists public.load_customer;
DROP TABLE
create table public.load_customer as select * from tpcds.customer distributed randomly;
SELECT 30000000
load.05.public.load_customer.sh|2024-04-09 06:45:49|2024-04-09 06:46:36|47
drop table if exists public.load_customer;
DROP TABLE
create table public.load_customer as select * from tpcds.customer distributed randomly;
SELECT 30000000
load.05.public.load_customer.sh|2024-04-09 06:46:37|2024-04-09 06:47:01|24
drop table if exists public.load_customer;
DROP TABLE
create table public.load_customer as select * from tpcds.customer distributed randomly;
SELECT 30000000
load.05.public.load_customer.sh|2024-04-09 06:47:02|2024-04-09 06:47:30|28
drop table if exists public.load_customer;
DROP TABLE
create table public.load_customer as select * from tpcds.customer distributed randomly;
SELECT 30000000
load.05.public.load_customer.sh|2024-04-09 06:47:31|2024-04-09 06:47:59|28
drop table if exists public.load_customer;
DROP TABLE
create table public.load_customer as select * from tpcds.customer distributed randomly;
SELECT 30000000
load.05.public.load_customer.sh|2024-04-09 06:48:00|2024-04-09 06:48:46|46
drop table if exists public.load_customer;
DROP TABLE
create table public.load_customer as select * from tpcds.customer distributed randomly;
SELECT 30000000
load.05.public.load_customer.sh|2024-04-09 06:48:47|2024-04-09 06:49:53|66
drop table if exists public.load_customer;
DROP TABLE
create table public.load_customer as select * from tpcds.customer distributed randomly;
SELECT 30000000
load.05.public.load_customer.sh|2024-04-09 06:49:54|2024-04-09 06:51:19|85
drop table if exists public.load_customer;
DROP TABLE
create table public.load_customer as select * from tpcds.customer distributed randomly;
SELECT 30000000
load.05.public.load_customer.sh|2024-04-09 06:51:20|2024-04-09 06:52:04|44
drop table if exists public.load_customer;
DROP TABLE
create table public.load_customer as select * from tpcds.customer distributed randomly;
SELECT 30000000
load.05.public.load_customer.sh|2024-04-09 06:52:05|2024-04-09 06:53:00|55
drop table if exists public.load_customer;
DROP TABLE
create table public.load_customer as select * from tpcds.customer distributed randomly;
SELECT 30000000
load.05.public.load_customer.sh|2024-04-09 06:53:01|2024-04-09 06:53:33|32
drop table if exists public.load_customer;
DROP TABLE
create table public.load_customer as select * from tpcds.customer distributed randomly;
SELECT 30000000
load.05.public.load_customer.sh|2024-04-09 06:53:34|2024-04-09 06:54:34|60
drop table if exists public.load_customer;
DROP TABLE
create table public.load_customer as select * from tpcds.customer distributed randomly;
SELECT 30000000
load.05.public.load_customer.sh|2024-04-09 06:54:35|2024-04-09 06:56:17|102
drop table if exists public.load_customer;
DROP TABLE
create table public.load_customer as select * from tpcds.customer distributed randomly;
SELECT 30000000
load.05.public.load_customer.sh|2024-04-09 06:56:18|2024-04-09 06:57:27|69
drop table if exists public.load_customer;
DROP TABLE
create table public.load_customer as select * from tpcds.customer distributed randomly;
SELECT 30000000
load.05.public.load_customer.sh|2024-04-09 06:57:28|2024-04-09 06:58:37|69
drop table if exists public.load_customer;
DROP TABLE
create table public.load_customer as select * from tpcds.customer distributed randomly;
SELECT 30000000
load.05.public.load_customer.sh|2024-04-09 06:58:39|2024-04-09 06:59:14|35
drop table if exists public.load_customer;
DROP TABLE
create table public.load_customer as select * from tpcds.customer distributed randomly;
SELECT 30000000
load.05.public.load_customer.sh|2024-04-09 06:59:15|2024-04-09 07:00:48|93
drop table if exists public.load_customer;
DROP TABLE
create table public.load_customer as select * from tpcds.customer distributed randomly;
SELECT 30000000
load.05.public.load_customer.sh|2024-04-09 07:00:49|2024-04-09 07:02:04|75
drop table if exists public.load_customer;
DROP TABLE
create table public.load_customer as select * from tpcds.customer distributed randomly;
SELECT 30000000
load.05.public.load_customer.sh|2024-04-09 07:02:05|2024-04-09 07:02:44|39
drop table if exists public.load_customer;
DROP TABLE
create table public.load_customer as select * from tpcds.customer distributed randomly;
SELECT 30000000
load.05.public.load_customer.sh|2024-04-09 07:02:45|2024-04-09 07:03:36|51
drop table if exists public.load_customer;
DROP TABLE
create table public.load_customer as select * from tpcds.customer distributed randomly;
SELECT 30000000
load.05.public.load_customer.sh|2024-04-09 07:03:37|2024-04-09 07:04:22|45
drop table if exists public.load_customer;
DROP TABLE
create table public.load_customer as select * from tpcds.customer distributed randomly;
SELECT 30000000
load.05.public.load_customer.sh|2024-04-09 07:04:23|2024-04-09 07:06:13|110
drop table if exists public.load_customer;
DROP TABLE
create table public.load_customer as select * from tpcds.customer distributed randomly;
SELECT 30000000
load.05.public.load_customer.sh|2024-04-09 07:06:14|2024-04-09 07:07:00|46
drop table if exists public.load_customer;
DROP TABLE
create table public.load_customer as select * from tpcds.customer distributed randomly;
SELECT 30000000
load.05.public.load_customer.sh|2024-04-09 07:07:01|2024-04-09 07:07:32|31
drop table if exists public.load_customer;
DROP TABLE
create table public.load_customer as select * from tpcds.customer distributed randomly;
SELECT 30000000
load.05.public.load_customer.sh|2024-04-09 07:07:33|2024-04-09 07:08:09|36
drop table if exists public.load_customer;
DROP TABLE
create table public.load_customer as select * from tpcds.customer distributed randomly;
SELECT 30000000
load.05.public.load_customer.sh|2024-04-09 07:08:10|2024-04-09 07:09:21|71
drop table if exists public.load_customer;
DROP TABLE
create table public.load_customer as select * from tpcds.customer distributed randomly;
SELECT 30000000
load.05.public.load_customer.sh|2024-04-09 07:09:22|2024-04-09 07:10:26|64
drop table if exists public.load_customer;
DROP TABLE
create table public.load_customer as select * from tpcds.customer distributed randomly;
SELECT 30000000
load.05.public.load_customer.sh|2024-04-09 07:10:27|2024-04-09 07:11:10|43
drop table if exists public.load_customer;
DROP TABLE
create table public.load_customer as select * from tpcds.customer distributed randomly;
SELECT 30000000
load.05.public.load_customer.sh|2024-04-09 07:11:11|2024-04-09 07:11:59|48
drop table if exists public.load_customer;
DROP TABLE
create table public.load_customer as select * from tpcds.customer distributed randomly;
SELECT 30000000
load.05.public.load_customer.sh|2024-04-09 07:12:00|2024-04-09 07:12:23|23
drop table if exists public.load_customer;
DROP TABLE
create table public.load_customer as select * from tpcds.customer distributed randomly;
SELECT 30000000
load.05.public.load_customer.sh|2024-04-09 07:12:24|2024-04-09 07:13:16|52
drop table if exists public.load_customer;
DROP TABLE
create table public.load_customer as select * from tpcds.customer distributed randomly;
SELECT 30000000
load.05.public.load_customer.sh|2024-04-09 07:13:17|2024-04-09 07:14:21|64
drop table if exists public.load_customer;
DROP TABLE
create table public.load_customer as select * from tpcds.customer distributed randomly;
SELECT 30000000
load.05.public.load_customer.sh|2024-04-09 07:14:22|2024-04-09 07:15:32|70
drop table if exists public.load_customer;
DROP TABLE
create table public.load_customer as select * from tpcds.customer distributed randomly;
SELECT 30000000
load.05.public.load_customer.sh|2024-04-09 07:15:33|2024-04-09 07:16:16|43
drop table if exists public.load_customer;
DROP TABLE
create table public.load_customer as select * from tpcds.customer distributed randomly;
SELECT 30000000
load.05.public.load_customer.sh|2024-04-09 07:16:17|2024-04-09 07:17:16|59
drop table if exists public.load_customer;
DROP TABLE
create table public.load_customer as select * from tpcds.customer distributed randomly;
SELECT 30000000
load.05.public.load_customer.sh|2024-04-09 07:17:17|2024-04-09 07:18:04|47
drop table if exists public.load_customer;
DROP TABLE
create table public.load_customer as select * from tpcds.customer distributed randomly;
SELECT 30000000
load.05.public.load_customer.sh|2024-04-09 07:18:05|2024-04-09 07:19:58|113
drop table if exists public.load_customer;
DROP TABLE
create table public.load_customer as select * from tpcds.customer distributed randomly;
SELECT 30000000
load.05.public.load_customer.sh|2024-04-09 07:19:59|2024-04-09 07:21:10|71
drop table if exists public.load_customer;
DROP TABLE
create table public.load_customer as select * from tpcds.customer distributed randomly;
SELECT 30000000
load.05.public.load_customer.sh|2024-04-09 07:21:11|2024-04-09 07:21:58|47
drop table if exists public.load_customer;
DROP TABLE
create table public.load_customer as select * from tpcds.customer distributed randomly;
SELECT 30000000
load.05.public.load_customer.sh|2024-04-09 07:21:59|2024-04-09 07:22:49|50
drop table if exists public.load_customer;
DROP TABLE
create table public.load_customer as select * from tpcds.customer distributed randomly;
SELECT 30000000
load.05.public.load_customer.sh|2024-04-09 07:22:50|2024-04-09 07:23:27|37
drop table if exists public.load_customer;
DROP TABLE
create table public.load_customer as select * from tpcds.customer distributed randomly;
SELECT 30000000
load.05.public.load_customer.sh|2024-04-09 07:23:28|2024-04-09 07:24:09|41
drop table if exists public.load_customer;
DROP TABLE
create table public.load_customer as select * from tpcds.customer distributed randomly;
SELECT 30000000
load.05.public.load_customer.sh|2024-04-09 07:24:10|2024-04-09 07:25:11|61
drop table if exists public.load_customer;
DROP TABLE
create table public.load_customer as select * from tpcds.customer distributed randomly;
SELECT 30000000
load.05.public.load_customer.sh|2024-04-09 07:25:12|2024-04-09 07:26:15|63
drop table if exists public.load_customer;
DROP TABLE
create table public.load_customer as select * from tpcds.customer distributed randomly;
SELECT 30000000
load.05.public.load_customer.sh|2024-04-09 07:26:16|2024-04-09 07:26:36|20
drop table if exists public.load_customer;
DROP TABLE
create table public.load_customer as select * from tpcds.customer distributed randomly;
SELECT 30000000
load.05.public.load_customer.sh|2024-04-09 07:26:37|2024-04-09 07:26:58|21
drop table if exists public.load_customer;
DROP TABLE
create table public.load_customer as select * from tpcds.customer distributed randomly;
SELECT 30000000
load.05.public.load_customer.sh|2024-04-09 07:26:59|2024-04-09 07:27:27|28
drop table if exists public.load_customer;
DROP TABLE
create table public.load_customer as select * from tpcds.customer distributed randomly;
SELECT 30000000
load.05.public.load_customer.sh|2024-04-09 07:27:28|2024-04-09 07:27:49|21
drop table if exists public.load_customer;
DROP TABLE
create table public.load_customer as select * from tpcds.customer distributed randomly;
SELECT 30000000
load.05.public.load_customer.sh|2024-04-09 07:27:50|2024-04-09 07:28:12|22
drop table if exists public.load_customer;
DROP TABLE
create table public.load_customer as select * from tpcds.customer distributed randomly;
SELECT 30000000
load.05.public.load_customer.sh|2024-04-09 07:28:13|2024-04-09 07:28:36|23
drop table if exists public.load_customer;
DROP TABLE
create table public.load_customer as select * from tpcds.customer distributed randomly;
SELECT 30000000
load.05.public.load_customer.sh|2024-04-09 07:28:37|2024-04-09 07:29:28|51
drop table if exists public.load_customer;
DROP TABLE
create table public.load_customer as select * from tpcds.customer distributed randomly;
SELECT 30000000
load.05.public.load_customer.sh|2024-04-09 07:29:29|2024-04-09 07:31:01|92
drop table if exists public.load_customer;
DROP TABLE
create table public.load_customer as select * from tpcds.customer distributed randomly;
SELECT 30000000
load.05.public.load_customer.sh|2024-04-09 07:31:02|2024-04-09 07:31:34|32
drop table if exists public.load_customer;
DROP TABLE
create table public.load_customer as select * from tpcds.customer distributed randomly;
SELECT 30000000
load.05.public.load_customer.sh|2024-04-09 07:31:35|2024-04-09 07:32:24|49
drop table if exists public.load_customer;
DROP TABLE
create table public.load_customer as select * from tpcds.customer distributed randomly;
SELECT 30000000
load.05.public.load_customer.sh|2024-04-09 07:32:25|2024-04-09 07:33:09|44
drop table if exists public.load_customer;
DROP TABLE
create table public.load_customer as select * from tpcds.customer distributed randomly;
SELECT 30000000
load.05.public.load_customer.sh|2024-04-09 07:33:10|2024-04-09 07:33:57|47
drop table if exists public.load_customer;
DROP TABLE
create table public.load_customer as select * from tpcds.customer distributed randomly;
SELECT 30000000
load.05.public.load_customer.sh|2024-04-09 07:33:58|2024-04-09 07:35:36|98
drop table if exists public.load_customer;
DROP TABLE
create table public.load_customer as select * from tpcds.customer distributed randomly;
SELECT 30000000
load.05.public.load_customer.sh|2024-04-09 07:35:37|2024-04-09 07:36:40|63
drop table if exists public.load_customer;
DROP TABLE
create table public.load_customer as select * from tpcds.customer distributed randomly;
SELECT 30000000
load.05.public.load_customer.sh|2024-04-09 07:36:41|2024-04-09 07:37:26|45
drop table if exists public.load_customer;
DROP TABLE
create table public.load_customer as select * from tpcds.customer distributed randomly;
SELECT 30000000
load.05.public.load_customer.sh|2024-04-09 07:37:27|2024-04-09 07:38:06|39
drop table if exists public.load_customer;
DROP TABLE
create table public.load_customer as select * from tpcds.customer distributed randomly;
SELECT 30000000
load.05.public.load_customer.sh|2024-04-09 07:38:07|2024-04-09 07:39:19|72
drop table if exists public.load_customer;
DROP TABLE
create table public.load_customer as select * from tpcds.customer distributed randomly;
SELECT 30000000
load.05.public.load_customer.sh|2024-04-09 07:39:20|2024-04-09 07:40:58|98
drop table if exists public.load_customer;
DROP TABLE
create table public.load_customer as select * from tpcds.customer distributed randomly;
SELECT 30000000
load.05.public.load_customer.sh|2024-04-09 07:40:59|2024-04-09 07:41:55|56
drop table if exists public.load_customer;
DROP TABLE
create table public.load_customer as select * from tpcds.customer distributed randomly;
SELECT 30000000
load.05.public.load_customer.sh|2024-04-09 07:41:56|2024-04-09 07:42:25|29
drop table if exists public.load_customer;
DROP TABLE
create table public.load_customer as select * from tpcds.customer distributed randomly;
SELECT 30000000
load.05.public.load_customer.sh|2024-04-09 07:42:26|2024-04-09 07:43:21|55
drop table if exists public.load_customer;
DROP TABLE
create table public.load_customer as select * from tpcds.customer distributed randomly;
SELECT 30000000
load.05.public.load_customer.sh|2024-04-09 07:43:22|2024-04-09 07:43:56|34
drop table if exists public.load_customer;
DROP TABLE
create table public.load_customer as select * from tpcds.customer distributed randomly;
SELECT 30000000
load.05.public.load_customer.sh|2024-04-09 07:43:57|2024-04-09 07:44:48|51
drop table if exists public.load_customer;
DROP TABLE
create table public.load_customer as select * from tpcds.customer distributed randomly;
SELECT 30000000
load.05.public.load_customer.sh|2024-04-09 07:44:49|2024-04-09 07:46:02|73
drop table if exists public.load_customer;
DROP TABLE
create table public.load_customer as select * from tpcds.customer distributed randomly;
SELECT 30000000
load.05.public.load_customer.sh|2024-04-09 07:46:03|2024-04-09 07:47:33|90
drop table if exists public.load_customer;
DROP TABLE
create table public.load_customer as select * from tpcds.customer distributed randomly;
SELECT 30000000
load.05.public.load_customer.sh|2024-04-09 07:47:34|2024-04-09 07:48:18|44
drop table if exists public.load_customer;
DROP TABLE
create table public.load_customer as select * from tpcds.customer distributed randomly;
SELECT 30000000
load.05.public.load_customer.sh|2024-04-09 07:48:19|2024-04-09 07:48:59|40
drop table if exists public.load_customer;
DROP TABLE
create table public.load_customer as select * from tpcds.customer distributed randomly;
SELECT 30000000
load.05.public.load_customer.sh|2024-04-09 07:49:00|2024-04-09 07:49:29|29
drop table if exists public.load_customer;
DROP TABLE
create table public.load_customer as select * from tpcds.customer distributed randomly;
SELECT 30000000
load.05.public.load_customer.sh|2024-04-09 07:49:30|2024-04-09 07:51:03|93
drop table if exists public.load_customer;
DROP TABLE
create table public.load_customer as select * from tpcds.customer distributed randomly;
SELECT 30000000
load.05.public.load_customer.sh|2024-04-09 07:51:04|2024-04-09 07:52:21|77
drop table if exists public.load_customer;
DROP TABLE
create table public.load_customer as select * from tpcds.customer distributed randomly;
SELECT 30000000
load.05.public.load_customer.sh|2024-04-09 07:52:22|2024-04-09 07:53:27|65
drop table if exists public.load_customer;
DROP TABLE
create table public.load_customer as select * from tpcds.customer distributed randomly;
ERROR:  canceling statement due to user request
load.05.public.load_customer.sh|2024-04-09 07:53:28|2024-04-09 07:54:09|41
