drop table if exists public.load_ship_mode;
NOTICE:  table "load_ship_mode" does not exist, skipping
DROP TABLE
create table public.load_ship_mode as select * from tpcds.ship_mode distributed randomly;
SELECT 20
load.15.public.load_ship_mode.sh|2024-03-19 21:18:04|2024-03-19 21:18:27|23
drop table if exists public.load_ship_mode;
DROP TABLE
create table public.load_ship_mode as select * from tpcds.ship_mode distributed randomly;
SELECT 20
load.15.public.load_ship_mode.sh|2024-03-19 21:18:28|2024-03-19 21:18:47|19
drop table if exists public.load_ship_mode;
DROP TABLE
create table public.load_ship_mode as select * from tpcds.ship_mode distributed randomly;
SELECT 20
load.15.public.load_ship_mode.sh|2024-03-19 21:18:48|2024-03-19 21:19:26|38
drop table if exists public.load_ship_mode;
DROP TABLE
create table public.load_ship_mode as select * from tpcds.ship_mode distributed randomly;
SELECT 20
load.15.public.load_ship_mode.sh|2024-03-19 21:19:27|2024-03-19 21:19:52|25
drop table if exists public.load_ship_mode;
DROP TABLE
create table public.load_ship_mode as select * from tpcds.ship_mode distributed randomly;
SELECT 20
load.15.public.load_ship_mode.sh|2024-03-19 21:19:53|2024-03-19 21:20:21|28
drop table if exists public.load_ship_mode;
DROP TABLE
create table public.load_ship_mode as select * from tpcds.ship_mode distributed randomly;
SELECT 20
load.15.public.load_ship_mode.sh|2024-03-19 21:20:22|2024-03-19 21:21:30|68
drop table if exists public.load_ship_mode;
DROP TABLE
create table public.load_ship_mode as select * from tpcds.ship_mode distributed randomly;
SELECT 20
load.15.public.load_ship_mode.sh|2024-03-19 21:21:31|2024-03-19 21:22:07|36
drop table if exists public.load_ship_mode;
DROP TABLE
create table public.load_ship_mode as select * from tpcds.ship_mode distributed randomly;
SELECT 20
load.15.public.load_ship_mode.sh|2024-03-19 21:22:08|2024-03-19 21:22:40|32
drop table if exists public.load_ship_mode;
DROP TABLE
create table public.load_ship_mode as select * from tpcds.ship_mode distributed randomly;
SELECT 20
load.15.public.load_ship_mode.sh|2024-03-19 21:22:41|2024-03-19 21:23:01|20
drop table if exists public.load_ship_mode;
DROP TABLE
create table public.load_ship_mode as select * from tpcds.ship_mode distributed randomly;
SELECT 20
load.15.public.load_ship_mode.sh|2024-03-19 21:23:02|2024-03-19 21:23:28|26
drop table if exists public.load_ship_mode;
DROP TABLE
create table public.load_ship_mode as select * from tpcds.ship_mode distributed randomly;
SELECT 20
load.15.public.load_ship_mode.sh|2024-03-19 21:23:29|2024-03-19 21:23:53|24
drop table if exists public.load_ship_mode;
DROP TABLE
create table public.load_ship_mode as select * from tpcds.ship_mode distributed randomly;
SELECT 20
load.15.public.load_ship_mode.sh|2024-03-19 21:23:54|2024-03-19 21:24:31|37
drop table if exists public.load_ship_mode;
DROP TABLE
create table public.load_ship_mode as select * from tpcds.ship_mode distributed randomly;
SELECT 20
load.15.public.load_ship_mode.sh|2024-03-19 21:24:32|2024-03-19 21:24:56|24
drop table if exists public.load_ship_mode;
DROP TABLE
create table public.load_ship_mode as select * from tpcds.ship_mode distributed randomly;
SELECT 20
load.15.public.load_ship_mode.sh|2024-03-19 21:24:57|2024-03-19 21:25:13|16
drop table if exists public.load_ship_mode;
DROP TABLE
create table public.load_ship_mode as select * from tpcds.ship_mode distributed randomly;
SELECT 20
load.15.public.load_ship_mode.sh|2024-03-19 21:25:14|2024-03-19 21:25:26|12
drop table if exists public.load_ship_mode;
DROP TABLE
create table public.load_ship_mode as select * from tpcds.ship_mode distributed randomly;
SELECT 20
load.15.public.load_ship_mode.sh|2024-03-19 21:25:27|2024-03-19 21:25:43|16
drop table if exists public.load_ship_mode;
DROP TABLE
create table public.load_ship_mode as select * from tpcds.ship_mode distributed randomly;
SELECT 20
load.15.public.load_ship_mode.sh|2024-03-19 21:25:44|2024-03-19 21:25:52|8
drop table if exists public.load_ship_mode;
DROP TABLE
create table public.load_ship_mode as select * from tpcds.ship_mode distributed randomly;
SELECT 20
load.15.public.load_ship_mode.sh|2024-03-19 21:25:53|2024-03-19 21:26:21|28
drop table if exists public.load_ship_mode;
DROP TABLE
create table public.load_ship_mode as select * from tpcds.ship_mode distributed randomly;
SELECT 20
load.15.public.load_ship_mode.sh|2024-03-19 21:26:22|2024-03-19 21:26:31|9
drop table if exists public.load_ship_mode;
DROP TABLE
create table public.load_ship_mode as select * from tpcds.ship_mode distributed randomly;
SELECT 20
load.15.public.load_ship_mode.sh|2024-03-19 21:26:32|2024-03-19 21:26:48|16
drop table if exists public.load_ship_mode;
DROP TABLE
create table public.load_ship_mode as select * from tpcds.ship_mode distributed randomly;
SELECT 20
load.15.public.load_ship_mode.sh|2024-03-19 21:26:49|2024-03-19 21:27:56|67
drop table if exists public.load_ship_mode;
DROP TABLE
create table public.load_ship_mode as select * from tpcds.ship_mode distributed randomly;
SELECT 20
load.15.public.load_ship_mode.sh|2024-03-19 21:27:57|2024-03-19 21:28:18|21
drop table if exists public.load_ship_mode;
DROP TABLE
create table public.load_ship_mode as select * from tpcds.ship_mode distributed randomly;
SELECT 20
load.15.public.load_ship_mode.sh|2024-03-19 21:28:19|2024-03-19 21:28:46|27
drop table if exists public.load_ship_mode;
DROP TABLE
create table public.load_ship_mode as select * from tpcds.ship_mode distributed randomly;
SELECT 20
load.15.public.load_ship_mode.sh|2024-03-19 21:28:47|2024-03-19 21:29:20|33
drop table if exists public.load_ship_mode;
DROP TABLE
create table public.load_ship_mode as select * from tpcds.ship_mode distributed randomly;
SELECT 20
load.15.public.load_ship_mode.sh|2024-03-19 21:29:21|2024-03-19 21:30:00|39
drop table if exists public.load_ship_mode;
DROP TABLE
create table public.load_ship_mode as select * from tpcds.ship_mode distributed randomly;
SELECT 20
load.15.public.load_ship_mode.sh|2024-03-19 21:30:01|2024-03-19 21:30:21|20
drop table if exists public.load_ship_mode;
DROP TABLE
create table public.load_ship_mode as select * from tpcds.ship_mode distributed randomly;
SELECT 20
load.15.public.load_ship_mode.sh|2024-03-19 21:30:22|2024-03-19 21:31:05|43
drop table if exists public.load_ship_mode;
DROP TABLE
create table public.load_ship_mode as select * from tpcds.ship_mode distributed randomly;
SELECT 20
load.15.public.load_ship_mode.sh|2024-03-19 21:31:06|2024-03-19 21:31:30|24
drop table if exists public.load_ship_mode;
DROP TABLE
create table public.load_ship_mode as select * from tpcds.ship_mode distributed randomly;
SELECT 20
load.15.public.load_ship_mode.sh|2024-03-19 21:31:31|2024-03-19 21:31:41|10
drop table if exists public.load_ship_mode;
DROP TABLE
create table public.load_ship_mode as select * from tpcds.ship_mode distributed randomly;
SELECT 20
load.15.public.load_ship_mode.sh|2024-03-19 21:31:42|2024-03-19 21:32:03|21
drop table if exists public.load_ship_mode;
DROP TABLE
create table public.load_ship_mode as select * from tpcds.ship_mode distributed randomly;
SELECT 20
load.15.public.load_ship_mode.sh|2024-03-19 21:32:04|2024-03-19 21:32:23|19
drop table if exists public.load_ship_mode;
DROP TABLE
create table public.load_ship_mode as select * from tpcds.ship_mode distributed randomly;
SELECT 20
load.15.public.load_ship_mode.sh|2024-03-19 21:32:24|2024-03-19 21:32:34|10
drop table if exists public.load_ship_mode;
DROP TABLE
create table public.load_ship_mode as select * from tpcds.ship_mode distributed randomly;
SELECT 20
load.15.public.load_ship_mode.sh|2024-03-19 21:32:35|2024-03-19 21:32:53|18
drop table if exists public.load_ship_mode;
DROP TABLE
create table public.load_ship_mode as select * from tpcds.ship_mode distributed randomly;
SELECT 20
load.15.public.load_ship_mode.sh|2024-03-19 21:32:54|2024-03-19 21:33:07|13
drop table if exists public.load_ship_mode;
DROP TABLE
create table public.load_ship_mode as select * from tpcds.ship_mode distributed randomly;
SELECT 20
load.15.public.load_ship_mode.sh|2024-03-19 21:33:08|2024-03-19 21:33:19|11
drop table if exists public.load_ship_mode;
DROP TABLE
create table public.load_ship_mode as select * from tpcds.ship_mode distributed randomly;
SELECT 20
load.15.public.load_ship_mode.sh|2024-03-19 21:33:20|2024-03-19 21:33:56|36
drop table if exists public.load_ship_mode;
DROP TABLE
create table public.load_ship_mode as select * from tpcds.ship_mode distributed randomly;
SELECT 20
load.15.public.load_ship_mode.sh|2024-03-19 21:33:57|2024-03-19 21:34:45|48
drop table if exists public.load_ship_mode;
DROP TABLE
create table public.load_ship_mode as select * from tpcds.ship_mode distributed randomly;
SELECT 20
load.15.public.load_ship_mode.sh|2024-03-19 21:34:46|2024-03-19 21:35:08|22
drop table if exists public.load_ship_mode;
DROP TABLE
create table public.load_ship_mode as select * from tpcds.ship_mode distributed randomly;
SELECT 20
load.15.public.load_ship_mode.sh|2024-03-19 21:35:09|2024-03-19 21:35:47|38
drop table if exists public.load_ship_mode;
DROP TABLE
create table public.load_ship_mode as select * from tpcds.ship_mode distributed randomly;
SELECT 20
load.15.public.load_ship_mode.sh|2024-03-19 21:35:48|2024-03-19 21:36:10|22
drop table if exists public.load_ship_mode;
DROP TABLE
create table public.load_ship_mode as select * from tpcds.ship_mode distributed randomly;
SELECT 20
load.15.public.load_ship_mode.sh|2024-03-19 21:36:11|2024-03-19 21:36:24|13
drop table if exists public.load_ship_mode;
DROP TABLE
create table public.load_ship_mode as select * from tpcds.ship_mode distributed randomly;
SELECT 20
load.15.public.load_ship_mode.sh|2024-03-19 21:36:25|2024-03-19 21:36:57|32
drop table if exists public.load_ship_mode;
DROP TABLE
create table public.load_ship_mode as select * from tpcds.ship_mode distributed randomly;
SELECT 20
load.15.public.load_ship_mode.sh|2024-03-19 21:36:58|2024-03-19 21:37:22|24
drop table if exists public.load_ship_mode;
DROP TABLE
create table public.load_ship_mode as select * from tpcds.ship_mode distributed randomly;
SELECT 20
load.15.public.load_ship_mode.sh|2024-03-19 21:37:23|2024-03-19 21:37:41|18
drop table if exists public.load_ship_mode;
DROP TABLE
create table public.load_ship_mode as select * from tpcds.ship_mode distributed randomly;
SELECT 20
load.15.public.load_ship_mode.sh|2024-03-19 21:37:42|2024-03-19 21:38:04|22
drop table if exists public.load_ship_mode;
DROP TABLE
create table public.load_ship_mode as select * from tpcds.ship_mode distributed randomly;
SELECT 20
load.15.public.load_ship_mode.sh|2024-03-19 21:38:05|2024-03-19 21:38:55|50
drop table if exists public.load_ship_mode;
DROP TABLE
create table public.load_ship_mode as select * from tpcds.ship_mode distributed randomly;
SELECT 20
load.15.public.load_ship_mode.sh|2024-03-19 21:38:56|2024-03-19 21:39:29|33
drop table if exists public.load_ship_mode;
DROP TABLE
create table public.load_ship_mode as select * from tpcds.ship_mode distributed randomly;
SELECT 20
load.15.public.load_ship_mode.sh|2024-03-19 21:39:30|2024-03-19 21:39:58|28
drop table if exists public.load_ship_mode;
DROP TABLE
create table public.load_ship_mode as select * from tpcds.ship_mode distributed randomly;
SELECT 20
load.15.public.load_ship_mode.sh|2024-03-19 21:39:59|2024-03-19 21:40:18|19
drop table if exists public.load_ship_mode;
DROP TABLE
create table public.load_ship_mode as select * from tpcds.ship_mode distributed randomly;
SELECT 20
load.15.public.load_ship_mode.sh|2024-03-19 21:40:19|2024-03-19 21:40:47|28
drop table if exists public.load_ship_mode;
DROP TABLE
create table public.load_ship_mode as select * from tpcds.ship_mode distributed randomly;
SELECT 20
load.15.public.load_ship_mode.sh|2024-03-19 21:40:48|2024-03-19 21:41:05|17
drop table if exists public.load_ship_mode;
DROP TABLE
create table public.load_ship_mode as select * from tpcds.ship_mode distributed randomly;
SELECT 20
load.15.public.load_ship_mode.sh|2024-03-19 21:41:06|2024-03-19 21:41:48|42
drop table if exists public.load_ship_mode;
DROP TABLE
create table public.load_ship_mode as select * from tpcds.ship_mode distributed randomly;
SELECT 20
load.15.public.load_ship_mode.sh|2024-03-19 21:41:49|2024-03-19 21:42:01|12
drop table if exists public.load_ship_mode;
DROP TABLE
create table public.load_ship_mode as select * from tpcds.ship_mode distributed randomly;
SELECT 20
load.15.public.load_ship_mode.sh|2024-03-19 21:42:02|2024-03-19 21:42:10|8
drop table if exists public.load_ship_mode;
DROP TABLE
create table public.load_ship_mode as select * from tpcds.ship_mode distributed randomly;
SELECT 20
load.15.public.load_ship_mode.sh|2024-03-19 21:42:11|2024-03-19 21:42:20|9
drop table if exists public.load_ship_mode;
DROP TABLE
create table public.load_ship_mode as select * from tpcds.ship_mode distributed randomly;
SELECT 20
load.15.public.load_ship_mode.sh|2024-03-19 21:42:21|2024-03-19 21:42:28|7
drop table if exists public.load_ship_mode;
DROP TABLE
create table public.load_ship_mode as select * from tpcds.ship_mode distributed randomly;
SELECT 20
load.15.public.load_ship_mode.sh|2024-03-19 21:42:29|2024-03-19 21:42:39|10
drop table if exists public.load_ship_mode;
DROP TABLE
create table public.load_ship_mode as select * from tpcds.ship_mode distributed randomly;
SELECT 20
load.15.public.load_ship_mode.sh|2024-03-19 21:42:40|2024-03-19 21:43:08|28
drop table if exists public.load_ship_mode;
DROP TABLE
create table public.load_ship_mode as select * from tpcds.ship_mode distributed randomly;
SELECT 20
load.15.public.load_ship_mode.sh|2024-03-19 21:43:09|2024-03-19 21:43:38|29
drop table if exists public.load_ship_mode;
DROP TABLE
create table public.load_ship_mode as select * from tpcds.ship_mode distributed randomly;
SELECT 20
load.15.public.load_ship_mode.sh|2024-03-19 21:43:39|2024-03-19 21:44:18|39
drop table if exists public.load_ship_mode;
DROP TABLE
create table public.load_ship_mode as select * from tpcds.ship_mode distributed randomly;
SELECT 20
load.15.public.load_ship_mode.sh|2024-03-19 21:44:19|2024-03-19 21:44:55|36
drop table if exists public.load_ship_mode;
DROP TABLE
create table public.load_ship_mode as select * from tpcds.ship_mode distributed randomly;
SELECT 20
load.15.public.load_ship_mode.sh|2024-03-19 21:44:56|2024-03-19 21:45:26|30
drop table if exists public.load_ship_mode;
DROP TABLE
create table public.load_ship_mode as select * from tpcds.ship_mode distributed randomly;
SELECT 20
load.15.public.load_ship_mode.sh|2024-03-19 21:45:27|2024-03-19 21:45:54|27
drop table if exists public.load_ship_mode;
DROP TABLE
create table public.load_ship_mode as select * from tpcds.ship_mode distributed randomly;
SELECT 20
load.15.public.load_ship_mode.sh|2024-03-19 21:45:55|2024-03-19 21:46:15|20
drop table if exists public.load_ship_mode;
DROP TABLE
create table public.load_ship_mode as select * from tpcds.ship_mode distributed randomly;
SELECT 20
load.15.public.load_ship_mode.sh|2024-03-19 21:46:16|2024-03-19 21:46:27|11
drop table if exists public.load_ship_mode;
DROP TABLE
create table public.load_ship_mode as select * from tpcds.ship_mode distributed randomly;
SELECT 20
load.15.public.load_ship_mode.sh|2024-03-19 21:46:28|2024-03-19 21:46:40|12
drop table if exists public.load_ship_mode;
DROP TABLE
create table public.load_ship_mode as select * from tpcds.ship_mode distributed randomly;
SELECT 20
load.15.public.load_ship_mode.sh|2024-03-19 21:46:41|2024-03-19 21:46:53|12
drop table if exists public.load_ship_mode;
DROP TABLE
create table public.load_ship_mode as select * from tpcds.ship_mode distributed randomly;
SELECT 20
load.15.public.load_ship_mode.sh|2024-03-19 21:46:54|2024-03-19 21:47:08|14
drop table if exists public.load_ship_mode;
DROP TABLE
create table public.load_ship_mode as select * from tpcds.ship_mode distributed randomly;
SELECT 20
load.15.public.load_ship_mode.sh|2024-03-19 21:47:09|2024-03-19 21:47:15|6
drop table if exists public.load_ship_mode;
DROP TABLE
create table public.load_ship_mode as select * from tpcds.ship_mode distributed randomly;
SELECT 20
load.15.public.load_ship_mode.sh|2024-03-19 21:47:16|2024-03-19 21:47:25|9
drop table if exists public.load_ship_mode;
DROP TABLE
create table public.load_ship_mode as select * from tpcds.ship_mode distributed randomly;
SELECT 20
load.15.public.load_ship_mode.sh|2024-03-19 21:47:26|2024-03-19 21:47:48|22
drop table if exists public.load_ship_mode;
DROP TABLE
create table public.load_ship_mode as select * from tpcds.ship_mode distributed randomly;
SELECT 20
load.15.public.load_ship_mode.sh|2024-03-19 21:47:49|2024-03-19 21:48:17|28
drop table if exists public.load_ship_mode;
DROP TABLE
create table public.load_ship_mode as select * from tpcds.ship_mode distributed randomly;
SELECT 20
load.15.public.load_ship_mode.sh|2024-03-19 21:48:18|2024-03-19 21:48:50|32
drop table if exists public.load_ship_mode;
DROP TABLE
create table public.load_ship_mode as select * from tpcds.ship_mode distributed randomly;
SELECT 20
load.15.public.load_ship_mode.sh|2024-03-19 21:48:51|2024-03-19 21:49:08|17
drop table if exists public.load_ship_mode;
DROP TABLE
create table public.load_ship_mode as select * from tpcds.ship_mode distributed randomly;
SELECT 20
load.15.public.load_ship_mode.sh|2024-03-19 21:49:09|2024-03-19 21:49:17|8
drop table if exists public.load_ship_mode;
DROP TABLE
create table public.load_ship_mode as select * from tpcds.ship_mode distributed randomly;
SELECT 20
load.15.public.load_ship_mode.sh|2024-03-19 21:49:18|2024-03-19 21:49:33|15
drop table if exists public.load_ship_mode;
DROP TABLE
create table public.load_ship_mode as select * from tpcds.ship_mode distributed randomly;
SELECT 20
load.15.public.load_ship_mode.sh|2024-03-19 21:49:34|2024-03-19 21:49:44|10
drop table if exists public.load_ship_mode;
DROP TABLE
create table public.load_ship_mode as select * from tpcds.ship_mode distributed randomly;
SELECT 20
load.15.public.load_ship_mode.sh|2024-03-19 21:49:45|2024-03-19 21:49:52|7
drop table if exists public.load_ship_mode;
DROP TABLE
create table public.load_ship_mode as select * from tpcds.ship_mode distributed randomly;
SELECT 20
load.15.public.load_ship_mode.sh|2024-03-19 21:49:53|2024-03-19 21:50:05|12
drop table if exists public.load_ship_mode;
DROP TABLE
create table public.load_ship_mode as select * from tpcds.ship_mode distributed randomly;
SELECT 20
load.15.public.load_ship_mode.sh|2024-03-19 21:50:06|2024-03-19 21:50:33|27
drop table if exists public.load_ship_mode;
DROP TABLE
create table public.load_ship_mode as select * from tpcds.ship_mode distributed randomly;
SELECT 20
load.15.public.load_ship_mode.sh|2024-03-19 21:50:34|2024-03-19 21:50:44|10
drop table if exists public.load_ship_mode;
DROP TABLE
create table public.load_ship_mode as select * from tpcds.ship_mode distributed randomly;
SELECT 20
load.15.public.load_ship_mode.sh|2024-03-19 21:50:45|2024-03-19 21:51:03|18
drop table if exists public.load_ship_mode;
DROP TABLE
create table public.load_ship_mode as select * from tpcds.ship_mode distributed randomly;
SELECT 20
load.15.public.load_ship_mode.sh|2024-03-19 21:51:04|2024-03-19 21:51:19|15
drop table if exists public.load_ship_mode;
DROP TABLE
create table public.load_ship_mode as select * from tpcds.ship_mode distributed randomly;
SELECT 20
load.15.public.load_ship_mode.sh|2024-03-19 21:51:20|2024-03-19 21:51:33|13
drop table if exists public.load_ship_mode;
DROP TABLE
create table public.load_ship_mode as select * from tpcds.ship_mode distributed randomly;
SELECT 20
load.15.public.load_ship_mode.sh|2024-03-19 21:51:34|2024-03-19 21:51:43|9
drop table if exists public.load_ship_mode;
DROP TABLE
create table public.load_ship_mode as select * from tpcds.ship_mode distributed randomly;
SELECT 20
load.15.public.load_ship_mode.sh|2024-03-19 21:51:44|2024-03-19 21:51:51|7
drop table if exists public.load_ship_mode;
DROP TABLE
create table public.load_ship_mode as select * from tpcds.ship_mode distributed randomly;
SELECT 20
load.15.public.load_ship_mode.sh|2024-03-19 21:51:52|2024-03-19 21:52:08|16
drop table if exists public.load_ship_mode;
DROP TABLE
create table public.load_ship_mode as select * from tpcds.ship_mode distributed randomly;
SELECT 20
load.15.public.load_ship_mode.sh|2024-03-19 21:52:09|2024-03-19 21:52:38|29
drop table if exists public.load_ship_mode;
DROP TABLE
create table public.load_ship_mode as select * from tpcds.ship_mode distributed randomly;
SELECT 20
load.15.public.load_ship_mode.sh|2024-03-19 21:52:39|2024-03-19 21:53:12|33
drop table if exists public.load_ship_mode;
DROP TABLE
create table public.load_ship_mode as select * from tpcds.ship_mode distributed randomly;
SELECT 20
load.15.public.load_ship_mode.sh|2024-03-19 21:53:13|2024-03-19 21:53:41|28
drop table if exists public.load_ship_mode;
DROP TABLE
create table public.load_ship_mode as select * from tpcds.ship_mode distributed randomly;
SELECT 20
load.15.public.load_ship_mode.sh|2024-03-19 21:53:42|2024-03-19 21:54:10|28
drop table if exists public.load_ship_mode;
DROP TABLE
create table public.load_ship_mode as select * from tpcds.ship_mode distributed randomly;
SELECT 20
load.15.public.load_ship_mode.sh|2024-03-19 21:54:11|2024-03-19 21:54:30|19
drop table if exists public.load_ship_mode;
DROP TABLE
create table public.load_ship_mode as select * from tpcds.ship_mode distributed randomly;
SELECT 20
load.15.public.load_ship_mode.sh|2024-03-19 21:54:31|2024-03-19 21:54:52|21
drop table if exists public.load_ship_mode;
DROP TABLE
create table public.load_ship_mode as select * from tpcds.ship_mode distributed randomly;
SELECT 20
load.15.public.load_ship_mode.sh|2024-03-19 21:54:53|2024-03-19 21:55:06|13
drop table if exists public.load_ship_mode;
DROP TABLE
create table public.load_ship_mode as select * from tpcds.ship_mode distributed randomly;
SELECT 20
load.15.public.load_ship_mode.sh|2024-03-19 21:55:07|2024-03-19 21:55:25|18
drop table if exists public.load_ship_mode;
DROP TABLE
create table public.load_ship_mode as select * from tpcds.ship_mode distributed randomly;
SELECT 20
load.15.public.load_ship_mode.sh|2024-03-19 21:55:26|2024-03-19 21:55:34|8
drop table if exists public.load_ship_mode;
DROP TABLE
create table public.load_ship_mode as select * from tpcds.ship_mode distributed randomly;
SELECT 20
load.15.public.load_ship_mode.sh|2024-03-19 21:55:35|2024-03-19 21:55:47|12
drop table if exists public.load_ship_mode;
DROP TABLE
create table public.load_ship_mode as select * from tpcds.ship_mode distributed randomly;
SELECT 20
load.15.public.load_ship_mode.sh|2024-03-19 21:55:48|2024-03-19 21:56:01|13
drop table if exists public.load_ship_mode;
DROP TABLE
create table public.load_ship_mode as select * from tpcds.ship_mode distributed randomly;
SELECT 20
load.15.public.load_ship_mode.sh|2024-03-19 21:56:02|2024-03-19 21:56:25|23
drop table if exists public.load_ship_mode;
DROP TABLE
create table public.load_ship_mode as select * from tpcds.ship_mode distributed randomly;
SELECT 20
load.15.public.load_ship_mode.sh|2024-03-19 21:56:26|2024-03-19 21:56:51|25
drop table if exists public.load_ship_mode;
DROP TABLE
create table public.load_ship_mode as select * from tpcds.ship_mode distributed randomly;
SELECT 20
load.15.public.load_ship_mode.sh|2024-03-19 21:56:52|2024-03-19 21:57:25|33
drop table if exists public.load_ship_mode;
DROP TABLE
create table public.load_ship_mode as select * from tpcds.ship_mode distributed randomly;
SELECT 20
load.15.public.load_ship_mode.sh|2024-03-19 21:57:26|2024-03-19 21:58:19|53
drop table if exists public.load_ship_mode;
DROP TABLE
create table public.load_ship_mode as select * from tpcds.ship_mode distributed randomly;
SELECT 20
load.15.public.load_ship_mode.sh|2024-03-19 21:58:20|2024-03-19 21:58:58|38
drop table if exists public.load_ship_mode;
DROP TABLE
create table public.load_ship_mode as select * from tpcds.ship_mode distributed randomly;
SELECT 20
load.15.public.load_ship_mode.sh|2024-03-19 21:58:59|2024-03-19 21:59:41|42
drop table if exists public.load_ship_mode;
DROP TABLE
create table public.load_ship_mode as select * from tpcds.ship_mode distributed randomly;
SELECT 20
load.15.public.load_ship_mode.sh|2024-03-19 21:59:42|2024-03-19 22:00:28|46
drop table if exists public.load_ship_mode;
DROP TABLE
create table public.load_ship_mode as select * from tpcds.ship_mode distributed randomly;
SELECT 20
load.15.public.load_ship_mode.sh|2024-03-19 22:00:29|2024-03-19 22:00:46|17
drop table if exists public.load_ship_mode;
DROP TABLE
create table public.load_ship_mode as select * from tpcds.ship_mode distributed randomly;
SELECT 20
load.15.public.load_ship_mode.sh|2024-03-19 22:00:47|2024-03-19 22:01:14|27
drop table if exists public.load_ship_mode;
DROP TABLE
create table public.load_ship_mode as select * from tpcds.ship_mode distributed randomly;
SELECT 20
load.15.public.load_ship_mode.sh|2024-03-19 22:01:15|2024-03-19 22:01:51|36
drop table if exists public.load_ship_mode;
DROP TABLE
create table public.load_ship_mode as select * from tpcds.ship_mode distributed randomly;
SELECT 20
load.15.public.load_ship_mode.sh|2024-03-19 22:01:52|2024-03-19 22:02:15|23
drop table if exists public.load_ship_mode;
DROP TABLE
create table public.load_ship_mode as select * from tpcds.ship_mode distributed randomly;
SELECT 20
load.15.public.load_ship_mode.sh|2024-03-19 22:02:16|2024-03-19 22:02:33|17
drop table if exists public.load_ship_mode;
DROP TABLE
create table public.load_ship_mode as select * from tpcds.ship_mode distributed randomly;
SELECT 20
load.15.public.load_ship_mode.sh|2024-03-19 22:02:34|2024-03-19 22:02:58|24
drop table if exists public.load_ship_mode;
DROP TABLE
create table public.load_ship_mode as select * from tpcds.ship_mode distributed randomly;
SELECT 20
load.15.public.load_ship_mode.sh|2024-03-19 22:02:59|2024-03-19 22:03:22|23
drop table if exists public.load_ship_mode;
DROP TABLE
create table public.load_ship_mode as select * from tpcds.ship_mode distributed randomly;
SELECT 20
load.15.public.load_ship_mode.sh|2024-03-19 22:03:23|2024-03-19 22:03:38|15
drop table if exists public.load_ship_mode;
DROP TABLE
create table public.load_ship_mode as select * from tpcds.ship_mode distributed randomly;
SELECT 20
load.15.public.load_ship_mode.sh|2024-03-19 22:03:39|2024-03-19 22:04:16|37
drop table if exists public.load_ship_mode;
DROP TABLE
create table public.load_ship_mode as select * from tpcds.ship_mode distributed randomly;
SELECT 20
load.15.public.load_ship_mode.sh|2024-03-19 22:04:17|2024-03-19 22:04:35|18
drop table if exists public.load_ship_mode;
DROP TABLE
create table public.load_ship_mode as select * from tpcds.ship_mode distributed randomly;
SELECT 20
load.15.public.load_ship_mode.sh|2024-03-19 22:04:36|2024-03-19 22:04:46|10
drop table if exists public.load_ship_mode;
DROP TABLE
create table public.load_ship_mode as select * from tpcds.ship_mode distributed randomly;
SELECT 20
load.15.public.load_ship_mode.sh|2024-03-19 22:04:47|2024-03-19 22:05:02|15
drop table if exists public.load_ship_mode;
DROP TABLE
create table public.load_ship_mode as select * from tpcds.ship_mode distributed randomly;
SELECT 20
load.15.public.load_ship_mode.sh|2024-03-19 22:05:03|2024-03-19 22:05:53|50
drop table if exists public.load_ship_mode;
DROP TABLE
create table public.load_ship_mode as select * from tpcds.ship_mode distributed randomly;
SELECT 20
load.15.public.load_ship_mode.sh|2024-03-19 22:05:54|2024-03-19 22:06:29|35
drop table if exists public.load_ship_mode;
DROP TABLE
create table public.load_ship_mode as select * from tpcds.ship_mode distributed randomly;
SELECT 20
load.15.public.load_ship_mode.sh|2024-03-19 22:06:30|2024-03-19 22:06:50|20
drop table if exists public.load_ship_mode;
DROP TABLE
create table public.load_ship_mode as select * from tpcds.ship_mode distributed randomly;
SELECT 20
load.15.public.load_ship_mode.sh|2024-03-19 22:06:51|2024-03-19 22:07:18|27
drop table if exists public.load_ship_mode;
DROP TABLE
create table public.load_ship_mode as select * from tpcds.ship_mode distributed randomly;
SELECT 20
load.15.public.load_ship_mode.sh|2024-03-19 22:07:19|2024-03-19 22:07:32|13
drop table if exists public.load_ship_mode;
DROP TABLE
create table public.load_ship_mode as select * from tpcds.ship_mode distributed randomly;
SELECT 20
load.15.public.load_ship_mode.sh|2024-03-19 22:07:33|2024-03-19 22:07:49|16
drop table if exists public.load_ship_mode;
DROP TABLE
create table public.load_ship_mode as select * from tpcds.ship_mode distributed randomly;
SELECT 20
load.15.public.load_ship_mode.sh|2024-03-19 22:07:50|2024-03-19 22:08:01|11
drop table if exists public.load_ship_mode;
DROP TABLE
create table public.load_ship_mode as select * from tpcds.ship_mode distributed randomly;
SELECT 20
load.15.public.load_ship_mode.sh|2024-03-19 22:08:02|2024-03-19 22:08:25|23
drop table if exists public.load_ship_mode;
DROP TABLE
create table public.load_ship_mode as select * from tpcds.ship_mode distributed randomly;
SELECT 20
load.15.public.load_ship_mode.sh|2024-03-19 22:08:26|2024-03-19 22:08:40|14
drop table if exists public.load_ship_mode;
DROP TABLE
create table public.load_ship_mode as select * from tpcds.ship_mode distributed randomly;
SELECT 20
load.15.public.load_ship_mode.sh|2024-03-19 22:08:41|2024-03-19 22:08:57|16
drop table if exists public.load_ship_mode;
DROP TABLE
create table public.load_ship_mode as select * from tpcds.ship_mode distributed randomly;
SELECT 20
load.15.public.load_ship_mode.sh|2024-03-19 22:08:58|2024-03-19 22:09:16|18
drop table if exists public.load_ship_mode;
DROP TABLE
create table public.load_ship_mode as select * from tpcds.ship_mode distributed randomly;
SELECT 20
load.15.public.load_ship_mode.sh|2024-03-19 22:09:17|2024-03-19 22:09:32|15
drop table if exists public.load_ship_mode;
DROP TABLE
create table public.load_ship_mode as select * from tpcds.ship_mode distributed randomly;
SELECT 20
load.15.public.load_ship_mode.sh|2024-03-19 22:09:33|2024-03-19 22:09:47|14
drop table if exists public.load_ship_mode;
DROP TABLE
create table public.load_ship_mode as select * from tpcds.ship_mode distributed randomly;
SELECT 20
load.15.public.load_ship_mode.sh|2024-03-19 22:09:48|2024-03-19 22:09:56|8
drop table if exists public.load_ship_mode;
DROP TABLE
create table public.load_ship_mode as select * from tpcds.ship_mode distributed randomly;
SELECT 20
load.15.public.load_ship_mode.sh|2024-03-19 22:09:57|2024-03-19 22:10:07|10
drop table if exists public.load_ship_mode;
DROP TABLE
create table public.load_ship_mode as select * from tpcds.ship_mode distributed randomly;
SELECT 20
load.15.public.load_ship_mode.sh|2024-03-19 22:10:08|2024-03-19 22:10:30|22
drop table if exists public.load_ship_mode;
DROP TABLE
create table public.load_ship_mode as select * from tpcds.ship_mode distributed randomly;
SELECT 20
load.15.public.load_ship_mode.sh|2024-03-19 22:10:31|2024-03-19 22:11:02|31
drop table if exists public.load_ship_mode;
DROP TABLE
create table public.load_ship_mode as select * from tpcds.ship_mode distributed randomly;
SELECT 20
load.15.public.load_ship_mode.sh|2024-03-19 22:11:03|2024-03-19 22:11:19|16
drop table if exists public.load_ship_mode;
DROP TABLE
create table public.load_ship_mode as select * from tpcds.ship_mode distributed randomly;
SELECT 20
load.15.public.load_ship_mode.sh|2024-03-19 22:11:20|2024-03-19 22:11:28|8
drop table if exists public.load_ship_mode;
DROP TABLE
create table public.load_ship_mode as select * from tpcds.ship_mode distributed randomly;
SELECT 20
load.15.public.load_ship_mode.sh|2024-03-19 22:11:29|2024-03-19 22:12:01|32
drop table if exists public.load_ship_mode;
DROP TABLE
create table public.load_ship_mode as select * from tpcds.ship_mode distributed randomly;
SELECT 20
load.15.public.load_ship_mode.sh|2024-03-19 22:12:02|2024-03-19 22:12:34|32
drop table if exists public.load_ship_mode;
DROP TABLE
create table public.load_ship_mode as select * from tpcds.ship_mode distributed randomly;
SELECT 20
load.15.public.load_ship_mode.sh|2024-03-19 22:12:35|2024-03-19 22:13:00|25
drop table if exists public.load_ship_mode;
DROP TABLE
create table public.load_ship_mode as select * from tpcds.ship_mode distributed randomly;
SELECT 20
load.15.public.load_ship_mode.sh|2024-03-19 22:13:01|2024-03-19 22:13:26|25
drop table if exists public.load_ship_mode;
DROP TABLE
create table public.load_ship_mode as select * from tpcds.ship_mode distributed randomly;
SELECT 20
load.15.public.load_ship_mode.sh|2024-03-19 22:13:27|2024-03-19 22:14:01|34
drop table if exists public.load_ship_mode;
DROP TABLE
create table public.load_ship_mode as select * from tpcds.ship_mode distributed randomly;
SELECT 20
load.15.public.load_ship_mode.sh|2024-03-19 22:14:02|2024-03-19 22:14:24|22
drop table if exists public.load_ship_mode;
DROP TABLE
create table public.load_ship_mode as select * from tpcds.ship_mode distributed randomly;
SELECT 20
load.15.public.load_ship_mode.sh|2024-03-19 22:14:25|2024-03-19 22:14:41|16
drop table if exists public.load_ship_mode;
DROP TABLE
create table public.load_ship_mode as select * from tpcds.ship_mode distributed randomly;
SELECT 20
load.15.public.load_ship_mode.sh|2024-03-19 22:14:42|2024-03-19 22:15:06|24
drop table if exists public.load_ship_mode;
DROP TABLE
create table public.load_ship_mode as select * from tpcds.ship_mode distributed randomly;
SELECT 20
load.15.public.load_ship_mode.sh|2024-03-19 22:15:07|2024-03-19 22:15:19|12
drop table if exists public.load_ship_mode;
DROP TABLE
create table public.load_ship_mode as select * from tpcds.ship_mode distributed randomly;
SELECT 20
load.15.public.load_ship_mode.sh|2024-03-19 22:15:20|2024-03-19 22:15:30|10
drop table if exists public.load_ship_mode;
DROP TABLE
create table public.load_ship_mode as select * from tpcds.ship_mode distributed randomly;
SELECT 20
load.15.public.load_ship_mode.sh|2024-03-19 22:15:31|2024-03-19 22:15:45|14
drop table if exists public.load_ship_mode;
DROP TABLE
create table public.load_ship_mode as select * from tpcds.ship_mode distributed randomly;
SELECT 20
load.15.public.load_ship_mode.sh|2024-03-19 22:15:46|2024-03-19 22:16:03|17
drop table if exists public.load_ship_mode;
DROP TABLE
create table public.load_ship_mode as select * from tpcds.ship_mode distributed randomly;
SELECT 20
load.15.public.load_ship_mode.sh|2024-03-19 22:16:04|2024-03-19 22:16:28|24
drop table if exists public.load_ship_mode;
DROP TABLE
create table public.load_ship_mode as select * from tpcds.ship_mode distributed randomly;
SELECT 20
load.15.public.load_ship_mode.sh|2024-03-19 22:16:29|2024-03-19 22:16:43|14
drop table if exists public.load_ship_mode;
DROP TABLE
create table public.load_ship_mode as select * from tpcds.ship_mode distributed randomly;
SELECT 20
load.15.public.load_ship_mode.sh|2024-03-19 22:16:44|2024-03-19 22:17:01|17
drop table if exists public.load_ship_mode;
DROP TABLE
create table public.load_ship_mode as select * from tpcds.ship_mode distributed randomly;
SELECT 20
load.15.public.load_ship_mode.sh|2024-03-19 22:17:02|2024-03-19 22:17:29|27
drop table if exists public.load_ship_mode;
DROP TABLE
create table public.load_ship_mode as select * from tpcds.ship_mode distributed randomly;
SELECT 20
load.15.public.load_ship_mode.sh|2024-03-19 22:17:30|2024-03-19 22:17:48|18
drop table if exists public.load_ship_mode;
DROP TABLE
create table public.load_ship_mode as select * from tpcds.ship_mode distributed randomly;
SELECT 20
load.15.public.load_ship_mode.sh|2024-03-19 22:17:49|2024-03-19 22:18:06|17
drop table if exists public.load_ship_mode;
DROP TABLE
create table public.load_ship_mode as select * from tpcds.ship_mode distributed randomly;
SELECT 20
load.15.public.load_ship_mode.sh|2024-03-19 22:18:07|2024-03-19 22:18:22|15
drop table if exists public.load_ship_mode;
DROP TABLE
create table public.load_ship_mode as select * from tpcds.ship_mode distributed randomly;
SELECT 20
load.15.public.load_ship_mode.sh|2024-03-19 22:18:23|2024-03-19 22:18:44|21
drop table if exists public.load_ship_mode;
DROP TABLE
create table public.load_ship_mode as select * from tpcds.ship_mode distributed randomly;
SELECT 20
load.15.public.load_ship_mode.sh|2024-03-19 22:18:45|2024-03-19 22:19:06|21
drop table if exists public.load_ship_mode;
DROP TABLE
create table public.load_ship_mode as select * from tpcds.ship_mode distributed randomly;
SELECT 20
load.15.public.load_ship_mode.sh|2024-03-19 22:19:07|2024-03-19 22:19:19|12
drop table if exists public.load_ship_mode;
DROP TABLE
create table public.load_ship_mode as select * from tpcds.ship_mode distributed randomly;
SELECT 20
load.15.public.load_ship_mode.sh|2024-03-19 22:19:20|2024-03-19 22:19:39|19
drop table if exists public.load_ship_mode;
DROP TABLE
create table public.load_ship_mode as select * from tpcds.ship_mode distributed randomly;
SELECT 20
load.15.public.load_ship_mode.sh|2024-03-19 22:19:40|2024-03-19 22:19:54|14
drop table if exists public.load_ship_mode;
DROP TABLE
create table public.load_ship_mode as select * from tpcds.ship_mode distributed randomly;
SELECT 20
load.15.public.load_ship_mode.sh|2024-03-19 22:19:55|2024-03-19 22:20:19|24
drop table if exists public.load_ship_mode;
DROP TABLE
create table public.load_ship_mode as select * from tpcds.ship_mode distributed randomly;
SELECT 20
load.15.public.load_ship_mode.sh|2024-03-19 22:20:21|2024-03-19 22:20:49|28
drop table if exists public.load_ship_mode;
DROP TABLE
create table public.load_ship_mode as select * from tpcds.ship_mode distributed randomly;
SELECT 20
load.15.public.load_ship_mode.sh|2024-03-19 22:20:50|2024-03-19 22:21:27|37
drop table if exists public.load_ship_mode;
DROP TABLE
create table public.load_ship_mode as select * from tpcds.ship_mode distributed randomly;
SELECT 20
load.15.public.load_ship_mode.sh|2024-03-19 22:21:28|2024-03-19 22:22:03|35
drop table if exists public.load_ship_mode;
DROP TABLE
create table public.load_ship_mode as select * from tpcds.ship_mode distributed randomly;
SELECT 20
load.15.public.load_ship_mode.sh|2024-03-19 22:22:04|2024-03-19 22:22:28|24
drop table if exists public.load_ship_mode;
DROP TABLE
create table public.load_ship_mode as select * from tpcds.ship_mode distributed randomly;
SELECT 20
load.15.public.load_ship_mode.sh|2024-03-19 22:22:29|2024-03-19 22:22:50|21
drop table if exists public.load_ship_mode;
DROP TABLE
create table public.load_ship_mode as select * from tpcds.ship_mode distributed randomly;
SELECT 20
load.15.public.load_ship_mode.sh|2024-03-19 22:22:51|2024-03-19 22:23:23|32
drop table if exists public.load_ship_mode;
DROP TABLE
create table public.load_ship_mode as select * from tpcds.ship_mode distributed randomly;
SELECT 20
load.15.public.load_ship_mode.sh|2024-03-19 22:23:24|2024-03-19 22:23:44|20
drop table if exists public.load_ship_mode;
DROP TABLE
create table public.load_ship_mode as select * from tpcds.ship_mode distributed randomly;
SELECT 20
load.15.public.load_ship_mode.sh|2024-03-19 22:23:45|2024-03-19 22:24:23|38
drop table if exists public.load_ship_mode;
DROP TABLE
create table public.load_ship_mode as select * from tpcds.ship_mode distributed randomly;
SELECT 20
load.15.public.load_ship_mode.sh|2024-03-19 22:24:24|2024-03-19 22:24:34|10
drop table if exists public.load_ship_mode;
DROP TABLE
create table public.load_ship_mode as select * from tpcds.ship_mode distributed randomly;
SELECT 20
load.15.public.load_ship_mode.sh|2024-03-19 22:24:35|2024-03-19 22:24:52|17
drop table if exists public.load_ship_mode;
DROP TABLE
create table public.load_ship_mode as select * from tpcds.ship_mode distributed randomly;
SELECT 20
load.15.public.load_ship_mode.sh|2024-03-19 22:24:53|2024-03-19 22:25:17|24
drop table if exists public.load_ship_mode;
DROP TABLE
create table public.load_ship_mode as select * from tpcds.ship_mode distributed randomly;
SELECT 20
load.15.public.load_ship_mode.sh|2024-03-19 22:25:18|2024-03-19 22:25:39|21
drop table if exists public.load_ship_mode;
DROP TABLE
create table public.load_ship_mode as select * from tpcds.ship_mode distributed randomly;
SELECT 20
load.15.public.load_ship_mode.sh|2024-03-19 22:25:40|2024-03-19 22:26:04|24
drop table if exists public.load_ship_mode;
DROP TABLE
create table public.load_ship_mode as select * from tpcds.ship_mode distributed randomly;
SELECT 20
load.15.public.load_ship_mode.sh|2024-03-19 22:26:05|2024-03-19 22:26:33|28
drop table if exists public.load_ship_mode;
DROP TABLE
create table public.load_ship_mode as select * from tpcds.ship_mode distributed randomly;
SELECT 20
load.15.public.load_ship_mode.sh|2024-03-19 22:26:34|2024-03-19 22:26:46|12
drop table if exists public.load_ship_mode;
DROP TABLE
create table public.load_ship_mode as select * from tpcds.ship_mode distributed randomly;
SELECT 20
load.15.public.load_ship_mode.sh|2024-03-19 22:26:47|2024-03-19 22:27:03|16
drop table if exists public.load_ship_mode;
DROP TABLE
create table public.load_ship_mode as select * from tpcds.ship_mode distributed randomly;
SELECT 20
load.15.public.load_ship_mode.sh|2024-03-19 22:27:04|2024-03-19 22:27:24|20
drop table if exists public.load_ship_mode;
DROP TABLE
create table public.load_ship_mode as select * from tpcds.ship_mode distributed randomly;
SELECT 20
load.15.public.load_ship_mode.sh|2024-03-19 22:27:25|2024-03-19 22:27:37|12
drop table if exists public.load_ship_mode;
DROP TABLE
create table public.load_ship_mode as select * from tpcds.ship_mode distributed randomly;
SELECT 20
load.15.public.load_ship_mode.sh|2024-03-19 22:27:38|2024-03-19 22:27:59|21
drop table if exists public.load_ship_mode;
DROP TABLE
create table public.load_ship_mode as select * from tpcds.ship_mode distributed randomly;
SELECT 20
load.15.public.load_ship_mode.sh|2024-03-19 22:28:00|2024-03-19 22:28:33|33
drop table if exists public.load_ship_mode;
DROP TABLE
create table public.load_ship_mode as select * from tpcds.ship_mode distributed randomly;
SELECT 20
load.15.public.load_ship_mode.sh|2024-03-19 22:28:34|2024-03-19 22:28:50|16
drop table if exists public.load_ship_mode;
DROP TABLE
create table public.load_ship_mode as select * from tpcds.ship_mode distributed randomly;
SELECT 20
load.15.public.load_ship_mode.sh|2024-03-19 22:28:51|2024-03-19 22:29:12|21
drop table if exists public.load_ship_mode;
DROP TABLE
create table public.load_ship_mode as select * from tpcds.ship_mode distributed randomly;
SELECT 20
load.15.public.load_ship_mode.sh|2024-03-19 22:29:13|2024-03-19 22:29:41|28
drop table if exists public.load_ship_mode;
DROP TABLE
create table public.load_ship_mode as select * from tpcds.ship_mode distributed randomly;
SELECT 20
load.15.public.load_ship_mode.sh|2024-03-19 22:29:42|2024-03-19 22:30:00|18
drop table if exists public.load_ship_mode;
DROP TABLE
create table public.load_ship_mode as select * from tpcds.ship_mode distributed randomly;
SELECT 20
load.15.public.load_ship_mode.sh|2024-03-19 22:30:01|2024-03-19 22:30:18|17
drop table if exists public.load_ship_mode;
DROP TABLE
create table public.load_ship_mode as select * from tpcds.ship_mode distributed randomly;
SELECT 20
load.15.public.load_ship_mode.sh|2024-03-19 22:30:19|2024-03-19 22:31:08|49
drop table if exists public.load_ship_mode;
DROP TABLE
create table public.load_ship_mode as select * from tpcds.ship_mode distributed randomly;
SELECT 20
load.15.public.load_ship_mode.sh|2024-03-19 22:31:09|2024-03-19 22:31:32|23
drop table if exists public.load_ship_mode;
DROP TABLE
create table public.load_ship_mode as select * from tpcds.ship_mode distributed randomly;
SELECT 20
load.15.public.load_ship_mode.sh|2024-03-19 22:31:33|2024-03-19 22:31:53|20
drop table if exists public.load_ship_mode;
DROP TABLE
create table public.load_ship_mode as select * from tpcds.ship_mode distributed randomly;
SELECT 20
load.15.public.load_ship_mode.sh|2024-03-19 22:31:54|2024-03-19 22:32:15|21
drop table if exists public.load_ship_mode;
DROP TABLE
create table public.load_ship_mode as select * from tpcds.ship_mode distributed randomly;
SELECT 20
load.15.public.load_ship_mode.sh|2024-03-19 22:32:16|2024-03-19 22:32:23|7
drop table if exists public.load_ship_mode;
DROP TABLE
create table public.load_ship_mode as select * from tpcds.ship_mode distributed randomly;
SELECT 20
load.15.public.load_ship_mode.sh|2024-03-19 22:32:24|2024-03-19 22:32:38|14
drop table if exists public.load_ship_mode;
DROP TABLE
create table public.load_ship_mode as select * from tpcds.ship_mode distributed randomly;
SELECT 20
load.15.public.load_ship_mode.sh|2024-03-19 22:32:39|2024-03-19 22:32:48|9
drop table if exists public.load_ship_mode;
DROP TABLE
create table public.load_ship_mode as select * from tpcds.ship_mode distributed randomly;
SELECT 20
load.15.public.load_ship_mode.sh|2024-03-19 22:32:49|2024-03-19 22:33:00|11
drop table if exists public.load_ship_mode;
DROP TABLE
create table public.load_ship_mode as select * from tpcds.ship_mode distributed randomly;
SELECT 20
load.15.public.load_ship_mode.sh|2024-03-19 22:33:01|2024-03-19 22:33:16|15
drop table if exists public.load_ship_mode;
DROP TABLE
create table public.load_ship_mode as select * from tpcds.ship_mode distributed randomly;
SELECT 20
load.15.public.load_ship_mode.sh|2024-03-19 22:33:17|2024-03-19 22:33:25|8
drop table if exists public.load_ship_mode;
DROP TABLE
create table public.load_ship_mode as select * from tpcds.ship_mode distributed randomly;
SELECT 20
load.15.public.load_ship_mode.sh|2024-03-19 22:33:26|2024-03-19 22:33:33|7
drop table if exists public.load_ship_mode;
DROP TABLE
create table public.load_ship_mode as select * from tpcds.ship_mode distributed randomly;
SELECT 20
load.15.public.load_ship_mode.sh|2024-03-19 22:33:34|2024-03-19 22:33:50|16
drop table if exists public.load_ship_mode;
DROP TABLE
create table public.load_ship_mode as select * from tpcds.ship_mode distributed randomly;
SELECT 20
load.15.public.load_ship_mode.sh|2024-03-19 22:33:51|2024-03-19 22:33:58|7
drop table if exists public.load_ship_mode;
DROP TABLE
create table public.load_ship_mode as select * from tpcds.ship_mode distributed randomly;
SELECT 20
load.15.public.load_ship_mode.sh|2024-03-19 22:33:59|2024-03-19 22:34:22|23
drop table if exists public.load_ship_mode;
DROP TABLE
create table public.load_ship_mode as select * from tpcds.ship_mode distributed randomly;
SELECT 20
load.15.public.load_ship_mode.sh|2024-03-19 22:34:23|2024-03-19 22:34:33|10
drop table if exists public.load_ship_mode;
DROP TABLE
create table public.load_ship_mode as select * from tpcds.ship_mode distributed randomly;
SELECT 20
load.15.public.load_ship_mode.sh|2024-03-19 22:34:34|2024-03-19 22:34:40|6
drop table if exists public.load_ship_mode;
DROP TABLE
create table public.load_ship_mode as select * from tpcds.ship_mode distributed randomly;
SELECT 20
load.15.public.load_ship_mode.sh|2024-03-19 22:34:41|2024-03-19 22:34:49|8
drop table if exists public.load_ship_mode;
DROP TABLE
create table public.load_ship_mode as select * from tpcds.ship_mode distributed randomly;
SELECT 20
load.15.public.load_ship_mode.sh|2024-03-19 22:34:50|2024-03-19 22:35:11|21
drop table if exists public.load_ship_mode;
DROP TABLE
create table public.load_ship_mode as select * from tpcds.ship_mode distributed randomly;
SELECT 20
load.15.public.load_ship_mode.sh|2024-03-19 22:35:12|2024-03-19 22:35:41|29
drop table if exists public.load_ship_mode;
DROP TABLE
create table public.load_ship_mode as select * from tpcds.ship_mode distributed randomly;
SELECT 20
load.15.public.load_ship_mode.sh|2024-03-19 22:35:42|2024-03-19 22:36:16|34
drop table if exists public.load_ship_mode;
DROP TABLE
create table public.load_ship_mode as select * from tpcds.ship_mode distributed randomly;
SELECT 20
load.15.public.load_ship_mode.sh|2024-03-19 22:36:17|2024-03-19 22:36:34|17
drop table if exists public.load_ship_mode;
DROP TABLE
create table public.load_ship_mode as select * from tpcds.ship_mode distributed randomly;
SELECT 20
load.15.public.load_ship_mode.sh|2024-03-19 22:36:35|2024-03-19 22:37:05|30
drop table if exists public.load_ship_mode;
DROP TABLE
create table public.load_ship_mode as select * from tpcds.ship_mode distributed randomly;
SELECT 20
load.15.public.load_ship_mode.sh|2024-03-19 22:37:06|2024-03-19 22:37:50|44
drop table if exists public.load_ship_mode;
DROP TABLE
create table public.load_ship_mode as select * from tpcds.ship_mode distributed randomly;
SELECT 20
load.15.public.load_ship_mode.sh|2024-03-19 22:37:51|2024-03-19 22:38:27|36
drop table if exists public.load_ship_mode;
DROP TABLE
create table public.load_ship_mode as select * from tpcds.ship_mode distributed randomly;
SELECT 20
load.15.public.load_ship_mode.sh|2024-03-19 22:38:28|2024-03-19 22:38:47|19
drop table if exists public.load_ship_mode;
DROP TABLE
create table public.load_ship_mode as select * from tpcds.ship_mode distributed randomly;
SELECT 20
load.15.public.load_ship_mode.sh|2024-03-19 22:38:48|2024-03-19 22:39:15|27
drop table if exists public.load_ship_mode;
DROP TABLE
create table public.load_ship_mode as select * from tpcds.ship_mode distributed randomly;
SELECT 20
load.15.public.load_ship_mode.sh|2024-03-19 22:39:16|2024-03-19 22:39:26|10
drop table if exists public.load_ship_mode;
DROP TABLE
create table public.load_ship_mode as select * from tpcds.ship_mode distributed randomly;
SELECT 20
load.15.public.load_ship_mode.sh|2024-03-19 22:39:27|2024-03-19 22:39:44|17
drop table if exists public.load_ship_mode;
DROP TABLE
create table public.load_ship_mode as select * from tpcds.ship_mode distributed randomly;
SELECT 20
load.15.public.load_ship_mode.sh|2024-03-19 22:39:45|2024-03-19 22:39:54|9
drop table if exists public.load_ship_mode;
DROP TABLE
create table public.load_ship_mode as select * from tpcds.ship_mode distributed randomly;
SELECT 20
load.15.public.load_ship_mode.sh|2024-03-19 22:39:55|2024-03-19 22:40:06|11
drop table if exists public.load_ship_mode;
DROP TABLE
create table public.load_ship_mode as select * from tpcds.ship_mode distributed randomly;
SELECT 20
load.15.public.load_ship_mode.sh|2024-03-19 22:40:07|2024-03-19 22:40:37|30
drop table if exists public.load_ship_mode;
DROP TABLE
create table public.load_ship_mode as select * from tpcds.ship_mode distributed randomly;
SELECT 20
load.15.public.load_ship_mode.sh|2024-03-19 22:40:38|2024-03-19 22:41:24|46
drop table if exists public.load_ship_mode;
DROP TABLE
create table public.load_ship_mode as select * from tpcds.ship_mode distributed randomly;
SELECT 20
load.15.public.load_ship_mode.sh|2024-03-19 22:41:25|2024-03-19 22:41:52|27
drop table if exists public.load_ship_mode;
DROP TABLE
create table public.load_ship_mode as select * from tpcds.ship_mode distributed randomly;
SELECT 20
load.15.public.load_ship_mode.sh|2024-03-19 22:41:53|2024-03-19 22:42:09|16
drop table if exists public.load_ship_mode;
DROP TABLE
create table public.load_ship_mode as select * from tpcds.ship_mode distributed randomly;
SELECT 20
load.15.public.load_ship_mode.sh|2024-03-19 22:42:10|2024-03-19 22:42:53|43
drop table if exists public.load_ship_mode;
DROP TABLE
create table public.load_ship_mode as select * from tpcds.ship_mode distributed randomly;
SELECT 20
load.15.public.load_ship_mode.sh|2024-03-19 22:42:54|2024-03-19 22:43:18|24
drop table if exists public.load_ship_mode;
DROP TABLE
create table public.load_ship_mode as select * from tpcds.ship_mode distributed randomly;
SELECT 20
load.15.public.load_ship_mode.sh|2024-03-19 22:43:19|2024-03-19 22:43:33|14
drop table if exists public.load_ship_mode;
DROP TABLE
create table public.load_ship_mode as select * from tpcds.ship_mode distributed randomly;
SELECT 20
load.15.public.load_ship_mode.sh|2024-03-19 22:43:34|2024-03-19 22:44:02|28
drop table if exists public.load_ship_mode;
DROP TABLE
create table public.load_ship_mode as select * from tpcds.ship_mode distributed randomly;
SELECT 20
load.15.public.load_ship_mode.sh|2024-03-19 22:44:03|2024-03-19 22:44:28|25
drop table if exists public.load_ship_mode;
DROP TABLE
create table public.load_ship_mode as select * from tpcds.ship_mode distributed randomly;
SELECT 20
load.15.public.load_ship_mode.sh|2024-03-19 22:44:29|2024-03-19 22:44:44|15
drop table if exists public.load_ship_mode;
DROP TABLE
create table public.load_ship_mode as select * from tpcds.ship_mode distributed randomly;
SELECT 20
load.15.public.load_ship_mode.sh|2024-03-19 22:44:45|2024-03-19 22:45:04|19
drop table if exists public.load_ship_mode;
DROP TABLE
create table public.load_ship_mode as select * from tpcds.ship_mode distributed randomly;
SELECT 20
load.15.public.load_ship_mode.sh|2024-03-19 22:45:05|2024-03-19 22:45:20|15
drop table if exists public.load_ship_mode;
DROP TABLE
create table public.load_ship_mode as select * from tpcds.ship_mode distributed randomly;
SELECT 20
load.15.public.load_ship_mode.sh|2024-03-19 22:45:21|2024-03-19 22:45:40|19
drop table if exists public.load_ship_mode;
DROP TABLE
create table public.load_ship_mode as select * from tpcds.ship_mode distributed randomly;
SELECT 20
load.15.public.load_ship_mode.sh|2024-03-19 22:45:41|2024-03-19 22:46:09|28
drop table if exists public.load_ship_mode;
DROP TABLE
create table public.load_ship_mode as select * from tpcds.ship_mode distributed randomly;
SELECT 20
load.15.public.load_ship_mode.sh|2024-03-19 22:46:10|2024-03-19 22:46:33|23
drop table if exists public.load_ship_mode;
DROP TABLE
create table public.load_ship_mode as select * from tpcds.ship_mode distributed randomly;
SELECT 20
load.15.public.load_ship_mode.sh|2024-03-19 22:46:34|2024-03-19 22:46:44|10
drop table if exists public.load_ship_mode;
DROP TABLE
create table public.load_ship_mode as select * from tpcds.ship_mode distributed randomly;
SELECT 20
load.15.public.load_ship_mode.sh|2024-03-19 22:46:45|2024-03-19 22:46:54|9
drop table if exists public.load_ship_mode;
DROP TABLE
create table public.load_ship_mode as select * from tpcds.ship_mode distributed randomly;
SELECT 20
load.15.public.load_ship_mode.sh|2024-03-19 22:46:55|2024-03-19 22:47:08|13
drop table if exists public.load_ship_mode;
DROP TABLE
create table public.load_ship_mode as select * from tpcds.ship_mode distributed randomly;
SELECT 20
load.15.public.load_ship_mode.sh|2024-03-19 22:47:09|2024-03-19 22:47:29|20
drop table if exists public.load_ship_mode;
DROP TABLE
create table public.load_ship_mode as select * from tpcds.ship_mode distributed randomly;
SELECT 20
load.15.public.load_ship_mode.sh|2024-03-19 22:47:30|2024-03-19 22:47:39|9
drop table if exists public.load_ship_mode;
DROP TABLE
create table public.load_ship_mode as select * from tpcds.ship_mode distributed randomly;
SELECT 20
load.15.public.load_ship_mode.sh|2024-03-19 22:47:40|2024-03-19 22:48:00|20
drop table if exists public.load_ship_mode;
DROP TABLE
create table public.load_ship_mode as select * from tpcds.ship_mode distributed randomly;
SELECT 20
load.15.public.load_ship_mode.sh|2024-03-19 22:48:01|2024-03-19 22:48:18|17
drop table if exists public.load_ship_mode;
DROP TABLE
create table public.load_ship_mode as select * from tpcds.ship_mode distributed randomly;
SELECT 20
load.15.public.load_ship_mode.sh|2024-03-19 22:48:20|2024-03-19 22:48:45|25
drop table if exists public.load_ship_mode;
DROP TABLE
create table public.load_ship_mode as select * from tpcds.ship_mode distributed randomly;
SELECT 20
load.15.public.load_ship_mode.sh|2024-03-19 22:48:46|2024-03-19 22:49:07|21
drop table if exists public.load_ship_mode;
DROP TABLE
create table public.load_ship_mode as select * from tpcds.ship_mode distributed randomly;
SELECT 20
load.15.public.load_ship_mode.sh|2024-03-19 22:49:08|2024-03-19 22:50:00|52
drop table if exists public.load_ship_mode;
DROP TABLE
create table public.load_ship_mode as select * from tpcds.ship_mode distributed randomly;
SELECT 20
load.15.public.load_ship_mode.sh|2024-03-19 22:50:01|2024-03-19 22:50:55|54
drop table if exists public.load_ship_mode;
DROP TABLE
create table public.load_ship_mode as select * from tpcds.ship_mode distributed randomly;
SELECT 20
load.15.public.load_ship_mode.sh|2024-03-19 22:50:56|2024-03-19 22:51:31|35
drop table if exists public.load_ship_mode;
DROP TABLE
create table public.load_ship_mode as select * from tpcds.ship_mode distributed randomly;
SELECT 20
load.15.public.load_ship_mode.sh|2024-03-19 22:51:32|2024-03-19 22:51:57|25
drop table if exists public.load_ship_mode;
DROP TABLE
create table public.load_ship_mode as select * from tpcds.ship_mode distributed randomly;
SELECT 20
load.15.public.load_ship_mode.sh|2024-03-19 22:51:58|2024-03-19 22:52:22|24
drop table if exists public.load_ship_mode;
DROP TABLE
create table public.load_ship_mode as select * from tpcds.ship_mode distributed randomly;
SELECT 20
load.15.public.load_ship_mode.sh|2024-03-19 22:52:23|2024-03-19 22:52:43|20
drop table if exists public.load_ship_mode;
DROP TABLE
create table public.load_ship_mode as select * from tpcds.ship_mode distributed randomly;
SELECT 20
load.15.public.load_ship_mode.sh|2024-03-19 22:52:44|2024-03-19 22:52:57|13
drop table if exists public.load_ship_mode;
DROP TABLE
create table public.load_ship_mode as select * from tpcds.ship_mode distributed randomly;
SELECT 20
load.15.public.load_ship_mode.sh|2024-03-19 22:52:58|2024-03-19 22:53:01|3
drop table if exists public.load_ship_mode;
DROP TABLE
create table public.load_ship_mode as select * from tpcds.ship_mode distributed randomly;
SELECT 20
load.15.public.load_ship_mode.sh|2024-03-19 22:53:02|2024-03-19 22:53:14|12
drop table if exists public.load_ship_mode;
DROP TABLE
create table public.load_ship_mode as select * from tpcds.ship_mode distributed randomly;
SELECT 20
load.15.public.load_ship_mode.sh|2024-03-19 22:53:15|2024-03-19 22:53:29|14
drop table if exists public.load_ship_mode;
DROP TABLE
create table public.load_ship_mode as select * from tpcds.ship_mode distributed randomly;
SELECT 20
load.15.public.load_ship_mode.sh|2024-03-19 22:53:30|2024-03-19 22:53:56|26
drop table if exists public.load_ship_mode;
DROP TABLE
create table public.load_ship_mode as select * from tpcds.ship_mode distributed randomly;
SELECT 20
load.15.public.load_ship_mode.sh|2024-03-19 22:53:57|2024-03-19 22:54:08|11
drop table if exists public.load_ship_mode;
DROP TABLE
create table public.load_ship_mode as select * from tpcds.ship_mode distributed randomly;
SELECT 20
load.15.public.load_ship_mode.sh|2024-03-19 22:54:09|2024-03-19 22:54:20|11
drop table if exists public.load_ship_mode;
DROP TABLE
create table public.load_ship_mode as select * from tpcds.ship_mode distributed randomly;
SELECT 20
load.15.public.load_ship_mode.sh|2024-03-19 22:54:21|2024-03-19 22:54:46|25
drop table if exists public.load_ship_mode;
DROP TABLE
create table public.load_ship_mode as select * from tpcds.ship_mode distributed randomly;
SELECT 20
load.15.public.load_ship_mode.sh|2024-03-19 22:54:47|2024-03-19 22:55:10|23
drop table if exists public.load_ship_mode;
DROP TABLE
create table public.load_ship_mode as select * from tpcds.ship_mode distributed randomly;
SELECT 20
load.15.public.load_ship_mode.sh|2024-03-19 22:55:11|2024-03-19 22:55:38|27
drop table if exists public.load_ship_mode;
DROP TABLE
create table public.load_ship_mode as select * from tpcds.ship_mode distributed randomly;
SELECT 20
load.15.public.load_ship_mode.sh|2024-03-19 22:55:39|2024-03-19 22:56:14|35
drop table if exists public.load_ship_mode;
DROP TABLE
create table public.load_ship_mode as select * from tpcds.ship_mode distributed randomly;
SELECT 20
load.15.public.load_ship_mode.sh|2024-03-19 22:56:15|2024-03-19 22:56:32|17
drop table if exists public.load_ship_mode;
DROP TABLE
create table public.load_ship_mode as select * from tpcds.ship_mode distributed randomly;
SELECT 20
load.15.public.load_ship_mode.sh|2024-03-19 22:56:33|2024-03-19 22:56:58|25
drop table if exists public.load_ship_mode;
DROP TABLE
create table public.load_ship_mode as select * from tpcds.ship_mode distributed randomly;
SELECT 20
load.15.public.load_ship_mode.sh|2024-03-19 22:56:59|2024-03-19 22:57:12|13
drop table if exists public.load_ship_mode;
DROP TABLE
create table public.load_ship_mode as select * from tpcds.ship_mode distributed randomly;
SELECT 20
load.15.public.load_ship_mode.sh|2024-03-19 22:57:13|2024-03-19 22:57:45|32
drop table if exists public.load_ship_mode;
DROP TABLE
create table public.load_ship_mode as select * from tpcds.ship_mode distributed randomly;
SELECT 20
load.15.public.load_ship_mode.sh|2024-03-19 22:57:46|2024-03-19 22:58:27|41
drop table if exists public.load_ship_mode;
DROP TABLE
create table public.load_ship_mode as select * from tpcds.ship_mode distributed randomly;
SELECT 20
load.15.public.load_ship_mode.sh|2024-03-19 22:58:28|2024-03-19 22:58:42|14
drop table if exists public.load_ship_mode;
DROP TABLE
create table public.load_ship_mode as select * from tpcds.ship_mode distributed randomly;
SELECT 20
load.15.public.load_ship_mode.sh|2024-03-19 22:58:43|2024-03-19 22:59:15|32
drop table if exists public.load_ship_mode;
DROP TABLE
create table public.load_ship_mode as select * from tpcds.ship_mode distributed randomly;
SELECT 20
load.15.public.load_ship_mode.sh|2024-03-19 22:59:16|2024-03-19 22:59:36|20
drop table if exists public.load_ship_mode;
DROP TABLE
create table public.load_ship_mode as select * from tpcds.ship_mode distributed randomly;
SELECT 20
load.15.public.load_ship_mode.sh|2024-03-19 22:59:37|2024-03-19 23:00:01|24
drop table if exists public.load_ship_mode;
DROP TABLE
create table public.load_ship_mode as select * from tpcds.ship_mode distributed randomly;
SELECT 20
load.15.public.load_ship_mode.sh|2024-03-19 23:00:02|2024-03-19 23:00:29|27
drop table if exists public.load_ship_mode;
DROP TABLE
create table public.load_ship_mode as select * from tpcds.ship_mode distributed randomly;
SELECT 20
load.15.public.load_ship_mode.sh|2024-03-19 23:00:30|2024-03-19 23:00:55|25
drop table if exists public.load_ship_mode;
DROP TABLE
create table public.load_ship_mode as select * from tpcds.ship_mode distributed randomly;
SELECT 20
load.15.public.load_ship_mode.sh|2024-03-19 23:00:56|2024-03-19 23:01:31|35
drop table if exists public.load_ship_mode;
DROP TABLE
create table public.load_ship_mode as select * from tpcds.ship_mode distributed randomly;
SELECT 20
load.15.public.load_ship_mode.sh|2024-03-19 23:01:32|2024-03-19 23:01:45|13
drop table if exists public.load_ship_mode;
DROP TABLE
create table public.load_ship_mode as select * from tpcds.ship_mode distributed randomly;
SELECT 20
load.15.public.load_ship_mode.sh|2024-03-19 23:01:46|2024-03-19 23:01:55|9
drop table if exists public.load_ship_mode;
DROP TABLE
create table public.load_ship_mode as select * from tpcds.ship_mode distributed randomly;
SELECT 20
load.15.public.load_ship_mode.sh|2024-03-19 23:01:56|2024-03-19 23:02:08|12
drop table if exists public.load_ship_mode;
DROP TABLE
create table public.load_ship_mode as select * from tpcds.ship_mode distributed randomly;
SELECT 20
load.15.public.load_ship_mode.sh|2024-03-19 23:02:09|2024-03-19 23:02:16|7
drop table if exists public.load_ship_mode;
DROP TABLE
create table public.load_ship_mode as select * from tpcds.ship_mode distributed randomly;
SELECT 20
load.15.public.load_ship_mode.sh|2024-03-19 23:02:17|2024-03-19 23:02:30|13
drop table if exists public.load_ship_mode;
DROP TABLE
create table public.load_ship_mode as select * from tpcds.ship_mode distributed randomly;
SELECT 20
load.15.public.load_ship_mode.sh|2024-03-19 23:02:31|2024-03-19 23:02:47|16
drop table if exists public.load_ship_mode;
DROP TABLE
create table public.load_ship_mode as select * from tpcds.ship_mode distributed randomly;
SELECT 20
load.15.public.load_ship_mode.sh|2024-03-19 23:02:48|2024-03-19 23:02:59|11
drop table if exists public.load_ship_mode;
DROP TABLE
create table public.load_ship_mode as select * from tpcds.ship_mode distributed randomly;
SELECT 20
load.15.public.load_ship_mode.sh|2024-03-19 23:03:00|2024-03-19 23:03:10|10
drop table if exists public.load_ship_mode;
DROP TABLE
create table public.load_ship_mode as select * from tpcds.ship_mode distributed randomly;
SELECT 20
load.15.public.load_ship_mode.sh|2024-03-19 23:03:11|2024-03-19 23:03:21|10
drop table if exists public.load_ship_mode;
DROP TABLE
create table public.load_ship_mode as select * from tpcds.ship_mode distributed randomly;
SELECT 20
load.15.public.load_ship_mode.sh|2024-03-19 23:03:22|2024-03-19 23:03:32|10
drop table if exists public.load_ship_mode;
DROP TABLE
create table public.load_ship_mode as select * from tpcds.ship_mode distributed randomly;
SELECT 20
load.15.public.load_ship_mode.sh|2024-03-19 23:03:33|2024-03-19 23:03:37|4
drop table if exists public.load_ship_mode;
DROP TABLE
create table public.load_ship_mode as select * from tpcds.ship_mode distributed randomly;
SELECT 20
load.15.public.load_ship_mode.sh|2024-03-19 23:03:38|2024-03-19 23:03:45|7
drop table if exists public.load_ship_mode;
DROP TABLE
create table public.load_ship_mode as select * from tpcds.ship_mode distributed randomly;
SELECT 20
load.15.public.load_ship_mode.sh|2024-03-19 23:03:46|2024-03-19 23:03:54|8
drop table if exists public.load_ship_mode;
DROP TABLE
create table public.load_ship_mode as select * from tpcds.ship_mode distributed randomly;
SELECT 20
load.15.public.load_ship_mode.sh|2024-03-19 23:03:55|2024-03-19 23:04:06|11
drop table if exists public.load_ship_mode;
DROP TABLE
create table public.load_ship_mode as select * from tpcds.ship_mode distributed randomly;
SELECT 20
load.15.public.load_ship_mode.sh|2024-03-19 23:04:07|2024-03-19 23:04:18|11
drop table if exists public.load_ship_mode;
DROP TABLE
create table public.load_ship_mode as select * from tpcds.ship_mode distributed randomly;
SELECT 20
load.15.public.load_ship_mode.sh|2024-03-19 23:04:19|2024-03-19 23:04:28|9
drop table if exists public.load_ship_mode;
DROP TABLE
create table public.load_ship_mode as select * from tpcds.ship_mode distributed randomly;
SELECT 20
load.15.public.load_ship_mode.sh|2024-03-19 23:04:29|2024-03-19 23:04:40|11
drop table if exists public.load_ship_mode;
DROP TABLE
create table public.load_ship_mode as select * from tpcds.ship_mode distributed randomly;
SELECT 20
load.15.public.load_ship_mode.sh|2024-03-19 23:04:41|2024-03-19 23:04:49|8
drop table if exists public.load_ship_mode;
DROP TABLE
create table public.load_ship_mode as select * from tpcds.ship_mode distributed randomly;
SELECT 20
load.15.public.load_ship_mode.sh|2024-03-19 23:04:50|2024-03-19 23:05:07|17
drop table if exists public.load_ship_mode;
DROP TABLE
create table public.load_ship_mode as select * from tpcds.ship_mode distributed randomly;
SELECT 20
load.15.public.load_ship_mode.sh|2024-03-19 23:05:08|2024-03-19 23:05:36|28
drop table if exists public.load_ship_mode;
DROP TABLE
create table public.load_ship_mode as select * from tpcds.ship_mode distributed randomly;
SELECT 20
load.15.public.load_ship_mode.sh|2024-03-19 23:05:37|2024-03-19 23:06:04|27
drop table if exists public.load_ship_mode;
DROP TABLE
create table public.load_ship_mode as select * from tpcds.ship_mode distributed randomly;
SELECT 20
load.15.public.load_ship_mode.sh|2024-03-19 23:06:05|2024-03-19 23:06:32|27
drop table if exists public.load_ship_mode;
DROP TABLE
create table public.load_ship_mode as select * from tpcds.ship_mode distributed randomly;
SELECT 20
load.15.public.load_ship_mode.sh|2024-03-19 23:06:33|2024-03-19 23:07:10|37
drop table if exists public.load_ship_mode;
DROP TABLE
create table public.load_ship_mode as select * from tpcds.ship_mode distributed randomly;
SELECT 20
load.15.public.load_ship_mode.sh|2024-03-19 23:07:11|2024-03-19 23:07:42|31
drop table if exists public.load_ship_mode;
DROP TABLE
create table public.load_ship_mode as select * from tpcds.ship_mode distributed randomly;
SELECT 20
load.15.public.load_ship_mode.sh|2024-03-19 23:07:43|2024-03-19 23:08:19|36
drop table if exists public.load_ship_mode;
DROP TABLE
create table public.load_ship_mode as select * from tpcds.ship_mode distributed randomly;
SELECT 20
load.15.public.load_ship_mode.sh|2024-03-19 23:08:20|2024-03-19 23:08:32|12
drop table if exists public.load_ship_mode;
DROP TABLE
create table public.load_ship_mode as select * from tpcds.ship_mode distributed randomly;
SELECT 20
load.15.public.load_ship_mode.sh|2024-03-19 23:08:33|2024-03-19 23:08:45|12
drop table if exists public.load_ship_mode;
DROP TABLE
create table public.load_ship_mode as select * from tpcds.ship_mode distributed randomly;
SELECT 20
load.15.public.load_ship_mode.sh|2024-03-19 23:08:46|2024-03-19 23:08:54|8
drop table if exists public.load_ship_mode;
DROP TABLE
create table public.load_ship_mode as select * from tpcds.ship_mode distributed randomly;
SELECT 20
load.15.public.load_ship_mode.sh|2024-03-19 23:08:55|2024-03-19 23:09:00|5
drop table if exists public.load_ship_mode;
DROP TABLE
create table public.load_ship_mode as select * from tpcds.ship_mode distributed randomly;
SELECT 20
load.15.public.load_ship_mode.sh|2024-03-19 23:09:01|2024-03-19 23:09:17|16
drop table if exists public.load_ship_mode;
DROP TABLE
create table public.load_ship_mode as select * from tpcds.ship_mode distributed randomly;
SELECT 20
load.15.public.load_ship_mode.sh|2024-03-19 23:09:18|2024-03-19 23:09:38|20
drop table if exists public.load_ship_mode;
DROP TABLE
create table public.load_ship_mode as select * from tpcds.ship_mode distributed randomly;
SELECT 20
load.15.public.load_ship_mode.sh|2024-03-19 23:09:39|2024-03-19 23:09:56|17
drop table if exists public.load_ship_mode;
DROP TABLE
create table public.load_ship_mode as select * from tpcds.ship_mode distributed randomly;
SELECT 20
load.15.public.load_ship_mode.sh|2024-03-19 23:09:57|2024-03-19 23:10:26|29
drop table if exists public.load_ship_mode;
DROP TABLE
create table public.load_ship_mode as select * from tpcds.ship_mode distributed randomly;
SELECT 20
load.15.public.load_ship_mode.sh|2024-03-19 23:10:27|2024-03-19 23:11:04|37
drop table if exists public.load_ship_mode;
DROP TABLE
create table public.load_ship_mode as select * from tpcds.ship_mode distributed randomly;
SELECT 20
load.15.public.load_ship_mode.sh|2024-03-19 23:11:05|2024-03-19 23:11:27|22
drop table if exists public.load_ship_mode;
DROP TABLE
create table public.load_ship_mode as select * from tpcds.ship_mode distributed randomly;
SELECT 20
load.15.public.load_ship_mode.sh|2024-03-19 23:11:28|2024-03-19 23:11:37|9
drop table if exists public.load_ship_mode;
DROP TABLE
create table public.load_ship_mode as select * from tpcds.ship_mode distributed randomly;
SELECT 20
load.15.public.load_ship_mode.sh|2024-03-19 23:11:38|2024-03-19 23:11:53|15
drop table if exists public.load_ship_mode;
DROP TABLE
create table public.load_ship_mode as select * from tpcds.ship_mode distributed randomly;
SELECT 20
load.15.public.load_ship_mode.sh|2024-03-19 23:11:54|2024-03-19 23:12:23|29
drop table if exists public.load_ship_mode;
DROP TABLE
create table public.load_ship_mode as select * from tpcds.ship_mode distributed randomly;
SELECT 20
load.15.public.load_ship_mode.sh|2024-03-19 23:12:24|2024-03-19 23:12:41|17
drop table if exists public.load_ship_mode;
DROP TABLE
create table public.load_ship_mode as select * from tpcds.ship_mode distributed randomly;
SELECT 20
load.15.public.load_ship_mode.sh|2024-03-19 23:12:42|2024-03-19 23:12:54|12
drop table if exists public.load_ship_mode;
DROP TABLE
create table public.load_ship_mode as select * from tpcds.ship_mode distributed randomly;
SELECT 20
load.15.public.load_ship_mode.sh|2024-03-19 23:12:55|2024-03-19 23:13:24|29
drop table if exists public.load_ship_mode;
DROP TABLE
create table public.load_ship_mode as select * from tpcds.ship_mode distributed randomly;
SELECT 20
load.15.public.load_ship_mode.sh|2024-03-19 23:13:25|2024-03-19 23:13:41|16
drop table if exists public.load_ship_mode;
DROP TABLE
create table public.load_ship_mode as select * from tpcds.ship_mode distributed randomly;
SELECT 20
load.15.public.load_ship_mode.sh|2024-03-19 23:13:42|2024-03-19 23:13:53|11
drop table if exists public.load_ship_mode;
DROP TABLE
create table public.load_ship_mode as select * from tpcds.ship_mode distributed randomly;
SELECT 20
load.15.public.load_ship_mode.sh|2024-03-19 23:13:54|2024-03-19 23:14:15|21
drop table if exists public.load_ship_mode;
DROP TABLE
create table public.load_ship_mode as select * from tpcds.ship_mode distributed randomly;
SELECT 20
load.15.public.load_ship_mode.sh|2024-03-19 23:14:16|2024-03-19 23:14:45|29
drop table if exists public.load_ship_mode;
DROP TABLE
create table public.load_ship_mode as select * from tpcds.ship_mode distributed randomly;
SELECT 20
load.15.public.load_ship_mode.sh|2024-03-19 23:14:46|2024-03-19 23:15:32|46
drop table if exists public.load_ship_mode;
DROP TABLE
create table public.load_ship_mode as select * from tpcds.ship_mode distributed randomly;
SELECT 20
load.15.public.load_ship_mode.sh|2024-03-19 23:15:33|2024-03-19 23:15:53|20
drop table if exists public.load_ship_mode;
DROP TABLE
create table public.load_ship_mode as select * from tpcds.ship_mode distributed randomly;
SELECT 20
load.15.public.load_ship_mode.sh|2024-03-19 23:15:54|2024-03-19 23:16:25|31
drop table if exists public.load_ship_mode;
DROP TABLE
create table public.load_ship_mode as select * from tpcds.ship_mode distributed randomly;
SELECT 20
load.15.public.load_ship_mode.sh|2024-03-19 23:16:26|2024-03-19 23:16:54|28
drop table if exists public.load_ship_mode;
DROP TABLE
create table public.load_ship_mode as select * from tpcds.ship_mode distributed randomly;
SELECT 20
load.15.public.load_ship_mode.sh|2024-03-19 23:16:55|2024-03-19 23:17:04|9
drop table if exists public.load_ship_mode;
DROP TABLE
create table public.load_ship_mode as select * from tpcds.ship_mode distributed randomly;
SELECT 20
load.15.public.load_ship_mode.sh|2024-03-19 23:17:05|2024-03-19 23:17:17|12
drop table if exists public.load_ship_mode;
DROP TABLE
create table public.load_ship_mode as select * from tpcds.ship_mode distributed randomly;
SELECT 20
load.15.public.load_ship_mode.sh|2024-03-19 23:17:18|2024-03-19 23:17:30|12
drop table if exists public.load_ship_mode;
DROP TABLE
create table public.load_ship_mode as select * from tpcds.ship_mode distributed randomly;
SELECT 20
load.15.public.load_ship_mode.sh|2024-03-19 23:17:31|2024-03-19 23:17:51|20
drop table if exists public.load_ship_mode;
DROP TABLE
create table public.load_ship_mode as select * from tpcds.ship_mode distributed randomly;
SELECT 20
load.15.public.load_ship_mode.sh|2024-03-19 23:17:52|2024-03-19 23:17:59|7
drop table if exists public.load_ship_mode;
DROP TABLE
create table public.load_ship_mode as select * from tpcds.ship_mode distributed randomly;
SELECT 20
load.15.public.load_ship_mode.sh|2024-03-19 23:18:00|2024-03-19 23:18:10|10
