drop table if exists public.load_promotion;
NOTICE:  table "load_promotion" does not exist, skipping
DROP TABLE
create table public.load_promotion as select * from tpcds.promotion distributed randomly;
SELECT 1800
load.13.public.load_promotion.sh|2024-03-19 21:18:04|2024-03-19 21:18:27|23
drop table if exists public.load_promotion;
DROP TABLE
create table public.load_promotion as select * from tpcds.promotion distributed randomly;
SELECT 1800
load.13.public.load_promotion.sh|2024-03-19 21:18:28|2024-03-19 21:18:52|24
drop table if exists public.load_promotion;
DROP TABLE
create table public.load_promotion as select * from tpcds.promotion distributed randomly;
SELECT 1800
load.13.public.load_promotion.sh|2024-03-19 21:18:53|2024-03-19 21:19:28|35
drop table if exists public.load_promotion;
DROP TABLE
create table public.load_promotion as select * from tpcds.promotion distributed randomly;
SELECT 1800
load.13.public.load_promotion.sh|2024-03-19 21:19:29|2024-03-19 21:19:59|30
drop table if exists public.load_promotion;
DROP TABLE
create table public.load_promotion as select * from tpcds.promotion distributed randomly;
SELECT 1800
load.13.public.load_promotion.sh|2024-03-19 21:20:00|2024-03-19 21:20:55|55
drop table if exists public.load_promotion;
DROP TABLE
create table public.load_promotion as select * from tpcds.promotion distributed randomly;
SELECT 1800
load.13.public.load_promotion.sh|2024-03-19 21:20:56|2024-03-19 21:21:46|50
drop table if exists public.load_promotion;
DROP TABLE
create table public.load_promotion as select * from tpcds.promotion distributed randomly;
SELECT 1800
load.13.public.load_promotion.sh|2024-03-19 21:21:47|2024-03-19 21:22:34|47
drop table if exists public.load_promotion;
DROP TABLE
create table public.load_promotion as select * from tpcds.promotion distributed randomly;
SELECT 1800
load.13.public.load_promotion.sh|2024-03-19 21:22:35|2024-03-19 21:22:51|16
drop table if exists public.load_promotion;
DROP TABLE
create table public.load_promotion as select * from tpcds.promotion distributed randomly;
SELECT 1800
load.13.public.load_promotion.sh|2024-03-19 21:22:52|2024-03-19 21:23:16|24
drop table if exists public.load_promotion;
DROP TABLE
create table public.load_promotion as select * from tpcds.promotion distributed randomly;
SELECT 1800
load.13.public.load_promotion.sh|2024-03-19 21:23:17|2024-03-19 21:23:38|21
drop table if exists public.load_promotion;
DROP TABLE
create table public.load_promotion as select * from tpcds.promotion distributed randomly;
SELECT 1800
load.13.public.load_promotion.sh|2024-03-19 21:23:39|2024-03-19 21:24:02|23
drop table if exists public.load_promotion;
DROP TABLE
create table public.load_promotion as select * from tpcds.promotion distributed randomly;
SELECT 1800
load.13.public.load_promotion.sh|2024-03-19 21:24:03|2024-03-19 21:24:37|34
drop table if exists public.load_promotion;
DROP TABLE
create table public.load_promotion as select * from tpcds.promotion distributed randomly;
SELECT 1800
load.13.public.load_promotion.sh|2024-03-19 21:24:38|2024-03-19 21:24:55|17
drop table if exists public.load_promotion;
DROP TABLE
create table public.load_promotion as select * from tpcds.promotion distributed randomly;
SELECT 1800
load.13.public.load_promotion.sh|2024-03-19 21:24:56|2024-03-19 21:25:13|17
drop table if exists public.load_promotion;
DROP TABLE
create table public.load_promotion as select * from tpcds.promotion distributed randomly;
SELECT 1800
load.13.public.load_promotion.sh|2024-03-19 21:25:14|2024-03-19 21:25:26|12
drop table if exists public.load_promotion;
DROP TABLE
create table public.load_promotion as select * from tpcds.promotion distributed randomly;
SELECT 1800
load.13.public.load_promotion.sh|2024-03-19 21:25:27|2024-03-19 21:25:43|16
drop table if exists public.load_promotion;
DROP TABLE
create table public.load_promotion as select * from tpcds.promotion distributed randomly;
SELECT 1800
load.13.public.load_promotion.sh|2024-03-19 21:25:44|2024-03-19 21:26:03|19
drop table if exists public.load_promotion;
DROP TABLE
create table public.load_promotion as select * from tpcds.promotion distributed randomly;
SELECT 1800
load.13.public.load_promotion.sh|2024-03-19 21:26:04|2024-03-19 21:26:29|25
drop table if exists public.load_promotion;
DROP TABLE
create table public.load_promotion as select * from tpcds.promotion distributed randomly;
SELECT 1800
load.13.public.load_promotion.sh|2024-03-19 21:26:30|2024-03-19 21:26:48|18
drop table if exists public.load_promotion;
DROP TABLE
create table public.load_promotion as select * from tpcds.promotion distributed randomly;
SELECT 1800
load.13.public.load_promotion.sh|2024-03-19 21:26:49|2024-03-19 21:27:17|28
drop table if exists public.load_promotion;
DROP TABLE
create table public.load_promotion as select * from tpcds.promotion distributed randomly;
SELECT 1800
load.13.public.load_promotion.sh|2024-03-19 21:27:18|2024-03-19 21:28:05|47
drop table if exists public.load_promotion;
DROP TABLE
create table public.load_promotion as select * from tpcds.promotion distributed randomly;
SELECT 1800
load.13.public.load_promotion.sh|2024-03-19 21:28:06|2024-03-19 21:28:36|30
drop table if exists public.load_promotion;
DROP TABLE
create table public.load_promotion as select * from tpcds.promotion distributed randomly;
SELECT 1800
load.13.public.load_promotion.sh|2024-03-19 21:28:37|2024-03-19 21:28:57|20
drop table if exists public.load_promotion;
DROP TABLE
create table public.load_promotion as select * from tpcds.promotion distributed randomly;
SELECT 1800
load.13.public.load_promotion.sh|2024-03-19 21:28:58|2024-03-19 21:29:43|45
drop table if exists public.load_promotion;
DROP TABLE
create table public.load_promotion as select * from tpcds.promotion distributed randomly;
SELECT 1800
load.13.public.load_promotion.sh|2024-03-19 21:29:44|2024-03-19 21:30:09|25
drop table if exists public.load_promotion;
DROP TABLE
create table public.load_promotion as select * from tpcds.promotion distributed randomly;
SELECT 1800
load.13.public.load_promotion.sh|2024-03-19 21:30:10|2024-03-19 21:30:49|39
drop table if exists public.load_promotion;
DROP TABLE
create table public.load_promotion as select * from tpcds.promotion distributed randomly;
SELECT 1800
load.13.public.load_promotion.sh|2024-03-19 21:30:50|2024-03-19 21:31:24|34
drop table if exists public.load_promotion;
DROP TABLE
create table public.load_promotion as select * from tpcds.promotion distributed randomly;
SELECT 1800
load.13.public.load_promotion.sh|2024-03-19 21:31:25|2024-03-19 21:31:34|9
drop table if exists public.load_promotion;
DROP TABLE
create table public.load_promotion as select * from tpcds.promotion distributed randomly;
SELECT 1800
load.13.public.load_promotion.sh|2024-03-19 21:31:35|2024-03-19 21:31:48|13
drop table if exists public.load_promotion;
DROP TABLE
create table public.load_promotion as select * from tpcds.promotion distributed randomly;
SELECT 1800
load.13.public.load_promotion.sh|2024-03-19 21:31:49|2024-03-19 21:32:14|25
drop table if exists public.load_promotion;
DROP TABLE
create table public.load_promotion as select * from tpcds.promotion distributed randomly;
SELECT 1800
load.13.public.load_promotion.sh|2024-03-19 21:32:15|2024-03-19 21:32:29|14
drop table if exists public.load_promotion;
DROP TABLE
create table public.load_promotion as select * from tpcds.promotion distributed randomly;
SELECT 1800
load.13.public.load_promotion.sh|2024-03-19 21:32:30|2024-03-19 21:32:48|18
drop table if exists public.load_promotion;
DROP TABLE
create table public.load_promotion as select * from tpcds.promotion distributed randomly;
SELECT 1800
load.13.public.load_promotion.sh|2024-03-19 21:32:49|2024-03-19 21:33:00|11
drop table if exists public.load_promotion;
DROP TABLE
create table public.load_promotion as select * from tpcds.promotion distributed randomly;
SELECT 1800
load.13.public.load_promotion.sh|2024-03-19 21:33:01|2024-03-19 21:33:14|13
drop table if exists public.load_promotion;
DROP TABLE
create table public.load_promotion as select * from tpcds.promotion distributed randomly;
SELECT 1800
load.13.public.load_promotion.sh|2024-03-19 21:33:15|2024-03-19 21:33:56|41
drop table if exists public.load_promotion;
DROP TABLE
create table public.load_promotion as select * from tpcds.promotion distributed randomly;
SELECT 1800
load.13.public.load_promotion.sh|2024-03-19 21:33:57|2024-03-19 21:34:44|47
drop table if exists public.load_promotion;
DROP TABLE
create table public.load_promotion as select * from tpcds.promotion distributed randomly;
SELECT 1800
load.13.public.load_promotion.sh|2024-03-19 21:34:45|2024-03-19 21:35:03|18
drop table if exists public.load_promotion;
DROP TABLE
create table public.load_promotion as select * from tpcds.promotion distributed randomly;
SELECT 1800
load.13.public.load_promotion.sh|2024-03-19 21:35:04|2024-03-19 21:35:47|43
drop table if exists public.load_promotion;
DROP TABLE
create table public.load_promotion as select * from tpcds.promotion distributed randomly;
SELECT 1800
load.13.public.load_promotion.sh|2024-03-19 21:35:48|2024-03-19 21:36:08|20
drop table if exists public.load_promotion;
DROP TABLE
create table public.load_promotion as select * from tpcds.promotion distributed randomly;
SELECT 1800
load.13.public.load_promotion.sh|2024-03-19 21:36:09|2024-03-19 21:36:24|15
drop table if exists public.load_promotion;
DROP TABLE
create table public.load_promotion as select * from tpcds.promotion distributed randomly;
SELECT 1800
load.13.public.load_promotion.sh|2024-03-19 21:36:25|2024-03-19 21:36:58|33
drop table if exists public.load_promotion;
DROP TABLE
create table public.load_promotion as select * from tpcds.promotion distributed randomly;
SELECT 1800
load.13.public.load_promotion.sh|2024-03-19 21:37:00|2024-03-19 21:37:23|23
drop table if exists public.load_promotion;
DROP TABLE
create table public.load_promotion as select * from tpcds.promotion distributed randomly;
SELECT 1800
load.13.public.load_promotion.sh|2024-03-19 21:37:24|2024-03-19 21:37:41|17
drop table if exists public.load_promotion;
DROP TABLE
create table public.load_promotion as select * from tpcds.promotion distributed randomly;
SELECT 1800
load.13.public.load_promotion.sh|2024-03-19 21:37:42|2024-03-19 21:38:05|23
drop table if exists public.load_promotion;
DROP TABLE
create table public.load_promotion as select * from tpcds.promotion distributed randomly;
SELECT 1800
load.13.public.load_promotion.sh|2024-03-19 21:38:06|2024-03-19 21:38:53|47
drop table if exists public.load_promotion;
DROP TABLE
create table public.load_promotion as select * from tpcds.promotion distributed randomly;
SELECT 1800
load.13.public.load_promotion.sh|2024-03-19 21:38:55|2024-03-19 21:39:27|32
drop table if exists public.load_promotion;
DROP TABLE
create table public.load_promotion as select * from tpcds.promotion distributed randomly;
SELECT 1800
load.13.public.load_promotion.sh|2024-03-19 21:39:28|2024-03-19 21:39:58|30
drop table if exists public.load_promotion;
DROP TABLE
create table public.load_promotion as select * from tpcds.promotion distributed randomly;
SELECT 1800
load.13.public.load_promotion.sh|2024-03-19 21:39:59|2024-03-19 21:40:18|19
drop table if exists public.load_promotion;
DROP TABLE
create table public.load_promotion as select * from tpcds.promotion distributed randomly;
SELECT 1800
load.13.public.load_promotion.sh|2024-03-19 21:40:19|2024-03-19 21:40:47|28
drop table if exists public.load_promotion;
DROP TABLE
create table public.load_promotion as select * from tpcds.promotion distributed randomly;
SELECT 1800
load.13.public.load_promotion.sh|2024-03-19 21:40:48|2024-03-19 21:41:05|17
drop table if exists public.load_promotion;
DROP TABLE
create table public.load_promotion as select * from tpcds.promotion distributed randomly;
SELECT 1800
load.13.public.load_promotion.sh|2024-03-19 21:41:06|2024-03-19 21:41:49|43
drop table if exists public.load_promotion;
DROP TABLE
create table public.load_promotion as select * from tpcds.promotion distributed randomly;
SELECT 1800
load.13.public.load_promotion.sh|2024-03-19 21:41:50|2024-03-19 21:42:02|12
drop table if exists public.load_promotion;
DROP TABLE
create table public.load_promotion as select * from tpcds.promotion distributed randomly;
SELECT 1800
load.13.public.load_promotion.sh|2024-03-19 21:42:03|2024-03-19 21:42:10|7
drop table if exists public.load_promotion;
DROP TABLE
create table public.load_promotion as select * from tpcds.promotion distributed randomly;
SELECT 1800
load.13.public.load_promotion.sh|2024-03-19 21:42:11|2024-03-19 21:42:20|9
drop table if exists public.load_promotion;
DROP TABLE
create table public.load_promotion as select * from tpcds.promotion distributed randomly;
SELECT 1800
load.13.public.load_promotion.sh|2024-03-19 21:42:21|2024-03-19 21:42:28|7
drop table if exists public.load_promotion;
DROP TABLE
create table public.load_promotion as select * from tpcds.promotion distributed randomly;
SELECT 1800
load.13.public.load_promotion.sh|2024-03-19 21:42:29|2024-03-19 21:42:41|12
drop table if exists public.load_promotion;
DROP TABLE
create table public.load_promotion as select * from tpcds.promotion distributed randomly;
SELECT 1800
load.13.public.load_promotion.sh|2024-03-19 21:42:42|2024-03-19 21:43:18|36
drop table if exists public.load_promotion;
DROP TABLE
create table public.load_promotion as select * from tpcds.promotion distributed randomly;
SELECT 1800
load.13.public.load_promotion.sh|2024-03-19 21:43:19|2024-03-19 21:43:54|35
drop table if exists public.load_promotion;
DROP TABLE
create table public.load_promotion as select * from tpcds.promotion distributed randomly;
SELECT 1800
load.13.public.load_promotion.sh|2024-03-19 21:43:55|2024-03-19 21:44:28|33
drop table if exists public.load_promotion;
DROP TABLE
create table public.load_promotion as select * from tpcds.promotion distributed randomly;
SELECT 1800
load.13.public.load_promotion.sh|2024-03-19 21:44:29|2024-03-19 21:44:59|30
drop table if exists public.load_promotion;
DROP TABLE
create table public.load_promotion as select * from tpcds.promotion distributed randomly;
SELECT 1800
load.13.public.load_promotion.sh|2024-03-19 21:45:00|2024-03-19 21:45:26|26
drop table if exists public.load_promotion;
DROP TABLE
create table public.load_promotion as select * from tpcds.promotion distributed randomly;
SELECT 1800
load.13.public.load_promotion.sh|2024-03-19 21:45:27|2024-03-19 21:45:55|28
drop table if exists public.load_promotion;
DROP TABLE
create table public.load_promotion as select * from tpcds.promotion distributed randomly;
SELECT 1800
load.13.public.load_promotion.sh|2024-03-19 21:45:56|2024-03-19 21:46:15|19
drop table if exists public.load_promotion;
DROP TABLE
create table public.load_promotion as select * from tpcds.promotion distributed randomly;
SELECT 1800
load.13.public.load_promotion.sh|2024-03-19 21:46:16|2024-03-19 21:46:27|11
drop table if exists public.load_promotion;
DROP TABLE
create table public.load_promotion as select * from tpcds.promotion distributed randomly;
SELECT 1800
load.13.public.load_promotion.sh|2024-03-19 21:46:28|2024-03-19 21:46:45|17
drop table if exists public.load_promotion;
DROP TABLE
create table public.load_promotion as select * from tpcds.promotion distributed randomly;
SELECT 1800
load.13.public.load_promotion.sh|2024-03-19 21:46:46|2024-03-19 21:46:56|10
drop table if exists public.load_promotion;
DROP TABLE
create table public.load_promotion as select * from tpcds.promotion distributed randomly;
SELECT 1800
load.13.public.load_promotion.sh|2024-03-19 21:46:57|2024-03-19 21:47:09|12
drop table if exists public.load_promotion;
DROP TABLE
create table public.load_promotion as select * from tpcds.promotion distributed randomly;
SELECT 1800
load.13.public.load_promotion.sh|2024-03-19 21:47:10|2024-03-19 21:47:15|5
drop table if exists public.load_promotion;
DROP TABLE
create table public.load_promotion as select * from tpcds.promotion distributed randomly;
SELECT 1800
load.13.public.load_promotion.sh|2024-03-19 21:47:16|2024-03-19 21:47:26|10
drop table if exists public.load_promotion;
DROP TABLE
create table public.load_promotion as select * from tpcds.promotion distributed randomly;
SELECT 1800
load.13.public.load_promotion.sh|2024-03-19 21:47:27|2024-03-19 21:47:53|26
drop table if exists public.load_promotion;
DROP TABLE
create table public.load_promotion as select * from tpcds.promotion distributed randomly;
SELECT 1800
load.13.public.load_promotion.sh|2024-03-19 21:47:54|2024-03-19 21:48:19|25
drop table if exists public.load_promotion;
DROP TABLE
create table public.load_promotion as select * from tpcds.promotion distributed randomly;
SELECT 1800
load.13.public.load_promotion.sh|2024-03-19 21:48:20|2024-03-19 21:48:52|32
drop table if exists public.load_promotion;
DROP TABLE
create table public.load_promotion as select * from tpcds.promotion distributed randomly;
SELECT 1800
load.13.public.load_promotion.sh|2024-03-19 21:48:53|2024-03-19 21:49:07|14
drop table if exists public.load_promotion;
DROP TABLE
create table public.load_promotion as select * from tpcds.promotion distributed randomly;
SELECT 1800
load.13.public.load_promotion.sh|2024-03-19 21:49:08|2024-03-19 21:49:16|8
drop table if exists public.load_promotion;
DROP TABLE
create table public.load_promotion as select * from tpcds.promotion distributed randomly;
SELECT 1800
load.13.public.load_promotion.sh|2024-03-19 21:49:17|2024-03-19 21:49:33|16
drop table if exists public.load_promotion;
DROP TABLE
create table public.load_promotion as select * from tpcds.promotion distributed randomly;
SELECT 1800
load.13.public.load_promotion.sh|2024-03-19 21:49:34|2024-03-19 21:49:45|11
drop table if exists public.load_promotion;
DROP TABLE
create table public.load_promotion as select * from tpcds.promotion distributed randomly;
SELECT 1800
load.13.public.load_promotion.sh|2024-03-19 21:49:46|2024-03-19 21:49:55|9
drop table if exists public.load_promotion;
DROP TABLE
create table public.load_promotion as select * from tpcds.promotion distributed randomly;
SELECT 1800
load.13.public.load_promotion.sh|2024-03-19 21:49:56|2024-03-19 21:50:11|15
drop table if exists public.load_promotion;
DROP TABLE
create table public.load_promotion as select * from tpcds.promotion distributed randomly;
SELECT 1800
load.13.public.load_promotion.sh|2024-03-19 21:50:12|2024-03-19 21:50:38|26
drop table if exists public.load_promotion;
DROP TABLE
create table public.load_promotion as select * from tpcds.promotion distributed randomly;
SELECT 1800
load.13.public.load_promotion.sh|2024-03-19 21:50:39|2024-03-19 21:50:54|15
drop table if exists public.load_promotion;
DROP TABLE
create table public.load_promotion as select * from tpcds.promotion distributed randomly;
SELECT 1800
load.13.public.load_promotion.sh|2024-03-19 21:50:55|2024-03-19 21:51:18|23
drop table if exists public.load_promotion;
DROP TABLE
create table public.load_promotion as select * from tpcds.promotion distributed randomly;
SELECT 1800
load.13.public.load_promotion.sh|2024-03-19 21:51:19|2024-03-19 21:51:29|10
drop table if exists public.load_promotion;
DROP TABLE
create table public.load_promotion as select * from tpcds.promotion distributed randomly;
SELECT 1800
load.13.public.load_promotion.sh|2024-03-19 21:51:30|2024-03-19 21:51:35|5
drop table if exists public.load_promotion;
DROP TABLE
create table public.load_promotion as select * from tpcds.promotion distributed randomly;
SELECT 1800
load.13.public.load_promotion.sh|2024-03-19 21:51:36|2024-03-19 21:51:45|9
drop table if exists public.load_promotion;
DROP TABLE
create table public.load_promotion as select * from tpcds.promotion distributed randomly;
SELECT 1800
load.13.public.load_promotion.sh|2024-03-19 21:51:46|2024-03-19 21:51:53|7
drop table if exists public.load_promotion;
DROP TABLE
create table public.load_promotion as select * from tpcds.promotion distributed randomly;
SELECT 1800
load.13.public.load_promotion.sh|2024-03-19 21:51:54|2024-03-19 21:52:27|33
drop table if exists public.load_promotion;
DROP TABLE
create table public.load_promotion as select * from tpcds.promotion distributed randomly;
SELECT 1800
load.13.public.load_promotion.sh|2024-03-19 21:52:28|2024-03-19 21:53:09|41
drop table if exists public.load_promotion;
DROP TABLE
create table public.load_promotion as select * from tpcds.promotion distributed randomly;
SELECT 1800
load.13.public.load_promotion.sh|2024-03-19 21:53:10|2024-03-19 21:53:41|31
drop table if exists public.load_promotion;
DROP TABLE
create table public.load_promotion as select * from tpcds.promotion distributed randomly;
SELECT 1800
load.13.public.load_promotion.sh|2024-03-19 21:53:42|2024-03-19 21:54:13|31
drop table if exists public.load_promotion;
DROP TABLE
create table public.load_promotion as select * from tpcds.promotion distributed randomly;
SELECT 1800
load.13.public.load_promotion.sh|2024-03-19 21:54:14|2024-03-19 21:54:34|20
drop table if exists public.load_promotion;
DROP TABLE
create table public.load_promotion as select * from tpcds.promotion distributed randomly;
SELECT 1800
load.13.public.load_promotion.sh|2024-03-19 21:54:35|2024-03-19 21:54:51|16
drop table if exists public.load_promotion;
DROP TABLE
create table public.load_promotion as select * from tpcds.promotion distributed randomly;
SELECT 1800
load.13.public.load_promotion.sh|2024-03-19 21:54:52|2024-03-19 21:55:07|15
drop table if exists public.load_promotion;
DROP TABLE
create table public.load_promotion as select * from tpcds.promotion distributed randomly;
SELECT 1800
load.13.public.load_promotion.sh|2024-03-19 21:55:08|2024-03-19 21:55:25|17
drop table if exists public.load_promotion;
DROP TABLE
create table public.load_promotion as select * from tpcds.promotion distributed randomly;
SELECT 1800
load.13.public.load_promotion.sh|2024-03-19 21:55:26|2024-03-19 21:55:33|7
drop table if exists public.load_promotion;
DROP TABLE
create table public.load_promotion as select * from tpcds.promotion distributed randomly;
SELECT 1800
load.13.public.load_promotion.sh|2024-03-19 21:55:34|2024-03-19 21:55:50|16
drop table if exists public.load_promotion;
DROP TABLE
create table public.load_promotion as select * from tpcds.promotion distributed randomly;
SELECT 1800
load.13.public.load_promotion.sh|2024-03-19 21:55:51|2024-03-19 21:56:03|12
drop table if exists public.load_promotion;
DROP TABLE
create table public.load_promotion as select * from tpcds.promotion distributed randomly;
SELECT 1800
load.13.public.load_promotion.sh|2024-03-19 21:56:04|2024-03-19 21:56:35|31
drop table if exists public.load_promotion;
DROP TABLE
create table public.load_promotion as select * from tpcds.promotion distributed randomly;
SELECT 1800
load.13.public.load_promotion.sh|2024-03-19 21:56:36|2024-03-19 21:56:56|20
drop table if exists public.load_promotion;
DROP TABLE
create table public.load_promotion as select * from tpcds.promotion distributed randomly;
SELECT 1800
load.13.public.load_promotion.sh|2024-03-19 21:56:57|2024-03-19 21:57:32|35
drop table if exists public.load_promotion;
DROP TABLE
create table public.load_promotion as select * from tpcds.promotion distributed randomly;
SELECT 1800
load.13.public.load_promotion.sh|2024-03-19 21:57:33|2024-03-19 21:58:19|46
drop table if exists public.load_promotion;
DROP TABLE
create table public.load_promotion as select * from tpcds.promotion distributed randomly;
SELECT 1800
load.13.public.load_promotion.sh|2024-03-19 21:58:20|2024-03-19 21:58:58|38
drop table if exists public.load_promotion;
DROP TABLE
create table public.load_promotion as select * from tpcds.promotion distributed randomly;
SELECT 1800
load.13.public.load_promotion.sh|2024-03-19 21:58:59|2024-03-19 21:59:41|42
drop table if exists public.load_promotion;
DROP TABLE
create table public.load_promotion as select * from tpcds.promotion distributed randomly;
SELECT 1800
load.13.public.load_promotion.sh|2024-03-19 21:59:42|2024-03-19 22:00:28|46
drop table if exists public.load_promotion;
DROP TABLE
create table public.load_promotion as select * from tpcds.promotion distributed randomly;
SELECT 1800
load.13.public.load_promotion.sh|2024-03-19 22:00:29|2024-03-19 22:00:46|17
drop table if exists public.load_promotion;
DROP TABLE
create table public.load_promotion as select * from tpcds.promotion distributed randomly;
SELECT 1800
load.13.public.load_promotion.sh|2024-03-19 22:00:47|2024-03-19 22:01:15|28
drop table if exists public.load_promotion;
DROP TABLE
create table public.load_promotion as select * from tpcds.promotion distributed randomly;
SELECT 1800
load.13.public.load_promotion.sh|2024-03-19 22:01:16|2024-03-19 22:01:53|37
drop table if exists public.load_promotion;
DROP TABLE
create table public.load_promotion as select * from tpcds.promotion distributed randomly;
SELECT 1800
load.13.public.load_promotion.sh|2024-03-19 22:01:54|2024-03-19 22:02:23|29
drop table if exists public.load_promotion;
DROP TABLE
create table public.load_promotion as select * from tpcds.promotion distributed randomly;
SELECT 1800
load.13.public.load_promotion.sh|2024-03-19 22:02:24|2024-03-19 22:02:42|18
drop table if exists public.load_promotion;
DROP TABLE
create table public.load_promotion as select * from tpcds.promotion distributed randomly;
SELECT 1800
load.13.public.load_promotion.sh|2024-03-19 22:02:43|2024-03-19 22:03:09|26
drop table if exists public.load_promotion;
DROP TABLE
create table public.load_promotion as select * from tpcds.promotion distributed randomly;
SELECT 1800
load.13.public.load_promotion.sh|2024-03-19 22:03:10|2024-03-19 22:03:28|18
drop table if exists public.load_promotion;
DROP TABLE
create table public.load_promotion as select * from tpcds.promotion distributed randomly;
SELECT 1800
load.13.public.load_promotion.sh|2024-03-19 22:03:29|2024-03-19 22:03:45|16
drop table if exists public.load_promotion;
DROP TABLE
create table public.load_promotion as select * from tpcds.promotion distributed randomly;
SELECT 1800
load.13.public.load_promotion.sh|2024-03-19 22:03:46|2024-03-19 22:04:20|34
drop table if exists public.load_promotion;
DROP TABLE
create table public.load_promotion as select * from tpcds.promotion distributed randomly;
SELECT 1800
load.13.public.load_promotion.sh|2024-03-19 22:04:21|2024-03-19 22:04:41|20
drop table if exists public.load_promotion;
DROP TABLE
create table public.load_promotion as select * from tpcds.promotion distributed randomly;
SELECT 1800
load.13.public.load_promotion.sh|2024-03-19 22:04:42|2024-03-19 22:04:54|12
drop table if exists public.load_promotion;
DROP TABLE
create table public.load_promotion as select * from tpcds.promotion distributed randomly;
SELECT 1800
load.13.public.load_promotion.sh|2024-03-19 22:04:55|2024-03-19 22:05:27|32
drop table if exists public.load_promotion;
DROP TABLE
create table public.load_promotion as select * from tpcds.promotion distributed randomly;
SELECT 1800
load.13.public.load_promotion.sh|2024-03-19 22:05:28|2024-03-19 22:06:12|44
drop table if exists public.load_promotion;
DROP TABLE
create table public.load_promotion as select * from tpcds.promotion distributed randomly;
SELECT 1800
load.13.public.load_promotion.sh|2024-03-19 22:06:13|2024-03-19 22:06:37|24
drop table if exists public.load_promotion;
DROP TABLE
create table public.load_promotion as select * from tpcds.promotion distributed randomly;
SELECT 1800
load.13.public.load_promotion.sh|2024-03-19 22:06:38|2024-03-19 22:07:06|28
drop table if exists public.load_promotion;
DROP TABLE
create table public.load_promotion as select * from tpcds.promotion distributed randomly;
SELECT 1800
load.13.public.load_promotion.sh|2024-03-19 22:07:07|2024-03-19 22:07:26|19
drop table if exists public.load_promotion;
DROP TABLE
create table public.load_promotion as select * from tpcds.promotion distributed randomly;
SELECT 1800
load.13.public.load_promotion.sh|2024-03-19 22:07:27|2024-03-19 22:07:43|16
drop table if exists public.load_promotion;
DROP TABLE
create table public.load_promotion as select * from tpcds.promotion distributed randomly;
SELECT 1800
load.13.public.load_promotion.sh|2024-03-19 22:07:44|2024-03-19 22:07:56|12
drop table if exists public.load_promotion;
DROP TABLE
create table public.load_promotion as select * from tpcds.promotion distributed randomly;
SELECT 1800
load.13.public.load_promotion.sh|2024-03-19 22:07:57|2024-03-19 22:08:16|19
drop table if exists public.load_promotion;
DROP TABLE
create table public.load_promotion as select * from tpcds.promotion distributed randomly;
SELECT 1800
load.13.public.load_promotion.sh|2024-03-19 22:08:17|2024-03-19 22:08:40|23
drop table if exists public.load_promotion;
DROP TABLE
create table public.load_promotion as select * from tpcds.promotion distributed randomly;
SELECT 1800
load.13.public.load_promotion.sh|2024-03-19 22:08:41|2024-03-19 22:08:57|16
drop table if exists public.load_promotion;
DROP TABLE
create table public.load_promotion as select * from tpcds.promotion distributed randomly;
SELECT 1800
load.13.public.load_promotion.sh|2024-03-19 22:08:58|2024-03-19 22:09:10|12
drop table if exists public.load_promotion;
DROP TABLE
create table public.load_promotion as select * from tpcds.promotion distributed randomly;
SELECT 1800
load.13.public.load_promotion.sh|2024-03-19 22:09:11|2024-03-19 22:09:20|9
drop table if exists public.load_promotion;
DROP TABLE
create table public.load_promotion as select * from tpcds.promotion distributed randomly;
SELECT 1800
load.13.public.load_promotion.sh|2024-03-19 22:09:21|2024-03-19 22:09:42|21
drop table if exists public.load_promotion;
DROP TABLE
create table public.load_promotion as select * from tpcds.promotion distributed randomly;
SELECT 1800
load.13.public.load_promotion.sh|2024-03-19 22:09:43|2024-03-19 22:09:55|12
drop table if exists public.load_promotion;
DROP TABLE
create table public.load_promotion as select * from tpcds.promotion distributed randomly;
SELECT 1800
load.13.public.load_promotion.sh|2024-03-19 22:09:57|2024-03-19 22:10:07|10
drop table if exists public.load_promotion;
DROP TABLE
create table public.load_promotion as select * from tpcds.promotion distributed randomly;
SELECT 1800
load.13.public.load_promotion.sh|2024-03-19 22:10:08|2024-03-19 22:10:28|20
drop table if exists public.load_promotion;
DROP TABLE
create table public.load_promotion as select * from tpcds.promotion distributed randomly;
SELECT 1800
load.13.public.load_promotion.sh|2024-03-19 22:10:29|2024-03-19 22:11:02|33
drop table if exists public.load_promotion;
DROP TABLE
create table public.load_promotion as select * from tpcds.promotion distributed randomly;
SELECT 1800
load.13.public.load_promotion.sh|2024-03-19 22:11:03|2024-03-19 22:11:19|16
drop table if exists public.load_promotion;
DROP TABLE
create table public.load_promotion as select * from tpcds.promotion distributed randomly;
SELECT 1800
load.13.public.load_promotion.sh|2024-03-19 22:11:20|2024-03-19 22:11:28|8
drop table if exists public.load_promotion;
DROP TABLE
create table public.load_promotion as select * from tpcds.promotion distributed randomly;
SELECT 1800
load.13.public.load_promotion.sh|2024-03-19 22:11:29|2024-03-19 22:12:03|34
drop table if exists public.load_promotion;
DROP TABLE
create table public.load_promotion as select * from tpcds.promotion distributed randomly;
SELECT 1800
load.13.public.load_promotion.sh|2024-03-19 22:12:04|2024-03-19 22:12:34|30
drop table if exists public.load_promotion;
DROP TABLE
create table public.load_promotion as select * from tpcds.promotion distributed randomly;
SELECT 1800
load.13.public.load_promotion.sh|2024-03-19 22:12:35|2024-03-19 22:13:02|27
drop table if exists public.load_promotion;
DROP TABLE
create table public.load_promotion as select * from tpcds.promotion distributed randomly;
SELECT 1800
load.13.public.load_promotion.sh|2024-03-19 22:13:03|2024-03-19 22:13:26|23
drop table if exists public.load_promotion;
DROP TABLE
create table public.load_promotion as select * from tpcds.promotion distributed randomly;
SELECT 1800
load.13.public.load_promotion.sh|2024-03-19 22:13:27|2024-03-19 22:14:01|34
drop table if exists public.load_promotion;
DROP TABLE
create table public.load_promotion as select * from tpcds.promotion distributed randomly;
SELECT 1800
load.13.public.load_promotion.sh|2024-03-19 22:14:02|2024-03-19 22:14:34|32
drop table if exists public.load_promotion;
DROP TABLE
create table public.load_promotion as select * from tpcds.promotion distributed randomly;
SELECT 1800
load.13.public.load_promotion.sh|2024-03-19 22:14:35|2024-03-19 22:14:55|20
drop table if exists public.load_promotion;
DROP TABLE
create table public.load_promotion as select * from tpcds.promotion distributed randomly;
SELECT 1800
load.13.public.load_promotion.sh|2024-03-19 22:14:56|2024-03-19 22:15:14|18
drop table if exists public.load_promotion;
DROP TABLE
create table public.load_promotion as select * from tpcds.promotion distributed randomly;
SELECT 1800
load.13.public.load_promotion.sh|2024-03-19 22:15:15|2024-03-19 22:15:24|9
drop table if exists public.load_promotion;
DROP TABLE
create table public.load_promotion as select * from tpcds.promotion distributed randomly;
SELECT 1800
load.13.public.load_promotion.sh|2024-03-19 22:15:25|2024-03-19 22:15:35|10
drop table if exists public.load_promotion;
DROP TABLE
create table public.load_promotion as select * from tpcds.promotion distributed randomly;
SELECT 1800
load.13.public.load_promotion.sh|2024-03-19 22:15:36|2024-03-19 22:15:53|17
drop table if exists public.load_promotion;
DROP TABLE
create table public.load_promotion as select * from tpcds.promotion distributed randomly;
SELECT 1800
load.13.public.load_promotion.sh|2024-03-19 22:15:54|2024-03-19 22:16:13|19
drop table if exists public.load_promotion;
DROP TABLE
create table public.load_promotion as select * from tpcds.promotion distributed randomly;
SELECT 1800
load.13.public.load_promotion.sh|2024-03-19 22:16:14|2024-03-19 22:16:38|24
drop table if exists public.load_promotion;
DROP TABLE
create table public.load_promotion as select * from tpcds.promotion distributed randomly;
SELECT 1800
load.13.public.load_promotion.sh|2024-03-19 22:16:39|2024-03-19 22:16:55|16
drop table if exists public.load_promotion;
DROP TABLE
create table public.load_promotion as select * from tpcds.promotion distributed randomly;
SELECT 1800
load.13.public.load_promotion.sh|2024-03-19 22:16:56|2024-03-19 22:17:19|23
drop table if exists public.load_promotion;
DROP TABLE
create table public.load_promotion as select * from tpcds.promotion distributed randomly;
SELECT 1800
load.13.public.load_promotion.sh|2024-03-19 22:17:20|2024-03-19 22:17:40|20
drop table if exists public.load_promotion;
DROP TABLE
create table public.load_promotion as select * from tpcds.promotion distributed randomly;
SELECT 1800
load.13.public.load_promotion.sh|2024-03-19 22:17:41|2024-03-19 22:18:01|20
drop table if exists public.load_promotion;
DROP TABLE
create table public.load_promotion as select * from tpcds.promotion distributed randomly;
SELECT 1800
load.13.public.load_promotion.sh|2024-03-19 22:18:02|2024-03-19 22:18:18|16
drop table if exists public.load_promotion;
DROP TABLE
create table public.load_promotion as select * from tpcds.promotion distributed randomly;
SELECT 1800
load.13.public.load_promotion.sh|2024-03-19 22:18:19|2024-03-19 22:18:38|19
drop table if exists public.load_promotion;
DROP TABLE
create table public.load_promotion as select * from tpcds.promotion distributed randomly;
SELECT 1800
load.13.public.load_promotion.sh|2024-03-19 22:18:39|2024-03-19 22:18:56|17
drop table if exists public.load_promotion;
DROP TABLE
create table public.load_promotion as select * from tpcds.promotion distributed randomly;
SELECT 1800
load.13.public.load_promotion.sh|2024-03-19 22:18:57|2024-03-19 22:19:13|16
drop table if exists public.load_promotion;
DROP TABLE
create table public.load_promotion as select * from tpcds.promotion distributed randomly;
SELECT 1800
load.13.public.load_promotion.sh|2024-03-19 22:19:14|2024-03-19 22:19:28|14
drop table if exists public.load_promotion;
DROP TABLE
create table public.load_promotion as select * from tpcds.promotion distributed randomly;
SELECT 1800
load.13.public.load_promotion.sh|2024-03-19 22:19:29|2024-03-19 22:19:48|19
drop table if exists public.load_promotion;
DROP TABLE
create table public.load_promotion as select * from tpcds.promotion distributed randomly;
SELECT 1800
load.13.public.load_promotion.sh|2024-03-19 22:19:49|2024-03-19 22:19:59|10
drop table if exists public.load_promotion;
DROP TABLE
create table public.load_promotion as select * from tpcds.promotion distributed randomly;
SELECT 1800
load.13.public.load_promotion.sh|2024-03-19 22:20:00|2024-03-19 22:20:21|21
drop table if exists public.load_promotion;
DROP TABLE
create table public.load_promotion as select * from tpcds.promotion distributed randomly;
SELECT 1800
load.13.public.load_promotion.sh|2024-03-19 22:20:22|2024-03-19 22:20:49|27
drop table if exists public.load_promotion;
DROP TABLE
create table public.load_promotion as select * from tpcds.promotion distributed randomly;
SELECT 1800
load.13.public.load_promotion.sh|2024-03-19 22:20:50|2024-03-19 22:21:27|37
drop table if exists public.load_promotion;
DROP TABLE
create table public.load_promotion as select * from tpcds.promotion distributed randomly;
SELECT 1800
load.13.public.load_promotion.sh|2024-03-19 22:21:28|2024-03-19 22:22:03|35
drop table if exists public.load_promotion;
DROP TABLE
create table public.load_promotion as select * from tpcds.promotion distributed randomly;
SELECT 1800
load.13.public.load_promotion.sh|2024-03-19 22:22:04|2024-03-19 22:22:28|24
drop table if exists public.load_promotion;
DROP TABLE
create table public.load_promotion as select * from tpcds.promotion distributed randomly;
SELECT 1800
load.13.public.load_promotion.sh|2024-03-19 22:22:29|2024-03-19 22:22:46|17
drop table if exists public.load_promotion;
DROP TABLE
create table public.load_promotion as select * from tpcds.promotion distributed randomly;
SELECT 1800
load.13.public.load_promotion.sh|2024-03-19 22:22:47|2024-03-19 22:23:09|22
drop table if exists public.load_promotion;
DROP TABLE
create table public.load_promotion as select * from tpcds.promotion distributed randomly;
SELECT 1800
load.13.public.load_promotion.sh|2024-03-19 22:23:10|2024-03-19 22:23:31|21
drop table if exists public.load_promotion;
DROP TABLE
create table public.load_promotion as select * from tpcds.promotion distributed randomly;
SELECT 1800
load.13.public.load_promotion.sh|2024-03-19 22:23:32|2024-03-19 22:24:06|34
drop table if exists public.load_promotion;
DROP TABLE
create table public.load_promotion as select * from tpcds.promotion distributed randomly;
SELECT 1800
load.13.public.load_promotion.sh|2024-03-19 22:24:07|2024-03-19 22:24:29|22
drop table if exists public.load_promotion;
DROP TABLE
create table public.load_promotion as select * from tpcds.promotion distributed randomly;
SELECT 1800
load.13.public.load_promotion.sh|2024-03-19 22:24:30|2024-03-19 22:24:44|14
drop table if exists public.load_promotion;
DROP TABLE
create table public.load_promotion as select * from tpcds.promotion distributed randomly;
SELECT 1800
load.13.public.load_promotion.sh|2024-03-19 22:24:45|2024-03-19 22:24:55|10
drop table if exists public.load_promotion;
DROP TABLE
create table public.load_promotion as select * from tpcds.promotion distributed randomly;
SELECT 1800
load.13.public.load_promotion.sh|2024-03-19 22:24:56|2024-03-19 22:25:32|36
drop table if exists public.load_promotion;
DROP TABLE
create table public.load_promotion as select * from tpcds.promotion distributed randomly;
SELECT 1800
load.13.public.load_promotion.sh|2024-03-19 22:25:33|2024-03-19 22:25:53|20
drop table if exists public.load_promotion;
DROP TABLE
create table public.load_promotion as select * from tpcds.promotion distributed randomly;
SELECT 1800
load.13.public.load_promotion.sh|2024-03-19 22:25:54|2024-03-19 22:26:29|35
drop table if exists public.load_promotion;
DROP TABLE
create table public.load_promotion as select * from tpcds.promotion distributed randomly;
SELECT 1800
load.13.public.load_promotion.sh|2024-03-19 22:26:30|2024-03-19 22:26:37|7
drop table if exists public.load_promotion;
DROP TABLE
create table public.load_promotion as select * from tpcds.promotion distributed randomly;
SELECT 1800
load.13.public.load_promotion.sh|2024-03-19 22:26:38|2024-03-19 22:26:54|16
drop table if exists public.load_promotion;
DROP TABLE
create table public.load_promotion as select * from tpcds.promotion distributed randomly;
SELECT 1800
load.13.public.load_promotion.sh|2024-03-19 22:26:55|2024-03-19 22:27:06|11
drop table if exists public.load_promotion;
DROP TABLE
create table public.load_promotion as select * from tpcds.promotion distributed randomly;
SELECT 1800
load.13.public.load_promotion.sh|2024-03-19 22:27:07|2024-03-19 22:27:24|17
drop table if exists public.load_promotion;
DROP TABLE
create table public.load_promotion as select * from tpcds.promotion distributed randomly;
SELECT 1800
load.13.public.load_promotion.sh|2024-03-19 22:27:25|2024-03-19 22:27:43|18
drop table if exists public.load_promotion;
DROP TABLE
create table public.load_promotion as select * from tpcds.promotion distributed randomly;
SELECT 1800
load.13.public.load_promotion.sh|2024-03-19 22:27:44|2024-03-19 22:28:02|18
drop table if exists public.load_promotion;
DROP TABLE
create table public.load_promotion as select * from tpcds.promotion distributed randomly;
SELECT 1800
load.13.public.load_promotion.sh|2024-03-19 22:28:03|2024-03-19 22:28:33|30
drop table if exists public.load_promotion;
DROP TABLE
create table public.load_promotion as select * from tpcds.promotion distributed randomly;
SELECT 1800
load.13.public.load_promotion.sh|2024-03-19 22:28:34|2024-03-19 22:28:52|18
drop table if exists public.load_promotion;
DROP TABLE
create table public.load_promotion as select * from tpcds.promotion distributed randomly;
SELECT 1800
load.13.public.load_promotion.sh|2024-03-19 22:28:53|2024-03-19 22:29:12|19
drop table if exists public.load_promotion;
DROP TABLE
create table public.load_promotion as select * from tpcds.promotion distributed randomly;
SELECT 1800
load.13.public.load_promotion.sh|2024-03-19 22:29:13|2024-03-19 22:29:41|28
drop table if exists public.load_promotion;
DROP TABLE
create table public.load_promotion as select * from tpcds.promotion distributed randomly;
SELECT 1800
load.13.public.load_promotion.sh|2024-03-19 22:29:42|2024-03-19 22:30:02|20
drop table if exists public.load_promotion;
DROP TABLE
create table public.load_promotion as select * from tpcds.promotion distributed randomly;
SELECT 1800
load.13.public.load_promotion.sh|2024-03-19 22:30:03|2024-03-19 22:30:19|16
drop table if exists public.load_promotion;
DROP TABLE
create table public.load_promotion as select * from tpcds.promotion distributed randomly;
SELECT 1800
load.13.public.load_promotion.sh|2024-03-19 22:30:20|2024-03-19 22:31:27|67
drop table if exists public.load_promotion;
DROP TABLE
create table public.load_promotion as select * from tpcds.promotion distributed randomly;
SELECT 1800
load.13.public.load_promotion.sh|2024-03-19 22:31:28|2024-03-19 22:31:40|12
drop table if exists public.load_promotion;
DROP TABLE
create table public.load_promotion as select * from tpcds.promotion distributed randomly;
SELECT 1800
load.13.public.load_promotion.sh|2024-03-19 22:31:42|2024-03-19 22:32:11|29
drop table if exists public.load_promotion;
DROP TABLE
create table public.load_promotion as select * from tpcds.promotion distributed randomly;
SELECT 1800
load.13.public.load_promotion.sh|2024-03-19 22:32:12|2024-03-19 22:32:17|5
drop table if exists public.load_promotion;
DROP TABLE
create table public.load_promotion as select * from tpcds.promotion distributed randomly;
SELECT 1800
load.13.public.load_promotion.sh|2024-03-19 22:32:18|2024-03-19 22:32:32|14
drop table if exists public.load_promotion;
DROP TABLE
create table public.load_promotion as select * from tpcds.promotion distributed randomly;
SELECT 1800
load.13.public.load_promotion.sh|2024-03-19 22:32:33|2024-03-19 22:32:46|13
drop table if exists public.load_promotion;
DROP TABLE
create table public.load_promotion as select * from tpcds.promotion distributed randomly;
SELECT 1800
load.13.public.load_promotion.sh|2024-03-19 22:32:47|2024-03-19 22:32:55|8
drop table if exists public.load_promotion;
DROP TABLE
create table public.load_promotion as select * from tpcds.promotion distributed randomly;
SELECT 1800
load.13.public.load_promotion.sh|2024-03-19 22:32:56|2024-03-19 22:33:17|21
drop table if exists public.load_promotion;
DROP TABLE
create table public.load_promotion as select * from tpcds.promotion distributed randomly;
SELECT 1800
load.13.public.load_promotion.sh|2024-03-19 22:33:18|2024-03-19 22:33:27|9
drop table if exists public.load_promotion;
DROP TABLE
create table public.load_promotion as select * from tpcds.promotion distributed randomly;
SELECT 1800
load.13.public.load_promotion.sh|2024-03-19 22:33:28|2024-03-19 22:33:33|5
drop table if exists public.load_promotion;
DROP TABLE
create table public.load_promotion as select * from tpcds.promotion distributed randomly;
SELECT 1800
load.13.public.load_promotion.sh|2024-03-19 22:33:34|2024-03-19 22:33:49|15
drop table if exists public.load_promotion;
DROP TABLE
create table public.load_promotion as select * from tpcds.promotion distributed randomly;
SELECT 1800
load.13.public.load_promotion.sh|2024-03-19 22:33:50|2024-03-19 22:33:58|8
drop table if exists public.load_promotion;
DROP TABLE
create table public.load_promotion as select * from tpcds.promotion distributed randomly;
SELECT 1800
load.13.public.load_promotion.sh|2024-03-19 22:33:59|2024-03-19 22:34:19|20
drop table if exists public.load_promotion;
DROP TABLE
create table public.load_promotion as select * from tpcds.promotion distributed randomly;
SELECT 1800
load.13.public.load_promotion.sh|2024-03-19 22:34:20|2024-03-19 22:34:33|13
drop table if exists public.load_promotion;
DROP TABLE
create table public.load_promotion as select * from tpcds.promotion distributed randomly;
SELECT 1800
load.13.public.load_promotion.sh|2024-03-19 22:34:34|2024-03-19 22:34:40|6
drop table if exists public.load_promotion;
DROP TABLE
create table public.load_promotion as select * from tpcds.promotion distributed randomly;
SELECT 1800
load.13.public.load_promotion.sh|2024-03-19 22:34:41|2024-03-19 22:34:49|8
drop table if exists public.load_promotion;
DROP TABLE
create table public.load_promotion as select * from tpcds.promotion distributed randomly;
SELECT 1800
load.13.public.load_promotion.sh|2024-03-19 22:34:50|2024-03-19 22:35:10|20
drop table if exists public.load_promotion;
DROP TABLE
create table public.load_promotion as select * from tpcds.promotion distributed randomly;
SELECT 1800
load.13.public.load_promotion.sh|2024-03-19 22:35:11|2024-03-19 22:35:42|31
drop table if exists public.load_promotion;
DROP TABLE
create table public.load_promotion as select * from tpcds.promotion distributed randomly;
SELECT 1800
load.13.public.load_promotion.sh|2024-03-19 22:35:43|2024-03-19 22:36:23|40
drop table if exists public.load_promotion;
DROP TABLE
create table public.load_promotion as select * from tpcds.promotion distributed randomly;
SELECT 1800
load.13.public.load_promotion.sh|2024-03-19 22:36:24|2024-03-19 22:36:37|13
drop table if exists public.load_promotion;
DROP TABLE
create table public.load_promotion as select * from tpcds.promotion distributed randomly;
SELECT 1800
load.13.public.load_promotion.sh|2024-03-19 22:36:38|2024-03-19 22:37:05|27
drop table if exists public.load_promotion;
DROP TABLE
create table public.load_promotion as select * from tpcds.promotion distributed randomly;
SELECT 1800
load.13.public.load_promotion.sh|2024-03-19 22:37:06|2024-03-19 22:37:48|42
drop table if exists public.load_promotion;
DROP TABLE
create table public.load_promotion as select * from tpcds.promotion distributed randomly;
SELECT 1800
load.13.public.load_promotion.sh|2024-03-19 22:37:49|2024-03-19 22:38:15|26
drop table if exists public.load_promotion;
DROP TABLE
create table public.load_promotion as select * from tpcds.promotion distributed randomly;
SELECT 1800
load.13.public.load_promotion.sh|2024-03-19 22:38:16|2024-03-19 22:38:45|29
drop table if exists public.load_promotion;
DROP TABLE
create table public.load_promotion as select * from tpcds.promotion distributed randomly;
SELECT 1800
load.13.public.load_promotion.sh|2024-03-19 22:38:46|2024-03-19 22:39:16|30
drop table if exists public.load_promotion;
DROP TABLE
create table public.load_promotion as select * from tpcds.promotion distributed randomly;
SELECT 1800
load.13.public.load_promotion.sh|2024-03-19 22:39:17|2024-03-19 22:39:32|15
drop table if exists public.load_promotion;
DROP TABLE
create table public.load_promotion as select * from tpcds.promotion distributed randomly;
SELECT 1800
load.13.public.load_promotion.sh|2024-03-19 22:39:33|2024-03-19 22:39:49|16
drop table if exists public.load_promotion;
DROP TABLE
create table public.load_promotion as select * from tpcds.promotion distributed randomly;
SELECT 1800
load.13.public.load_promotion.sh|2024-03-19 22:39:50|2024-03-19 22:40:01|11
drop table if exists public.load_promotion;
DROP TABLE
create table public.load_promotion as select * from tpcds.promotion distributed randomly;
SELECT 1800
load.13.public.load_promotion.sh|2024-03-19 22:40:02|2024-03-19 22:40:18|16
drop table if exists public.load_promotion;
DROP TABLE
create table public.load_promotion as select * from tpcds.promotion distributed randomly;
SELECT 1800
load.13.public.load_promotion.sh|2024-03-19 22:40:19|2024-03-19 22:41:18|59
drop table if exists public.load_promotion;
DROP TABLE
create table public.load_promotion as select * from tpcds.promotion distributed randomly;
SELECT 1800
load.13.public.load_promotion.sh|2024-03-19 22:41:19|2024-03-19 22:41:52|33
drop table if exists public.load_promotion;
DROP TABLE
create table public.load_promotion as select * from tpcds.promotion distributed randomly;
SELECT 1800
load.13.public.load_promotion.sh|2024-03-19 22:41:53|2024-03-19 22:42:09|16
drop table if exists public.load_promotion;
DROP TABLE
create table public.load_promotion as select * from tpcds.promotion distributed randomly;
SELECT 1800
load.13.public.load_promotion.sh|2024-03-19 22:42:10|2024-03-19 22:42:52|42
drop table if exists public.load_promotion;
DROP TABLE
create table public.load_promotion as select * from tpcds.promotion distributed randomly;
SELECT 1800
load.13.public.load_promotion.sh|2024-03-19 22:42:53|2024-03-19 22:43:11|18
drop table if exists public.load_promotion;
DROP TABLE
create table public.load_promotion as select * from tpcds.promotion distributed randomly;
SELECT 1800
load.13.public.load_promotion.sh|2024-03-19 22:43:12|2024-03-19 22:43:24|12
drop table if exists public.load_promotion;
DROP TABLE
create table public.load_promotion as select * from tpcds.promotion distributed randomly;
SELECT 1800
load.13.public.load_promotion.sh|2024-03-19 22:43:25|2024-03-19 22:43:50|25
drop table if exists public.load_promotion;
DROP TABLE
create table public.load_promotion as select * from tpcds.promotion distributed randomly;
SELECT 1800
load.13.public.load_promotion.sh|2024-03-19 22:43:51|2024-03-19 22:44:10|19
drop table if exists public.load_promotion;
DROP TABLE
create table public.load_promotion as select * from tpcds.promotion distributed randomly;
SELECT 1800
load.13.public.load_promotion.sh|2024-03-19 22:44:11|2024-03-19 22:44:34|23
drop table if exists public.load_promotion;
DROP TABLE
create table public.load_promotion as select * from tpcds.promotion distributed randomly;
SELECT 1800
load.13.public.load_promotion.sh|2024-03-19 22:44:35|2024-03-19 22:44:48|13
drop table if exists public.load_promotion;
DROP TABLE
create table public.load_promotion as select * from tpcds.promotion distributed randomly;
SELECT 1800
load.13.public.load_promotion.sh|2024-03-19 22:44:49|2024-03-19 22:45:05|16
drop table if exists public.load_promotion;
DROP TABLE
create table public.load_promotion as select * from tpcds.promotion distributed randomly;
SELECT 1800
load.13.public.load_promotion.sh|2024-03-19 22:45:06|2024-03-19 22:45:25|19
drop table if exists public.load_promotion;
DROP TABLE
create table public.load_promotion as select * from tpcds.promotion distributed randomly;
SELECT 1800
load.13.public.load_promotion.sh|2024-03-19 22:45:26|2024-03-19 22:45:53|27
drop table if exists public.load_promotion;
DROP TABLE
create table public.load_promotion as select * from tpcds.promotion distributed randomly;
SELECT 1800
load.13.public.load_promotion.sh|2024-03-19 22:45:54|2024-03-19 22:46:15|21
drop table if exists public.load_promotion;
DROP TABLE
create table public.load_promotion as select * from tpcds.promotion distributed randomly;
SELECT 1800
load.13.public.load_promotion.sh|2024-03-19 22:46:16|2024-03-19 22:46:37|21
drop table if exists public.load_promotion;
DROP TABLE
create table public.load_promotion as select * from tpcds.promotion distributed randomly;
SELECT 1800
load.13.public.load_promotion.sh|2024-03-19 22:46:38|2024-03-19 22:46:49|11
drop table if exists public.load_promotion;
DROP TABLE
create table public.load_promotion as select * from tpcds.promotion distributed randomly;
SELECT 1800
load.13.public.load_promotion.sh|2024-03-19 22:46:50|2024-03-19 22:47:02|12
drop table if exists public.load_promotion;
DROP TABLE
create table public.load_promotion as select * from tpcds.promotion distributed randomly;
SELECT 1800
load.13.public.load_promotion.sh|2024-03-19 22:47:03|2024-03-19 22:47:20|17
drop table if exists public.load_promotion;
DROP TABLE
create table public.load_promotion as select * from tpcds.promotion distributed randomly;
SELECT 1800
load.13.public.load_promotion.sh|2024-03-19 22:47:21|2024-03-19 22:47:38|17
drop table if exists public.load_promotion;
DROP TABLE
create table public.load_promotion as select * from tpcds.promotion distributed randomly;
SELECT 1800
load.13.public.load_promotion.sh|2024-03-19 22:47:39|2024-03-19 22:47:48|9
drop table if exists public.load_promotion;
DROP TABLE
create table public.load_promotion as select * from tpcds.promotion distributed randomly;
SELECT 1800
load.13.public.load_promotion.sh|2024-03-19 22:47:49|2024-03-19 22:48:16|27
drop table if exists public.load_promotion;
DROP TABLE
create table public.load_promotion as select * from tpcds.promotion distributed randomly;
SELECT 1800
load.13.public.load_promotion.sh|2024-03-19 22:48:17|2024-03-19 22:48:27|10
drop table if exists public.load_promotion;
DROP TABLE
create table public.load_promotion as select * from tpcds.promotion distributed randomly;
SELECT 1800
load.13.public.load_promotion.sh|2024-03-19 22:48:28|2024-03-19 22:48:54|26
drop table if exists public.load_promotion;
DROP TABLE
create table public.load_promotion as select * from tpcds.promotion distributed randomly;
SELECT 1800
load.13.public.load_promotion.sh|2024-03-19 22:48:55|2024-03-19 22:49:26|31
drop table if exists public.load_promotion;
DROP TABLE
create table public.load_promotion as select * from tpcds.promotion distributed randomly;
SELECT 1800
load.13.public.load_promotion.sh|2024-03-19 22:49:27|2024-03-19 22:50:19|52
drop table if exists public.load_promotion;
DROP TABLE
create table public.load_promotion as select * from tpcds.promotion distributed randomly;
SELECT 1800
load.13.public.load_promotion.sh|2024-03-19 22:50:20|2024-03-19 22:50:55|35
drop table if exists public.load_promotion;
DROP TABLE
create table public.load_promotion as select * from tpcds.promotion distributed randomly;
SELECT 1800
load.13.public.load_promotion.sh|2024-03-19 22:50:56|2024-03-19 22:51:31|35
drop table if exists public.load_promotion;
DROP TABLE
create table public.load_promotion as select * from tpcds.promotion distributed randomly;
SELECT 1800
load.13.public.load_promotion.sh|2024-03-19 22:51:32|2024-03-19 22:51:53|21
drop table if exists public.load_promotion;
DROP TABLE
create table public.load_promotion as select * from tpcds.promotion distributed randomly;
SELECT 1800
load.13.public.load_promotion.sh|2024-03-19 22:51:54|2024-03-19 22:52:24|30
drop table if exists public.load_promotion;
DROP TABLE
create table public.load_promotion as select * from tpcds.promotion distributed randomly;
SELECT 1800
load.13.public.load_promotion.sh|2024-03-19 22:52:25|2024-03-19 22:52:43|18
drop table if exists public.load_promotion;
DROP TABLE
create table public.load_promotion as select * from tpcds.promotion distributed randomly;
SELECT 1800
load.13.public.load_promotion.sh|2024-03-19 22:52:44|2024-03-19 22:52:57|13
drop table if exists public.load_promotion;
DROP TABLE
create table public.load_promotion as select * from tpcds.promotion distributed randomly;
SELECT 1800
load.13.public.load_promotion.sh|2024-03-19 22:52:58|2024-03-19 22:53:01|3
drop table if exists public.load_promotion;
DROP TABLE
create table public.load_promotion as select * from tpcds.promotion distributed randomly;
SELECT 1800
load.13.public.load_promotion.sh|2024-03-19 22:53:02|2024-03-19 22:53:14|12
drop table if exists public.load_promotion;
DROP TABLE
create table public.load_promotion as select * from tpcds.promotion distributed randomly;
SELECT 1800
load.13.public.load_promotion.sh|2024-03-19 22:53:15|2024-03-19 22:53:25|10
drop table if exists public.load_promotion;
DROP TABLE
create table public.load_promotion as select * from tpcds.promotion distributed randomly;
SELECT 1800
load.13.public.load_promotion.sh|2024-03-19 22:53:26|2024-03-19 22:53:44|18
drop table if exists public.load_promotion;
DROP TABLE
create table public.load_promotion as select * from tpcds.promotion distributed randomly;
SELECT 1800
load.13.public.load_promotion.sh|2024-03-19 22:53:45|2024-03-19 22:54:02|17
drop table if exists public.load_promotion;
DROP TABLE
create table public.load_promotion as select * from tpcds.promotion distributed randomly;
SELECT 1800
load.13.public.load_promotion.sh|2024-03-19 22:54:03|2024-03-19 22:54:14|11
drop table if exists public.load_promotion;
DROP TABLE
create table public.load_promotion as select * from tpcds.promotion distributed randomly;
SELECT 1800
load.13.public.load_promotion.sh|2024-03-19 22:54:15|2024-03-19 22:54:23|8
drop table if exists public.load_promotion;
DROP TABLE
create table public.load_promotion as select * from tpcds.promotion distributed randomly;
SELECT 1800
load.13.public.load_promotion.sh|2024-03-19 22:54:24|2024-03-19 22:54:32|8
drop table if exists public.load_promotion;
DROP TABLE
create table public.load_promotion as select * from tpcds.promotion distributed randomly;
SELECT 1800
load.13.public.load_promotion.sh|2024-03-19 22:54:33|2024-03-19 22:55:01|28
drop table if exists public.load_promotion;
DROP TABLE
create table public.load_promotion as select * from tpcds.promotion distributed randomly;
SELECT 1800
load.13.public.load_promotion.sh|2024-03-19 22:55:02|2024-03-19 22:55:33|31
drop table if exists public.load_promotion;
DROP TABLE
create table public.load_promotion as select * from tpcds.promotion distributed randomly;
SELECT 1800
load.13.public.load_promotion.sh|2024-03-19 22:55:34|2024-03-19 22:55:55|21
drop table if exists public.load_promotion;
DROP TABLE
create table public.load_promotion as select * from tpcds.promotion distributed randomly;
SELECT 1800
load.13.public.load_promotion.sh|2024-03-19 22:55:56|2024-03-19 22:56:24|28
drop table if exists public.load_promotion;
DROP TABLE
create table public.load_promotion as select * from tpcds.promotion distributed randomly;
SELECT 1800
load.13.public.load_promotion.sh|2024-03-19 22:56:25|2024-03-19 22:56:44|19
drop table if exists public.load_promotion;
DROP TABLE
create table public.load_promotion as select * from tpcds.promotion distributed randomly;
SELECT 1800
load.13.public.load_promotion.sh|2024-03-19 22:56:45|2024-03-19 22:57:06|21
drop table if exists public.load_promotion;
DROP TABLE
create table public.load_promotion as select * from tpcds.promotion distributed randomly;
SELECT 1800
load.13.public.load_promotion.sh|2024-03-19 22:57:07|2024-03-19 22:57:33|26
drop table if exists public.load_promotion;
DROP TABLE
create table public.load_promotion as select * from tpcds.promotion distributed randomly;
SELECT 1800
load.13.public.load_promotion.sh|2024-03-19 22:57:34|2024-03-19 22:58:05|31
drop table if exists public.load_promotion;
DROP TABLE
create table public.load_promotion as select * from tpcds.promotion distributed randomly;
SELECT 1800
load.13.public.load_promotion.sh|2024-03-19 22:58:06|2024-03-19 22:58:39|33
drop table if exists public.load_promotion;
DROP TABLE
create table public.load_promotion as select * from tpcds.promotion distributed randomly;
SELECT 1800
load.13.public.load_promotion.sh|2024-03-19 22:58:40|2024-03-19 22:59:15|35
drop table if exists public.load_promotion;
DROP TABLE
create table public.load_promotion as select * from tpcds.promotion distributed randomly;
SELECT 1800
load.13.public.load_promotion.sh|2024-03-19 22:59:16|2024-03-19 22:59:36|20
drop table if exists public.load_promotion;
DROP TABLE
create table public.load_promotion as select * from tpcds.promotion distributed randomly;
SELECT 1800
load.13.public.load_promotion.sh|2024-03-19 22:59:37|2024-03-19 23:00:02|25
drop table if exists public.load_promotion;
DROP TABLE
create table public.load_promotion as select * from tpcds.promotion distributed randomly;
SELECT 1800
load.13.public.load_promotion.sh|2024-03-19 23:00:03|2024-03-19 23:00:29|26
drop table if exists public.load_promotion;
DROP TABLE
create table public.load_promotion as select * from tpcds.promotion distributed randomly;
SELECT 1800
load.13.public.load_promotion.sh|2024-03-19 23:00:30|2024-03-19 23:00:55|25
drop table if exists public.load_promotion;
DROP TABLE
create table public.load_promotion as select * from tpcds.promotion distributed randomly;
SELECT 1800
load.13.public.load_promotion.sh|2024-03-19 23:00:56|2024-03-19 23:01:37|41
drop table if exists public.load_promotion;
DROP TABLE
create table public.load_promotion as select * from tpcds.promotion distributed randomly;
SELECT 1800
load.13.public.load_promotion.sh|2024-03-19 23:01:38|2024-03-19 23:01:49|11
drop table if exists public.load_promotion;
DROP TABLE
create table public.load_promotion as select * from tpcds.promotion distributed randomly;
SELECT 1800
load.13.public.load_promotion.sh|2024-03-19 23:01:50|2024-03-19 23:01:58|8
drop table if exists public.load_promotion;
DROP TABLE
create table public.load_promotion as select * from tpcds.promotion distributed randomly;
SELECT 1800
load.13.public.load_promotion.sh|2024-03-19 23:01:59|2024-03-19 23:02:08|9
drop table if exists public.load_promotion;
DROP TABLE
create table public.load_promotion as select * from tpcds.promotion distributed randomly;
SELECT 1800
load.13.public.load_promotion.sh|2024-03-19 23:02:09|2024-03-19 23:02:16|7
drop table if exists public.load_promotion;
DROP TABLE
create table public.load_promotion as select * from tpcds.promotion distributed randomly;
SELECT 1800
load.13.public.load_promotion.sh|2024-03-19 23:02:17|2024-03-19 23:02:32|15
drop table if exists public.load_promotion;
DROP TABLE
create table public.load_promotion as select * from tpcds.promotion distributed randomly;
SELECT 1800
load.13.public.load_promotion.sh|2024-03-19 23:02:33|2024-03-19 23:02:55|22
drop table if exists public.load_promotion;
DROP TABLE
create table public.load_promotion as select * from tpcds.promotion distributed randomly;
SELECT 1800
load.13.public.load_promotion.sh|2024-03-19 23:02:56|2024-03-19 23:03:12|16
drop table if exists public.load_promotion;
DROP TABLE
create table public.load_promotion as select * from tpcds.promotion distributed randomly;
SELECT 1800
load.13.public.load_promotion.sh|2024-03-19 23:03:13|2024-03-19 23:03:22|9
drop table if exists public.load_promotion;
DROP TABLE
create table public.load_promotion as select * from tpcds.promotion distributed randomly;
SELECT 1800
load.13.public.load_promotion.sh|2024-03-19 23:03:23|2024-03-19 23:03:32|9
drop table if exists public.load_promotion;
DROP TABLE
create table public.load_promotion as select * from tpcds.promotion distributed randomly;
SELECT 1800
load.13.public.load_promotion.sh|2024-03-19 23:03:33|2024-03-19 23:03:37|4
drop table if exists public.load_promotion;
DROP TABLE
create table public.load_promotion as select * from tpcds.promotion distributed randomly;
SELECT 1800
load.13.public.load_promotion.sh|2024-03-19 23:03:38|2024-03-19 23:03:45|7
drop table if exists public.load_promotion;
DROP TABLE
create table public.load_promotion as select * from tpcds.promotion distributed randomly;
SELECT 1800
load.13.public.load_promotion.sh|2024-03-19 23:03:46|2024-03-19 23:03:54|8
drop table if exists public.load_promotion;
DROP TABLE
create table public.load_promotion as select * from tpcds.promotion distributed randomly;
SELECT 1800
load.13.public.load_promotion.sh|2024-03-19 23:03:55|2024-03-19 23:04:06|11
drop table if exists public.load_promotion;
DROP TABLE
create table public.load_promotion as select * from tpcds.promotion distributed randomly;
SELECT 1800
load.13.public.load_promotion.sh|2024-03-19 23:04:07|2024-03-19 23:04:18|11
drop table if exists public.load_promotion;
DROP TABLE
create table public.load_promotion as select * from tpcds.promotion distributed randomly;
SELECT 1800
load.13.public.load_promotion.sh|2024-03-19 23:04:19|2024-03-19 23:04:28|9
drop table if exists public.load_promotion;
DROP TABLE
create table public.load_promotion as select * from tpcds.promotion distributed randomly;
SELECT 1800
load.13.public.load_promotion.sh|2024-03-19 23:04:29|2024-03-19 23:04:41|12
drop table if exists public.load_promotion;
DROP TABLE
create table public.load_promotion as select * from tpcds.promotion distributed randomly;
SELECT 1800
load.13.public.load_promotion.sh|2024-03-19 23:04:42|2024-03-19 23:04:52|10
drop table if exists public.load_promotion;
DROP TABLE
create table public.load_promotion as select * from tpcds.promotion distributed randomly;
SELECT 1800
load.13.public.load_promotion.sh|2024-03-19 23:04:53|2024-03-19 23:05:11|18
drop table if exists public.load_promotion;
DROP TABLE
create table public.load_promotion as select * from tpcds.promotion distributed randomly;
SELECT 1800
load.13.public.load_promotion.sh|2024-03-19 23:05:12|2024-03-19 23:05:42|30
drop table if exists public.load_promotion;
DROP TABLE
create table public.load_promotion as select * from tpcds.promotion distributed randomly;
SELECT 1800
load.13.public.load_promotion.sh|2024-03-19 23:05:43|2024-03-19 23:06:14|31
drop table if exists public.load_promotion;
DROP TABLE
create table public.load_promotion as select * from tpcds.promotion distributed randomly;
SELECT 1800
load.13.public.load_promotion.sh|2024-03-19 23:06:15|2024-03-19 23:06:32|17
drop table if exists public.load_promotion;
DROP TABLE
create table public.load_promotion as select * from tpcds.promotion distributed randomly;
SELECT 1800
load.13.public.load_promotion.sh|2024-03-19 23:06:33|2024-03-19 23:07:11|38
drop table if exists public.load_promotion;
DROP TABLE
create table public.load_promotion as select * from tpcds.promotion distributed randomly;
SELECT 1800
load.13.public.load_promotion.sh|2024-03-19 23:07:12|2024-03-19 23:07:42|30
drop table if exists public.load_promotion;
DROP TABLE
create table public.load_promotion as select * from tpcds.promotion distributed randomly;
SELECT 1800
load.13.public.load_promotion.sh|2024-03-19 23:07:43|2024-03-19 23:08:19|36
drop table if exists public.load_promotion;
DROP TABLE
create table public.load_promotion as select * from tpcds.promotion distributed randomly;
SELECT 1800
load.13.public.load_promotion.sh|2024-03-19 23:08:20|2024-03-19 23:08:32|12
drop table if exists public.load_promotion;
DROP TABLE
create table public.load_promotion as select * from tpcds.promotion distributed randomly;
SELECT 1800
load.13.public.load_promotion.sh|2024-03-19 23:08:33|2024-03-19 23:08:45|12
drop table if exists public.load_promotion;
DROP TABLE
create table public.load_promotion as select * from tpcds.promotion distributed randomly;
SELECT 1800
load.13.public.load_promotion.sh|2024-03-19 23:08:46|2024-03-19 23:08:54|8
drop table if exists public.load_promotion;
DROP TABLE
create table public.load_promotion as select * from tpcds.promotion distributed randomly;
SELECT 1800
load.13.public.load_promotion.sh|2024-03-19 23:08:55|2024-03-19 23:09:00|5
drop table if exists public.load_promotion;
DROP TABLE
create table public.load_promotion as select * from tpcds.promotion distributed randomly;
SELECT 1800
load.13.public.load_promotion.sh|2024-03-19 23:09:01|2024-03-19 23:09:24|23
drop table if exists public.load_promotion;
DROP TABLE
create table public.load_promotion as select * from tpcds.promotion distributed randomly;
SELECT 1800
load.13.public.load_promotion.sh|2024-03-19 23:09:25|2024-03-19 23:09:38|13
drop table if exists public.load_promotion;
DROP TABLE
create table public.load_promotion as select * from tpcds.promotion distributed randomly;
SELECT 1800
load.13.public.load_promotion.sh|2024-03-19 23:09:39|2024-03-19 23:10:02|23
drop table if exists public.load_promotion;
DROP TABLE
create table public.load_promotion as select * from tpcds.promotion distributed randomly;
SELECT 1800
load.13.public.load_promotion.sh|2024-03-19 23:10:03|2024-03-19 23:10:36|33
drop table if exists public.load_promotion;
DROP TABLE
create table public.load_promotion as select * from tpcds.promotion distributed randomly;
SELECT 1800
load.13.public.load_promotion.sh|2024-03-19 23:10:37|2024-03-19 23:11:06|29
drop table if exists public.load_promotion;
DROP TABLE
create table public.load_promotion as select * from tpcds.promotion distributed randomly;
SELECT 1800
load.13.public.load_promotion.sh|2024-03-19 23:11:07|2024-03-19 23:11:27|20
drop table if exists public.load_promotion;
DROP TABLE
create table public.load_promotion as select * from tpcds.promotion distributed randomly;
SELECT 1800
load.13.public.load_promotion.sh|2024-03-19 23:11:28|2024-03-19 23:11:37|9
drop table if exists public.load_promotion;
DROP TABLE
create table public.load_promotion as select * from tpcds.promotion distributed randomly;
SELECT 1800
load.13.public.load_promotion.sh|2024-03-19 23:11:38|2024-03-19 23:11:53|15
drop table if exists public.load_promotion;
DROP TABLE
create table public.load_promotion as select * from tpcds.promotion distributed randomly;
SELECT 1800
load.13.public.load_promotion.sh|2024-03-19 23:11:54|2024-03-19 23:12:26|32
drop table if exists public.load_promotion;
DROP TABLE
create table public.load_promotion as select * from tpcds.promotion distributed randomly;
SELECT 1800
load.13.public.load_promotion.sh|2024-03-19 23:12:27|2024-03-19 23:12:50|23
drop table if exists public.load_promotion;
DROP TABLE
create table public.load_promotion as select * from tpcds.promotion distributed randomly;
SELECT 1800
load.13.public.load_promotion.sh|2024-03-19 23:12:51|2024-03-19 23:12:59|8
drop table if exists public.load_promotion;
DROP TABLE
create table public.load_promotion as select * from tpcds.promotion distributed randomly;
SELECT 1800
load.13.public.load_promotion.sh|2024-03-19 23:13:00|2024-03-19 23:13:27|27
drop table if exists public.load_promotion;
DROP TABLE
create table public.load_promotion as select * from tpcds.promotion distributed randomly;
SELECT 1800
load.13.public.load_promotion.sh|2024-03-19 23:13:28|2024-03-19 23:13:41|13
drop table if exists public.load_promotion;
DROP TABLE
create table public.load_promotion as select * from tpcds.promotion distributed randomly;
SELECT 1800
load.13.public.load_promotion.sh|2024-03-19 23:13:42|2024-03-19 23:13:56|14
drop table if exists public.load_promotion;
DROP TABLE
create table public.load_promotion as select * from tpcds.promotion distributed randomly;
SELECT 1800
load.13.public.load_promotion.sh|2024-03-19 23:13:57|2024-03-19 23:14:24|27
drop table if exists public.load_promotion;
DROP TABLE
create table public.load_promotion as select * from tpcds.promotion distributed randomly;
SELECT 1800
load.13.public.load_promotion.sh|2024-03-19 23:14:25|2024-03-19 23:14:53|28
drop table if exists public.load_promotion;
DROP TABLE
create table public.load_promotion as select * from tpcds.promotion distributed randomly;
SELECT 1800
load.13.public.load_promotion.sh|2024-03-19 23:14:54|2024-03-19 23:15:33|39
drop table if exists public.load_promotion;
DROP TABLE
create table public.load_promotion as select * from tpcds.promotion distributed randomly;
SELECT 1800
load.13.public.load_promotion.sh|2024-03-19 23:15:34|2024-03-19 23:15:53|19
drop table if exists public.load_promotion;
DROP TABLE
create table public.load_promotion as select * from tpcds.promotion distributed randomly;
SELECT 1800
load.13.public.load_promotion.sh|2024-03-19 23:15:54|2024-03-19 23:16:25|31
drop table if exists public.load_promotion;
DROP TABLE
create table public.load_promotion as select * from tpcds.promotion distributed randomly;
SELECT 1800
load.13.public.load_promotion.sh|2024-03-19 23:16:26|2024-03-19 23:16:54|28
drop table if exists public.load_promotion;
DROP TABLE
create table public.load_promotion as select * from tpcds.promotion distributed randomly;
SELECT 1800
load.13.public.load_promotion.sh|2024-03-19 23:16:55|2024-03-19 23:17:05|10
drop table if exists public.load_promotion;
DROP TABLE
create table public.load_promotion as select * from tpcds.promotion distributed randomly;
SELECT 1800
load.13.public.load_promotion.sh|2024-03-19 23:17:06|2024-03-19 23:17:18|12
drop table if exists public.load_promotion;
DROP TABLE
create table public.load_promotion as select * from tpcds.promotion distributed randomly;
SELECT 1800
load.13.public.load_promotion.sh|2024-03-19 23:17:19|2024-03-19 23:17:34|15
drop table if exists public.load_promotion;
DROP TABLE
create table public.load_promotion as select * from tpcds.promotion distributed randomly;
SELECT 1800
load.13.public.load_promotion.sh|2024-03-19 23:17:35|2024-03-19 23:17:55|20
drop table if exists public.load_promotion;
DROP TABLE
create table public.load_promotion as select * from tpcds.promotion distributed randomly;
SELECT 1800
load.13.public.load_promotion.sh|2024-03-19 23:17:56|2024-03-19 23:18:05|9
