drop table if exists public.mart_store_sales;
NOTICE:  table "mart_store_sales" does not exist, skipping
DROP TABLE
create table public.mart_store_sales
with (appendonly=true, compresslevel=7, compresstype=zstd)
as
select
 array_agg(ss_sold_date_sk       ) ss_sold_date_sk
, ss_sold_time_sk
, ss_item_sk
, array_agg(ss_customer_sk        ) ss_customer_sk       
, array_agg(ss_cdemo_sk           ) ss_cdemo_sk          
, array_agg(ss_hdemo_sk           ) ss_hdemo_sk          
, array_agg(ss_addr_sk            ) ss_addr_sk           
, array_agg(ss_store_sk           ) ss_store_sk          
, array_agg(ss_promo_sk           ) ss_promo_sk          
, array_agg(ss_ticket_number      ) ss_ticket_number     
, array_agg(ss_quantity           ) ss_quantity          
, array_agg(ss_wholesale_cost     ) ss_wholesale_cost    
, array_agg(ss_list_price         ) ss_list_price        
, array_agg(ss_sales_price        ) ss_sales_price       
, array_agg(ss_ext_discount_amt   ) ss_ext_discount_amt  
, array_agg(ss_ext_sales_price    ) ss_ext_sales_price   
, array_agg(ss_ext_wholesale_cost ) ss_ext_wholesale_cost
, array_agg(ss_ext_list_price     ) ss_ext_list_price    
, array_agg(ss_ext_tax            ) ss_ext_tax           
, array_agg(ss_coupon_amt         ) ss_coupon_amt        
, array_agg(ss_net_paid           ) ss_net_paid          
, array_agg(ss_net_paid_inc_tax   ) ss_net_paid_inc_tax  
, array_agg(ss_net_profit         ) ss_net_profit        
from
        tpcds.store_sales
where
        ss_sold_date_sk between 2450816 and 2451034
group by
        ss_sold_time_sk, ss_item_sk
distributed by (ss_sold_time_sk, ss_item_sk);
SELECT 553803035
mart.04.public.mart_store_sales.sh|2024-04-09 05:53:58|2024-04-09 06:35:52|2514
drop table if exists public.mart_store_sales;
DROP TABLE
create table public.mart_store_sales
with (appendonly=true, compresslevel=7, compresstype=zstd)
as
select
 array_agg(ss_sold_date_sk       ) ss_sold_date_sk
, ss_sold_time_sk
, ss_item_sk
, array_agg(ss_customer_sk        ) ss_customer_sk       
, array_agg(ss_cdemo_sk           ) ss_cdemo_sk          
, array_agg(ss_hdemo_sk           ) ss_hdemo_sk          
, array_agg(ss_addr_sk            ) ss_addr_sk           
, array_agg(ss_store_sk           ) ss_store_sk          
, array_agg(ss_promo_sk           ) ss_promo_sk          
, array_agg(ss_ticket_number      ) ss_ticket_number     
, array_agg(ss_quantity           ) ss_quantity          
, array_agg(ss_wholesale_cost     ) ss_wholesale_cost    
, array_agg(ss_list_price         ) ss_list_price        
, array_agg(ss_sales_price        ) ss_sales_price       
, array_agg(ss_ext_discount_amt   ) ss_ext_discount_amt  
, array_agg(ss_ext_sales_price    ) ss_ext_sales_price   
, array_agg(ss_ext_wholesale_cost ) ss_ext_wholesale_cost
, array_agg(ss_ext_list_price     ) ss_ext_list_price    
, array_agg(ss_ext_tax            ) ss_ext_tax           
, array_agg(ss_coupon_amt         ) ss_coupon_amt        
, array_agg(ss_net_paid           ) ss_net_paid          
, array_agg(ss_net_paid_inc_tax   ) ss_net_paid_inc_tax  
, array_agg(ss_net_profit         ) ss_net_profit        
from
        tpcds.store_sales
where
        ss_sold_date_sk between 2450816 and 2451034
group by
        ss_sold_time_sk, ss_item_sk
distributed by (ss_sold_time_sk, ss_item_sk);
SELECT 553803035
mart.04.public.mart_store_sales.sh|2024-04-09 06:35:53|2024-04-09 07:18:15|2542
drop table if exists public.mart_store_sales;
DROP TABLE
create table public.mart_store_sales
with (appendonly=true, compresslevel=7, compresstype=zstd)
as
select
 array_agg(ss_sold_date_sk       ) ss_sold_date_sk
, ss_sold_time_sk
, ss_item_sk
, array_agg(ss_customer_sk        ) ss_customer_sk       
, array_agg(ss_cdemo_sk           ) ss_cdemo_sk          
, array_agg(ss_hdemo_sk           ) ss_hdemo_sk          
, array_agg(ss_addr_sk            ) ss_addr_sk           
, array_agg(ss_store_sk           ) ss_store_sk          
, array_agg(ss_promo_sk           ) ss_promo_sk          
, array_agg(ss_ticket_number      ) ss_ticket_number     
, array_agg(ss_quantity           ) ss_quantity          
, array_agg(ss_wholesale_cost     ) ss_wholesale_cost    
, array_agg(ss_list_price         ) ss_list_price        
, array_agg(ss_sales_price        ) ss_sales_price       
, array_agg(ss_ext_discount_amt   ) ss_ext_discount_amt  
, array_agg(ss_ext_sales_price    ) ss_ext_sales_price   
, array_agg(ss_ext_wholesale_cost ) ss_ext_wholesale_cost
, array_agg(ss_ext_list_price     ) ss_ext_list_price    
, array_agg(ss_ext_tax            ) ss_ext_tax           
, array_agg(ss_coupon_amt         ) ss_coupon_amt        
, array_agg(ss_net_paid           ) ss_net_paid          
, array_agg(ss_net_paid_inc_tax   ) ss_net_paid_inc_tax  
, array_agg(ss_net_profit         ) ss_net_profit        
from
        tpcds.store_sales
where
        ss_sold_date_sk between 2450816 and 2451034
group by
        ss_sold_time_sk, ss_item_sk
distributed by (ss_sold_time_sk, ss_item_sk);
ERROR:  canceling statement due to user request
mart.04.public.mart_store_sales.sh|2024-04-09 07:18:16|2024-04-09 07:54:09|2153
