drop table if exists public.mart_web_returns;
NOTICE:  table "mart_web_returns" does not exist, skipping
DROP TABLE
create table public.mart_web_returns
with (appendonly=true, compresslevel=7, compresstype=zstd)
as
select
 array_agg(wr_returned_date_sk      ) wr_returned_date_sk
, array_agg(wr_returned_time_sk      ) wr_returned_time_sk
, wr_item_sk               
, wr_refunded_customer_sk 
, array_agg(wr_refunded_cdemo_sk     )  wr_refunded_cdemo_sk    
, array_agg(wr_refunded_hdemo_sk     )  wr_refunded_hdemo_sk    
, array_agg(wr_refunded_addr_sk      )  wr_refunded_addr_sk     
, array_agg(wr_returning_customer_sk )  wr_returning_customer_sk
, array_agg(wr_returning_cdemo_sk    )  wr_returning_cdemo_sk   
, array_agg(wr_returning_hdemo_sk    )  wr_returning_hdemo_sk   
, array_agg(wr_returning_addr_sk     )  wr_returning_addr_sk    
, array_agg(wr_web_page_sk           )  wr_web_page_sk          
, array_agg(wr_reason_sk             )  wr_reason_sk            
, array_agg(wr_order_number          )  wr_order_number         
, array_agg(wr_return_quantity       )  wr_return_quantity      
, array_agg(wr_return_amt            )  wr_return_amt           
, array_agg(wr_return_tax            )  wr_return_tax           
, array_agg(wr_return_amt_inc_tax    )  wr_return_amt_inc_tax   
, array_agg(wr_fee                   )  wr_fee                  
, array_agg(wr_return_ship_cost      )  wr_return_ship_cost     
, array_agg(wr_refunded_cash         )  wr_refunded_cash        
, array_agg(wr_reversed_charge       )  wr_reversed_charge      
, array_agg(wr_account_credit        )  wr_account_credit       
, array_agg(wr_net_loss              )  wr_net_loss             
from
        tpcds.web_returns
group by
        wr_item_sk, wr_refunded_customer_sk

distributed randomly;
SELECT 206651519
mart.06.public.mart_web_returns.sh|2024-04-09 05:53:58|2024-04-09 06:12:49|1131
drop table if exists public.mart_web_returns;
DROP TABLE
create table public.mart_web_returns
with (appendonly=true, compresslevel=7, compresstype=zstd)
as
select
 array_agg(wr_returned_date_sk      ) wr_returned_date_sk
, array_agg(wr_returned_time_sk      ) wr_returned_time_sk
, wr_item_sk               
, wr_refunded_customer_sk 
, array_agg(wr_refunded_cdemo_sk     )  wr_refunded_cdemo_sk    
, array_agg(wr_refunded_hdemo_sk     )  wr_refunded_hdemo_sk    
, array_agg(wr_refunded_addr_sk      )  wr_refunded_addr_sk     
, array_agg(wr_returning_customer_sk )  wr_returning_customer_sk
, array_agg(wr_returning_cdemo_sk    )  wr_returning_cdemo_sk   
, array_agg(wr_returning_hdemo_sk    )  wr_returning_hdemo_sk   
, array_agg(wr_returning_addr_sk     )  wr_returning_addr_sk    
, array_agg(wr_web_page_sk           )  wr_web_page_sk          
, array_agg(wr_reason_sk             )  wr_reason_sk            
, array_agg(wr_order_number          )  wr_order_number         
, array_agg(wr_return_quantity       )  wr_return_quantity      
, array_agg(wr_return_amt            )  wr_return_amt           
, array_agg(wr_return_tax            )  wr_return_tax           
, array_agg(wr_return_amt_inc_tax    )  wr_return_amt_inc_tax   
, array_agg(wr_fee                   )  wr_fee                  
, array_agg(wr_return_ship_cost      )  wr_return_ship_cost     
, array_agg(wr_refunded_cash         )  wr_refunded_cash        
, array_agg(wr_reversed_charge       )  wr_reversed_charge      
, array_agg(wr_account_credit        )  wr_account_credit       
, array_agg(wr_net_loss              )  wr_net_loss             
from
        tpcds.web_returns
group by
        wr_item_sk, wr_refunded_customer_sk

distributed randomly;
SELECT 206651519
mart.06.public.mart_web_returns.sh|2024-04-09 06:12:50|2024-04-09 06:30:37|1067
drop table if exists public.mart_web_returns;
DROP TABLE
create table public.mart_web_returns
with (appendonly=true, compresslevel=7, compresstype=zstd)
as
select
 array_agg(wr_returned_date_sk      ) wr_returned_date_sk
, array_agg(wr_returned_time_sk      ) wr_returned_time_sk
, wr_item_sk               
, wr_refunded_customer_sk 
, array_agg(wr_refunded_cdemo_sk     )  wr_refunded_cdemo_sk    
, array_agg(wr_refunded_hdemo_sk     )  wr_refunded_hdemo_sk    
, array_agg(wr_refunded_addr_sk      )  wr_refunded_addr_sk     
, array_agg(wr_returning_customer_sk )  wr_returning_customer_sk
, array_agg(wr_returning_cdemo_sk    )  wr_returning_cdemo_sk   
, array_agg(wr_returning_hdemo_sk    )  wr_returning_hdemo_sk   
, array_agg(wr_returning_addr_sk     )  wr_returning_addr_sk    
, array_agg(wr_web_page_sk           )  wr_web_page_sk          
, array_agg(wr_reason_sk             )  wr_reason_sk            
, array_agg(wr_order_number          )  wr_order_number         
, array_agg(wr_return_quantity       )  wr_return_quantity      
, array_agg(wr_return_amt            )  wr_return_amt           
, array_agg(wr_return_tax            )  wr_return_tax           
, array_agg(wr_return_amt_inc_tax    )  wr_return_amt_inc_tax   
, array_agg(wr_fee                   )  wr_fee                  
, array_agg(wr_return_ship_cost      )  wr_return_ship_cost     
, array_agg(wr_refunded_cash         )  wr_refunded_cash        
, array_agg(wr_reversed_charge       )  wr_reversed_charge      
, array_agg(wr_account_credit        )  wr_account_credit       
, array_agg(wr_net_loss              )  wr_net_loss             
from
        tpcds.web_returns
group by
        wr_item_sk, wr_refunded_customer_sk

distributed randomly;
SELECT 206651519
mart.06.public.mart_web_returns.sh|2024-04-09 06:30:38|2024-04-09 06:48:26|1068
drop table if exists public.mart_web_returns;
DROP TABLE
create table public.mart_web_returns
with (appendonly=true, compresslevel=7, compresstype=zstd)
as
select
 array_agg(wr_returned_date_sk      ) wr_returned_date_sk
, array_agg(wr_returned_time_sk      ) wr_returned_time_sk
, wr_item_sk               
, wr_refunded_customer_sk 
, array_agg(wr_refunded_cdemo_sk     )  wr_refunded_cdemo_sk    
, array_agg(wr_refunded_hdemo_sk     )  wr_refunded_hdemo_sk    
, array_agg(wr_refunded_addr_sk      )  wr_refunded_addr_sk     
, array_agg(wr_returning_customer_sk )  wr_returning_customer_sk
, array_agg(wr_returning_cdemo_sk    )  wr_returning_cdemo_sk   
, array_agg(wr_returning_hdemo_sk    )  wr_returning_hdemo_sk   
, array_agg(wr_returning_addr_sk     )  wr_returning_addr_sk    
, array_agg(wr_web_page_sk           )  wr_web_page_sk          
, array_agg(wr_reason_sk             )  wr_reason_sk            
, array_agg(wr_order_number          )  wr_order_number         
, array_agg(wr_return_quantity       )  wr_return_quantity      
, array_agg(wr_return_amt            )  wr_return_amt           
, array_agg(wr_return_tax            )  wr_return_tax           
, array_agg(wr_return_amt_inc_tax    )  wr_return_amt_inc_tax   
, array_agg(wr_fee                   )  wr_fee                  
, array_agg(wr_return_ship_cost      )  wr_return_ship_cost     
, array_agg(wr_refunded_cash         )  wr_refunded_cash        
, array_agg(wr_reversed_charge       )  wr_reversed_charge      
, array_agg(wr_account_credit        )  wr_account_credit       
, array_agg(wr_net_loss              )  wr_net_loss             
from
        tpcds.web_returns
group by
        wr_item_sk, wr_refunded_customer_sk

distributed randomly;
SELECT 206651519
mart.06.public.mart_web_returns.sh|2024-04-09 06:48:27|2024-04-09 07:06:25|1078
drop table if exists public.mart_web_returns;
DROP TABLE
create table public.mart_web_returns
with (appendonly=true, compresslevel=7, compresstype=zstd)
as
select
 array_agg(wr_returned_date_sk      ) wr_returned_date_sk
, array_agg(wr_returned_time_sk      ) wr_returned_time_sk
, wr_item_sk               
, wr_refunded_customer_sk 
, array_agg(wr_refunded_cdemo_sk     )  wr_refunded_cdemo_sk    
, array_agg(wr_refunded_hdemo_sk     )  wr_refunded_hdemo_sk    
, array_agg(wr_refunded_addr_sk      )  wr_refunded_addr_sk     
, array_agg(wr_returning_customer_sk )  wr_returning_customer_sk
, array_agg(wr_returning_cdemo_sk    )  wr_returning_cdemo_sk   
, array_agg(wr_returning_hdemo_sk    )  wr_returning_hdemo_sk   
, array_agg(wr_returning_addr_sk     )  wr_returning_addr_sk    
, array_agg(wr_web_page_sk           )  wr_web_page_sk          
, array_agg(wr_reason_sk             )  wr_reason_sk            
, array_agg(wr_order_number          )  wr_order_number         
, array_agg(wr_return_quantity       )  wr_return_quantity      
, array_agg(wr_return_amt            )  wr_return_amt           
, array_agg(wr_return_tax            )  wr_return_tax           
, array_agg(wr_return_amt_inc_tax    )  wr_return_amt_inc_tax   
, array_agg(wr_fee                   )  wr_fee                  
, array_agg(wr_return_ship_cost      )  wr_return_ship_cost     
, array_agg(wr_refunded_cash         )  wr_refunded_cash        
, array_agg(wr_reversed_charge       )  wr_reversed_charge      
, array_agg(wr_account_credit        )  wr_account_credit       
, array_agg(wr_net_loss              )  wr_net_loss             
from
        tpcds.web_returns
group by
        wr_item_sk, wr_refunded_customer_sk

distributed randomly;
SELECT 206651519
mart.06.public.mart_web_returns.sh|2024-04-09 07:06:26|2024-04-09 07:24:17|1071
drop table if exists public.mart_web_returns;
DROP TABLE
create table public.mart_web_returns
with (appendonly=true, compresslevel=7, compresstype=zstd)
as
select
 array_agg(wr_returned_date_sk      ) wr_returned_date_sk
, array_agg(wr_returned_time_sk      ) wr_returned_time_sk
, wr_item_sk               
, wr_refunded_customer_sk 
, array_agg(wr_refunded_cdemo_sk     )  wr_refunded_cdemo_sk    
, array_agg(wr_refunded_hdemo_sk     )  wr_refunded_hdemo_sk    
, array_agg(wr_refunded_addr_sk      )  wr_refunded_addr_sk     
, array_agg(wr_returning_customer_sk )  wr_returning_customer_sk
, array_agg(wr_returning_cdemo_sk    )  wr_returning_cdemo_sk   
, array_agg(wr_returning_hdemo_sk    )  wr_returning_hdemo_sk   
, array_agg(wr_returning_addr_sk     )  wr_returning_addr_sk    
, array_agg(wr_web_page_sk           )  wr_web_page_sk          
, array_agg(wr_reason_sk             )  wr_reason_sk            
, array_agg(wr_order_number          )  wr_order_number         
, array_agg(wr_return_quantity       )  wr_return_quantity      
, array_agg(wr_return_amt            )  wr_return_amt           
, array_agg(wr_return_tax            )  wr_return_tax           
, array_agg(wr_return_amt_inc_tax    )  wr_return_amt_inc_tax   
, array_agg(wr_fee                   )  wr_fee                  
, array_agg(wr_return_ship_cost      )  wr_return_ship_cost     
, array_agg(wr_refunded_cash         )  wr_refunded_cash        
, array_agg(wr_reversed_charge       )  wr_reversed_charge      
, array_agg(wr_account_credit        )  wr_account_credit       
, array_agg(wr_net_loss              )  wr_net_loss             
from
        tpcds.web_returns
group by
        wr_item_sk, wr_refunded_customer_sk

distributed randomly;
SELECT 206651519
mart.06.public.mart_web_returns.sh|2024-04-09 07:24:18|2024-04-09 07:41:12|1014
drop table if exists public.mart_web_returns;
DROP TABLE
create table public.mart_web_returns
with (appendonly=true, compresslevel=7, compresstype=zstd)
as
select
 array_agg(wr_returned_date_sk      ) wr_returned_date_sk
, array_agg(wr_returned_time_sk      ) wr_returned_time_sk
, wr_item_sk               
, wr_refunded_customer_sk 
, array_agg(wr_refunded_cdemo_sk     )  wr_refunded_cdemo_sk    
, array_agg(wr_refunded_hdemo_sk     )  wr_refunded_hdemo_sk    
, array_agg(wr_refunded_addr_sk      )  wr_refunded_addr_sk     
, array_agg(wr_returning_customer_sk )  wr_returning_customer_sk
, array_agg(wr_returning_cdemo_sk    )  wr_returning_cdemo_sk   
, array_agg(wr_returning_hdemo_sk    )  wr_returning_hdemo_sk   
, array_agg(wr_returning_addr_sk     )  wr_returning_addr_sk    
, array_agg(wr_web_page_sk           )  wr_web_page_sk          
, array_agg(wr_reason_sk             )  wr_reason_sk            
, array_agg(wr_order_number          )  wr_order_number         
, array_agg(wr_return_quantity       )  wr_return_quantity      
, array_agg(wr_return_amt            )  wr_return_amt           
, array_agg(wr_return_tax            )  wr_return_tax           
, array_agg(wr_return_amt_inc_tax    )  wr_return_amt_inc_tax   
, array_agg(wr_fee                   )  wr_fee                  
, array_agg(wr_return_ship_cost      )  wr_return_ship_cost     
, array_agg(wr_refunded_cash         )  wr_refunded_cash        
, array_agg(wr_reversed_charge       )  wr_reversed_charge      
, array_agg(wr_account_credit        )  wr_account_credit       
, array_agg(wr_net_loss              )  wr_net_loss             
from
        tpcds.web_returns
group by
        wr_item_sk, wr_refunded_customer_sk

distributed randomly;
ERROR:  canceling statement due to user request
mart.06.public.mart_web_returns.sh|2024-04-09 07:41:13|2024-04-09 07:54:09|776
