select
  cd_gender,
  cd_marital_status,
  cd_education_status,
  count(*) cnt1,
  cd_purchase_estimate,
  count(*) cnt2,
  cd_credit_rating,
  count(*) cnt3,
  cd_dep_count,
  count(*) cnt4,
  cd_dep_employed_count,
  count(*) cnt5,
  cd_dep_college_count,
  count(*) cnt6
 from
  customer c,customer_address ca,customer_demographics
 where
  c.c_current_addr_sk = ca.ca_address_sk and
  ca_county in ('Claiborne County','Smith County','Cochran County','Perry County','Treasure County') and
  cd_demo_sk = c.c_current_cdemo_sk and
  exists (select *
          from store_sales,date_dim
          where c.c_customer_sk = ss_customer_sk and
                ss_sold_date_sk = d_date_sk and
                d_year = 2000 and
                d_moy between 4 and 4+3) and
   (exists (select *
            from web_sales,date_dim
            where c.c_customer_sk = ws_bill_customer_sk and
                  ws_sold_date_sk = d_date_sk and
                  d_year = 2000 and
                  d_moy between 4 ANd 4+3) or
    exists (select *
            from catalog_sales,date_dim
            where c.c_customer_sk = cs_ship_customer_sk and
                  cs_sold_date_sk = d_date_sk and
                  d_year = 2000 and
                  d_moy between 4 and 4+3))
 group by cd_gender,
          cd_marital_status,
          cd_education_status,
          cd_purchase_estimate,
          cd_credit_rating,
          cd_dep_count,
          cd_dep_employed_count,
          cd_dep_college_count
 order by cd_gender,
          cd_marital_status,
          cd_education_status,
          cd_purchase_estimate,
          cd_credit_rating,
          cd_dep_count,
          cd_dep_employed_count,
          cd_dep_college_count
limit 100;
tpcds.10.sh|2024-03-19 21:18:04|2024-03-19 21:23:09|305
select
  cd_gender,
  cd_marital_status,
  cd_education_status,
  count(*) cnt1,
  cd_purchase_estimate,
  count(*) cnt2,
  cd_credit_rating,
  count(*) cnt3,
  cd_dep_count,
  count(*) cnt4,
  cd_dep_employed_count,
  count(*) cnt5,
  cd_dep_college_count,
  count(*) cnt6
 from
  customer c,customer_address ca,customer_demographics
 where
  c.c_current_addr_sk = ca.ca_address_sk and
  ca_county in ('Claiborne County','Smith County','Cochran County','Perry County','Treasure County') and
  cd_demo_sk = c.c_current_cdemo_sk and
  exists (select *
          from store_sales,date_dim
          where c.c_customer_sk = ss_customer_sk and
                ss_sold_date_sk = d_date_sk and
                d_year = 2000 and
                d_moy between 4 and 4+3) and
   (exists (select *
            from web_sales,date_dim
            where c.c_customer_sk = ws_bill_customer_sk and
                  ws_sold_date_sk = d_date_sk and
                  d_year = 2000 and
                  d_moy between 4 ANd 4+3) or
    exists (select *
            from catalog_sales,date_dim
            where c.c_customer_sk = cs_ship_customer_sk and
                  cs_sold_date_sk = d_date_sk and
                  d_year = 2000 and
                  d_moy between 4 and 4+3))
 group by cd_gender,
          cd_marital_status,
          cd_education_status,
          cd_purchase_estimate,
          cd_credit_rating,
          cd_dep_count,
          cd_dep_employed_count,
          cd_dep_college_count
 order by cd_gender,
          cd_marital_status,
          cd_education_status,
          cd_purchase_estimate,
          cd_credit_rating,
          cd_dep_count,
          cd_dep_employed_count,
          cd_dep_college_count
limit 100;
tpcds.10.sh|2024-03-19 21:23:10|2024-03-19 21:28:59|349
select
  cd_gender,
  cd_marital_status,
  cd_education_status,
  count(*) cnt1,
  cd_purchase_estimate,
  count(*) cnt2,
  cd_credit_rating,
  count(*) cnt3,
  cd_dep_count,
  count(*) cnt4,
  cd_dep_employed_count,
  count(*) cnt5,
  cd_dep_college_count,
  count(*) cnt6
 from
  customer c,customer_address ca,customer_demographics
 where
  c.c_current_addr_sk = ca.ca_address_sk and
  ca_county in ('Claiborne County','Smith County','Cochran County','Perry County','Treasure County') and
  cd_demo_sk = c.c_current_cdemo_sk and
  exists (select *
          from store_sales,date_dim
          where c.c_customer_sk = ss_customer_sk and
                ss_sold_date_sk = d_date_sk and
                d_year = 2000 and
                d_moy between 4 and 4+3) and
   (exists (select *
            from web_sales,date_dim
            where c.c_customer_sk = ws_bill_customer_sk and
                  ws_sold_date_sk = d_date_sk and
                  d_year = 2000 and
                  d_moy between 4 ANd 4+3) or
    exists (select *
            from catalog_sales,date_dim
            where c.c_customer_sk = cs_ship_customer_sk and
                  cs_sold_date_sk = d_date_sk and
                  d_year = 2000 and
                  d_moy between 4 and 4+3))
 group by cd_gender,
          cd_marital_status,
          cd_education_status,
          cd_purchase_estimate,
          cd_credit_rating,
          cd_dep_count,
          cd_dep_employed_count,
          cd_dep_college_count
 order by cd_gender,
          cd_marital_status,
          cd_education_status,
          cd_purchase_estimate,
          cd_credit_rating,
          cd_dep_count,
          cd_dep_employed_count,
          cd_dep_college_count
limit 100;
tpcds.10.sh|2024-03-19 21:29:00|2024-03-19 21:34:38|338
select
  cd_gender,
  cd_marital_status,
  cd_education_status,
  count(*) cnt1,
  cd_purchase_estimate,
  count(*) cnt2,
  cd_credit_rating,
  count(*) cnt3,
  cd_dep_count,
  count(*) cnt4,
  cd_dep_employed_count,
  count(*) cnt5,
  cd_dep_college_count,
  count(*) cnt6
 from
  customer c,customer_address ca,customer_demographics
 where
  c.c_current_addr_sk = ca.ca_address_sk and
  ca_county in ('Claiborne County','Smith County','Cochran County','Perry County','Treasure County') and
  cd_demo_sk = c.c_current_cdemo_sk and
  exists (select *
          from store_sales,date_dim
          where c.c_customer_sk = ss_customer_sk and
                ss_sold_date_sk = d_date_sk and
                d_year = 2000 and
                d_moy between 4 and 4+3) and
   (exists (select *
            from web_sales,date_dim
            where c.c_customer_sk = ws_bill_customer_sk and
                  ws_sold_date_sk = d_date_sk and
                  d_year = 2000 and
                  d_moy between 4 ANd 4+3) or
    exists (select *
            from catalog_sales,date_dim
            where c.c_customer_sk = cs_ship_customer_sk and
                  cs_sold_date_sk = d_date_sk and
                  d_year = 2000 and
                  d_moy between 4 and 4+3))
 group by cd_gender,
          cd_marital_status,
          cd_education_status,
          cd_purchase_estimate,
          cd_credit_rating,
          cd_dep_count,
          cd_dep_employed_count,
          cd_dep_college_count
 order by cd_gender,
          cd_marital_status,
          cd_education_status,
          cd_purchase_estimate,
          cd_credit_rating,
          cd_dep_count,
          cd_dep_employed_count,
          cd_dep_college_count
limit 100;
tpcds.10.sh|2024-03-19 21:34:39|2024-03-19 21:40:46|367
select
  cd_gender,
  cd_marital_status,
  cd_education_status,
  count(*) cnt1,
  cd_purchase_estimate,
  count(*) cnt2,
  cd_credit_rating,
  count(*) cnt3,
  cd_dep_count,
  count(*) cnt4,
  cd_dep_employed_count,
  count(*) cnt5,
  cd_dep_college_count,
  count(*) cnt6
 from
  customer c,customer_address ca,customer_demographics
 where
  c.c_current_addr_sk = ca.ca_address_sk and
  ca_county in ('Claiborne County','Smith County','Cochran County','Perry County','Treasure County') and
  cd_demo_sk = c.c_current_cdemo_sk and
  exists (select *
          from store_sales,date_dim
          where c.c_customer_sk = ss_customer_sk and
                ss_sold_date_sk = d_date_sk and
                d_year = 2000 and
                d_moy between 4 and 4+3) and
   (exists (select *
            from web_sales,date_dim
            where c.c_customer_sk = ws_bill_customer_sk and
                  ws_sold_date_sk = d_date_sk and
                  d_year = 2000 and
                  d_moy between 4 ANd 4+3) or
    exists (select *
            from catalog_sales,date_dim
            where c.c_customer_sk = cs_ship_customer_sk and
                  cs_sold_date_sk = d_date_sk and
                  d_year = 2000 and
                  d_moy between 4 and 4+3))
 group by cd_gender,
          cd_marital_status,
          cd_education_status,
          cd_purchase_estimate,
          cd_credit_rating,
          cd_dep_count,
          cd_dep_employed_count,
          cd_dep_college_count
 order by cd_gender,
          cd_marital_status,
          cd_education_status,
          cd_purchase_estimate,
          cd_credit_rating,
          cd_dep_count,
          cd_dep_employed_count,
          cd_dep_college_count
limit 100;
tpcds.10.sh|2024-03-19 21:40:47|2024-03-19 21:45:19|272
select
  cd_gender,
  cd_marital_status,
  cd_education_status,
  count(*) cnt1,
  cd_purchase_estimate,
  count(*) cnt2,
  cd_credit_rating,
  count(*) cnt3,
  cd_dep_count,
  count(*) cnt4,
  cd_dep_employed_count,
  count(*) cnt5,
  cd_dep_college_count,
  count(*) cnt6
 from
  customer c,customer_address ca,customer_demographics
 where
  c.c_current_addr_sk = ca.ca_address_sk and
  ca_county in ('Claiborne County','Smith County','Cochran County','Perry County','Treasure County') and
  cd_demo_sk = c.c_current_cdemo_sk and
  exists (select *
          from store_sales,date_dim
          where c.c_customer_sk = ss_customer_sk and
                ss_sold_date_sk = d_date_sk and
                d_year = 2000 and
                d_moy between 4 and 4+3) and
   (exists (select *
            from web_sales,date_dim
            where c.c_customer_sk = ws_bill_customer_sk and
                  ws_sold_date_sk = d_date_sk and
                  d_year = 2000 and
                  d_moy between 4 ANd 4+3) or
    exists (select *
            from catalog_sales,date_dim
            where c.c_customer_sk = cs_ship_customer_sk and
                  cs_sold_date_sk = d_date_sk and
                  d_year = 2000 and
                  d_moy between 4 and 4+3))
 group by cd_gender,
          cd_marital_status,
          cd_education_status,
          cd_purchase_estimate,
          cd_credit_rating,
          cd_dep_count,
          cd_dep_employed_count,
          cd_dep_college_count
 order by cd_gender,
          cd_marital_status,
          cd_education_status,
          cd_purchase_estimate,
          cd_credit_rating,
          cd_dep_count,
          cd_dep_employed_count,
          cd_dep_college_count
limit 100;
tpcds.10.sh|2024-03-19 21:45:20|2024-03-19 21:50:38|318
select
  cd_gender,
  cd_marital_status,
  cd_education_status,
  count(*) cnt1,
  cd_purchase_estimate,
  count(*) cnt2,
  cd_credit_rating,
  count(*) cnt3,
  cd_dep_count,
  count(*) cnt4,
  cd_dep_employed_count,
  count(*) cnt5,
  cd_dep_college_count,
  count(*) cnt6
 from
  customer c,customer_address ca,customer_demographics
 where
  c.c_current_addr_sk = ca.ca_address_sk and
  ca_county in ('Claiborne County','Smith County','Cochran County','Perry County','Treasure County') and
  cd_demo_sk = c.c_current_cdemo_sk and
  exists (select *
          from store_sales,date_dim
          where c.c_customer_sk = ss_customer_sk and
                ss_sold_date_sk = d_date_sk and
                d_year = 2000 and
                d_moy between 4 and 4+3) and
   (exists (select *
            from web_sales,date_dim
            where c.c_customer_sk = ws_bill_customer_sk and
                  ws_sold_date_sk = d_date_sk and
                  d_year = 2000 and
                  d_moy between 4 ANd 4+3) or
    exists (select *
            from catalog_sales,date_dim
            where c.c_customer_sk = cs_ship_customer_sk and
                  cs_sold_date_sk = d_date_sk and
                  d_year = 2000 and
                  d_moy between 4 and 4+3))
 group by cd_gender,
          cd_marital_status,
          cd_education_status,
          cd_purchase_estimate,
          cd_credit_rating,
          cd_dep_count,
          cd_dep_employed_count,
          cd_dep_college_count
 order by cd_gender,
          cd_marital_status,
          cd_education_status,
          cd_purchase_estimate,
          cd_credit_rating,
          cd_dep_count,
          cd_dep_employed_count,
          cd_dep_college_count
limit 100;
tpcds.10.sh|2024-03-19 21:50:39|2024-03-19 21:54:18|219
select
  cd_gender,
  cd_marital_status,
  cd_education_status,
  count(*) cnt1,
  cd_purchase_estimate,
  count(*) cnt2,
  cd_credit_rating,
  count(*) cnt3,
  cd_dep_count,
  count(*) cnt4,
  cd_dep_employed_count,
  count(*) cnt5,
  cd_dep_college_count,
  count(*) cnt6
 from
  customer c,customer_address ca,customer_demographics
 where
  c.c_current_addr_sk = ca.ca_address_sk and
  ca_county in ('Claiborne County','Smith County','Cochran County','Perry County','Treasure County') and
  cd_demo_sk = c.c_current_cdemo_sk and
  exists (select *
          from store_sales,date_dim
          where c.c_customer_sk = ss_customer_sk and
                ss_sold_date_sk = d_date_sk and
                d_year = 2000 and
                d_moy between 4 and 4+3) and
   (exists (select *
            from web_sales,date_dim
            where c.c_customer_sk = ws_bill_customer_sk and
                  ws_sold_date_sk = d_date_sk and
                  d_year = 2000 and
                  d_moy between 4 ANd 4+3) or
    exists (select *
            from catalog_sales,date_dim
            where c.c_customer_sk = cs_ship_customer_sk and
                  cs_sold_date_sk = d_date_sk and
                  d_year = 2000 and
                  d_moy between 4 and 4+3))
 group by cd_gender,
          cd_marital_status,
          cd_education_status,
          cd_purchase_estimate,
          cd_credit_rating,
          cd_dep_count,
          cd_dep_employed_count,
          cd_dep_college_count
 order by cd_gender,
          cd_marital_status,
          cd_education_status,
          cd_purchase_estimate,
          cd_credit_rating,
          cd_dep_count,
          cd_dep_employed_count,
          cd_dep_college_count
limit 100;
tpcds.10.sh|2024-03-19 21:54:19|2024-03-19 21:59:32|313
select
  cd_gender,
  cd_marital_status,
  cd_education_status,
  count(*) cnt1,
  cd_purchase_estimate,
  count(*) cnt2,
  cd_credit_rating,
  count(*) cnt3,
  cd_dep_count,
  count(*) cnt4,
  cd_dep_employed_count,
  count(*) cnt5,
  cd_dep_college_count,
  count(*) cnt6
 from
  customer c,customer_address ca,customer_demographics
 where
  c.c_current_addr_sk = ca.ca_address_sk and
  ca_county in ('Claiborne County','Smith County','Cochran County','Perry County','Treasure County') and
  cd_demo_sk = c.c_current_cdemo_sk and
  exists (select *
          from store_sales,date_dim
          where c.c_customer_sk = ss_customer_sk and
                ss_sold_date_sk = d_date_sk and
                d_year = 2000 and
                d_moy between 4 and 4+3) and
   (exists (select *
            from web_sales,date_dim
            where c.c_customer_sk = ws_bill_customer_sk and
                  ws_sold_date_sk = d_date_sk and
                  d_year = 2000 and
                  d_moy between 4 ANd 4+3) or
    exists (select *
            from catalog_sales,date_dim
            where c.c_customer_sk = cs_ship_customer_sk and
                  cs_sold_date_sk = d_date_sk and
                  d_year = 2000 and
                  d_moy between 4 and 4+3))
 group by cd_gender,
          cd_marital_status,
          cd_education_status,
          cd_purchase_estimate,
          cd_credit_rating,
          cd_dep_count,
          cd_dep_employed_count,
          cd_dep_college_count
 order by cd_gender,
          cd_marital_status,
          cd_education_status,
          cd_purchase_estimate,
          cd_credit_rating,
          cd_dep_count,
          cd_dep_employed_count,
          cd_dep_college_count
limit 100;
tpcds.10.sh|2024-03-19 21:59:33|2024-03-19 22:04:37|304
select
  cd_gender,
  cd_marital_status,
  cd_education_status,
  count(*) cnt1,
  cd_purchase_estimate,
  count(*) cnt2,
  cd_credit_rating,
  count(*) cnt3,
  cd_dep_count,
  count(*) cnt4,
  cd_dep_employed_count,
  count(*) cnt5,
  cd_dep_college_count,
  count(*) cnt6
 from
  customer c,customer_address ca,customer_demographics
 where
  c.c_current_addr_sk = ca.ca_address_sk and
  ca_county in ('Claiborne County','Smith County','Cochran County','Perry County','Treasure County') and
  cd_demo_sk = c.c_current_cdemo_sk and
  exists (select *
          from store_sales,date_dim
          where c.c_customer_sk = ss_customer_sk and
                ss_sold_date_sk = d_date_sk and
                d_year = 2000 and
                d_moy between 4 and 4+3) and
   (exists (select *
            from web_sales,date_dim
            where c.c_customer_sk = ws_bill_customer_sk and
                  ws_sold_date_sk = d_date_sk and
                  d_year = 2000 and
                  d_moy between 4 ANd 4+3) or
    exists (select *
            from catalog_sales,date_dim
            where c.c_customer_sk = cs_ship_customer_sk and
                  cs_sold_date_sk = d_date_sk and
                  d_year = 2000 and
                  d_moy between 4 and 4+3))
 group by cd_gender,
          cd_marital_status,
          cd_education_status,
          cd_purchase_estimate,
          cd_credit_rating,
          cd_dep_count,
          cd_dep_employed_count,
          cd_dep_college_count
 order by cd_gender,
          cd_marital_status,
          cd_education_status,
          cd_purchase_estimate,
          cd_credit_rating,
          cd_dep_count,
          cd_dep_employed_count,
          cd_dep_college_count
limit 100;
tpcds.10.sh|2024-03-19 22:04:38|2024-03-19 22:10:16|338
select
  cd_gender,
  cd_marital_status,
  cd_education_status,
  count(*) cnt1,
  cd_purchase_estimate,
  count(*) cnt2,
  cd_credit_rating,
  count(*) cnt3,
  cd_dep_count,
  count(*) cnt4,
  cd_dep_employed_count,
  count(*) cnt5,
  cd_dep_college_count,
  count(*) cnt6
 from
  customer c,customer_address ca,customer_demographics
 where
  c.c_current_addr_sk = ca.ca_address_sk and
  ca_county in ('Claiborne County','Smith County','Cochran County','Perry County','Treasure County') and
  cd_demo_sk = c.c_current_cdemo_sk and
  exists (select *
          from store_sales,date_dim
          where c.c_customer_sk = ss_customer_sk and
                ss_sold_date_sk = d_date_sk and
                d_year = 2000 and
                d_moy between 4 and 4+3) and
   (exists (select *
            from web_sales,date_dim
            where c.c_customer_sk = ws_bill_customer_sk and
                  ws_sold_date_sk = d_date_sk and
                  d_year = 2000 and
                  d_moy between 4 ANd 4+3) or
    exists (select *
            from catalog_sales,date_dim
            where c.c_customer_sk = cs_ship_customer_sk and
                  cs_sold_date_sk = d_date_sk and
                  d_year = 2000 and
                  d_moy between 4 and 4+3))
 group by cd_gender,
          cd_marital_status,
          cd_education_status,
          cd_purchase_estimate,
          cd_credit_rating,
          cd_dep_count,
          cd_dep_employed_count,
          cd_dep_college_count
 order by cd_gender,
          cd_marital_status,
          cd_education_status,
          cd_purchase_estimate,
          cd_credit_rating,
          cd_dep_count,
          cd_dep_employed_count,
          cd_dep_college_count
limit 100;
tpcds.10.sh|2024-03-19 22:10:17|2024-03-19 22:14:39|262
select
  cd_gender,
  cd_marital_status,
  cd_education_status,
  count(*) cnt1,
  cd_purchase_estimate,
  count(*) cnt2,
  cd_credit_rating,
  count(*) cnt3,
  cd_dep_count,
  count(*) cnt4,
  cd_dep_employed_count,
  count(*) cnt5,
  cd_dep_college_count,
  count(*) cnt6
 from
  customer c,customer_address ca,customer_demographics
 where
  c.c_current_addr_sk = ca.ca_address_sk and
  ca_county in ('Claiborne County','Smith County','Cochran County','Perry County','Treasure County') and
  cd_demo_sk = c.c_current_cdemo_sk and
  exists (select *
          from store_sales,date_dim
          where c.c_customer_sk = ss_customer_sk and
                ss_sold_date_sk = d_date_sk and
                d_year = 2000 and
                d_moy between 4 and 4+3) and
   (exists (select *
            from web_sales,date_dim
            where c.c_customer_sk = ws_bill_customer_sk and
                  ws_sold_date_sk = d_date_sk and
                  d_year = 2000 and
                  d_moy between 4 ANd 4+3) or
    exists (select *
            from catalog_sales,date_dim
            where c.c_customer_sk = cs_ship_customer_sk and
                  cs_sold_date_sk = d_date_sk and
                  d_year = 2000 and
                  d_moy between 4 and 4+3))
 group by cd_gender,
          cd_marital_status,
          cd_education_status,
          cd_purchase_estimate,
          cd_credit_rating,
          cd_dep_count,
          cd_dep_employed_count,
          cd_dep_college_count
 order by cd_gender,
          cd_marital_status,
          cd_education_status,
          cd_purchase_estimate,
          cd_credit_rating,
          cd_dep_count,
          cd_dep_employed_count,
          cd_dep_college_count
limit 100;
tpcds.10.sh|2024-03-19 22:14:40|2024-03-19 22:19:07|267
select
  cd_gender,
  cd_marital_status,
  cd_education_status,
  count(*) cnt1,
  cd_purchase_estimate,
  count(*) cnt2,
  cd_credit_rating,
  count(*) cnt3,
  cd_dep_count,
  count(*) cnt4,
  cd_dep_employed_count,
  count(*) cnt5,
  cd_dep_college_count,
  count(*) cnt6
 from
  customer c,customer_address ca,customer_demographics
 where
  c.c_current_addr_sk = ca.ca_address_sk and
  ca_county in ('Claiborne County','Smith County','Cochran County','Perry County','Treasure County') and
  cd_demo_sk = c.c_current_cdemo_sk and
  exists (select *
          from store_sales,date_dim
          where c.c_customer_sk = ss_customer_sk and
                ss_sold_date_sk = d_date_sk and
                d_year = 2000 and
                d_moy between 4 and 4+3) and
   (exists (select *
            from web_sales,date_dim
            where c.c_customer_sk = ws_bill_customer_sk and
                  ws_sold_date_sk = d_date_sk and
                  d_year = 2000 and
                  d_moy between 4 ANd 4+3) or
    exists (select *
            from catalog_sales,date_dim
            where c.c_customer_sk = cs_ship_customer_sk and
                  cs_sold_date_sk = d_date_sk and
                  d_year = 2000 and
                  d_moy between 4 and 4+3))
 group by cd_gender,
          cd_marital_status,
          cd_education_status,
          cd_purchase_estimate,
          cd_credit_rating,
          cd_dep_count,
          cd_dep_employed_count,
          cd_dep_college_count
 order by cd_gender,
          cd_marital_status,
          cd_education_status,
          cd_purchase_estimate,
          cd_credit_rating,
          cd_dep_count,
          cd_dep_employed_count,
          cd_dep_college_count
limit 100;
tpcds.10.sh|2024-03-19 22:19:08|2024-03-19 22:23:11|243
select
  cd_gender,
  cd_marital_status,
  cd_education_status,
  count(*) cnt1,
  cd_purchase_estimate,
  count(*) cnt2,
  cd_credit_rating,
  count(*) cnt3,
  cd_dep_count,
  count(*) cnt4,
  cd_dep_employed_count,
  count(*) cnt5,
  cd_dep_college_count,
  count(*) cnt6
 from
  customer c,customer_address ca,customer_demographics
 where
  c.c_current_addr_sk = ca.ca_address_sk and
  ca_county in ('Claiborne County','Smith County','Cochran County','Perry County','Treasure County') and
  cd_demo_sk = c.c_current_cdemo_sk and
  exists (select *
          from store_sales,date_dim
          where c.c_customer_sk = ss_customer_sk and
                ss_sold_date_sk = d_date_sk and
                d_year = 2000 and
                d_moy between 4 and 4+3) and
   (exists (select *
            from web_sales,date_dim
            where c.c_customer_sk = ws_bill_customer_sk and
                  ws_sold_date_sk = d_date_sk and
                  d_year = 2000 and
                  d_moy between 4 ANd 4+3) or
    exists (select *
            from catalog_sales,date_dim
            where c.c_customer_sk = cs_ship_customer_sk and
                  cs_sold_date_sk = d_date_sk and
                  d_year = 2000 and
                  d_moy between 4 and 4+3))
 group by cd_gender,
          cd_marital_status,
          cd_education_status,
          cd_purchase_estimate,
          cd_credit_rating,
          cd_dep_count,
          cd_dep_employed_count,
          cd_dep_college_count
 order by cd_gender,
          cd_marital_status,
          cd_education_status,
          cd_purchase_estimate,
          cd_credit_rating,
          cd_dep_count,
          cd_dep_employed_count,
          cd_dep_college_count
limit 100;
tpcds.10.sh|2024-03-19 22:23:12|2024-03-19 22:27:36|264
select
  cd_gender,
  cd_marital_status,
  cd_education_status,
  count(*) cnt1,
  cd_purchase_estimate,
  count(*) cnt2,
  cd_credit_rating,
  count(*) cnt3,
  cd_dep_count,
  count(*) cnt4,
  cd_dep_employed_count,
  count(*) cnt5,
  cd_dep_college_count,
  count(*) cnt6
 from
  customer c,customer_address ca,customer_demographics
 where
  c.c_current_addr_sk = ca.ca_address_sk and
  ca_county in ('Claiborne County','Smith County','Cochran County','Perry County','Treasure County') and
  cd_demo_sk = c.c_current_cdemo_sk and
  exists (select *
          from store_sales,date_dim
          where c.c_customer_sk = ss_customer_sk and
                ss_sold_date_sk = d_date_sk and
                d_year = 2000 and
                d_moy between 4 and 4+3) and
   (exists (select *
            from web_sales,date_dim
            where c.c_customer_sk = ws_bill_customer_sk and
                  ws_sold_date_sk = d_date_sk and
                  d_year = 2000 and
                  d_moy between 4 ANd 4+3) or
    exists (select *
            from catalog_sales,date_dim
            where c.c_customer_sk = cs_ship_customer_sk and
                  cs_sold_date_sk = d_date_sk and
                  d_year = 2000 and
                  d_moy between 4 and 4+3))
 group by cd_gender,
          cd_marital_status,
          cd_education_status,
          cd_purchase_estimate,
          cd_credit_rating,
          cd_dep_count,
          cd_dep_employed_count,
          cd_dep_college_count
 order by cd_gender,
          cd_marital_status,
          cd_education_status,
          cd_purchase_estimate,
          cd_credit_rating,
          cd_dep_count,
          cd_dep_employed_count,
          cd_dep_college_count
limit 100;
tpcds.10.sh|2024-03-19 22:27:37|2024-03-19 22:32:53|316
select
  cd_gender,
  cd_marital_status,
  cd_education_status,
  count(*) cnt1,
  cd_purchase_estimate,
  count(*) cnt2,
  cd_credit_rating,
  count(*) cnt3,
  cd_dep_count,
  count(*) cnt4,
  cd_dep_employed_count,
  count(*) cnt5,
  cd_dep_college_count,
  count(*) cnt6
 from
  customer c,customer_address ca,customer_demographics
 where
  c.c_current_addr_sk = ca.ca_address_sk and
  ca_county in ('Claiborne County','Smith County','Cochran County','Perry County','Treasure County') and
  cd_demo_sk = c.c_current_cdemo_sk and
  exists (select *
          from store_sales,date_dim
          where c.c_customer_sk = ss_customer_sk and
                ss_sold_date_sk = d_date_sk and
                d_year = 2000 and
                d_moy between 4 and 4+3) and
   (exists (select *
            from web_sales,date_dim
            where c.c_customer_sk = ws_bill_customer_sk and
                  ws_sold_date_sk = d_date_sk and
                  d_year = 2000 and
                  d_moy between 4 ANd 4+3) or
    exists (select *
            from catalog_sales,date_dim
            where c.c_customer_sk = cs_ship_customer_sk and
                  cs_sold_date_sk = d_date_sk and
                  d_year = 2000 and
                  d_moy between 4 and 4+3))
 group by cd_gender,
          cd_marital_status,
          cd_education_status,
          cd_purchase_estimate,
          cd_credit_rating,
          cd_dep_count,
          cd_dep_employed_count,
          cd_dep_college_count
 order by cd_gender,
          cd_marital_status,
          cd_education_status,
          cd_purchase_estimate,
          cd_credit_rating,
          cd_dep_count,
          cd_dep_employed_count,
          cd_dep_college_count
limit 100;
tpcds.10.sh|2024-03-19 22:32:54|2024-03-19 22:36:27|213
select
  cd_gender,
  cd_marital_status,
  cd_education_status,
  count(*) cnt1,
  cd_purchase_estimate,
  count(*) cnt2,
  cd_credit_rating,
  count(*) cnt3,
  cd_dep_count,
  count(*) cnt4,
  cd_dep_employed_count,
  count(*) cnt5,
  cd_dep_college_count,
  count(*) cnt6
 from
  customer c,customer_address ca,customer_demographics
 where
  c.c_current_addr_sk = ca.ca_address_sk and
  ca_county in ('Claiborne County','Smith County','Cochran County','Perry County','Treasure County') and
  cd_demo_sk = c.c_current_cdemo_sk and
  exists (select *
          from store_sales,date_dim
          where c.c_customer_sk = ss_customer_sk and
                ss_sold_date_sk = d_date_sk and
                d_year = 2000 and
                d_moy between 4 and 4+3) and
   (exists (select *
            from web_sales,date_dim
            where c.c_customer_sk = ws_bill_customer_sk and
                  ws_sold_date_sk = d_date_sk and
                  d_year = 2000 and
                  d_moy between 4 ANd 4+3) or
    exists (select *
            from catalog_sales,date_dim
            where c.c_customer_sk = cs_ship_customer_sk and
                  cs_sold_date_sk = d_date_sk and
                  d_year = 2000 and
                  d_moy between 4 and 4+3))
 group by cd_gender,
          cd_marital_status,
          cd_education_status,
          cd_purchase_estimate,
          cd_credit_rating,
          cd_dep_count,
          cd_dep_employed_count,
          cd_dep_college_count
 order by cd_gender,
          cd_marital_status,
          cd_education_status,
          cd_purchase_estimate,
          cd_credit_rating,
          cd_dep_count,
          cd_dep_employed_count,
          cd_dep_college_count
limit 100;
tpcds.10.sh|2024-03-19 22:36:28|2024-03-19 22:41:45|317
select
  cd_gender,
  cd_marital_status,
  cd_education_status,
  count(*) cnt1,
  cd_purchase_estimate,
  count(*) cnt2,
  cd_credit_rating,
  count(*) cnt3,
  cd_dep_count,
  count(*) cnt4,
  cd_dep_employed_count,
  count(*) cnt5,
  cd_dep_college_count,
  count(*) cnt6
 from
  customer c,customer_address ca,customer_demographics
 where
  c.c_current_addr_sk = ca.ca_address_sk and
  ca_county in ('Claiborne County','Smith County','Cochran County','Perry County','Treasure County') and
  cd_demo_sk = c.c_current_cdemo_sk and
  exists (select *
          from store_sales,date_dim
          where c.c_customer_sk = ss_customer_sk and
                ss_sold_date_sk = d_date_sk and
                d_year = 2000 and
                d_moy between 4 and 4+3) and
   (exists (select *
            from web_sales,date_dim
            where c.c_customer_sk = ws_bill_customer_sk and
                  ws_sold_date_sk = d_date_sk and
                  d_year = 2000 and
                  d_moy between 4 ANd 4+3) or
    exists (select *
            from catalog_sales,date_dim
            where c.c_customer_sk = cs_ship_customer_sk and
                  cs_sold_date_sk = d_date_sk and
                  d_year = 2000 and
                  d_moy between 4 and 4+3))
 group by cd_gender,
          cd_marital_status,
          cd_education_status,
          cd_purchase_estimate,
          cd_credit_rating,
          cd_dep_count,
          cd_dep_employed_count,
          cd_dep_college_count
 order by cd_gender,
          cd_marital_status,
          cd_education_status,
          cd_purchase_estimate,
          cd_credit_rating,
          cd_dep_count,
          cd_dep_employed_count,
          cd_dep_college_count
limit 100;
tpcds.10.sh|2024-03-19 22:41:46|2024-03-19 22:46:33|287
select
  cd_gender,
  cd_marital_status,
  cd_education_status,
  count(*) cnt1,
  cd_purchase_estimate,
  count(*) cnt2,
  cd_credit_rating,
  count(*) cnt3,
  cd_dep_count,
  count(*) cnt4,
  cd_dep_employed_count,
  count(*) cnt5,
  cd_dep_college_count,
  count(*) cnt6
 from
  customer c,customer_address ca,customer_demographics
 where
  c.c_current_addr_sk = ca.ca_address_sk and
  ca_county in ('Claiborne County','Smith County','Cochran County','Perry County','Treasure County') and
  cd_demo_sk = c.c_current_cdemo_sk and
  exists (select *
          from store_sales,date_dim
          where c.c_customer_sk = ss_customer_sk and
                ss_sold_date_sk = d_date_sk and
                d_year = 2000 and
                d_moy between 4 and 4+3) and
   (exists (select *
            from web_sales,date_dim
            where c.c_customer_sk = ws_bill_customer_sk and
                  ws_sold_date_sk = d_date_sk and
                  d_year = 2000 and
                  d_moy between 4 ANd 4+3) or
    exists (select *
            from catalog_sales,date_dim
            where c.c_customer_sk = cs_ship_customer_sk and
                  cs_sold_date_sk = d_date_sk and
                  d_year = 2000 and
                  d_moy between 4 and 4+3))
 group by cd_gender,
          cd_marital_status,
          cd_education_status,
          cd_purchase_estimate,
          cd_credit_rating,
          cd_dep_count,
          cd_dep_employed_count,
          cd_dep_college_count
 order by cd_gender,
          cd_marital_status,
          cd_education_status,
          cd_purchase_estimate,
          cd_credit_rating,
          cd_dep_count,
          cd_dep_employed_count,
          cd_dep_college_count
limit 100;
tpcds.10.sh|2024-03-19 22:46:34|2024-03-19 22:52:39|365
select
  cd_gender,
  cd_marital_status,
  cd_education_status,
  count(*) cnt1,
  cd_purchase_estimate,
  count(*) cnt2,
  cd_credit_rating,
  count(*) cnt3,
  cd_dep_count,
  count(*) cnt4,
  cd_dep_employed_count,
  count(*) cnt5,
  cd_dep_college_count,
  count(*) cnt6
 from
  customer c,customer_address ca,customer_demographics
 where
  c.c_current_addr_sk = ca.ca_address_sk and
  ca_county in ('Claiborne County','Smith County','Cochran County','Perry County','Treasure County') and
  cd_demo_sk = c.c_current_cdemo_sk and
  exists (select *
          from store_sales,date_dim
          where c.c_customer_sk = ss_customer_sk and
                ss_sold_date_sk = d_date_sk and
                d_year = 2000 and
                d_moy between 4 and 4+3) and
   (exists (select *
            from web_sales,date_dim
            where c.c_customer_sk = ws_bill_customer_sk and
                  ws_sold_date_sk = d_date_sk and
                  d_year = 2000 and
                  d_moy between 4 ANd 4+3) or
    exists (select *
            from catalog_sales,date_dim
            where c.c_customer_sk = cs_ship_customer_sk and
                  cs_sold_date_sk = d_date_sk and
                  d_year = 2000 and
                  d_moy between 4 and 4+3))
 group by cd_gender,
          cd_marital_status,
          cd_education_status,
          cd_purchase_estimate,
          cd_credit_rating,
          cd_dep_count,
          cd_dep_employed_count,
          cd_dep_college_count
 order by cd_gender,
          cd_marital_status,
          cd_education_status,
          cd_purchase_estimate,
          cd_credit_rating,
          cd_dep_count,
          cd_dep_employed_count,
          cd_dep_college_count
limit 100;
tpcds.10.sh|2024-03-19 22:52:40|2024-03-19 22:55:26|166
select
  cd_gender,
  cd_marital_status,
  cd_education_status,
  count(*) cnt1,
  cd_purchase_estimate,
  count(*) cnt2,
  cd_credit_rating,
  count(*) cnt3,
  cd_dep_count,
  count(*) cnt4,
  cd_dep_employed_count,
  count(*) cnt5,
  cd_dep_college_count,
  count(*) cnt6
 from
  customer c,customer_address ca,customer_demographics
 where
  c.c_current_addr_sk = ca.ca_address_sk and
  ca_county in ('Claiborne County','Smith County','Cochran County','Perry County','Treasure County') and
  cd_demo_sk = c.c_current_cdemo_sk and
  exists (select *
          from store_sales,date_dim
          where c.c_customer_sk = ss_customer_sk and
                ss_sold_date_sk = d_date_sk and
                d_year = 2000 and
                d_moy between 4 and 4+3) and
   (exists (select *
            from web_sales,date_dim
            where c.c_customer_sk = ws_bill_customer_sk and
                  ws_sold_date_sk = d_date_sk and
                  d_year = 2000 and
                  d_moy between 4 ANd 4+3) or
    exists (select *
            from catalog_sales,date_dim
            where c.c_customer_sk = cs_ship_customer_sk and
                  cs_sold_date_sk = d_date_sk and
                  d_year = 2000 and
                  d_moy between 4 and 4+3))
 group by cd_gender,
          cd_marital_status,
          cd_education_status,
          cd_purchase_estimate,
          cd_credit_rating,
          cd_dep_count,
          cd_dep_employed_count,
          cd_dep_college_count
 order by cd_gender,
          cd_marital_status,
          cd_education_status,
          cd_purchase_estimate,
          cd_credit_rating,
          cd_dep_count,
          cd_dep_employed_count,
          cd_dep_college_count
limit 100;
tpcds.10.sh|2024-03-19 22:55:27|2024-03-19 23:01:37|370
select
  cd_gender,
  cd_marital_status,
  cd_education_status,
  count(*) cnt1,
  cd_purchase_estimate,
  count(*) cnt2,
  cd_credit_rating,
  count(*) cnt3,
  cd_dep_count,
  count(*) cnt4,
  cd_dep_employed_count,
  count(*) cnt5,
  cd_dep_college_count,
  count(*) cnt6
 from
  customer c,customer_address ca,customer_demographics
 where
  c.c_current_addr_sk = ca.ca_address_sk and
  ca_county in ('Claiborne County','Smith County','Cochran County','Perry County','Treasure County') and
  cd_demo_sk = c.c_current_cdemo_sk and
  exists (select *
          from store_sales,date_dim
          where c.c_customer_sk = ss_customer_sk and
                ss_sold_date_sk = d_date_sk and
                d_year = 2000 and
                d_moy between 4 and 4+3) and
   (exists (select *
            from web_sales,date_dim
            where c.c_customer_sk = ws_bill_customer_sk and
                  ws_sold_date_sk = d_date_sk and
                  d_year = 2000 and
                  d_moy between 4 ANd 4+3) or
    exists (select *
            from catalog_sales,date_dim
            where c.c_customer_sk = cs_ship_customer_sk and
                  cs_sold_date_sk = d_date_sk and
                  d_year = 2000 and
                  d_moy between 4 and 4+3))
 group by cd_gender,
          cd_marital_status,
          cd_education_status,
          cd_purchase_estimate,
          cd_credit_rating,
          cd_dep_count,
          cd_dep_employed_count,
          cd_dep_college_count
 order by cd_gender,
          cd_marital_status,
          cd_education_status,
          cd_purchase_estimate,
          cd_credit_rating,
          cd_dep_count,
          cd_dep_employed_count,
          cd_dep_college_count
limit 100;
tpcds.10.sh|2024-03-19 23:01:38|2024-03-19 23:05:44|246
select
  cd_gender,
  cd_marital_status,
  cd_education_status,
  count(*) cnt1,
  cd_purchase_estimate,
  count(*) cnt2,
  cd_credit_rating,
  count(*) cnt3,
  cd_dep_count,
  count(*) cnt4,
  cd_dep_employed_count,
  count(*) cnt5,
  cd_dep_college_count,
  count(*) cnt6
 from
  customer c,customer_address ca,customer_demographics
 where
  c.c_current_addr_sk = ca.ca_address_sk and
  ca_county in ('Claiborne County','Smith County','Cochran County','Perry County','Treasure County') and
  cd_demo_sk = c.c_current_cdemo_sk and
  exists (select *
          from store_sales,date_dim
          where c.c_customer_sk = ss_customer_sk and
                ss_sold_date_sk = d_date_sk and
                d_year = 2000 and
                d_moy between 4 and 4+3) and
   (exists (select *
            from web_sales,date_dim
            where c.c_customer_sk = ws_bill_customer_sk and
                  ws_sold_date_sk = d_date_sk and
                  d_year = 2000 and
                  d_moy between 4 ANd 4+3) or
    exists (select *
            from catalog_sales,date_dim
            where c.c_customer_sk = cs_ship_customer_sk and
                  cs_sold_date_sk = d_date_sk and
                  d_year = 2000 and
                  d_moy between 4 and 4+3))
 group by cd_gender,
          cd_marital_status,
          cd_education_status,
          cd_purchase_estimate,
          cd_credit_rating,
          cd_dep_count,
          cd_dep_employed_count,
          cd_dep_college_count
 order by cd_gender,
          cd_marital_status,
          cd_education_status,
          cd_purchase_estimate,
          cd_credit_rating,
          cd_dep_count,
          cd_dep_employed_count,
          cd_dep_college_count
limit 100;
tpcds.10.sh|2024-03-19 23:05:45|2024-03-19 23:10:30|285
select
  cd_gender,
  cd_marital_status,
  cd_education_status,
  count(*) cnt1,
  cd_purchase_estimate,
  count(*) cnt2,
  cd_credit_rating,
  count(*) cnt3,
  cd_dep_count,
  count(*) cnt4,
  cd_dep_employed_count,
  count(*) cnt5,
  cd_dep_college_count,
  count(*) cnt6
 from
  customer c,customer_address ca,customer_demographics
 where
  c.c_current_addr_sk = ca.ca_address_sk and
  ca_county in ('Claiborne County','Smith County','Cochran County','Perry County','Treasure County') and
  cd_demo_sk = c.c_current_cdemo_sk and
  exists (select *
          from store_sales,date_dim
          where c.c_customer_sk = ss_customer_sk and
                ss_sold_date_sk = d_date_sk and
                d_year = 2000 and
                d_moy between 4 and 4+3) and
   (exists (select *
            from web_sales,date_dim
            where c.c_customer_sk = ws_bill_customer_sk and
                  ws_sold_date_sk = d_date_sk and
                  d_year = 2000 and
                  d_moy between 4 ANd 4+3) or
    exists (select *
            from catalog_sales,date_dim
            where c.c_customer_sk = cs_ship_customer_sk and
                  cs_sold_date_sk = d_date_sk and
                  d_year = 2000 and
                  d_moy between 4 and 4+3))
 group by cd_gender,
          cd_marital_status,
          cd_education_status,
          cd_purchase_estimate,
          cd_credit_rating,
          cd_dep_count,
          cd_dep_employed_count,
          cd_dep_college_count
 order by cd_gender,
          cd_marital_status,
          cd_education_status,
          cd_purchase_estimate,
          cd_credit_rating,
          cd_dep_count,
          cd_dep_employed_count,
          cd_dep_college_count
limit 100;
tpcds.10.sh|2024-03-19 23:10:31|2024-03-19 23:15:01|270
select
  cd_gender,
  cd_marital_status,
  cd_education_status,
  count(*) cnt1,
  cd_purchase_estimate,
  count(*) cnt2,
  cd_credit_rating,
  count(*) cnt3,
  cd_dep_count,
  count(*) cnt4,
  cd_dep_employed_count,
  count(*) cnt5,
  cd_dep_college_count,
  count(*) cnt6
 from
  customer c,customer_address ca,customer_demographics
 where
  c.c_current_addr_sk = ca.ca_address_sk and
  ca_county in ('Claiborne County','Smith County','Cochran County','Perry County','Treasure County') and
  cd_demo_sk = c.c_current_cdemo_sk and
  exists (select *
          from store_sales,date_dim
          where c.c_customer_sk = ss_customer_sk and
                ss_sold_date_sk = d_date_sk and
                d_year = 2000 and
                d_moy between 4 and 4+3) and
   (exists (select *
            from web_sales,date_dim
            where c.c_customer_sk = ws_bill_customer_sk and
                  ws_sold_date_sk = d_date_sk and
                  d_year = 2000 and
                  d_moy between 4 ANd 4+3) or
    exists (select *
            from catalog_sales,date_dim
            where c.c_customer_sk = cs_ship_customer_sk and
                  cs_sold_date_sk = d_date_sk and
                  d_year = 2000 and
                  d_moy between 4 and 4+3))
 group by cd_gender,
          cd_marital_status,
          cd_education_status,
          cd_purchase_estimate,
          cd_credit_rating,
          cd_dep_count,
          cd_dep_employed_count,
          cd_dep_college_count
 order by cd_gender,
          cd_marital_status,
          cd_education_status,
          cd_purchase_estimate,
          cd_credit_rating,
          cd_dep_count,
          cd_dep_employed_count,
          cd_dep_college_count
limit 100;
ERROR:  canceling statement due to user request
tpcds.10.sh|2024-03-19 23:15:02|2024-03-19 23:18:16|194
