select  sum(cs_ext_discount_amt)  as "excess discount amount"
from
   catalog_sales
   ,item
   ,date_dim
where
i_manufact_id = 328
and i_item_sk = cs_item_sk
and d_date between '2000-02-04' and
        (cast('2000-02-04' as date) + '90 days'::interval)
and d_date_sk = cs_sold_date_sk
and cs_ext_discount_amt
     > (
         select
            1.3 * avg(cs_ext_discount_amt)
         from
            catalog_sales
           ,date_dim
         where
              cs_item_sk = i_item_sk
          and d_date between '2000-02-04' and
                             (cast('2000-02-04' as date) + '90 days'::interval)
          and d_date_sk = cs_sold_date_sk
      )
limit 100;
tpcds.32.sh|2024-03-19 21:18:04|2024-03-19 21:20:10|126
select  sum(cs_ext_discount_amt)  as "excess discount amount"
from
   catalog_sales
   ,item
   ,date_dim
where
i_manufact_id = 328
and i_item_sk = cs_item_sk
and d_date between '2000-02-04' and
        (cast('2000-02-04' as date) + '90 days'::interval)
and d_date_sk = cs_sold_date_sk
and cs_ext_discount_amt
     > (
         select
            1.3 * avg(cs_ext_discount_amt)
         from
            catalog_sales
           ,date_dim
         where
              cs_item_sk = i_item_sk
          and d_date between '2000-02-04' and
                             (cast('2000-02-04' as date) + '90 days'::interval)
          and d_date_sk = cs_sold_date_sk
      )
limit 100;
tpcds.32.sh|2024-03-19 21:20:11|2024-03-19 21:23:06|175
select  sum(cs_ext_discount_amt)  as "excess discount amount"
from
   catalog_sales
   ,item
   ,date_dim
where
i_manufact_id = 328
and i_item_sk = cs_item_sk
and d_date between '2000-02-04' and
        (cast('2000-02-04' as date) + '90 days'::interval)
and d_date_sk = cs_sold_date_sk
and cs_ext_discount_amt
     > (
         select
            1.3 * avg(cs_ext_discount_amt)
         from
            catalog_sales
           ,date_dim
         where
              cs_item_sk = i_item_sk
          and d_date between '2000-02-04' and
                             (cast('2000-02-04' as date) + '90 days'::interval)
          and d_date_sk = cs_sold_date_sk
      )
limit 100;
tpcds.32.sh|2024-03-19 21:23:07|2024-03-19 21:24:32|85
select  sum(cs_ext_discount_amt)  as "excess discount amount"
from
   catalog_sales
   ,item
   ,date_dim
where
i_manufact_id = 328
and i_item_sk = cs_item_sk
and d_date between '2000-02-04' and
        (cast('2000-02-04' as date) + '90 days'::interval)
and d_date_sk = cs_sold_date_sk
and cs_ext_discount_amt
     > (
         select
            1.3 * avg(cs_ext_discount_amt)
         from
            catalog_sales
           ,date_dim
         where
              cs_item_sk = i_item_sk
          and d_date between '2000-02-04' and
                             (cast('2000-02-04' as date) + '90 days'::interval)
          and d_date_sk = cs_sold_date_sk
      )
limit 100;
tpcds.32.sh|2024-03-19 21:24:33|2024-03-19 21:26:16|103
select  sum(cs_ext_discount_amt)  as "excess discount amount"
from
   catalog_sales
   ,item
   ,date_dim
where
i_manufact_id = 328
and i_item_sk = cs_item_sk
and d_date between '2000-02-04' and
        (cast('2000-02-04' as date) + '90 days'::interval)
and d_date_sk = cs_sold_date_sk
and cs_ext_discount_amt
     > (
         select
            1.3 * avg(cs_ext_discount_amt)
         from
            catalog_sales
           ,date_dim
         where
              cs_item_sk = i_item_sk
          and d_date between '2000-02-04' and
                             (cast('2000-02-04' as date) + '90 days'::interval)
          and d_date_sk = cs_sold_date_sk
      )
limit 100;
tpcds.32.sh|2024-03-19 21:26:17|2024-03-19 21:27:49|92
select  sum(cs_ext_discount_amt)  as "excess discount amount"
from
   catalog_sales
   ,item
   ,date_dim
where
i_manufact_id = 328
and i_item_sk = cs_item_sk
and d_date between '2000-02-04' and
        (cast('2000-02-04' as date) + '90 days'::interval)
and d_date_sk = cs_sold_date_sk
and cs_ext_discount_amt
     > (
         select
            1.3 * avg(cs_ext_discount_amt)
         from
            catalog_sales
           ,date_dim
         where
              cs_item_sk = i_item_sk
          and d_date between '2000-02-04' and
                             (cast('2000-02-04' as date) + '90 days'::interval)
          and d_date_sk = cs_sold_date_sk
      )
limit 100;
tpcds.32.sh|2024-03-19 21:27:50|2024-03-19 21:29:35|105
select  sum(cs_ext_discount_amt)  as "excess discount amount"
from
   catalog_sales
   ,item
   ,date_dim
where
i_manufact_id = 328
and i_item_sk = cs_item_sk
and d_date between '2000-02-04' and
        (cast('2000-02-04' as date) + '90 days'::interval)
and d_date_sk = cs_sold_date_sk
and cs_ext_discount_amt
     > (
         select
            1.3 * avg(cs_ext_discount_amt)
         from
            catalog_sales
           ,date_dim
         where
              cs_item_sk = i_item_sk
          and d_date between '2000-02-04' and
                             (cast('2000-02-04' as date) + '90 days'::interval)
          and d_date_sk = cs_sold_date_sk
      )
limit 100;
tpcds.32.sh|2024-03-19 21:29:36|2024-03-19 21:30:58|82
select  sum(cs_ext_discount_amt)  as "excess discount amount"
from
   catalog_sales
   ,item
   ,date_dim
where
i_manufact_id = 328
and i_item_sk = cs_item_sk
and d_date between '2000-02-04' and
        (cast('2000-02-04' as date) + '90 days'::interval)
and d_date_sk = cs_sold_date_sk
and cs_ext_discount_amt
     > (
         select
            1.3 * avg(cs_ext_discount_amt)
         from
            catalog_sales
           ,date_dim
         where
              cs_item_sk = i_item_sk
          and d_date between '2000-02-04' and
                             (cast('2000-02-04' as date) + '90 days'::interval)
          and d_date_sk = cs_sold_date_sk
      )
limit 100;
tpcds.32.sh|2024-03-19 21:30:59|2024-03-19 21:33:47|168
select  sum(cs_ext_discount_amt)  as "excess discount amount"
from
   catalog_sales
   ,item
   ,date_dim
where
i_manufact_id = 328
and i_item_sk = cs_item_sk
and d_date between '2000-02-04' and
        (cast('2000-02-04' as date) + '90 days'::interval)
and d_date_sk = cs_sold_date_sk
and cs_ext_discount_amt
     > (
         select
            1.3 * avg(cs_ext_discount_amt)
         from
            catalog_sales
           ,date_dim
         where
              cs_item_sk = i_item_sk
          and d_date between '2000-02-04' and
                             (cast('2000-02-04' as date) + '90 days'::interval)
          and d_date_sk = cs_sold_date_sk
      )
limit 100;
tpcds.32.sh|2024-03-19 21:33:48|2024-03-19 21:35:44|116
select  sum(cs_ext_discount_amt)  as "excess discount amount"
from
   catalog_sales
   ,item
   ,date_dim
where
i_manufact_id = 328
and i_item_sk = cs_item_sk
and d_date between '2000-02-04' and
        (cast('2000-02-04' as date) + '90 days'::interval)
and d_date_sk = cs_sold_date_sk
and cs_ext_discount_amt
     > (
         select
            1.3 * avg(cs_ext_discount_amt)
         from
            catalog_sales
           ,date_dim
         where
              cs_item_sk = i_item_sk
          and d_date between '2000-02-04' and
                             (cast('2000-02-04' as date) + '90 days'::interval)
          and d_date_sk = cs_sold_date_sk
      )
limit 100;
tpcds.32.sh|2024-03-19 21:35:45|2024-03-19 21:37:37|112
select  sum(cs_ext_discount_amt)  as "excess discount amount"
from
   catalog_sales
   ,item
   ,date_dim
where
i_manufact_id = 328
and i_item_sk = cs_item_sk
and d_date between '2000-02-04' and
        (cast('2000-02-04' as date) + '90 days'::interval)
and d_date_sk = cs_sold_date_sk
and cs_ext_discount_amt
     > (
         select
            1.3 * avg(cs_ext_discount_amt)
         from
            catalog_sales
           ,date_dim
         where
              cs_item_sk = i_item_sk
          and d_date between '2000-02-04' and
                             (cast('2000-02-04' as date) + '90 days'::interval)
          and d_date_sk = cs_sold_date_sk
      )
limit 100;
tpcds.32.sh|2024-03-19 21:37:38|2024-03-19 21:39:08|90
select  sum(cs_ext_discount_amt)  as "excess discount amount"
from
   catalog_sales
   ,item
   ,date_dim
where
i_manufact_id = 328
and i_item_sk = cs_item_sk
and d_date between '2000-02-04' and
        (cast('2000-02-04' as date) + '90 days'::interval)
and d_date_sk = cs_sold_date_sk
and cs_ext_discount_amt
     > (
         select
            1.3 * avg(cs_ext_discount_amt)
         from
            catalog_sales
           ,date_dim
         where
              cs_item_sk = i_item_sk
          and d_date between '2000-02-04' and
                             (cast('2000-02-04' as date) + '90 days'::interval)
          and d_date_sk = cs_sold_date_sk
      )
limit 100;
tpcds.32.sh|2024-03-19 21:39:09|2024-03-19 21:40:48|99
select  sum(cs_ext_discount_amt)  as "excess discount amount"
from
   catalog_sales
   ,item
   ,date_dim
where
i_manufact_id = 328
and i_item_sk = cs_item_sk
and d_date between '2000-02-04' and
        (cast('2000-02-04' as date) + '90 days'::interval)
and d_date_sk = cs_sold_date_sk
and cs_ext_discount_amt
     > (
         select
            1.3 * avg(cs_ext_discount_amt)
         from
            catalog_sales
           ,date_dim
         where
              cs_item_sk = i_item_sk
          and d_date between '2000-02-04' and
                             (cast('2000-02-04' as date) + '90 days'::interval)
          and d_date_sk = cs_sold_date_sk
      )
limit 100;
tpcds.32.sh|2024-03-19 21:40:49|2024-03-19 21:43:15|146
select  sum(cs_ext_discount_amt)  as "excess discount amount"
from
   catalog_sales
   ,item
   ,date_dim
where
i_manufact_id = 328
and i_item_sk = cs_item_sk
and d_date between '2000-02-04' and
        (cast('2000-02-04' as date) + '90 days'::interval)
and d_date_sk = cs_sold_date_sk
and cs_ext_discount_amt
     > (
         select
            1.3 * avg(cs_ext_discount_amt)
         from
            catalog_sales
           ,date_dim
         where
              cs_item_sk = i_item_sk
          and d_date between '2000-02-04' and
                             (cast('2000-02-04' as date) + '90 days'::interval)
          and d_date_sk = cs_sold_date_sk
      )
limit 100;
tpcds.32.sh|2024-03-19 21:43:16|2024-03-19 21:45:46|150
select  sum(cs_ext_discount_amt)  as "excess discount amount"
from
   catalog_sales
   ,item
   ,date_dim
where
i_manufact_id = 328
and i_item_sk = cs_item_sk
and d_date between '2000-02-04' and
        (cast('2000-02-04' as date) + '90 days'::interval)
and d_date_sk = cs_sold_date_sk
and cs_ext_discount_amt
     > (
         select
            1.3 * avg(cs_ext_discount_amt)
         from
            catalog_sales
           ,date_dim
         where
              cs_item_sk = i_item_sk
          and d_date between '2000-02-04' and
                             (cast('2000-02-04' as date) + '90 days'::interval)
          and d_date_sk = cs_sold_date_sk
      )
limit 100;
tpcds.32.sh|2024-03-19 21:45:47|2024-03-19 21:48:00|133
select  sum(cs_ext_discount_amt)  as "excess discount amount"
from
   catalog_sales
   ,item
   ,date_dim
where
i_manufact_id = 328
and i_item_sk = cs_item_sk
and d_date between '2000-02-04' and
        (cast('2000-02-04' as date) + '90 days'::interval)
and d_date_sk = cs_sold_date_sk
and cs_ext_discount_amt
     > (
         select
            1.3 * avg(cs_ext_discount_amt)
         from
            catalog_sales
           ,date_dim
         where
              cs_item_sk = i_item_sk
          and d_date between '2000-02-04' and
                             (cast('2000-02-04' as date) + '90 days'::interval)
          and d_date_sk = cs_sold_date_sk
      )
limit 100;
tpcds.32.sh|2024-03-19 21:48:01|2024-03-19 21:50:43|162
select  sum(cs_ext_discount_amt)  as "excess discount amount"
from
   catalog_sales
   ,item
   ,date_dim
where
i_manufact_id = 328
and i_item_sk = cs_item_sk
and d_date between '2000-02-04' and
        (cast('2000-02-04' as date) + '90 days'::interval)
and d_date_sk = cs_sold_date_sk
and cs_ext_discount_amt
     > (
         select
            1.3 * avg(cs_ext_discount_amt)
         from
            catalog_sales
           ,date_dim
         where
              cs_item_sk = i_item_sk
          and d_date between '2000-02-04' and
                             (cast('2000-02-04' as date) + '90 days'::interval)
          and d_date_sk = cs_sold_date_sk
      )
limit 100;
tpcds.32.sh|2024-03-19 21:50:44|2024-03-19 21:52:39|115
select  sum(cs_ext_discount_amt)  as "excess discount amount"
from
   catalog_sales
   ,item
   ,date_dim
where
i_manufact_id = 328
and i_item_sk = cs_item_sk
and d_date between '2000-02-04' and
        (cast('2000-02-04' as date) + '90 days'::interval)
and d_date_sk = cs_sold_date_sk
and cs_ext_discount_amt
     > (
         select
            1.3 * avg(cs_ext_discount_amt)
         from
            catalog_sales
           ,date_dim
         where
              cs_item_sk = i_item_sk
          and d_date between '2000-02-04' and
                             (cast('2000-02-04' as date) + '90 days'::interval)
          and d_date_sk = cs_sold_date_sk
      )
limit 100;
tpcds.32.sh|2024-03-19 21:52:40|2024-03-19 21:54:11|91
select  sum(cs_ext_discount_amt)  as "excess discount amount"
from
   catalog_sales
   ,item
   ,date_dim
where
i_manufact_id = 328
and i_item_sk = cs_item_sk
and d_date between '2000-02-04' and
        (cast('2000-02-04' as date) + '90 days'::interval)
and d_date_sk = cs_sold_date_sk
and cs_ext_discount_amt
     > (
         select
            1.3 * avg(cs_ext_discount_amt)
         from
            catalog_sales
           ,date_dim
         where
              cs_item_sk = i_item_sk
          and d_date between '2000-02-04' and
                             (cast('2000-02-04' as date) + '90 days'::interval)
          and d_date_sk = cs_sold_date_sk
      )
limit 100;
tpcds.32.sh|2024-03-19 21:54:12|2024-03-19 21:57:05|173
select  sum(cs_ext_discount_amt)  as "excess discount amount"
from
   catalog_sales
   ,item
   ,date_dim
where
i_manufact_id = 328
and i_item_sk = cs_item_sk
and d_date between '2000-02-04' and
        (cast('2000-02-04' as date) + '90 days'::interval)
and d_date_sk = cs_sold_date_sk
and cs_ext_discount_amt
     > (
         select
            1.3 * avg(cs_ext_discount_amt)
         from
            catalog_sales
           ,date_dim
         where
              cs_item_sk = i_item_sk
          and d_date between '2000-02-04' and
                             (cast('2000-02-04' as date) + '90 days'::interval)
          and d_date_sk = cs_sold_date_sk
      )
limit 100;
tpcds.32.sh|2024-03-19 21:57:06|2024-03-19 21:59:33|147
select  sum(cs_ext_discount_amt)  as "excess discount amount"
from
   catalog_sales
   ,item
   ,date_dim
where
i_manufact_id = 328
and i_item_sk = cs_item_sk
and d_date between '2000-02-04' and
        (cast('2000-02-04' as date) + '90 days'::interval)
and d_date_sk = cs_sold_date_sk
and cs_ext_discount_amt
     > (
         select
            1.3 * avg(cs_ext_discount_amt)
         from
            catalog_sales
           ,date_dim
         where
              cs_item_sk = i_item_sk
          and d_date between '2000-02-04' and
                             (cast('2000-02-04' as date) + '90 days'::interval)
          and d_date_sk = cs_sold_date_sk
      )
limit 100;
tpcds.32.sh|2024-03-19 21:59:34|2024-03-19 22:01:33|119
select  sum(cs_ext_discount_amt)  as "excess discount amount"
from
   catalog_sales
   ,item
   ,date_dim
where
i_manufact_id = 328
and i_item_sk = cs_item_sk
and d_date between '2000-02-04' and
        (cast('2000-02-04' as date) + '90 days'::interval)
and d_date_sk = cs_sold_date_sk
and cs_ext_discount_amt
     > (
         select
            1.3 * avg(cs_ext_discount_amt)
         from
            catalog_sales
           ,date_dim
         where
              cs_item_sk = i_item_sk
          and d_date between '2000-02-04' and
                             (cast('2000-02-04' as date) + '90 days'::interval)
          and d_date_sk = cs_sold_date_sk
      )
limit 100;
tpcds.32.sh|2024-03-19 22:01:34|2024-03-19 22:03:13|99
select  sum(cs_ext_discount_amt)  as "excess discount amount"
from
   catalog_sales
   ,item
   ,date_dim
where
i_manufact_id = 328
and i_item_sk = cs_item_sk
and d_date between '2000-02-04' and
        (cast('2000-02-04' as date) + '90 days'::interval)
and d_date_sk = cs_sold_date_sk
and cs_ext_discount_amt
     > (
         select
            1.3 * avg(cs_ext_discount_amt)
         from
            catalog_sales
           ,date_dim
         where
              cs_item_sk = i_item_sk
          and d_date between '2000-02-04' and
                             (cast('2000-02-04' as date) + '90 days'::interval)
          and d_date_sk = cs_sold_date_sk
      )
limit 100;
tpcds.32.sh|2024-03-19 22:03:14|2024-03-19 22:05:33|139
select  sum(cs_ext_discount_amt)  as "excess discount amount"
from
   catalog_sales
   ,item
   ,date_dim
where
i_manufact_id = 328
and i_item_sk = cs_item_sk
and d_date between '2000-02-04' and
        (cast('2000-02-04' as date) + '90 days'::interval)
and d_date_sk = cs_sold_date_sk
and cs_ext_discount_amt
     > (
         select
            1.3 * avg(cs_ext_discount_amt)
         from
            catalog_sales
           ,date_dim
         where
              cs_item_sk = i_item_sk
          and d_date between '2000-02-04' and
                             (cast('2000-02-04' as date) + '90 days'::interval)
          and d_date_sk = cs_sold_date_sk
      )
limit 100;
tpcds.32.sh|2024-03-19 22:05:34|2024-03-19 22:07:55|141
select  sum(cs_ext_discount_amt)  as "excess discount amount"
from
   catalog_sales
   ,item
   ,date_dim
where
i_manufact_id = 328
and i_item_sk = cs_item_sk
and d_date between '2000-02-04' and
        (cast('2000-02-04' as date) + '90 days'::interval)
and d_date_sk = cs_sold_date_sk
and cs_ext_discount_amt
     > (
         select
            1.3 * avg(cs_ext_discount_amt)
         from
            catalog_sales
           ,date_dim
         where
              cs_item_sk = i_item_sk
          and d_date between '2000-02-04' and
                             (cast('2000-02-04' as date) + '90 days'::interval)
          and d_date_sk = cs_sold_date_sk
      )
limit 100;
tpcds.32.sh|2024-03-19 22:07:56|2024-03-19 22:09:29|93
select  sum(cs_ext_discount_amt)  as "excess discount amount"
from
   catalog_sales
   ,item
   ,date_dim
where
i_manufact_id = 328
and i_item_sk = cs_item_sk
and d_date between '2000-02-04' and
        (cast('2000-02-04' as date) + '90 days'::interval)
and d_date_sk = cs_sold_date_sk
and cs_ext_discount_amt
     > (
         select
            1.3 * avg(cs_ext_discount_amt)
         from
            catalog_sales
           ,date_dim
         where
              cs_item_sk = i_item_sk
          and d_date between '2000-02-04' and
                             (cast('2000-02-04' as date) + '90 days'::interval)
          and d_date_sk = cs_sold_date_sk
      )
limit 100;
tpcds.32.sh|2024-03-19 22:09:30|2024-03-19 22:10:47|77
select  sum(cs_ext_discount_amt)  as "excess discount amount"
from
   catalog_sales
   ,item
   ,date_dim
where
i_manufact_id = 328
and i_item_sk = cs_item_sk
and d_date between '2000-02-04' and
        (cast('2000-02-04' as date) + '90 days'::interval)
and d_date_sk = cs_sold_date_sk
and cs_ext_discount_amt
     > (
         select
            1.3 * avg(cs_ext_discount_amt)
         from
            catalog_sales
           ,date_dim
         where
              cs_item_sk = i_item_sk
          and d_date between '2000-02-04' and
                             (cast('2000-02-04' as date) + '90 days'::interval)
          and d_date_sk = cs_sold_date_sk
      )
limit 100;
tpcds.32.sh|2024-03-19 22:10:48|2024-03-19 22:12:06|78
select  sum(cs_ext_discount_amt)  as "excess discount amount"
from
   catalog_sales
   ,item
   ,date_dim
where
i_manufact_id = 328
and i_item_sk = cs_item_sk
and d_date between '2000-02-04' and
        (cast('2000-02-04' as date) + '90 days'::interval)
and d_date_sk = cs_sold_date_sk
and cs_ext_discount_amt
     > (
         select
            1.3 * avg(cs_ext_discount_amt)
         from
            catalog_sales
           ,date_dim
         where
              cs_item_sk = i_item_sk
          and d_date between '2000-02-04' and
                             (cast('2000-02-04' as date) + '90 days'::interval)
          and d_date_sk = cs_sold_date_sk
      )
limit 100;
tpcds.32.sh|2024-03-19 22:12:07|2024-03-19 22:14:28|141
select  sum(cs_ext_discount_amt)  as "excess discount amount"
from
   catalog_sales
   ,item
   ,date_dim
where
i_manufact_id = 328
and i_item_sk = cs_item_sk
and d_date between '2000-02-04' and
        (cast('2000-02-04' as date) + '90 days'::interval)
and d_date_sk = cs_sold_date_sk
and cs_ext_discount_amt
     > (
         select
            1.3 * avg(cs_ext_discount_amt)
         from
            catalog_sales
           ,date_dim
         where
              cs_item_sk = i_item_sk
          and d_date between '2000-02-04' and
                             (cast('2000-02-04' as date) + '90 days'::interval)
          and d_date_sk = cs_sold_date_sk
      )
limit 100;
tpcds.32.sh|2024-03-19 22:14:29|2024-03-19 22:16:31|122
select  sum(cs_ext_discount_amt)  as "excess discount amount"
from
   catalog_sales
   ,item
   ,date_dim
where
i_manufact_id = 328
and i_item_sk = cs_item_sk
and d_date between '2000-02-04' and
        (cast('2000-02-04' as date) + '90 days'::interval)
and d_date_sk = cs_sold_date_sk
and cs_ext_discount_amt
     > (
         select
            1.3 * avg(cs_ext_discount_amt)
         from
            catalog_sales
           ,date_dim
         where
              cs_item_sk = i_item_sk
          and d_date between '2000-02-04' and
                             (cast('2000-02-04' as date) + '90 days'::interval)
          and d_date_sk = cs_sold_date_sk
      )
limit 100;
tpcds.32.sh|2024-03-19 22:16:32|2024-03-19 22:18:16|104
select  sum(cs_ext_discount_amt)  as "excess discount amount"
from
   catalog_sales
   ,item
   ,date_dim
where
i_manufact_id = 328
and i_item_sk = cs_item_sk
and d_date between '2000-02-04' and
        (cast('2000-02-04' as date) + '90 days'::interval)
and d_date_sk = cs_sold_date_sk
and cs_ext_discount_amt
     > (
         select
            1.3 * avg(cs_ext_discount_amt)
         from
            catalog_sales
           ,date_dim
         where
              cs_item_sk = i_item_sk
          and d_date between '2000-02-04' and
                             (cast('2000-02-04' as date) + '90 days'::interval)
          and d_date_sk = cs_sold_date_sk
      )
limit 100;
tpcds.32.sh|2024-03-19 22:18:17|2024-03-19 22:19:30|73
select  sum(cs_ext_discount_amt)  as "excess discount amount"
from
   catalog_sales
   ,item
   ,date_dim
where
i_manufact_id = 328
and i_item_sk = cs_item_sk
and d_date between '2000-02-04' and
        (cast('2000-02-04' as date) + '90 days'::interval)
and d_date_sk = cs_sold_date_sk
and cs_ext_discount_amt
     > (
         select
            1.3 * avg(cs_ext_discount_amt)
         from
            catalog_sales
           ,date_dim
         where
              cs_item_sk = i_item_sk
          and d_date between '2000-02-04' and
                             (cast('2000-02-04' as date) + '90 days'::interval)
          and d_date_sk = cs_sold_date_sk
      )
limit 100;
tpcds.32.sh|2024-03-19 22:19:31|2024-03-19 22:21:08|97
select  sum(cs_ext_discount_amt)  as "excess discount amount"
from
   catalog_sales
   ,item
   ,date_dim
where
i_manufact_id = 328
and i_item_sk = cs_item_sk
and d_date between '2000-02-04' and
        (cast('2000-02-04' as date) + '90 days'::interval)
and d_date_sk = cs_sold_date_sk
and cs_ext_discount_amt
     > (
         select
            1.3 * avg(cs_ext_discount_amt)
         from
            catalog_sales
           ,date_dim
         where
              cs_item_sk = i_item_sk
          and d_date between '2000-02-04' and
                             (cast('2000-02-04' as date) + '90 days'::interval)
          and d_date_sk = cs_sold_date_sk
      )
limit 100;
tpcds.32.sh|2024-03-19 22:21:09|2024-03-19 22:23:02|113
select  sum(cs_ext_discount_amt)  as "excess discount amount"
from
   catalog_sales
   ,item
   ,date_dim
where
i_manufact_id = 328
and i_item_sk = cs_item_sk
and d_date between '2000-02-04' and
        (cast('2000-02-04' as date) + '90 days'::interval)
and d_date_sk = cs_sold_date_sk
and cs_ext_discount_amt
     > (
         select
            1.3 * avg(cs_ext_discount_amt)
         from
            catalog_sales
           ,date_dim
         where
              cs_item_sk = i_item_sk
          and d_date between '2000-02-04' and
                             (cast('2000-02-04' as date) + '90 days'::interval)
          and d_date_sk = cs_sold_date_sk
      )
limit 100;
tpcds.32.sh|2024-03-19 22:23:03|2024-03-19 22:25:03|120
select  sum(cs_ext_discount_amt)  as "excess discount amount"
from
   catalog_sales
   ,item
   ,date_dim
where
i_manufact_id = 328
and i_item_sk = cs_item_sk
and d_date between '2000-02-04' and
        (cast('2000-02-04' as date) + '90 days'::interval)
and d_date_sk = cs_sold_date_sk
and cs_ext_discount_amt
     > (
         select
            1.3 * avg(cs_ext_discount_amt)
         from
            catalog_sales
           ,date_dim
         where
              cs_item_sk = i_item_sk
          and d_date between '2000-02-04' and
                             (cast('2000-02-04' as date) + '90 days'::interval)
          and d_date_sk = cs_sold_date_sk
      )
limit 100;
tpcds.32.sh|2024-03-19 22:25:04|2024-03-19 22:26:54|110
select  sum(cs_ext_discount_amt)  as "excess discount amount"
from
   catalog_sales
   ,item
   ,date_dim
where
i_manufact_id = 328
and i_item_sk = cs_item_sk
and d_date between '2000-02-04' and
        (cast('2000-02-04' as date) + '90 days'::interval)
and d_date_sk = cs_sold_date_sk
and cs_ext_discount_amt
     > (
         select
            1.3 * avg(cs_ext_discount_amt)
         from
            catalog_sales
           ,date_dim
         where
              cs_item_sk = i_item_sk
          and d_date between '2000-02-04' and
                             (cast('2000-02-04' as date) + '90 days'::interval)
          and d_date_sk = cs_sold_date_sk
      )
limit 100;
tpcds.32.sh|2024-03-19 22:26:55|2024-03-19 22:27:57|62
select  sum(cs_ext_discount_amt)  as "excess discount amount"
from
   catalog_sales
   ,item
   ,date_dim
where
i_manufact_id = 328
and i_item_sk = cs_item_sk
and d_date between '2000-02-04' and
        (cast('2000-02-04' as date) + '90 days'::interval)
and d_date_sk = cs_sold_date_sk
and cs_ext_discount_amt
     > (
         select
            1.3 * avg(cs_ext_discount_amt)
         from
            catalog_sales
           ,date_dim
         where
              cs_item_sk = i_item_sk
          and d_date between '2000-02-04' and
                             (cast('2000-02-04' as date) + '90 days'::interval)
          and d_date_sk = cs_sold_date_sk
      )
limit 100;
tpcds.32.sh|2024-03-19 22:27:58|2024-03-19 22:29:17|79
select  sum(cs_ext_discount_amt)  as "excess discount amount"
from
   catalog_sales
   ,item
   ,date_dim
where
i_manufact_id = 328
and i_item_sk = cs_item_sk
and d_date between '2000-02-04' and
        (cast('2000-02-04' as date) + '90 days'::interval)
and d_date_sk = cs_sold_date_sk
and cs_ext_discount_amt
     > (
         select
            1.3 * avg(cs_ext_discount_amt)
         from
            catalog_sales
           ,date_dim
         where
              cs_item_sk = i_item_sk
          and d_date between '2000-02-04' and
                             (cast('2000-02-04' as date) + '90 days'::interval)
          and d_date_sk = cs_sold_date_sk
      )
limit 100;
tpcds.32.sh|2024-03-19 22:29:18|2024-03-19 22:31:50|152
select  sum(cs_ext_discount_amt)  as "excess discount amount"
from
   catalog_sales
   ,item
   ,date_dim
where
i_manufact_id = 328
and i_item_sk = cs_item_sk
and d_date between '2000-02-04' and
        (cast('2000-02-04' as date) + '90 days'::interval)
and d_date_sk = cs_sold_date_sk
and cs_ext_discount_amt
     > (
         select
            1.3 * avg(cs_ext_discount_amt)
         from
            catalog_sales
           ,date_dim
         where
              cs_item_sk = i_item_sk
          and d_date between '2000-02-04' and
                             (cast('2000-02-04' as date) + '90 days'::interval)
          and d_date_sk = cs_sold_date_sk
      )
limit 100;
tpcds.32.sh|2024-03-19 22:31:51|2024-03-19 22:33:43|112
select  sum(cs_ext_discount_amt)  as "excess discount amount"
from
   catalog_sales
   ,item
   ,date_dim
where
i_manufact_id = 328
and i_item_sk = cs_item_sk
and d_date between '2000-02-04' and
        (cast('2000-02-04' as date) + '90 days'::interval)
and d_date_sk = cs_sold_date_sk
and cs_ext_discount_amt
     > (
         select
            1.3 * avg(cs_ext_discount_amt)
         from
            catalog_sales
           ,date_dim
         where
              cs_item_sk = i_item_sk
          and d_date between '2000-02-04' and
                             (cast('2000-02-04' as date) + '90 days'::interval)
          and d_date_sk = cs_sold_date_sk
      )
limit 100;
tpcds.32.sh|2024-03-19 22:33:44|2024-03-19 22:35:22|98
select  sum(cs_ext_discount_amt)  as "excess discount amount"
from
   catalog_sales
   ,item
   ,date_dim
where
i_manufact_id = 328
and i_item_sk = cs_item_sk
and d_date between '2000-02-04' and
        (cast('2000-02-04' as date) + '90 days'::interval)
and d_date_sk = cs_sold_date_sk
and cs_ext_discount_amt
     > (
         select
            1.3 * avg(cs_ext_discount_amt)
         from
            catalog_sales
           ,date_dim
         where
              cs_item_sk = i_item_sk
          and d_date between '2000-02-04' and
                             (cast('2000-02-04' as date) + '90 days'::interval)
          and d_date_sk = cs_sold_date_sk
      )
limit 100;
tpcds.32.sh|2024-03-19 22:35:23|2024-03-19 22:36:50|87
select  sum(cs_ext_discount_amt)  as "excess discount amount"
from
   catalog_sales
   ,item
   ,date_dim
where
i_manufact_id = 328
and i_item_sk = cs_item_sk
and d_date between '2000-02-04' and
        (cast('2000-02-04' as date) + '90 days'::interval)
and d_date_sk = cs_sold_date_sk
and cs_ext_discount_amt
     > (
         select
            1.3 * avg(cs_ext_discount_amt)
         from
            catalog_sales
           ,date_dim
         where
              cs_item_sk = i_item_sk
          and d_date between '2000-02-04' and
                             (cast('2000-02-04' as date) + '90 days'::interval)
          and d_date_sk = cs_sold_date_sk
      )
limit 100;
tpcds.32.sh|2024-03-19 22:36:51|2024-03-19 22:38:18|87
select  sum(cs_ext_discount_amt)  as "excess discount amount"
from
   catalog_sales
   ,item
   ,date_dim
where
i_manufact_id = 328
and i_item_sk = cs_item_sk
and d_date between '2000-02-04' and
        (cast('2000-02-04' as date) + '90 days'::interval)
and d_date_sk = cs_sold_date_sk
and cs_ext_discount_amt
     > (
         select
            1.3 * avg(cs_ext_discount_amt)
         from
            catalog_sales
           ,date_dim
         where
              cs_item_sk = i_item_sk
          and d_date between '2000-02-04' and
                             (cast('2000-02-04' as date) + '90 days'::interval)
          and d_date_sk = cs_sold_date_sk
      )
limit 100;
tpcds.32.sh|2024-03-19 22:38:19|2024-03-19 22:39:35|76
select  sum(cs_ext_discount_amt)  as "excess discount amount"
from
   catalog_sales
   ,item
   ,date_dim
where
i_manufact_id = 328
and i_item_sk = cs_item_sk
and d_date between '2000-02-04' and
        (cast('2000-02-04' as date) + '90 days'::interval)
and d_date_sk = cs_sold_date_sk
and cs_ext_discount_amt
     > (
         select
            1.3 * avg(cs_ext_discount_amt)
         from
            catalog_sales
           ,date_dim
         where
              cs_item_sk = i_item_sk
          and d_date between '2000-02-04' and
                             (cast('2000-02-04' as date) + '90 days'::interval)
          and d_date_sk = cs_sold_date_sk
      )
limit 100;
tpcds.32.sh|2024-03-19 22:39:36|2024-03-19 22:41:10|94
select  sum(cs_ext_discount_amt)  as "excess discount amount"
from
   catalog_sales
   ,item
   ,date_dim
where
i_manufact_id = 328
and i_item_sk = cs_item_sk
and d_date between '2000-02-04' and
        (cast('2000-02-04' as date) + '90 days'::interval)
and d_date_sk = cs_sold_date_sk
and cs_ext_discount_amt
     > (
         select
            1.3 * avg(cs_ext_discount_amt)
         from
            catalog_sales
           ,date_dim
         where
              cs_item_sk = i_item_sk
          and d_date between '2000-02-04' and
                             (cast('2000-02-04' as date) + '90 days'::interval)
          and d_date_sk = cs_sold_date_sk
      )
limit 100;
tpcds.32.sh|2024-03-19 22:41:11|2024-03-19 22:43:10|119
select  sum(cs_ext_discount_amt)  as "excess discount amount"
from
   catalog_sales
   ,item
   ,date_dim
where
i_manufact_id = 328
and i_item_sk = cs_item_sk
and d_date between '2000-02-04' and
        (cast('2000-02-04' as date) + '90 days'::interval)
and d_date_sk = cs_sold_date_sk
and cs_ext_discount_amt
     > (
         select
            1.3 * avg(cs_ext_discount_amt)
         from
            catalog_sales
           ,date_dim
         where
              cs_item_sk = i_item_sk
          and d_date between '2000-02-04' and
                             (cast('2000-02-04' as date) + '90 days'::interval)
          and d_date_sk = cs_sold_date_sk
      )
limit 100;
tpcds.32.sh|2024-03-19 22:43:11|2024-03-19 22:44:53|102
select  sum(cs_ext_discount_amt)  as "excess discount amount"
from
   catalog_sales
   ,item
   ,date_dim
where
i_manufact_id = 328
and i_item_sk = cs_item_sk
and d_date between '2000-02-04' and
        (cast('2000-02-04' as date) + '90 days'::interval)
and d_date_sk = cs_sold_date_sk
and cs_ext_discount_amt
     > (
         select
            1.3 * avg(cs_ext_discount_amt)
         from
            catalog_sales
           ,date_dim
         where
              cs_item_sk = i_item_sk
          and d_date between '2000-02-04' and
                             (cast('2000-02-04' as date) + '90 days'::interval)
          and d_date_sk = cs_sold_date_sk
      )
limit 100;
tpcds.32.sh|2024-03-19 22:44:55|2024-03-19 22:45:58|63
select  sum(cs_ext_discount_amt)  as "excess discount amount"
from
   catalog_sales
   ,item
   ,date_dim
where
i_manufact_id = 328
and i_item_sk = cs_item_sk
and d_date between '2000-02-04' and
        (cast('2000-02-04' as date) + '90 days'::interval)
and d_date_sk = cs_sold_date_sk
and cs_ext_discount_amt
     > (
         select
            1.3 * avg(cs_ext_discount_amt)
         from
            catalog_sales
           ,date_dim
         where
              cs_item_sk = i_item_sk
          and d_date between '2000-02-04' and
                             (cast('2000-02-04' as date) + '90 days'::interval)
          and d_date_sk = cs_sold_date_sk
      )
limit 100;
tpcds.32.sh|2024-03-19 22:45:59|2024-03-19 22:47:30|91
select  sum(cs_ext_discount_amt)  as "excess discount amount"
from
   catalog_sales
   ,item
   ,date_dim
where
i_manufact_id = 328
and i_item_sk = cs_item_sk
and d_date between '2000-02-04' and
        (cast('2000-02-04' as date) + '90 days'::interval)
and d_date_sk = cs_sold_date_sk
and cs_ext_discount_amt
     > (
         select
            1.3 * avg(cs_ext_discount_amt)
         from
            catalog_sales
           ,date_dim
         where
              cs_item_sk = i_item_sk
          and d_date between '2000-02-04' and
                             (cast('2000-02-04' as date) + '90 days'::interval)
          and d_date_sk = cs_sold_date_sk
      )
limit 100;
tpcds.32.sh|2024-03-19 22:47:31|2024-03-19 22:49:18|107
select  sum(cs_ext_discount_amt)  as "excess discount amount"
from
   catalog_sales
   ,item
   ,date_dim
where
i_manufact_id = 328
and i_item_sk = cs_item_sk
and d_date between '2000-02-04' and
        (cast('2000-02-04' as date) + '90 days'::interval)
and d_date_sk = cs_sold_date_sk
and cs_ext_discount_amt
     > (
         select
            1.3 * avg(cs_ext_discount_amt)
         from
            catalog_sales
           ,date_dim
         where
              cs_item_sk = i_item_sk
          and d_date between '2000-02-04' and
                             (cast('2000-02-04' as date) + '90 days'::interval)
          and d_date_sk = cs_sold_date_sk
      )
limit 100;
tpcds.32.sh|2024-03-19 22:49:19|2024-03-19 22:51:38|139
select  sum(cs_ext_discount_amt)  as "excess discount amount"
from
   catalog_sales
   ,item
   ,date_dim
where
i_manufact_id = 328
and i_item_sk = cs_item_sk
and d_date between '2000-02-04' and
        (cast('2000-02-04' as date) + '90 days'::interval)
and d_date_sk = cs_sold_date_sk
and cs_ext_discount_amt
     > (
         select
            1.3 * avg(cs_ext_discount_amt)
         from
            catalog_sales
           ,date_dim
         where
              cs_item_sk = i_item_sk
          and d_date between '2000-02-04' and
                             (cast('2000-02-04' as date) + '90 days'::interval)
          and d_date_sk = cs_sold_date_sk
      )
limit 100;
tpcds.32.sh|2024-03-19 22:51:39|2024-03-19 22:53:16|97
select  sum(cs_ext_discount_amt)  as "excess discount amount"
from
   catalog_sales
   ,item
   ,date_dim
where
i_manufact_id = 328
and i_item_sk = cs_item_sk
and d_date between '2000-02-04' and
        (cast('2000-02-04' as date) + '90 days'::interval)
and d_date_sk = cs_sold_date_sk
and cs_ext_discount_amt
     > (
         select
            1.3 * avg(cs_ext_discount_amt)
         from
            catalog_sales
           ,date_dim
         where
              cs_item_sk = i_item_sk
          and d_date between '2000-02-04' and
                             (cast('2000-02-04' as date) + '90 days'::interval)
          and d_date_sk = cs_sold_date_sk
      )
limit 100;
tpcds.32.sh|2024-03-19 22:53:17|2024-03-19 22:53:59|42
select  sum(cs_ext_discount_amt)  as "excess discount amount"
from
   catalog_sales
   ,item
   ,date_dim
where
i_manufact_id = 328
and i_item_sk = cs_item_sk
and d_date between '2000-02-04' and
        (cast('2000-02-04' as date) + '90 days'::interval)
and d_date_sk = cs_sold_date_sk
and cs_ext_discount_amt
     > (
         select
            1.3 * avg(cs_ext_discount_amt)
         from
            catalog_sales
           ,date_dim
         where
              cs_item_sk = i_item_sk
          and d_date between '2000-02-04' and
                             (cast('2000-02-04' as date) + '90 days'::interval)
          and d_date_sk = cs_sold_date_sk
      )
limit 100;
tpcds.32.sh|2024-03-19 22:54:00|2024-03-19 22:55:01|61
select  sum(cs_ext_discount_amt)  as "excess discount amount"
from
   catalog_sales
   ,item
   ,date_dim
where
i_manufact_id = 328
and i_item_sk = cs_item_sk
and d_date between '2000-02-04' and
        (cast('2000-02-04' as date) + '90 days'::interval)
and d_date_sk = cs_sold_date_sk
and cs_ext_discount_amt
     > (
         select
            1.3 * avg(cs_ext_discount_amt)
         from
            catalog_sales
           ,date_dim
         where
              cs_item_sk = i_item_sk
          and d_date between '2000-02-04' and
                             (cast('2000-02-04' as date) + '90 days'::interval)
          and d_date_sk = cs_sold_date_sk
      )
limit 100;
tpcds.32.sh|2024-03-19 22:55:02|2024-03-19 22:56:16|74
select  sum(cs_ext_discount_amt)  as "excess discount amount"
from
   catalog_sales
   ,item
   ,date_dim
where
i_manufact_id = 328
and i_item_sk = cs_item_sk
and d_date between '2000-02-04' and
        (cast('2000-02-04' as date) + '90 days'::interval)
and d_date_sk = cs_sold_date_sk
and cs_ext_discount_amt
     > (
         select
            1.3 * avg(cs_ext_discount_amt)
         from
            catalog_sales
           ,date_dim
         where
              cs_item_sk = i_item_sk
          and d_date between '2000-02-04' and
                             (cast('2000-02-04' as date) + '90 days'::interval)
          and d_date_sk = cs_sold_date_sk
      )
limit 100;
tpcds.32.sh|2024-03-19 22:56:17|2024-03-19 22:58:23|126
select  sum(cs_ext_discount_amt)  as "excess discount amount"
from
   catalog_sales
   ,item
   ,date_dim
where
i_manufact_id = 328
and i_item_sk = cs_item_sk
and d_date between '2000-02-04' and
        (cast('2000-02-04' as date) + '90 days'::interval)
and d_date_sk = cs_sold_date_sk
and cs_ext_discount_amt
     > (
         select
            1.3 * avg(cs_ext_discount_amt)
         from
            catalog_sales
           ,date_dim
         where
              cs_item_sk = i_item_sk
          and d_date between '2000-02-04' and
                             (cast('2000-02-04' as date) + '90 days'::interval)
          and d_date_sk = cs_sold_date_sk
      )
limit 100;
tpcds.32.sh|2024-03-19 22:58:24|2024-03-19 23:00:21|117
select  sum(cs_ext_discount_amt)  as "excess discount amount"
from
   catalog_sales
   ,item
   ,date_dim
where
i_manufact_id = 328
and i_item_sk = cs_item_sk
and d_date between '2000-02-04' and
        (cast('2000-02-04' as date) + '90 days'::interval)
and d_date_sk = cs_sold_date_sk
and cs_ext_discount_amt
     > (
         select
            1.3 * avg(cs_ext_discount_amt)
         from
            catalog_sales
           ,date_dim
         where
              cs_item_sk = i_item_sk
          and d_date between '2000-02-04' and
                             (cast('2000-02-04' as date) + '90 days'::interval)
          and d_date_sk = cs_sold_date_sk
      )
limit 100;
tpcds.32.sh|2024-03-19 23:00:22|2024-03-19 23:02:16|114
select  sum(cs_ext_discount_amt)  as "excess discount amount"
from
   catalog_sales
   ,item
   ,date_dim
where
i_manufact_id = 328
and i_item_sk = cs_item_sk
and d_date between '2000-02-04' and
        (cast('2000-02-04' as date) + '90 days'::interval)
and d_date_sk = cs_sold_date_sk
and cs_ext_discount_amt
     > (
         select
            1.3 * avg(cs_ext_discount_amt)
         from
            catalog_sales
           ,date_dim
         where
              cs_item_sk = i_item_sk
          and d_date between '2000-02-04' and
                             (cast('2000-02-04' as date) + '90 days'::interval)
          and d_date_sk = cs_sold_date_sk
      )
limit 100;
tpcds.32.sh|2024-03-19 23:02:17|2024-03-19 23:03:43|86
select  sum(cs_ext_discount_amt)  as "excess discount amount"
from
   catalog_sales
   ,item
   ,date_dim
where
i_manufact_id = 328
and i_item_sk = cs_item_sk
and d_date between '2000-02-04' and
        (cast('2000-02-04' as date) + '90 days'::interval)
and d_date_sk = cs_sold_date_sk
and cs_ext_discount_amt
     > (
         select
            1.3 * avg(cs_ext_discount_amt)
         from
            catalog_sales
           ,date_dim
         where
              cs_item_sk = i_item_sk
          and d_date between '2000-02-04' and
                             (cast('2000-02-04' as date) + '90 days'::interval)
          and d_date_sk = cs_sold_date_sk
      )
limit 100;
tpcds.32.sh|2024-03-19 23:03:44|2024-03-19 23:05:27|103
select  sum(cs_ext_discount_amt)  as "excess discount amount"
from
   catalog_sales
   ,item
   ,date_dim
where
i_manufact_id = 328
and i_item_sk = cs_item_sk
and d_date between '2000-02-04' and
        (cast('2000-02-04' as date) + '90 days'::interval)
and d_date_sk = cs_sold_date_sk
and cs_ext_discount_amt
     > (
         select
            1.3 * avg(cs_ext_discount_amt)
         from
            catalog_sales
           ,date_dim
         where
              cs_item_sk = i_item_sk
          and d_date between '2000-02-04' and
                             (cast('2000-02-04' as date) + '90 days'::interval)
          and d_date_sk = cs_sold_date_sk
      )
limit 100;
tpcds.32.sh|2024-03-19 23:05:28|2024-03-19 23:08:02|154
select  sum(cs_ext_discount_amt)  as "excess discount amount"
from
   catalog_sales
   ,item
   ,date_dim
where
i_manufact_id = 328
and i_item_sk = cs_item_sk
and d_date between '2000-02-04' and
        (cast('2000-02-04' as date) + '90 days'::interval)
and d_date_sk = cs_sold_date_sk
and cs_ext_discount_amt
     > (
         select
            1.3 * avg(cs_ext_discount_amt)
         from
            catalog_sales
           ,date_dim
         where
              cs_item_sk = i_item_sk
          and d_date between '2000-02-04' and
                             (cast('2000-02-04' as date) + '90 days'::interval)
          and d_date_sk = cs_sold_date_sk
      )
limit 100;
tpcds.32.sh|2024-03-19 23:08:03|2024-03-19 23:09:36|93
select  sum(cs_ext_discount_amt)  as "excess discount amount"
from
   catalog_sales
   ,item
   ,date_dim
where
i_manufact_id = 328
and i_item_sk = cs_item_sk
and d_date between '2000-02-04' and
        (cast('2000-02-04' as date) + '90 days'::interval)
and d_date_sk = cs_sold_date_sk
and cs_ext_discount_amt
     > (
         select
            1.3 * avg(cs_ext_discount_amt)
         from
            catalog_sales
           ,date_dim
         where
              cs_item_sk = i_item_sk
          and d_date between '2000-02-04' and
                             (cast('2000-02-04' as date) + '90 days'::interval)
          and d_date_sk = cs_sold_date_sk
      )
limit 100;
tpcds.32.sh|2024-03-19 23:09:37|2024-03-19 23:10:54|77
select  sum(cs_ext_discount_amt)  as "excess discount amount"
from
   catalog_sales
   ,item
   ,date_dim
where
i_manufact_id = 328
and i_item_sk = cs_item_sk
and d_date between '2000-02-04' and
        (cast('2000-02-04' as date) + '90 days'::interval)
and d_date_sk = cs_sold_date_sk
and cs_ext_discount_amt
     > (
         select
            1.3 * avg(cs_ext_discount_amt)
         from
            catalog_sales
           ,date_dim
         where
              cs_item_sk = i_item_sk
          and d_date between '2000-02-04' and
                             (cast('2000-02-04' as date) + '90 days'::interval)
          and d_date_sk = cs_sold_date_sk
      )
limit 100;
tpcds.32.sh|2024-03-19 23:10:55|2024-03-19 23:12:52|117
select  sum(cs_ext_discount_amt)  as "excess discount amount"
from
   catalog_sales
   ,item
   ,date_dim
where
i_manufact_id = 328
and i_item_sk = cs_item_sk
and d_date between '2000-02-04' and
        (cast('2000-02-04' as date) + '90 days'::interval)
and d_date_sk = cs_sold_date_sk
and cs_ext_discount_amt
     > (
         select
            1.3 * avg(cs_ext_discount_amt)
         from
            catalog_sales
           ,date_dim
         where
              cs_item_sk = i_item_sk
          and d_date between '2000-02-04' and
                             (cast('2000-02-04' as date) + '90 days'::interval)
          and d_date_sk = cs_sold_date_sk
      )
limit 100;
tpcds.32.sh|2024-03-19 23:12:53|2024-03-19 23:14:26|93
select  sum(cs_ext_discount_amt)  as "excess discount amount"
from
   catalog_sales
   ,item
   ,date_dim
where
i_manufact_id = 328
and i_item_sk = cs_item_sk
and d_date between '2000-02-04' and
        (cast('2000-02-04' as date) + '90 days'::interval)
and d_date_sk = cs_sold_date_sk
and cs_ext_discount_amt
     > (
         select
            1.3 * avg(cs_ext_discount_amt)
         from
            catalog_sales
           ,date_dim
         where
              cs_item_sk = i_item_sk
          and d_date between '2000-02-04' and
                             (cast('2000-02-04' as date) + '90 days'::interval)
          and d_date_sk = cs_sold_date_sk
      )
limit 100;
tpcds.32.sh|2024-03-19 23:14:27|2024-03-19 23:15:47|80
select  sum(cs_ext_discount_amt)  as "excess discount amount"
from
   catalog_sales
   ,item
   ,date_dim
where
i_manufact_id = 328
and i_item_sk = cs_item_sk
and d_date between '2000-02-04' and
        (cast('2000-02-04' as date) + '90 days'::interval)
and d_date_sk = cs_sold_date_sk
and cs_ext_discount_amt
     > (
         select
            1.3 * avg(cs_ext_discount_amt)
         from
            catalog_sales
           ,date_dim
         where
              cs_item_sk = i_item_sk
          and d_date between '2000-02-04' and
                             (cast('2000-02-04' as date) + '90 days'::interval)
          and d_date_sk = cs_sold_date_sk
      )
limit 100;
tpcds.32.sh|2024-03-19 23:15:48|2024-03-19 23:17:29|101
select  sum(cs_ext_discount_amt)  as "excess discount amount"
from
   catalog_sales
   ,item
   ,date_dim
where
i_manufact_id = 328
and i_item_sk = cs_item_sk
and d_date between '2000-02-04' and
        (cast('2000-02-04' as date) + '90 days'::interval)
and d_date_sk = cs_sold_date_sk
and cs_ext_discount_amt
     > (
         select
            1.3 * avg(cs_ext_discount_amt)
         from
            catalog_sales
           ,date_dim
         where
              cs_item_sk = i_item_sk
          and d_date between '2000-02-04' and
                             (cast('2000-02-04' as date) + '90 days'::interval)
          and d_date_sk = cs_sold_date_sk
      )
limit 100;
ERROR:  canceling statement due to user request
tpcds.32.sh|2024-03-19 23:17:30|2024-03-19 23:18:11|41
