select case when (select count(*)
                  from store_sales
                  where ss_quantity between 1 and 20) > 79544075
            then (select avg(ss_ext_discount_amt)
                  from store_sales
                  where ss_quantity between 1 and 20)
            else (select avg(ss_net_profit)
                  from store_sales
                  where ss_quantity between 1 and 20) end bucket1 ,
       case when (select count(*)
                  from store_sales
                  where ss_quantity between 21 and 40) > 139899749
            then (select avg(ss_ext_discount_amt)
                  from store_sales
                  where ss_quantity between 21 and 40)
            else (select avg(ss_net_profit)
                  from store_sales
                  where ss_quantity between 21 and 40) end bucket2,
       case when (select count(*)
                  from store_sales
                  where ss_quantity between 41 and 60) > 120388910
            then (select avg(ss_ext_discount_amt)
                  from store_sales
                  where ss_quantity between 41 and 60)
            else (select avg(ss_net_profit)
                  from store_sales
                  where ss_quantity between 41 and 60) end bucket3,
       case when (select count(*)
                  from store_sales
                  where ss_quantity between 61 and 80) > 76328285
            then (select avg(ss_ext_discount_amt)
                  from store_sales
                  where ss_quantity between 61 and 80)
            else (select avg(ss_net_profit)
                  from store_sales
                  where ss_quantity between 61 and 80) end bucket4,
       case when (select count(*)
                  from store_sales
                  where ss_quantity between 81 and 100) > 56401052
            then (select avg(ss_ext_discount_amt)
                  from store_sales
                  where ss_quantity between 81 and 100)
            else (select avg(ss_net_profit)
                  from store_sales
                  where ss_quantity between 81 and 100) end bucket5
from reason
where r_reason_sk = 1
;
tpcds.09.sh|2024-03-19 21:18:04|2024-03-19 21:25:24|440
select case when (select count(*)
                  from store_sales
                  where ss_quantity between 1 and 20) > 79544075
            then (select avg(ss_ext_discount_amt)
                  from store_sales
                  where ss_quantity between 1 and 20)
            else (select avg(ss_net_profit)
                  from store_sales
                  where ss_quantity between 1 and 20) end bucket1 ,
       case when (select count(*)
                  from store_sales
                  where ss_quantity between 21 and 40) > 139899749
            then (select avg(ss_ext_discount_amt)
                  from store_sales
                  where ss_quantity between 21 and 40)
            else (select avg(ss_net_profit)
                  from store_sales
                  where ss_quantity between 21 and 40) end bucket2,
       case when (select count(*)
                  from store_sales
                  where ss_quantity between 41 and 60) > 120388910
            then (select avg(ss_ext_discount_amt)
                  from store_sales
                  where ss_quantity between 41 and 60)
            else (select avg(ss_net_profit)
                  from store_sales
                  where ss_quantity between 41 and 60) end bucket3,
       case when (select count(*)
                  from store_sales
                  where ss_quantity between 61 and 80) > 76328285
            then (select avg(ss_ext_discount_amt)
                  from store_sales
                  where ss_quantity between 61 and 80)
            else (select avg(ss_net_profit)
                  from store_sales
                  where ss_quantity between 61 and 80) end bucket4,
       case when (select count(*)
                  from store_sales
                  where ss_quantity between 81 and 100) > 56401052
            then (select avg(ss_ext_discount_amt)
                  from store_sales
                  where ss_quantity between 81 and 100)
            else (select avg(ss_net_profit)
                  from store_sales
                  where ss_quantity between 81 and 100) end bucket5
from reason
where r_reason_sk = 1
;
tpcds.09.sh|2024-03-19 21:25:25|2024-03-19 21:32:14|409
select case when (select count(*)
                  from store_sales
                  where ss_quantity between 1 and 20) > 79544075
            then (select avg(ss_ext_discount_amt)
                  from store_sales
                  where ss_quantity between 1 and 20)
            else (select avg(ss_net_profit)
                  from store_sales
                  where ss_quantity between 1 and 20) end bucket1 ,
       case when (select count(*)
                  from store_sales
                  where ss_quantity between 21 and 40) > 139899749
            then (select avg(ss_ext_discount_amt)
                  from store_sales
                  where ss_quantity between 21 and 40)
            else (select avg(ss_net_profit)
                  from store_sales
                  where ss_quantity between 21 and 40) end bucket2,
       case when (select count(*)
                  from store_sales
                  where ss_quantity between 41 and 60) > 120388910
            then (select avg(ss_ext_discount_amt)
                  from store_sales
                  where ss_quantity between 41 and 60)
            else (select avg(ss_net_profit)
                  from store_sales
                  where ss_quantity between 41 and 60) end bucket3,
       case when (select count(*)
                  from store_sales
                  where ss_quantity between 61 and 80) > 76328285
            then (select avg(ss_ext_discount_amt)
                  from store_sales
                  where ss_quantity between 61 and 80)
            else (select avg(ss_net_profit)
                  from store_sales
                  where ss_quantity between 61 and 80) end bucket4,
       case when (select count(*)
                  from store_sales
                  where ss_quantity between 81 and 100) > 56401052
            then (select avg(ss_ext_discount_amt)
                  from store_sales
                  where ss_quantity between 81 and 100)
            else (select avg(ss_net_profit)
                  from store_sales
                  where ss_quantity between 81 and 100) end bucket5
from reason
where r_reason_sk = 1
;
tpcds.09.sh|2024-03-19 21:32:15|2024-03-19 21:39:28|433
select case when (select count(*)
                  from store_sales
                  where ss_quantity between 1 and 20) > 79544075
            then (select avg(ss_ext_discount_amt)
                  from store_sales
                  where ss_quantity between 1 and 20)
            else (select avg(ss_net_profit)
                  from store_sales
                  where ss_quantity between 1 and 20) end bucket1 ,
       case when (select count(*)
                  from store_sales
                  where ss_quantity between 21 and 40) > 139899749
            then (select avg(ss_ext_discount_amt)
                  from store_sales
                  where ss_quantity between 21 and 40)
            else (select avg(ss_net_profit)
                  from store_sales
                  where ss_quantity between 21 and 40) end bucket2,
       case when (select count(*)
                  from store_sales
                  where ss_quantity between 41 and 60) > 120388910
            then (select avg(ss_ext_discount_amt)
                  from store_sales
                  where ss_quantity between 41 and 60)
            else (select avg(ss_net_profit)
                  from store_sales
                  where ss_quantity between 41 and 60) end bucket3,
       case when (select count(*)
                  from store_sales
                  where ss_quantity between 61 and 80) > 76328285
            then (select avg(ss_ext_discount_amt)
                  from store_sales
                  where ss_quantity between 61 and 80)
            else (select avg(ss_net_profit)
                  from store_sales
                  where ss_quantity between 61 and 80) end bucket4,
       case when (select count(*)
                  from store_sales
                  where ss_quantity between 81 and 100) > 56401052
            then (select avg(ss_ext_discount_amt)
                  from store_sales
                  where ss_quantity between 81 and 100)
            else (select avg(ss_net_profit)
                  from store_sales
                  where ss_quantity between 81 and 100) end bucket5
from reason
where r_reason_sk = 1
;
tpcds.09.sh|2024-03-19 21:39:29|2024-03-19 21:47:35|486
select case when (select count(*)
                  from store_sales
                  where ss_quantity between 1 and 20) > 79544075
            then (select avg(ss_ext_discount_amt)
                  from store_sales
                  where ss_quantity between 1 and 20)
            else (select avg(ss_net_profit)
                  from store_sales
                  where ss_quantity between 1 and 20) end bucket1 ,
       case when (select count(*)
                  from store_sales
                  where ss_quantity between 21 and 40) > 139899749
            then (select avg(ss_ext_discount_amt)
                  from store_sales
                  where ss_quantity between 21 and 40)
            else (select avg(ss_net_profit)
                  from store_sales
                  where ss_quantity between 21 and 40) end bucket2,
       case when (select count(*)
                  from store_sales
                  where ss_quantity between 41 and 60) > 120388910
            then (select avg(ss_ext_discount_amt)
                  from store_sales
                  where ss_quantity between 41 and 60)
            else (select avg(ss_net_profit)
                  from store_sales
                  where ss_quantity between 41 and 60) end bucket3,
       case when (select count(*)
                  from store_sales
                  where ss_quantity between 61 and 80) > 76328285
            then (select avg(ss_ext_discount_amt)
                  from store_sales
                  where ss_quantity between 61 and 80)
            else (select avg(ss_net_profit)
                  from store_sales
                  where ss_quantity between 61 and 80) end bucket4,
       case when (select count(*)
                  from store_sales
                  where ss_quantity between 81 and 100) > 56401052
            then (select avg(ss_ext_discount_amt)
                  from store_sales
                  where ss_quantity between 81 and 100)
            else (select avg(ss_net_profit)
                  from store_sales
                  where ss_quantity between 81 and 100) end bucket5
from reason
where r_reason_sk = 1
;
tpcds.09.sh|2024-03-19 21:47:36|2024-03-19 21:55:17|461
select case when (select count(*)
                  from store_sales
                  where ss_quantity between 1 and 20) > 79544075
            then (select avg(ss_ext_discount_amt)
                  from store_sales
                  where ss_quantity between 1 and 20)
            else (select avg(ss_net_profit)
                  from store_sales
                  where ss_quantity between 1 and 20) end bucket1 ,
       case when (select count(*)
                  from store_sales
                  where ss_quantity between 21 and 40) > 139899749
            then (select avg(ss_ext_discount_amt)
                  from store_sales
                  where ss_quantity between 21 and 40)
            else (select avg(ss_net_profit)
                  from store_sales
                  where ss_quantity between 21 and 40) end bucket2,
       case when (select count(*)
                  from store_sales
                  where ss_quantity between 41 and 60) > 120388910
            then (select avg(ss_ext_discount_amt)
                  from store_sales
                  where ss_quantity between 41 and 60)
            else (select avg(ss_net_profit)
                  from store_sales
                  where ss_quantity between 41 and 60) end bucket3,
       case when (select count(*)
                  from store_sales
                  where ss_quantity between 61 and 80) > 76328285
            then (select avg(ss_ext_discount_amt)
                  from store_sales
                  where ss_quantity between 61 and 80)
            else (select avg(ss_net_profit)
                  from store_sales
                  where ss_quantity between 61 and 80) end bucket4,
       case when (select count(*)
                  from store_sales
                  where ss_quantity between 81 and 100) > 56401052
            then (select avg(ss_ext_discount_amt)
                  from store_sales
                  where ss_quantity between 81 and 100)
            else (select avg(ss_net_profit)
                  from store_sales
                  where ss_quantity between 81 and 100) end bucket5
from reason
where r_reason_sk = 1
;
tpcds.09.sh|2024-03-19 21:55:18|2024-03-19 22:01:51|393
select case when (select count(*)
                  from store_sales
                  where ss_quantity between 1 and 20) > 79544075
            then (select avg(ss_ext_discount_amt)
                  from store_sales
                  where ss_quantity between 1 and 20)
            else (select avg(ss_net_profit)
                  from store_sales
                  where ss_quantity between 1 and 20) end bucket1 ,
       case when (select count(*)
                  from store_sales
                  where ss_quantity between 21 and 40) > 139899749
            then (select avg(ss_ext_discount_amt)
                  from store_sales
                  where ss_quantity between 21 and 40)
            else (select avg(ss_net_profit)
                  from store_sales
                  where ss_quantity between 21 and 40) end bucket2,
       case when (select count(*)
                  from store_sales
                  where ss_quantity between 41 and 60) > 120388910
            then (select avg(ss_ext_discount_amt)
                  from store_sales
                  where ss_quantity between 41 and 60)
            else (select avg(ss_net_profit)
                  from store_sales
                  where ss_quantity between 41 and 60) end bucket3,
       case when (select count(*)
                  from store_sales
                  where ss_quantity between 61 and 80) > 76328285
            then (select avg(ss_ext_discount_amt)
                  from store_sales
                  where ss_quantity between 61 and 80)
            else (select avg(ss_net_profit)
                  from store_sales
                  where ss_quantity between 61 and 80) end bucket4,
       case when (select count(*)
                  from store_sales
                  where ss_quantity between 81 and 100) > 56401052
            then (select avg(ss_ext_discount_amt)
                  from store_sales
                  where ss_quantity between 81 and 100)
            else (select avg(ss_net_profit)
                  from store_sales
                  where ss_quantity between 81 and 100) end bucket5
from reason
where r_reason_sk = 1
;
tpcds.09.sh|2024-03-19 22:01:52|2024-03-19 22:11:49|597
select case when (select count(*)
                  from store_sales
                  where ss_quantity between 1 and 20) > 79544075
            then (select avg(ss_ext_discount_amt)
                  from store_sales
                  where ss_quantity between 1 and 20)
            else (select avg(ss_net_profit)
                  from store_sales
                  where ss_quantity between 1 and 20) end bucket1 ,
       case when (select count(*)
                  from store_sales
                  where ss_quantity between 21 and 40) > 139899749
            then (select avg(ss_ext_discount_amt)
                  from store_sales
                  where ss_quantity between 21 and 40)
            else (select avg(ss_net_profit)
                  from store_sales
                  where ss_quantity between 21 and 40) end bucket2,
       case when (select count(*)
                  from store_sales
                  where ss_quantity between 41 and 60) > 120388910
            then (select avg(ss_ext_discount_amt)
                  from store_sales
                  where ss_quantity between 41 and 60)
            else (select avg(ss_net_profit)
                  from store_sales
                  where ss_quantity between 41 and 60) end bucket3,
       case when (select count(*)
                  from store_sales
                  where ss_quantity between 61 and 80) > 76328285
            then (select avg(ss_ext_discount_amt)
                  from store_sales
                  where ss_quantity between 61 and 80)
            else (select avg(ss_net_profit)
                  from store_sales
                  where ss_quantity between 61 and 80) end bucket4,
       case when (select count(*)
                  from store_sales
                  where ss_quantity between 81 and 100) > 56401052
            then (select avg(ss_ext_discount_amt)
                  from store_sales
                  where ss_quantity between 81 and 100)
            else (select avg(ss_net_profit)
                  from store_sales
                  where ss_quantity between 81 and 100) end bucket5
from reason
where r_reason_sk = 1
;
tpcds.09.sh|2024-03-19 22:11:50|2024-03-19 22:19:46|476
select case when (select count(*)
                  from store_sales
                  where ss_quantity between 1 and 20) > 79544075
            then (select avg(ss_ext_discount_amt)
                  from store_sales
                  where ss_quantity between 1 and 20)
            else (select avg(ss_net_profit)
                  from store_sales
                  where ss_quantity between 1 and 20) end bucket1 ,
       case when (select count(*)
                  from store_sales
                  where ss_quantity between 21 and 40) > 139899749
            then (select avg(ss_ext_discount_amt)
                  from store_sales
                  where ss_quantity between 21 and 40)
            else (select avg(ss_net_profit)
                  from store_sales
                  where ss_quantity between 21 and 40) end bucket2,
       case when (select count(*)
                  from store_sales
                  where ss_quantity between 41 and 60) > 120388910
            then (select avg(ss_ext_discount_amt)
                  from store_sales
                  where ss_quantity between 41 and 60)
            else (select avg(ss_net_profit)
                  from store_sales
                  where ss_quantity between 41 and 60) end bucket3,
       case when (select count(*)
                  from store_sales
                  where ss_quantity between 61 and 80) > 76328285
            then (select avg(ss_ext_discount_amt)
                  from store_sales
                  where ss_quantity between 61 and 80)
            else (select avg(ss_net_profit)
                  from store_sales
                  where ss_quantity between 61 and 80) end bucket4,
       case when (select count(*)
                  from store_sales
                  where ss_quantity between 81 and 100) > 56401052
            then (select avg(ss_ext_discount_amt)
                  from store_sales
                  where ss_quantity between 81 and 100)
            else (select avg(ss_net_profit)
                  from store_sales
                  where ss_quantity between 81 and 100) end bucket5
from reason
where r_reason_sk = 1
;
tpcds.09.sh|2024-03-19 22:19:47|2024-03-19 22:27:33|466
select case when (select count(*)
                  from store_sales
                  where ss_quantity between 1 and 20) > 79544075
            then (select avg(ss_ext_discount_amt)
                  from store_sales
                  where ss_quantity between 1 and 20)
            else (select avg(ss_net_profit)
                  from store_sales
                  where ss_quantity between 1 and 20) end bucket1 ,
       case when (select count(*)
                  from store_sales
                  where ss_quantity between 21 and 40) > 139899749
            then (select avg(ss_ext_discount_amt)
                  from store_sales
                  where ss_quantity between 21 and 40)
            else (select avg(ss_net_profit)
                  from store_sales
                  where ss_quantity between 21 and 40) end bucket2,
       case when (select count(*)
                  from store_sales
                  where ss_quantity between 41 and 60) > 120388910
            then (select avg(ss_ext_discount_amt)
                  from store_sales
                  where ss_quantity between 41 and 60)
            else (select avg(ss_net_profit)
                  from store_sales
                  where ss_quantity between 41 and 60) end bucket3,
       case when (select count(*)
                  from store_sales
                  where ss_quantity between 61 and 80) > 76328285
            then (select avg(ss_ext_discount_amt)
                  from store_sales
                  where ss_quantity between 61 and 80)
            else (select avg(ss_net_profit)
                  from store_sales
                  where ss_quantity between 61 and 80) end bucket4,
       case when (select count(*)
                  from store_sales
                  where ss_quantity between 81 and 100) > 56401052
            then (select avg(ss_ext_discount_amt)
                  from store_sales
                  where ss_quantity between 81 and 100)
            else (select avg(ss_net_profit)
                  from store_sales
                  where ss_quantity between 81 and 100) end bucket5
from reason
where r_reason_sk = 1
;
tpcds.09.sh|2024-03-19 22:27:34|2024-03-19 22:38:12|638
select case when (select count(*)
                  from store_sales
                  where ss_quantity between 1 and 20) > 79544075
            then (select avg(ss_ext_discount_amt)
                  from store_sales
                  where ss_quantity between 1 and 20)
            else (select avg(ss_net_profit)
                  from store_sales
                  where ss_quantity between 1 and 20) end bucket1 ,
       case when (select count(*)
                  from store_sales
                  where ss_quantity between 21 and 40) > 139899749
            then (select avg(ss_ext_discount_amt)
                  from store_sales
                  where ss_quantity between 21 and 40)
            else (select avg(ss_net_profit)
                  from store_sales
                  where ss_quantity between 21 and 40) end bucket2,
       case when (select count(*)
                  from store_sales
                  where ss_quantity between 41 and 60) > 120388910
            then (select avg(ss_ext_discount_amt)
                  from store_sales
                  where ss_quantity between 41 and 60)
            else (select avg(ss_net_profit)
                  from store_sales
                  where ss_quantity between 41 and 60) end bucket3,
       case when (select count(*)
                  from store_sales
                  where ss_quantity between 61 and 80) > 76328285
            then (select avg(ss_ext_discount_amt)
                  from store_sales
                  where ss_quantity between 61 and 80)
            else (select avg(ss_net_profit)
                  from store_sales
                  where ss_quantity between 61 and 80) end bucket4,
       case when (select count(*)
                  from store_sales
                  where ss_quantity between 81 and 100) > 56401052
            then (select avg(ss_ext_discount_amt)
                  from store_sales
                  where ss_quantity between 81 and 100)
            else (select avg(ss_net_profit)
                  from store_sales
                  where ss_quantity between 81 and 100) end bucket5
from reason
where r_reason_sk = 1
;
tpcds.09.sh|2024-03-19 22:38:13|2024-03-19 22:46:52|519
select case when (select count(*)
                  from store_sales
                  where ss_quantity between 1 and 20) > 79544075
            then (select avg(ss_ext_discount_amt)
                  from store_sales
                  where ss_quantity between 1 and 20)
            else (select avg(ss_net_profit)
                  from store_sales
                  where ss_quantity between 1 and 20) end bucket1 ,
       case when (select count(*)
                  from store_sales
                  where ss_quantity between 21 and 40) > 139899749
            then (select avg(ss_ext_discount_amt)
                  from store_sales
                  where ss_quantity between 21 and 40)
            else (select avg(ss_net_profit)
                  from store_sales
                  where ss_quantity between 21 and 40) end bucket2,
       case when (select count(*)
                  from store_sales
                  where ss_quantity between 41 and 60) > 120388910
            then (select avg(ss_ext_discount_amt)
                  from store_sales
                  where ss_quantity between 41 and 60)
            else (select avg(ss_net_profit)
                  from store_sales
                  where ss_quantity between 41 and 60) end bucket3,
       case when (select count(*)
                  from store_sales
                  where ss_quantity between 61 and 80) > 76328285
            then (select avg(ss_ext_discount_amt)
                  from store_sales
                  where ss_quantity between 61 and 80)
            else (select avg(ss_net_profit)
                  from store_sales
                  where ss_quantity between 61 and 80) end bucket4,
       case when (select count(*)
                  from store_sales
                  where ss_quantity between 81 and 100) > 56401052
            then (select avg(ss_ext_discount_amt)
                  from store_sales
                  where ss_quantity between 81 and 100)
            else (select avg(ss_net_profit)
                  from store_sales
                  where ss_quantity between 81 and 100) end bucket5
from reason
where r_reason_sk = 1
;
tpcds.09.sh|2024-03-19 22:46:53|2024-03-19 22:54:56|483
select case when (select count(*)
                  from store_sales
                  where ss_quantity between 1 and 20) > 79544075
            then (select avg(ss_ext_discount_amt)
                  from store_sales
                  where ss_quantity between 1 and 20)
            else (select avg(ss_net_profit)
                  from store_sales
                  where ss_quantity between 1 and 20) end bucket1 ,
       case when (select count(*)
                  from store_sales
                  where ss_quantity between 21 and 40) > 139899749
            then (select avg(ss_ext_discount_amt)
                  from store_sales
                  where ss_quantity between 21 and 40)
            else (select avg(ss_net_profit)
                  from store_sales
                  where ss_quantity between 21 and 40) end bucket2,
       case when (select count(*)
                  from store_sales
                  where ss_quantity between 41 and 60) > 120388910
            then (select avg(ss_ext_discount_amt)
                  from store_sales
                  where ss_quantity between 41 and 60)
            else (select avg(ss_net_profit)
                  from store_sales
                  where ss_quantity between 41 and 60) end bucket3,
       case when (select count(*)
                  from store_sales
                  where ss_quantity between 61 and 80) > 76328285
            then (select avg(ss_ext_discount_amt)
                  from store_sales
                  where ss_quantity between 61 and 80)
            else (select avg(ss_net_profit)
                  from store_sales
                  where ss_quantity between 61 and 80) end bucket4,
       case when (select count(*)
                  from store_sales
                  where ss_quantity between 81 and 100) > 56401052
            then (select avg(ss_ext_discount_amt)
                  from store_sales
                  where ss_quantity between 81 and 100)
            else (select avg(ss_net_profit)
                  from store_sales
                  where ss_quantity between 81 and 100) end bucket5
from reason
where r_reason_sk = 1
;
tpcds.09.sh|2024-03-19 22:54:57|2024-03-19 23:03:55|538
select case when (select count(*)
                  from store_sales
                  where ss_quantity between 1 and 20) > 79544075
            then (select avg(ss_ext_discount_amt)
                  from store_sales
                  where ss_quantity between 1 and 20)
            else (select avg(ss_net_profit)
                  from store_sales
                  where ss_quantity between 1 and 20) end bucket1 ,
       case when (select count(*)
                  from store_sales
                  where ss_quantity between 21 and 40) > 139899749
            then (select avg(ss_ext_discount_amt)
                  from store_sales
                  where ss_quantity between 21 and 40)
            else (select avg(ss_net_profit)
                  from store_sales
                  where ss_quantity between 21 and 40) end bucket2,
       case when (select count(*)
                  from store_sales
                  where ss_quantity between 41 and 60) > 120388910
            then (select avg(ss_ext_discount_amt)
                  from store_sales
                  where ss_quantity between 41 and 60)
            else (select avg(ss_net_profit)
                  from store_sales
                  where ss_quantity between 41 and 60) end bucket3,
       case when (select count(*)
                  from store_sales
                  where ss_quantity between 61 and 80) > 76328285
            then (select avg(ss_ext_discount_amt)
                  from store_sales
                  where ss_quantity between 61 and 80)
            else (select avg(ss_net_profit)
                  from store_sales
                  where ss_quantity between 61 and 80) end bucket4,
       case when (select count(*)
                  from store_sales
                  where ss_quantity between 81 and 100) > 56401052
            then (select avg(ss_ext_discount_amt)
                  from store_sales
                  where ss_quantity between 81 and 100)
            else (select avg(ss_net_profit)
                  from store_sales
                  where ss_quantity between 81 and 100) end bucket5
from reason
where r_reason_sk = 1
;
tpcds.09.sh|2024-03-19 23:03:56|2024-03-19 23:11:29|453
select case when (select count(*)
                  from store_sales
                  where ss_quantity between 1 and 20) > 79544075
            then (select avg(ss_ext_discount_amt)
                  from store_sales
                  where ss_quantity between 1 and 20)
            else (select avg(ss_net_profit)
                  from store_sales
                  where ss_quantity between 1 and 20) end bucket1 ,
       case when (select count(*)
                  from store_sales
                  where ss_quantity between 21 and 40) > 139899749
            then (select avg(ss_ext_discount_amt)
                  from store_sales
                  where ss_quantity between 21 and 40)
            else (select avg(ss_net_profit)
                  from store_sales
                  where ss_quantity between 21 and 40) end bucket2,
       case when (select count(*)
                  from store_sales
                  where ss_quantity between 41 and 60) > 120388910
            then (select avg(ss_ext_discount_amt)
                  from store_sales
                  where ss_quantity between 41 and 60)
            else (select avg(ss_net_profit)
                  from store_sales
                  where ss_quantity between 41 and 60) end bucket3,
       case when (select count(*)
                  from store_sales
                  where ss_quantity between 61 and 80) > 76328285
            then (select avg(ss_ext_discount_amt)
                  from store_sales
                  where ss_quantity between 61 and 80)
            else (select avg(ss_net_profit)
                  from store_sales
                  where ss_quantity between 61 and 80) end bucket4,
       case when (select count(*)
                  from store_sales
                  where ss_quantity between 81 and 100) > 56401052
            then (select avg(ss_ext_discount_amt)
                  from store_sales
                  where ss_quantity between 81 and 100)
            else (select avg(ss_net_profit)
                  from store_sales
                  where ss_quantity between 81 and 100) end bucket5
from reason
where r_reason_sk = 1
;
ERROR:  canceling statement due to user request
tpcds.09.sh|2024-03-19 23:11:30|2024-03-19 23:18:09|399
