select  i_item_id,
        avg(cs_quantity) agg1,
        avg(cs_list_price) agg2,
        avg(cs_coupon_amt) agg3,
        avg(cs_sales_price) agg4
 from catalog_sales, customer_demographics, date_dim, item, promotion
 where cs_sold_date_sk = d_date_sk and
       cs_item_sk = i_item_sk and
       cs_bill_cdemo_sk = cd_demo_sk and
       cs_promo_sk = p_promo_sk and
       cd_gender = 'M' and
       cd_marital_status = 'M' and
       cd_education_status = 'Secondary' and
       (p_channel_email = 'N' or p_channel_event = 'N') and
       d_year = 2000
 group by i_item_id
 order by i_item_id
 limit 100;
tpcds.26.sh|2024-04-09 05:53:58|2024-04-09 05:55:15|77
select  i_item_id,
        avg(cs_quantity) agg1,
        avg(cs_list_price) agg2,
        avg(cs_coupon_amt) agg3,
        avg(cs_sales_price) agg4
 from catalog_sales, customer_demographics, date_dim, item, promotion
 where cs_sold_date_sk = d_date_sk and
       cs_item_sk = i_item_sk and
       cs_bill_cdemo_sk = cd_demo_sk and
       cs_promo_sk = p_promo_sk and
       cd_gender = 'M' and
       cd_marital_status = 'M' and
       cd_education_status = 'Secondary' and
       (p_channel_email = 'N' or p_channel_event = 'N') and
       d_year = 2000
 group by i_item_id
 order by i_item_id
 limit 100;
tpcds.26.sh|2024-04-09 05:55:16|2024-04-09 05:56:57|101
select  i_item_id,
        avg(cs_quantity) agg1,
        avg(cs_list_price) agg2,
        avg(cs_coupon_amt) agg3,
        avg(cs_sales_price) agg4
 from catalog_sales, customer_demographics, date_dim, item, promotion
 where cs_sold_date_sk = d_date_sk and
       cs_item_sk = i_item_sk and
       cs_bill_cdemo_sk = cd_demo_sk and
       cs_promo_sk = p_promo_sk and
       cd_gender = 'M' and
       cd_marital_status = 'M' and
       cd_education_status = 'Secondary' and
       (p_channel_email = 'N' or p_channel_event = 'N') and
       d_year = 2000
 group by i_item_id
 order by i_item_id
 limit 100;
tpcds.26.sh|2024-04-09 05:56:58|2024-04-09 05:58:01|63
select  i_item_id,
        avg(cs_quantity) agg1,
        avg(cs_list_price) agg2,
        avg(cs_coupon_amt) agg3,
        avg(cs_sales_price) agg4
 from catalog_sales, customer_demographics, date_dim, item, promotion
 where cs_sold_date_sk = d_date_sk and
       cs_item_sk = i_item_sk and
       cs_bill_cdemo_sk = cd_demo_sk and
       cs_promo_sk = p_promo_sk and
       cd_gender = 'M' and
       cd_marital_status = 'M' and
       cd_education_status = 'Secondary' and
       (p_channel_email = 'N' or p_channel_event = 'N') and
       d_year = 2000
 group by i_item_id
 order by i_item_id
 limit 100;
tpcds.26.sh|2024-04-09 05:58:02|2024-04-09 05:59:23|81
select  i_item_id,
        avg(cs_quantity) agg1,
        avg(cs_list_price) agg2,
        avg(cs_coupon_amt) agg3,
        avg(cs_sales_price) agg4
 from catalog_sales, customer_demographics, date_dim, item, promotion
 where cs_sold_date_sk = d_date_sk and
       cs_item_sk = i_item_sk and
       cs_bill_cdemo_sk = cd_demo_sk and
       cs_promo_sk = p_promo_sk and
       cd_gender = 'M' and
       cd_marital_status = 'M' and
       cd_education_status = 'Secondary' and
       (p_channel_email = 'N' or p_channel_event = 'N') and
       d_year = 2000
 group by i_item_id
 order by i_item_id
 limit 100;
tpcds.26.sh|2024-04-09 05:59:24|2024-04-09 06:00:59|95
select  i_item_id,
        avg(cs_quantity) agg1,
        avg(cs_list_price) agg2,
        avg(cs_coupon_amt) agg3,
        avg(cs_sales_price) agg4
 from catalog_sales, customer_demographics, date_dim, item, promotion
 where cs_sold_date_sk = d_date_sk and
       cs_item_sk = i_item_sk and
       cs_bill_cdemo_sk = cd_demo_sk and
       cs_promo_sk = p_promo_sk and
       cd_gender = 'M' and
       cd_marital_status = 'M' and
       cd_education_status = 'Secondary' and
       (p_channel_email = 'N' or p_channel_event = 'N') and
       d_year = 2000
 group by i_item_id
 order by i_item_id
 limit 100;
tpcds.26.sh|2024-04-09 06:01:00|2024-04-09 06:02:19|79
select  i_item_id,
        avg(cs_quantity) agg1,
        avg(cs_list_price) agg2,
        avg(cs_coupon_amt) agg3,
        avg(cs_sales_price) agg4
 from catalog_sales, customer_demographics, date_dim, item, promotion
 where cs_sold_date_sk = d_date_sk and
       cs_item_sk = i_item_sk and
       cs_bill_cdemo_sk = cd_demo_sk and
       cs_promo_sk = p_promo_sk and
       cd_gender = 'M' and
       cd_marital_status = 'M' and
       cd_education_status = 'Secondary' and
       (p_channel_email = 'N' or p_channel_event = 'N') and
       d_year = 2000
 group by i_item_id
 order by i_item_id
 limit 100;
tpcds.26.sh|2024-04-09 06:02:20|2024-04-09 06:03:09|49
select  i_item_id,
        avg(cs_quantity) agg1,
        avg(cs_list_price) agg2,
        avg(cs_coupon_amt) agg3,
        avg(cs_sales_price) agg4
 from catalog_sales, customer_demographics, date_dim, item, promotion
 where cs_sold_date_sk = d_date_sk and
       cs_item_sk = i_item_sk and
       cs_bill_cdemo_sk = cd_demo_sk and
       cs_promo_sk = p_promo_sk and
       cd_gender = 'M' and
       cd_marital_status = 'M' and
       cd_education_status = 'Secondary' and
       (p_channel_email = 'N' or p_channel_event = 'N') and
       d_year = 2000
 group by i_item_id
 order by i_item_id
 limit 100;
tpcds.26.sh|2024-04-09 06:03:10|2024-04-09 06:04:18|68
select  i_item_id,
        avg(cs_quantity) agg1,
        avg(cs_list_price) agg2,
        avg(cs_coupon_amt) agg3,
        avg(cs_sales_price) agg4
 from catalog_sales, customer_demographics, date_dim, item, promotion
 where cs_sold_date_sk = d_date_sk and
       cs_item_sk = i_item_sk and
       cs_bill_cdemo_sk = cd_demo_sk and
       cs_promo_sk = p_promo_sk and
       cd_gender = 'M' and
       cd_marital_status = 'M' and
       cd_education_status = 'Secondary' and
       (p_channel_email = 'N' or p_channel_event = 'N') and
       d_year = 2000
 group by i_item_id
 order by i_item_id
 limit 100;
tpcds.26.sh|2024-04-09 06:04:19|2024-04-09 06:05:37|78
select  i_item_id,
        avg(cs_quantity) agg1,
        avg(cs_list_price) agg2,
        avg(cs_coupon_amt) agg3,
        avg(cs_sales_price) agg4
 from catalog_sales, customer_demographics, date_dim, item, promotion
 where cs_sold_date_sk = d_date_sk and
       cs_item_sk = i_item_sk and
       cs_bill_cdemo_sk = cd_demo_sk and
       cs_promo_sk = p_promo_sk and
       cd_gender = 'M' and
       cd_marital_status = 'M' and
       cd_education_status = 'Secondary' and
       (p_channel_email = 'N' or p_channel_event = 'N') and
       d_year = 2000
 group by i_item_id
 order by i_item_id
 limit 100;
tpcds.26.sh|2024-04-09 06:05:38|2024-04-09 06:07:07|89
select  i_item_id,
        avg(cs_quantity) agg1,
        avg(cs_list_price) agg2,
        avg(cs_coupon_amt) agg3,
        avg(cs_sales_price) agg4
 from catalog_sales, customer_demographics, date_dim, item, promotion
 where cs_sold_date_sk = d_date_sk and
       cs_item_sk = i_item_sk and
       cs_bill_cdemo_sk = cd_demo_sk and
       cs_promo_sk = p_promo_sk and
       cd_gender = 'M' and
       cd_marital_status = 'M' and
       cd_education_status = 'Secondary' and
       (p_channel_email = 'N' or p_channel_event = 'N') and
       d_year = 2000
 group by i_item_id
 order by i_item_id
 limit 100;
tpcds.26.sh|2024-04-09 06:07:08|2024-04-09 06:08:34|86
select  i_item_id,
        avg(cs_quantity) agg1,
        avg(cs_list_price) agg2,
        avg(cs_coupon_amt) agg3,
        avg(cs_sales_price) agg4
 from catalog_sales, customer_demographics, date_dim, item, promotion
 where cs_sold_date_sk = d_date_sk and
       cs_item_sk = i_item_sk and
       cs_bill_cdemo_sk = cd_demo_sk and
       cs_promo_sk = p_promo_sk and
       cd_gender = 'M' and
       cd_marital_status = 'M' and
       cd_education_status = 'Secondary' and
       (p_channel_email = 'N' or p_channel_event = 'N') and
       d_year = 2000
 group by i_item_id
 order by i_item_id
 limit 100;
tpcds.26.sh|2024-04-09 06:08:35|2024-04-09 06:09:42|67
select  i_item_id,
        avg(cs_quantity) agg1,
        avg(cs_list_price) agg2,
        avg(cs_coupon_amt) agg3,
        avg(cs_sales_price) agg4
 from catalog_sales, customer_demographics, date_dim, item, promotion
 where cs_sold_date_sk = d_date_sk and
       cs_item_sk = i_item_sk and
       cs_bill_cdemo_sk = cd_demo_sk and
       cs_promo_sk = p_promo_sk and
       cd_gender = 'M' and
       cd_marital_status = 'M' and
       cd_education_status = 'Secondary' and
       (p_channel_email = 'N' or p_channel_event = 'N') and
       d_year = 2000
 group by i_item_id
 order by i_item_id
 limit 100;
tpcds.26.sh|2024-04-09 06:09:43|2024-04-09 06:11:03|80
select  i_item_id,
        avg(cs_quantity) agg1,
        avg(cs_list_price) agg2,
        avg(cs_coupon_amt) agg3,
        avg(cs_sales_price) agg4
 from catalog_sales, customer_demographics, date_dim, item, promotion
 where cs_sold_date_sk = d_date_sk and
       cs_item_sk = i_item_sk and
       cs_bill_cdemo_sk = cd_demo_sk and
       cs_promo_sk = p_promo_sk and
       cd_gender = 'M' and
       cd_marital_status = 'M' and
       cd_education_status = 'Secondary' and
       (p_channel_email = 'N' or p_channel_event = 'N') and
       d_year = 2000
 group by i_item_id
 order by i_item_id
 limit 100;
tpcds.26.sh|2024-04-09 06:11:04|2024-04-09 06:12:24|80
select  i_item_id,
        avg(cs_quantity) agg1,
        avg(cs_list_price) agg2,
        avg(cs_coupon_amt) agg3,
        avg(cs_sales_price) agg4
 from catalog_sales, customer_demographics, date_dim, item, promotion
 where cs_sold_date_sk = d_date_sk and
       cs_item_sk = i_item_sk and
       cs_bill_cdemo_sk = cd_demo_sk and
       cs_promo_sk = p_promo_sk and
       cd_gender = 'M' and
       cd_marital_status = 'M' and
       cd_education_status = 'Secondary' and
       (p_channel_email = 'N' or p_channel_event = 'N') and
       d_year = 2000
 group by i_item_id
 order by i_item_id
 limit 100;
tpcds.26.sh|2024-04-09 06:12:25|2024-04-09 06:13:10|45
select  i_item_id,
        avg(cs_quantity) agg1,
        avg(cs_list_price) agg2,
        avg(cs_coupon_amt) agg3,
        avg(cs_sales_price) agg4
 from catalog_sales, customer_demographics, date_dim, item, promotion
 where cs_sold_date_sk = d_date_sk and
       cs_item_sk = i_item_sk and
       cs_bill_cdemo_sk = cd_demo_sk and
       cs_promo_sk = p_promo_sk and
       cd_gender = 'M' and
       cd_marital_status = 'M' and
       cd_education_status = 'Secondary' and
       (p_channel_email = 'N' or p_channel_event = 'N') and
       d_year = 2000
 group by i_item_id
 order by i_item_id
 limit 100;
tpcds.26.sh|2024-04-09 06:13:11|2024-04-09 06:14:30|79
select  i_item_id,
        avg(cs_quantity) agg1,
        avg(cs_list_price) agg2,
        avg(cs_coupon_amt) agg3,
        avg(cs_sales_price) agg4
 from catalog_sales, customer_demographics, date_dim, item, promotion
 where cs_sold_date_sk = d_date_sk and
       cs_item_sk = i_item_sk and
       cs_bill_cdemo_sk = cd_demo_sk and
       cs_promo_sk = p_promo_sk and
       cd_gender = 'M' and
       cd_marital_status = 'M' and
       cd_education_status = 'Secondary' and
       (p_channel_email = 'N' or p_channel_event = 'N') and
       d_year = 2000
 group by i_item_id
 order by i_item_id
 limit 100;
tpcds.26.sh|2024-04-09 06:14:31|2024-04-09 06:15:51|80
select  i_item_id,
        avg(cs_quantity) agg1,
        avg(cs_list_price) agg2,
        avg(cs_coupon_amt) agg3,
        avg(cs_sales_price) agg4
 from catalog_sales, customer_demographics, date_dim, item, promotion
 where cs_sold_date_sk = d_date_sk and
       cs_item_sk = i_item_sk and
       cs_bill_cdemo_sk = cd_demo_sk and
       cs_promo_sk = p_promo_sk and
       cd_gender = 'M' and
       cd_marital_status = 'M' and
       cd_education_status = 'Secondary' and
       (p_channel_email = 'N' or p_channel_event = 'N') and
       d_year = 2000
 group by i_item_id
 order by i_item_id
 limit 100;
tpcds.26.sh|2024-04-09 06:15:52|2024-04-09 06:17:17|85
select  i_item_id,
        avg(cs_quantity) agg1,
        avg(cs_list_price) agg2,
        avg(cs_coupon_amt) agg3,
        avg(cs_sales_price) agg4
 from catalog_sales, customer_demographics, date_dim, item, promotion
 where cs_sold_date_sk = d_date_sk and
       cs_item_sk = i_item_sk and
       cs_bill_cdemo_sk = cd_demo_sk and
       cs_promo_sk = p_promo_sk and
       cd_gender = 'M' and
       cd_marital_status = 'M' and
       cd_education_status = 'Secondary' and
       (p_channel_email = 'N' or p_channel_event = 'N') and
       d_year = 2000
 group by i_item_id
 order by i_item_id
 limit 100;
tpcds.26.sh|2024-04-09 06:17:18|2024-04-09 06:18:07|49
select  i_item_id,
        avg(cs_quantity) agg1,
        avg(cs_list_price) agg2,
        avg(cs_coupon_amt) agg3,
        avg(cs_sales_price) agg4
 from catalog_sales, customer_demographics, date_dim, item, promotion
 where cs_sold_date_sk = d_date_sk and
       cs_item_sk = i_item_sk and
       cs_bill_cdemo_sk = cd_demo_sk and
       cs_promo_sk = p_promo_sk and
       cd_gender = 'M' and
       cd_marital_status = 'M' and
       cd_education_status = 'Secondary' and
       (p_channel_email = 'N' or p_channel_event = 'N') and
       d_year = 2000
 group by i_item_id
 order by i_item_id
 limit 100;
tpcds.26.sh|2024-04-09 06:18:08|2024-04-09 06:19:30|82
select  i_item_id,
        avg(cs_quantity) agg1,
        avg(cs_list_price) agg2,
        avg(cs_coupon_amt) agg3,
        avg(cs_sales_price) agg4
 from catalog_sales, customer_demographics, date_dim, item, promotion
 where cs_sold_date_sk = d_date_sk and
       cs_item_sk = i_item_sk and
       cs_bill_cdemo_sk = cd_demo_sk and
       cs_promo_sk = p_promo_sk and
       cd_gender = 'M' and
       cd_marital_status = 'M' and
       cd_education_status = 'Secondary' and
       (p_channel_email = 'N' or p_channel_event = 'N') and
       d_year = 2000
 group by i_item_id
 order by i_item_id
 limit 100;
tpcds.26.sh|2024-04-09 06:19:31|2024-04-09 06:21:10|99
select  i_item_id,
        avg(cs_quantity) agg1,
        avg(cs_list_price) agg2,
        avg(cs_coupon_amt) agg3,
        avg(cs_sales_price) agg4
 from catalog_sales, customer_demographics, date_dim, item, promotion
 where cs_sold_date_sk = d_date_sk and
       cs_item_sk = i_item_sk and
       cs_bill_cdemo_sk = cd_demo_sk and
       cs_promo_sk = p_promo_sk and
       cd_gender = 'M' and
       cd_marital_status = 'M' and
       cd_education_status = 'Secondary' and
       (p_channel_email = 'N' or p_channel_event = 'N') and
       d_year = 2000
 group by i_item_id
 order by i_item_id
 limit 100;
tpcds.26.sh|2024-04-09 06:21:11|2024-04-09 06:22:13|62
select  i_item_id,
        avg(cs_quantity) agg1,
        avg(cs_list_price) agg2,
        avg(cs_coupon_amt) agg3,
        avg(cs_sales_price) agg4
 from catalog_sales, customer_demographics, date_dim, item, promotion
 where cs_sold_date_sk = d_date_sk and
       cs_item_sk = i_item_sk and
       cs_bill_cdemo_sk = cd_demo_sk and
       cs_promo_sk = p_promo_sk and
       cd_gender = 'M' and
       cd_marital_status = 'M' and
       cd_education_status = 'Secondary' and
       (p_channel_email = 'N' or p_channel_event = 'N') and
       d_year = 2000
 group by i_item_id
 order by i_item_id
 limit 100;
tpcds.26.sh|2024-04-09 06:22:14|2024-04-09 06:23:19|65
select  i_item_id,
        avg(cs_quantity) agg1,
        avg(cs_list_price) agg2,
        avg(cs_coupon_amt) agg3,
        avg(cs_sales_price) agg4
 from catalog_sales, customer_demographics, date_dim, item, promotion
 where cs_sold_date_sk = d_date_sk and
       cs_item_sk = i_item_sk and
       cs_bill_cdemo_sk = cd_demo_sk and
       cs_promo_sk = p_promo_sk and
       cd_gender = 'M' and
       cd_marital_status = 'M' and
       cd_education_status = 'Secondary' and
       (p_channel_email = 'N' or p_channel_event = 'N') and
       d_year = 2000
 group by i_item_id
 order by i_item_id
 limit 100;
tpcds.26.sh|2024-04-09 06:23:20|2024-04-09 06:24:26|66
select  i_item_id,
        avg(cs_quantity) agg1,
        avg(cs_list_price) agg2,
        avg(cs_coupon_amt) agg3,
        avg(cs_sales_price) agg4
 from catalog_sales, customer_demographics, date_dim, item, promotion
 where cs_sold_date_sk = d_date_sk and
       cs_item_sk = i_item_sk and
       cs_bill_cdemo_sk = cd_demo_sk and
       cs_promo_sk = p_promo_sk and
       cd_gender = 'M' and
       cd_marital_status = 'M' and
       cd_education_status = 'Secondary' and
       (p_channel_email = 'N' or p_channel_event = 'N') and
       d_year = 2000
 group by i_item_id
 order by i_item_id
 limit 100;
tpcds.26.sh|2024-04-09 06:24:27|2024-04-09 06:26:10|103
select  i_item_id,
        avg(cs_quantity) agg1,
        avg(cs_list_price) agg2,
        avg(cs_coupon_amt) agg3,
        avg(cs_sales_price) agg4
 from catalog_sales, customer_demographics, date_dim, item, promotion
 where cs_sold_date_sk = d_date_sk and
       cs_item_sk = i_item_sk and
       cs_bill_cdemo_sk = cd_demo_sk and
       cs_promo_sk = p_promo_sk and
       cd_gender = 'M' and
       cd_marital_status = 'M' and
       cd_education_status = 'Secondary' and
       (p_channel_email = 'N' or p_channel_event = 'N') and
       d_year = 2000
 group by i_item_id
 order by i_item_id
 limit 100;
tpcds.26.sh|2024-04-09 06:26:11|2024-04-09 06:27:25|74
select  i_item_id,
        avg(cs_quantity) agg1,
        avg(cs_list_price) agg2,
        avg(cs_coupon_amt) agg3,
        avg(cs_sales_price) agg4
 from catalog_sales, customer_demographics, date_dim, item, promotion
 where cs_sold_date_sk = d_date_sk and
       cs_item_sk = i_item_sk and
       cs_bill_cdemo_sk = cd_demo_sk and
       cs_promo_sk = p_promo_sk and
       cd_gender = 'M' and
       cd_marital_status = 'M' and
       cd_education_status = 'Secondary' and
       (p_channel_email = 'N' or p_channel_event = 'N') and
       d_year = 2000
 group by i_item_id
 order by i_item_id
 limit 100;
tpcds.26.sh|2024-04-09 06:27:26|2024-04-09 06:28:28|62
select  i_item_id,
        avg(cs_quantity) agg1,
        avg(cs_list_price) agg2,
        avg(cs_coupon_amt) agg3,
        avg(cs_sales_price) agg4
 from catalog_sales, customer_demographics, date_dim, item, promotion
 where cs_sold_date_sk = d_date_sk and
       cs_item_sk = i_item_sk and
       cs_bill_cdemo_sk = cd_demo_sk and
       cs_promo_sk = p_promo_sk and
       cd_gender = 'M' and
       cd_marital_status = 'M' and
       cd_education_status = 'Secondary' and
       (p_channel_email = 'N' or p_channel_event = 'N') and
       d_year = 2000
 group by i_item_id
 order by i_item_id
 limit 100;
tpcds.26.sh|2024-04-09 06:28:29|2024-04-09 06:29:29|60
select  i_item_id,
        avg(cs_quantity) agg1,
        avg(cs_list_price) agg2,
        avg(cs_coupon_amt) agg3,
        avg(cs_sales_price) agg4
 from catalog_sales, customer_demographics, date_dim, item, promotion
 where cs_sold_date_sk = d_date_sk and
       cs_item_sk = i_item_sk and
       cs_bill_cdemo_sk = cd_demo_sk and
       cs_promo_sk = p_promo_sk and
       cd_gender = 'M' and
       cd_marital_status = 'M' and
       cd_education_status = 'Secondary' and
       (p_channel_email = 'N' or p_channel_event = 'N') and
       d_year = 2000
 group by i_item_id
 order by i_item_id
 limit 100;
tpcds.26.sh|2024-04-09 06:29:30|2024-04-09 06:30:57|87
select  i_item_id,
        avg(cs_quantity) agg1,
        avg(cs_list_price) agg2,
        avg(cs_coupon_amt) agg3,
        avg(cs_sales_price) agg4
 from catalog_sales, customer_demographics, date_dim, item, promotion
 where cs_sold_date_sk = d_date_sk and
       cs_item_sk = i_item_sk and
       cs_bill_cdemo_sk = cd_demo_sk and
       cs_promo_sk = p_promo_sk and
       cd_gender = 'M' and
       cd_marital_status = 'M' and
       cd_education_status = 'Secondary' and
       (p_channel_email = 'N' or p_channel_event = 'N') and
       d_year = 2000
 group by i_item_id
 order by i_item_id
 limit 100;
tpcds.26.sh|2024-04-09 06:30:58|2024-04-09 06:32:44|106
select  i_item_id,
        avg(cs_quantity) agg1,
        avg(cs_list_price) agg2,
        avg(cs_coupon_amt) agg3,
        avg(cs_sales_price) agg4
 from catalog_sales, customer_demographics, date_dim, item, promotion
 where cs_sold_date_sk = d_date_sk and
       cs_item_sk = i_item_sk and
       cs_bill_cdemo_sk = cd_demo_sk and
       cs_promo_sk = p_promo_sk and
       cd_gender = 'M' and
       cd_marital_status = 'M' and
       cd_education_status = 'Secondary' and
       (p_channel_email = 'N' or p_channel_event = 'N') and
       d_year = 2000
 group by i_item_id
 order by i_item_id
 limit 100;
tpcds.26.sh|2024-04-09 06:32:45|2024-04-09 06:33:31|46
select  i_item_id,
        avg(cs_quantity) agg1,
        avg(cs_list_price) agg2,
        avg(cs_coupon_amt) agg3,
        avg(cs_sales_price) agg4
 from catalog_sales, customer_demographics, date_dim, item, promotion
 where cs_sold_date_sk = d_date_sk and
       cs_item_sk = i_item_sk and
       cs_bill_cdemo_sk = cd_demo_sk and
       cs_promo_sk = p_promo_sk and
       cd_gender = 'M' and
       cd_marital_status = 'M' and
       cd_education_status = 'Secondary' and
       (p_channel_email = 'N' or p_channel_event = 'N') and
       d_year = 2000
 group by i_item_id
 order by i_item_id
 limit 100;
tpcds.26.sh|2024-04-09 06:33:32|2024-04-09 06:34:29|57
select  i_item_id,
        avg(cs_quantity) agg1,
        avg(cs_list_price) agg2,
        avg(cs_coupon_amt) agg3,
        avg(cs_sales_price) agg4
 from catalog_sales, customer_demographics, date_dim, item, promotion
 where cs_sold_date_sk = d_date_sk and
       cs_item_sk = i_item_sk and
       cs_bill_cdemo_sk = cd_demo_sk and
       cs_promo_sk = p_promo_sk and
       cd_gender = 'M' and
       cd_marital_status = 'M' and
       cd_education_status = 'Secondary' and
       (p_channel_email = 'N' or p_channel_event = 'N') and
       d_year = 2000
 group by i_item_id
 order by i_item_id
 limit 100;
tpcds.26.sh|2024-04-09 06:34:30|2024-04-09 06:35:54|84
select  i_item_id,
        avg(cs_quantity) agg1,
        avg(cs_list_price) agg2,
        avg(cs_coupon_amt) agg3,
        avg(cs_sales_price) agg4
 from catalog_sales, customer_demographics, date_dim, item, promotion
 where cs_sold_date_sk = d_date_sk and
       cs_item_sk = i_item_sk and
       cs_bill_cdemo_sk = cd_demo_sk and
       cs_promo_sk = p_promo_sk and
       cd_gender = 'M' and
       cd_marital_status = 'M' and
       cd_education_status = 'Secondary' and
       (p_channel_email = 'N' or p_channel_event = 'N') and
       d_year = 2000
 group by i_item_id
 order by i_item_id
 limit 100;
tpcds.26.sh|2024-04-09 06:35:55|2024-04-09 06:37:16|81
select  i_item_id,
        avg(cs_quantity) agg1,
        avg(cs_list_price) agg2,
        avg(cs_coupon_amt) agg3,
        avg(cs_sales_price) agg4
 from catalog_sales, customer_demographics, date_dim, item, promotion
 where cs_sold_date_sk = d_date_sk and
       cs_item_sk = i_item_sk and
       cs_bill_cdemo_sk = cd_demo_sk and
       cs_promo_sk = p_promo_sk and
       cd_gender = 'M' and
       cd_marital_status = 'M' and
       cd_education_status = 'Secondary' and
       (p_channel_email = 'N' or p_channel_event = 'N') and
       d_year = 2000
 group by i_item_id
 order by i_item_id
 limit 100;
tpcds.26.sh|2024-04-09 06:37:17|2024-04-09 06:38:23|66
select  i_item_id,
        avg(cs_quantity) agg1,
        avg(cs_list_price) agg2,
        avg(cs_coupon_amt) agg3,
        avg(cs_sales_price) agg4
 from catalog_sales, customer_demographics, date_dim, item, promotion
 where cs_sold_date_sk = d_date_sk and
       cs_item_sk = i_item_sk and
       cs_bill_cdemo_sk = cd_demo_sk and
       cs_promo_sk = p_promo_sk and
       cd_gender = 'M' and
       cd_marital_status = 'M' and
       cd_education_status = 'Secondary' and
       (p_channel_email = 'N' or p_channel_event = 'N') and
       d_year = 2000
 group by i_item_id
 order by i_item_id
 limit 100;
tpcds.26.sh|2024-04-09 06:38:24|2024-04-09 06:39:33|69
select  i_item_id,
        avg(cs_quantity) agg1,
        avg(cs_list_price) agg2,
        avg(cs_coupon_amt) agg3,
        avg(cs_sales_price) agg4
 from catalog_sales, customer_demographics, date_dim, item, promotion
 where cs_sold_date_sk = d_date_sk and
       cs_item_sk = i_item_sk and
       cs_bill_cdemo_sk = cd_demo_sk and
       cs_promo_sk = p_promo_sk and
       cd_gender = 'M' and
       cd_marital_status = 'M' and
       cd_education_status = 'Secondary' and
       (p_channel_email = 'N' or p_channel_event = 'N') and
       d_year = 2000
 group by i_item_id
 order by i_item_id
 limit 100;
tpcds.26.sh|2024-04-09 06:39:34|2024-04-09 06:40:44|70
select  i_item_id,
        avg(cs_quantity) agg1,
        avg(cs_list_price) agg2,
        avg(cs_coupon_amt) agg3,
        avg(cs_sales_price) agg4
 from catalog_sales, customer_demographics, date_dim, item, promotion
 where cs_sold_date_sk = d_date_sk and
       cs_item_sk = i_item_sk and
       cs_bill_cdemo_sk = cd_demo_sk and
       cs_promo_sk = p_promo_sk and
       cd_gender = 'M' and
       cd_marital_status = 'M' and
       cd_education_status = 'Secondary' and
       (p_channel_email = 'N' or p_channel_event = 'N') and
       d_year = 2000
 group by i_item_id
 order by i_item_id
 limit 100;
tpcds.26.sh|2024-04-09 06:40:45|2024-04-09 06:42:18|93
select  i_item_id,
        avg(cs_quantity) agg1,
        avg(cs_list_price) agg2,
        avg(cs_coupon_amt) agg3,
        avg(cs_sales_price) agg4
 from catalog_sales, customer_demographics, date_dim, item, promotion
 where cs_sold_date_sk = d_date_sk and
       cs_item_sk = i_item_sk and
       cs_bill_cdemo_sk = cd_demo_sk and
       cs_promo_sk = p_promo_sk and
       cd_gender = 'M' and
       cd_marital_status = 'M' and
       cd_education_status = 'Secondary' and
       (p_channel_email = 'N' or p_channel_event = 'N') and
       d_year = 2000
 group by i_item_id
 order by i_item_id
 limit 100;
tpcds.26.sh|2024-04-09 06:42:19|2024-04-09 06:43:54|95
select  i_item_id,
        avg(cs_quantity) agg1,
        avg(cs_list_price) agg2,
        avg(cs_coupon_amt) agg3,
        avg(cs_sales_price) agg4
 from catalog_sales, customer_demographics, date_dim, item, promotion
 where cs_sold_date_sk = d_date_sk and
       cs_item_sk = i_item_sk and
       cs_bill_cdemo_sk = cd_demo_sk and
       cs_promo_sk = p_promo_sk and
       cd_gender = 'M' and
       cd_marital_status = 'M' and
       cd_education_status = 'Secondary' and
       (p_channel_email = 'N' or p_channel_event = 'N') and
       d_year = 2000
 group by i_item_id
 order by i_item_id
 limit 100;
tpcds.26.sh|2024-04-09 06:43:55|2024-04-09 06:45:25|90
select  i_item_id,
        avg(cs_quantity) agg1,
        avg(cs_list_price) agg2,
        avg(cs_coupon_amt) agg3,
        avg(cs_sales_price) agg4
 from catalog_sales, customer_demographics, date_dim, item, promotion
 where cs_sold_date_sk = d_date_sk and
       cs_item_sk = i_item_sk and
       cs_bill_cdemo_sk = cd_demo_sk and
       cs_promo_sk = p_promo_sk and
       cd_gender = 'M' and
       cd_marital_status = 'M' and
       cd_education_status = 'Secondary' and
       (p_channel_email = 'N' or p_channel_event = 'N') and
       d_year = 2000
 group by i_item_id
 order by i_item_id
 limit 100;
tpcds.26.sh|2024-04-09 06:45:26|2024-04-09 06:46:52|86
select  i_item_id,
        avg(cs_quantity) agg1,
        avg(cs_list_price) agg2,
        avg(cs_coupon_amt) agg3,
        avg(cs_sales_price) agg4
 from catalog_sales, customer_demographics, date_dim, item, promotion
 where cs_sold_date_sk = d_date_sk and
       cs_item_sk = i_item_sk and
       cs_bill_cdemo_sk = cd_demo_sk and
       cs_promo_sk = p_promo_sk and
       cd_gender = 'M' and
       cd_marital_status = 'M' and
       cd_education_status = 'Secondary' and
       (p_channel_email = 'N' or p_channel_event = 'N') and
       d_year = 2000
 group by i_item_id
 order by i_item_id
 limit 100;
tpcds.26.sh|2024-04-09 06:46:53|2024-04-09 06:48:02|69
select  i_item_id,
        avg(cs_quantity) agg1,
        avg(cs_list_price) agg2,
        avg(cs_coupon_amt) agg3,
        avg(cs_sales_price) agg4
 from catalog_sales, customer_demographics, date_dim, item, promotion
 where cs_sold_date_sk = d_date_sk and
       cs_item_sk = i_item_sk and
       cs_bill_cdemo_sk = cd_demo_sk and
       cs_promo_sk = p_promo_sk and
       cd_gender = 'M' and
       cd_marital_status = 'M' and
       cd_education_status = 'Secondary' and
       (p_channel_email = 'N' or p_channel_event = 'N') and
       d_year = 2000
 group by i_item_id
 order by i_item_id
 limit 100;
tpcds.26.sh|2024-04-09 06:48:03|2024-04-09 06:49:08|65
select  i_item_id,
        avg(cs_quantity) agg1,
        avg(cs_list_price) agg2,
        avg(cs_coupon_amt) agg3,
        avg(cs_sales_price) agg4
 from catalog_sales, customer_demographics, date_dim, item, promotion
 where cs_sold_date_sk = d_date_sk and
       cs_item_sk = i_item_sk and
       cs_bill_cdemo_sk = cd_demo_sk and
       cs_promo_sk = p_promo_sk and
       cd_gender = 'M' and
       cd_marital_status = 'M' and
       cd_education_status = 'Secondary' and
       (p_channel_email = 'N' or p_channel_event = 'N') and
       d_year = 2000
 group by i_item_id
 order by i_item_id
 limit 100;
tpcds.26.sh|2024-04-09 06:49:09|2024-04-09 06:50:40|91
select  i_item_id,
        avg(cs_quantity) agg1,
        avg(cs_list_price) agg2,
        avg(cs_coupon_amt) agg3,
        avg(cs_sales_price) agg4
 from catalog_sales, customer_demographics, date_dim, item, promotion
 where cs_sold_date_sk = d_date_sk and
       cs_item_sk = i_item_sk and
       cs_bill_cdemo_sk = cd_demo_sk and
       cs_promo_sk = p_promo_sk and
       cd_gender = 'M' and
       cd_marital_status = 'M' and
       cd_education_status = 'Secondary' and
       (p_channel_email = 'N' or p_channel_event = 'N') and
       d_year = 2000
 group by i_item_id
 order by i_item_id
 limit 100;
tpcds.26.sh|2024-04-09 06:50:41|2024-04-09 06:52:07|86
select  i_item_id,
        avg(cs_quantity) agg1,
        avg(cs_list_price) agg2,
        avg(cs_coupon_amt) agg3,
        avg(cs_sales_price) agg4
 from catalog_sales, customer_demographics, date_dim, item, promotion
 where cs_sold_date_sk = d_date_sk and
       cs_item_sk = i_item_sk and
       cs_bill_cdemo_sk = cd_demo_sk and
       cs_promo_sk = p_promo_sk and
       cd_gender = 'M' and
       cd_marital_status = 'M' and
       cd_education_status = 'Secondary' and
       (p_channel_email = 'N' or p_channel_event = 'N') and
       d_year = 2000
 group by i_item_id
 order by i_item_id
 limit 100;
tpcds.26.sh|2024-04-09 06:52:08|2024-04-09 06:53:02|54
select  i_item_id,
        avg(cs_quantity) agg1,
        avg(cs_list_price) agg2,
        avg(cs_coupon_amt) agg3,
        avg(cs_sales_price) agg4
 from catalog_sales, customer_demographics, date_dim, item, promotion
 where cs_sold_date_sk = d_date_sk and
       cs_item_sk = i_item_sk and
       cs_bill_cdemo_sk = cd_demo_sk and
       cs_promo_sk = p_promo_sk and
       cd_gender = 'M' and
       cd_marital_status = 'M' and
       cd_education_status = 'Secondary' and
       (p_channel_email = 'N' or p_channel_event = 'N') and
       d_year = 2000
 group by i_item_id
 order by i_item_id
 limit 100;
tpcds.26.sh|2024-04-09 06:53:03|2024-04-09 06:54:00|57
select  i_item_id,
        avg(cs_quantity) agg1,
        avg(cs_list_price) agg2,
        avg(cs_coupon_amt) agg3,
        avg(cs_sales_price) agg4
 from catalog_sales, customer_demographics, date_dim, item, promotion
 where cs_sold_date_sk = d_date_sk and
       cs_item_sk = i_item_sk and
       cs_bill_cdemo_sk = cd_demo_sk and
       cs_promo_sk = p_promo_sk and
       cd_gender = 'M' and
       cd_marital_status = 'M' and
       cd_education_status = 'Secondary' and
       (p_channel_email = 'N' or p_channel_event = 'N') and
       d_year = 2000
 group by i_item_id
 order by i_item_id
 limit 100;
tpcds.26.sh|2024-04-09 06:54:01|2024-04-09 06:55:25|84
select  i_item_id,
        avg(cs_quantity) agg1,
        avg(cs_list_price) agg2,
        avg(cs_coupon_amt) agg3,
        avg(cs_sales_price) agg4
 from catalog_sales, customer_demographics, date_dim, item, promotion
 where cs_sold_date_sk = d_date_sk and
       cs_item_sk = i_item_sk and
       cs_bill_cdemo_sk = cd_demo_sk and
       cs_promo_sk = p_promo_sk and
       cd_gender = 'M' and
       cd_marital_status = 'M' and
       cd_education_status = 'Secondary' and
       (p_channel_email = 'N' or p_channel_event = 'N') and
       d_year = 2000
 group by i_item_id
 order by i_item_id
 limit 100;
tpcds.26.sh|2024-04-09 06:55:26|2024-04-09 06:56:48|82
select  i_item_id,
        avg(cs_quantity) agg1,
        avg(cs_list_price) agg2,
        avg(cs_coupon_amt) agg3,
        avg(cs_sales_price) agg4
 from catalog_sales, customer_demographics, date_dim, item, promotion
 where cs_sold_date_sk = d_date_sk and
       cs_item_sk = i_item_sk and
       cs_bill_cdemo_sk = cd_demo_sk and
       cs_promo_sk = p_promo_sk and
       cd_gender = 'M' and
       cd_marital_status = 'M' and
       cd_education_status = 'Secondary' and
       (p_channel_email = 'N' or p_channel_event = 'N') and
       d_year = 2000
 group by i_item_id
 order by i_item_id
 limit 100;
tpcds.26.sh|2024-04-09 06:56:49|2024-04-09 06:57:59|70
select  i_item_id,
        avg(cs_quantity) agg1,
        avg(cs_list_price) agg2,
        avg(cs_coupon_amt) agg3,
        avg(cs_sales_price) agg4
 from catalog_sales, customer_demographics, date_dim, item, promotion
 where cs_sold_date_sk = d_date_sk and
       cs_item_sk = i_item_sk and
       cs_bill_cdemo_sk = cd_demo_sk and
       cs_promo_sk = p_promo_sk and
       cd_gender = 'M' and
       cd_marital_status = 'M' and
       cd_education_status = 'Secondary' and
       (p_channel_email = 'N' or p_channel_event = 'N') and
       d_year = 2000
 group by i_item_id
 order by i_item_id
 limit 100;
tpcds.26.sh|2024-04-09 06:58:00|2024-04-09 06:58:58|58
select  i_item_id,
        avg(cs_quantity) agg1,
        avg(cs_list_price) agg2,
        avg(cs_coupon_amt) agg3,
        avg(cs_sales_price) agg4
 from catalog_sales, customer_demographics, date_dim, item, promotion
 where cs_sold_date_sk = d_date_sk and
       cs_item_sk = i_item_sk and
       cs_bill_cdemo_sk = cd_demo_sk and
       cs_promo_sk = p_promo_sk and
       cd_gender = 'M' and
       cd_marital_status = 'M' and
       cd_education_status = 'Secondary' and
       (p_channel_email = 'N' or p_channel_event = 'N') and
       d_year = 2000
 group by i_item_id
 order by i_item_id
 limit 100;
tpcds.26.sh|2024-04-09 06:58:59|2024-04-09 07:00:11|72
select  i_item_id,
        avg(cs_quantity) agg1,
        avg(cs_list_price) agg2,
        avg(cs_coupon_amt) agg3,
        avg(cs_sales_price) agg4
 from catalog_sales, customer_demographics, date_dim, item, promotion
 where cs_sold_date_sk = d_date_sk and
       cs_item_sk = i_item_sk and
       cs_bill_cdemo_sk = cd_demo_sk and
       cs_promo_sk = p_promo_sk and
       cd_gender = 'M' and
       cd_marital_status = 'M' and
       cd_education_status = 'Secondary' and
       (p_channel_email = 'N' or p_channel_event = 'N') and
       d_year = 2000
 group by i_item_id
 order by i_item_id
 limit 100;
tpcds.26.sh|2024-04-09 07:00:12|2024-04-09 07:01:35|83
select  i_item_id,
        avg(cs_quantity) agg1,
        avg(cs_list_price) agg2,
        avg(cs_coupon_amt) agg3,
        avg(cs_sales_price) agg4
 from catalog_sales, customer_demographics, date_dim, item, promotion
 where cs_sold_date_sk = d_date_sk and
       cs_item_sk = i_item_sk and
       cs_bill_cdemo_sk = cd_demo_sk and
       cs_promo_sk = p_promo_sk and
       cd_gender = 'M' and
       cd_marital_status = 'M' and
       cd_education_status = 'Secondary' and
       (p_channel_email = 'N' or p_channel_event = 'N') and
       d_year = 2000
 group by i_item_id
 order by i_item_id
 limit 100;
tpcds.26.sh|2024-04-09 07:01:36|2024-04-09 07:03:07|91
select  i_item_id,
        avg(cs_quantity) agg1,
        avg(cs_list_price) agg2,
        avg(cs_coupon_amt) agg3,
        avg(cs_sales_price) agg4
 from catalog_sales, customer_demographics, date_dim, item, promotion
 where cs_sold_date_sk = d_date_sk and
       cs_item_sk = i_item_sk and
       cs_bill_cdemo_sk = cd_demo_sk and
       cs_promo_sk = p_promo_sk and
       cd_gender = 'M' and
       cd_marital_status = 'M' and
       cd_education_status = 'Secondary' and
       (p_channel_email = 'N' or p_channel_event = 'N') and
       d_year = 2000
 group by i_item_id
 order by i_item_id
 limit 100;
tpcds.26.sh|2024-04-09 07:03:08|2024-04-09 07:03:59|51
select  i_item_id,
        avg(cs_quantity) agg1,
        avg(cs_list_price) agg2,
        avg(cs_coupon_amt) agg3,
        avg(cs_sales_price) agg4
 from catalog_sales, customer_demographics, date_dim, item, promotion
 where cs_sold_date_sk = d_date_sk and
       cs_item_sk = i_item_sk and
       cs_bill_cdemo_sk = cd_demo_sk and
       cs_promo_sk = p_promo_sk and
       cd_gender = 'M' and
       cd_marital_status = 'M' and
       cd_education_status = 'Secondary' and
       (p_channel_email = 'N' or p_channel_event = 'N') and
       d_year = 2000
 group by i_item_id
 order by i_item_id
 limit 100;
tpcds.26.sh|2024-04-09 07:04:00|2024-04-09 07:05:04|64
select  i_item_id,
        avg(cs_quantity) agg1,
        avg(cs_list_price) agg2,
        avg(cs_coupon_amt) agg3,
        avg(cs_sales_price) agg4
 from catalog_sales, customer_demographics, date_dim, item, promotion
 where cs_sold_date_sk = d_date_sk and
       cs_item_sk = i_item_sk and
       cs_bill_cdemo_sk = cd_demo_sk and
       cs_promo_sk = p_promo_sk and
       cd_gender = 'M' and
       cd_marital_status = 'M' and
       cd_education_status = 'Secondary' and
       (p_channel_email = 'N' or p_channel_event = 'N') and
       d_year = 2000
 group by i_item_id
 order by i_item_id
 limit 100;
tpcds.26.sh|2024-04-09 07:05:05|2024-04-09 07:06:33|88
select  i_item_id,
        avg(cs_quantity) agg1,
        avg(cs_list_price) agg2,
        avg(cs_coupon_amt) agg3,
        avg(cs_sales_price) agg4
 from catalog_sales, customer_demographics, date_dim, item, promotion
 where cs_sold_date_sk = d_date_sk and
       cs_item_sk = i_item_sk and
       cs_bill_cdemo_sk = cd_demo_sk and
       cs_promo_sk = p_promo_sk and
       cd_gender = 'M' and
       cd_marital_status = 'M' and
       cd_education_status = 'Secondary' and
       (p_channel_email = 'N' or p_channel_event = 'N') and
       d_year = 2000
 group by i_item_id
 order by i_item_id
 limit 100;
tpcds.26.sh|2024-04-09 07:06:34|2024-04-09 07:07:36|62
select  i_item_id,
        avg(cs_quantity) agg1,
        avg(cs_list_price) agg2,
        avg(cs_coupon_amt) agg3,
        avg(cs_sales_price) agg4
 from catalog_sales, customer_demographics, date_dim, item, promotion
 where cs_sold_date_sk = d_date_sk and
       cs_item_sk = i_item_sk and
       cs_bill_cdemo_sk = cd_demo_sk and
       cs_promo_sk = p_promo_sk and
       cd_gender = 'M' and
       cd_marital_status = 'M' and
       cd_education_status = 'Secondary' and
       (p_channel_email = 'N' or p_channel_event = 'N') and
       d_year = 2000
 group by i_item_id
 order by i_item_id
 limit 100;
tpcds.26.sh|2024-04-09 07:07:37|2024-04-09 07:08:39|62
select  i_item_id,
        avg(cs_quantity) agg1,
        avg(cs_list_price) agg2,
        avg(cs_coupon_amt) agg3,
        avg(cs_sales_price) agg4
 from catalog_sales, customer_demographics, date_dim, item, promotion
 where cs_sold_date_sk = d_date_sk and
       cs_item_sk = i_item_sk and
       cs_bill_cdemo_sk = cd_demo_sk and
       cs_promo_sk = p_promo_sk and
       cd_gender = 'M' and
       cd_marital_status = 'M' and
       cd_education_status = 'Secondary' and
       (p_channel_email = 'N' or p_channel_event = 'N') and
       d_year = 2000
 group by i_item_id
 order by i_item_id
 limit 100;
tpcds.26.sh|2024-04-09 07:08:40|2024-04-09 07:09:35|55
select  i_item_id,
        avg(cs_quantity) agg1,
        avg(cs_list_price) agg2,
        avg(cs_coupon_amt) agg3,
        avg(cs_sales_price) agg4
 from catalog_sales, customer_demographics, date_dim, item, promotion
 where cs_sold_date_sk = d_date_sk and
       cs_item_sk = i_item_sk and
       cs_bill_cdemo_sk = cd_demo_sk and
       cs_promo_sk = p_promo_sk and
       cd_gender = 'M' and
       cd_marital_status = 'M' and
       cd_education_status = 'Secondary' and
       (p_channel_email = 'N' or p_channel_event = 'N') and
       d_year = 2000
 group by i_item_id
 order by i_item_id
 limit 100;
tpcds.26.sh|2024-04-09 07:09:36|2024-04-09 07:11:17|101
select  i_item_id,
        avg(cs_quantity) agg1,
        avg(cs_list_price) agg2,
        avg(cs_coupon_amt) agg3,
        avg(cs_sales_price) agg4
 from catalog_sales, customer_demographics, date_dim, item, promotion
 where cs_sold_date_sk = d_date_sk and
       cs_item_sk = i_item_sk and
       cs_bill_cdemo_sk = cd_demo_sk and
       cs_promo_sk = p_promo_sk and
       cd_gender = 'M' and
       cd_marital_status = 'M' and
       cd_education_status = 'Secondary' and
       (p_channel_email = 'N' or p_channel_event = 'N') and
       d_year = 2000
 group by i_item_id
 order by i_item_id
 limit 100;
tpcds.26.sh|2024-04-09 07:11:18|2024-04-09 07:12:17|59
select  i_item_id,
        avg(cs_quantity) agg1,
        avg(cs_list_price) agg2,
        avg(cs_coupon_amt) agg3,
        avg(cs_sales_price) agg4
 from catalog_sales, customer_demographics, date_dim, item, promotion
 where cs_sold_date_sk = d_date_sk and
       cs_item_sk = i_item_sk and
       cs_bill_cdemo_sk = cd_demo_sk and
       cs_promo_sk = p_promo_sk and
       cd_gender = 'M' and
       cd_marital_status = 'M' and
       cd_education_status = 'Secondary' and
       (p_channel_email = 'N' or p_channel_event = 'N') and
       d_year = 2000
 group by i_item_id
 order by i_item_id
 limit 100;
tpcds.26.sh|2024-04-09 07:12:18|2024-04-09 07:13:31|73
select  i_item_id,
        avg(cs_quantity) agg1,
        avg(cs_list_price) agg2,
        avg(cs_coupon_amt) agg3,
        avg(cs_sales_price) agg4
 from catalog_sales, customer_demographics, date_dim, item, promotion
 where cs_sold_date_sk = d_date_sk and
       cs_item_sk = i_item_sk and
       cs_bill_cdemo_sk = cd_demo_sk and
       cs_promo_sk = p_promo_sk and
       cd_gender = 'M' and
       cd_marital_status = 'M' and
       cd_education_status = 'Secondary' and
       (p_channel_email = 'N' or p_channel_event = 'N') and
       d_year = 2000
 group by i_item_id
 order by i_item_id
 limit 100;
tpcds.26.sh|2024-04-09 07:13:32|2024-04-09 07:15:05|93
select  i_item_id,
        avg(cs_quantity) agg1,
        avg(cs_list_price) agg2,
        avg(cs_coupon_amt) agg3,
        avg(cs_sales_price) agg4
 from catalog_sales, customer_demographics, date_dim, item, promotion
 where cs_sold_date_sk = d_date_sk and
       cs_item_sk = i_item_sk and
       cs_bill_cdemo_sk = cd_demo_sk and
       cs_promo_sk = p_promo_sk and
       cd_gender = 'M' and
       cd_marital_status = 'M' and
       cd_education_status = 'Secondary' and
       (p_channel_email = 'N' or p_channel_event = 'N') and
       d_year = 2000
 group by i_item_id
 order by i_item_id
 limit 100;
tpcds.26.sh|2024-04-09 07:15:06|2024-04-09 07:16:05|59
select  i_item_id,
        avg(cs_quantity) agg1,
        avg(cs_list_price) agg2,
        avg(cs_coupon_amt) agg3,
        avg(cs_sales_price) agg4
 from catalog_sales, customer_demographics, date_dim, item, promotion
 where cs_sold_date_sk = d_date_sk and
       cs_item_sk = i_item_sk and
       cs_bill_cdemo_sk = cd_demo_sk and
       cs_promo_sk = p_promo_sk and
       cd_gender = 'M' and
       cd_marital_status = 'M' and
       cd_education_status = 'Secondary' and
       (p_channel_email = 'N' or p_channel_event = 'N') and
       d_year = 2000
 group by i_item_id
 order by i_item_id
 limit 100;
tpcds.26.sh|2024-04-09 07:16:06|2024-04-09 07:16:56|50
select  i_item_id,
        avg(cs_quantity) agg1,
        avg(cs_list_price) agg2,
        avg(cs_coupon_amt) agg3,
        avg(cs_sales_price) agg4
 from catalog_sales, customer_demographics, date_dim, item, promotion
 where cs_sold_date_sk = d_date_sk and
       cs_item_sk = i_item_sk and
       cs_bill_cdemo_sk = cd_demo_sk and
       cs_promo_sk = p_promo_sk and
       cd_gender = 'M' and
       cd_marital_status = 'M' and
       cd_education_status = 'Secondary' and
       (p_channel_email = 'N' or p_channel_event = 'N') and
       d_year = 2000
 group by i_item_id
 order by i_item_id
 limit 100;
tpcds.26.sh|2024-04-09 07:16:57|2024-04-09 07:18:03|66
select  i_item_id,
        avg(cs_quantity) agg1,
        avg(cs_list_price) agg2,
        avg(cs_coupon_amt) agg3,
        avg(cs_sales_price) agg4
 from catalog_sales, customer_demographics, date_dim, item, promotion
 where cs_sold_date_sk = d_date_sk and
       cs_item_sk = i_item_sk and
       cs_bill_cdemo_sk = cd_demo_sk and
       cs_promo_sk = p_promo_sk and
       cd_gender = 'M' and
       cd_marital_status = 'M' and
       cd_education_status = 'Secondary' and
       (p_channel_email = 'N' or p_channel_event = 'N') and
       d_year = 2000
 group by i_item_id
 order by i_item_id
 limit 100;
tpcds.26.sh|2024-04-09 07:18:04|2024-04-09 07:19:10|66
select  i_item_id,
        avg(cs_quantity) agg1,
        avg(cs_list_price) agg2,
        avg(cs_coupon_amt) agg3,
        avg(cs_sales_price) agg4
 from catalog_sales, customer_demographics, date_dim, item, promotion
 where cs_sold_date_sk = d_date_sk and
       cs_item_sk = i_item_sk and
       cs_bill_cdemo_sk = cd_demo_sk and
       cs_promo_sk = p_promo_sk and
       cd_gender = 'M' and
       cd_marital_status = 'M' and
       cd_education_status = 'Secondary' and
       (p_channel_email = 'N' or p_channel_event = 'N') and
       d_year = 2000
 group by i_item_id
 order by i_item_id
 limit 100;
tpcds.26.sh|2024-04-09 07:19:11|2024-04-09 07:20:42|91
select  i_item_id,
        avg(cs_quantity) agg1,
        avg(cs_list_price) agg2,
        avg(cs_coupon_amt) agg3,
        avg(cs_sales_price) agg4
 from catalog_sales, customer_demographics, date_dim, item, promotion
 where cs_sold_date_sk = d_date_sk and
       cs_item_sk = i_item_sk and
       cs_bill_cdemo_sk = cd_demo_sk and
       cs_promo_sk = p_promo_sk and
       cd_gender = 'M' and
       cd_marital_status = 'M' and
       cd_education_status = 'Secondary' and
       (p_channel_email = 'N' or p_channel_event = 'N') and
       d_year = 2000
 group by i_item_id
 order by i_item_id
 limit 100;
tpcds.26.sh|2024-04-09 07:20:43|2024-04-09 07:21:58|75
select  i_item_id,
        avg(cs_quantity) agg1,
        avg(cs_list_price) agg2,
        avg(cs_coupon_amt) agg3,
        avg(cs_sales_price) agg4
 from catalog_sales, customer_demographics, date_dim, item, promotion
 where cs_sold_date_sk = d_date_sk and
       cs_item_sk = i_item_sk and
       cs_bill_cdemo_sk = cd_demo_sk and
       cs_promo_sk = p_promo_sk and
       cd_gender = 'M' and
       cd_marital_status = 'M' and
       cd_education_status = 'Secondary' and
       (p_channel_email = 'N' or p_channel_event = 'N') and
       d_year = 2000
 group by i_item_id
 order by i_item_id
 limit 100;
tpcds.26.sh|2024-04-09 07:21:59|2024-04-09 07:23:01|62
select  i_item_id,
        avg(cs_quantity) agg1,
        avg(cs_list_price) agg2,
        avg(cs_coupon_amt) agg3,
        avg(cs_sales_price) agg4
 from catalog_sales, customer_demographics, date_dim, item, promotion
 where cs_sold_date_sk = d_date_sk and
       cs_item_sk = i_item_sk and
       cs_bill_cdemo_sk = cd_demo_sk and
       cs_promo_sk = p_promo_sk and
       cd_gender = 'M' and
       cd_marital_status = 'M' and
       cd_education_status = 'Secondary' and
       (p_channel_email = 'N' or p_channel_event = 'N') and
       d_year = 2000
 group by i_item_id
 order by i_item_id
 limit 100;
tpcds.26.sh|2024-04-09 07:23:02|2024-04-09 07:23:43|41
select  i_item_id,
        avg(cs_quantity) agg1,
        avg(cs_list_price) agg2,
        avg(cs_coupon_amt) agg3,
        avg(cs_sales_price) agg4
 from catalog_sales, customer_demographics, date_dim, item, promotion
 where cs_sold_date_sk = d_date_sk and
       cs_item_sk = i_item_sk and
       cs_bill_cdemo_sk = cd_demo_sk and
       cs_promo_sk = p_promo_sk and
       cd_gender = 'M' and
       cd_marital_status = 'M' and
       cd_education_status = 'Secondary' and
       (p_channel_email = 'N' or p_channel_event = 'N') and
       d_year = 2000
 group by i_item_id
 order by i_item_id
 limit 100;
tpcds.26.sh|2024-04-09 07:23:44|2024-04-09 07:25:06|82
select  i_item_id,
        avg(cs_quantity) agg1,
        avg(cs_list_price) agg2,
        avg(cs_coupon_amt) agg3,
        avg(cs_sales_price) agg4
 from catalog_sales, customer_demographics, date_dim, item, promotion
 where cs_sold_date_sk = d_date_sk and
       cs_item_sk = i_item_sk and
       cs_bill_cdemo_sk = cd_demo_sk and
       cs_promo_sk = p_promo_sk and
       cd_gender = 'M' and
       cd_marital_status = 'M' and
       cd_education_status = 'Secondary' and
       (p_channel_email = 'N' or p_channel_event = 'N') and
       d_year = 2000
 group by i_item_id
 order by i_item_id
 limit 100;
tpcds.26.sh|2024-04-09 07:25:07|2024-04-09 07:26:36|89
select  i_item_id,
        avg(cs_quantity) agg1,
        avg(cs_list_price) agg2,
        avg(cs_coupon_amt) agg3,
        avg(cs_sales_price) agg4
 from catalog_sales, customer_demographics, date_dim, item, promotion
 where cs_sold_date_sk = d_date_sk and
       cs_item_sk = i_item_sk and
       cs_bill_cdemo_sk = cd_demo_sk and
       cs_promo_sk = p_promo_sk and
       cd_gender = 'M' and
       cd_marital_status = 'M' and
       cd_education_status = 'Secondary' and
       (p_channel_email = 'N' or p_channel_event = 'N') and
       d_year = 2000
 group by i_item_id
 order by i_item_id
 limit 100;
tpcds.26.sh|2024-04-09 07:26:37|2024-04-09 07:27:34|57
select  i_item_id,
        avg(cs_quantity) agg1,
        avg(cs_list_price) agg2,
        avg(cs_coupon_amt) agg3,
        avg(cs_sales_price) agg4
 from catalog_sales, customer_demographics, date_dim, item, promotion
 where cs_sold_date_sk = d_date_sk and
       cs_item_sk = i_item_sk and
       cs_bill_cdemo_sk = cd_demo_sk and
       cs_promo_sk = p_promo_sk and
       cd_gender = 'M' and
       cd_marital_status = 'M' and
       cd_education_status = 'Secondary' and
       (p_channel_email = 'N' or p_channel_event = 'N') and
       d_year = 2000
 group by i_item_id
 order by i_item_id
 limit 100;
tpcds.26.sh|2024-04-09 07:27:35|2024-04-09 07:28:26|51
select  i_item_id,
        avg(cs_quantity) agg1,
        avg(cs_list_price) agg2,
        avg(cs_coupon_amt) agg3,
        avg(cs_sales_price) agg4
 from catalog_sales, customer_demographics, date_dim, item, promotion
 where cs_sold_date_sk = d_date_sk and
       cs_item_sk = i_item_sk and
       cs_bill_cdemo_sk = cd_demo_sk and
       cs_promo_sk = p_promo_sk and
       cd_gender = 'M' and
       cd_marital_status = 'M' and
       cd_education_status = 'Secondary' and
       (p_channel_email = 'N' or p_channel_event = 'N') and
       d_year = 2000
 group by i_item_id
 order by i_item_id
 limit 100;
tpcds.26.sh|2024-04-09 07:28:27|2024-04-09 07:29:30|63
select  i_item_id,
        avg(cs_quantity) agg1,
        avg(cs_list_price) agg2,
        avg(cs_coupon_amt) agg3,
        avg(cs_sales_price) agg4
 from catalog_sales, customer_demographics, date_dim, item, promotion
 where cs_sold_date_sk = d_date_sk and
       cs_item_sk = i_item_sk and
       cs_bill_cdemo_sk = cd_demo_sk and
       cs_promo_sk = p_promo_sk and
       cd_gender = 'M' and
       cd_marital_status = 'M' and
       cd_education_status = 'Secondary' and
       (p_channel_email = 'N' or p_channel_event = 'N') and
       d_year = 2000
 group by i_item_id
 order by i_item_id
 limit 100;
tpcds.26.sh|2024-04-09 07:29:31|2024-04-09 07:31:10|99
select  i_item_id,
        avg(cs_quantity) agg1,
        avg(cs_list_price) agg2,
        avg(cs_coupon_amt) agg3,
        avg(cs_sales_price) agg4
 from catalog_sales, customer_demographics, date_dim, item, promotion
 where cs_sold_date_sk = d_date_sk and
       cs_item_sk = i_item_sk and
       cs_bill_cdemo_sk = cd_demo_sk and
       cs_promo_sk = p_promo_sk and
       cd_gender = 'M' and
       cd_marital_status = 'M' and
       cd_education_status = 'Secondary' and
       (p_channel_email = 'N' or p_channel_event = 'N') and
       d_year = 2000
 group by i_item_id
 order by i_item_id
 limit 100;
tpcds.26.sh|2024-04-09 07:31:11|2024-04-09 07:32:05|54
select  i_item_id,
        avg(cs_quantity) agg1,
        avg(cs_list_price) agg2,
        avg(cs_coupon_amt) agg3,
        avg(cs_sales_price) agg4
 from catalog_sales, customer_demographics, date_dim, item, promotion
 where cs_sold_date_sk = d_date_sk and
       cs_item_sk = i_item_sk and
       cs_bill_cdemo_sk = cd_demo_sk and
       cs_promo_sk = p_promo_sk and
       cd_gender = 'M' and
       cd_marital_status = 'M' and
       cd_education_status = 'Secondary' and
       (p_channel_email = 'N' or p_channel_event = 'N') and
       d_year = 2000
 group by i_item_id
 order by i_item_id
 limit 100;
tpcds.26.sh|2024-04-09 07:32:06|2024-04-09 07:33:26|80
select  i_item_id,
        avg(cs_quantity) agg1,
        avg(cs_list_price) agg2,
        avg(cs_coupon_amt) agg3,
        avg(cs_sales_price) agg4
 from catalog_sales, customer_demographics, date_dim, item, promotion
 where cs_sold_date_sk = d_date_sk and
       cs_item_sk = i_item_sk and
       cs_bill_cdemo_sk = cd_demo_sk and
       cs_promo_sk = p_promo_sk and
       cd_gender = 'M' and
       cd_marital_status = 'M' and
       cd_education_status = 'Secondary' and
       (p_channel_email = 'N' or p_channel_event = 'N') and
       d_year = 2000
 group by i_item_id
 order by i_item_id
 limit 100;
tpcds.26.sh|2024-04-09 07:33:27|2024-04-09 07:34:36|69
select  i_item_id,
        avg(cs_quantity) agg1,
        avg(cs_list_price) agg2,
        avg(cs_coupon_amt) agg3,
        avg(cs_sales_price) agg4
 from catalog_sales, customer_demographics, date_dim, item, promotion
 where cs_sold_date_sk = d_date_sk and
       cs_item_sk = i_item_sk and
       cs_bill_cdemo_sk = cd_demo_sk and
       cs_promo_sk = p_promo_sk and
       cd_gender = 'M' and
       cd_marital_status = 'M' and
       cd_education_status = 'Secondary' and
       (p_channel_email = 'N' or p_channel_event = 'N') and
       d_year = 2000
 group by i_item_id
 order by i_item_id
 limit 100;
tpcds.26.sh|2024-04-09 07:34:37|2024-04-09 07:36:06|89
select  i_item_id,
        avg(cs_quantity) agg1,
        avg(cs_list_price) agg2,
        avg(cs_coupon_amt) agg3,
        avg(cs_sales_price) agg4
 from catalog_sales, customer_demographics, date_dim, item, promotion
 where cs_sold_date_sk = d_date_sk and
       cs_item_sk = i_item_sk and
       cs_bill_cdemo_sk = cd_demo_sk and
       cs_promo_sk = p_promo_sk and
       cd_gender = 'M' and
       cd_marital_status = 'M' and
       cd_education_status = 'Secondary' and
       (p_channel_email = 'N' or p_channel_event = 'N') and
       d_year = 2000
 group by i_item_id
 order by i_item_id
 limit 100;
tpcds.26.sh|2024-04-09 07:36:07|2024-04-09 07:37:19|72
select  i_item_id,
        avg(cs_quantity) agg1,
        avg(cs_list_price) agg2,
        avg(cs_coupon_amt) agg3,
        avg(cs_sales_price) agg4
 from catalog_sales, customer_demographics, date_dim, item, promotion
 where cs_sold_date_sk = d_date_sk and
       cs_item_sk = i_item_sk and
       cs_bill_cdemo_sk = cd_demo_sk and
       cs_promo_sk = p_promo_sk and
       cd_gender = 'M' and
       cd_marital_status = 'M' and
       cd_education_status = 'Secondary' and
       (p_channel_email = 'N' or p_channel_event = 'N') and
       d_year = 2000
 group by i_item_id
 order by i_item_id
 limit 100;
tpcds.26.sh|2024-04-09 07:37:20|2024-04-09 07:38:13|53
select  i_item_id,
        avg(cs_quantity) agg1,
        avg(cs_list_price) agg2,
        avg(cs_coupon_amt) agg3,
        avg(cs_sales_price) agg4
 from catalog_sales, customer_demographics, date_dim, item, promotion
 where cs_sold_date_sk = d_date_sk and
       cs_item_sk = i_item_sk and
       cs_bill_cdemo_sk = cd_demo_sk and
       cs_promo_sk = p_promo_sk and
       cd_gender = 'M' and
       cd_marital_status = 'M' and
       cd_education_status = 'Secondary' and
       (p_channel_email = 'N' or p_channel_event = 'N') and
       d_year = 2000
 group by i_item_id
 order by i_item_id
 limit 100;
tpcds.26.sh|2024-04-09 07:38:14|2024-04-09 07:39:28|74
select  i_item_id,
        avg(cs_quantity) agg1,
        avg(cs_list_price) agg2,
        avg(cs_coupon_amt) agg3,
        avg(cs_sales_price) agg4
 from catalog_sales, customer_demographics, date_dim, item, promotion
 where cs_sold_date_sk = d_date_sk and
       cs_item_sk = i_item_sk and
       cs_bill_cdemo_sk = cd_demo_sk and
       cs_promo_sk = p_promo_sk and
       cd_gender = 'M' and
       cd_marital_status = 'M' and
       cd_education_status = 'Secondary' and
       (p_channel_email = 'N' or p_channel_event = 'N') and
       d_year = 2000
 group by i_item_id
 order by i_item_id
 limit 100;
tpcds.26.sh|2024-04-09 07:39:29|2024-04-09 07:41:14|105
select  i_item_id,
        avg(cs_quantity) agg1,
        avg(cs_list_price) agg2,
        avg(cs_coupon_amt) agg3,
        avg(cs_sales_price) agg4
 from catalog_sales, customer_demographics, date_dim, item, promotion
 where cs_sold_date_sk = d_date_sk and
       cs_item_sk = i_item_sk and
       cs_bill_cdemo_sk = cd_demo_sk and
       cs_promo_sk = p_promo_sk and
       cd_gender = 'M' and
       cd_marital_status = 'M' and
       cd_education_status = 'Secondary' and
       (p_channel_email = 'N' or p_channel_event = 'N') and
       d_year = 2000
 group by i_item_id
 order by i_item_id
 limit 100;
tpcds.26.sh|2024-04-09 07:41:15|2024-04-09 07:42:05|50
select  i_item_id,
        avg(cs_quantity) agg1,
        avg(cs_list_price) agg2,
        avg(cs_coupon_amt) agg3,
        avg(cs_sales_price) agg4
 from catalog_sales, customer_demographics, date_dim, item, promotion
 where cs_sold_date_sk = d_date_sk and
       cs_item_sk = i_item_sk and
       cs_bill_cdemo_sk = cd_demo_sk and
       cs_promo_sk = p_promo_sk and
       cd_gender = 'M' and
       cd_marital_status = 'M' and
       cd_education_status = 'Secondary' and
       (p_channel_email = 'N' or p_channel_event = 'N') and
       d_year = 2000
 group by i_item_id
 order by i_item_id
 limit 100;
tpcds.26.sh|2024-04-09 07:42:06|2024-04-09 07:42:40|34
select  i_item_id,
        avg(cs_quantity) agg1,
        avg(cs_list_price) agg2,
        avg(cs_coupon_amt) agg3,
        avg(cs_sales_price) agg4
 from catalog_sales, customer_demographics, date_dim, item, promotion
 where cs_sold_date_sk = d_date_sk and
       cs_item_sk = i_item_sk and
       cs_bill_cdemo_sk = cd_demo_sk and
       cs_promo_sk = p_promo_sk and
       cd_gender = 'M' and
       cd_marital_status = 'M' and
       cd_education_status = 'Secondary' and
       (p_channel_email = 'N' or p_channel_event = 'N') and
       d_year = 2000
 group by i_item_id
 order by i_item_id
 limit 100;
tpcds.26.sh|2024-04-09 07:42:41|2024-04-09 07:43:39|58
select  i_item_id,
        avg(cs_quantity) agg1,
        avg(cs_list_price) agg2,
        avg(cs_coupon_amt) agg3,
        avg(cs_sales_price) agg4
 from catalog_sales, customer_demographics, date_dim, item, promotion
 where cs_sold_date_sk = d_date_sk and
       cs_item_sk = i_item_sk and
       cs_bill_cdemo_sk = cd_demo_sk and
       cs_promo_sk = p_promo_sk and
       cd_gender = 'M' and
       cd_marital_status = 'M' and
       cd_education_status = 'Secondary' and
       (p_channel_email = 'N' or p_channel_event = 'N') and
       d_year = 2000
 group by i_item_id
 order by i_item_id
 limit 100;
tpcds.26.sh|2024-04-09 07:43:40|2024-04-09 07:45:05|85
select  i_item_id,
        avg(cs_quantity) agg1,
        avg(cs_list_price) agg2,
        avg(cs_coupon_amt) agg3,
        avg(cs_sales_price) agg4
 from catalog_sales, customer_demographics, date_dim, item, promotion
 where cs_sold_date_sk = d_date_sk and
       cs_item_sk = i_item_sk and
       cs_bill_cdemo_sk = cd_demo_sk and
       cs_promo_sk = p_promo_sk and
       cd_gender = 'M' and
       cd_marital_status = 'M' and
       cd_education_status = 'Secondary' and
       (p_channel_email = 'N' or p_channel_event = 'N') and
       d_year = 2000
 group by i_item_id
 order by i_item_id
 limit 100;
tpcds.26.sh|2024-04-09 07:45:06|2024-04-09 07:46:42|96
select  i_item_id,
        avg(cs_quantity) agg1,
        avg(cs_list_price) agg2,
        avg(cs_coupon_amt) agg3,
        avg(cs_sales_price) agg4
 from catalog_sales, customer_demographics, date_dim, item, promotion
 where cs_sold_date_sk = d_date_sk and
       cs_item_sk = i_item_sk and
       cs_bill_cdemo_sk = cd_demo_sk and
       cs_promo_sk = p_promo_sk and
       cd_gender = 'M' and
       cd_marital_status = 'M' and
       cd_education_status = 'Secondary' and
       (p_channel_email = 'N' or p_channel_event = 'N') and
       d_year = 2000
 group by i_item_id
 order by i_item_id
 limit 100;
tpcds.26.sh|2024-04-09 07:46:43|2024-04-09 07:47:49|66
select  i_item_id,
        avg(cs_quantity) agg1,
        avg(cs_list_price) agg2,
        avg(cs_coupon_amt) agg3,
        avg(cs_sales_price) agg4
 from catalog_sales, customer_demographics, date_dim, item, promotion
 where cs_sold_date_sk = d_date_sk and
       cs_item_sk = i_item_sk and
       cs_bill_cdemo_sk = cd_demo_sk and
       cs_promo_sk = p_promo_sk and
       cd_gender = 'M' and
       cd_marital_status = 'M' and
       cd_education_status = 'Secondary' and
       (p_channel_email = 'N' or p_channel_event = 'N') and
       d_year = 2000
 group by i_item_id
 order by i_item_id
 limit 100;
tpcds.26.sh|2024-04-09 07:47:50|2024-04-09 07:48:48|58
select  i_item_id,
        avg(cs_quantity) agg1,
        avg(cs_list_price) agg2,
        avg(cs_coupon_amt) agg3,
        avg(cs_sales_price) agg4
 from catalog_sales, customer_demographics, date_dim, item, promotion
 where cs_sold_date_sk = d_date_sk and
       cs_item_sk = i_item_sk and
       cs_bill_cdemo_sk = cd_demo_sk and
       cs_promo_sk = p_promo_sk and
       cd_gender = 'M' and
       cd_marital_status = 'M' and
       cd_education_status = 'Secondary' and
       (p_channel_email = 'N' or p_channel_event = 'N') and
       d_year = 2000
 group by i_item_id
 order by i_item_id
 limit 100;
tpcds.26.sh|2024-04-09 07:48:49|2024-04-09 07:49:45|56
select  i_item_id,
        avg(cs_quantity) agg1,
        avg(cs_list_price) agg2,
        avg(cs_coupon_amt) agg3,
        avg(cs_sales_price) agg4
 from catalog_sales, customer_demographics, date_dim, item, promotion
 where cs_sold_date_sk = d_date_sk and
       cs_item_sk = i_item_sk and
       cs_bill_cdemo_sk = cd_demo_sk and
       cs_promo_sk = p_promo_sk and
       cd_gender = 'M' and
       cd_marital_status = 'M' and
       cd_education_status = 'Secondary' and
       (p_channel_email = 'N' or p_channel_event = 'N') and
       d_year = 2000
 group by i_item_id
 order by i_item_id
 limit 100;
tpcds.26.sh|2024-04-09 07:49:46|2024-04-09 07:50:58|72
select  i_item_id,
        avg(cs_quantity) agg1,
        avg(cs_list_price) agg2,
        avg(cs_coupon_amt) agg3,
        avg(cs_sales_price) agg4
 from catalog_sales, customer_demographics, date_dim, item, promotion
 where cs_sold_date_sk = d_date_sk and
       cs_item_sk = i_item_sk and
       cs_bill_cdemo_sk = cd_demo_sk and
       cs_promo_sk = p_promo_sk and
       cd_gender = 'M' and
       cd_marital_status = 'M' and
       cd_education_status = 'Secondary' and
       (p_channel_email = 'N' or p_channel_event = 'N') and
       d_year = 2000
 group by i_item_id
 order by i_item_id
 limit 100;
tpcds.26.sh|2024-04-09 07:50:59|2024-04-09 07:52:26|87
select  i_item_id,
        avg(cs_quantity) agg1,
        avg(cs_list_price) agg2,
        avg(cs_coupon_amt) agg3,
        avg(cs_sales_price) agg4
 from catalog_sales, customer_demographics, date_dim, item, promotion
 where cs_sold_date_sk = d_date_sk and
       cs_item_sk = i_item_sk and
       cs_bill_cdemo_sk = cd_demo_sk and
       cs_promo_sk = p_promo_sk and
       cd_gender = 'M' and
       cd_marital_status = 'M' and
       cd_education_status = 'Secondary' and
       (p_channel_email = 'N' or p_channel_event = 'N') and
       d_year = 2000
 group by i_item_id
 order by i_item_id
 limit 100;
tpcds.26.sh|2024-04-09 07:52:27|2024-04-09 07:53:31|64
select  i_item_id,
        avg(cs_quantity) agg1,
        avg(cs_list_price) agg2,
        avg(cs_coupon_amt) agg3,
        avg(cs_sales_price) agg4
 from catalog_sales, customer_demographics, date_dim, item, promotion
 where cs_sold_date_sk = d_date_sk and
       cs_item_sk = i_item_sk and
       cs_bill_cdemo_sk = cd_demo_sk and
       cs_promo_sk = p_promo_sk and
       cd_gender = 'M' and
       cd_marital_status = 'M' and
       cd_education_status = 'Secondary' and
       (p_channel_email = 'N' or p_channel_event = 'N') and
       d_year = 2000
 group by i_item_id
 order by i_item_id
 limit 100;
ERROR:  canceling statement due to user request
tpcds.26.sh|2024-04-09 07:53:32|2024-04-09 07:54:09|37
