select  count(*) from (
    select distinct c_last_name, c_first_name, d_date
    from store_sales, date_dim, customer
          where store_sales.ss_sold_date_sk = date_dim.d_date_sk
      and store_sales.ss_customer_sk = customer.c_customer_sk
      and d_month_seq between 1206 and 1206 + 11
  intersect
    select distinct c_last_name, c_first_name, d_date
    from catalog_sales, date_dim, customer
          where catalog_sales.cs_sold_date_sk = date_dim.d_date_sk
      and catalog_sales.cs_bill_customer_sk = customer.c_customer_sk
      and d_month_seq between 1206 and 1206 + 11
  intersect
    select distinct c_last_name, c_first_name, d_date
    from web_sales, date_dim, customer
          where web_sales.ws_sold_date_sk = date_dim.d_date_sk
      and web_sales.ws_bill_customer_sk = customer.c_customer_sk
      and d_month_seq between 1206 and 1206 + 11
) hot_cust
limit 100;
tpcds.38.sh|2024-04-09 05:53:58|2024-04-09 06:15:21|1283
select  count(*) from (
    select distinct c_last_name, c_first_name, d_date
    from store_sales, date_dim, customer
          where store_sales.ss_sold_date_sk = date_dim.d_date_sk
      and store_sales.ss_customer_sk = customer.c_customer_sk
      and d_month_seq between 1206 and 1206 + 11
  intersect
    select distinct c_last_name, c_first_name, d_date
    from catalog_sales, date_dim, customer
          where catalog_sales.cs_sold_date_sk = date_dim.d_date_sk
      and catalog_sales.cs_bill_customer_sk = customer.c_customer_sk
      and d_month_seq between 1206 and 1206 + 11
  intersect
    select distinct c_last_name, c_first_name, d_date
    from web_sales, date_dim, customer
          where web_sales.ws_sold_date_sk = date_dim.d_date_sk
      and web_sales.ws_bill_customer_sk = customer.c_customer_sk
      and d_month_seq between 1206 and 1206 + 11
) hot_cust
limit 100;
tpcds.38.sh|2024-04-09 06:15:22|2024-04-09 06:35:23|1201
select  count(*) from (
    select distinct c_last_name, c_first_name, d_date
    from store_sales, date_dim, customer
          where store_sales.ss_sold_date_sk = date_dim.d_date_sk
      and store_sales.ss_customer_sk = customer.c_customer_sk
      and d_month_seq between 1206 and 1206 + 11
  intersect
    select distinct c_last_name, c_first_name, d_date
    from catalog_sales, date_dim, customer
          where catalog_sales.cs_sold_date_sk = date_dim.d_date_sk
      and catalog_sales.cs_bill_customer_sk = customer.c_customer_sk
      and d_month_seq between 1206 and 1206 + 11
  intersect
    select distinct c_last_name, c_first_name, d_date
    from web_sales, date_dim, customer
          where web_sales.ws_sold_date_sk = date_dim.d_date_sk
      and web_sales.ws_bill_customer_sk = customer.c_customer_sk
      and d_month_seq between 1206 and 1206 + 11
) hot_cust
limit 100;
tpcds.38.sh|2024-04-09 06:35:24|2024-04-09 06:56:56|1292
select  count(*) from (
    select distinct c_last_name, c_first_name, d_date
    from store_sales, date_dim, customer
          where store_sales.ss_sold_date_sk = date_dim.d_date_sk
      and store_sales.ss_customer_sk = customer.c_customer_sk
      and d_month_seq between 1206 and 1206 + 11
  intersect
    select distinct c_last_name, c_first_name, d_date
    from catalog_sales, date_dim, customer
          where catalog_sales.cs_sold_date_sk = date_dim.d_date_sk
      and catalog_sales.cs_bill_customer_sk = customer.c_customer_sk
      and d_month_seq between 1206 and 1206 + 11
  intersect
    select distinct c_last_name, c_first_name, d_date
    from web_sales, date_dim, customer
          where web_sales.ws_sold_date_sk = date_dim.d_date_sk
      and web_sales.ws_bill_customer_sk = customer.c_customer_sk
      and d_month_seq between 1206 and 1206 + 11
) hot_cust
limit 100;
tpcds.38.sh|2024-04-09 06:56:57|2024-04-09 07:17:51|1254
select  count(*) from (
    select distinct c_last_name, c_first_name, d_date
    from store_sales, date_dim, customer
          where store_sales.ss_sold_date_sk = date_dim.d_date_sk
      and store_sales.ss_customer_sk = customer.c_customer_sk
      and d_month_seq between 1206 and 1206 + 11
  intersect
    select distinct c_last_name, c_first_name, d_date
    from catalog_sales, date_dim, customer
          where catalog_sales.cs_sold_date_sk = date_dim.d_date_sk
      and catalog_sales.cs_bill_customer_sk = customer.c_customer_sk
      and d_month_seq between 1206 and 1206 + 11
  intersect
    select distinct c_last_name, c_first_name, d_date
    from web_sales, date_dim, customer
          where web_sales.ws_sold_date_sk = date_dim.d_date_sk
      and web_sales.ws_bill_customer_sk = customer.c_customer_sk
      and d_month_seq between 1206 and 1206 + 11
) hot_cust
limit 100;
tpcds.38.sh|2024-04-09 07:17:52|2024-04-09 07:38:39|1247
select  count(*) from (
    select distinct c_last_name, c_first_name, d_date
    from store_sales, date_dim, customer
          where store_sales.ss_sold_date_sk = date_dim.d_date_sk
      and store_sales.ss_customer_sk = customer.c_customer_sk
      and d_month_seq between 1206 and 1206 + 11
  intersect
    select distinct c_last_name, c_first_name, d_date
    from catalog_sales, date_dim, customer
          where catalog_sales.cs_sold_date_sk = date_dim.d_date_sk
      and catalog_sales.cs_bill_customer_sk = customer.c_customer_sk
      and d_month_seq between 1206 and 1206 + 11
  intersect
    select distinct c_last_name, c_first_name, d_date
    from web_sales, date_dim, customer
          where web_sales.ws_sold_date_sk = date_dim.d_date_sk
      and web_sales.ws_bill_customer_sk = customer.c_customer_sk
      and d_month_seq between 1206 and 1206 + 11
) hot_cust
limit 100;
ERROR:  canceling statement due to user request
tpcds.38.sh|2024-04-09 07:38:40|2024-04-09 07:54:12|932
