select  i_item_id,
        s_state, grouping(s_state) g_state,
        avg(ss_quantity) agg1,
        avg(ss_list_price) agg2,
        avg(ss_coupon_amt) agg3,
        avg(ss_sales_price) agg4
 from store_sales, customer_demographics, date_dim, store, item
 where ss_sold_date_sk = d_date_sk and
       ss_item_sk = i_item_sk and
       ss_store_sk = s_store_sk and
       ss_cdemo_sk = cd_demo_sk and
       cd_gender = 'M' and
       cd_marital_status = 'W' and
       cd_education_status = 'Primary' and
       d_year = 2001 and
       s_state in ('OH','MI', 'WA', 'NE', 'MI', 'WV')
 group by rollup (i_item_id, s_state)
 order by i_item_id
         ,s_state
 limit 100;
tpcds.27.sh|2024-04-09 05:53:58|2024-04-09 05:56:25|147
select  i_item_id,
        s_state, grouping(s_state) g_state,
        avg(ss_quantity) agg1,
        avg(ss_list_price) agg2,
        avg(ss_coupon_amt) agg3,
        avg(ss_sales_price) agg4
 from store_sales, customer_demographics, date_dim, store, item
 where ss_sold_date_sk = d_date_sk and
       ss_item_sk = i_item_sk and
       ss_store_sk = s_store_sk and
       ss_cdemo_sk = cd_demo_sk and
       cd_gender = 'M' and
       cd_marital_status = 'W' and
       cd_education_status = 'Primary' and
       d_year = 2001 and
       s_state in ('OH','MI', 'WA', 'NE', 'MI', 'WV')
 group by rollup (i_item_id, s_state)
 order by i_item_id
         ,s_state
 limit 100;
tpcds.27.sh|2024-04-09 05:56:26|2024-04-09 05:58:43|137
select  i_item_id,
        s_state, grouping(s_state) g_state,
        avg(ss_quantity) agg1,
        avg(ss_list_price) agg2,
        avg(ss_coupon_amt) agg3,
        avg(ss_sales_price) agg4
 from store_sales, customer_demographics, date_dim, store, item
 where ss_sold_date_sk = d_date_sk and
       ss_item_sk = i_item_sk and
       ss_store_sk = s_store_sk and
       ss_cdemo_sk = cd_demo_sk and
       cd_gender = 'M' and
       cd_marital_status = 'W' and
       cd_education_status = 'Primary' and
       d_year = 2001 and
       s_state in ('OH','MI', 'WA', 'NE', 'MI', 'WV')
 group by rollup (i_item_id, s_state)
 order by i_item_id
         ,s_state
 limit 100;
tpcds.27.sh|2024-04-09 05:58:44|2024-04-09 06:00:42|118
select  i_item_id,
        s_state, grouping(s_state) g_state,
        avg(ss_quantity) agg1,
        avg(ss_list_price) agg2,
        avg(ss_coupon_amt) agg3,
        avg(ss_sales_price) agg4
 from store_sales, customer_demographics, date_dim, store, item
 where ss_sold_date_sk = d_date_sk and
       ss_item_sk = i_item_sk and
       ss_store_sk = s_store_sk and
       ss_cdemo_sk = cd_demo_sk and
       cd_gender = 'M' and
       cd_marital_status = 'W' and
       cd_education_status = 'Primary' and
       d_year = 2001 and
       s_state in ('OH','MI', 'WA', 'NE', 'MI', 'WV')
 group by rollup (i_item_id, s_state)
 order by i_item_id
         ,s_state
 limit 100;
tpcds.27.sh|2024-04-09 06:00:43|2024-04-09 06:03:41|178
select  i_item_id,
        s_state, grouping(s_state) g_state,
        avg(ss_quantity) agg1,
        avg(ss_list_price) agg2,
        avg(ss_coupon_amt) agg3,
        avg(ss_sales_price) agg4
 from store_sales, customer_demographics, date_dim, store, item
 where ss_sold_date_sk = d_date_sk and
       ss_item_sk = i_item_sk and
       ss_store_sk = s_store_sk and
       ss_cdemo_sk = cd_demo_sk and
       cd_gender = 'M' and
       cd_marital_status = 'W' and
       cd_education_status = 'Primary' and
       d_year = 2001 and
       s_state in ('OH','MI', 'WA', 'NE', 'MI', 'WV')
 group by rollup (i_item_id, s_state)
 order by i_item_id
         ,s_state
 limit 100;
tpcds.27.sh|2024-04-09 06:03:42|2024-04-09 06:06:08|146
select  i_item_id,
        s_state, grouping(s_state) g_state,
        avg(ss_quantity) agg1,
        avg(ss_list_price) agg2,
        avg(ss_coupon_amt) agg3,
        avg(ss_sales_price) agg4
 from store_sales, customer_demographics, date_dim, store, item
 where ss_sold_date_sk = d_date_sk and
       ss_item_sk = i_item_sk and
       ss_store_sk = s_store_sk and
       ss_cdemo_sk = cd_demo_sk and
       cd_gender = 'M' and
       cd_marital_status = 'W' and
       cd_education_status = 'Primary' and
       d_year = 2001 and
       s_state in ('OH','MI', 'WA', 'NE', 'MI', 'WV')
 group by rollup (i_item_id, s_state)
 order by i_item_id
         ,s_state
 limit 100;
tpcds.27.sh|2024-04-09 06:06:09|2024-04-09 06:08:02|113
select  i_item_id,
        s_state, grouping(s_state) g_state,
        avg(ss_quantity) agg1,
        avg(ss_list_price) agg2,
        avg(ss_coupon_amt) agg3,
        avg(ss_sales_price) agg4
 from store_sales, customer_demographics, date_dim, store, item
 where ss_sold_date_sk = d_date_sk and
       ss_item_sk = i_item_sk and
       ss_store_sk = s_store_sk and
       ss_cdemo_sk = cd_demo_sk and
       cd_gender = 'M' and
       cd_marital_status = 'W' and
       cd_education_status = 'Primary' and
       d_year = 2001 and
       s_state in ('OH','MI', 'WA', 'NE', 'MI', 'WV')
 group by rollup (i_item_id, s_state)
 order by i_item_id
         ,s_state
 limit 100;
tpcds.27.sh|2024-04-09 06:08:03|2024-04-09 06:09:48|105
select  i_item_id,
        s_state, grouping(s_state) g_state,
        avg(ss_quantity) agg1,
        avg(ss_list_price) agg2,
        avg(ss_coupon_amt) agg3,
        avg(ss_sales_price) agg4
 from store_sales, customer_demographics, date_dim, store, item
 where ss_sold_date_sk = d_date_sk and
       ss_item_sk = i_item_sk and
       ss_store_sk = s_store_sk and
       ss_cdemo_sk = cd_demo_sk and
       cd_gender = 'M' and
       cd_marital_status = 'W' and
       cd_education_status = 'Primary' and
       d_year = 2001 and
       s_state in ('OH','MI', 'WA', 'NE', 'MI', 'WV')
 group by rollup (i_item_id, s_state)
 order by i_item_id
         ,s_state
 limit 100;
tpcds.27.sh|2024-04-09 06:09:49|2024-04-09 06:12:06|137
select  i_item_id,
        s_state, grouping(s_state) g_state,
        avg(ss_quantity) agg1,
        avg(ss_list_price) agg2,
        avg(ss_coupon_amt) agg3,
        avg(ss_sales_price) agg4
 from store_sales, customer_demographics, date_dim, store, item
 where ss_sold_date_sk = d_date_sk and
       ss_item_sk = i_item_sk and
       ss_store_sk = s_store_sk and
       ss_cdemo_sk = cd_demo_sk and
       cd_gender = 'M' and
       cd_marital_status = 'W' and
       cd_education_status = 'Primary' and
       d_year = 2001 and
       s_state in ('OH','MI', 'WA', 'NE', 'MI', 'WV')
 group by rollup (i_item_id, s_state)
 order by i_item_id
         ,s_state
 limit 100;
tpcds.27.sh|2024-04-09 06:12:07|2024-04-09 06:14:06|119
select  i_item_id,
        s_state, grouping(s_state) g_state,
        avg(ss_quantity) agg1,
        avg(ss_list_price) agg2,
        avg(ss_coupon_amt) agg3,
        avg(ss_sales_price) agg4
 from store_sales, customer_demographics, date_dim, store, item
 where ss_sold_date_sk = d_date_sk and
       ss_item_sk = i_item_sk and
       ss_store_sk = s_store_sk and
       ss_cdemo_sk = cd_demo_sk and
       cd_gender = 'M' and
       cd_marital_status = 'W' and
       cd_education_status = 'Primary' and
       d_year = 2001 and
       s_state in ('OH','MI', 'WA', 'NE', 'MI', 'WV')
 group by rollup (i_item_id, s_state)
 order by i_item_id
         ,s_state
 limit 100;
tpcds.27.sh|2024-04-09 06:14:07|2024-04-09 06:16:32|145
select  i_item_id,
        s_state, grouping(s_state) g_state,
        avg(ss_quantity) agg1,
        avg(ss_list_price) agg2,
        avg(ss_coupon_amt) agg3,
        avg(ss_sales_price) agg4
 from store_sales, customer_demographics, date_dim, store, item
 where ss_sold_date_sk = d_date_sk and
       ss_item_sk = i_item_sk and
       ss_store_sk = s_store_sk and
       ss_cdemo_sk = cd_demo_sk and
       cd_gender = 'M' and
       cd_marital_status = 'W' and
       cd_education_status = 'Primary' and
       d_year = 2001 and
       s_state in ('OH','MI', 'WA', 'NE', 'MI', 'WV')
 group by rollup (i_item_id, s_state)
 order by i_item_id
         ,s_state
 limit 100;
tpcds.27.sh|2024-04-09 06:16:33|2024-04-09 06:18:34|121
select  i_item_id,
        s_state, grouping(s_state) g_state,
        avg(ss_quantity) agg1,
        avg(ss_list_price) agg2,
        avg(ss_coupon_amt) agg3,
        avg(ss_sales_price) agg4
 from store_sales, customer_demographics, date_dim, store, item
 where ss_sold_date_sk = d_date_sk and
       ss_item_sk = i_item_sk and
       ss_store_sk = s_store_sk and
       ss_cdemo_sk = cd_demo_sk and
       cd_gender = 'M' and
       cd_marital_status = 'W' and
       cd_education_status = 'Primary' and
       d_year = 2001 and
       s_state in ('OH','MI', 'WA', 'NE', 'MI', 'WV')
 group by rollup (i_item_id, s_state)
 order by i_item_id
         ,s_state
 limit 100;
tpcds.27.sh|2024-04-09 06:18:35|2024-04-09 06:21:20|165
select  i_item_id,
        s_state, grouping(s_state) g_state,
        avg(ss_quantity) agg1,
        avg(ss_list_price) agg2,
        avg(ss_coupon_amt) agg3,
        avg(ss_sales_price) agg4
 from store_sales, customer_demographics, date_dim, store, item
 where ss_sold_date_sk = d_date_sk and
       ss_item_sk = i_item_sk and
       ss_store_sk = s_store_sk and
       ss_cdemo_sk = cd_demo_sk and
       cd_gender = 'M' and
       cd_marital_status = 'W' and
       cd_education_status = 'Primary' and
       d_year = 2001 and
       s_state in ('OH','MI', 'WA', 'NE', 'MI', 'WV')
 group by rollup (i_item_id, s_state)
 order by i_item_id
         ,s_state
 limit 100;
tpcds.27.sh|2024-04-09 06:21:21|2024-04-09 06:23:13|112
select  i_item_id,
        s_state, grouping(s_state) g_state,
        avg(ss_quantity) agg1,
        avg(ss_list_price) agg2,
        avg(ss_coupon_amt) agg3,
        avg(ss_sales_price) agg4
 from store_sales, customer_demographics, date_dim, store, item
 where ss_sold_date_sk = d_date_sk and
       ss_item_sk = i_item_sk and
       ss_store_sk = s_store_sk and
       ss_cdemo_sk = cd_demo_sk and
       cd_gender = 'M' and
       cd_marital_status = 'W' and
       cd_education_status = 'Primary' and
       d_year = 2001 and
       s_state in ('OH','MI', 'WA', 'NE', 'MI', 'WV')
 group by rollup (i_item_id, s_state)
 order by i_item_id
         ,s_state
 limit 100;
tpcds.27.sh|2024-04-09 06:23:14|2024-04-09 06:25:19|125
select  i_item_id,
        s_state, grouping(s_state) g_state,
        avg(ss_quantity) agg1,
        avg(ss_list_price) agg2,
        avg(ss_coupon_amt) agg3,
        avg(ss_sales_price) agg4
 from store_sales, customer_demographics, date_dim, store, item
 where ss_sold_date_sk = d_date_sk and
       ss_item_sk = i_item_sk and
       ss_store_sk = s_store_sk and
       ss_cdemo_sk = cd_demo_sk and
       cd_gender = 'M' and
       cd_marital_status = 'W' and
       cd_education_status = 'Primary' and
       d_year = 2001 and
       s_state in ('OH','MI', 'WA', 'NE', 'MI', 'WV')
 group by rollup (i_item_id, s_state)
 order by i_item_id
         ,s_state
 limit 100;
tpcds.27.sh|2024-04-09 06:25:20|2024-04-09 06:28:21|181
select  i_item_id,
        s_state, grouping(s_state) g_state,
        avg(ss_quantity) agg1,
        avg(ss_list_price) agg2,
        avg(ss_coupon_amt) agg3,
        avg(ss_sales_price) agg4
 from store_sales, customer_demographics, date_dim, store, item
 where ss_sold_date_sk = d_date_sk and
       ss_item_sk = i_item_sk and
       ss_store_sk = s_store_sk and
       ss_cdemo_sk = cd_demo_sk and
       cd_gender = 'M' and
       cd_marital_status = 'W' and
       cd_education_status = 'Primary' and
       d_year = 2001 and
       s_state in ('OH','MI', 'WA', 'NE', 'MI', 'WV')
 group by rollup (i_item_id, s_state)
 order by i_item_id
         ,s_state
 limit 100;
tpcds.27.sh|2024-04-09 06:28:22|2024-04-09 06:30:28|126
select  i_item_id,
        s_state, grouping(s_state) g_state,
        avg(ss_quantity) agg1,
        avg(ss_list_price) agg2,
        avg(ss_coupon_amt) agg3,
        avg(ss_sales_price) agg4
 from store_sales, customer_demographics, date_dim, store, item
 where ss_sold_date_sk = d_date_sk and
       ss_item_sk = i_item_sk and
       ss_store_sk = s_store_sk and
       ss_cdemo_sk = cd_demo_sk and
       cd_gender = 'M' and
       cd_marital_status = 'W' and
       cd_education_status = 'Primary' and
       d_year = 2001 and
       s_state in ('OH','MI', 'WA', 'NE', 'MI', 'WV')
 group by rollup (i_item_id, s_state)
 order by i_item_id
         ,s_state
 limit 100;
tpcds.27.sh|2024-04-09 06:30:29|2024-04-09 06:33:26|177
select  i_item_id,
        s_state, grouping(s_state) g_state,
        avg(ss_quantity) agg1,
        avg(ss_list_price) agg2,
        avg(ss_coupon_amt) agg3,
        avg(ss_sales_price) agg4
 from store_sales, customer_demographics, date_dim, store, item
 where ss_sold_date_sk = d_date_sk and
       ss_item_sk = i_item_sk and
       ss_store_sk = s_store_sk and
       ss_cdemo_sk = cd_demo_sk and
       cd_gender = 'M' and
       cd_marital_status = 'W' and
       cd_education_status = 'Primary' and
       d_year = 2001 and
       s_state in ('OH','MI', 'WA', 'NE', 'MI', 'WV')
 group by rollup (i_item_id, s_state)
 order by i_item_id
         ,s_state
 limit 100;
tpcds.27.sh|2024-04-09 06:33:27|2024-04-09 06:35:20|113
select  i_item_id,
        s_state, grouping(s_state) g_state,
        avg(ss_quantity) agg1,
        avg(ss_list_price) agg2,
        avg(ss_coupon_amt) agg3,
        avg(ss_sales_price) agg4
 from store_sales, customer_demographics, date_dim, store, item
 where ss_sold_date_sk = d_date_sk and
       ss_item_sk = i_item_sk and
       ss_store_sk = s_store_sk and
       ss_cdemo_sk = cd_demo_sk and
       cd_gender = 'M' and
       cd_marital_status = 'W' and
       cd_education_status = 'Primary' and
       d_year = 2001 and
       s_state in ('OH','MI', 'WA', 'NE', 'MI', 'WV')
 group by rollup (i_item_id, s_state)
 order by i_item_id
         ,s_state
 limit 100;
tpcds.27.sh|2024-04-09 06:35:21|2024-04-09 06:38:29|188
select  i_item_id,
        s_state, grouping(s_state) g_state,
        avg(ss_quantity) agg1,
        avg(ss_list_price) agg2,
        avg(ss_coupon_amt) agg3,
        avg(ss_sales_price) agg4
 from store_sales, customer_demographics, date_dim, store, item
 where ss_sold_date_sk = d_date_sk and
       ss_item_sk = i_item_sk and
       ss_store_sk = s_store_sk and
       ss_cdemo_sk = cd_demo_sk and
       cd_gender = 'M' and
       cd_marital_status = 'W' and
       cd_education_status = 'Primary' and
       d_year = 2001 and
       s_state in ('OH','MI', 'WA', 'NE', 'MI', 'WV')
 group by rollup (i_item_id, s_state)
 order by i_item_id
         ,s_state
 limit 100;
tpcds.27.sh|2024-04-09 06:38:30|2024-04-09 06:40:49|139
select  i_item_id,
        s_state, grouping(s_state) g_state,
        avg(ss_quantity) agg1,
        avg(ss_list_price) agg2,
        avg(ss_coupon_amt) agg3,
        avg(ss_sales_price) agg4
 from store_sales, customer_demographics, date_dim, store, item
 where ss_sold_date_sk = d_date_sk and
       ss_item_sk = i_item_sk and
       ss_store_sk = s_store_sk and
       ss_cdemo_sk = cd_demo_sk and
       cd_gender = 'M' and
       cd_marital_status = 'W' and
       cd_education_status = 'Primary' and
       d_year = 2001 and
       s_state in ('OH','MI', 'WA', 'NE', 'MI', 'WV')
 group by rollup (i_item_id, s_state)
 order by i_item_id
         ,s_state
 limit 100;
tpcds.27.sh|2024-04-09 06:40:50|2024-04-09 06:43:04|134
select  i_item_id,
        s_state, grouping(s_state) g_state,
        avg(ss_quantity) agg1,
        avg(ss_list_price) agg2,
        avg(ss_coupon_amt) agg3,
        avg(ss_sales_price) agg4
 from store_sales, customer_demographics, date_dim, store, item
 where ss_sold_date_sk = d_date_sk and
       ss_item_sk = i_item_sk and
       ss_store_sk = s_store_sk and
       ss_cdemo_sk = cd_demo_sk and
       cd_gender = 'M' and
       cd_marital_status = 'W' and
       cd_education_status = 'Primary' and
       d_year = 2001 and
       s_state in ('OH','MI', 'WA', 'NE', 'MI', 'WV')
 group by rollup (i_item_id, s_state)
 order by i_item_id
         ,s_state
 limit 100;
tpcds.27.sh|2024-04-09 06:43:05|2024-04-09 06:45:33|148
select  i_item_id,
        s_state, grouping(s_state) g_state,
        avg(ss_quantity) agg1,
        avg(ss_list_price) agg2,
        avg(ss_coupon_amt) agg3,
        avg(ss_sales_price) agg4
 from store_sales, customer_demographics, date_dim, store, item
 where ss_sold_date_sk = d_date_sk and
       ss_item_sk = i_item_sk and
       ss_store_sk = s_store_sk and
       ss_cdemo_sk = cd_demo_sk and
       cd_gender = 'M' and
       cd_marital_status = 'W' and
       cd_education_status = 'Primary' and
       d_year = 2001 and
       s_state in ('OH','MI', 'WA', 'NE', 'MI', 'WV')
 group by rollup (i_item_id, s_state)
 order by i_item_id
         ,s_state
 limit 100;
tpcds.27.sh|2024-04-09 06:45:34|2024-04-09 06:47:40|126
select  i_item_id,
        s_state, grouping(s_state) g_state,
        avg(ss_quantity) agg1,
        avg(ss_list_price) agg2,
        avg(ss_coupon_amt) agg3,
        avg(ss_sales_price) agg4
 from store_sales, customer_demographics, date_dim, store, item
 where ss_sold_date_sk = d_date_sk and
       ss_item_sk = i_item_sk and
       ss_store_sk = s_store_sk and
       ss_cdemo_sk = cd_demo_sk and
       cd_gender = 'M' and
       cd_marital_status = 'W' and
       cd_education_status = 'Primary' and
       d_year = 2001 and
       s_state in ('OH','MI', 'WA', 'NE', 'MI', 'WV')
 group by rollup (i_item_id, s_state)
 order by i_item_id
         ,s_state
 limit 100;
tpcds.27.sh|2024-04-09 06:47:41|2024-04-09 06:49:32|111
select  i_item_id,
        s_state, grouping(s_state) g_state,
        avg(ss_quantity) agg1,
        avg(ss_list_price) agg2,
        avg(ss_coupon_amt) agg3,
        avg(ss_sales_price) agg4
 from store_sales, customer_demographics, date_dim, store, item
 where ss_sold_date_sk = d_date_sk and
       ss_item_sk = i_item_sk and
       ss_store_sk = s_store_sk and
       ss_cdemo_sk = cd_demo_sk and
       cd_gender = 'M' and
       cd_marital_status = 'W' and
       cd_education_status = 'Primary' and
       d_year = 2001 and
       s_state in ('OH','MI', 'WA', 'NE', 'MI', 'WV')
 group by rollup (i_item_id, s_state)
 order by i_item_id
         ,s_state
 limit 100;
tpcds.27.sh|2024-04-09 06:49:33|2024-04-09 06:51:55|142
select  i_item_id,
        s_state, grouping(s_state) g_state,
        avg(ss_quantity) agg1,
        avg(ss_list_price) agg2,
        avg(ss_coupon_amt) agg3,
        avg(ss_sales_price) agg4
 from store_sales, customer_demographics, date_dim, store, item
 where ss_sold_date_sk = d_date_sk and
       ss_item_sk = i_item_sk and
       ss_store_sk = s_store_sk and
       ss_cdemo_sk = cd_demo_sk and
       cd_gender = 'M' and
       cd_marital_status = 'W' and
       cd_education_status = 'Primary' and
       d_year = 2001 and
       s_state in ('OH','MI', 'WA', 'NE', 'MI', 'WV')
 group by rollup (i_item_id, s_state)
 order by i_item_id
         ,s_state
 limit 100;
tpcds.27.sh|2024-04-09 06:51:56|2024-04-09 06:53:32|96
select  i_item_id,
        s_state, grouping(s_state) g_state,
        avg(ss_quantity) agg1,
        avg(ss_list_price) agg2,
        avg(ss_coupon_amt) agg3,
        avg(ss_sales_price) agg4
 from store_sales, customer_demographics, date_dim, store, item
 where ss_sold_date_sk = d_date_sk and
       ss_item_sk = i_item_sk and
       ss_store_sk = s_store_sk and
       ss_cdemo_sk = cd_demo_sk and
       cd_gender = 'M' and
       cd_marital_status = 'W' and
       cd_education_status = 'Primary' and
       d_year = 2001 and
       s_state in ('OH','MI', 'WA', 'NE', 'MI', 'WV')
 group by rollup (i_item_id, s_state)
 order by i_item_id
         ,s_state
 limit 100;
tpcds.27.sh|2024-04-09 06:53:33|2024-04-09 06:55:32|119
select  i_item_id,
        s_state, grouping(s_state) g_state,
        avg(ss_quantity) agg1,
        avg(ss_list_price) agg2,
        avg(ss_coupon_amt) agg3,
        avg(ss_sales_price) agg4
 from store_sales, customer_demographics, date_dim, store, item
 where ss_sold_date_sk = d_date_sk and
       ss_item_sk = i_item_sk and
       ss_store_sk = s_store_sk and
       ss_cdemo_sk = cd_demo_sk and
       cd_gender = 'M' and
       cd_marital_status = 'W' and
       cd_education_status = 'Primary' and
       d_year = 2001 and
       s_state in ('OH','MI', 'WA', 'NE', 'MI', 'WV')
 group by rollup (i_item_id, s_state)
 order by i_item_id
         ,s_state
 limit 100;
tpcds.27.sh|2024-04-09 06:55:33|2024-04-09 06:58:15|162
select  i_item_id,
        s_state, grouping(s_state) g_state,
        avg(ss_quantity) agg1,
        avg(ss_list_price) agg2,
        avg(ss_coupon_amt) agg3,
        avg(ss_sales_price) agg4
 from store_sales, customer_demographics, date_dim, store, item
 where ss_sold_date_sk = d_date_sk and
       ss_item_sk = i_item_sk and
       ss_store_sk = s_store_sk and
       ss_cdemo_sk = cd_demo_sk and
       cd_gender = 'M' and
       cd_marital_status = 'W' and
       cd_education_status = 'Primary' and
       d_year = 2001 and
       s_state in ('OH','MI', 'WA', 'NE', 'MI', 'WV')
 group by rollup (i_item_id, s_state)
 order by i_item_id
         ,s_state
 limit 100;
tpcds.27.sh|2024-04-09 06:58:16|2024-04-09 07:00:10|114
select  i_item_id,
        s_state, grouping(s_state) g_state,
        avg(ss_quantity) agg1,
        avg(ss_list_price) agg2,
        avg(ss_coupon_amt) agg3,
        avg(ss_sales_price) agg4
 from store_sales, customer_demographics, date_dim, store, item
 where ss_sold_date_sk = d_date_sk and
       ss_item_sk = i_item_sk and
       ss_store_sk = s_store_sk and
       ss_cdemo_sk = cd_demo_sk and
       cd_gender = 'M' and
       cd_marital_status = 'W' and
       cd_education_status = 'Primary' and
       d_year = 2001 and
       s_state in ('OH','MI', 'WA', 'NE', 'MI', 'WV')
 group by rollup (i_item_id, s_state)
 order by i_item_id
         ,s_state
 limit 100;
tpcds.27.sh|2024-04-09 07:00:11|2024-04-09 07:02:38|147
select  i_item_id,
        s_state, grouping(s_state) g_state,
        avg(ss_quantity) agg1,
        avg(ss_list_price) agg2,
        avg(ss_coupon_amt) agg3,
        avg(ss_sales_price) agg4
 from store_sales, customer_demographics, date_dim, store, item
 where ss_sold_date_sk = d_date_sk and
       ss_item_sk = i_item_sk and
       ss_store_sk = s_store_sk and
       ss_cdemo_sk = cd_demo_sk and
       cd_gender = 'M' and
       cd_marital_status = 'W' and
       cd_education_status = 'Primary' and
       d_year = 2001 and
       s_state in ('OH','MI', 'WA', 'NE', 'MI', 'WV')
 group by rollup (i_item_id, s_state)
 order by i_item_id
         ,s_state
 limit 100;
tpcds.27.sh|2024-04-09 07:02:39|2024-04-09 07:04:27|108
select  i_item_id,
        s_state, grouping(s_state) g_state,
        avg(ss_quantity) agg1,
        avg(ss_list_price) agg2,
        avg(ss_coupon_amt) agg3,
        avg(ss_sales_price) agg4
 from store_sales, customer_demographics, date_dim, store, item
 where ss_sold_date_sk = d_date_sk and
       ss_item_sk = i_item_sk and
       ss_store_sk = s_store_sk and
       ss_cdemo_sk = cd_demo_sk and
       cd_gender = 'M' and
       cd_marital_status = 'W' and
       cd_education_status = 'Primary' and
       d_year = 2001 and
       s_state in ('OH','MI', 'WA', 'NE', 'MI', 'WV')
 group by rollup (i_item_id, s_state)
 order by i_item_id
         ,s_state
 limit 100;
tpcds.27.sh|2024-04-09 07:04:28|2024-04-09 07:06:42|134
select  i_item_id,
        s_state, grouping(s_state) g_state,
        avg(ss_quantity) agg1,
        avg(ss_list_price) agg2,
        avg(ss_coupon_amt) agg3,
        avg(ss_sales_price) agg4
 from store_sales, customer_demographics, date_dim, store, item
 where ss_sold_date_sk = d_date_sk and
       ss_item_sk = i_item_sk and
       ss_store_sk = s_store_sk and
       ss_cdemo_sk = cd_demo_sk and
       cd_gender = 'M' and
       cd_marital_status = 'W' and
       cd_education_status = 'Primary' and
       d_year = 2001 and
       s_state in ('OH','MI', 'WA', 'NE', 'MI', 'WV')
 group by rollup (i_item_id, s_state)
 order by i_item_id
         ,s_state
 limit 100;
tpcds.27.sh|2024-04-09 07:06:43|2024-04-09 07:09:15|152
select  i_item_id,
        s_state, grouping(s_state) g_state,
        avg(ss_quantity) agg1,
        avg(ss_list_price) agg2,
        avg(ss_coupon_amt) agg3,
        avg(ss_sales_price) agg4
 from store_sales, customer_demographics, date_dim, store, item
 where ss_sold_date_sk = d_date_sk and
       ss_item_sk = i_item_sk and
       ss_store_sk = s_store_sk and
       ss_cdemo_sk = cd_demo_sk and
       cd_gender = 'M' and
       cd_marital_status = 'W' and
       cd_education_status = 'Primary' and
       d_year = 2001 and
       s_state in ('OH','MI', 'WA', 'NE', 'MI', 'WV')
 group by rollup (i_item_id, s_state)
 order by i_item_id
         ,s_state
 limit 100;
tpcds.27.sh|2024-04-09 07:09:16|2024-04-09 07:12:04|168
select  i_item_id,
        s_state, grouping(s_state) g_state,
        avg(ss_quantity) agg1,
        avg(ss_list_price) agg2,
        avg(ss_coupon_amt) agg3,
        avg(ss_sales_price) agg4
 from store_sales, customer_demographics, date_dim, store, item
 where ss_sold_date_sk = d_date_sk and
       ss_item_sk = i_item_sk and
       ss_store_sk = s_store_sk and
       ss_cdemo_sk = cd_demo_sk and
       cd_gender = 'M' and
       cd_marital_status = 'W' and
       cd_education_status = 'Primary' and
       d_year = 2001 and
       s_state in ('OH','MI', 'WA', 'NE', 'MI', 'WV')
 group by rollup (i_item_id, s_state)
 order by i_item_id
         ,s_state
 limit 100;
tpcds.27.sh|2024-04-09 07:12:05|2024-04-09 07:14:40|155
select  i_item_id,
        s_state, grouping(s_state) g_state,
        avg(ss_quantity) agg1,
        avg(ss_list_price) agg2,
        avg(ss_coupon_amt) agg3,
        avg(ss_sales_price) agg4
 from store_sales, customer_demographics, date_dim, store, item
 where ss_sold_date_sk = d_date_sk and
       ss_item_sk = i_item_sk and
       ss_store_sk = s_store_sk and
       ss_cdemo_sk = cd_demo_sk and
       cd_gender = 'M' and
       cd_marital_status = 'W' and
       cd_education_status = 'Primary' and
       d_year = 2001 and
       s_state in ('OH','MI', 'WA', 'NE', 'MI', 'WV')
 group by rollup (i_item_id, s_state)
 order by i_item_id
         ,s_state
 limit 100;
tpcds.27.sh|2024-04-09 07:14:41|2024-04-09 07:17:29|168
select  i_item_id,
        s_state, grouping(s_state) g_state,
        avg(ss_quantity) agg1,
        avg(ss_list_price) agg2,
        avg(ss_coupon_amt) agg3,
        avg(ss_sales_price) agg4
 from store_sales, customer_demographics, date_dim, store, item
 where ss_sold_date_sk = d_date_sk and
       ss_item_sk = i_item_sk and
       ss_store_sk = s_store_sk and
       ss_cdemo_sk = cd_demo_sk and
       cd_gender = 'M' and
       cd_marital_status = 'W' and
       cd_education_status = 'Primary' and
       d_year = 2001 and
       s_state in ('OH','MI', 'WA', 'NE', 'MI', 'WV')
 group by rollup (i_item_id, s_state)
 order by i_item_id
         ,s_state
 limit 100;
tpcds.27.sh|2024-04-09 07:17:30|2024-04-09 07:19:44|134
select  i_item_id,
        s_state, grouping(s_state) g_state,
        avg(ss_quantity) agg1,
        avg(ss_list_price) agg2,
        avg(ss_coupon_amt) agg3,
        avg(ss_sales_price) agg4
 from store_sales, customer_demographics, date_dim, store, item
 where ss_sold_date_sk = d_date_sk and
       ss_item_sk = i_item_sk and
       ss_store_sk = s_store_sk and
       ss_cdemo_sk = cd_demo_sk and
       cd_gender = 'M' and
       cd_marital_status = 'W' and
       cd_education_status = 'Primary' and
       d_year = 2001 and
       s_state in ('OH','MI', 'WA', 'NE', 'MI', 'WV')
 group by rollup (i_item_id, s_state)
 order by i_item_id
         ,s_state
 limit 100;
tpcds.27.sh|2024-04-09 07:19:45|2024-04-09 07:22:24|159
select  i_item_id,
        s_state, grouping(s_state) g_state,
        avg(ss_quantity) agg1,
        avg(ss_list_price) agg2,
        avg(ss_coupon_amt) agg3,
        avg(ss_sales_price) agg4
 from store_sales, customer_demographics, date_dim, store, item
 where ss_sold_date_sk = d_date_sk and
       ss_item_sk = i_item_sk and
       ss_store_sk = s_store_sk and
       ss_cdemo_sk = cd_demo_sk and
       cd_gender = 'M' and
       cd_marital_status = 'W' and
       cd_education_status = 'Primary' and
       d_year = 2001 and
       s_state in ('OH','MI', 'WA', 'NE', 'MI', 'WV')
 group by rollup (i_item_id, s_state)
 order by i_item_id
         ,s_state
 limit 100;
tpcds.27.sh|2024-04-09 07:22:25|2024-04-09 07:24:15|110
select  i_item_id,
        s_state, grouping(s_state) g_state,
        avg(ss_quantity) agg1,
        avg(ss_list_price) agg2,
        avg(ss_coupon_amt) agg3,
        avg(ss_sales_price) agg4
 from store_sales, customer_demographics, date_dim, store, item
 where ss_sold_date_sk = d_date_sk and
       ss_item_sk = i_item_sk and
       ss_store_sk = s_store_sk and
       ss_cdemo_sk = cd_demo_sk and
       cd_gender = 'M' and
       cd_marital_status = 'W' and
       cd_education_status = 'Primary' and
       d_year = 2001 and
       s_state in ('OH','MI', 'WA', 'NE', 'MI', 'WV')
 group by rollup (i_item_id, s_state)
 order by i_item_id
         ,s_state
 limit 100;
tpcds.27.sh|2024-04-09 07:24:16|2024-04-09 07:26:27|131
select  i_item_id,
        s_state, grouping(s_state) g_state,
        avg(ss_quantity) agg1,
        avg(ss_list_price) agg2,
        avg(ss_coupon_amt) agg3,
        avg(ss_sales_price) agg4
 from store_sales, customer_demographics, date_dim, store, item
 where ss_sold_date_sk = d_date_sk and
       ss_item_sk = i_item_sk and
       ss_store_sk = s_store_sk and
       ss_cdemo_sk = cd_demo_sk and
       cd_gender = 'M' and
       cd_marital_status = 'W' and
       cd_education_status = 'Primary' and
       d_year = 2001 and
       s_state in ('OH','MI', 'WA', 'NE', 'MI', 'WV')
 group by rollup (i_item_id, s_state)
 order by i_item_id
         ,s_state
 limit 100;
tpcds.27.sh|2024-04-09 07:26:28|2024-04-09 07:28:34|126
select  i_item_id,
        s_state, grouping(s_state) g_state,
        avg(ss_quantity) agg1,
        avg(ss_list_price) agg2,
        avg(ss_coupon_amt) agg3,
        avg(ss_sales_price) agg4
 from store_sales, customer_demographics, date_dim, store, item
 where ss_sold_date_sk = d_date_sk and
       ss_item_sk = i_item_sk and
       ss_store_sk = s_store_sk and
       ss_cdemo_sk = cd_demo_sk and
       cd_gender = 'M' and
       cd_marital_status = 'W' and
       cd_education_status = 'Primary' and
       d_year = 2001 and
       s_state in ('OH','MI', 'WA', 'NE', 'MI', 'WV')
 group by rollup (i_item_id, s_state)
 order by i_item_id
         ,s_state
 limit 100;
tpcds.27.sh|2024-04-09 07:28:35|2024-04-09 07:31:15|160
select  i_item_id,
        s_state, grouping(s_state) g_state,
        avg(ss_quantity) agg1,
        avg(ss_list_price) agg2,
        avg(ss_coupon_amt) agg3,
        avg(ss_sales_price) agg4
 from store_sales, customer_demographics, date_dim, store, item
 where ss_sold_date_sk = d_date_sk and
       ss_item_sk = i_item_sk and
       ss_store_sk = s_store_sk and
       ss_cdemo_sk = cd_demo_sk and
       cd_gender = 'M' and
       cd_marital_status = 'W' and
       cd_education_status = 'Primary' and
       d_year = 2001 and
       s_state in ('OH','MI', 'WA', 'NE', 'MI', 'WV')
 group by rollup (i_item_id, s_state)
 order by i_item_id
         ,s_state
 limit 100;
tpcds.27.sh|2024-04-09 07:31:16|2024-04-09 07:33:06|110
select  i_item_id,
        s_state, grouping(s_state) g_state,
        avg(ss_quantity) agg1,
        avg(ss_list_price) agg2,
        avg(ss_coupon_amt) agg3,
        avg(ss_sales_price) agg4
 from store_sales, customer_demographics, date_dim, store, item
 where ss_sold_date_sk = d_date_sk and
       ss_item_sk = i_item_sk and
       ss_store_sk = s_store_sk and
       ss_cdemo_sk = cd_demo_sk and
       cd_gender = 'M' and
       cd_marital_status = 'W' and
       cd_education_status = 'Primary' and
       d_year = 2001 and
       s_state in ('OH','MI', 'WA', 'NE', 'MI', 'WV')
 group by rollup (i_item_id, s_state)
 order by i_item_id
         ,s_state
 limit 100;
tpcds.27.sh|2024-04-09 07:33:07|2024-04-09 07:35:18|131
select  i_item_id,
        s_state, grouping(s_state) g_state,
        avg(ss_quantity) agg1,
        avg(ss_list_price) agg2,
        avg(ss_coupon_amt) agg3,
        avg(ss_sales_price) agg4
 from store_sales, customer_demographics, date_dim, store, item
 where ss_sold_date_sk = d_date_sk and
       ss_item_sk = i_item_sk and
       ss_store_sk = s_store_sk and
       ss_cdemo_sk = cd_demo_sk and
       cd_gender = 'M' and
       cd_marital_status = 'W' and
       cd_education_status = 'Primary' and
       d_year = 2001 and
       s_state in ('OH','MI', 'WA', 'NE', 'MI', 'WV')
 group by rollup (i_item_id, s_state)
 order by i_item_id
         ,s_state
 limit 100;
tpcds.27.sh|2024-04-09 07:35:19|2024-04-09 07:37:05|106
select  i_item_id,
        s_state, grouping(s_state) g_state,
        avg(ss_quantity) agg1,
        avg(ss_list_price) agg2,
        avg(ss_coupon_amt) agg3,
        avg(ss_sales_price) agg4
 from store_sales, customer_demographics, date_dim, store, item
 where ss_sold_date_sk = d_date_sk and
       ss_item_sk = i_item_sk and
       ss_store_sk = s_store_sk and
       ss_cdemo_sk = cd_demo_sk and
       cd_gender = 'M' and
       cd_marital_status = 'W' and
       cd_education_status = 'Primary' and
       d_year = 2001 and
       s_state in ('OH','MI', 'WA', 'NE', 'MI', 'WV')
 group by rollup (i_item_id, s_state)
 order by i_item_id
         ,s_state
 limit 100;
tpcds.27.sh|2024-04-09 07:37:06|2024-04-09 07:38:52|106
select  i_item_id,
        s_state, grouping(s_state) g_state,
        avg(ss_quantity) agg1,
        avg(ss_list_price) agg2,
        avg(ss_coupon_amt) agg3,
        avg(ss_sales_price) agg4
 from store_sales, customer_demographics, date_dim, store, item
 where ss_sold_date_sk = d_date_sk and
       ss_item_sk = i_item_sk and
       ss_store_sk = s_store_sk and
       ss_cdemo_sk = cd_demo_sk and
       cd_gender = 'M' and
       cd_marital_status = 'W' and
       cd_education_status = 'Primary' and
       d_year = 2001 and
       s_state in ('OH','MI', 'WA', 'NE', 'MI', 'WV')
 group by rollup (i_item_id, s_state)
 order by i_item_id
         ,s_state
 limit 100;
tpcds.27.sh|2024-04-09 07:38:53|2024-04-09 07:41:33|160
select  i_item_id,
        s_state, grouping(s_state) g_state,
        avg(ss_quantity) agg1,
        avg(ss_list_price) agg2,
        avg(ss_coupon_amt) agg3,
        avg(ss_sales_price) agg4
 from store_sales, customer_demographics, date_dim, store, item
 where ss_sold_date_sk = d_date_sk and
       ss_item_sk = i_item_sk and
       ss_store_sk = s_store_sk and
       ss_cdemo_sk = cd_demo_sk and
       cd_gender = 'M' and
       cd_marital_status = 'W' and
       cd_education_status = 'Primary' and
       d_year = 2001 and
       s_state in ('OH','MI', 'WA', 'NE', 'MI', 'WV')
 group by rollup (i_item_id, s_state)
 order by i_item_id
         ,s_state
 limit 100;
tpcds.27.sh|2024-04-09 07:41:34|2024-04-09 07:43:34|120
select  i_item_id,
        s_state, grouping(s_state) g_state,
        avg(ss_quantity) agg1,
        avg(ss_list_price) agg2,
        avg(ss_coupon_amt) agg3,
        avg(ss_sales_price) agg4
 from store_sales, customer_demographics, date_dim, store, item
 where ss_sold_date_sk = d_date_sk and
       ss_item_sk = i_item_sk and
       ss_store_sk = s_store_sk and
       ss_cdemo_sk = cd_demo_sk and
       cd_gender = 'M' and
       cd_marital_status = 'W' and
       cd_education_status = 'Primary' and
       d_year = 2001 and
       s_state in ('OH','MI', 'WA', 'NE', 'MI', 'WV')
 group by rollup (i_item_id, s_state)
 order by i_item_id
         ,s_state
 limit 100;
tpcds.27.sh|2024-04-09 07:43:35|2024-04-09 07:46:15|160
select  i_item_id,
        s_state, grouping(s_state) g_state,
        avg(ss_quantity) agg1,
        avg(ss_list_price) agg2,
        avg(ss_coupon_amt) agg3,
        avg(ss_sales_price) agg4
 from store_sales, customer_demographics, date_dim, store, item
 where ss_sold_date_sk = d_date_sk and
       ss_item_sk = i_item_sk and
       ss_store_sk = s_store_sk and
       ss_cdemo_sk = cd_demo_sk and
       cd_gender = 'M' and
       cd_marital_status = 'W' and
       cd_education_status = 'Primary' and
       d_year = 2001 and
       s_state in ('OH','MI', 'WA', 'NE', 'MI', 'WV')
 group by rollup (i_item_id, s_state)
 order by i_item_id
         ,s_state
 limit 100;
tpcds.27.sh|2024-04-09 07:46:16|2024-04-09 07:49:12|176
select  i_item_id,
        s_state, grouping(s_state) g_state,
        avg(ss_quantity) agg1,
        avg(ss_list_price) agg2,
        avg(ss_coupon_amt) agg3,
        avg(ss_sales_price) agg4
 from store_sales, customer_demographics, date_dim, store, item
 where ss_sold_date_sk = d_date_sk and
       ss_item_sk = i_item_sk and
       ss_store_sk = s_store_sk and
       ss_cdemo_sk = cd_demo_sk and
       cd_gender = 'M' and
       cd_marital_status = 'W' and
       cd_education_status = 'Primary' and
       d_year = 2001 and
       s_state in ('OH','MI', 'WA', 'NE', 'MI', 'WV')
 group by rollup (i_item_id, s_state)
 order by i_item_id
         ,s_state
 limit 100;
tpcds.27.sh|2024-04-09 07:49:13|2024-04-09 07:50:40|87
select  i_item_id,
        s_state, grouping(s_state) g_state,
        avg(ss_quantity) agg1,
        avg(ss_list_price) agg2,
        avg(ss_coupon_amt) agg3,
        avg(ss_sales_price) agg4
 from store_sales, customer_demographics, date_dim, store, item
 where ss_sold_date_sk = d_date_sk and
       ss_item_sk = i_item_sk and
       ss_store_sk = s_store_sk and
       ss_cdemo_sk = cd_demo_sk and
       cd_gender = 'M' and
       cd_marital_status = 'W' and
       cd_education_status = 'Primary' and
       d_year = 2001 and
       s_state in ('OH','MI', 'WA', 'NE', 'MI', 'WV')
 group by rollup (i_item_id, s_state)
 order by i_item_id
         ,s_state
 limit 100;
tpcds.27.sh|2024-04-09 07:50:41|2024-04-09 07:53:01|140
select  i_item_id,
        s_state, grouping(s_state) g_state,
        avg(ss_quantity) agg1,
        avg(ss_list_price) agg2,
        avg(ss_coupon_amt) agg3,
        avg(ss_sales_price) agg4
 from store_sales, customer_demographics, date_dim, store, item
 where ss_sold_date_sk = d_date_sk and
       ss_item_sk = i_item_sk and
       ss_store_sk = s_store_sk and
       ss_cdemo_sk = cd_demo_sk and
       cd_gender = 'M' and
       cd_marital_status = 'W' and
       cd_education_status = 'Primary' and
       d_year = 2001 and
       s_state in ('OH','MI', 'WA', 'NE', 'MI', 'WV')
 group by rollup (i_item_id, s_state)
 order by i_item_id
         ,s_state
 limit 100;
ERROR:  canceling statement due to user request
tpcds.27.sh|2024-04-09 07:53:02|2024-04-09 07:54:10|68
