select  ca_zip
       ,sum(cs_sales_price)
 from catalog_sales
     ,customer
     ,customer_address
     ,date_dim
 where cs_bill_customer_sk = c_customer_sk
 	and c_current_addr_sk = ca_address_sk
 	and ( substr(ca_zip,1,5) in ('85669', '86197','88274','83405','86475',
                                   '85392', '85460', '80348', '81792')
 	      or ca_state in ('CA','WA','GA')
 	      or cs_sales_price > 500)
 	and cs_sold_date_sk = d_date_sk
 	and d_qoy = 1 and d_year = 2002
 group by ca_zip
 order by ca_zip
 limit 100;
tpcds.15.sh|2024-04-09 05:53:58|2024-04-09 05:55:06|68
select  ca_zip
       ,sum(cs_sales_price)
 from catalog_sales
     ,customer
     ,customer_address
     ,date_dim
 where cs_bill_customer_sk = c_customer_sk
 	and c_current_addr_sk = ca_address_sk
 	and ( substr(ca_zip,1,5) in ('85669', '86197','88274','83405','86475',
                                   '85392', '85460', '80348', '81792')
 	      or ca_state in ('CA','WA','GA')
 	      or cs_sales_price > 500)
 	and cs_sold_date_sk = d_date_sk
 	and d_qoy = 1 and d_year = 2002
 group by ca_zip
 order by ca_zip
 limit 100;
tpcds.15.sh|2024-04-09 05:55:07|2024-04-09 05:56:30|83
select  ca_zip
       ,sum(cs_sales_price)
 from catalog_sales
     ,customer
     ,customer_address
     ,date_dim
 where cs_bill_customer_sk = c_customer_sk
 	and c_current_addr_sk = ca_address_sk
 	and ( substr(ca_zip,1,5) in ('85669', '86197','88274','83405','86475',
                                   '85392', '85460', '80348', '81792')
 	      or ca_state in ('CA','WA','GA')
 	      or cs_sales_price > 500)
 	and cs_sold_date_sk = d_date_sk
 	and d_qoy = 1 and d_year = 2002
 group by ca_zip
 order by ca_zip
 limit 100;
tpcds.15.sh|2024-04-09 05:56:31|2024-04-09 05:57:44|73
select  ca_zip
       ,sum(cs_sales_price)
 from catalog_sales
     ,customer
     ,customer_address
     ,date_dim
 where cs_bill_customer_sk = c_customer_sk
 	and c_current_addr_sk = ca_address_sk
 	and ( substr(ca_zip,1,5) in ('85669', '86197','88274','83405','86475',
                                   '85392', '85460', '80348', '81792')
 	      or ca_state in ('CA','WA','GA')
 	      or cs_sales_price > 500)
 	and cs_sold_date_sk = d_date_sk
 	and d_qoy = 1 and d_year = 2002
 group by ca_zip
 order by ca_zip
 limit 100;
tpcds.15.sh|2024-04-09 05:57:45|2024-04-09 05:58:56|71
select  ca_zip
       ,sum(cs_sales_price)
 from catalog_sales
     ,customer
     ,customer_address
     ,date_dim
 where cs_bill_customer_sk = c_customer_sk
 	and c_current_addr_sk = ca_address_sk
 	and ( substr(ca_zip,1,5) in ('85669', '86197','88274','83405','86475',
                                   '85392', '85460', '80348', '81792')
 	      or ca_state in ('CA','WA','GA')
 	      or cs_sales_price > 500)
 	and cs_sold_date_sk = d_date_sk
 	and d_qoy = 1 and d_year = 2002
 group by ca_zip
 order by ca_zip
 limit 100;
tpcds.15.sh|2024-04-09 05:58:57|2024-04-09 06:00:00|63
select  ca_zip
       ,sum(cs_sales_price)
 from catalog_sales
     ,customer
     ,customer_address
     ,date_dim
 where cs_bill_customer_sk = c_customer_sk
 	and c_current_addr_sk = ca_address_sk
 	and ( substr(ca_zip,1,5) in ('85669', '86197','88274','83405','86475',
                                   '85392', '85460', '80348', '81792')
 	      or ca_state in ('CA','WA','GA')
 	      or cs_sales_price > 500)
 	and cs_sold_date_sk = d_date_sk
 	and d_qoy = 1 and d_year = 2002
 group by ca_zip
 order by ca_zip
 limit 100;
tpcds.15.sh|2024-04-09 06:00:01|2024-04-09 06:00:56|55
select  ca_zip
       ,sum(cs_sales_price)
 from catalog_sales
     ,customer
     ,customer_address
     ,date_dim
 where cs_bill_customer_sk = c_customer_sk
 	and c_current_addr_sk = ca_address_sk
 	and ( substr(ca_zip,1,5) in ('85669', '86197','88274','83405','86475',
                                   '85392', '85460', '80348', '81792')
 	      or ca_state in ('CA','WA','GA')
 	      or cs_sales_price > 500)
 	and cs_sold_date_sk = d_date_sk
 	and d_qoy = 1 and d_year = 2002
 group by ca_zip
 order by ca_zip
 limit 100;
tpcds.15.sh|2024-04-09 06:00:57|2024-04-09 06:01:57|60
select  ca_zip
       ,sum(cs_sales_price)
 from catalog_sales
     ,customer
     ,customer_address
     ,date_dim
 where cs_bill_customer_sk = c_customer_sk
 	and c_current_addr_sk = ca_address_sk
 	and ( substr(ca_zip,1,5) in ('85669', '86197','88274','83405','86475',
                                   '85392', '85460', '80348', '81792')
 	      or ca_state in ('CA','WA','GA')
 	      or cs_sales_price > 500)
 	and cs_sold_date_sk = d_date_sk
 	and d_qoy = 1 and d_year = 2002
 group by ca_zip
 order by ca_zip
 limit 100;
tpcds.15.sh|2024-04-09 06:01:58|2024-04-09 06:02:51|53
select  ca_zip
       ,sum(cs_sales_price)
 from catalog_sales
     ,customer
     ,customer_address
     ,date_dim
 where cs_bill_customer_sk = c_customer_sk
 	and c_current_addr_sk = ca_address_sk
 	and ( substr(ca_zip,1,5) in ('85669', '86197','88274','83405','86475',
                                   '85392', '85460', '80348', '81792')
 	      or ca_state in ('CA','WA','GA')
 	      or cs_sales_price > 500)
 	and cs_sold_date_sk = d_date_sk
 	and d_qoy = 1 and d_year = 2002
 group by ca_zip
 order by ca_zip
 limit 100;
tpcds.15.sh|2024-04-09 06:02:52|2024-04-09 06:03:42|50
select  ca_zip
       ,sum(cs_sales_price)
 from catalog_sales
     ,customer
     ,customer_address
     ,date_dim
 where cs_bill_customer_sk = c_customer_sk
 	and c_current_addr_sk = ca_address_sk
 	and ( substr(ca_zip,1,5) in ('85669', '86197','88274','83405','86475',
                                   '85392', '85460', '80348', '81792')
 	      or ca_state in ('CA','WA','GA')
 	      or cs_sales_price > 500)
 	and cs_sold_date_sk = d_date_sk
 	and d_qoy = 1 and d_year = 2002
 group by ca_zip
 order by ca_zip
 limit 100;
tpcds.15.sh|2024-04-09 06:03:43|2024-04-09 06:04:39|56
select  ca_zip
       ,sum(cs_sales_price)
 from catalog_sales
     ,customer
     ,customer_address
     ,date_dim
 where cs_bill_customer_sk = c_customer_sk
 	and c_current_addr_sk = ca_address_sk
 	and ( substr(ca_zip,1,5) in ('85669', '86197','88274','83405','86475',
                                   '85392', '85460', '80348', '81792')
 	      or ca_state in ('CA','WA','GA')
 	      or cs_sales_price > 500)
 	and cs_sold_date_sk = d_date_sk
 	and d_qoy = 1 and d_year = 2002
 group by ca_zip
 order by ca_zip
 limit 100;
tpcds.15.sh|2024-04-09 06:04:40|2024-04-09 06:05:41|61
select  ca_zip
       ,sum(cs_sales_price)
 from catalog_sales
     ,customer
     ,customer_address
     ,date_dim
 where cs_bill_customer_sk = c_customer_sk
 	and c_current_addr_sk = ca_address_sk
 	and ( substr(ca_zip,1,5) in ('85669', '86197','88274','83405','86475',
                                   '85392', '85460', '80348', '81792')
 	      or ca_state in ('CA','WA','GA')
 	      or cs_sales_price > 500)
 	and cs_sold_date_sk = d_date_sk
 	and d_qoy = 1 and d_year = 2002
 group by ca_zip
 order by ca_zip
 limit 100;
tpcds.15.sh|2024-04-09 06:05:42|2024-04-09 06:06:47|65
select  ca_zip
       ,sum(cs_sales_price)
 from catalog_sales
     ,customer
     ,customer_address
     ,date_dim
 where cs_bill_customer_sk = c_customer_sk
 	and c_current_addr_sk = ca_address_sk
 	and ( substr(ca_zip,1,5) in ('85669', '86197','88274','83405','86475',
                                   '85392', '85460', '80348', '81792')
 	      or ca_state in ('CA','WA','GA')
 	      or cs_sales_price > 500)
 	and cs_sold_date_sk = d_date_sk
 	and d_qoy = 1 and d_year = 2002
 group by ca_zip
 order by ca_zip
 limit 100;
tpcds.15.sh|2024-04-09 06:06:48|2024-04-09 06:07:45|57
select  ca_zip
       ,sum(cs_sales_price)
 from catalog_sales
     ,customer
     ,customer_address
     ,date_dim
 where cs_bill_customer_sk = c_customer_sk
 	and c_current_addr_sk = ca_address_sk
 	and ( substr(ca_zip,1,5) in ('85669', '86197','88274','83405','86475',
                                   '85392', '85460', '80348', '81792')
 	      or ca_state in ('CA','WA','GA')
 	      or cs_sales_price > 500)
 	and cs_sold_date_sk = d_date_sk
 	and d_qoy = 1 and d_year = 2002
 group by ca_zip
 order by ca_zip
 limit 100;
tpcds.15.sh|2024-04-09 06:07:46|2024-04-09 06:08:48|62
select  ca_zip
       ,sum(cs_sales_price)
 from catalog_sales
     ,customer
     ,customer_address
     ,date_dim
 where cs_bill_customer_sk = c_customer_sk
 	and c_current_addr_sk = ca_address_sk
 	and ( substr(ca_zip,1,5) in ('85669', '86197','88274','83405','86475',
                                   '85392', '85460', '80348', '81792')
 	      or ca_state in ('CA','WA','GA')
 	      or cs_sales_price > 500)
 	and cs_sold_date_sk = d_date_sk
 	and d_qoy = 1 and d_year = 2002
 group by ca_zip
 order by ca_zip
 limit 100;
tpcds.15.sh|2024-04-09 06:08:49|2024-04-09 06:09:49|60
select  ca_zip
       ,sum(cs_sales_price)
 from catalog_sales
     ,customer
     ,customer_address
     ,date_dim
 where cs_bill_customer_sk = c_customer_sk
 	and c_current_addr_sk = ca_address_sk
 	and ( substr(ca_zip,1,5) in ('85669', '86197','88274','83405','86475',
                                   '85392', '85460', '80348', '81792')
 	      or ca_state in ('CA','WA','GA')
 	      or cs_sales_price > 500)
 	and cs_sold_date_sk = d_date_sk
 	and d_qoy = 1 and d_year = 2002
 group by ca_zip
 order by ca_zip
 limit 100;
tpcds.15.sh|2024-04-09 06:09:50|2024-04-09 06:10:48|58
select  ca_zip
       ,sum(cs_sales_price)
 from catalog_sales
     ,customer
     ,customer_address
     ,date_dim
 where cs_bill_customer_sk = c_customer_sk
 	and c_current_addr_sk = ca_address_sk
 	and ( substr(ca_zip,1,5) in ('85669', '86197','88274','83405','86475',
                                   '85392', '85460', '80348', '81792')
 	      or ca_state in ('CA','WA','GA')
 	      or cs_sales_price > 500)
 	and cs_sold_date_sk = d_date_sk
 	and d_qoy = 1 and d_year = 2002
 group by ca_zip
 order by ca_zip
 limit 100;
tpcds.15.sh|2024-04-09 06:10:49|2024-04-09 06:11:44|55
select  ca_zip
       ,sum(cs_sales_price)
 from catalog_sales
     ,customer
     ,customer_address
     ,date_dim
 where cs_bill_customer_sk = c_customer_sk
 	and c_current_addr_sk = ca_address_sk
 	and ( substr(ca_zip,1,5) in ('85669', '86197','88274','83405','86475',
                                   '85392', '85460', '80348', '81792')
 	      or ca_state in ('CA','WA','GA')
 	      or cs_sales_price > 500)
 	and cs_sold_date_sk = d_date_sk
 	and d_qoy = 1 and d_year = 2002
 group by ca_zip
 order by ca_zip
 limit 100;
tpcds.15.sh|2024-04-09 06:11:45|2024-04-09 06:12:37|52
select  ca_zip
       ,sum(cs_sales_price)
 from catalog_sales
     ,customer
     ,customer_address
     ,date_dim
 where cs_bill_customer_sk = c_customer_sk
 	and c_current_addr_sk = ca_address_sk
 	and ( substr(ca_zip,1,5) in ('85669', '86197','88274','83405','86475',
                                   '85392', '85460', '80348', '81792')
 	      or ca_state in ('CA','WA','GA')
 	      or cs_sales_price > 500)
 	and cs_sold_date_sk = d_date_sk
 	and d_qoy = 1 and d_year = 2002
 group by ca_zip
 order by ca_zip
 limit 100;
tpcds.15.sh|2024-04-09 06:12:38|2024-04-09 06:13:29|51
select  ca_zip
       ,sum(cs_sales_price)
 from catalog_sales
     ,customer
     ,customer_address
     ,date_dim
 where cs_bill_customer_sk = c_customer_sk
 	and c_current_addr_sk = ca_address_sk
 	and ( substr(ca_zip,1,5) in ('85669', '86197','88274','83405','86475',
                                   '85392', '85460', '80348', '81792')
 	      or ca_state in ('CA','WA','GA')
 	      or cs_sales_price > 500)
 	and cs_sold_date_sk = d_date_sk
 	and d_qoy = 1 and d_year = 2002
 group by ca_zip
 order by ca_zip
 limit 100;
tpcds.15.sh|2024-04-09 06:13:30|2024-04-09 06:14:29|59
select  ca_zip
       ,sum(cs_sales_price)
 from catalog_sales
     ,customer
     ,customer_address
     ,date_dim
 where cs_bill_customer_sk = c_customer_sk
 	and c_current_addr_sk = ca_address_sk
 	and ( substr(ca_zip,1,5) in ('85669', '86197','88274','83405','86475',
                                   '85392', '85460', '80348', '81792')
 	      or ca_state in ('CA','WA','GA')
 	      or cs_sales_price > 500)
 	and cs_sold_date_sk = d_date_sk
 	and d_qoy = 1 and d_year = 2002
 group by ca_zip
 order by ca_zip
 limit 100;
tpcds.15.sh|2024-04-09 06:14:30|2024-04-09 06:15:25|55
select  ca_zip
       ,sum(cs_sales_price)
 from catalog_sales
     ,customer
     ,customer_address
     ,date_dim
 where cs_bill_customer_sk = c_customer_sk
 	and c_current_addr_sk = ca_address_sk
 	and ( substr(ca_zip,1,5) in ('85669', '86197','88274','83405','86475',
                                   '85392', '85460', '80348', '81792')
 	      or ca_state in ('CA','WA','GA')
 	      or cs_sales_price > 500)
 	and cs_sold_date_sk = d_date_sk
 	and d_qoy = 1 and d_year = 2002
 group by ca_zip
 order by ca_zip
 limit 100;
tpcds.15.sh|2024-04-09 06:15:26|2024-04-09 06:16:22|56
select  ca_zip
       ,sum(cs_sales_price)
 from catalog_sales
     ,customer
     ,customer_address
     ,date_dim
 where cs_bill_customer_sk = c_customer_sk
 	and c_current_addr_sk = ca_address_sk
 	and ( substr(ca_zip,1,5) in ('85669', '86197','88274','83405','86475',
                                   '85392', '85460', '80348', '81792')
 	      or ca_state in ('CA','WA','GA')
 	      or cs_sales_price > 500)
 	and cs_sold_date_sk = d_date_sk
 	and d_qoy = 1 and d_year = 2002
 group by ca_zip
 order by ca_zip
 limit 100;
tpcds.15.sh|2024-04-09 06:16:23|2024-04-09 06:17:27|64
select  ca_zip
       ,sum(cs_sales_price)
 from catalog_sales
     ,customer
     ,customer_address
     ,date_dim
 where cs_bill_customer_sk = c_customer_sk
 	and c_current_addr_sk = ca_address_sk
 	and ( substr(ca_zip,1,5) in ('85669', '86197','88274','83405','86475',
                                   '85392', '85460', '80348', '81792')
 	      or ca_state in ('CA','WA','GA')
 	      or cs_sales_price > 500)
 	and cs_sold_date_sk = d_date_sk
 	and d_qoy = 1 and d_year = 2002
 group by ca_zip
 order by ca_zip
 limit 100;
tpcds.15.sh|2024-04-09 06:17:28|2024-04-09 06:18:15|47
select  ca_zip
       ,sum(cs_sales_price)
 from catalog_sales
     ,customer
     ,customer_address
     ,date_dim
 where cs_bill_customer_sk = c_customer_sk
 	and c_current_addr_sk = ca_address_sk
 	and ( substr(ca_zip,1,5) in ('85669', '86197','88274','83405','86475',
                                   '85392', '85460', '80348', '81792')
 	      or ca_state in ('CA','WA','GA')
 	      or cs_sales_price > 500)
 	and cs_sold_date_sk = d_date_sk
 	and d_qoy = 1 and d_year = 2002
 group by ca_zip
 order by ca_zip
 limit 100;
tpcds.15.sh|2024-04-09 06:18:16|2024-04-09 06:19:23|67
select  ca_zip
       ,sum(cs_sales_price)
 from catalog_sales
     ,customer
     ,customer_address
     ,date_dim
 where cs_bill_customer_sk = c_customer_sk
 	and c_current_addr_sk = ca_address_sk
 	and ( substr(ca_zip,1,5) in ('85669', '86197','88274','83405','86475',
                                   '85392', '85460', '80348', '81792')
 	      or ca_state in ('CA','WA','GA')
 	      or cs_sales_price > 500)
 	and cs_sold_date_sk = d_date_sk
 	and d_qoy = 1 and d_year = 2002
 group by ca_zip
 order by ca_zip
 limit 100;
tpcds.15.sh|2024-04-09 06:19:24|2024-04-09 06:20:43|79
select  ca_zip
       ,sum(cs_sales_price)
 from catalog_sales
     ,customer
     ,customer_address
     ,date_dim
 where cs_bill_customer_sk = c_customer_sk
 	and c_current_addr_sk = ca_address_sk
 	and ( substr(ca_zip,1,5) in ('85669', '86197','88274','83405','86475',
                                   '85392', '85460', '80348', '81792')
 	      or ca_state in ('CA','WA','GA')
 	      or cs_sales_price > 500)
 	and cs_sold_date_sk = d_date_sk
 	and d_qoy = 1 and d_year = 2002
 group by ca_zip
 order by ca_zip
 limit 100;
tpcds.15.sh|2024-04-09 06:20:44|2024-04-09 06:21:40|56
select  ca_zip
       ,sum(cs_sales_price)
 from catalog_sales
     ,customer
     ,customer_address
     ,date_dim
 where cs_bill_customer_sk = c_customer_sk
 	and c_current_addr_sk = ca_address_sk
 	and ( substr(ca_zip,1,5) in ('85669', '86197','88274','83405','86475',
                                   '85392', '85460', '80348', '81792')
 	      or ca_state in ('CA','WA','GA')
 	      or cs_sales_price > 500)
 	and cs_sold_date_sk = d_date_sk
 	and d_qoy = 1 and d_year = 2002
 group by ca_zip
 order by ca_zip
 limit 100;
tpcds.15.sh|2024-04-09 06:21:41|2024-04-09 06:22:40|59
select  ca_zip
       ,sum(cs_sales_price)
 from catalog_sales
     ,customer
     ,customer_address
     ,date_dim
 where cs_bill_customer_sk = c_customer_sk
 	and c_current_addr_sk = ca_address_sk
 	and ( substr(ca_zip,1,5) in ('85669', '86197','88274','83405','86475',
                                   '85392', '85460', '80348', '81792')
 	      or ca_state in ('CA','WA','GA')
 	      or cs_sales_price > 500)
 	and cs_sold_date_sk = d_date_sk
 	and d_qoy = 1 and d_year = 2002
 group by ca_zip
 order by ca_zip
 limit 100;
tpcds.15.sh|2024-04-09 06:22:41|2024-04-09 06:23:43|62
select  ca_zip
       ,sum(cs_sales_price)
 from catalog_sales
     ,customer
     ,customer_address
     ,date_dim
 where cs_bill_customer_sk = c_customer_sk
 	and c_current_addr_sk = ca_address_sk
 	and ( substr(ca_zip,1,5) in ('85669', '86197','88274','83405','86475',
                                   '85392', '85460', '80348', '81792')
 	      or ca_state in ('CA','WA','GA')
 	      or cs_sales_price > 500)
 	and cs_sold_date_sk = d_date_sk
 	and d_qoy = 1 and d_year = 2002
 group by ca_zip
 order by ca_zip
 limit 100;
tpcds.15.sh|2024-04-09 06:23:44|2024-04-09 06:24:52|68
select  ca_zip
       ,sum(cs_sales_price)
 from catalog_sales
     ,customer
     ,customer_address
     ,date_dim
 where cs_bill_customer_sk = c_customer_sk
 	and c_current_addr_sk = ca_address_sk
 	and ( substr(ca_zip,1,5) in ('85669', '86197','88274','83405','86475',
                                   '85392', '85460', '80348', '81792')
 	      or ca_state in ('CA','WA','GA')
 	      or cs_sales_price > 500)
 	and cs_sold_date_sk = d_date_sk
 	and d_qoy = 1 and d_year = 2002
 group by ca_zip
 order by ca_zip
 limit 100;
tpcds.15.sh|2024-04-09 06:24:53|2024-04-09 06:25:58|65
select  ca_zip
       ,sum(cs_sales_price)
 from catalog_sales
     ,customer
     ,customer_address
     ,date_dim
 where cs_bill_customer_sk = c_customer_sk
 	and c_current_addr_sk = ca_address_sk
 	and ( substr(ca_zip,1,5) in ('85669', '86197','88274','83405','86475',
                                   '85392', '85460', '80348', '81792')
 	      or ca_state in ('CA','WA','GA')
 	      or cs_sales_price > 500)
 	and cs_sold_date_sk = d_date_sk
 	and d_qoy = 1 and d_year = 2002
 group by ca_zip
 order by ca_zip
 limit 100;
tpcds.15.sh|2024-04-09 06:25:59|2024-04-09 06:26:49|50
select  ca_zip
       ,sum(cs_sales_price)
 from catalog_sales
     ,customer
     ,customer_address
     ,date_dim
 where cs_bill_customer_sk = c_customer_sk
 	and c_current_addr_sk = ca_address_sk
 	and ( substr(ca_zip,1,5) in ('85669', '86197','88274','83405','86475',
                                   '85392', '85460', '80348', '81792')
 	      or ca_state in ('CA','WA','GA')
 	      or cs_sales_price > 500)
 	and cs_sold_date_sk = d_date_sk
 	and d_qoy = 1 and d_year = 2002
 group by ca_zip
 order by ca_zip
 limit 100;
tpcds.15.sh|2024-04-09 06:26:50|2024-04-09 06:27:47|57
select  ca_zip
       ,sum(cs_sales_price)
 from catalog_sales
     ,customer
     ,customer_address
     ,date_dim
 where cs_bill_customer_sk = c_customer_sk
 	and c_current_addr_sk = ca_address_sk
 	and ( substr(ca_zip,1,5) in ('85669', '86197','88274','83405','86475',
                                   '85392', '85460', '80348', '81792')
 	      or ca_state in ('CA','WA','GA')
 	      or cs_sales_price > 500)
 	and cs_sold_date_sk = d_date_sk
 	and d_qoy = 1 and d_year = 2002
 group by ca_zip
 order by ca_zip
 limit 100;
tpcds.15.sh|2024-04-09 06:27:48|2024-04-09 06:28:44|56
select  ca_zip
       ,sum(cs_sales_price)
 from catalog_sales
     ,customer
     ,customer_address
     ,date_dim
 where cs_bill_customer_sk = c_customer_sk
 	and c_current_addr_sk = ca_address_sk
 	and ( substr(ca_zip,1,5) in ('85669', '86197','88274','83405','86475',
                                   '85392', '85460', '80348', '81792')
 	      or ca_state in ('CA','WA','GA')
 	      or cs_sales_price > 500)
 	and cs_sold_date_sk = d_date_sk
 	and d_qoy = 1 and d_year = 2002
 group by ca_zip
 order by ca_zip
 limit 100;
tpcds.15.sh|2024-04-09 06:28:45|2024-04-09 06:29:27|42
select  ca_zip
       ,sum(cs_sales_price)
 from catalog_sales
     ,customer
     ,customer_address
     ,date_dim
 where cs_bill_customer_sk = c_customer_sk
 	and c_current_addr_sk = ca_address_sk
 	and ( substr(ca_zip,1,5) in ('85669', '86197','88274','83405','86475',
                                   '85392', '85460', '80348', '81792')
 	      or ca_state in ('CA','WA','GA')
 	      or cs_sales_price > 500)
 	and cs_sold_date_sk = d_date_sk
 	and d_qoy = 1 and d_year = 2002
 group by ca_zip
 order by ca_zip
 limit 100;
tpcds.15.sh|2024-04-09 06:29:28|2024-04-09 06:30:23|55
select  ca_zip
       ,sum(cs_sales_price)
 from catalog_sales
     ,customer
     ,customer_address
     ,date_dim
 where cs_bill_customer_sk = c_customer_sk
 	and c_current_addr_sk = ca_address_sk
 	and ( substr(ca_zip,1,5) in ('85669', '86197','88274','83405','86475',
                                   '85392', '85460', '80348', '81792')
 	      or ca_state in ('CA','WA','GA')
 	      or cs_sales_price > 500)
 	and cs_sold_date_sk = d_date_sk
 	and d_qoy = 1 and d_year = 2002
 group by ca_zip
 order by ca_zip
 limit 100;
tpcds.15.sh|2024-04-09 06:30:24|2024-04-09 06:31:41|77
select  ca_zip
       ,sum(cs_sales_price)
 from catalog_sales
     ,customer
     ,customer_address
     ,date_dim
 where cs_bill_customer_sk = c_customer_sk
 	and c_current_addr_sk = ca_address_sk
 	and ( substr(ca_zip,1,5) in ('85669', '86197','88274','83405','86475',
                                   '85392', '85460', '80348', '81792')
 	      or ca_state in ('CA','WA','GA')
 	      or cs_sales_price > 500)
 	and cs_sold_date_sk = d_date_sk
 	and d_qoy = 1 and d_year = 2002
 group by ca_zip
 order by ca_zip
 limit 100;
tpcds.15.sh|2024-04-09 06:31:42|2024-04-09 06:32:42|60
select  ca_zip
       ,sum(cs_sales_price)
 from catalog_sales
     ,customer
     ,customer_address
     ,date_dim
 where cs_bill_customer_sk = c_customer_sk
 	and c_current_addr_sk = ca_address_sk
 	and ( substr(ca_zip,1,5) in ('85669', '86197','88274','83405','86475',
                                   '85392', '85460', '80348', '81792')
 	      or ca_state in ('CA','WA','GA')
 	      or cs_sales_price > 500)
 	and cs_sold_date_sk = d_date_sk
 	and d_qoy = 1 and d_year = 2002
 group by ca_zip
 order by ca_zip
 limit 100;
tpcds.15.sh|2024-04-09 06:32:43|2024-04-09 06:33:37|54
select  ca_zip
       ,sum(cs_sales_price)
 from catalog_sales
     ,customer
     ,customer_address
     ,date_dim
 where cs_bill_customer_sk = c_customer_sk
 	and c_current_addr_sk = ca_address_sk
 	and ( substr(ca_zip,1,5) in ('85669', '86197','88274','83405','86475',
                                   '85392', '85460', '80348', '81792')
 	      or ca_state in ('CA','WA','GA')
 	      or cs_sales_price > 500)
 	and cs_sold_date_sk = d_date_sk
 	and d_qoy = 1 and d_year = 2002
 group by ca_zip
 order by ca_zip
 limit 100;
tpcds.15.sh|2024-04-09 06:33:38|2024-04-09 06:34:31|53
select  ca_zip
       ,sum(cs_sales_price)
 from catalog_sales
     ,customer
     ,customer_address
     ,date_dim
 where cs_bill_customer_sk = c_customer_sk
 	and c_current_addr_sk = ca_address_sk
 	and ( substr(ca_zip,1,5) in ('85669', '86197','88274','83405','86475',
                                   '85392', '85460', '80348', '81792')
 	      or ca_state in ('CA','WA','GA')
 	      or cs_sales_price > 500)
 	and cs_sold_date_sk = d_date_sk
 	and d_qoy = 1 and d_year = 2002
 group by ca_zip
 order by ca_zip
 limit 100;
tpcds.15.sh|2024-04-09 06:34:32|2024-04-09 06:35:28|56
select  ca_zip
       ,sum(cs_sales_price)
 from catalog_sales
     ,customer
     ,customer_address
     ,date_dim
 where cs_bill_customer_sk = c_customer_sk
 	and c_current_addr_sk = ca_address_sk
 	and ( substr(ca_zip,1,5) in ('85669', '86197','88274','83405','86475',
                                   '85392', '85460', '80348', '81792')
 	      or ca_state in ('CA','WA','GA')
 	      or cs_sales_price > 500)
 	and cs_sold_date_sk = d_date_sk
 	and d_qoy = 1 and d_year = 2002
 group by ca_zip
 order by ca_zip
 limit 100;
tpcds.15.sh|2024-04-09 06:35:29|2024-04-09 06:36:33|64
select  ca_zip
       ,sum(cs_sales_price)
 from catalog_sales
     ,customer
     ,customer_address
     ,date_dim
 where cs_bill_customer_sk = c_customer_sk
 	and c_current_addr_sk = ca_address_sk
 	and ( substr(ca_zip,1,5) in ('85669', '86197','88274','83405','86475',
                                   '85392', '85460', '80348', '81792')
 	      or ca_state in ('CA','WA','GA')
 	      or cs_sales_price > 500)
 	and cs_sold_date_sk = d_date_sk
 	and d_qoy = 1 and d_year = 2002
 group by ca_zip
 order by ca_zip
 limit 100;
tpcds.15.sh|2024-04-09 06:36:34|2024-04-09 06:37:37|63
select  ca_zip
       ,sum(cs_sales_price)
 from catalog_sales
     ,customer
     ,customer_address
     ,date_dim
 where cs_bill_customer_sk = c_customer_sk
 	and c_current_addr_sk = ca_address_sk
 	and ( substr(ca_zip,1,5) in ('85669', '86197','88274','83405','86475',
                                   '85392', '85460', '80348', '81792')
 	      or ca_state in ('CA','WA','GA')
 	      or cs_sales_price > 500)
 	and cs_sold_date_sk = d_date_sk
 	and d_qoy = 1 and d_year = 2002
 group by ca_zip
 order by ca_zip
 limit 100;
tpcds.15.sh|2024-04-09 06:37:38|2024-04-09 06:38:56|78
select  ca_zip
       ,sum(cs_sales_price)
 from catalog_sales
     ,customer
     ,customer_address
     ,date_dim
 where cs_bill_customer_sk = c_customer_sk
 	and c_current_addr_sk = ca_address_sk
 	and ( substr(ca_zip,1,5) in ('85669', '86197','88274','83405','86475',
                                   '85392', '85460', '80348', '81792')
 	      or ca_state in ('CA','WA','GA')
 	      or cs_sales_price > 500)
 	and cs_sold_date_sk = d_date_sk
 	and d_qoy = 1 and d_year = 2002
 group by ca_zip
 order by ca_zip
 limit 100;
tpcds.15.sh|2024-04-09 06:38:57|2024-04-09 06:39:57|60
select  ca_zip
       ,sum(cs_sales_price)
 from catalog_sales
     ,customer
     ,customer_address
     ,date_dim
 where cs_bill_customer_sk = c_customer_sk
 	and c_current_addr_sk = ca_address_sk
 	and ( substr(ca_zip,1,5) in ('85669', '86197','88274','83405','86475',
                                   '85392', '85460', '80348', '81792')
 	      or ca_state in ('CA','WA','GA')
 	      or cs_sales_price > 500)
 	and cs_sold_date_sk = d_date_sk
 	and d_qoy = 1 and d_year = 2002
 group by ca_zip
 order by ca_zip
 limit 100;
tpcds.15.sh|2024-04-09 06:39:58|2024-04-09 06:40:45|47
select  ca_zip
       ,sum(cs_sales_price)
 from catalog_sales
     ,customer
     ,customer_address
     ,date_dim
 where cs_bill_customer_sk = c_customer_sk
 	and c_current_addr_sk = ca_address_sk
 	and ( substr(ca_zip,1,5) in ('85669', '86197','88274','83405','86475',
                                   '85392', '85460', '80348', '81792')
 	      or ca_state in ('CA','WA','GA')
 	      or cs_sales_price > 500)
 	and cs_sold_date_sk = d_date_sk
 	and d_qoy = 1 and d_year = 2002
 group by ca_zip
 order by ca_zip
 limit 100;
tpcds.15.sh|2024-04-09 06:40:46|2024-04-09 06:41:46|60
select  ca_zip
       ,sum(cs_sales_price)
 from catalog_sales
     ,customer
     ,customer_address
     ,date_dim
 where cs_bill_customer_sk = c_customer_sk
 	and c_current_addr_sk = ca_address_sk
 	and ( substr(ca_zip,1,5) in ('85669', '86197','88274','83405','86475',
                                   '85392', '85460', '80348', '81792')
 	      or ca_state in ('CA','WA','GA')
 	      or cs_sales_price > 500)
 	and cs_sold_date_sk = d_date_sk
 	and d_qoy = 1 and d_year = 2002
 group by ca_zip
 order by ca_zip
 limit 100;
tpcds.15.sh|2024-04-09 06:41:47|2024-04-09 06:42:52|65
select  ca_zip
       ,sum(cs_sales_price)
 from catalog_sales
     ,customer
     ,customer_address
     ,date_dim
 where cs_bill_customer_sk = c_customer_sk
 	and c_current_addr_sk = ca_address_sk
 	and ( substr(ca_zip,1,5) in ('85669', '86197','88274','83405','86475',
                                   '85392', '85460', '80348', '81792')
 	      or ca_state in ('CA','WA','GA')
 	      or cs_sales_price > 500)
 	and cs_sold_date_sk = d_date_sk
 	and d_qoy = 1 and d_year = 2002
 group by ca_zip
 order by ca_zip
 limit 100;
tpcds.15.sh|2024-04-09 06:42:53|2024-04-09 06:43:39|46
select  ca_zip
       ,sum(cs_sales_price)
 from catalog_sales
     ,customer
     ,customer_address
     ,date_dim
 where cs_bill_customer_sk = c_customer_sk
 	and c_current_addr_sk = ca_address_sk
 	and ( substr(ca_zip,1,5) in ('85669', '86197','88274','83405','86475',
                                   '85392', '85460', '80348', '81792')
 	      or ca_state in ('CA','WA','GA')
 	      or cs_sales_price > 500)
 	and cs_sold_date_sk = d_date_sk
 	and d_qoy = 1 and d_year = 2002
 group by ca_zip
 order by ca_zip
 limit 100;
tpcds.15.sh|2024-04-09 06:43:40|2024-04-09 06:44:42|62
select  ca_zip
       ,sum(cs_sales_price)
 from catalog_sales
     ,customer
     ,customer_address
     ,date_dim
 where cs_bill_customer_sk = c_customer_sk
 	and c_current_addr_sk = ca_address_sk
 	and ( substr(ca_zip,1,5) in ('85669', '86197','88274','83405','86475',
                                   '85392', '85460', '80348', '81792')
 	      or ca_state in ('CA','WA','GA')
 	      or cs_sales_price > 500)
 	and cs_sold_date_sk = d_date_sk
 	and d_qoy = 1 and d_year = 2002
 group by ca_zip
 order by ca_zip
 limit 100;
tpcds.15.sh|2024-04-09 06:44:43|2024-04-09 06:45:38|55
select  ca_zip
       ,sum(cs_sales_price)
 from catalog_sales
     ,customer
     ,customer_address
     ,date_dim
 where cs_bill_customer_sk = c_customer_sk
 	and c_current_addr_sk = ca_address_sk
 	and ( substr(ca_zip,1,5) in ('85669', '86197','88274','83405','86475',
                                   '85392', '85460', '80348', '81792')
 	      or ca_state in ('CA','WA','GA')
 	      or cs_sales_price > 500)
 	and cs_sold_date_sk = d_date_sk
 	and d_qoy = 1 and d_year = 2002
 group by ca_zip
 order by ca_zip
 limit 100;
tpcds.15.sh|2024-04-09 06:45:39|2024-04-09 06:46:34|55
select  ca_zip
       ,sum(cs_sales_price)
 from catalog_sales
     ,customer
     ,customer_address
     ,date_dim
 where cs_bill_customer_sk = c_customer_sk
 	and c_current_addr_sk = ca_address_sk
 	and ( substr(ca_zip,1,5) in ('85669', '86197','88274','83405','86475',
                                   '85392', '85460', '80348', '81792')
 	      or ca_state in ('CA','WA','GA')
 	      or cs_sales_price > 500)
 	and cs_sold_date_sk = d_date_sk
 	and d_qoy = 1 and d_year = 2002
 group by ca_zip
 order by ca_zip
 limit 100;
tpcds.15.sh|2024-04-09 06:46:35|2024-04-09 06:47:44|69
select  ca_zip
       ,sum(cs_sales_price)
 from catalog_sales
     ,customer
     ,customer_address
     ,date_dim
 where cs_bill_customer_sk = c_customer_sk
 	and c_current_addr_sk = ca_address_sk
 	and ( substr(ca_zip,1,5) in ('85669', '86197','88274','83405','86475',
                                   '85392', '85460', '80348', '81792')
 	      or ca_state in ('CA','WA','GA')
 	      or cs_sales_price > 500)
 	and cs_sold_date_sk = d_date_sk
 	and d_qoy = 1 and d_year = 2002
 group by ca_zip
 order by ca_zip
 limit 100;
tpcds.15.sh|2024-04-09 06:47:45|2024-04-09 06:48:46|61
select  ca_zip
       ,sum(cs_sales_price)
 from catalog_sales
     ,customer
     ,customer_address
     ,date_dim
 where cs_bill_customer_sk = c_customer_sk
 	and c_current_addr_sk = ca_address_sk
 	and ( substr(ca_zip,1,5) in ('85669', '86197','88274','83405','86475',
                                   '85392', '85460', '80348', '81792')
 	      or ca_state in ('CA','WA','GA')
 	      or cs_sales_price > 500)
 	and cs_sold_date_sk = d_date_sk
 	and d_qoy = 1 and d_year = 2002
 group by ca_zip
 order by ca_zip
 limit 100;
tpcds.15.sh|2024-04-09 06:48:47|2024-04-09 06:50:00|73
select  ca_zip
       ,sum(cs_sales_price)
 from catalog_sales
     ,customer
     ,customer_address
     ,date_dim
 where cs_bill_customer_sk = c_customer_sk
 	and c_current_addr_sk = ca_address_sk
 	and ( substr(ca_zip,1,5) in ('85669', '86197','88274','83405','86475',
                                   '85392', '85460', '80348', '81792')
 	      or ca_state in ('CA','WA','GA')
 	      or cs_sales_price > 500)
 	and cs_sold_date_sk = d_date_sk
 	and d_qoy = 1 and d_year = 2002
 group by ca_zip
 order by ca_zip
 limit 100;
tpcds.15.sh|2024-04-09 06:50:01|2024-04-09 06:51:07|66
select  ca_zip
       ,sum(cs_sales_price)
 from catalog_sales
     ,customer
     ,customer_address
     ,date_dim
 where cs_bill_customer_sk = c_customer_sk
 	and c_current_addr_sk = ca_address_sk
 	and ( substr(ca_zip,1,5) in ('85669', '86197','88274','83405','86475',
                                   '85392', '85460', '80348', '81792')
 	      or ca_state in ('CA','WA','GA')
 	      or cs_sales_price > 500)
 	and cs_sold_date_sk = d_date_sk
 	and d_qoy = 1 and d_year = 2002
 group by ca_zip
 order by ca_zip
 limit 100;
tpcds.15.sh|2024-04-09 06:51:08|2024-04-09 06:51:58|50
select  ca_zip
       ,sum(cs_sales_price)
 from catalog_sales
     ,customer
     ,customer_address
     ,date_dim
 where cs_bill_customer_sk = c_customer_sk
 	and c_current_addr_sk = ca_address_sk
 	and ( substr(ca_zip,1,5) in ('85669', '86197','88274','83405','86475',
                                   '85392', '85460', '80348', '81792')
 	      or ca_state in ('CA','WA','GA')
 	      or cs_sales_price > 500)
 	and cs_sold_date_sk = d_date_sk
 	and d_qoy = 1 and d_year = 2002
 group by ca_zip
 order by ca_zip
 limit 100;
tpcds.15.sh|2024-04-09 06:51:59|2024-04-09 06:52:46|47
select  ca_zip
       ,sum(cs_sales_price)
 from catalog_sales
     ,customer
     ,customer_address
     ,date_dim
 where cs_bill_customer_sk = c_customer_sk
 	and c_current_addr_sk = ca_address_sk
 	and ( substr(ca_zip,1,5) in ('85669', '86197','88274','83405','86475',
                                   '85392', '85460', '80348', '81792')
 	      or ca_state in ('CA','WA','GA')
 	      or cs_sales_price > 500)
 	and cs_sold_date_sk = d_date_sk
 	and d_qoy = 1 and d_year = 2002
 group by ca_zip
 order by ca_zip
 limit 100;
tpcds.15.sh|2024-04-09 06:52:47|2024-04-09 06:53:39|52
select  ca_zip
       ,sum(cs_sales_price)
 from catalog_sales
     ,customer
     ,customer_address
     ,date_dim
 where cs_bill_customer_sk = c_customer_sk
 	and c_current_addr_sk = ca_address_sk
 	and ( substr(ca_zip,1,5) in ('85669', '86197','88274','83405','86475',
                                   '85392', '85460', '80348', '81792')
 	      or ca_state in ('CA','WA','GA')
 	      or cs_sales_price > 500)
 	and cs_sold_date_sk = d_date_sk
 	and d_qoy = 1 and d_year = 2002
 group by ca_zip
 order by ca_zip
 limit 100;
tpcds.15.sh|2024-04-09 06:53:40|2024-04-09 06:54:46|66
select  ca_zip
       ,sum(cs_sales_price)
 from catalog_sales
     ,customer
     ,customer_address
     ,date_dim
 where cs_bill_customer_sk = c_customer_sk
 	and c_current_addr_sk = ca_address_sk
 	and ( substr(ca_zip,1,5) in ('85669', '86197','88274','83405','86475',
                                   '85392', '85460', '80348', '81792')
 	      or ca_state in ('CA','WA','GA')
 	      or cs_sales_price > 500)
 	and cs_sold_date_sk = d_date_sk
 	and d_qoy = 1 and d_year = 2002
 group by ca_zip
 order by ca_zip
 limit 100;
tpcds.15.sh|2024-04-09 06:54:47|2024-04-09 06:55:44|57
select  ca_zip
       ,sum(cs_sales_price)
 from catalog_sales
     ,customer
     ,customer_address
     ,date_dim
 where cs_bill_customer_sk = c_customer_sk
 	and c_current_addr_sk = ca_address_sk
 	and ( substr(ca_zip,1,5) in ('85669', '86197','88274','83405','86475',
                                   '85392', '85460', '80348', '81792')
 	      or ca_state in ('CA','WA','GA')
 	      or cs_sales_price > 500)
 	and cs_sold_date_sk = d_date_sk
 	and d_qoy = 1 and d_year = 2002
 group by ca_zip
 order by ca_zip
 limit 100;
tpcds.15.sh|2024-04-09 06:55:45|2024-04-09 06:56:40|55
select  ca_zip
       ,sum(cs_sales_price)
 from catalog_sales
     ,customer
     ,customer_address
     ,date_dim
 where cs_bill_customer_sk = c_customer_sk
 	and c_current_addr_sk = ca_address_sk
 	and ( substr(ca_zip,1,5) in ('85669', '86197','88274','83405','86475',
                                   '85392', '85460', '80348', '81792')
 	      or ca_state in ('CA','WA','GA')
 	      or cs_sales_price > 500)
 	and cs_sold_date_sk = d_date_sk
 	and d_qoy = 1 and d_year = 2002
 group by ca_zip
 order by ca_zip
 limit 100;
tpcds.15.sh|2024-04-09 06:56:41|2024-04-09 06:57:48|67
select  ca_zip
       ,sum(cs_sales_price)
 from catalog_sales
     ,customer
     ,customer_address
     ,date_dim
 where cs_bill_customer_sk = c_customer_sk
 	and c_current_addr_sk = ca_address_sk
 	and ( substr(ca_zip,1,5) in ('85669', '86197','88274','83405','86475',
                                   '85392', '85460', '80348', '81792')
 	      or ca_state in ('CA','WA','GA')
 	      or cs_sales_price > 500)
 	and cs_sold_date_sk = d_date_sk
 	and d_qoy = 1 and d_year = 2002
 group by ca_zip
 order by ca_zip
 limit 100;
tpcds.15.sh|2024-04-09 06:57:49|2024-04-09 06:58:40|51
select  ca_zip
       ,sum(cs_sales_price)
 from catalog_sales
     ,customer
     ,customer_address
     ,date_dim
 where cs_bill_customer_sk = c_customer_sk
 	and c_current_addr_sk = ca_address_sk
 	and ( substr(ca_zip,1,5) in ('85669', '86197','88274','83405','86475',
                                   '85392', '85460', '80348', '81792')
 	      or ca_state in ('CA','WA','GA')
 	      or cs_sales_price > 500)
 	and cs_sold_date_sk = d_date_sk
 	and d_qoy = 1 and d_year = 2002
 group by ca_zip
 order by ca_zip
 limit 100;
tpcds.15.sh|2024-04-09 06:58:41|2024-04-09 06:59:47|66
select  ca_zip
       ,sum(cs_sales_price)
 from catalog_sales
     ,customer
     ,customer_address
     ,date_dim
 where cs_bill_customer_sk = c_customer_sk
 	and c_current_addr_sk = ca_address_sk
 	and ( substr(ca_zip,1,5) in ('85669', '86197','88274','83405','86475',
                                   '85392', '85460', '80348', '81792')
 	      or ca_state in ('CA','WA','GA')
 	      or cs_sales_price > 500)
 	and cs_sold_date_sk = d_date_sk
 	and d_qoy = 1 and d_year = 2002
 group by ca_zip
 order by ca_zip
 limit 100;
tpcds.15.sh|2024-04-09 06:59:48|2024-04-09 07:00:51|63
select  ca_zip
       ,sum(cs_sales_price)
 from catalog_sales
     ,customer
     ,customer_address
     ,date_dim
 where cs_bill_customer_sk = c_customer_sk
 	and c_current_addr_sk = ca_address_sk
 	and ( substr(ca_zip,1,5) in ('85669', '86197','88274','83405','86475',
                                   '85392', '85460', '80348', '81792')
 	      or ca_state in ('CA','WA','GA')
 	      or cs_sales_price > 500)
 	and cs_sold_date_sk = d_date_sk
 	and d_qoy = 1 and d_year = 2002
 group by ca_zip
 order by ca_zip
 limit 100;
tpcds.15.sh|2024-04-09 07:00:52|2024-04-09 07:01:47|55
select  ca_zip
       ,sum(cs_sales_price)
 from catalog_sales
     ,customer
     ,customer_address
     ,date_dim
 where cs_bill_customer_sk = c_customer_sk
 	and c_current_addr_sk = ca_address_sk
 	and ( substr(ca_zip,1,5) in ('85669', '86197','88274','83405','86475',
                                   '85392', '85460', '80348', '81792')
 	      or ca_state in ('CA','WA','GA')
 	      or cs_sales_price > 500)
 	and cs_sold_date_sk = d_date_sk
 	and d_qoy = 1 and d_year = 2002
 group by ca_zip
 order by ca_zip
 limit 100;
tpcds.15.sh|2024-04-09 07:01:48|2024-04-09 07:02:57|69
select  ca_zip
       ,sum(cs_sales_price)
 from catalog_sales
     ,customer
     ,customer_address
     ,date_dim
 where cs_bill_customer_sk = c_customer_sk
 	and c_current_addr_sk = ca_address_sk
 	and ( substr(ca_zip,1,5) in ('85669', '86197','88274','83405','86475',
                                   '85392', '85460', '80348', '81792')
 	      or ca_state in ('CA','WA','GA')
 	      or cs_sales_price > 500)
 	and cs_sold_date_sk = d_date_sk
 	and d_qoy = 1 and d_year = 2002
 group by ca_zip
 order by ca_zip
 limit 100;
tpcds.15.sh|2024-04-09 07:02:58|2024-04-09 07:03:46|48
select  ca_zip
       ,sum(cs_sales_price)
 from catalog_sales
     ,customer
     ,customer_address
     ,date_dim
 where cs_bill_customer_sk = c_customer_sk
 	and c_current_addr_sk = ca_address_sk
 	and ( substr(ca_zip,1,5) in ('85669', '86197','88274','83405','86475',
                                   '85392', '85460', '80348', '81792')
 	      or ca_state in ('CA','WA','GA')
 	      or cs_sales_price > 500)
 	and cs_sold_date_sk = d_date_sk
 	and d_qoy = 1 and d_year = 2002
 group by ca_zip
 order by ca_zip
 limit 100;
tpcds.15.sh|2024-04-09 07:03:47|2024-04-09 07:04:43|56
select  ca_zip
       ,sum(cs_sales_price)
 from catalog_sales
     ,customer
     ,customer_address
     ,date_dim
 where cs_bill_customer_sk = c_customer_sk
 	and c_current_addr_sk = ca_address_sk
 	and ( substr(ca_zip,1,5) in ('85669', '86197','88274','83405','86475',
                                   '85392', '85460', '80348', '81792')
 	      or ca_state in ('CA','WA','GA')
 	      or cs_sales_price > 500)
 	and cs_sold_date_sk = d_date_sk
 	and d_qoy = 1 and d_year = 2002
 group by ca_zip
 order by ca_zip
 limit 100;
tpcds.15.sh|2024-04-09 07:04:44|2024-04-09 07:05:46|62
select  ca_zip
       ,sum(cs_sales_price)
 from catalog_sales
     ,customer
     ,customer_address
     ,date_dim
 where cs_bill_customer_sk = c_customer_sk
 	and c_current_addr_sk = ca_address_sk
 	and ( substr(ca_zip,1,5) in ('85669', '86197','88274','83405','86475',
                                   '85392', '85460', '80348', '81792')
 	      or ca_state in ('CA','WA','GA')
 	      or cs_sales_price > 500)
 	and cs_sold_date_sk = d_date_sk
 	and d_qoy = 1 and d_year = 2002
 group by ca_zip
 order by ca_zip
 limit 100;
tpcds.15.sh|2024-04-09 07:05:47|2024-04-09 07:06:48|61
select  ca_zip
       ,sum(cs_sales_price)
 from catalog_sales
     ,customer
     ,customer_address
     ,date_dim
 where cs_bill_customer_sk = c_customer_sk
 	and c_current_addr_sk = ca_address_sk
 	and ( substr(ca_zip,1,5) in ('85669', '86197','88274','83405','86475',
                                   '85392', '85460', '80348', '81792')
 	      or ca_state in ('CA','WA','GA')
 	      or cs_sales_price > 500)
 	and cs_sold_date_sk = d_date_sk
 	and d_qoy = 1 and d_year = 2002
 group by ca_zip
 order by ca_zip
 limit 100;
tpcds.15.sh|2024-04-09 07:06:49|2024-04-09 07:07:51|62
select  ca_zip
       ,sum(cs_sales_price)
 from catalog_sales
     ,customer
     ,customer_address
     ,date_dim
 where cs_bill_customer_sk = c_customer_sk
 	and c_current_addr_sk = ca_address_sk
 	and ( substr(ca_zip,1,5) in ('85669', '86197','88274','83405','86475',
                                   '85392', '85460', '80348', '81792')
 	      or ca_state in ('CA','WA','GA')
 	      or cs_sales_price > 500)
 	and cs_sold_date_sk = d_date_sk
 	and d_qoy = 1 and d_year = 2002
 group by ca_zip
 order by ca_zip
 limit 100;
tpcds.15.sh|2024-04-09 07:07:52|2024-04-09 07:08:44|52
select  ca_zip
       ,sum(cs_sales_price)
 from catalog_sales
     ,customer
     ,customer_address
     ,date_dim
 where cs_bill_customer_sk = c_customer_sk
 	and c_current_addr_sk = ca_address_sk
 	and ( substr(ca_zip,1,5) in ('85669', '86197','88274','83405','86475',
                                   '85392', '85460', '80348', '81792')
 	      or ca_state in ('CA','WA','GA')
 	      or cs_sales_price > 500)
 	and cs_sold_date_sk = d_date_sk
 	and d_qoy = 1 and d_year = 2002
 group by ca_zip
 order by ca_zip
 limit 100;
tpcds.15.sh|2024-04-09 07:08:45|2024-04-09 07:09:43|58
select  ca_zip
       ,sum(cs_sales_price)
 from catalog_sales
     ,customer
     ,customer_address
     ,date_dim
 where cs_bill_customer_sk = c_customer_sk
 	and c_current_addr_sk = ca_address_sk
 	and ( substr(ca_zip,1,5) in ('85669', '86197','88274','83405','86475',
                                   '85392', '85460', '80348', '81792')
 	      or ca_state in ('CA','WA','GA')
 	      or cs_sales_price > 500)
 	and cs_sold_date_sk = d_date_sk
 	and d_qoy = 1 and d_year = 2002
 group by ca_zip
 order by ca_zip
 limit 100;
tpcds.15.sh|2024-04-09 07:09:44|2024-04-09 07:10:54|70
select  ca_zip
       ,sum(cs_sales_price)
 from catalog_sales
     ,customer
     ,customer_address
     ,date_dim
 where cs_bill_customer_sk = c_customer_sk
 	and c_current_addr_sk = ca_address_sk
 	and ( substr(ca_zip,1,5) in ('85669', '86197','88274','83405','86475',
                                   '85392', '85460', '80348', '81792')
 	      or ca_state in ('CA','WA','GA')
 	      or cs_sales_price > 500)
 	and cs_sold_date_sk = d_date_sk
 	and d_qoy = 1 and d_year = 2002
 group by ca_zip
 order by ca_zip
 limit 100;
tpcds.15.sh|2024-04-09 07:10:55|2024-04-09 07:11:48|53
select  ca_zip
       ,sum(cs_sales_price)
 from catalog_sales
     ,customer
     ,customer_address
     ,date_dim
 where cs_bill_customer_sk = c_customer_sk
 	and c_current_addr_sk = ca_address_sk
 	and ( substr(ca_zip,1,5) in ('85669', '86197','88274','83405','86475',
                                   '85392', '85460', '80348', '81792')
 	      or ca_state in ('CA','WA','GA')
 	      or cs_sales_price > 500)
 	and cs_sold_date_sk = d_date_sk
 	and d_qoy = 1 and d_year = 2002
 group by ca_zip
 order by ca_zip
 limit 100;
tpcds.15.sh|2024-04-09 07:11:49|2024-04-09 07:13:02|73
select  ca_zip
       ,sum(cs_sales_price)
 from catalog_sales
     ,customer
     ,customer_address
     ,date_dim
 where cs_bill_customer_sk = c_customer_sk
 	and c_current_addr_sk = ca_address_sk
 	and ( substr(ca_zip,1,5) in ('85669', '86197','88274','83405','86475',
                                   '85392', '85460', '80348', '81792')
 	      or ca_state in ('CA','WA','GA')
 	      or cs_sales_price > 500)
 	and cs_sold_date_sk = d_date_sk
 	and d_qoy = 1 and d_year = 2002
 group by ca_zip
 order by ca_zip
 limit 100;
tpcds.15.sh|2024-04-09 07:13:03|2024-04-09 07:14:02|59
select  ca_zip
       ,sum(cs_sales_price)
 from catalog_sales
     ,customer
     ,customer_address
     ,date_dim
 where cs_bill_customer_sk = c_customer_sk
 	and c_current_addr_sk = ca_address_sk
 	and ( substr(ca_zip,1,5) in ('85669', '86197','88274','83405','86475',
                                   '85392', '85460', '80348', '81792')
 	      or ca_state in ('CA','WA','GA')
 	      or cs_sales_price > 500)
 	and cs_sold_date_sk = d_date_sk
 	and d_qoy = 1 and d_year = 2002
 group by ca_zip
 order by ca_zip
 limit 100;
tpcds.15.sh|2024-04-09 07:14:03|2024-04-09 07:14:55|52
select  ca_zip
       ,sum(cs_sales_price)
 from catalog_sales
     ,customer
     ,customer_address
     ,date_dim
 where cs_bill_customer_sk = c_customer_sk
 	and c_current_addr_sk = ca_address_sk
 	and ( substr(ca_zip,1,5) in ('85669', '86197','88274','83405','86475',
                                   '85392', '85460', '80348', '81792')
 	      or ca_state in ('CA','WA','GA')
 	      or cs_sales_price > 500)
 	and cs_sold_date_sk = d_date_sk
 	and d_qoy = 1 and d_year = 2002
 group by ca_zip
 order by ca_zip
 limit 100;
tpcds.15.sh|2024-04-09 07:14:56|2024-04-09 07:15:54|58
select  ca_zip
       ,sum(cs_sales_price)
 from catalog_sales
     ,customer
     ,customer_address
     ,date_dim
 where cs_bill_customer_sk = c_customer_sk
 	and c_current_addr_sk = ca_address_sk
 	and ( substr(ca_zip,1,5) in ('85669', '86197','88274','83405','86475',
                                   '85392', '85460', '80348', '81792')
 	      or ca_state in ('CA','WA','GA')
 	      or cs_sales_price > 500)
 	and cs_sold_date_sk = d_date_sk
 	and d_qoy = 1 and d_year = 2002
 group by ca_zip
 order by ca_zip
 limit 100;
tpcds.15.sh|2024-04-09 07:15:55|2024-04-09 07:16:53|58
select  ca_zip
       ,sum(cs_sales_price)
 from catalog_sales
     ,customer
     ,customer_address
     ,date_dim
 where cs_bill_customer_sk = c_customer_sk
 	and c_current_addr_sk = ca_address_sk
 	and ( substr(ca_zip,1,5) in ('85669', '86197','88274','83405','86475',
                                   '85392', '85460', '80348', '81792')
 	      or ca_state in ('CA','WA','GA')
 	      or cs_sales_price > 500)
 	and cs_sold_date_sk = d_date_sk
 	and d_qoy = 1 and d_year = 2002
 group by ca_zip
 order by ca_zip
 limit 100;
tpcds.15.sh|2024-04-09 07:16:54|2024-04-09 07:17:53|59
select  ca_zip
       ,sum(cs_sales_price)
 from catalog_sales
     ,customer
     ,customer_address
     ,date_dim
 where cs_bill_customer_sk = c_customer_sk
 	and c_current_addr_sk = ca_address_sk
 	and ( substr(ca_zip,1,5) in ('85669', '86197','88274','83405','86475',
                                   '85392', '85460', '80348', '81792')
 	      or ca_state in ('CA','WA','GA')
 	      or cs_sales_price > 500)
 	and cs_sold_date_sk = d_date_sk
 	and d_qoy = 1 and d_year = 2002
 group by ca_zip
 order by ca_zip
 limit 100;
tpcds.15.sh|2024-04-09 07:17:54|2024-04-09 07:18:59|65
select  ca_zip
       ,sum(cs_sales_price)
 from catalog_sales
     ,customer
     ,customer_address
     ,date_dim
 where cs_bill_customer_sk = c_customer_sk
 	and c_current_addr_sk = ca_address_sk
 	and ( substr(ca_zip,1,5) in ('85669', '86197','88274','83405','86475',
                                   '85392', '85460', '80348', '81792')
 	      or ca_state in ('CA','WA','GA')
 	      or cs_sales_price > 500)
 	and cs_sold_date_sk = d_date_sk
 	and d_qoy = 1 and d_year = 2002
 group by ca_zip
 order by ca_zip
 limit 100;
tpcds.15.sh|2024-04-09 07:19:00|2024-04-09 07:20:09|69
select  ca_zip
       ,sum(cs_sales_price)
 from catalog_sales
     ,customer
     ,customer_address
     ,date_dim
 where cs_bill_customer_sk = c_customer_sk
 	and c_current_addr_sk = ca_address_sk
 	and ( substr(ca_zip,1,5) in ('85669', '86197','88274','83405','86475',
                                   '85392', '85460', '80348', '81792')
 	      or ca_state in ('CA','WA','GA')
 	      or cs_sales_price > 500)
 	and cs_sold_date_sk = d_date_sk
 	and d_qoy = 1 and d_year = 2002
 group by ca_zip
 order by ca_zip
 limit 100;
tpcds.15.sh|2024-04-09 07:20:10|2024-04-09 07:21:06|56
select  ca_zip
       ,sum(cs_sales_price)
 from catalog_sales
     ,customer
     ,customer_address
     ,date_dim
 where cs_bill_customer_sk = c_customer_sk
 	and c_current_addr_sk = ca_address_sk
 	and ( substr(ca_zip,1,5) in ('85669', '86197','88274','83405','86475',
                                   '85392', '85460', '80348', '81792')
 	      or ca_state in ('CA','WA','GA')
 	      or cs_sales_price > 500)
 	and cs_sold_date_sk = d_date_sk
 	and d_qoy = 1 and d_year = 2002
 group by ca_zip
 order by ca_zip
 limit 100;
tpcds.15.sh|2024-04-09 07:21:07|2024-04-09 07:22:13|66
select  ca_zip
       ,sum(cs_sales_price)
 from catalog_sales
     ,customer
     ,customer_address
     ,date_dim
 where cs_bill_customer_sk = c_customer_sk
 	and c_current_addr_sk = ca_address_sk
 	and ( substr(ca_zip,1,5) in ('85669', '86197','88274','83405','86475',
                                   '85392', '85460', '80348', '81792')
 	      or ca_state in ('CA','WA','GA')
 	      or cs_sales_price > 500)
 	and cs_sold_date_sk = d_date_sk
 	and d_qoy = 1 and d_year = 2002
 group by ca_zip
 order by ca_zip
 limit 100;
tpcds.15.sh|2024-04-09 07:22:14|2024-04-09 07:23:02|48
select  ca_zip
       ,sum(cs_sales_price)
 from catalog_sales
     ,customer
     ,customer_address
     ,date_dim
 where cs_bill_customer_sk = c_customer_sk
 	and c_current_addr_sk = ca_address_sk
 	and ( substr(ca_zip,1,5) in ('85669', '86197','88274','83405','86475',
                                   '85392', '85460', '80348', '81792')
 	      or ca_state in ('CA','WA','GA')
 	      or cs_sales_price > 500)
 	and cs_sold_date_sk = d_date_sk
 	and d_qoy = 1 and d_year = 2002
 group by ca_zip
 order by ca_zip
 limit 100;
tpcds.15.sh|2024-04-09 07:23:03|2024-04-09 07:23:53|50
select  ca_zip
       ,sum(cs_sales_price)
 from catalog_sales
     ,customer
     ,customer_address
     ,date_dim
 where cs_bill_customer_sk = c_customer_sk
 	and c_current_addr_sk = ca_address_sk
 	and ( substr(ca_zip,1,5) in ('85669', '86197','88274','83405','86475',
                                   '85392', '85460', '80348', '81792')
 	      or ca_state in ('CA','WA','GA')
 	      or cs_sales_price > 500)
 	and cs_sold_date_sk = d_date_sk
 	and d_qoy = 1 and d_year = 2002
 group by ca_zip
 order by ca_zip
 limit 100;
tpcds.15.sh|2024-04-09 07:23:54|2024-04-09 07:24:48|54
select  ca_zip
       ,sum(cs_sales_price)
 from catalog_sales
     ,customer
     ,customer_address
     ,date_dim
 where cs_bill_customer_sk = c_customer_sk
 	and c_current_addr_sk = ca_address_sk
 	and ( substr(ca_zip,1,5) in ('85669', '86197','88274','83405','86475',
                                   '85392', '85460', '80348', '81792')
 	      or ca_state in ('CA','WA','GA')
 	      or cs_sales_price > 500)
 	and cs_sold_date_sk = d_date_sk
 	and d_qoy = 1 and d_year = 2002
 group by ca_zip
 order by ca_zip
 limit 100;
tpcds.15.sh|2024-04-09 07:24:49|2024-04-09 07:26:05|76
select  ca_zip
       ,sum(cs_sales_price)
 from catalog_sales
     ,customer
     ,customer_address
     ,date_dim
 where cs_bill_customer_sk = c_customer_sk
 	and c_current_addr_sk = ca_address_sk
 	and ( substr(ca_zip,1,5) in ('85669', '86197','88274','83405','86475',
                                   '85392', '85460', '80348', '81792')
 	      or ca_state in ('CA','WA','GA')
 	      or cs_sales_price > 500)
 	and cs_sold_date_sk = d_date_sk
 	and d_qoy = 1 and d_year = 2002
 group by ca_zip
 order by ca_zip
 limit 100;
tpcds.15.sh|2024-04-09 07:26:06|2024-04-09 07:27:05|59
select  ca_zip
       ,sum(cs_sales_price)
 from catalog_sales
     ,customer
     ,customer_address
     ,date_dim
 where cs_bill_customer_sk = c_customer_sk
 	and c_current_addr_sk = ca_address_sk
 	and ( substr(ca_zip,1,5) in ('85669', '86197','88274','83405','86475',
                                   '85392', '85460', '80348', '81792')
 	      or ca_state in ('CA','WA','GA')
 	      or cs_sales_price > 500)
 	and cs_sold_date_sk = d_date_sk
 	and d_qoy = 1 and d_year = 2002
 group by ca_zip
 order by ca_zip
 limit 100;
tpcds.15.sh|2024-04-09 07:27:06|2024-04-09 07:27:59|53
select  ca_zip
       ,sum(cs_sales_price)
 from catalog_sales
     ,customer
     ,customer_address
     ,date_dim
 where cs_bill_customer_sk = c_customer_sk
 	and c_current_addr_sk = ca_address_sk
 	and ( substr(ca_zip,1,5) in ('85669', '86197','88274','83405','86475',
                                   '85392', '85460', '80348', '81792')
 	      or ca_state in ('CA','WA','GA')
 	      or cs_sales_price > 500)
 	and cs_sold_date_sk = d_date_sk
 	and d_qoy = 1 and d_year = 2002
 group by ca_zip
 order by ca_zip
 limit 100;
tpcds.15.sh|2024-04-09 07:28:00|2024-04-09 07:28:59|59
select  ca_zip
       ,sum(cs_sales_price)
 from catalog_sales
     ,customer
     ,customer_address
     ,date_dim
 where cs_bill_customer_sk = c_customer_sk
 	and c_current_addr_sk = ca_address_sk
 	and ( substr(ca_zip,1,5) in ('85669', '86197','88274','83405','86475',
                                   '85392', '85460', '80348', '81792')
 	      or ca_state in ('CA','WA','GA')
 	      or cs_sales_price > 500)
 	and cs_sold_date_sk = d_date_sk
 	and d_qoy = 1 and d_year = 2002
 group by ca_zip
 order by ca_zip
 limit 100;
tpcds.15.sh|2024-04-09 07:29:00|2024-04-09 07:30:14|74
select  ca_zip
       ,sum(cs_sales_price)
 from catalog_sales
     ,customer
     ,customer_address
     ,date_dim
 where cs_bill_customer_sk = c_customer_sk
 	and c_current_addr_sk = ca_address_sk
 	and ( substr(ca_zip,1,5) in ('85669', '86197','88274','83405','86475',
                                   '85392', '85460', '80348', '81792')
 	      or ca_state in ('CA','WA','GA')
 	      or cs_sales_price > 500)
 	and cs_sold_date_sk = d_date_sk
 	and d_qoy = 1 and d_year = 2002
 group by ca_zip
 order by ca_zip
 limit 100;
tpcds.15.sh|2024-04-09 07:30:15|2024-04-09 07:31:07|52
select  ca_zip
       ,sum(cs_sales_price)
 from catalog_sales
     ,customer
     ,customer_address
     ,date_dim
 where cs_bill_customer_sk = c_customer_sk
 	and c_current_addr_sk = ca_address_sk
 	and ( substr(ca_zip,1,5) in ('85669', '86197','88274','83405','86475',
                                   '85392', '85460', '80348', '81792')
 	      or ca_state in ('CA','WA','GA')
 	      or cs_sales_price > 500)
 	and cs_sold_date_sk = d_date_sk
 	and d_qoy = 1 and d_year = 2002
 group by ca_zip
 order by ca_zip
 limit 100;
tpcds.15.sh|2024-04-09 07:31:08|2024-04-09 07:31:56|48
select  ca_zip
       ,sum(cs_sales_price)
 from catalog_sales
     ,customer
     ,customer_address
     ,date_dim
 where cs_bill_customer_sk = c_customer_sk
 	and c_current_addr_sk = ca_address_sk
 	and ( substr(ca_zip,1,5) in ('85669', '86197','88274','83405','86475',
                                   '85392', '85460', '80348', '81792')
 	      or ca_state in ('CA','WA','GA')
 	      or cs_sales_price > 500)
 	and cs_sold_date_sk = d_date_sk
 	and d_qoy = 1 and d_year = 2002
 group by ca_zip
 order by ca_zip
 limit 100;
tpcds.15.sh|2024-04-09 07:31:57|2024-04-09 07:32:59|62
select  ca_zip
       ,sum(cs_sales_price)
 from catalog_sales
     ,customer
     ,customer_address
     ,date_dim
 where cs_bill_customer_sk = c_customer_sk
 	and c_current_addr_sk = ca_address_sk
 	and ( substr(ca_zip,1,5) in ('85669', '86197','88274','83405','86475',
                                   '85392', '85460', '80348', '81792')
 	      or ca_state in ('CA','WA','GA')
 	      or cs_sales_price > 500)
 	and cs_sold_date_sk = d_date_sk
 	and d_qoy = 1 and d_year = 2002
 group by ca_zip
 order by ca_zip
 limit 100;
tpcds.15.sh|2024-04-09 07:33:00|2024-04-09 07:34:00|60
select  ca_zip
       ,sum(cs_sales_price)
 from catalog_sales
     ,customer
     ,customer_address
     ,date_dim
 where cs_bill_customer_sk = c_customer_sk
 	and c_current_addr_sk = ca_address_sk
 	and ( substr(ca_zip,1,5) in ('85669', '86197','88274','83405','86475',
                                   '85392', '85460', '80348', '81792')
 	      or ca_state in ('CA','WA','GA')
 	      or cs_sales_price > 500)
 	and cs_sold_date_sk = d_date_sk
 	and d_qoy = 1 and d_year = 2002
 group by ca_zip
 order by ca_zip
 limit 100;
tpcds.15.sh|2024-04-09 07:34:01|2024-04-09 07:35:06|65
select  ca_zip
       ,sum(cs_sales_price)
 from catalog_sales
     ,customer
     ,customer_address
     ,date_dim
 where cs_bill_customer_sk = c_customer_sk
 	and c_current_addr_sk = ca_address_sk
 	and ( substr(ca_zip,1,5) in ('85669', '86197','88274','83405','86475',
                                   '85392', '85460', '80348', '81792')
 	      or ca_state in ('CA','WA','GA')
 	      or cs_sales_price > 500)
 	and cs_sold_date_sk = d_date_sk
 	and d_qoy = 1 and d_year = 2002
 group by ca_zip
 order by ca_zip
 limit 100;
tpcds.15.sh|2024-04-09 07:35:07|2024-04-09 07:36:07|60
select  ca_zip
       ,sum(cs_sales_price)
 from catalog_sales
     ,customer
     ,customer_address
     ,date_dim
 where cs_bill_customer_sk = c_customer_sk
 	and c_current_addr_sk = ca_address_sk
 	and ( substr(ca_zip,1,5) in ('85669', '86197','88274','83405','86475',
                                   '85392', '85460', '80348', '81792')
 	      or ca_state in ('CA','WA','GA')
 	      or cs_sales_price > 500)
 	and cs_sold_date_sk = d_date_sk
 	and d_qoy = 1 and d_year = 2002
 group by ca_zip
 order by ca_zip
 limit 100;
tpcds.15.sh|2024-04-09 07:36:08|2024-04-09 07:37:10|62
select  ca_zip
       ,sum(cs_sales_price)
 from catalog_sales
     ,customer
     ,customer_address
     ,date_dim
 where cs_bill_customer_sk = c_customer_sk
 	and c_current_addr_sk = ca_address_sk
 	and ( substr(ca_zip,1,5) in ('85669', '86197','88274','83405','86475',
                                   '85392', '85460', '80348', '81792')
 	      or ca_state in ('CA','WA','GA')
 	      or cs_sales_price > 500)
 	and cs_sold_date_sk = d_date_sk
 	and d_qoy = 1 and d_year = 2002
 group by ca_zip
 order by ca_zip
 limit 100;
tpcds.15.sh|2024-04-09 07:37:11|2024-04-09 07:38:11|60
select  ca_zip
       ,sum(cs_sales_price)
 from catalog_sales
     ,customer
     ,customer_address
     ,date_dim
 where cs_bill_customer_sk = c_customer_sk
 	and c_current_addr_sk = ca_address_sk
 	and ( substr(ca_zip,1,5) in ('85669', '86197','88274','83405','86475',
                                   '85392', '85460', '80348', '81792')
 	      or ca_state in ('CA','WA','GA')
 	      or cs_sales_price > 500)
 	and cs_sold_date_sk = d_date_sk
 	and d_qoy = 1 and d_year = 2002
 group by ca_zip
 order by ca_zip
 limit 100;
tpcds.15.sh|2024-04-09 07:38:12|2024-04-09 07:39:13|61
select  ca_zip
       ,sum(cs_sales_price)
 from catalog_sales
     ,customer
     ,customer_address
     ,date_dim
 where cs_bill_customer_sk = c_customer_sk
 	and c_current_addr_sk = ca_address_sk
 	and ( substr(ca_zip,1,5) in ('85669', '86197','88274','83405','86475',
                                   '85392', '85460', '80348', '81792')
 	      or ca_state in ('CA','WA','GA')
 	      or cs_sales_price > 500)
 	and cs_sold_date_sk = d_date_sk
 	and d_qoy = 1 and d_year = 2002
 group by ca_zip
 order by ca_zip
 limit 100;
tpcds.15.sh|2024-04-09 07:39:14|2024-04-09 07:40:26|72
select  ca_zip
       ,sum(cs_sales_price)
 from catalog_sales
     ,customer
     ,customer_address
     ,date_dim
 where cs_bill_customer_sk = c_customer_sk
 	and c_current_addr_sk = ca_address_sk
 	and ( substr(ca_zip,1,5) in ('85669', '86197','88274','83405','86475',
                                   '85392', '85460', '80348', '81792')
 	      or ca_state in ('CA','WA','GA')
 	      or cs_sales_price > 500)
 	and cs_sold_date_sk = d_date_sk
 	and d_qoy = 1 and d_year = 2002
 group by ca_zip
 order by ca_zip
 limit 100;
tpcds.15.sh|2024-04-09 07:40:28|2024-04-09 07:41:37|69
select  ca_zip
       ,sum(cs_sales_price)
 from catalog_sales
     ,customer
     ,customer_address
     ,date_dim
 where cs_bill_customer_sk = c_customer_sk
 	and c_current_addr_sk = ca_address_sk
 	and ( substr(ca_zip,1,5) in ('85669', '86197','88274','83405','86475',
                                   '85392', '85460', '80348', '81792')
 	      or ca_state in ('CA','WA','GA')
 	      or cs_sales_price > 500)
 	and cs_sold_date_sk = d_date_sk
 	and d_qoy = 1 and d_year = 2002
 group by ca_zip
 order by ca_zip
 limit 100;
tpcds.15.sh|2024-04-09 07:41:38|2024-04-09 07:42:27|49
select  ca_zip
       ,sum(cs_sales_price)
 from catalog_sales
     ,customer
     ,customer_address
     ,date_dim
 where cs_bill_customer_sk = c_customer_sk
 	and c_current_addr_sk = ca_address_sk
 	and ( substr(ca_zip,1,5) in ('85669', '86197','88274','83405','86475',
                                   '85392', '85460', '80348', '81792')
 	      or ca_state in ('CA','WA','GA')
 	      or cs_sales_price > 500)
 	and cs_sold_date_sk = d_date_sk
 	and d_qoy = 1 and d_year = 2002
 group by ca_zip
 order by ca_zip
 limit 100;
tpcds.15.sh|2024-04-09 07:42:28|2024-04-09 07:43:11|43
select  ca_zip
       ,sum(cs_sales_price)
 from catalog_sales
     ,customer
     ,customer_address
     ,date_dim
 where cs_bill_customer_sk = c_customer_sk
 	and c_current_addr_sk = ca_address_sk
 	and ( substr(ca_zip,1,5) in ('85669', '86197','88274','83405','86475',
                                   '85392', '85460', '80348', '81792')
 	      or ca_state in ('CA','WA','GA')
 	      or cs_sales_price > 500)
 	and cs_sold_date_sk = d_date_sk
 	and d_qoy = 1 and d_year = 2002
 group by ca_zip
 order by ca_zip
 limit 100;
tpcds.15.sh|2024-04-09 07:43:12|2024-04-09 07:44:14|62
select  ca_zip
       ,sum(cs_sales_price)
 from catalog_sales
     ,customer
     ,customer_address
     ,date_dim
 where cs_bill_customer_sk = c_customer_sk
 	and c_current_addr_sk = ca_address_sk
 	and ( substr(ca_zip,1,5) in ('85669', '86197','88274','83405','86475',
                                   '85392', '85460', '80348', '81792')
 	      or ca_state in ('CA','WA','GA')
 	      or cs_sales_price > 500)
 	and cs_sold_date_sk = d_date_sk
 	and d_qoy = 1 and d_year = 2002
 group by ca_zip
 order by ca_zip
 limit 100;
tpcds.15.sh|2024-04-09 07:44:15|2024-04-09 07:45:17|62
select  ca_zip
       ,sum(cs_sales_price)
 from catalog_sales
     ,customer
     ,customer_address
     ,date_dim
 where cs_bill_customer_sk = c_customer_sk
 	and c_current_addr_sk = ca_address_sk
 	and ( substr(ca_zip,1,5) in ('85669', '86197','88274','83405','86475',
                                   '85392', '85460', '80348', '81792')
 	      or ca_state in ('CA','WA','GA')
 	      or cs_sales_price > 500)
 	and cs_sold_date_sk = d_date_sk
 	and d_qoy = 1 and d_year = 2002
 group by ca_zip
 order by ca_zip
 limit 100;
tpcds.15.sh|2024-04-09 07:45:18|2024-04-09 07:46:25|67
select  ca_zip
       ,sum(cs_sales_price)
 from catalog_sales
     ,customer
     ,customer_address
     ,date_dim
 where cs_bill_customer_sk = c_customer_sk
 	and c_current_addr_sk = ca_address_sk
 	and ( substr(ca_zip,1,5) in ('85669', '86197','88274','83405','86475',
                                   '85392', '85460', '80348', '81792')
 	      or ca_state in ('CA','WA','GA')
 	      or cs_sales_price > 500)
 	and cs_sold_date_sk = d_date_sk
 	and d_qoy = 1 and d_year = 2002
 group by ca_zip
 order by ca_zip
 limit 100;
tpcds.15.sh|2024-04-09 07:46:26|2024-04-09 07:47:25|59
select  ca_zip
       ,sum(cs_sales_price)
 from catalog_sales
     ,customer
     ,customer_address
     ,date_dim
 where cs_bill_customer_sk = c_customer_sk
 	and c_current_addr_sk = ca_address_sk
 	and ( substr(ca_zip,1,5) in ('85669', '86197','88274','83405','86475',
                                   '85392', '85460', '80348', '81792')
 	      or ca_state in ('CA','WA','GA')
 	      or cs_sales_price > 500)
 	and cs_sold_date_sk = d_date_sk
 	and d_qoy = 1 and d_year = 2002
 group by ca_zip
 order by ca_zip
 limit 100;
tpcds.15.sh|2024-04-09 07:47:26|2024-04-09 07:48:27|61
select  ca_zip
       ,sum(cs_sales_price)
 from catalog_sales
     ,customer
     ,customer_address
     ,date_dim
 where cs_bill_customer_sk = c_customer_sk
 	and c_current_addr_sk = ca_address_sk
 	and ( substr(ca_zip,1,5) in ('85669', '86197','88274','83405','86475',
                                   '85392', '85460', '80348', '81792')
 	      or ca_state in ('CA','WA','GA')
 	      or cs_sales_price > 500)
 	and cs_sold_date_sk = d_date_sk
 	and d_qoy = 1 and d_year = 2002
 group by ca_zip
 order by ca_zip
 limit 100;
tpcds.15.sh|2024-04-09 07:48:28|2024-04-09 07:49:20|52
select  ca_zip
       ,sum(cs_sales_price)
 from catalog_sales
     ,customer
     ,customer_address
     ,date_dim
 where cs_bill_customer_sk = c_customer_sk
 	and c_current_addr_sk = ca_address_sk
 	and ( substr(ca_zip,1,5) in ('85669', '86197','88274','83405','86475',
                                   '85392', '85460', '80348', '81792')
 	      or ca_state in ('CA','WA','GA')
 	      or cs_sales_price > 500)
 	and cs_sold_date_sk = d_date_sk
 	and d_qoy = 1 and d_year = 2002
 group by ca_zip
 order by ca_zip
 limit 100;
tpcds.15.sh|2024-04-09 07:49:21|2024-04-09 07:50:17|56
select  ca_zip
       ,sum(cs_sales_price)
 from catalog_sales
     ,customer
     ,customer_address
     ,date_dim
 where cs_bill_customer_sk = c_customer_sk
 	and c_current_addr_sk = ca_address_sk
 	and ( substr(ca_zip,1,5) in ('85669', '86197','88274','83405','86475',
                                   '85392', '85460', '80348', '81792')
 	      or ca_state in ('CA','WA','GA')
 	      or cs_sales_price > 500)
 	and cs_sold_date_sk = d_date_sk
 	and d_qoy = 1 and d_year = 2002
 group by ca_zip
 order by ca_zip
 limit 100;
tpcds.15.sh|2024-04-09 07:50:18|2024-04-09 07:51:37|79
select  ca_zip
       ,sum(cs_sales_price)
 from catalog_sales
     ,customer
     ,customer_address
     ,date_dim
 where cs_bill_customer_sk = c_customer_sk
 	and c_current_addr_sk = ca_address_sk
 	and ( substr(ca_zip,1,5) in ('85669', '86197','88274','83405','86475',
                                   '85392', '85460', '80348', '81792')
 	      or ca_state in ('CA','WA','GA')
 	      or cs_sales_price > 500)
 	and cs_sold_date_sk = d_date_sk
 	and d_qoy = 1 and d_year = 2002
 group by ca_zip
 order by ca_zip
 limit 100;
tpcds.15.sh|2024-04-09 07:51:38|2024-04-09 07:52:48|70
select  ca_zip
       ,sum(cs_sales_price)
 from catalog_sales
     ,customer
     ,customer_address
     ,date_dim
 where cs_bill_customer_sk = c_customer_sk
 	and c_current_addr_sk = ca_address_sk
 	and ( substr(ca_zip,1,5) in ('85669', '86197','88274','83405','86475',
                                   '85392', '85460', '80348', '81792')
 	      or ca_state in ('CA','WA','GA')
 	      or cs_sales_price > 500)
 	and cs_sold_date_sk = d_date_sk
 	and d_qoy = 1 and d_year = 2002
 group by ca_zip
 order by ca_zip
 limit 100;
tpcds.15.sh|2024-04-09 07:52:49|2024-04-09 07:53:43|54
select  ca_zip
       ,sum(cs_sales_price)
 from catalog_sales
     ,customer
     ,customer_address
     ,date_dim
 where cs_bill_customer_sk = c_customer_sk
 	and c_current_addr_sk = ca_address_sk
 	and ( substr(ca_zip,1,5) in ('85669', '86197','88274','83405','86475',
                                   '85392', '85460', '80348', '81792')
 	      or ca_state in ('CA','WA','GA')
 	      or cs_sales_price > 500)
 	and cs_sold_date_sk = d_date_sk
 	and d_qoy = 1 and d_year = 2002
 group by ca_zip
 order by ca_zip
 limit 100;
ERROR:  canceling statement due to user request
tpcds.15.sh|2024-04-09 07:53:44|2024-04-09 07:54:10|26
