select
 i_item_id
 ,i_item_desc
 ,s_store_id
 ,s_store_name
 ,stddev_samp(ss_net_profit) as store_sales_profit
 ,stddev_samp(sr_net_loss) as store_returns_loss
 ,stddev_samp(cs_net_profit) as catalog_sales_profit
 from
 store_sales
 ,store_returns
 ,catalog_sales
 ,date_dim d1
 ,date_dim d2
 ,date_dim d3
 ,store
 ,item
 where
 d1.d_moy = 4
 and d1.d_year = 2002
 and d1.d_date_sk = ss_sold_date_sk
 and i_item_sk = ss_item_sk
 and s_store_sk = ss_store_sk
 and ss_customer_sk = sr_customer_sk
 and ss_item_sk = sr_item_sk
 and ss_ticket_number = sr_ticket_number
 and sr_returned_date_sk = d2.d_date_sk
 and d2.d_moy               between 4 and  10
 and d2.d_year              = 2002
 and sr_customer_sk = cs_bill_customer_sk
 and sr_item_sk = cs_item_sk
 and cs_sold_date_sk = d3.d_date_sk
 and d3.d_moy               between 4 and  10
 and d3.d_year              = 2002
 group by
 i_item_id
 ,i_item_desc
 ,s_store_id
 ,s_store_name
 order by
 i_item_id
 ,i_item_desc
 ,s_store_id
 ,s_store_name
 limit 100;
tpcds.25.sh|2024-04-09 05:53:58|2024-04-09 05:59:59|361
select
 i_item_id
 ,i_item_desc
 ,s_store_id
 ,s_store_name
 ,stddev_samp(ss_net_profit) as store_sales_profit
 ,stddev_samp(sr_net_loss) as store_returns_loss
 ,stddev_samp(cs_net_profit) as catalog_sales_profit
 from
 store_sales
 ,store_returns
 ,catalog_sales
 ,date_dim d1
 ,date_dim d2
 ,date_dim d3
 ,store
 ,item
 where
 d1.d_moy = 4
 and d1.d_year = 2002
 and d1.d_date_sk = ss_sold_date_sk
 and i_item_sk = ss_item_sk
 and s_store_sk = ss_store_sk
 and ss_customer_sk = sr_customer_sk
 and ss_item_sk = sr_item_sk
 and ss_ticket_number = sr_ticket_number
 and sr_returned_date_sk = d2.d_date_sk
 and d2.d_moy               between 4 and  10
 and d2.d_year              = 2002
 and sr_customer_sk = cs_bill_customer_sk
 and sr_item_sk = cs_item_sk
 and cs_sold_date_sk = d3.d_date_sk
 and d3.d_moy               between 4 and  10
 and d3.d_year              = 2002
 group by
 i_item_id
 ,i_item_desc
 ,s_store_id
 ,s_store_name
 order by
 i_item_id
 ,i_item_desc
 ,s_store_id
 ,s_store_name
 limit 100;
tpcds.25.sh|2024-04-09 06:00:00|2024-04-09 06:06:19|379
select
 i_item_id
 ,i_item_desc
 ,s_store_id
 ,s_store_name
 ,stddev_samp(ss_net_profit) as store_sales_profit
 ,stddev_samp(sr_net_loss) as store_returns_loss
 ,stddev_samp(cs_net_profit) as catalog_sales_profit
 from
 store_sales
 ,store_returns
 ,catalog_sales
 ,date_dim d1
 ,date_dim d2
 ,date_dim d3
 ,store
 ,item
 where
 d1.d_moy = 4
 and d1.d_year = 2002
 and d1.d_date_sk = ss_sold_date_sk
 and i_item_sk = ss_item_sk
 and s_store_sk = ss_store_sk
 and ss_customer_sk = sr_customer_sk
 and ss_item_sk = sr_item_sk
 and ss_ticket_number = sr_ticket_number
 and sr_returned_date_sk = d2.d_date_sk
 and d2.d_moy               between 4 and  10
 and d2.d_year              = 2002
 and sr_customer_sk = cs_bill_customer_sk
 and sr_item_sk = cs_item_sk
 and cs_sold_date_sk = d3.d_date_sk
 and d3.d_moy               between 4 and  10
 and d3.d_year              = 2002
 group by
 i_item_id
 ,i_item_desc
 ,s_store_id
 ,s_store_name
 order by
 i_item_id
 ,i_item_desc
 ,s_store_id
 ,s_store_name
 limit 100;
tpcds.25.sh|2024-04-09 06:06:20|2024-04-09 06:12:33|373
select
 i_item_id
 ,i_item_desc
 ,s_store_id
 ,s_store_name
 ,stddev_samp(ss_net_profit) as store_sales_profit
 ,stddev_samp(sr_net_loss) as store_returns_loss
 ,stddev_samp(cs_net_profit) as catalog_sales_profit
 from
 store_sales
 ,store_returns
 ,catalog_sales
 ,date_dim d1
 ,date_dim d2
 ,date_dim d3
 ,store
 ,item
 where
 d1.d_moy = 4
 and d1.d_year = 2002
 and d1.d_date_sk = ss_sold_date_sk
 and i_item_sk = ss_item_sk
 and s_store_sk = ss_store_sk
 and ss_customer_sk = sr_customer_sk
 and ss_item_sk = sr_item_sk
 and ss_ticket_number = sr_ticket_number
 and sr_returned_date_sk = d2.d_date_sk
 and d2.d_moy               between 4 and  10
 and d2.d_year              = 2002
 and sr_customer_sk = cs_bill_customer_sk
 and sr_item_sk = cs_item_sk
 and cs_sold_date_sk = d3.d_date_sk
 and d3.d_moy               between 4 and  10
 and d3.d_year              = 2002
 group by
 i_item_id
 ,i_item_desc
 ,s_store_id
 ,s_store_name
 order by
 i_item_id
 ,i_item_desc
 ,s_store_id
 ,s_store_name
 limit 100;
tpcds.25.sh|2024-04-09 06:12:34|2024-04-09 06:18:52|378
select
 i_item_id
 ,i_item_desc
 ,s_store_id
 ,s_store_name
 ,stddev_samp(ss_net_profit) as store_sales_profit
 ,stddev_samp(sr_net_loss) as store_returns_loss
 ,stddev_samp(cs_net_profit) as catalog_sales_profit
 from
 store_sales
 ,store_returns
 ,catalog_sales
 ,date_dim d1
 ,date_dim d2
 ,date_dim d3
 ,store
 ,item
 where
 d1.d_moy = 4
 and d1.d_year = 2002
 and d1.d_date_sk = ss_sold_date_sk
 and i_item_sk = ss_item_sk
 and s_store_sk = ss_store_sk
 and ss_customer_sk = sr_customer_sk
 and ss_item_sk = sr_item_sk
 and ss_ticket_number = sr_ticket_number
 and sr_returned_date_sk = d2.d_date_sk
 and d2.d_moy               between 4 and  10
 and d2.d_year              = 2002
 and sr_customer_sk = cs_bill_customer_sk
 and sr_item_sk = cs_item_sk
 and cs_sold_date_sk = d3.d_date_sk
 and d3.d_moy               between 4 and  10
 and d3.d_year              = 2002
 group by
 i_item_id
 ,i_item_desc
 ,s_store_id
 ,s_store_name
 order by
 i_item_id
 ,i_item_desc
 ,s_store_id
 ,s_store_name
 limit 100;
tpcds.25.sh|2024-04-09 06:18:53|2024-04-09 06:25:01|368
select
 i_item_id
 ,i_item_desc
 ,s_store_id
 ,s_store_name
 ,stddev_samp(ss_net_profit) as store_sales_profit
 ,stddev_samp(sr_net_loss) as store_returns_loss
 ,stddev_samp(cs_net_profit) as catalog_sales_profit
 from
 store_sales
 ,store_returns
 ,catalog_sales
 ,date_dim d1
 ,date_dim d2
 ,date_dim d3
 ,store
 ,item
 where
 d1.d_moy = 4
 and d1.d_year = 2002
 and d1.d_date_sk = ss_sold_date_sk
 and i_item_sk = ss_item_sk
 and s_store_sk = ss_store_sk
 and ss_customer_sk = sr_customer_sk
 and ss_item_sk = sr_item_sk
 and ss_ticket_number = sr_ticket_number
 and sr_returned_date_sk = d2.d_date_sk
 and d2.d_moy               between 4 and  10
 and d2.d_year              = 2002
 and sr_customer_sk = cs_bill_customer_sk
 and sr_item_sk = cs_item_sk
 and cs_sold_date_sk = d3.d_date_sk
 and d3.d_moy               between 4 and  10
 and d3.d_year              = 2002
 group by
 i_item_id
 ,i_item_desc
 ,s_store_id
 ,s_store_name
 order by
 i_item_id
 ,i_item_desc
 ,s_store_id
 ,s_store_name
 limit 100;
tpcds.25.sh|2024-04-09 06:25:02|2024-04-09 06:31:50|408
select
 i_item_id
 ,i_item_desc
 ,s_store_id
 ,s_store_name
 ,stddev_samp(ss_net_profit) as store_sales_profit
 ,stddev_samp(sr_net_loss) as store_returns_loss
 ,stddev_samp(cs_net_profit) as catalog_sales_profit
 from
 store_sales
 ,store_returns
 ,catalog_sales
 ,date_dim d1
 ,date_dim d2
 ,date_dim d3
 ,store
 ,item
 where
 d1.d_moy = 4
 and d1.d_year = 2002
 and d1.d_date_sk = ss_sold_date_sk
 and i_item_sk = ss_item_sk
 and s_store_sk = ss_store_sk
 and ss_customer_sk = sr_customer_sk
 and ss_item_sk = sr_item_sk
 and ss_ticket_number = sr_ticket_number
 and sr_returned_date_sk = d2.d_date_sk
 and d2.d_moy               between 4 and  10
 and d2.d_year              = 2002
 and sr_customer_sk = cs_bill_customer_sk
 and sr_item_sk = cs_item_sk
 and cs_sold_date_sk = d3.d_date_sk
 and d3.d_moy               between 4 and  10
 and d3.d_year              = 2002
 group by
 i_item_id
 ,i_item_desc
 ,s_store_id
 ,s_store_name
 order by
 i_item_id
 ,i_item_desc
 ,s_store_id
 ,s_store_name
 limit 100;
tpcds.25.sh|2024-04-09 06:31:51|2024-04-09 06:37:55|364
select
 i_item_id
 ,i_item_desc
 ,s_store_id
 ,s_store_name
 ,stddev_samp(ss_net_profit) as store_sales_profit
 ,stddev_samp(sr_net_loss) as store_returns_loss
 ,stddev_samp(cs_net_profit) as catalog_sales_profit
 from
 store_sales
 ,store_returns
 ,catalog_sales
 ,date_dim d1
 ,date_dim d2
 ,date_dim d3
 ,store
 ,item
 where
 d1.d_moy = 4
 and d1.d_year = 2002
 and d1.d_date_sk = ss_sold_date_sk
 and i_item_sk = ss_item_sk
 and s_store_sk = ss_store_sk
 and ss_customer_sk = sr_customer_sk
 and ss_item_sk = sr_item_sk
 and ss_ticket_number = sr_ticket_number
 and sr_returned_date_sk = d2.d_date_sk
 and d2.d_moy               between 4 and  10
 and d2.d_year              = 2002
 and sr_customer_sk = cs_bill_customer_sk
 and sr_item_sk = cs_item_sk
 and cs_sold_date_sk = d3.d_date_sk
 and d3.d_moy               between 4 and  10
 and d3.d_year              = 2002
 group by
 i_item_id
 ,i_item_desc
 ,s_store_id
 ,s_store_name
 order by
 i_item_id
 ,i_item_desc
 ,s_store_id
 ,s_store_name
 limit 100;
tpcds.25.sh|2024-04-09 06:37:56|2024-04-09 06:44:06|370
select
 i_item_id
 ,i_item_desc
 ,s_store_id
 ,s_store_name
 ,stddev_samp(ss_net_profit) as store_sales_profit
 ,stddev_samp(sr_net_loss) as store_returns_loss
 ,stddev_samp(cs_net_profit) as catalog_sales_profit
 from
 store_sales
 ,store_returns
 ,catalog_sales
 ,date_dim d1
 ,date_dim d2
 ,date_dim d3
 ,store
 ,item
 where
 d1.d_moy = 4
 and d1.d_year = 2002
 and d1.d_date_sk = ss_sold_date_sk
 and i_item_sk = ss_item_sk
 and s_store_sk = ss_store_sk
 and ss_customer_sk = sr_customer_sk
 and ss_item_sk = sr_item_sk
 and ss_ticket_number = sr_ticket_number
 and sr_returned_date_sk = d2.d_date_sk
 and d2.d_moy               between 4 and  10
 and d2.d_year              = 2002
 and sr_customer_sk = cs_bill_customer_sk
 and sr_item_sk = cs_item_sk
 and cs_sold_date_sk = d3.d_date_sk
 and d3.d_moy               between 4 and  10
 and d3.d_year              = 2002
 group by
 i_item_id
 ,i_item_desc
 ,s_store_id
 ,s_store_name
 order by
 i_item_id
 ,i_item_desc
 ,s_store_id
 ,s_store_name
 limit 100;
tpcds.25.sh|2024-04-09 06:44:07|2024-04-09 06:49:50|343
select
 i_item_id
 ,i_item_desc
 ,s_store_id
 ,s_store_name
 ,stddev_samp(ss_net_profit) as store_sales_profit
 ,stddev_samp(sr_net_loss) as store_returns_loss
 ,stddev_samp(cs_net_profit) as catalog_sales_profit
 from
 store_sales
 ,store_returns
 ,catalog_sales
 ,date_dim d1
 ,date_dim d2
 ,date_dim d3
 ,store
 ,item
 where
 d1.d_moy = 4
 and d1.d_year = 2002
 and d1.d_date_sk = ss_sold_date_sk
 and i_item_sk = ss_item_sk
 and s_store_sk = ss_store_sk
 and ss_customer_sk = sr_customer_sk
 and ss_item_sk = sr_item_sk
 and ss_ticket_number = sr_ticket_number
 and sr_returned_date_sk = d2.d_date_sk
 and d2.d_moy               between 4 and  10
 and d2.d_year              = 2002
 and sr_customer_sk = cs_bill_customer_sk
 and sr_item_sk = cs_item_sk
 and cs_sold_date_sk = d3.d_date_sk
 and d3.d_moy               between 4 and  10
 and d3.d_year              = 2002
 group by
 i_item_id
 ,i_item_desc
 ,s_store_id
 ,s_store_name
 order by
 i_item_id
 ,i_item_desc
 ,s_store_id
 ,s_store_name
 limit 100;
tpcds.25.sh|2024-04-09 06:49:51|2024-04-09 06:55:41|350
select
 i_item_id
 ,i_item_desc
 ,s_store_id
 ,s_store_name
 ,stddev_samp(ss_net_profit) as store_sales_profit
 ,stddev_samp(sr_net_loss) as store_returns_loss
 ,stddev_samp(cs_net_profit) as catalog_sales_profit
 from
 store_sales
 ,store_returns
 ,catalog_sales
 ,date_dim d1
 ,date_dim d2
 ,date_dim d3
 ,store
 ,item
 where
 d1.d_moy = 4
 and d1.d_year = 2002
 and d1.d_date_sk = ss_sold_date_sk
 and i_item_sk = ss_item_sk
 and s_store_sk = ss_store_sk
 and ss_customer_sk = sr_customer_sk
 and ss_item_sk = sr_item_sk
 and ss_ticket_number = sr_ticket_number
 and sr_returned_date_sk = d2.d_date_sk
 and d2.d_moy               between 4 and  10
 and d2.d_year              = 2002
 and sr_customer_sk = cs_bill_customer_sk
 and sr_item_sk = cs_item_sk
 and cs_sold_date_sk = d3.d_date_sk
 and d3.d_moy               between 4 and  10
 and d3.d_year              = 2002
 group by
 i_item_id
 ,i_item_desc
 ,s_store_id
 ,s_store_name
 order by
 i_item_id
 ,i_item_desc
 ,s_store_id
 ,s_store_name
 limit 100;
tpcds.25.sh|2024-04-09 06:55:42|2024-04-09 07:01:50|368
select
 i_item_id
 ,i_item_desc
 ,s_store_id
 ,s_store_name
 ,stddev_samp(ss_net_profit) as store_sales_profit
 ,stddev_samp(sr_net_loss) as store_returns_loss
 ,stddev_samp(cs_net_profit) as catalog_sales_profit
 from
 store_sales
 ,store_returns
 ,catalog_sales
 ,date_dim d1
 ,date_dim d2
 ,date_dim d3
 ,store
 ,item
 where
 d1.d_moy = 4
 and d1.d_year = 2002
 and d1.d_date_sk = ss_sold_date_sk
 and i_item_sk = ss_item_sk
 and s_store_sk = ss_store_sk
 and ss_customer_sk = sr_customer_sk
 and ss_item_sk = sr_item_sk
 and ss_ticket_number = sr_ticket_number
 and sr_returned_date_sk = d2.d_date_sk
 and d2.d_moy               between 4 and  10
 and d2.d_year              = 2002
 and sr_customer_sk = cs_bill_customer_sk
 and sr_item_sk = cs_item_sk
 and cs_sold_date_sk = d3.d_date_sk
 and d3.d_moy               between 4 and  10
 and d3.d_year              = 2002
 group by
 i_item_id
 ,i_item_desc
 ,s_store_id
 ,s_store_name
 order by
 i_item_id
 ,i_item_desc
 ,s_store_id
 ,s_store_name
 limit 100;
tpcds.25.sh|2024-04-09 07:01:51|2024-04-09 07:07:58|367
select
 i_item_id
 ,i_item_desc
 ,s_store_id
 ,s_store_name
 ,stddev_samp(ss_net_profit) as store_sales_profit
 ,stddev_samp(sr_net_loss) as store_returns_loss
 ,stddev_samp(cs_net_profit) as catalog_sales_profit
 from
 store_sales
 ,store_returns
 ,catalog_sales
 ,date_dim d1
 ,date_dim d2
 ,date_dim d3
 ,store
 ,item
 where
 d1.d_moy = 4
 and d1.d_year = 2002
 and d1.d_date_sk = ss_sold_date_sk
 and i_item_sk = ss_item_sk
 and s_store_sk = ss_store_sk
 and ss_customer_sk = sr_customer_sk
 and ss_item_sk = sr_item_sk
 and ss_ticket_number = sr_ticket_number
 and sr_returned_date_sk = d2.d_date_sk
 and d2.d_moy               between 4 and  10
 and d2.d_year              = 2002
 and sr_customer_sk = cs_bill_customer_sk
 and sr_item_sk = cs_item_sk
 and cs_sold_date_sk = d3.d_date_sk
 and d3.d_moy               between 4 and  10
 and d3.d_year              = 2002
 group by
 i_item_id
 ,i_item_desc
 ,s_store_id
 ,s_store_name
 order by
 i_item_id
 ,i_item_desc
 ,s_store_id
 ,s_store_name
 limit 100;
tpcds.25.sh|2024-04-09 07:07:59|2024-04-09 07:13:33|334
select
 i_item_id
 ,i_item_desc
 ,s_store_id
 ,s_store_name
 ,stddev_samp(ss_net_profit) as store_sales_profit
 ,stddev_samp(sr_net_loss) as store_returns_loss
 ,stddev_samp(cs_net_profit) as catalog_sales_profit
 from
 store_sales
 ,store_returns
 ,catalog_sales
 ,date_dim d1
 ,date_dim d2
 ,date_dim d3
 ,store
 ,item
 where
 d1.d_moy = 4
 and d1.d_year = 2002
 and d1.d_date_sk = ss_sold_date_sk
 and i_item_sk = ss_item_sk
 and s_store_sk = ss_store_sk
 and ss_customer_sk = sr_customer_sk
 and ss_item_sk = sr_item_sk
 and ss_ticket_number = sr_ticket_number
 and sr_returned_date_sk = d2.d_date_sk
 and d2.d_moy               between 4 and  10
 and d2.d_year              = 2002
 and sr_customer_sk = cs_bill_customer_sk
 and sr_item_sk = cs_item_sk
 and cs_sold_date_sk = d3.d_date_sk
 and d3.d_moy               between 4 and  10
 and d3.d_year              = 2002
 group by
 i_item_id
 ,i_item_desc
 ,s_store_id
 ,s_store_name
 order by
 i_item_id
 ,i_item_desc
 ,s_store_id
 ,s_store_name
 limit 100;
tpcds.25.sh|2024-04-09 07:13:34|2024-04-09 07:21:25|471
select
 i_item_id
 ,i_item_desc
 ,s_store_id
 ,s_store_name
 ,stddev_samp(ss_net_profit) as store_sales_profit
 ,stddev_samp(sr_net_loss) as store_returns_loss
 ,stddev_samp(cs_net_profit) as catalog_sales_profit
 from
 store_sales
 ,store_returns
 ,catalog_sales
 ,date_dim d1
 ,date_dim d2
 ,date_dim d3
 ,store
 ,item
 where
 d1.d_moy = 4
 and d1.d_year = 2002
 and d1.d_date_sk = ss_sold_date_sk
 and i_item_sk = ss_item_sk
 and s_store_sk = ss_store_sk
 and ss_customer_sk = sr_customer_sk
 and ss_item_sk = sr_item_sk
 and ss_ticket_number = sr_ticket_number
 and sr_returned_date_sk = d2.d_date_sk
 and d2.d_moy               between 4 and  10
 and d2.d_year              = 2002
 and sr_customer_sk = cs_bill_customer_sk
 and sr_item_sk = cs_item_sk
 and cs_sold_date_sk = d3.d_date_sk
 and d3.d_moy               between 4 and  10
 and d3.d_year              = 2002
 group by
 i_item_id
 ,i_item_desc
 ,s_store_id
 ,s_store_name
 order by
 i_item_id
 ,i_item_desc
 ,s_store_id
 ,s_store_name
 limit 100;
tpcds.25.sh|2024-04-09 07:21:26|2024-04-09 07:26:50|324
select
 i_item_id
 ,i_item_desc
 ,s_store_id
 ,s_store_name
 ,stddev_samp(ss_net_profit) as store_sales_profit
 ,stddev_samp(sr_net_loss) as store_returns_loss
 ,stddev_samp(cs_net_profit) as catalog_sales_profit
 from
 store_sales
 ,store_returns
 ,catalog_sales
 ,date_dim d1
 ,date_dim d2
 ,date_dim d3
 ,store
 ,item
 where
 d1.d_moy = 4
 and d1.d_year = 2002
 and d1.d_date_sk = ss_sold_date_sk
 and i_item_sk = ss_item_sk
 and s_store_sk = ss_store_sk
 and ss_customer_sk = sr_customer_sk
 and ss_item_sk = sr_item_sk
 and ss_ticket_number = sr_ticket_number
 and sr_returned_date_sk = d2.d_date_sk
 and d2.d_moy               between 4 and  10
 and d2.d_year              = 2002
 and sr_customer_sk = cs_bill_customer_sk
 and sr_item_sk = cs_item_sk
 and cs_sold_date_sk = d3.d_date_sk
 and d3.d_moy               between 4 and  10
 and d3.d_year              = 2002
 group by
 i_item_id
 ,i_item_desc
 ,s_store_id
 ,s_store_name
 order by
 i_item_id
 ,i_item_desc
 ,s_store_id
 ,s_store_name
 limit 100;
tpcds.25.sh|2024-04-09 07:26:51|2024-04-09 07:32:19|328
select
 i_item_id
 ,i_item_desc
 ,s_store_id
 ,s_store_name
 ,stddev_samp(ss_net_profit) as store_sales_profit
 ,stddev_samp(sr_net_loss) as store_returns_loss
 ,stddev_samp(cs_net_profit) as catalog_sales_profit
 from
 store_sales
 ,store_returns
 ,catalog_sales
 ,date_dim d1
 ,date_dim d2
 ,date_dim d3
 ,store
 ,item
 where
 d1.d_moy = 4
 and d1.d_year = 2002
 and d1.d_date_sk = ss_sold_date_sk
 and i_item_sk = ss_item_sk
 and s_store_sk = ss_store_sk
 and ss_customer_sk = sr_customer_sk
 and ss_item_sk = sr_item_sk
 and ss_ticket_number = sr_ticket_number
 and sr_returned_date_sk = d2.d_date_sk
 and d2.d_moy               between 4 and  10
 and d2.d_year              = 2002
 and sr_customer_sk = cs_bill_customer_sk
 and sr_item_sk = cs_item_sk
 and cs_sold_date_sk = d3.d_date_sk
 and d3.d_moy               between 4 and  10
 and d3.d_year              = 2002
 group by
 i_item_id
 ,i_item_desc
 ,s_store_id
 ,s_store_name
 order by
 i_item_id
 ,i_item_desc
 ,s_store_id
 ,s_store_name
 limit 100;
tpcds.25.sh|2024-04-09 07:32:20|2024-04-09 07:38:08|348
select
 i_item_id
 ,i_item_desc
 ,s_store_id
 ,s_store_name
 ,stddev_samp(ss_net_profit) as store_sales_profit
 ,stddev_samp(sr_net_loss) as store_returns_loss
 ,stddev_samp(cs_net_profit) as catalog_sales_profit
 from
 store_sales
 ,store_returns
 ,catalog_sales
 ,date_dim d1
 ,date_dim d2
 ,date_dim d3
 ,store
 ,item
 where
 d1.d_moy = 4
 and d1.d_year = 2002
 and d1.d_date_sk = ss_sold_date_sk
 and i_item_sk = ss_item_sk
 and s_store_sk = ss_store_sk
 and ss_customer_sk = sr_customer_sk
 and ss_item_sk = sr_item_sk
 and ss_ticket_number = sr_ticket_number
 and sr_returned_date_sk = d2.d_date_sk
 and d2.d_moy               between 4 and  10
 and d2.d_year              = 2002
 and sr_customer_sk = cs_bill_customer_sk
 and sr_item_sk = cs_item_sk
 and cs_sold_date_sk = d3.d_date_sk
 and d3.d_moy               between 4 and  10
 and d3.d_year              = 2002
 group by
 i_item_id
 ,i_item_desc
 ,s_store_id
 ,s_store_name
 order by
 i_item_id
 ,i_item_desc
 ,s_store_id
 ,s_store_name
 limit 100;
tpcds.25.sh|2024-04-09 07:38:09|2024-04-09 07:44:23|374
select
 i_item_id
 ,i_item_desc
 ,s_store_id
 ,s_store_name
 ,stddev_samp(ss_net_profit) as store_sales_profit
 ,stddev_samp(sr_net_loss) as store_returns_loss
 ,stddev_samp(cs_net_profit) as catalog_sales_profit
 from
 store_sales
 ,store_returns
 ,catalog_sales
 ,date_dim d1
 ,date_dim d2
 ,date_dim d3
 ,store
 ,item
 where
 d1.d_moy = 4
 and d1.d_year = 2002
 and d1.d_date_sk = ss_sold_date_sk
 and i_item_sk = ss_item_sk
 and s_store_sk = ss_store_sk
 and ss_customer_sk = sr_customer_sk
 and ss_item_sk = sr_item_sk
 and ss_ticket_number = sr_ticket_number
 and sr_returned_date_sk = d2.d_date_sk
 and d2.d_moy               between 4 and  10
 and d2.d_year              = 2002
 and sr_customer_sk = cs_bill_customer_sk
 and sr_item_sk = cs_item_sk
 and cs_sold_date_sk = d3.d_date_sk
 and d3.d_moy               between 4 and  10
 and d3.d_year              = 2002
 group by
 i_item_id
 ,i_item_desc
 ,s_store_id
 ,s_store_name
 order by
 i_item_id
 ,i_item_desc
 ,s_store_id
 ,s_store_name
 limit 100;
tpcds.25.sh|2024-04-09 07:44:24|2024-04-09 07:51:26|422
select
 i_item_id
 ,i_item_desc
 ,s_store_id
 ,s_store_name
 ,stddev_samp(ss_net_profit) as store_sales_profit
 ,stddev_samp(sr_net_loss) as store_returns_loss
 ,stddev_samp(cs_net_profit) as catalog_sales_profit
 from
 store_sales
 ,store_returns
 ,catalog_sales
 ,date_dim d1
 ,date_dim d2
 ,date_dim d3
 ,store
 ,item
 where
 d1.d_moy = 4
 and d1.d_year = 2002
 and d1.d_date_sk = ss_sold_date_sk
 and i_item_sk = ss_item_sk
 and s_store_sk = ss_store_sk
 and ss_customer_sk = sr_customer_sk
 and ss_item_sk = sr_item_sk
 and ss_ticket_number = sr_ticket_number
 and sr_returned_date_sk = d2.d_date_sk
 and d2.d_moy               between 4 and  10
 and d2.d_year              = 2002
 and sr_customer_sk = cs_bill_customer_sk
 and sr_item_sk = cs_item_sk
 and cs_sold_date_sk = d3.d_date_sk
 and d3.d_moy               between 4 and  10
 and d3.d_year              = 2002
 group by
 i_item_id
 ,i_item_desc
 ,s_store_id
 ,s_store_name
 order by
 i_item_id
 ,i_item_desc
 ,s_store_id
 ,s_store_name
 limit 100;
ERROR:  canceling statement due to user request
tpcds.25.sh|2024-04-09 07:51:27|2024-04-09 07:54:09|162
