select c_last_name
       ,c_first_name
       ,c_salutation
       ,c_preferred_cust_flag
       ,ss_ticket_number
       ,cnt from
   (select ss_ticket_number
          ,ss_customer_sk
          ,count(*) cnt
    from store_sales,date_dim,store,household_demographics
    where store_sales.ss_sold_date_sk = date_dim.d_date_sk
    and store_sales.ss_store_sk = store.s_store_sk
    and store_sales.ss_hdemo_sk = household_demographics.hd_demo_sk
    and (date_dim.d_dom between 1 and 3 or date_dim.d_dom between 25 and 28)
    and (household_demographics.hd_buy_potential = '501-1000' or
         household_demographics.hd_buy_potential = '5001-10000')
    and household_demographics.hd_vehicle_count > 0
    and (case when household_demographics.hd_vehicle_count > 0
then household_demographics.hd_dep_count/ household_demographics.hd_vehicle_count
else null
end)  > 1.2
    and date_dim.d_year in (1998,1998+1,1998+2)
    and store.s_county in ('Jefferson Davis Parish','Raleigh County','Arthur County','Huron County',
                           'Williamson County','Sierra County','Mesa County','Fairfield County')
    group by ss_ticket_number,ss_customer_sk) dn,customer
    where ss_customer_sk = c_customer_sk
      and cnt between 15 and 20
    order by c_last_name,c_first_name,c_salutation,c_preferred_cust_flag desc
 limit 100;
tpcds.34.sh|2024-03-19 21:18:04|2024-03-19 21:22:33|269
select c_last_name
       ,c_first_name
       ,c_salutation
       ,c_preferred_cust_flag
       ,ss_ticket_number
       ,cnt from
   (select ss_ticket_number
          ,ss_customer_sk
          ,count(*) cnt
    from store_sales,date_dim,store,household_demographics
    where store_sales.ss_sold_date_sk = date_dim.d_date_sk
    and store_sales.ss_store_sk = store.s_store_sk
    and store_sales.ss_hdemo_sk = household_demographics.hd_demo_sk
    and (date_dim.d_dom between 1 and 3 or date_dim.d_dom between 25 and 28)
    and (household_demographics.hd_buy_potential = '501-1000' or
         household_demographics.hd_buy_potential = '5001-10000')
    and household_demographics.hd_vehicle_count > 0
    and (case when household_demographics.hd_vehicle_count > 0
then household_demographics.hd_dep_count/ household_demographics.hd_vehicle_count
else null
end)  > 1.2
    and date_dim.d_year in (1998,1998+1,1998+2)
    and store.s_county in ('Jefferson Davis Parish','Raleigh County','Arthur County','Huron County',
                           'Williamson County','Sierra County','Mesa County','Fairfield County')
    group by ss_ticket_number,ss_customer_sk) dn,customer
    where ss_customer_sk = c_customer_sk
      and cnt between 15 and 20
    order by c_last_name,c_first_name,c_salutation,c_preferred_cust_flag desc
 limit 100;
tpcds.34.sh|2024-03-19 21:22:34|2024-03-19 21:25:53|199
select c_last_name
       ,c_first_name
       ,c_salutation
       ,c_preferred_cust_flag
       ,ss_ticket_number
       ,cnt from
   (select ss_ticket_number
          ,ss_customer_sk
          ,count(*) cnt
    from store_sales,date_dim,store,household_demographics
    where store_sales.ss_sold_date_sk = date_dim.d_date_sk
    and store_sales.ss_store_sk = store.s_store_sk
    and store_sales.ss_hdemo_sk = household_demographics.hd_demo_sk
    and (date_dim.d_dom between 1 and 3 or date_dim.d_dom between 25 and 28)
    and (household_demographics.hd_buy_potential = '501-1000' or
         household_demographics.hd_buy_potential = '5001-10000')
    and household_demographics.hd_vehicle_count > 0
    and (case when household_demographics.hd_vehicle_count > 0
then household_demographics.hd_dep_count/ household_demographics.hd_vehicle_count
else null
end)  > 1.2
    and date_dim.d_year in (1998,1998+1,1998+2)
    and store.s_county in ('Jefferson Davis Parish','Raleigh County','Arthur County','Huron County',
                           'Williamson County','Sierra County','Mesa County','Fairfield County')
    group by ss_ticket_number,ss_customer_sk) dn,customer
    where ss_customer_sk = c_customer_sk
      and cnt between 15 and 20
    order by c_last_name,c_first_name,c_salutation,c_preferred_cust_flag desc
 limit 100;
tpcds.34.sh|2024-03-19 21:25:54|2024-03-19 21:29:56|242
select c_last_name
       ,c_first_name
       ,c_salutation
       ,c_preferred_cust_flag
       ,ss_ticket_number
       ,cnt from
   (select ss_ticket_number
          ,ss_customer_sk
          ,count(*) cnt
    from store_sales,date_dim,store,household_demographics
    where store_sales.ss_sold_date_sk = date_dim.d_date_sk
    and store_sales.ss_store_sk = store.s_store_sk
    and store_sales.ss_hdemo_sk = household_demographics.hd_demo_sk
    and (date_dim.d_dom between 1 and 3 or date_dim.d_dom between 25 and 28)
    and (household_demographics.hd_buy_potential = '501-1000' or
         household_demographics.hd_buy_potential = '5001-10000')
    and household_demographics.hd_vehicle_count > 0
    and (case when household_demographics.hd_vehicle_count > 0
then household_demographics.hd_dep_count/ household_demographics.hd_vehicle_count
else null
end)  > 1.2
    and date_dim.d_year in (1998,1998+1,1998+2)
    and store.s_county in ('Jefferson Davis Parish','Raleigh County','Arthur County','Huron County',
                           'Williamson County','Sierra County','Mesa County','Fairfield County')
    group by ss_ticket_number,ss_customer_sk) dn,customer
    where ss_customer_sk = c_customer_sk
      and cnt between 15 and 20
    order by c_last_name,c_first_name,c_salutation,c_preferred_cust_flag desc
 limit 100;
tpcds.34.sh|2024-03-19 21:29:57|2024-03-19 21:32:40|163
select c_last_name
       ,c_first_name
       ,c_salutation
       ,c_preferred_cust_flag
       ,ss_ticket_number
       ,cnt from
   (select ss_ticket_number
          ,ss_customer_sk
          ,count(*) cnt
    from store_sales,date_dim,store,household_demographics
    where store_sales.ss_sold_date_sk = date_dim.d_date_sk
    and store_sales.ss_store_sk = store.s_store_sk
    and store_sales.ss_hdemo_sk = household_demographics.hd_demo_sk
    and (date_dim.d_dom between 1 and 3 or date_dim.d_dom between 25 and 28)
    and (household_demographics.hd_buy_potential = '501-1000' or
         household_demographics.hd_buy_potential = '5001-10000')
    and household_demographics.hd_vehicle_count > 0
    and (case when household_demographics.hd_vehicle_count > 0
then household_demographics.hd_dep_count/ household_demographics.hd_vehicle_count
else null
end)  > 1.2
    and date_dim.d_year in (1998,1998+1,1998+2)
    and store.s_county in ('Jefferson Davis Parish','Raleigh County','Arthur County','Huron County',
                           'Williamson County','Sierra County','Mesa County','Fairfield County')
    group by ss_ticket_number,ss_customer_sk) dn,customer
    where ss_customer_sk = c_customer_sk
      and cnt between 15 and 20
    order by c_last_name,c_first_name,c_salutation,c_preferred_cust_flag desc
 limit 100;
tpcds.34.sh|2024-03-19 21:32:41|2024-03-19 21:37:06|265
select c_last_name
       ,c_first_name
       ,c_salutation
       ,c_preferred_cust_flag
       ,ss_ticket_number
       ,cnt from
   (select ss_ticket_number
          ,ss_customer_sk
          ,count(*) cnt
    from store_sales,date_dim,store,household_demographics
    where store_sales.ss_sold_date_sk = date_dim.d_date_sk
    and store_sales.ss_store_sk = store.s_store_sk
    and store_sales.ss_hdemo_sk = household_demographics.hd_demo_sk
    and (date_dim.d_dom between 1 and 3 or date_dim.d_dom between 25 and 28)
    and (household_demographics.hd_buy_potential = '501-1000' or
         household_demographics.hd_buy_potential = '5001-10000')
    and household_demographics.hd_vehicle_count > 0
    and (case when household_demographics.hd_vehicle_count > 0
then household_demographics.hd_dep_count/ household_demographics.hd_vehicle_count
else null
end)  > 1.2
    and date_dim.d_year in (1998,1998+1,1998+2)
    and store.s_county in ('Jefferson Davis Parish','Raleigh County','Arthur County','Huron County',
                           'Williamson County','Sierra County','Mesa County','Fairfield County')
    group by ss_ticket_number,ss_customer_sk) dn,customer
    where ss_customer_sk = c_customer_sk
      and cnt between 15 and 20
    order by c_last_name,c_first_name,c_salutation,c_preferred_cust_flag desc
 limit 100;
tpcds.34.sh|2024-03-19 21:37:07|2024-03-19 21:40:44|217
select c_last_name
       ,c_first_name
       ,c_salutation
       ,c_preferred_cust_flag
       ,ss_ticket_number
       ,cnt from
   (select ss_ticket_number
          ,ss_customer_sk
          ,count(*) cnt
    from store_sales,date_dim,store,household_demographics
    where store_sales.ss_sold_date_sk = date_dim.d_date_sk
    and store_sales.ss_store_sk = store.s_store_sk
    and store_sales.ss_hdemo_sk = household_demographics.hd_demo_sk
    and (date_dim.d_dom between 1 and 3 or date_dim.d_dom between 25 and 28)
    and (household_demographics.hd_buy_potential = '501-1000' or
         household_demographics.hd_buy_potential = '5001-10000')
    and household_demographics.hd_vehicle_count > 0
    and (case when household_demographics.hd_vehicle_count > 0
then household_demographics.hd_dep_count/ household_demographics.hd_vehicle_count
else null
end)  > 1.2
    and date_dim.d_year in (1998,1998+1,1998+2)
    and store.s_county in ('Jefferson Davis Parish','Raleigh County','Arthur County','Huron County',
                           'Williamson County','Sierra County','Mesa County','Fairfield County')
    group by ss_ticket_number,ss_customer_sk) dn,customer
    where ss_customer_sk = c_customer_sk
      and cnt between 15 and 20
    order by c_last_name,c_first_name,c_salutation,c_preferred_cust_flag desc
 limit 100;
tpcds.34.sh|2024-03-19 21:40:45|2024-03-19 21:44:42|237
select c_last_name
       ,c_first_name
       ,c_salutation
       ,c_preferred_cust_flag
       ,ss_ticket_number
       ,cnt from
   (select ss_ticket_number
          ,ss_customer_sk
          ,count(*) cnt
    from store_sales,date_dim,store,household_demographics
    where store_sales.ss_sold_date_sk = date_dim.d_date_sk
    and store_sales.ss_store_sk = store.s_store_sk
    and store_sales.ss_hdemo_sk = household_demographics.hd_demo_sk
    and (date_dim.d_dom between 1 and 3 or date_dim.d_dom between 25 and 28)
    and (household_demographics.hd_buy_potential = '501-1000' or
         household_demographics.hd_buy_potential = '5001-10000')
    and household_demographics.hd_vehicle_count > 0
    and (case when household_demographics.hd_vehicle_count > 0
then household_demographics.hd_dep_count/ household_demographics.hd_vehicle_count
else null
end)  > 1.2
    and date_dim.d_year in (1998,1998+1,1998+2)
    and store.s_county in ('Jefferson Davis Parish','Raleigh County','Arthur County','Huron County',
                           'Williamson County','Sierra County','Mesa County','Fairfield County')
    group by ss_ticket_number,ss_customer_sk) dn,customer
    where ss_customer_sk = c_customer_sk
      and cnt between 15 and 20
    order by c_last_name,c_first_name,c_salutation,c_preferred_cust_flag desc
 limit 100;
tpcds.34.sh|2024-03-19 21:44:43|2024-03-19 21:48:34|231
select c_last_name
       ,c_first_name
       ,c_salutation
       ,c_preferred_cust_flag
       ,ss_ticket_number
       ,cnt from
   (select ss_ticket_number
          ,ss_customer_sk
          ,count(*) cnt
    from store_sales,date_dim,store,household_demographics
    where store_sales.ss_sold_date_sk = date_dim.d_date_sk
    and store_sales.ss_store_sk = store.s_store_sk
    and store_sales.ss_hdemo_sk = household_demographics.hd_demo_sk
    and (date_dim.d_dom between 1 and 3 or date_dim.d_dom between 25 and 28)
    and (household_demographics.hd_buy_potential = '501-1000' or
         household_demographics.hd_buy_potential = '5001-10000')
    and household_demographics.hd_vehicle_count > 0
    and (case when household_demographics.hd_vehicle_count > 0
then household_demographics.hd_dep_count/ household_demographics.hd_vehicle_count
else null
end)  > 1.2
    and date_dim.d_year in (1998,1998+1,1998+2)
    and store.s_county in ('Jefferson Davis Parish','Raleigh County','Arthur County','Huron County',
                           'Williamson County','Sierra County','Mesa County','Fairfield County')
    group by ss_ticket_number,ss_customer_sk) dn,customer
    where ss_customer_sk = c_customer_sk
      and cnt between 15 and 20
    order by c_last_name,c_first_name,c_salutation,c_preferred_cust_flag desc
 limit 100;
tpcds.34.sh|2024-03-19 21:48:35|2024-03-19 21:52:27|232
select c_last_name
       ,c_first_name
       ,c_salutation
       ,c_preferred_cust_flag
       ,ss_ticket_number
       ,cnt from
   (select ss_ticket_number
          ,ss_customer_sk
          ,count(*) cnt
    from store_sales,date_dim,store,household_demographics
    where store_sales.ss_sold_date_sk = date_dim.d_date_sk
    and store_sales.ss_store_sk = store.s_store_sk
    and store_sales.ss_hdemo_sk = household_demographics.hd_demo_sk
    and (date_dim.d_dom between 1 and 3 or date_dim.d_dom between 25 and 28)
    and (household_demographics.hd_buy_potential = '501-1000' or
         household_demographics.hd_buy_potential = '5001-10000')
    and household_demographics.hd_vehicle_count > 0
    and (case when household_demographics.hd_vehicle_count > 0
then household_demographics.hd_dep_count/ household_demographics.hd_vehicle_count
else null
end)  > 1.2
    and date_dim.d_year in (1998,1998+1,1998+2)
    and store.s_county in ('Jefferson Davis Parish','Raleigh County','Arthur County','Huron County',
                           'Williamson County','Sierra County','Mesa County','Fairfield County')
    group by ss_ticket_number,ss_customer_sk) dn,customer
    where ss_customer_sk = c_customer_sk
      and cnt between 15 and 20
    order by c_last_name,c_first_name,c_salutation,c_preferred_cust_flag desc
 limit 100;
tpcds.34.sh|2024-03-19 21:52:28|2024-03-19 21:59:46|438
select c_last_name
       ,c_first_name
       ,c_salutation
       ,c_preferred_cust_flag
       ,ss_ticket_number
       ,cnt from
   (select ss_ticket_number
          ,ss_customer_sk
          ,count(*) cnt
    from store_sales,date_dim,store,household_demographics
    where store_sales.ss_sold_date_sk = date_dim.d_date_sk
    and store_sales.ss_store_sk = store.s_store_sk
    and store_sales.ss_hdemo_sk = household_demographics.hd_demo_sk
    and (date_dim.d_dom between 1 and 3 or date_dim.d_dom between 25 and 28)
    and (household_demographics.hd_buy_potential = '501-1000' or
         household_demographics.hd_buy_potential = '5001-10000')
    and household_demographics.hd_vehicle_count > 0
    and (case when household_demographics.hd_vehicle_count > 0
then household_demographics.hd_dep_count/ household_demographics.hd_vehicle_count
else null
end)  > 1.2
    and date_dim.d_year in (1998,1998+1,1998+2)
    and store.s_county in ('Jefferson Davis Parish','Raleigh County','Arthur County','Huron County',
                           'Williamson County','Sierra County','Mesa County','Fairfield County')
    group by ss_ticket_number,ss_customer_sk) dn,customer
    where ss_customer_sk = c_customer_sk
      and cnt between 15 and 20
    order by c_last_name,c_first_name,c_salutation,c_preferred_cust_flag desc
 limit 100;
tpcds.34.sh|2024-03-19 21:59:47|2024-03-19 22:02:39|172
select c_last_name
       ,c_first_name
       ,c_salutation
       ,c_preferred_cust_flag
       ,ss_ticket_number
       ,cnt from
   (select ss_ticket_number
          ,ss_customer_sk
          ,count(*) cnt
    from store_sales,date_dim,store,household_demographics
    where store_sales.ss_sold_date_sk = date_dim.d_date_sk
    and store_sales.ss_store_sk = store.s_store_sk
    and store_sales.ss_hdemo_sk = household_demographics.hd_demo_sk
    and (date_dim.d_dom between 1 and 3 or date_dim.d_dom between 25 and 28)
    and (household_demographics.hd_buy_potential = '501-1000' or
         household_demographics.hd_buy_potential = '5001-10000')
    and household_demographics.hd_vehicle_count > 0
    and (case when household_demographics.hd_vehicle_count > 0
then household_demographics.hd_dep_count/ household_demographics.hd_vehicle_count
else null
end)  > 1.2
    and date_dim.d_year in (1998,1998+1,1998+2)
    and store.s_county in ('Jefferson Davis Parish','Raleigh County','Arthur County','Huron County',
                           'Williamson County','Sierra County','Mesa County','Fairfield County')
    group by ss_ticket_number,ss_customer_sk) dn,customer
    where ss_customer_sk = c_customer_sk
      and cnt between 15 and 20
    order by c_last_name,c_first_name,c_salutation,c_preferred_cust_flag desc
 limit 100;
tpcds.34.sh|2024-03-19 22:02:40|2024-03-19 22:07:39|299
select c_last_name
       ,c_first_name
       ,c_salutation
       ,c_preferred_cust_flag
       ,ss_ticket_number
       ,cnt from
   (select ss_ticket_number
          ,ss_customer_sk
          ,count(*) cnt
    from store_sales,date_dim,store,household_demographics
    where store_sales.ss_sold_date_sk = date_dim.d_date_sk
    and store_sales.ss_store_sk = store.s_store_sk
    and store_sales.ss_hdemo_sk = household_demographics.hd_demo_sk
    and (date_dim.d_dom between 1 and 3 or date_dim.d_dom between 25 and 28)
    and (household_demographics.hd_buy_potential = '501-1000' or
         household_demographics.hd_buy_potential = '5001-10000')
    and household_demographics.hd_vehicle_count > 0
    and (case when household_demographics.hd_vehicle_count > 0
then household_demographics.hd_dep_count/ household_demographics.hd_vehicle_count
else null
end)  > 1.2
    and date_dim.d_year in (1998,1998+1,1998+2)
    and store.s_county in ('Jefferson Davis Parish','Raleigh County','Arthur County','Huron County',
                           'Williamson County','Sierra County','Mesa County','Fairfield County')
    group by ss_ticket_number,ss_customer_sk) dn,customer
    where ss_customer_sk = c_customer_sk
      and cnt between 15 and 20
    order by c_last_name,c_first_name,c_salutation,c_preferred_cust_flag desc
 limit 100;
tpcds.34.sh|2024-03-19 22:07:40|2024-03-19 22:11:10|210
select c_last_name
       ,c_first_name
       ,c_salutation
       ,c_preferred_cust_flag
       ,ss_ticket_number
       ,cnt from
   (select ss_ticket_number
          ,ss_customer_sk
          ,count(*) cnt
    from store_sales,date_dim,store,household_demographics
    where store_sales.ss_sold_date_sk = date_dim.d_date_sk
    and store_sales.ss_store_sk = store.s_store_sk
    and store_sales.ss_hdemo_sk = household_demographics.hd_demo_sk
    and (date_dim.d_dom between 1 and 3 or date_dim.d_dom between 25 and 28)
    and (household_demographics.hd_buy_potential = '501-1000' or
         household_demographics.hd_buy_potential = '5001-10000')
    and household_demographics.hd_vehicle_count > 0
    and (case when household_demographics.hd_vehicle_count > 0
then household_demographics.hd_dep_count/ household_demographics.hd_vehicle_count
else null
end)  > 1.2
    and date_dim.d_year in (1998,1998+1,1998+2)
    and store.s_county in ('Jefferson Davis Parish','Raleigh County','Arthur County','Huron County',
                           'Williamson County','Sierra County','Mesa County','Fairfield County')
    group by ss_ticket_number,ss_customer_sk) dn,customer
    where ss_customer_sk = c_customer_sk
      and cnt between 15 and 20
    order by c_last_name,c_first_name,c_salutation,c_preferred_cust_flag desc
 limit 100;
tpcds.34.sh|2024-03-19 22:11:11|2024-03-19 22:13:52|161
select c_last_name
       ,c_first_name
       ,c_salutation
       ,c_preferred_cust_flag
       ,ss_ticket_number
       ,cnt from
   (select ss_ticket_number
          ,ss_customer_sk
          ,count(*) cnt
    from store_sales,date_dim,store,household_demographics
    where store_sales.ss_sold_date_sk = date_dim.d_date_sk
    and store_sales.ss_store_sk = store.s_store_sk
    and store_sales.ss_hdemo_sk = household_demographics.hd_demo_sk
    and (date_dim.d_dom between 1 and 3 or date_dim.d_dom between 25 and 28)
    and (household_demographics.hd_buy_potential = '501-1000' or
         household_demographics.hd_buy_potential = '5001-10000')
    and household_demographics.hd_vehicle_count > 0
    and (case when household_demographics.hd_vehicle_count > 0
then household_demographics.hd_dep_count/ household_demographics.hd_vehicle_count
else null
end)  > 1.2
    and date_dim.d_year in (1998,1998+1,1998+2)
    and store.s_county in ('Jefferson Davis Parish','Raleigh County','Arthur County','Huron County',
                           'Williamson County','Sierra County','Mesa County','Fairfield County')
    group by ss_ticket_number,ss_customer_sk) dn,customer
    where ss_customer_sk = c_customer_sk
      and cnt between 15 and 20
    order by c_last_name,c_first_name,c_salutation,c_preferred_cust_flag desc
 limit 100;
tpcds.34.sh|2024-03-19 22:13:53|2024-03-19 22:19:28|335
select c_last_name
       ,c_first_name
       ,c_salutation
       ,c_preferred_cust_flag
       ,ss_ticket_number
       ,cnt from
   (select ss_ticket_number
          ,ss_customer_sk
          ,count(*) cnt
    from store_sales,date_dim,store,household_demographics
    where store_sales.ss_sold_date_sk = date_dim.d_date_sk
    and store_sales.ss_store_sk = store.s_store_sk
    and store_sales.ss_hdemo_sk = household_demographics.hd_demo_sk
    and (date_dim.d_dom between 1 and 3 or date_dim.d_dom between 25 and 28)
    and (household_demographics.hd_buy_potential = '501-1000' or
         household_demographics.hd_buy_potential = '5001-10000')
    and household_demographics.hd_vehicle_count > 0
    and (case when household_demographics.hd_vehicle_count > 0
then household_demographics.hd_dep_count/ household_demographics.hd_vehicle_count
else null
end)  > 1.2
    and date_dim.d_year in (1998,1998+1,1998+2)
    and store.s_county in ('Jefferson Davis Parish','Raleigh County','Arthur County','Huron County',
                           'Williamson County','Sierra County','Mesa County','Fairfield County')
    group by ss_ticket_number,ss_customer_sk) dn,customer
    where ss_customer_sk = c_customer_sk
      and cnt between 15 and 20
    order by c_last_name,c_first_name,c_salutation,c_preferred_cust_flag desc
 limit 100;
tpcds.34.sh|2024-03-19 22:19:29|2024-03-19 22:23:26|237
select c_last_name
       ,c_first_name
       ,c_salutation
       ,c_preferred_cust_flag
       ,ss_ticket_number
       ,cnt from
   (select ss_ticket_number
          ,ss_customer_sk
          ,count(*) cnt
    from store_sales,date_dim,store,household_demographics
    where store_sales.ss_sold_date_sk = date_dim.d_date_sk
    and store_sales.ss_store_sk = store.s_store_sk
    and store_sales.ss_hdemo_sk = household_demographics.hd_demo_sk
    and (date_dim.d_dom between 1 and 3 or date_dim.d_dom between 25 and 28)
    and (household_demographics.hd_buy_potential = '501-1000' or
         household_demographics.hd_buy_potential = '5001-10000')
    and household_demographics.hd_vehicle_count > 0
    and (case when household_demographics.hd_vehicle_count > 0
then household_demographics.hd_dep_count/ household_demographics.hd_vehicle_count
else null
end)  > 1.2
    and date_dim.d_year in (1998,1998+1,1998+2)
    and store.s_county in ('Jefferson Davis Parish','Raleigh County','Arthur County','Huron County',
                           'Williamson County','Sierra County','Mesa County','Fairfield County')
    group by ss_ticket_number,ss_customer_sk) dn,customer
    where ss_customer_sk = c_customer_sk
      and cnt between 15 and 20
    order by c_last_name,c_first_name,c_salutation,c_preferred_cust_flag desc
 limit 100;
tpcds.34.sh|2024-03-19 22:23:27|2024-03-19 22:27:35|248
select c_last_name
       ,c_first_name
       ,c_salutation
       ,c_preferred_cust_flag
       ,ss_ticket_number
       ,cnt from
   (select ss_ticket_number
          ,ss_customer_sk
          ,count(*) cnt
    from store_sales,date_dim,store,household_demographics
    where store_sales.ss_sold_date_sk = date_dim.d_date_sk
    and store_sales.ss_store_sk = store.s_store_sk
    and store_sales.ss_hdemo_sk = household_demographics.hd_demo_sk
    and (date_dim.d_dom between 1 and 3 or date_dim.d_dom between 25 and 28)
    and (household_demographics.hd_buy_potential = '501-1000' or
         household_demographics.hd_buy_potential = '5001-10000')
    and household_demographics.hd_vehicle_count > 0
    and (case when household_demographics.hd_vehicle_count > 0
then household_demographics.hd_dep_count/ household_demographics.hd_vehicle_count
else null
end)  > 1.2
    and date_dim.d_year in (1998,1998+1,1998+2)
    and store.s_county in ('Jefferson Davis Parish','Raleigh County','Arthur County','Huron County',
                           'Williamson County','Sierra County','Mesa County','Fairfield County')
    group by ss_ticket_number,ss_customer_sk) dn,customer
    where ss_customer_sk = c_customer_sk
      and cnt between 15 and 20
    order by c_last_name,c_first_name,c_salutation,c_preferred_cust_flag desc
 limit 100;
tpcds.34.sh|2024-03-19 22:27:36|2024-03-19 22:31:34|238
select c_last_name
       ,c_first_name
       ,c_salutation
       ,c_preferred_cust_flag
       ,ss_ticket_number
       ,cnt from
   (select ss_ticket_number
          ,ss_customer_sk
          ,count(*) cnt
    from store_sales,date_dim,store,household_demographics
    where store_sales.ss_sold_date_sk = date_dim.d_date_sk
    and store_sales.ss_store_sk = store.s_store_sk
    and store_sales.ss_hdemo_sk = household_demographics.hd_demo_sk
    and (date_dim.d_dom between 1 and 3 or date_dim.d_dom between 25 and 28)
    and (household_demographics.hd_buy_potential = '501-1000' or
         household_demographics.hd_buy_potential = '5001-10000')
    and household_demographics.hd_vehicle_count > 0
    and (case when household_demographics.hd_vehicle_count > 0
then household_demographics.hd_dep_count/ household_demographics.hd_vehicle_count
else null
end)  > 1.2
    and date_dim.d_year in (1998,1998+1,1998+2)
    and store.s_county in ('Jefferson Davis Parish','Raleigh County','Arthur County','Huron County',
                           'Williamson County','Sierra County','Mesa County','Fairfield County')
    group by ss_ticket_number,ss_customer_sk) dn,customer
    where ss_customer_sk = c_customer_sk
      and cnt between 15 and 20
    order by c_last_name,c_first_name,c_salutation,c_preferred_cust_flag desc
 limit 100;
tpcds.34.sh|2024-03-19 22:31:35|2024-03-19 22:36:24|289
select c_last_name
       ,c_first_name
       ,c_salutation
       ,c_preferred_cust_flag
       ,ss_ticket_number
       ,cnt from
   (select ss_ticket_number
          ,ss_customer_sk
          ,count(*) cnt
    from store_sales,date_dim,store,household_demographics
    where store_sales.ss_sold_date_sk = date_dim.d_date_sk
    and store_sales.ss_store_sk = store.s_store_sk
    and store_sales.ss_hdemo_sk = household_demographics.hd_demo_sk
    and (date_dim.d_dom between 1 and 3 or date_dim.d_dom between 25 and 28)
    and (household_demographics.hd_buy_potential = '501-1000' or
         household_demographics.hd_buy_potential = '5001-10000')
    and household_demographics.hd_vehicle_count > 0
    and (case when household_demographics.hd_vehicle_count > 0
then household_demographics.hd_dep_count/ household_demographics.hd_vehicle_count
else null
end)  > 1.2
    and date_dim.d_year in (1998,1998+1,1998+2)
    and store.s_county in ('Jefferson Davis Parish','Raleigh County','Arthur County','Huron County',
                           'Williamson County','Sierra County','Mesa County','Fairfield County')
    group by ss_ticket_number,ss_customer_sk) dn,customer
    where ss_customer_sk = c_customer_sk
      and cnt between 15 and 20
    order by c_last_name,c_first_name,c_salutation,c_preferred_cust_flag desc
 limit 100;
tpcds.34.sh|2024-03-19 22:36:25|2024-03-19 22:40:02|217
select c_last_name
       ,c_first_name
       ,c_salutation
       ,c_preferred_cust_flag
       ,ss_ticket_number
       ,cnt from
   (select ss_ticket_number
          ,ss_customer_sk
          ,count(*) cnt
    from store_sales,date_dim,store,household_demographics
    where store_sales.ss_sold_date_sk = date_dim.d_date_sk
    and store_sales.ss_store_sk = store.s_store_sk
    and store_sales.ss_hdemo_sk = household_demographics.hd_demo_sk
    and (date_dim.d_dom between 1 and 3 or date_dim.d_dom between 25 and 28)
    and (household_demographics.hd_buy_potential = '501-1000' or
         household_demographics.hd_buy_potential = '5001-10000')
    and household_demographics.hd_vehicle_count > 0
    and (case when household_demographics.hd_vehicle_count > 0
then household_demographics.hd_dep_count/ household_demographics.hd_vehicle_count
else null
end)  > 1.2
    and date_dim.d_year in (1998,1998+1,1998+2)
    and store.s_county in ('Jefferson Davis Parish','Raleigh County','Arthur County','Huron County',
                           'Williamson County','Sierra County','Mesa County','Fairfield County')
    group by ss_ticket_number,ss_customer_sk) dn,customer
    where ss_customer_sk = c_customer_sk
      and cnt between 15 and 20
    order by c_last_name,c_first_name,c_salutation,c_preferred_cust_flag desc
 limit 100;
tpcds.34.sh|2024-03-19 22:40:03|2024-03-19 22:45:22|319
select c_last_name
       ,c_first_name
       ,c_salutation
       ,c_preferred_cust_flag
       ,ss_ticket_number
       ,cnt from
   (select ss_ticket_number
          ,ss_customer_sk
          ,count(*) cnt
    from store_sales,date_dim,store,household_demographics
    where store_sales.ss_sold_date_sk = date_dim.d_date_sk
    and store_sales.ss_store_sk = store.s_store_sk
    and store_sales.ss_hdemo_sk = household_demographics.hd_demo_sk
    and (date_dim.d_dom between 1 and 3 or date_dim.d_dom between 25 and 28)
    and (household_demographics.hd_buy_potential = '501-1000' or
         household_demographics.hd_buy_potential = '5001-10000')
    and household_demographics.hd_vehicle_count > 0
    and (case when household_demographics.hd_vehicle_count > 0
then household_demographics.hd_dep_count/ household_demographics.hd_vehicle_count
else null
end)  > 1.2
    and date_dim.d_year in (1998,1998+1,1998+2)
    and store.s_county in ('Jefferson Davis Parish','Raleigh County','Arthur County','Huron County',
                           'Williamson County','Sierra County','Mesa County','Fairfield County')
    group by ss_ticket_number,ss_customer_sk) dn,customer
    where ss_customer_sk = c_customer_sk
      and cnt between 15 and 20
    order by c_last_name,c_first_name,c_salutation,c_preferred_cust_flag desc
 limit 100;
tpcds.34.sh|2024-03-19 22:45:23|2024-03-19 22:49:06|223
select c_last_name
       ,c_first_name
       ,c_salutation
       ,c_preferred_cust_flag
       ,ss_ticket_number
       ,cnt from
   (select ss_ticket_number
          ,ss_customer_sk
          ,count(*) cnt
    from store_sales,date_dim,store,household_demographics
    where store_sales.ss_sold_date_sk = date_dim.d_date_sk
    and store_sales.ss_store_sk = store.s_store_sk
    and store_sales.ss_hdemo_sk = household_demographics.hd_demo_sk
    and (date_dim.d_dom between 1 and 3 or date_dim.d_dom between 25 and 28)
    and (household_demographics.hd_buy_potential = '501-1000' or
         household_demographics.hd_buy_potential = '5001-10000')
    and household_demographics.hd_vehicle_count > 0
    and (case when household_demographics.hd_vehicle_count > 0
then household_demographics.hd_dep_count/ household_demographics.hd_vehicle_count
else null
end)  > 1.2
    and date_dim.d_year in (1998,1998+1,1998+2)
    and store.s_county in ('Jefferson Davis Parish','Raleigh County','Arthur County','Huron County',
                           'Williamson County','Sierra County','Mesa County','Fairfield County')
    group by ss_ticket_number,ss_customer_sk) dn,customer
    where ss_customer_sk = c_customer_sk
      and cnt between 15 and 20
    order by c_last_name,c_first_name,c_salutation,c_preferred_cust_flag desc
 limit 100;
tpcds.34.sh|2024-03-19 22:49:07|2024-03-19 22:54:28|321
select c_last_name
       ,c_first_name
       ,c_salutation
       ,c_preferred_cust_flag
       ,ss_ticket_number
       ,cnt from
   (select ss_ticket_number
          ,ss_customer_sk
          ,count(*) cnt
    from store_sales,date_dim,store,household_demographics
    where store_sales.ss_sold_date_sk = date_dim.d_date_sk
    and store_sales.ss_store_sk = store.s_store_sk
    and store_sales.ss_hdemo_sk = household_demographics.hd_demo_sk
    and (date_dim.d_dom between 1 and 3 or date_dim.d_dom between 25 and 28)
    and (household_demographics.hd_buy_potential = '501-1000' or
         household_demographics.hd_buy_potential = '5001-10000')
    and household_demographics.hd_vehicle_count > 0
    and (case when household_demographics.hd_vehicle_count > 0
then household_demographics.hd_dep_count/ household_demographics.hd_vehicle_count
else null
end)  > 1.2
    and date_dim.d_year in (1998,1998+1,1998+2)
    and store.s_county in ('Jefferson Davis Parish','Raleigh County','Arthur County','Huron County',
                           'Williamson County','Sierra County','Mesa County','Fairfield County')
    group by ss_ticket_number,ss_customer_sk) dn,customer
    where ss_customer_sk = c_customer_sk
      and cnt between 15 and 20
    order by c_last_name,c_first_name,c_salutation,c_preferred_cust_flag desc
 limit 100;
tpcds.34.sh|2024-03-19 22:54:29|2024-03-19 22:57:20|171
select c_last_name
       ,c_first_name
       ,c_salutation
       ,c_preferred_cust_flag
       ,ss_ticket_number
       ,cnt from
   (select ss_ticket_number
          ,ss_customer_sk
          ,count(*) cnt
    from store_sales,date_dim,store,household_demographics
    where store_sales.ss_sold_date_sk = date_dim.d_date_sk
    and store_sales.ss_store_sk = store.s_store_sk
    and store_sales.ss_hdemo_sk = household_demographics.hd_demo_sk
    and (date_dim.d_dom between 1 and 3 or date_dim.d_dom between 25 and 28)
    and (household_demographics.hd_buy_potential = '501-1000' or
         household_demographics.hd_buy_potential = '5001-10000')
    and household_demographics.hd_vehicle_count > 0
    and (case when household_demographics.hd_vehicle_count > 0
then household_demographics.hd_dep_count/ household_demographics.hd_vehicle_count
else null
end)  > 1.2
    and date_dim.d_year in (1998,1998+1,1998+2)
    and store.s_county in ('Jefferson Davis Parish','Raleigh County','Arthur County','Huron County',
                           'Williamson County','Sierra County','Mesa County','Fairfield County')
    group by ss_ticket_number,ss_customer_sk) dn,customer
    where ss_customer_sk = c_customer_sk
      and cnt between 15 and 20
    order by c_last_name,c_first_name,c_salutation,c_preferred_cust_flag desc
 limit 100;
tpcds.34.sh|2024-03-19 22:57:21|2024-03-19 23:02:23|302
select c_last_name
       ,c_first_name
       ,c_salutation
       ,c_preferred_cust_flag
       ,ss_ticket_number
       ,cnt from
   (select ss_ticket_number
          ,ss_customer_sk
          ,count(*) cnt
    from store_sales,date_dim,store,household_demographics
    where store_sales.ss_sold_date_sk = date_dim.d_date_sk
    and store_sales.ss_store_sk = store.s_store_sk
    and store_sales.ss_hdemo_sk = household_demographics.hd_demo_sk
    and (date_dim.d_dom between 1 and 3 or date_dim.d_dom between 25 and 28)
    and (household_demographics.hd_buy_potential = '501-1000' or
         household_demographics.hd_buy_potential = '5001-10000')
    and household_demographics.hd_vehicle_count > 0
    and (case when household_demographics.hd_vehicle_count > 0
then household_demographics.hd_dep_count/ household_demographics.hd_vehicle_count
else null
end)  > 1.2
    and date_dim.d_year in (1998,1998+1,1998+2)
    and store.s_county in ('Jefferson Davis Parish','Raleigh County','Arthur County','Huron County',
                           'Williamson County','Sierra County','Mesa County','Fairfield County')
    group by ss_ticket_number,ss_customer_sk) dn,customer
    where ss_customer_sk = c_customer_sk
      and cnt between 15 and 20
    order by c_last_name,c_first_name,c_salutation,c_preferred_cust_flag desc
 limit 100;
tpcds.34.sh|2024-03-19 23:02:24|2024-03-19 23:05:44|200
select c_last_name
       ,c_first_name
       ,c_salutation
       ,c_preferred_cust_flag
       ,ss_ticket_number
       ,cnt from
   (select ss_ticket_number
          ,ss_customer_sk
          ,count(*) cnt
    from store_sales,date_dim,store,household_demographics
    where store_sales.ss_sold_date_sk = date_dim.d_date_sk
    and store_sales.ss_store_sk = store.s_store_sk
    and store_sales.ss_hdemo_sk = household_demographics.hd_demo_sk
    and (date_dim.d_dom between 1 and 3 or date_dim.d_dom between 25 and 28)
    and (household_demographics.hd_buy_potential = '501-1000' or
         household_demographics.hd_buy_potential = '5001-10000')
    and household_demographics.hd_vehicle_count > 0
    and (case when household_demographics.hd_vehicle_count > 0
then household_demographics.hd_dep_count/ household_demographics.hd_vehicle_count
else null
end)  > 1.2
    and date_dim.d_year in (1998,1998+1,1998+2)
    and store.s_county in ('Jefferson Davis Parish','Raleigh County','Arthur County','Huron County',
                           'Williamson County','Sierra County','Mesa County','Fairfield County')
    group by ss_ticket_number,ss_customer_sk) dn,customer
    where ss_customer_sk = c_customer_sk
      and cnt between 15 and 20
    order by c_last_name,c_first_name,c_salutation,c_preferred_cust_flag desc
 limit 100;
tpcds.34.sh|2024-03-19 23:05:45|2024-03-19 23:10:23|278
select c_last_name
       ,c_first_name
       ,c_salutation
       ,c_preferred_cust_flag
       ,ss_ticket_number
       ,cnt from
   (select ss_ticket_number
          ,ss_customer_sk
          ,count(*) cnt
    from store_sales,date_dim,store,household_demographics
    where store_sales.ss_sold_date_sk = date_dim.d_date_sk
    and store_sales.ss_store_sk = store.s_store_sk
    and store_sales.ss_hdemo_sk = household_demographics.hd_demo_sk
    and (date_dim.d_dom between 1 and 3 or date_dim.d_dom between 25 and 28)
    and (household_demographics.hd_buy_potential = '501-1000' or
         household_demographics.hd_buy_potential = '5001-10000')
    and household_demographics.hd_vehicle_count > 0
    and (case when household_demographics.hd_vehicle_count > 0
then household_demographics.hd_dep_count/ household_demographics.hd_vehicle_count
else null
end)  > 1.2
    and date_dim.d_year in (1998,1998+1,1998+2)
    and store.s_county in ('Jefferson Davis Parish','Raleigh County','Arthur County','Huron County',
                           'Williamson County','Sierra County','Mesa County','Fairfield County')
    group by ss_ticket_number,ss_customer_sk) dn,customer
    where ss_customer_sk = c_customer_sk
      and cnt between 15 and 20
    order by c_last_name,c_first_name,c_salutation,c_preferred_cust_flag desc
 limit 100;
tpcds.34.sh|2024-03-19 23:10:24|2024-03-19 23:14:49|265
select c_last_name
       ,c_first_name
       ,c_salutation
       ,c_preferred_cust_flag
       ,ss_ticket_number
       ,cnt from
   (select ss_ticket_number
          ,ss_customer_sk
          ,count(*) cnt
    from store_sales,date_dim,store,household_demographics
    where store_sales.ss_sold_date_sk = date_dim.d_date_sk
    and store_sales.ss_store_sk = store.s_store_sk
    and store_sales.ss_hdemo_sk = household_demographics.hd_demo_sk
    and (date_dim.d_dom between 1 and 3 or date_dim.d_dom between 25 and 28)
    and (household_demographics.hd_buy_potential = '501-1000' or
         household_demographics.hd_buy_potential = '5001-10000')
    and household_demographics.hd_vehicle_count > 0
    and (case when household_demographics.hd_vehicle_count > 0
then household_demographics.hd_dep_count/ household_demographics.hd_vehicle_count
else null
end)  > 1.2
    and date_dim.d_year in (1998,1998+1,1998+2)
    and store.s_county in ('Jefferson Davis Parish','Raleigh County','Arthur County','Huron County',
                           'Williamson County','Sierra County','Mesa County','Fairfield County')
    group by ss_ticket_number,ss_customer_sk) dn,customer
    where ss_customer_sk = c_customer_sk
      and cnt between 15 and 20
    order by c_last_name,c_first_name,c_salutation,c_preferred_cust_flag desc
 limit 100;
ERROR:  canceling statement due to user request
tpcds.34.sh|2024-03-19 23:14:50|2024-03-19 23:18:16|206
