select
   count(distinct cs_order_number) as "order count"
  ,sum(cs_ext_ship_cost) as "total shipping cost"
  ,sum(cs_net_profit) as "total net profit"
from
   catalog_sales cs1
  ,date_dim
  ,customer_address
  ,call_center
where
    d_date between '2000-4-01' and
           (cast('2000-4-01' as date) + '60 days'::interval)
and cs1.cs_ship_date_sk = d_date_sk
and cs1.cs_ship_addr_sk = ca_address_sk
and ca_state = 'GA'
and cs1.cs_call_center_sk = cc_call_center_sk
and cc_county in ('Franklin Parish','Wadena County','Richland County','Raleigh County',
                  'Daviess County'
)
and exists (select *
            from catalog_sales cs2
            where cs1.cs_order_number = cs2.cs_order_number
              and cs1.cs_warehouse_sk <> cs2.cs_warehouse_sk)
and not exists(select *
               from catalog_returns cr1
               where cs1.cs_order_number = cr1.cr_order_number)
order by count(distinct cs_order_number)
limit 100;
tpcds.16.sh|2024-04-09 05:53:58|2024-04-09 06:21:44|1666
select
   count(distinct cs_order_number) as "order count"
  ,sum(cs_ext_ship_cost) as "total shipping cost"
  ,sum(cs_net_profit) as "total net profit"
from
   catalog_sales cs1
  ,date_dim
  ,customer_address
  ,call_center
where
    d_date between '2000-4-01' and
           (cast('2000-4-01' as date) + '60 days'::interval)
and cs1.cs_ship_date_sk = d_date_sk
and cs1.cs_ship_addr_sk = ca_address_sk
and ca_state = 'GA'
and cs1.cs_call_center_sk = cc_call_center_sk
and cc_county in ('Franklin Parish','Wadena County','Richland County','Raleigh County',
                  'Daviess County'
)
and exists (select *
            from catalog_sales cs2
            where cs1.cs_order_number = cs2.cs_order_number
              and cs1.cs_warehouse_sk <> cs2.cs_warehouse_sk)
and not exists(select *
               from catalog_returns cr1
               where cs1.cs_order_number = cr1.cr_order_number)
order by count(distinct cs_order_number)
limit 100;
tpcds.16.sh|2024-04-09 06:21:45|2024-04-09 06:47:17|1532
select
   count(distinct cs_order_number) as "order count"
  ,sum(cs_ext_ship_cost) as "total shipping cost"
  ,sum(cs_net_profit) as "total net profit"
from
   catalog_sales cs1
  ,date_dim
  ,customer_address
  ,call_center
where
    d_date between '2000-4-01' and
           (cast('2000-4-01' as date) + '60 days'::interval)
and cs1.cs_ship_date_sk = d_date_sk
and cs1.cs_ship_addr_sk = ca_address_sk
and ca_state = 'GA'
and cs1.cs_call_center_sk = cc_call_center_sk
and cc_county in ('Franklin Parish','Wadena County','Richland County','Raleigh County',
                  'Daviess County'
)
and exists (select *
            from catalog_sales cs2
            where cs1.cs_order_number = cs2.cs_order_number
              and cs1.cs_warehouse_sk <> cs2.cs_warehouse_sk)
and not exists(select *
               from catalog_returns cr1
               where cs1.cs_order_number = cr1.cr_order_number)
order by count(distinct cs_order_number)
limit 100;
tpcds.16.sh|2024-04-09 06:47:18|2024-04-09 07:15:25|1687
select
   count(distinct cs_order_number) as "order count"
  ,sum(cs_ext_ship_cost) as "total shipping cost"
  ,sum(cs_net_profit) as "total net profit"
from
   catalog_sales cs1
  ,date_dim
  ,customer_address
  ,call_center
where
    d_date between '2000-4-01' and
           (cast('2000-4-01' as date) + '60 days'::interval)
and cs1.cs_ship_date_sk = d_date_sk
and cs1.cs_ship_addr_sk = ca_address_sk
and ca_state = 'GA'
and cs1.cs_call_center_sk = cc_call_center_sk
and cc_county in ('Franklin Parish','Wadena County','Richland County','Raleigh County',
                  'Daviess County'
)
and exists (select *
            from catalog_sales cs2
            where cs1.cs_order_number = cs2.cs_order_number
              and cs1.cs_warehouse_sk <> cs2.cs_warehouse_sk)
and not exists(select *
               from catalog_returns cr1
               where cs1.cs_order_number = cr1.cr_order_number)
order by count(distinct cs_order_number)
limit 100;
tpcds.16.sh|2024-04-09 07:15:26|2024-04-09 07:43:13|1667
select
   count(distinct cs_order_number) as "order count"
  ,sum(cs_ext_ship_cost) as "total shipping cost"
  ,sum(cs_net_profit) as "total net profit"
from
   catalog_sales cs1
  ,date_dim
  ,customer_address
  ,call_center
where
    d_date between '2000-4-01' and
           (cast('2000-4-01' as date) + '60 days'::interval)
and cs1.cs_ship_date_sk = d_date_sk
and cs1.cs_ship_addr_sk = ca_address_sk
and ca_state = 'GA'
and cs1.cs_call_center_sk = cc_call_center_sk
and cc_county in ('Franklin Parish','Wadena County','Richland County','Raleigh County',
                  'Daviess County'
)
and exists (select *
            from catalog_sales cs2
            where cs1.cs_order_number = cs2.cs_order_number
              and cs1.cs_warehouse_sk <> cs2.cs_warehouse_sk)
and not exists(select *
               from catalog_returns cr1
               where cs1.cs_order_number = cr1.cr_order_number)
order by count(distinct cs_order_number)
limit 100;
ERROR:  canceling statement due to user request
tpcds.16.sh|2024-04-09 07:43:14|2024-04-09 07:54:10|656
