select  *
from (select avg(ss_list_price) B1_LP
            ,count(ss_list_price) B1_CNT
            ,count(distinct ss_list_price) B1_CNTD
      from store_sales
      where ss_quantity between 0 and 5
        and (ss_list_price between 38 and 38+10
             or ss_coupon_amt between 13065 and 13065+1000
             or ss_wholesale_cost between 15 and 15+20)) B1,
     (select avg(ss_list_price) B2_LP
            ,count(ss_list_price) B2_CNT
            ,count(distinct ss_list_price) B2_CNTD
      from store_sales
      where ss_quantity between 6 and 10
        and (ss_list_price between 186 and 186+10
          or ss_coupon_amt between 14994 and 14994+1000
          or ss_wholesale_cost between 58 and 58+20)) B2,
     (select avg(ss_list_price) B3_LP
            ,count(ss_list_price) B3_CNT
            ,count(distinct ss_list_price) B3_CNTD
      from store_sales
      where ss_quantity between 11 and 15
        and (ss_list_price between 187 and 187+10
          or ss_coupon_amt between 10185 and 10185+1000
          or ss_wholesale_cost between 44 and 44+20)) B3,
     (select avg(ss_list_price) B4_LP
            ,count(ss_list_price) B4_CNT
            ,count(distinct ss_list_price) B4_CNTD
      from store_sales
      where ss_quantity between 16 and 20
        and (ss_list_price between 99 and 99+10
          or ss_coupon_amt between 1197 and 1197+1000
          or ss_wholesale_cost between 70 and 70+20)) B4,
     (select avg(ss_list_price) B5_LP
            ,count(ss_list_price) B5_CNT
            ,count(distinct ss_list_price) B5_CNTD
      from store_sales
      where ss_quantity between 21 and 25
        and (ss_list_price between 132 and 132+10
          or ss_coupon_amt between 17370 and 17370+1000
          or ss_wholesale_cost between 8 and 8+20)) B5,
     (select avg(ss_list_price) B6_LP
            ,count(ss_list_price) B6_CNT
            ,count(distinct ss_list_price) B6_CNTD
      from store_sales
      where ss_quantity between 26 and 30
        and (ss_list_price between 104 and 104+10
          or ss_coupon_amt between 3680 and 3680+1000
          or ss_wholesale_cost between 42 and 42+20)) B6
limit 100;
tpcds.28.sh|2024-04-09 05:53:58|2024-04-09 06:00:20|382
select  *
from (select avg(ss_list_price) B1_LP
            ,count(ss_list_price) B1_CNT
            ,count(distinct ss_list_price) B1_CNTD
      from store_sales
      where ss_quantity between 0 and 5
        and (ss_list_price between 38 and 38+10
             or ss_coupon_amt between 13065 and 13065+1000
             or ss_wholesale_cost between 15 and 15+20)) B1,
     (select avg(ss_list_price) B2_LP
            ,count(ss_list_price) B2_CNT
            ,count(distinct ss_list_price) B2_CNTD
      from store_sales
      where ss_quantity between 6 and 10
        and (ss_list_price between 186 and 186+10
          or ss_coupon_amt between 14994 and 14994+1000
          or ss_wholesale_cost between 58 and 58+20)) B2,
     (select avg(ss_list_price) B3_LP
            ,count(ss_list_price) B3_CNT
            ,count(distinct ss_list_price) B3_CNTD
      from store_sales
      where ss_quantity between 11 and 15
        and (ss_list_price between 187 and 187+10
          or ss_coupon_amt between 10185 and 10185+1000
          or ss_wholesale_cost between 44 and 44+20)) B3,
     (select avg(ss_list_price) B4_LP
            ,count(ss_list_price) B4_CNT
            ,count(distinct ss_list_price) B4_CNTD
      from store_sales
      where ss_quantity between 16 and 20
        and (ss_list_price between 99 and 99+10
          or ss_coupon_amt between 1197 and 1197+1000
          or ss_wholesale_cost between 70 and 70+20)) B4,
     (select avg(ss_list_price) B5_LP
            ,count(ss_list_price) B5_CNT
            ,count(distinct ss_list_price) B5_CNTD
      from store_sales
      where ss_quantity between 21 and 25
        and (ss_list_price between 132 and 132+10
          or ss_coupon_amt between 17370 and 17370+1000
          or ss_wholesale_cost between 8 and 8+20)) B5,
     (select avg(ss_list_price) B6_LP
            ,count(ss_list_price) B6_CNT
            ,count(distinct ss_list_price) B6_CNTD
      from store_sales
      where ss_quantity between 26 and 30
        and (ss_list_price between 104 and 104+10
          or ss_coupon_amt between 3680 and 3680+1000
          or ss_wholesale_cost between 42 and 42+20)) B6
limit 100;
tpcds.28.sh|2024-04-09 06:00:21|2024-04-09 06:06:47|386
select  *
from (select avg(ss_list_price) B1_LP
            ,count(ss_list_price) B1_CNT
            ,count(distinct ss_list_price) B1_CNTD
      from store_sales
      where ss_quantity between 0 and 5
        and (ss_list_price between 38 and 38+10
             or ss_coupon_amt between 13065 and 13065+1000
             or ss_wholesale_cost between 15 and 15+20)) B1,
     (select avg(ss_list_price) B2_LP
            ,count(ss_list_price) B2_CNT
            ,count(distinct ss_list_price) B2_CNTD
      from store_sales
      where ss_quantity between 6 and 10
        and (ss_list_price between 186 and 186+10
          or ss_coupon_amt between 14994 and 14994+1000
          or ss_wholesale_cost between 58 and 58+20)) B2,
     (select avg(ss_list_price) B3_LP
            ,count(ss_list_price) B3_CNT
            ,count(distinct ss_list_price) B3_CNTD
      from store_sales
      where ss_quantity between 11 and 15
        and (ss_list_price between 187 and 187+10
          or ss_coupon_amt between 10185 and 10185+1000
          or ss_wholesale_cost between 44 and 44+20)) B3,
     (select avg(ss_list_price) B4_LP
            ,count(ss_list_price) B4_CNT
            ,count(distinct ss_list_price) B4_CNTD
      from store_sales
      where ss_quantity between 16 and 20
        and (ss_list_price between 99 and 99+10
          or ss_coupon_amt between 1197 and 1197+1000
          or ss_wholesale_cost between 70 and 70+20)) B4,
     (select avg(ss_list_price) B5_LP
            ,count(ss_list_price) B5_CNT
            ,count(distinct ss_list_price) B5_CNTD
      from store_sales
      where ss_quantity between 21 and 25
        and (ss_list_price between 132 and 132+10
          or ss_coupon_amt between 17370 and 17370+1000
          or ss_wholesale_cost between 8 and 8+20)) B5,
     (select avg(ss_list_price) B6_LP
            ,count(ss_list_price) B6_CNT
            ,count(distinct ss_list_price) B6_CNTD
      from store_sales
      where ss_quantity between 26 and 30
        and (ss_list_price between 104 and 104+10
          or ss_coupon_amt between 3680 and 3680+1000
          or ss_wholesale_cost between 42 and 42+20)) B6
limit 100;
tpcds.28.sh|2024-04-09 06:06:48|2024-04-09 06:12:49|361
select  *
from (select avg(ss_list_price) B1_LP
            ,count(ss_list_price) B1_CNT
            ,count(distinct ss_list_price) B1_CNTD
      from store_sales
      where ss_quantity between 0 and 5
        and (ss_list_price between 38 and 38+10
             or ss_coupon_amt between 13065 and 13065+1000
             or ss_wholesale_cost between 15 and 15+20)) B1,
     (select avg(ss_list_price) B2_LP
            ,count(ss_list_price) B2_CNT
            ,count(distinct ss_list_price) B2_CNTD
      from store_sales
      where ss_quantity between 6 and 10
        and (ss_list_price between 186 and 186+10
          or ss_coupon_amt between 14994 and 14994+1000
          or ss_wholesale_cost between 58 and 58+20)) B2,
     (select avg(ss_list_price) B3_LP
            ,count(ss_list_price) B3_CNT
            ,count(distinct ss_list_price) B3_CNTD
      from store_sales
      where ss_quantity between 11 and 15
        and (ss_list_price between 187 and 187+10
          or ss_coupon_amt between 10185 and 10185+1000
          or ss_wholesale_cost between 44 and 44+20)) B3,
     (select avg(ss_list_price) B4_LP
            ,count(ss_list_price) B4_CNT
            ,count(distinct ss_list_price) B4_CNTD
      from store_sales
      where ss_quantity between 16 and 20
        and (ss_list_price between 99 and 99+10
          or ss_coupon_amt between 1197 and 1197+1000
          or ss_wholesale_cost between 70 and 70+20)) B4,
     (select avg(ss_list_price) B5_LP
            ,count(ss_list_price) B5_CNT
            ,count(distinct ss_list_price) B5_CNTD
      from store_sales
      where ss_quantity between 21 and 25
        and (ss_list_price between 132 and 132+10
          or ss_coupon_amt between 17370 and 17370+1000
          or ss_wholesale_cost between 8 and 8+20)) B5,
     (select avg(ss_list_price) B6_LP
            ,count(ss_list_price) B6_CNT
            ,count(distinct ss_list_price) B6_CNTD
      from store_sales
      where ss_quantity between 26 and 30
        and (ss_list_price between 104 and 104+10
          or ss_coupon_amt between 3680 and 3680+1000
          or ss_wholesale_cost between 42 and 42+20)) B6
limit 100;
tpcds.28.sh|2024-04-09 06:12:50|2024-04-09 06:17:59|309
select  *
from (select avg(ss_list_price) B1_LP
            ,count(ss_list_price) B1_CNT
            ,count(distinct ss_list_price) B1_CNTD
      from store_sales
      where ss_quantity between 0 and 5
        and (ss_list_price between 38 and 38+10
             or ss_coupon_amt between 13065 and 13065+1000
             or ss_wholesale_cost between 15 and 15+20)) B1,
     (select avg(ss_list_price) B2_LP
            ,count(ss_list_price) B2_CNT
            ,count(distinct ss_list_price) B2_CNTD
      from store_sales
      where ss_quantity between 6 and 10
        and (ss_list_price between 186 and 186+10
          or ss_coupon_amt between 14994 and 14994+1000
          or ss_wholesale_cost between 58 and 58+20)) B2,
     (select avg(ss_list_price) B3_LP
            ,count(ss_list_price) B3_CNT
            ,count(distinct ss_list_price) B3_CNTD
      from store_sales
      where ss_quantity between 11 and 15
        and (ss_list_price between 187 and 187+10
          or ss_coupon_amt between 10185 and 10185+1000
          or ss_wholesale_cost between 44 and 44+20)) B3,
     (select avg(ss_list_price) B4_LP
            ,count(ss_list_price) B4_CNT
            ,count(distinct ss_list_price) B4_CNTD
      from store_sales
      where ss_quantity between 16 and 20
        and (ss_list_price between 99 and 99+10
          or ss_coupon_amt between 1197 and 1197+1000
          or ss_wholesale_cost between 70 and 70+20)) B4,
     (select avg(ss_list_price) B5_LP
            ,count(ss_list_price) B5_CNT
            ,count(distinct ss_list_price) B5_CNTD
      from store_sales
      where ss_quantity between 21 and 25
        and (ss_list_price between 132 and 132+10
          or ss_coupon_amt between 17370 and 17370+1000
          or ss_wholesale_cost between 8 and 8+20)) B5,
     (select avg(ss_list_price) B6_LP
            ,count(ss_list_price) B6_CNT
            ,count(distinct ss_list_price) B6_CNTD
      from store_sales
      where ss_quantity between 26 and 30
        and (ss_list_price between 104 and 104+10
          or ss_coupon_amt between 3680 and 3680+1000
          or ss_wholesale_cost between 42 and 42+20)) B6
limit 100;
tpcds.28.sh|2024-04-09 06:18:00|2024-04-09 06:24:03|363
select  *
from (select avg(ss_list_price) B1_LP
            ,count(ss_list_price) B1_CNT
            ,count(distinct ss_list_price) B1_CNTD
      from store_sales
      where ss_quantity between 0 and 5
        and (ss_list_price between 38 and 38+10
             or ss_coupon_amt between 13065 and 13065+1000
             or ss_wholesale_cost between 15 and 15+20)) B1,
     (select avg(ss_list_price) B2_LP
            ,count(ss_list_price) B2_CNT
            ,count(distinct ss_list_price) B2_CNTD
      from store_sales
      where ss_quantity between 6 and 10
        and (ss_list_price between 186 and 186+10
          or ss_coupon_amt between 14994 and 14994+1000
          or ss_wholesale_cost between 58 and 58+20)) B2,
     (select avg(ss_list_price) B3_LP
            ,count(ss_list_price) B3_CNT
            ,count(distinct ss_list_price) B3_CNTD
      from store_sales
      where ss_quantity between 11 and 15
        and (ss_list_price between 187 and 187+10
          or ss_coupon_amt between 10185 and 10185+1000
          or ss_wholesale_cost between 44 and 44+20)) B3,
     (select avg(ss_list_price) B4_LP
            ,count(ss_list_price) B4_CNT
            ,count(distinct ss_list_price) B4_CNTD
      from store_sales
      where ss_quantity between 16 and 20
        and (ss_list_price between 99 and 99+10
          or ss_coupon_amt between 1197 and 1197+1000
          or ss_wholesale_cost between 70 and 70+20)) B4,
     (select avg(ss_list_price) B5_LP
            ,count(ss_list_price) B5_CNT
            ,count(distinct ss_list_price) B5_CNTD
      from store_sales
      where ss_quantity between 21 and 25
        and (ss_list_price between 132 and 132+10
          or ss_coupon_amt between 17370 and 17370+1000
          or ss_wholesale_cost between 8 and 8+20)) B5,
     (select avg(ss_list_price) B6_LP
            ,count(ss_list_price) B6_CNT
            ,count(distinct ss_list_price) B6_CNTD
      from store_sales
      where ss_quantity between 26 and 30
        and (ss_list_price between 104 and 104+10
          or ss_coupon_amt between 3680 and 3680+1000
          or ss_wholesale_cost between 42 and 42+20)) B6
limit 100;
tpcds.28.sh|2024-04-09 06:24:04|2024-04-09 06:29:43|339
select  *
from (select avg(ss_list_price) B1_LP
            ,count(ss_list_price) B1_CNT
            ,count(distinct ss_list_price) B1_CNTD
      from store_sales
      where ss_quantity between 0 and 5
        and (ss_list_price between 38 and 38+10
             or ss_coupon_amt between 13065 and 13065+1000
             or ss_wholesale_cost between 15 and 15+20)) B1,
     (select avg(ss_list_price) B2_LP
            ,count(ss_list_price) B2_CNT
            ,count(distinct ss_list_price) B2_CNTD
      from store_sales
      where ss_quantity between 6 and 10
        and (ss_list_price between 186 and 186+10
          or ss_coupon_amt between 14994 and 14994+1000
          or ss_wholesale_cost between 58 and 58+20)) B2,
     (select avg(ss_list_price) B3_LP
            ,count(ss_list_price) B3_CNT
            ,count(distinct ss_list_price) B3_CNTD
      from store_sales
      where ss_quantity between 11 and 15
        and (ss_list_price between 187 and 187+10
          or ss_coupon_amt between 10185 and 10185+1000
          or ss_wholesale_cost between 44 and 44+20)) B3,
     (select avg(ss_list_price) B4_LP
            ,count(ss_list_price) B4_CNT
            ,count(distinct ss_list_price) B4_CNTD
      from store_sales
      where ss_quantity between 16 and 20
        and (ss_list_price between 99 and 99+10
          or ss_coupon_amt between 1197 and 1197+1000
          or ss_wholesale_cost between 70 and 70+20)) B4,
     (select avg(ss_list_price) B5_LP
            ,count(ss_list_price) B5_CNT
            ,count(distinct ss_list_price) B5_CNTD
      from store_sales
      where ss_quantity between 21 and 25
        and (ss_list_price between 132 and 132+10
          or ss_coupon_amt between 17370 and 17370+1000
          or ss_wholesale_cost between 8 and 8+20)) B5,
     (select avg(ss_list_price) B6_LP
            ,count(ss_list_price) B6_CNT
            ,count(distinct ss_list_price) B6_CNTD
      from store_sales
      where ss_quantity between 26 and 30
        and (ss_list_price between 104 and 104+10
          or ss_coupon_amt between 3680 and 3680+1000
          or ss_wholesale_cost between 42 and 42+20)) B6
limit 100;
tpcds.28.sh|2024-04-09 06:29:44|2024-04-09 06:36:09|385
select  *
from (select avg(ss_list_price) B1_LP
            ,count(ss_list_price) B1_CNT
            ,count(distinct ss_list_price) B1_CNTD
      from store_sales
      where ss_quantity between 0 and 5
        and (ss_list_price between 38 and 38+10
             or ss_coupon_amt between 13065 and 13065+1000
             or ss_wholesale_cost between 15 and 15+20)) B1,
     (select avg(ss_list_price) B2_LP
            ,count(ss_list_price) B2_CNT
            ,count(distinct ss_list_price) B2_CNTD
      from store_sales
      where ss_quantity between 6 and 10
        and (ss_list_price between 186 and 186+10
          or ss_coupon_amt between 14994 and 14994+1000
          or ss_wholesale_cost between 58 and 58+20)) B2,
     (select avg(ss_list_price) B3_LP
            ,count(ss_list_price) B3_CNT
            ,count(distinct ss_list_price) B3_CNTD
      from store_sales
      where ss_quantity between 11 and 15
        and (ss_list_price between 187 and 187+10
          or ss_coupon_amt between 10185 and 10185+1000
          or ss_wholesale_cost between 44 and 44+20)) B3,
     (select avg(ss_list_price) B4_LP
            ,count(ss_list_price) B4_CNT
            ,count(distinct ss_list_price) B4_CNTD
      from store_sales
      where ss_quantity between 16 and 20
        and (ss_list_price between 99 and 99+10
          or ss_coupon_amt between 1197 and 1197+1000
          or ss_wholesale_cost between 70 and 70+20)) B4,
     (select avg(ss_list_price) B5_LP
            ,count(ss_list_price) B5_CNT
            ,count(distinct ss_list_price) B5_CNTD
      from store_sales
      where ss_quantity between 21 and 25
        and (ss_list_price between 132 and 132+10
          or ss_coupon_amt between 17370 and 17370+1000
          or ss_wholesale_cost between 8 and 8+20)) B5,
     (select avg(ss_list_price) B6_LP
            ,count(ss_list_price) B6_CNT
            ,count(distinct ss_list_price) B6_CNTD
      from store_sales
      where ss_quantity between 26 and 30
        and (ss_list_price between 104 and 104+10
          or ss_coupon_amt between 3680 and 3680+1000
          or ss_wholesale_cost between 42 and 42+20)) B6
limit 100;
tpcds.28.sh|2024-04-09 06:36:10|2024-04-09 06:41:36|326
select  *
from (select avg(ss_list_price) B1_LP
            ,count(ss_list_price) B1_CNT
            ,count(distinct ss_list_price) B1_CNTD
      from store_sales
      where ss_quantity between 0 and 5
        and (ss_list_price between 38 and 38+10
             or ss_coupon_amt between 13065 and 13065+1000
             or ss_wholesale_cost between 15 and 15+20)) B1,
     (select avg(ss_list_price) B2_LP
            ,count(ss_list_price) B2_CNT
            ,count(distinct ss_list_price) B2_CNTD
      from store_sales
      where ss_quantity between 6 and 10
        and (ss_list_price between 186 and 186+10
          or ss_coupon_amt between 14994 and 14994+1000
          or ss_wholesale_cost between 58 and 58+20)) B2,
     (select avg(ss_list_price) B3_LP
            ,count(ss_list_price) B3_CNT
            ,count(distinct ss_list_price) B3_CNTD
      from store_sales
      where ss_quantity between 11 and 15
        and (ss_list_price between 187 and 187+10
          or ss_coupon_amt between 10185 and 10185+1000
          or ss_wholesale_cost between 44 and 44+20)) B3,
     (select avg(ss_list_price) B4_LP
            ,count(ss_list_price) B4_CNT
            ,count(distinct ss_list_price) B4_CNTD
      from store_sales
      where ss_quantity between 16 and 20
        and (ss_list_price between 99 and 99+10
          or ss_coupon_amt between 1197 and 1197+1000
          or ss_wholesale_cost between 70 and 70+20)) B4,
     (select avg(ss_list_price) B5_LP
            ,count(ss_list_price) B5_CNT
            ,count(distinct ss_list_price) B5_CNTD
      from store_sales
      where ss_quantity between 21 and 25
        and (ss_list_price between 132 and 132+10
          or ss_coupon_amt between 17370 and 17370+1000
          or ss_wholesale_cost between 8 and 8+20)) B5,
     (select avg(ss_list_price) B6_LP
            ,count(ss_list_price) B6_CNT
            ,count(distinct ss_list_price) B6_CNTD
      from store_sales
      where ss_quantity between 26 and 30
        and (ss_list_price between 104 and 104+10
          or ss_coupon_amt between 3680 and 3680+1000
          or ss_wholesale_cost between 42 and 42+20)) B6
limit 100;
tpcds.28.sh|2024-04-09 06:41:37|2024-04-09 06:47:52|375
select  *
from (select avg(ss_list_price) B1_LP
            ,count(ss_list_price) B1_CNT
            ,count(distinct ss_list_price) B1_CNTD
      from store_sales
      where ss_quantity between 0 and 5
        and (ss_list_price between 38 and 38+10
             or ss_coupon_amt between 13065 and 13065+1000
             or ss_wholesale_cost between 15 and 15+20)) B1,
     (select avg(ss_list_price) B2_LP
            ,count(ss_list_price) B2_CNT
            ,count(distinct ss_list_price) B2_CNTD
      from store_sales
      where ss_quantity between 6 and 10
        and (ss_list_price between 186 and 186+10
          or ss_coupon_amt between 14994 and 14994+1000
          or ss_wholesale_cost between 58 and 58+20)) B2,
     (select avg(ss_list_price) B3_LP
            ,count(ss_list_price) B3_CNT
            ,count(distinct ss_list_price) B3_CNTD
      from store_sales
      where ss_quantity between 11 and 15
        and (ss_list_price between 187 and 187+10
          or ss_coupon_amt between 10185 and 10185+1000
          or ss_wholesale_cost between 44 and 44+20)) B3,
     (select avg(ss_list_price) B4_LP
            ,count(ss_list_price) B4_CNT
            ,count(distinct ss_list_price) B4_CNTD
      from store_sales
      where ss_quantity between 16 and 20
        and (ss_list_price between 99 and 99+10
          or ss_coupon_amt between 1197 and 1197+1000
          or ss_wholesale_cost between 70 and 70+20)) B4,
     (select avg(ss_list_price) B5_LP
            ,count(ss_list_price) B5_CNT
            ,count(distinct ss_list_price) B5_CNTD
      from store_sales
      where ss_quantity between 21 and 25
        and (ss_list_price between 132 and 132+10
          or ss_coupon_amt between 17370 and 17370+1000
          or ss_wholesale_cost between 8 and 8+20)) B5,
     (select avg(ss_list_price) B6_LP
            ,count(ss_list_price) B6_CNT
            ,count(distinct ss_list_price) B6_CNTD
      from store_sales
      where ss_quantity between 26 and 30
        and (ss_list_price between 104 and 104+10
          or ss_coupon_amt between 3680 and 3680+1000
          or ss_wholesale_cost between 42 and 42+20)) B6
limit 100;
tpcds.28.sh|2024-04-09 06:47:53|2024-04-09 06:53:29|336
select  *
from (select avg(ss_list_price) B1_LP
            ,count(ss_list_price) B1_CNT
            ,count(distinct ss_list_price) B1_CNTD
      from store_sales
      where ss_quantity between 0 and 5
        and (ss_list_price between 38 and 38+10
             or ss_coupon_amt between 13065 and 13065+1000
             or ss_wholesale_cost between 15 and 15+20)) B1,
     (select avg(ss_list_price) B2_LP
            ,count(ss_list_price) B2_CNT
            ,count(distinct ss_list_price) B2_CNTD
      from store_sales
      where ss_quantity between 6 and 10
        and (ss_list_price between 186 and 186+10
          or ss_coupon_amt between 14994 and 14994+1000
          or ss_wholesale_cost between 58 and 58+20)) B2,
     (select avg(ss_list_price) B3_LP
            ,count(ss_list_price) B3_CNT
            ,count(distinct ss_list_price) B3_CNTD
      from store_sales
      where ss_quantity between 11 and 15
        and (ss_list_price between 187 and 187+10
          or ss_coupon_amt between 10185 and 10185+1000
          or ss_wholesale_cost between 44 and 44+20)) B3,
     (select avg(ss_list_price) B4_LP
            ,count(ss_list_price) B4_CNT
            ,count(distinct ss_list_price) B4_CNTD
      from store_sales
      where ss_quantity between 16 and 20
        and (ss_list_price between 99 and 99+10
          or ss_coupon_amt between 1197 and 1197+1000
          or ss_wholesale_cost between 70 and 70+20)) B4,
     (select avg(ss_list_price) B5_LP
            ,count(ss_list_price) B5_CNT
            ,count(distinct ss_list_price) B5_CNTD
      from store_sales
      where ss_quantity between 21 and 25
        and (ss_list_price between 132 and 132+10
          or ss_coupon_amt between 17370 and 17370+1000
          or ss_wholesale_cost between 8 and 8+20)) B5,
     (select avg(ss_list_price) B6_LP
            ,count(ss_list_price) B6_CNT
            ,count(distinct ss_list_price) B6_CNTD
      from store_sales
      where ss_quantity between 26 and 30
        and (ss_list_price between 104 and 104+10
          or ss_coupon_amt between 3680 and 3680+1000
          or ss_wholesale_cost between 42 and 42+20)) B6
limit 100;
tpcds.28.sh|2024-04-09 06:53:30|2024-04-09 06:59:44|374
select  *
from (select avg(ss_list_price) B1_LP
            ,count(ss_list_price) B1_CNT
            ,count(distinct ss_list_price) B1_CNTD
      from store_sales
      where ss_quantity between 0 and 5
        and (ss_list_price between 38 and 38+10
             or ss_coupon_amt between 13065 and 13065+1000
             or ss_wholesale_cost between 15 and 15+20)) B1,
     (select avg(ss_list_price) B2_LP
            ,count(ss_list_price) B2_CNT
            ,count(distinct ss_list_price) B2_CNTD
      from store_sales
      where ss_quantity between 6 and 10
        and (ss_list_price between 186 and 186+10
          or ss_coupon_amt between 14994 and 14994+1000
          or ss_wholesale_cost between 58 and 58+20)) B2,
     (select avg(ss_list_price) B3_LP
            ,count(ss_list_price) B3_CNT
            ,count(distinct ss_list_price) B3_CNTD
      from store_sales
      where ss_quantity between 11 and 15
        and (ss_list_price between 187 and 187+10
          or ss_coupon_amt between 10185 and 10185+1000
          or ss_wholesale_cost between 44 and 44+20)) B3,
     (select avg(ss_list_price) B4_LP
            ,count(ss_list_price) B4_CNT
            ,count(distinct ss_list_price) B4_CNTD
      from store_sales
      where ss_quantity between 16 and 20
        and (ss_list_price between 99 and 99+10
          or ss_coupon_amt between 1197 and 1197+1000
          or ss_wholesale_cost between 70 and 70+20)) B4,
     (select avg(ss_list_price) B5_LP
            ,count(ss_list_price) B5_CNT
            ,count(distinct ss_list_price) B5_CNTD
      from store_sales
      where ss_quantity between 21 and 25
        and (ss_list_price between 132 and 132+10
          or ss_coupon_amt between 17370 and 17370+1000
          or ss_wholesale_cost between 8 and 8+20)) B5,
     (select avg(ss_list_price) B6_LP
            ,count(ss_list_price) B6_CNT
            ,count(distinct ss_list_price) B6_CNTD
      from store_sales
      where ss_quantity between 26 and 30
        and (ss_list_price between 104 and 104+10
          or ss_coupon_amt between 3680 and 3680+1000
          or ss_wholesale_cost between 42 and 42+20)) B6
limit 100;
tpcds.28.sh|2024-04-09 06:59:45|2024-04-09 07:05:58|373
select  *
from (select avg(ss_list_price) B1_LP
            ,count(ss_list_price) B1_CNT
            ,count(distinct ss_list_price) B1_CNTD
      from store_sales
      where ss_quantity between 0 and 5
        and (ss_list_price between 38 and 38+10
             or ss_coupon_amt between 13065 and 13065+1000
             or ss_wholesale_cost between 15 and 15+20)) B1,
     (select avg(ss_list_price) B2_LP
            ,count(ss_list_price) B2_CNT
            ,count(distinct ss_list_price) B2_CNTD
      from store_sales
      where ss_quantity between 6 and 10
        and (ss_list_price between 186 and 186+10
          or ss_coupon_amt between 14994 and 14994+1000
          or ss_wholesale_cost between 58 and 58+20)) B2,
     (select avg(ss_list_price) B3_LP
            ,count(ss_list_price) B3_CNT
            ,count(distinct ss_list_price) B3_CNTD
      from store_sales
      where ss_quantity between 11 and 15
        and (ss_list_price between 187 and 187+10
          or ss_coupon_amt between 10185 and 10185+1000
          or ss_wholesale_cost between 44 and 44+20)) B3,
     (select avg(ss_list_price) B4_LP
            ,count(ss_list_price) B4_CNT
            ,count(distinct ss_list_price) B4_CNTD
      from store_sales
      where ss_quantity between 16 and 20
        and (ss_list_price between 99 and 99+10
          or ss_coupon_amt between 1197 and 1197+1000
          or ss_wholesale_cost between 70 and 70+20)) B4,
     (select avg(ss_list_price) B5_LP
            ,count(ss_list_price) B5_CNT
            ,count(distinct ss_list_price) B5_CNTD
      from store_sales
      where ss_quantity between 21 and 25
        and (ss_list_price between 132 and 132+10
          or ss_coupon_amt between 17370 and 17370+1000
          or ss_wholesale_cost between 8 and 8+20)) B5,
     (select avg(ss_list_price) B6_LP
            ,count(ss_list_price) B6_CNT
            ,count(distinct ss_list_price) B6_CNTD
      from store_sales
      where ss_quantity between 26 and 30
        and (ss_list_price between 104 and 104+10
          or ss_coupon_amt between 3680 and 3680+1000
          or ss_wholesale_cost between 42 and 42+20)) B6
limit 100;
tpcds.28.sh|2024-04-09 07:05:59|2024-04-09 07:12:07|368
select  *
from (select avg(ss_list_price) B1_LP
            ,count(ss_list_price) B1_CNT
            ,count(distinct ss_list_price) B1_CNTD
      from store_sales
      where ss_quantity between 0 and 5
        and (ss_list_price between 38 and 38+10
             or ss_coupon_amt between 13065 and 13065+1000
             or ss_wholesale_cost between 15 and 15+20)) B1,
     (select avg(ss_list_price) B2_LP
            ,count(ss_list_price) B2_CNT
            ,count(distinct ss_list_price) B2_CNTD
      from store_sales
      where ss_quantity between 6 and 10
        and (ss_list_price between 186 and 186+10
          or ss_coupon_amt between 14994 and 14994+1000
          or ss_wholesale_cost between 58 and 58+20)) B2,
     (select avg(ss_list_price) B3_LP
            ,count(ss_list_price) B3_CNT
            ,count(distinct ss_list_price) B3_CNTD
      from store_sales
      where ss_quantity between 11 and 15
        and (ss_list_price between 187 and 187+10
          or ss_coupon_amt between 10185 and 10185+1000
          or ss_wholesale_cost between 44 and 44+20)) B3,
     (select avg(ss_list_price) B4_LP
            ,count(ss_list_price) B4_CNT
            ,count(distinct ss_list_price) B4_CNTD
      from store_sales
      where ss_quantity between 16 and 20
        and (ss_list_price between 99 and 99+10
          or ss_coupon_amt between 1197 and 1197+1000
          or ss_wholesale_cost between 70 and 70+20)) B4,
     (select avg(ss_list_price) B5_LP
            ,count(ss_list_price) B5_CNT
            ,count(distinct ss_list_price) B5_CNTD
      from store_sales
      where ss_quantity between 21 and 25
        and (ss_list_price between 132 and 132+10
          or ss_coupon_amt between 17370 and 17370+1000
          or ss_wholesale_cost between 8 and 8+20)) B5,
     (select avg(ss_list_price) B6_LP
            ,count(ss_list_price) B6_CNT
            ,count(distinct ss_list_price) B6_CNTD
      from store_sales
      where ss_quantity between 26 and 30
        and (ss_list_price between 104 and 104+10
          or ss_coupon_amt between 3680 and 3680+1000
          or ss_wholesale_cost between 42 and 42+20)) B6
limit 100;
tpcds.28.sh|2024-04-09 07:12:08|2024-04-09 07:18:04|356
select  *
from (select avg(ss_list_price) B1_LP
            ,count(ss_list_price) B1_CNT
            ,count(distinct ss_list_price) B1_CNTD
      from store_sales
      where ss_quantity between 0 and 5
        and (ss_list_price between 38 and 38+10
             or ss_coupon_amt between 13065 and 13065+1000
             or ss_wholesale_cost between 15 and 15+20)) B1,
     (select avg(ss_list_price) B2_LP
            ,count(ss_list_price) B2_CNT
            ,count(distinct ss_list_price) B2_CNTD
      from store_sales
      where ss_quantity between 6 and 10
        and (ss_list_price between 186 and 186+10
          or ss_coupon_amt between 14994 and 14994+1000
          or ss_wholesale_cost between 58 and 58+20)) B2,
     (select avg(ss_list_price) B3_LP
            ,count(ss_list_price) B3_CNT
            ,count(distinct ss_list_price) B3_CNTD
      from store_sales
      where ss_quantity between 11 and 15
        and (ss_list_price between 187 and 187+10
          or ss_coupon_amt between 10185 and 10185+1000
          or ss_wholesale_cost between 44 and 44+20)) B3,
     (select avg(ss_list_price) B4_LP
            ,count(ss_list_price) B4_CNT
            ,count(distinct ss_list_price) B4_CNTD
      from store_sales
      where ss_quantity between 16 and 20
        and (ss_list_price between 99 and 99+10
          or ss_coupon_amt between 1197 and 1197+1000
          or ss_wholesale_cost between 70 and 70+20)) B4,
     (select avg(ss_list_price) B5_LP
            ,count(ss_list_price) B5_CNT
            ,count(distinct ss_list_price) B5_CNTD
      from store_sales
      where ss_quantity between 21 and 25
        and (ss_list_price between 132 and 132+10
          or ss_coupon_amt between 17370 and 17370+1000
          or ss_wholesale_cost between 8 and 8+20)) B5,
     (select avg(ss_list_price) B6_LP
            ,count(ss_list_price) B6_CNT
            ,count(distinct ss_list_price) B6_CNTD
      from store_sales
      where ss_quantity between 26 and 30
        and (ss_list_price between 104 and 104+10
          or ss_coupon_amt between 3680 and 3680+1000
          or ss_wholesale_cost between 42 and 42+20)) B6
limit 100;
tpcds.28.sh|2024-04-09 07:18:05|2024-04-09 07:24:42|397
select  *
from (select avg(ss_list_price) B1_LP
            ,count(ss_list_price) B1_CNT
            ,count(distinct ss_list_price) B1_CNTD
      from store_sales
      where ss_quantity between 0 and 5
        and (ss_list_price between 38 and 38+10
             or ss_coupon_amt between 13065 and 13065+1000
             or ss_wholesale_cost between 15 and 15+20)) B1,
     (select avg(ss_list_price) B2_LP
            ,count(ss_list_price) B2_CNT
            ,count(distinct ss_list_price) B2_CNTD
      from store_sales
      where ss_quantity between 6 and 10
        and (ss_list_price between 186 and 186+10
          or ss_coupon_amt between 14994 and 14994+1000
          or ss_wholesale_cost between 58 and 58+20)) B2,
     (select avg(ss_list_price) B3_LP
            ,count(ss_list_price) B3_CNT
            ,count(distinct ss_list_price) B3_CNTD
      from store_sales
      where ss_quantity between 11 and 15
        and (ss_list_price between 187 and 187+10
          or ss_coupon_amt between 10185 and 10185+1000
          or ss_wholesale_cost between 44 and 44+20)) B3,
     (select avg(ss_list_price) B4_LP
            ,count(ss_list_price) B4_CNT
            ,count(distinct ss_list_price) B4_CNTD
      from store_sales
      where ss_quantity between 16 and 20
        and (ss_list_price between 99 and 99+10
          or ss_coupon_amt between 1197 and 1197+1000
          or ss_wholesale_cost between 70 and 70+20)) B4,
     (select avg(ss_list_price) B5_LP
            ,count(ss_list_price) B5_CNT
            ,count(distinct ss_list_price) B5_CNTD
      from store_sales
      where ss_quantity between 21 and 25
        and (ss_list_price between 132 and 132+10
          or ss_coupon_amt between 17370 and 17370+1000
          or ss_wholesale_cost between 8 and 8+20)) B5,
     (select avg(ss_list_price) B6_LP
            ,count(ss_list_price) B6_CNT
            ,count(distinct ss_list_price) B6_CNTD
      from store_sales
      where ss_quantity between 26 and 30
        and (ss_list_price between 104 and 104+10
          or ss_coupon_amt between 3680 and 3680+1000
          or ss_wholesale_cost between 42 and 42+20)) B6
limit 100;
tpcds.28.sh|2024-04-09 07:24:43|2024-04-09 07:31:39|416
select  *
from (select avg(ss_list_price) B1_LP
            ,count(ss_list_price) B1_CNT
            ,count(distinct ss_list_price) B1_CNTD
      from store_sales
      where ss_quantity between 0 and 5
        and (ss_list_price between 38 and 38+10
             or ss_coupon_amt between 13065 and 13065+1000
             or ss_wholesale_cost between 15 and 15+20)) B1,
     (select avg(ss_list_price) B2_LP
            ,count(ss_list_price) B2_CNT
            ,count(distinct ss_list_price) B2_CNTD
      from store_sales
      where ss_quantity between 6 and 10
        and (ss_list_price between 186 and 186+10
          or ss_coupon_amt between 14994 and 14994+1000
          or ss_wholesale_cost between 58 and 58+20)) B2,
     (select avg(ss_list_price) B3_LP
            ,count(ss_list_price) B3_CNT
            ,count(distinct ss_list_price) B3_CNTD
      from store_sales
      where ss_quantity between 11 and 15
        and (ss_list_price between 187 and 187+10
          or ss_coupon_amt between 10185 and 10185+1000
          or ss_wholesale_cost between 44 and 44+20)) B3,
     (select avg(ss_list_price) B4_LP
            ,count(ss_list_price) B4_CNT
            ,count(distinct ss_list_price) B4_CNTD
      from store_sales
      where ss_quantity between 16 and 20
        and (ss_list_price between 99 and 99+10
          or ss_coupon_amt between 1197 and 1197+1000
          or ss_wholesale_cost between 70 and 70+20)) B4,
     (select avg(ss_list_price) B5_LP
            ,count(ss_list_price) B5_CNT
            ,count(distinct ss_list_price) B5_CNTD
      from store_sales
      where ss_quantity between 21 and 25
        and (ss_list_price between 132 and 132+10
          or ss_coupon_amt between 17370 and 17370+1000
          or ss_wholesale_cost between 8 and 8+20)) B5,
     (select avg(ss_list_price) B6_LP
            ,count(ss_list_price) B6_CNT
            ,count(distinct ss_list_price) B6_CNTD
      from store_sales
      where ss_quantity between 26 and 30
        and (ss_list_price between 104 and 104+10
          or ss_coupon_amt between 3680 and 3680+1000
          or ss_wholesale_cost between 42 and 42+20)) B6
limit 100;
tpcds.28.sh|2024-04-09 07:31:40|2024-04-09 07:37:51|371
select  *
from (select avg(ss_list_price) B1_LP
            ,count(ss_list_price) B1_CNT
            ,count(distinct ss_list_price) B1_CNTD
      from store_sales
      where ss_quantity between 0 and 5
        and (ss_list_price between 38 and 38+10
             or ss_coupon_amt between 13065 and 13065+1000
             or ss_wholesale_cost between 15 and 15+20)) B1,
     (select avg(ss_list_price) B2_LP
            ,count(ss_list_price) B2_CNT
            ,count(distinct ss_list_price) B2_CNTD
      from store_sales
      where ss_quantity between 6 and 10
        and (ss_list_price between 186 and 186+10
          or ss_coupon_amt between 14994 and 14994+1000
          or ss_wholesale_cost between 58 and 58+20)) B2,
     (select avg(ss_list_price) B3_LP
            ,count(ss_list_price) B3_CNT
            ,count(distinct ss_list_price) B3_CNTD
      from store_sales
      where ss_quantity between 11 and 15
        and (ss_list_price between 187 and 187+10
          or ss_coupon_amt between 10185 and 10185+1000
          or ss_wholesale_cost between 44 and 44+20)) B3,
     (select avg(ss_list_price) B4_LP
            ,count(ss_list_price) B4_CNT
            ,count(distinct ss_list_price) B4_CNTD
      from store_sales
      where ss_quantity between 16 and 20
        and (ss_list_price between 99 and 99+10
          or ss_coupon_amt between 1197 and 1197+1000
          or ss_wholesale_cost between 70 and 70+20)) B4,
     (select avg(ss_list_price) B5_LP
            ,count(ss_list_price) B5_CNT
            ,count(distinct ss_list_price) B5_CNTD
      from store_sales
      where ss_quantity between 21 and 25
        and (ss_list_price between 132 and 132+10
          or ss_coupon_amt between 17370 and 17370+1000
          or ss_wholesale_cost between 8 and 8+20)) B5,
     (select avg(ss_list_price) B6_LP
            ,count(ss_list_price) B6_CNT
            ,count(distinct ss_list_price) B6_CNTD
      from store_sales
      where ss_quantity between 26 and 30
        and (ss_list_price between 104 and 104+10
          or ss_coupon_amt between 3680 and 3680+1000
          or ss_wholesale_cost between 42 and 42+20)) B6
limit 100;
tpcds.28.sh|2024-04-09 07:37:52|2024-04-09 07:44:30|398
select  *
from (select avg(ss_list_price) B1_LP
            ,count(ss_list_price) B1_CNT
            ,count(distinct ss_list_price) B1_CNTD
      from store_sales
      where ss_quantity between 0 and 5
        and (ss_list_price between 38 and 38+10
             or ss_coupon_amt between 13065 and 13065+1000
             or ss_wholesale_cost between 15 and 15+20)) B1,
     (select avg(ss_list_price) B2_LP
            ,count(ss_list_price) B2_CNT
            ,count(distinct ss_list_price) B2_CNTD
      from store_sales
      where ss_quantity between 6 and 10
        and (ss_list_price between 186 and 186+10
          or ss_coupon_amt between 14994 and 14994+1000
          or ss_wholesale_cost between 58 and 58+20)) B2,
     (select avg(ss_list_price) B3_LP
            ,count(ss_list_price) B3_CNT
            ,count(distinct ss_list_price) B3_CNTD
      from store_sales
      where ss_quantity between 11 and 15
        and (ss_list_price between 187 and 187+10
          or ss_coupon_amt between 10185 and 10185+1000
          or ss_wholesale_cost between 44 and 44+20)) B3,
     (select avg(ss_list_price) B4_LP
            ,count(ss_list_price) B4_CNT
            ,count(distinct ss_list_price) B4_CNTD
      from store_sales
      where ss_quantity between 16 and 20
        and (ss_list_price between 99 and 99+10
          or ss_coupon_amt between 1197 and 1197+1000
          or ss_wholesale_cost between 70 and 70+20)) B4,
     (select avg(ss_list_price) B5_LP
            ,count(ss_list_price) B5_CNT
            ,count(distinct ss_list_price) B5_CNTD
      from store_sales
      where ss_quantity between 21 and 25
        and (ss_list_price between 132 and 132+10
          or ss_coupon_amt between 17370 and 17370+1000
          or ss_wholesale_cost between 8 and 8+20)) B5,
     (select avg(ss_list_price) B6_LP
            ,count(ss_list_price) B6_CNT
            ,count(distinct ss_list_price) B6_CNTD
      from store_sales
      where ss_quantity between 26 and 30
        and (ss_list_price between 104 and 104+10
          or ss_coupon_amt between 3680 and 3680+1000
          or ss_wholesale_cost between 42 and 42+20)) B6
limit 100;
tpcds.28.sh|2024-04-09 07:44:31|2024-04-09 07:50:36|365
select  *
from (select avg(ss_list_price) B1_LP
            ,count(ss_list_price) B1_CNT
            ,count(distinct ss_list_price) B1_CNTD
      from store_sales
      where ss_quantity between 0 and 5
        and (ss_list_price between 38 and 38+10
             or ss_coupon_amt between 13065 and 13065+1000
             or ss_wholesale_cost between 15 and 15+20)) B1,
     (select avg(ss_list_price) B2_LP
            ,count(ss_list_price) B2_CNT
            ,count(distinct ss_list_price) B2_CNTD
      from store_sales
      where ss_quantity between 6 and 10
        and (ss_list_price between 186 and 186+10
          or ss_coupon_amt between 14994 and 14994+1000
          or ss_wholesale_cost between 58 and 58+20)) B2,
     (select avg(ss_list_price) B3_LP
            ,count(ss_list_price) B3_CNT
            ,count(distinct ss_list_price) B3_CNTD
      from store_sales
      where ss_quantity between 11 and 15
        and (ss_list_price between 187 and 187+10
          or ss_coupon_amt between 10185 and 10185+1000
          or ss_wholesale_cost between 44 and 44+20)) B3,
     (select avg(ss_list_price) B4_LP
            ,count(ss_list_price) B4_CNT
            ,count(distinct ss_list_price) B4_CNTD
      from store_sales
      where ss_quantity between 16 and 20
        and (ss_list_price between 99 and 99+10
          or ss_coupon_amt between 1197 and 1197+1000
          or ss_wholesale_cost between 70 and 70+20)) B4,
     (select avg(ss_list_price) B5_LP
            ,count(ss_list_price) B5_CNT
            ,count(distinct ss_list_price) B5_CNTD
      from store_sales
      where ss_quantity between 21 and 25
        and (ss_list_price between 132 and 132+10
          or ss_coupon_amt between 17370 and 17370+1000
          or ss_wholesale_cost between 8 and 8+20)) B5,
     (select avg(ss_list_price) B6_LP
            ,count(ss_list_price) B6_CNT
            ,count(distinct ss_list_price) B6_CNTD
      from store_sales
      where ss_quantity between 26 and 30
        and (ss_list_price between 104 and 104+10
          or ss_coupon_amt between 3680 and 3680+1000
          or ss_wholesale_cost between 42 and 42+20)) B6
limit 100;
ERROR:  canceling statement due to user request
tpcds.28.sh|2024-04-09 07:50:37|2024-04-09 07:54:10|213
