select  i_brand_id brand_id, i_brand brand, i_manufact_id, i_manufact,
 	sum(ss_ext_sales_price) ext_price
 from date_dim, store_sales, item,customer,customer_address,store
 where d_date_sk = ss_sold_date_sk
   and ss_item_sk = i_item_sk
   and i_manager_id=32
   and d_moy=11
   and d_year=2001
   and ss_customer_sk = c_customer_sk
   and c_current_addr_sk = ca_address_sk
   and substr(ca_zip,1,5) <> substr(s_zip,1,5)
   and ss_store_sk = s_store_sk
 group by i_brand
      ,i_brand_id
      ,i_manufact_id
      ,i_manufact
 order by ext_price desc
         ,i_brand
         ,i_brand_id
         ,i_manufact_id
         ,i_manufact
limit 100 ;
tpcds.19.sh|2024-03-19 21:18:04|2024-03-19 21:18:48|44
select  i_brand_id brand_id, i_brand brand, i_manufact_id, i_manufact,
 	sum(ss_ext_sales_price) ext_price
 from date_dim, store_sales, item,customer,customer_address,store
 where d_date_sk = ss_sold_date_sk
   and ss_item_sk = i_item_sk
   and i_manager_id=32
   and d_moy=11
   and d_year=2001
   and ss_customer_sk = c_customer_sk
   and c_current_addr_sk = ca_address_sk
   and substr(ca_zip,1,5) <> substr(s_zip,1,5)
   and ss_store_sk = s_store_sk
 group by i_brand
      ,i_brand_id
      ,i_manufact_id
      ,i_manufact
 order by ext_price desc
         ,i_brand
         ,i_brand_id
         ,i_manufact_id
         ,i_manufact
limit 100 ;
tpcds.19.sh|2024-03-19 21:18:49|2024-03-19 21:20:50|121
select  i_brand_id brand_id, i_brand brand, i_manufact_id, i_manufact,
 	sum(ss_ext_sales_price) ext_price
 from date_dim, store_sales, item,customer,customer_address,store
 where d_date_sk = ss_sold_date_sk
   and ss_item_sk = i_item_sk
   and i_manager_id=32
   and d_moy=11
   and d_year=2001
   and ss_customer_sk = c_customer_sk
   and c_current_addr_sk = ca_address_sk
   and substr(ca_zip,1,5) <> substr(s_zip,1,5)
   and ss_store_sk = s_store_sk
 group by i_brand
      ,i_brand_id
      ,i_manufact_id
      ,i_manufact
 order by ext_price desc
         ,i_brand
         ,i_brand_id
         ,i_manufact_id
         ,i_manufact
limit 100 ;
tpcds.19.sh|2024-03-19 21:20:51|2024-03-19 21:22:25|94
select  i_brand_id brand_id, i_brand brand, i_manufact_id, i_manufact,
 	sum(ss_ext_sales_price) ext_price
 from date_dim, store_sales, item,customer,customer_address,store
 where d_date_sk = ss_sold_date_sk
   and ss_item_sk = i_item_sk
   and i_manager_id=32
   and d_moy=11
   and d_year=2001
   and ss_customer_sk = c_customer_sk
   and c_current_addr_sk = ca_address_sk
   and substr(ca_zip,1,5) <> substr(s_zip,1,5)
   and ss_store_sk = s_store_sk
 group by i_brand
      ,i_brand_id
      ,i_manufact_id
      ,i_manufact
 order by ext_price desc
         ,i_brand
         ,i_brand_id
         ,i_manufact_id
         ,i_manufact
limit 100 ;
tpcds.19.sh|2024-03-19 21:22:26|2024-03-19 21:23:29|63
select  i_brand_id brand_id, i_brand brand, i_manufact_id, i_manufact,
 	sum(ss_ext_sales_price) ext_price
 from date_dim, store_sales, item,customer,customer_address,store
 where d_date_sk = ss_sold_date_sk
   and ss_item_sk = i_item_sk
   and i_manager_id=32
   and d_moy=11
   and d_year=2001
   and ss_customer_sk = c_customer_sk
   and c_current_addr_sk = ca_address_sk
   and substr(ca_zip,1,5) <> substr(s_zip,1,5)
   and ss_store_sk = s_store_sk
 group by i_brand
      ,i_brand_id
      ,i_manufact_id
      ,i_manufact
 order by ext_price desc
         ,i_brand
         ,i_brand_id
         ,i_manufact_id
         ,i_manufact
limit 100 ;
tpcds.19.sh|2024-03-19 21:23:30|2024-03-19 21:24:49|79
select  i_brand_id brand_id, i_brand brand, i_manufact_id, i_manufact,
 	sum(ss_ext_sales_price) ext_price
 from date_dim, store_sales, item,customer,customer_address,store
 where d_date_sk = ss_sold_date_sk
   and ss_item_sk = i_item_sk
   and i_manager_id=32
   and d_moy=11
   and d_year=2001
   and ss_customer_sk = c_customer_sk
   and c_current_addr_sk = ca_address_sk
   and substr(ca_zip,1,5) <> substr(s_zip,1,5)
   and ss_store_sk = s_store_sk
 group by i_brand
      ,i_brand_id
      ,i_manufact_id
      ,i_manufact
 order by ext_price desc
         ,i_brand
         ,i_brand_id
         ,i_manufact_id
         ,i_manufact
limit 100 ;
tpcds.19.sh|2024-03-19 21:24:50|2024-03-19 21:26:05|75
select  i_brand_id brand_id, i_brand brand, i_manufact_id, i_manufact,
 	sum(ss_ext_sales_price) ext_price
 from date_dim, store_sales, item,customer,customer_address,store
 where d_date_sk = ss_sold_date_sk
   and ss_item_sk = i_item_sk
   and i_manager_id=32
   and d_moy=11
   and d_year=2001
   and ss_customer_sk = c_customer_sk
   and c_current_addr_sk = ca_address_sk
   and substr(ca_zip,1,5) <> substr(s_zip,1,5)
   and ss_store_sk = s_store_sk
 group by i_brand
      ,i_brand_id
      ,i_manufact_id
      ,i_manufact
 order by ext_price desc
         ,i_brand
         ,i_brand_id
         ,i_manufact_id
         ,i_manufact
limit 100 ;
tpcds.19.sh|2024-03-19 21:26:06|2024-03-19 21:27:18|72
select  i_brand_id brand_id, i_brand brand, i_manufact_id, i_manufact,
 	sum(ss_ext_sales_price) ext_price
 from date_dim, store_sales, item,customer,customer_address,store
 where d_date_sk = ss_sold_date_sk
   and ss_item_sk = i_item_sk
   and i_manager_id=32
   and d_moy=11
   and d_year=2001
   and ss_customer_sk = c_customer_sk
   and c_current_addr_sk = ca_address_sk
   and substr(ca_zip,1,5) <> substr(s_zip,1,5)
   and ss_store_sk = s_store_sk
 group by i_brand
      ,i_brand_id
      ,i_manufact_id
      ,i_manufact
 order by ext_price desc
         ,i_brand
         ,i_brand_id
         ,i_manufact_id
         ,i_manufact
limit 100 ;
tpcds.19.sh|2024-03-19 21:27:19|2024-03-19 21:29:16|117
select  i_brand_id brand_id, i_brand brand, i_manufact_id, i_manufact,
 	sum(ss_ext_sales_price) ext_price
 from date_dim, store_sales, item,customer,customer_address,store
 where d_date_sk = ss_sold_date_sk
   and ss_item_sk = i_item_sk
   and i_manager_id=32
   and d_moy=11
   and d_year=2001
   and ss_customer_sk = c_customer_sk
   and c_current_addr_sk = ca_address_sk
   and substr(ca_zip,1,5) <> substr(s_zip,1,5)
   and ss_store_sk = s_store_sk
 group by i_brand
      ,i_brand_id
      ,i_manufact_id
      ,i_manufact
 order by ext_price desc
         ,i_brand
         ,i_brand_id
         ,i_manufact_id
         ,i_manufact
limit 100 ;
tpcds.19.sh|2024-03-19 21:29:17|2024-03-19 21:30:32|75
select  i_brand_id brand_id, i_brand brand, i_manufact_id, i_manufact,
 	sum(ss_ext_sales_price) ext_price
 from date_dim, store_sales, item,customer,customer_address,store
 where d_date_sk = ss_sold_date_sk
   and ss_item_sk = i_item_sk
   and i_manager_id=32
   and d_moy=11
   and d_year=2001
   and ss_customer_sk = c_customer_sk
   and c_current_addr_sk = ca_address_sk
   and substr(ca_zip,1,5) <> substr(s_zip,1,5)
   and ss_store_sk = s_store_sk
 group by i_brand
      ,i_brand_id
      ,i_manufact_id
      ,i_manufact
 order by ext_price desc
         ,i_brand
         ,i_brand_id
         ,i_manufact_id
         ,i_manufact
limit 100 ;
tpcds.19.sh|2024-03-19 21:30:33|2024-03-19 21:31:52|79
select  i_brand_id brand_id, i_brand brand, i_manufact_id, i_manufact,
 	sum(ss_ext_sales_price) ext_price
 from date_dim, store_sales, item,customer,customer_address,store
 where d_date_sk = ss_sold_date_sk
   and ss_item_sk = i_item_sk
   and i_manager_id=32
   and d_moy=11
   and d_year=2001
   and ss_customer_sk = c_customer_sk
   and c_current_addr_sk = ca_address_sk
   and substr(ca_zip,1,5) <> substr(s_zip,1,5)
   and ss_store_sk = s_store_sk
 group by i_brand
      ,i_brand_id
      ,i_manufact_id
      ,i_manufact
 order by ext_price desc
         ,i_brand
         ,i_brand_id
         ,i_manufact_id
         ,i_manufact
limit 100 ;
tpcds.19.sh|2024-03-19 21:31:53|2024-03-19 21:34:23|150
select  i_brand_id brand_id, i_brand brand, i_manufact_id, i_manufact,
 	sum(ss_ext_sales_price) ext_price
 from date_dim, store_sales, item,customer,customer_address,store
 where d_date_sk = ss_sold_date_sk
   and ss_item_sk = i_item_sk
   and i_manager_id=32
   and d_moy=11
   and d_year=2001
   and ss_customer_sk = c_customer_sk
   and c_current_addr_sk = ca_address_sk
   and substr(ca_zip,1,5) <> substr(s_zip,1,5)
   and ss_store_sk = s_store_sk
 group by i_brand
      ,i_brand_id
      ,i_manufact_id
      ,i_manufact
 order by ext_price desc
         ,i_brand
         ,i_brand_id
         ,i_manufact_id
         ,i_manufact
limit 100 ;
tpcds.19.sh|2024-03-19 21:34:24|2024-03-19 21:35:50|86
select  i_brand_id brand_id, i_brand brand, i_manufact_id, i_manufact,
 	sum(ss_ext_sales_price) ext_price
 from date_dim, store_sales, item,customer,customer_address,store
 where d_date_sk = ss_sold_date_sk
   and ss_item_sk = i_item_sk
   and i_manager_id=32
   and d_moy=11
   and d_year=2001
   and ss_customer_sk = c_customer_sk
   and c_current_addr_sk = ca_address_sk
   and substr(ca_zip,1,5) <> substr(s_zip,1,5)
   and ss_store_sk = s_store_sk
 group by i_brand
      ,i_brand_id
      ,i_manufact_id
      ,i_manufact
 order by ext_price desc
         ,i_brand
         ,i_brand_id
         ,i_manufact_id
         ,i_manufact
limit 100 ;
tpcds.19.sh|2024-03-19 21:35:51|2024-03-19 21:36:44|53
select  i_brand_id brand_id, i_brand brand, i_manufact_id, i_manufact,
 	sum(ss_ext_sales_price) ext_price
 from date_dim, store_sales, item,customer,customer_address,store
 where d_date_sk = ss_sold_date_sk
   and ss_item_sk = i_item_sk
   and i_manager_id=32
   and d_moy=11
   and d_year=2001
   and ss_customer_sk = c_customer_sk
   and c_current_addr_sk = ca_address_sk
   and substr(ca_zip,1,5) <> substr(s_zip,1,5)
   and ss_store_sk = s_store_sk
 group by i_brand
      ,i_brand_id
      ,i_manufact_id
      ,i_manufact
 order by ext_price desc
         ,i_brand
         ,i_brand_id
         ,i_manufact_id
         ,i_manufact
limit 100 ;
tpcds.19.sh|2024-03-19 21:36:45|2024-03-19 21:38:18|93
select  i_brand_id brand_id, i_brand brand, i_manufact_id, i_manufact,
 	sum(ss_ext_sales_price) ext_price
 from date_dim, store_sales, item,customer,customer_address,store
 where d_date_sk = ss_sold_date_sk
   and ss_item_sk = i_item_sk
   and i_manager_id=32
   and d_moy=11
   and d_year=2001
   and ss_customer_sk = c_customer_sk
   and c_current_addr_sk = ca_address_sk
   and substr(ca_zip,1,5) <> substr(s_zip,1,5)
   and ss_store_sk = s_store_sk
 group by i_brand
      ,i_brand_id
      ,i_manufact_id
      ,i_manufact
 order by ext_price desc
         ,i_brand
         ,i_brand_id
         ,i_manufact_id
         ,i_manufact
limit 100 ;
tpcds.19.sh|2024-03-19 21:38:19|2024-03-19 21:40:15|116
select  i_brand_id brand_id, i_brand brand, i_manufact_id, i_manufact,
 	sum(ss_ext_sales_price) ext_price
 from date_dim, store_sales, item,customer,customer_address,store
 where d_date_sk = ss_sold_date_sk
   and ss_item_sk = i_item_sk
   and i_manager_id=32
   and d_moy=11
   and d_year=2001
   and ss_customer_sk = c_customer_sk
   and c_current_addr_sk = ca_address_sk
   and substr(ca_zip,1,5) <> substr(s_zip,1,5)
   and ss_store_sk = s_store_sk
 group by i_brand
      ,i_brand_id
      ,i_manufact_id
      ,i_manufact
 order by ext_price desc
         ,i_brand
         ,i_brand_id
         ,i_manufact_id
         ,i_manufact
limit 100 ;
tpcds.19.sh|2024-03-19 21:40:16|2024-03-19 21:41:32|76
select  i_brand_id brand_id, i_brand brand, i_manufact_id, i_manufact,
 	sum(ss_ext_sales_price) ext_price
 from date_dim, store_sales, item,customer,customer_address,store
 where d_date_sk = ss_sold_date_sk
   and ss_item_sk = i_item_sk
   and i_manager_id=32
   and d_moy=11
   and d_year=2001
   and ss_customer_sk = c_customer_sk
   and c_current_addr_sk = ca_address_sk
   and substr(ca_zip,1,5) <> substr(s_zip,1,5)
   and ss_store_sk = s_store_sk
 group by i_brand
      ,i_brand_id
      ,i_manufact_id
      ,i_manufact
 order by ext_price desc
         ,i_brand
         ,i_brand_id
         ,i_manufact_id
         ,i_manufact
limit 100 ;
tpcds.19.sh|2024-03-19 21:41:33|2024-03-19 21:42:55|82
select  i_brand_id brand_id, i_brand brand, i_manufact_id, i_manufact,
 	sum(ss_ext_sales_price) ext_price
 from date_dim, store_sales, item,customer,customer_address,store
 where d_date_sk = ss_sold_date_sk
   and ss_item_sk = i_item_sk
   and i_manager_id=32
   and d_moy=11
   and d_year=2001
   and ss_customer_sk = c_customer_sk
   and c_current_addr_sk = ca_address_sk
   and substr(ca_zip,1,5) <> substr(s_zip,1,5)
   and ss_store_sk = s_store_sk
 group by i_brand
      ,i_brand_id
      ,i_manufact_id
      ,i_manufact
 order by ext_price desc
         ,i_brand
         ,i_brand_id
         ,i_manufact_id
         ,i_manufact
limit 100 ;
tpcds.19.sh|2024-03-19 21:42:56|2024-03-19 21:44:55|119
select  i_brand_id brand_id, i_brand brand, i_manufact_id, i_manufact,
 	sum(ss_ext_sales_price) ext_price
 from date_dim, store_sales, item,customer,customer_address,store
 where d_date_sk = ss_sold_date_sk
   and ss_item_sk = i_item_sk
   and i_manager_id=32
   and d_moy=11
   and d_year=2001
   and ss_customer_sk = c_customer_sk
   and c_current_addr_sk = ca_address_sk
   and substr(ca_zip,1,5) <> substr(s_zip,1,5)
   and ss_store_sk = s_store_sk
 group by i_brand
      ,i_brand_id
      ,i_manufact_id
      ,i_manufact
 order by ext_price desc
         ,i_brand
         ,i_brand_id
         ,i_manufact_id
         ,i_manufact
limit 100 ;
tpcds.19.sh|2024-03-19 21:44:56|2024-03-19 21:46:45|109
select  i_brand_id brand_id, i_brand brand, i_manufact_id, i_manufact,
 	sum(ss_ext_sales_price) ext_price
 from date_dim, store_sales, item,customer,customer_address,store
 where d_date_sk = ss_sold_date_sk
   and ss_item_sk = i_item_sk
   and i_manager_id=32
   and d_moy=11
   and d_year=2001
   and ss_customer_sk = c_customer_sk
   and c_current_addr_sk = ca_address_sk
   and substr(ca_zip,1,5) <> substr(s_zip,1,5)
   and ss_store_sk = s_store_sk
 group by i_brand
      ,i_brand_id
      ,i_manufact_id
      ,i_manufact
 order by ext_price desc
         ,i_brand
         ,i_brand_id
         ,i_manufact_id
         ,i_manufact
limit 100 ;
tpcds.19.sh|2024-03-19 21:46:46|2024-03-19 21:47:53|67
select  i_brand_id brand_id, i_brand brand, i_manufact_id, i_manufact,
 	sum(ss_ext_sales_price) ext_price
 from date_dim, store_sales, item,customer,customer_address,store
 where d_date_sk = ss_sold_date_sk
   and ss_item_sk = i_item_sk
   and i_manager_id=32
   and d_moy=11
   and d_year=2001
   and ss_customer_sk = c_customer_sk
   and c_current_addr_sk = ca_address_sk
   and substr(ca_zip,1,5) <> substr(s_zip,1,5)
   and ss_store_sk = s_store_sk
 group by i_brand
      ,i_brand_id
      ,i_manufact_id
      ,i_manufact
 order by ext_price desc
         ,i_brand
         ,i_brand_id
         ,i_manufact_id
         ,i_manufact
limit 100 ;
tpcds.19.sh|2024-03-19 21:47:54|2024-03-19 21:49:43|109
select  i_brand_id brand_id, i_brand brand, i_manufact_id, i_manufact,
 	sum(ss_ext_sales_price) ext_price
 from date_dim, store_sales, item,customer,customer_address,store
 where d_date_sk = ss_sold_date_sk
   and ss_item_sk = i_item_sk
   and i_manager_id=32
   and d_moy=11
   and d_year=2001
   and ss_customer_sk = c_customer_sk
   and c_current_addr_sk = ca_address_sk
   and substr(ca_zip,1,5) <> substr(s_zip,1,5)
   and ss_store_sk = s_store_sk
 group by i_brand
      ,i_brand_id
      ,i_manufact_id
      ,i_manufact
 order by ext_price desc
         ,i_brand
         ,i_brand_id
         ,i_manufact_id
         ,i_manufact
limit 100 ;
tpcds.19.sh|2024-03-19 21:49:44|2024-03-19 21:50:29|45
select  i_brand_id brand_id, i_brand brand, i_manufact_id, i_manufact,
 	sum(ss_ext_sales_price) ext_price
 from date_dim, store_sales, item,customer,customer_address,store
 where d_date_sk = ss_sold_date_sk
   and ss_item_sk = i_item_sk
   and i_manager_id=32
   and d_moy=11
   and d_year=2001
   and ss_customer_sk = c_customer_sk
   and c_current_addr_sk = ca_address_sk
   and substr(ca_zip,1,5) <> substr(s_zip,1,5)
   and ss_store_sk = s_store_sk
 group by i_brand
      ,i_brand_id
      ,i_manufact_id
      ,i_manufact
 order by ext_price desc
         ,i_brand
         ,i_brand_id
         ,i_manufact_id
         ,i_manufact
limit 100 ;
tpcds.19.sh|2024-03-19 21:50:30|2024-03-19 21:51:19|49
select  i_brand_id brand_id, i_brand brand, i_manufact_id, i_manufact,
 	sum(ss_ext_sales_price) ext_price
 from date_dim, store_sales, item,customer,customer_address,store
 where d_date_sk = ss_sold_date_sk
   and ss_item_sk = i_item_sk
   and i_manager_id=32
   and d_moy=11
   and d_year=2001
   and ss_customer_sk = c_customer_sk
   and c_current_addr_sk = ca_address_sk
   and substr(ca_zip,1,5) <> substr(s_zip,1,5)
   and ss_store_sk = s_store_sk
 group by i_brand
      ,i_brand_id
      ,i_manufact_id
      ,i_manufact
 order by ext_price desc
         ,i_brand
         ,i_brand_id
         ,i_manufact_id
         ,i_manufact
limit 100 ;
tpcds.19.sh|2024-03-19 21:51:20|2024-03-19 21:53:05|105
select  i_brand_id brand_id, i_brand brand, i_manufact_id, i_manufact,
 	sum(ss_ext_sales_price) ext_price
 from date_dim, store_sales, item,customer,customer_address,store
 where d_date_sk = ss_sold_date_sk
   and ss_item_sk = i_item_sk
   and i_manager_id=32
   and d_moy=11
   and d_year=2001
   and ss_customer_sk = c_customer_sk
   and c_current_addr_sk = ca_address_sk
   and substr(ca_zip,1,5) <> substr(s_zip,1,5)
   and ss_store_sk = s_store_sk
 group by i_brand
      ,i_brand_id
      ,i_manufact_id
      ,i_manufact
 order by ext_price desc
         ,i_brand
         ,i_brand_id
         ,i_manufact_id
         ,i_manufact
limit 100 ;
tpcds.19.sh|2024-03-19 21:53:06|2024-03-19 21:54:04|58
select  i_brand_id brand_id, i_brand brand, i_manufact_id, i_manufact,
 	sum(ss_ext_sales_price) ext_price
 from date_dim, store_sales, item,customer,customer_address,store
 where d_date_sk = ss_sold_date_sk
   and ss_item_sk = i_item_sk
   and i_manager_id=32
   and d_moy=11
   and d_year=2001
   and ss_customer_sk = c_customer_sk
   and c_current_addr_sk = ca_address_sk
   and substr(ca_zip,1,5) <> substr(s_zip,1,5)
   and ss_store_sk = s_store_sk
 group by i_brand
      ,i_brand_id
      ,i_manufact_id
      ,i_manufact
 order by ext_price desc
         ,i_brand
         ,i_brand_id
         ,i_manufact_id
         ,i_manufact
limit 100 ;
tpcds.19.sh|2024-03-19 21:54:05|2024-03-19 21:55:31|86
select  i_brand_id brand_id, i_brand brand, i_manufact_id, i_manufact,
 	sum(ss_ext_sales_price) ext_price
 from date_dim, store_sales, item,customer,customer_address,store
 where d_date_sk = ss_sold_date_sk
   and ss_item_sk = i_item_sk
   and i_manager_id=32
   and d_moy=11
   and d_year=2001
   and ss_customer_sk = c_customer_sk
   and c_current_addr_sk = ca_address_sk
   and substr(ca_zip,1,5) <> substr(s_zip,1,5)
   and ss_store_sk = s_store_sk
 group by i_brand
      ,i_brand_id
      ,i_manufact_id
      ,i_manufact
 order by ext_price desc
         ,i_brand
         ,i_brand_id
         ,i_manufact_id
         ,i_manufact
limit 100 ;
tpcds.19.sh|2024-03-19 21:55:32|2024-03-19 21:58:42|190
select  i_brand_id brand_id, i_brand brand, i_manufact_id, i_manufact,
 	sum(ss_ext_sales_price) ext_price
 from date_dim, store_sales, item,customer,customer_address,store
 where d_date_sk = ss_sold_date_sk
   and ss_item_sk = i_item_sk
   and i_manager_id=32
   and d_moy=11
   and d_year=2001
   and ss_customer_sk = c_customer_sk
   and c_current_addr_sk = ca_address_sk
   and substr(ca_zip,1,5) <> substr(s_zip,1,5)
   and ss_store_sk = s_store_sk
 group by i_brand
      ,i_brand_id
      ,i_manufact_id
      ,i_manufact
 order by ext_price desc
         ,i_brand
         ,i_brand_id
         ,i_manufact_id
         ,i_manufact
limit 100 ;
tpcds.19.sh|2024-03-19 21:58:43|2024-03-19 22:00:49|126
select  i_brand_id brand_id, i_brand brand, i_manufact_id, i_manufact,
 	sum(ss_ext_sales_price) ext_price
 from date_dim, store_sales, item,customer,customer_address,store
 where d_date_sk = ss_sold_date_sk
   and ss_item_sk = i_item_sk
   and i_manager_id=32
   and d_moy=11
   and d_year=2001
   and ss_customer_sk = c_customer_sk
   and c_current_addr_sk = ca_address_sk
   and substr(ca_zip,1,5) <> substr(s_zip,1,5)
   and ss_store_sk = s_store_sk
 group by i_brand
      ,i_brand_id
      ,i_manufact_id
      ,i_manufact
 order by ext_price desc
         ,i_brand
         ,i_brand_id
         ,i_manufact_id
         ,i_manufact
limit 100 ;
tpcds.19.sh|2024-03-19 22:00:50|2024-03-19 22:01:57|67
select  i_brand_id brand_id, i_brand brand, i_manufact_id, i_manufact,
 	sum(ss_ext_sales_price) ext_price
 from date_dim, store_sales, item,customer,customer_address,store
 where d_date_sk = ss_sold_date_sk
   and ss_item_sk = i_item_sk
   and i_manager_id=32
   and d_moy=11
   and d_year=2001
   and ss_customer_sk = c_customer_sk
   and c_current_addr_sk = ca_address_sk
   and substr(ca_zip,1,5) <> substr(s_zip,1,5)
   and ss_store_sk = s_store_sk
 group by i_brand
      ,i_brand_id
      ,i_manufact_id
      ,i_manufact
 order by ext_price desc
         ,i_brand
         ,i_brand_id
         ,i_manufact_id
         ,i_manufact
limit 100 ;
tpcds.19.sh|2024-03-19 22:01:58|2024-03-19 22:04:16|138
select  i_brand_id brand_id, i_brand brand, i_manufact_id, i_manufact,
 	sum(ss_ext_sales_price) ext_price
 from date_dim, store_sales, item,customer,customer_address,store
 where d_date_sk = ss_sold_date_sk
   and ss_item_sk = i_item_sk
   and i_manager_id=32
   and d_moy=11
   and d_year=2001
   and ss_customer_sk = c_customer_sk
   and c_current_addr_sk = ca_address_sk
   and substr(ca_zip,1,5) <> substr(s_zip,1,5)
   and ss_store_sk = s_store_sk
 group by i_brand
      ,i_brand_id
      ,i_manufact_id
      ,i_manufact
 order by ext_price desc
         ,i_brand
         ,i_brand_id
         ,i_manufact_id
         ,i_manufact
limit 100 ;
tpcds.19.sh|2024-03-19 22:04:17|2024-03-19 22:06:09|112
select  i_brand_id brand_id, i_brand brand, i_manufact_id, i_manufact,
 	sum(ss_ext_sales_price) ext_price
 from date_dim, store_sales, item,customer,customer_address,store
 where d_date_sk = ss_sold_date_sk
   and ss_item_sk = i_item_sk
   and i_manager_id=32
   and d_moy=11
   and d_year=2001
   and ss_customer_sk = c_customer_sk
   and c_current_addr_sk = ca_address_sk
   and substr(ca_zip,1,5) <> substr(s_zip,1,5)
   and ss_store_sk = s_store_sk
 group by i_brand
      ,i_brand_id
      ,i_manufact_id
      ,i_manufact
 order by ext_price desc
         ,i_brand
         ,i_brand_id
         ,i_manufact_id
         ,i_manufact
limit 100 ;
tpcds.19.sh|2024-03-19 22:06:10|2024-03-19 22:07:12|62
select  i_brand_id brand_id, i_brand brand, i_manufact_id, i_manufact,
 	sum(ss_ext_sales_price) ext_price
 from date_dim, store_sales, item,customer,customer_address,store
 where d_date_sk = ss_sold_date_sk
   and ss_item_sk = i_item_sk
   and i_manager_id=32
   and d_moy=11
   and d_year=2001
   and ss_customer_sk = c_customer_sk
   and c_current_addr_sk = ca_address_sk
   and substr(ca_zip,1,5) <> substr(s_zip,1,5)
   and ss_store_sk = s_store_sk
 group by i_brand
      ,i_brand_id
      ,i_manufact_id
      ,i_manufact
 order by ext_price desc
         ,i_brand
         ,i_brand_id
         ,i_manufact_id
         ,i_manufact
limit 100 ;
tpcds.19.sh|2024-03-19 22:07:13|2024-03-19 22:08:03|50
select  i_brand_id brand_id, i_brand brand, i_manufact_id, i_manufact,
 	sum(ss_ext_sales_price) ext_price
 from date_dim, store_sales, item,customer,customer_address,store
 where d_date_sk = ss_sold_date_sk
   and ss_item_sk = i_item_sk
   and i_manager_id=32
   and d_moy=11
   and d_year=2001
   and ss_customer_sk = c_customer_sk
   and c_current_addr_sk = ca_address_sk
   and substr(ca_zip,1,5) <> substr(s_zip,1,5)
   and ss_store_sk = s_store_sk
 group by i_brand
      ,i_brand_id
      ,i_manufact_id
      ,i_manufact
 order by ext_price desc
         ,i_brand
         ,i_brand_id
         ,i_manufact_id
         ,i_manufact
limit 100 ;
tpcds.19.sh|2024-03-19 22:08:04|2024-03-19 22:09:14|70
select  i_brand_id brand_id, i_brand brand, i_manufact_id, i_manufact,
 	sum(ss_ext_sales_price) ext_price
 from date_dim, store_sales, item,customer,customer_address,store
 where d_date_sk = ss_sold_date_sk
   and ss_item_sk = i_item_sk
   and i_manager_id=32
   and d_moy=11
   and d_year=2001
   and ss_customer_sk = c_customer_sk
   and c_current_addr_sk = ca_address_sk
   and substr(ca_zip,1,5) <> substr(s_zip,1,5)
   and ss_store_sk = s_store_sk
 group by i_brand
      ,i_brand_id
      ,i_manufact_id
      ,i_manufact
 order by ext_price desc
         ,i_brand
         ,i_brand_id
         ,i_manufact_id
         ,i_manufact
limit 100 ;
tpcds.19.sh|2024-03-19 22:09:15|2024-03-19 22:10:06|51
select  i_brand_id brand_id, i_brand brand, i_manufact_id, i_manufact,
 	sum(ss_ext_sales_price) ext_price
 from date_dim, store_sales, item,customer,customer_address,store
 where d_date_sk = ss_sold_date_sk
   and ss_item_sk = i_item_sk
   and i_manager_id=32
   and d_moy=11
   and d_year=2001
   and ss_customer_sk = c_customer_sk
   and c_current_addr_sk = ca_address_sk
   and substr(ca_zip,1,5) <> substr(s_zip,1,5)
   and ss_store_sk = s_store_sk
 group by i_brand
      ,i_brand_id
      ,i_manufact_id
      ,i_manufact
 order by ext_price desc
         ,i_brand
         ,i_brand_id
         ,i_manufact_id
         ,i_manufact
limit 100 ;
tpcds.19.sh|2024-03-19 22:10:07|2024-03-19 22:10:45|38
select  i_brand_id brand_id, i_brand brand, i_manufact_id, i_manufact,
 	sum(ss_ext_sales_price) ext_price
 from date_dim, store_sales, item,customer,customer_address,store
 where d_date_sk = ss_sold_date_sk
   and ss_item_sk = i_item_sk
   and i_manager_id=32
   and d_moy=11
   and d_year=2001
   and ss_customer_sk = c_customer_sk
   and c_current_addr_sk = ca_address_sk
   and substr(ca_zip,1,5) <> substr(s_zip,1,5)
   and ss_store_sk = s_store_sk
 group by i_brand
      ,i_brand_id
      ,i_manufact_id
      ,i_manufact
 order by ext_price desc
         ,i_brand
         ,i_brand_id
         ,i_manufact_id
         ,i_manufact
limit 100 ;
tpcds.19.sh|2024-03-19 22:10:46|2024-03-19 22:11:52|66
select  i_brand_id brand_id, i_brand brand, i_manufact_id, i_manufact,
 	sum(ss_ext_sales_price) ext_price
 from date_dim, store_sales, item,customer,customer_address,store
 where d_date_sk = ss_sold_date_sk
   and ss_item_sk = i_item_sk
   and i_manager_id=32
   and d_moy=11
   and d_year=2001
   and ss_customer_sk = c_customer_sk
   and c_current_addr_sk = ca_address_sk
   and substr(ca_zip,1,5) <> substr(s_zip,1,5)
   and ss_store_sk = s_store_sk
 group by i_brand
      ,i_brand_id
      ,i_manufact_id
      ,i_manufact
 order by ext_price desc
         ,i_brand
         ,i_brand_id
         ,i_manufact_id
         ,i_manufact
limit 100 ;
tpcds.19.sh|2024-03-19 22:11:53|2024-03-19 22:13:30|97
select  i_brand_id brand_id, i_brand brand, i_manufact_id, i_manufact,
 	sum(ss_ext_sales_price) ext_price
 from date_dim, store_sales, item,customer,customer_address,store
 where d_date_sk = ss_sold_date_sk
   and ss_item_sk = i_item_sk
   and i_manager_id=32
   and d_moy=11
   and d_year=2001
   and ss_customer_sk = c_customer_sk
   and c_current_addr_sk = ca_address_sk
   and substr(ca_zip,1,5) <> substr(s_zip,1,5)
   and ss_store_sk = s_store_sk
 group by i_brand
      ,i_brand_id
      ,i_manufact_id
      ,i_manufact
 order by ext_price desc
         ,i_brand
         ,i_brand_id
         ,i_manufact_id
         ,i_manufact
limit 100 ;
tpcds.19.sh|2024-03-19 22:13:31|2024-03-19 22:15:33|122
select  i_brand_id brand_id, i_brand brand, i_manufact_id, i_manufact,
 	sum(ss_ext_sales_price) ext_price
 from date_dim, store_sales, item,customer,customer_address,store
 where d_date_sk = ss_sold_date_sk
   and ss_item_sk = i_item_sk
   and i_manager_id=32
   and d_moy=11
   and d_year=2001
   and ss_customer_sk = c_customer_sk
   and c_current_addr_sk = ca_address_sk
   and substr(ca_zip,1,5) <> substr(s_zip,1,5)
   and ss_store_sk = s_store_sk
 group by i_brand
      ,i_brand_id
      ,i_manufact_id
      ,i_manufact
 order by ext_price desc
         ,i_brand
         ,i_brand_id
         ,i_manufact_id
         ,i_manufact
limit 100 ;
tpcds.19.sh|2024-03-19 22:15:34|2024-03-19 22:16:31|57
select  i_brand_id brand_id, i_brand brand, i_manufact_id, i_manufact,
 	sum(ss_ext_sales_price) ext_price
 from date_dim, store_sales, item,customer,customer_address,store
 where d_date_sk = ss_sold_date_sk
   and ss_item_sk = i_item_sk
   and i_manager_id=32
   and d_moy=11
   and d_year=2001
   and ss_customer_sk = c_customer_sk
   and c_current_addr_sk = ca_address_sk
   and substr(ca_zip,1,5) <> substr(s_zip,1,5)
   and ss_store_sk = s_store_sk
 group by i_brand
      ,i_brand_id
      ,i_manufact_id
      ,i_manufact
 order by ext_price desc
         ,i_brand
         ,i_brand_id
         ,i_manufact_id
         ,i_manufact
limit 100 ;
tpcds.19.sh|2024-03-19 22:16:32|2024-03-19 22:17:26|54
select  i_brand_id brand_id, i_brand brand, i_manufact_id, i_manufact,
 	sum(ss_ext_sales_price) ext_price
 from date_dim, store_sales, item,customer,customer_address,store
 where d_date_sk = ss_sold_date_sk
   and ss_item_sk = i_item_sk
   and i_manager_id=32
   and d_moy=11
   and d_year=2001
   and ss_customer_sk = c_customer_sk
   and c_current_addr_sk = ca_address_sk
   and substr(ca_zip,1,5) <> substr(s_zip,1,5)
   and ss_store_sk = s_store_sk
 group by i_brand
      ,i_brand_id
      ,i_manufact_id
      ,i_manufact
 order by ext_price desc
         ,i_brand
         ,i_brand_id
         ,i_manufact_id
         ,i_manufact
limit 100 ;
tpcds.19.sh|2024-03-19 22:17:27|2024-03-19 22:19:10|103
select  i_brand_id brand_id, i_brand brand, i_manufact_id, i_manufact,
 	sum(ss_ext_sales_price) ext_price
 from date_dim, store_sales, item,customer,customer_address,store
 where d_date_sk = ss_sold_date_sk
   and ss_item_sk = i_item_sk
   and i_manager_id=32
   and d_moy=11
   and d_year=2001
   and ss_customer_sk = c_customer_sk
   and c_current_addr_sk = ca_address_sk
   and substr(ca_zip,1,5) <> substr(s_zip,1,5)
   and ss_store_sk = s_store_sk
 group by i_brand
      ,i_brand_id
      ,i_manufact_id
      ,i_manufact
 order by ext_price desc
         ,i_brand
         ,i_brand_id
         ,i_manufact_id
         ,i_manufact
limit 100 ;
tpcds.19.sh|2024-03-19 22:19:11|2024-03-19 22:20:15|64
select  i_brand_id brand_id, i_brand brand, i_manufact_id, i_manufact,
 	sum(ss_ext_sales_price) ext_price
 from date_dim, store_sales, item,customer,customer_address,store
 where d_date_sk = ss_sold_date_sk
   and ss_item_sk = i_item_sk
   and i_manager_id=32
   and d_moy=11
   and d_year=2001
   and ss_customer_sk = c_customer_sk
   and c_current_addr_sk = ca_address_sk
   and substr(ca_zip,1,5) <> substr(s_zip,1,5)
   and ss_store_sk = s_store_sk
 group by i_brand
      ,i_brand_id
      ,i_manufact_id
      ,i_manufact
 order by ext_price desc
         ,i_brand
         ,i_brand_id
         ,i_manufact_id
         ,i_manufact
limit 100 ;
tpcds.19.sh|2024-03-19 22:20:16|2024-03-19 22:22:40|144
select  i_brand_id brand_id, i_brand brand, i_manufact_id, i_manufact,
 	sum(ss_ext_sales_price) ext_price
 from date_dim, store_sales, item,customer,customer_address,store
 where d_date_sk = ss_sold_date_sk
   and ss_item_sk = i_item_sk
   and i_manager_id=32
   and d_moy=11
   and d_year=2001
   and ss_customer_sk = c_customer_sk
   and c_current_addr_sk = ca_address_sk
   and substr(ca_zip,1,5) <> substr(s_zip,1,5)
   and ss_store_sk = s_store_sk
 group by i_brand
      ,i_brand_id
      ,i_manufact_id
      ,i_manufact
 order by ext_price desc
         ,i_brand
         ,i_brand_id
         ,i_manufact_id
         ,i_manufact
limit 100 ;
tpcds.19.sh|2024-03-19 22:22:41|2024-03-19 22:24:05|84
select  i_brand_id brand_id, i_brand brand, i_manufact_id, i_manufact,
 	sum(ss_ext_sales_price) ext_price
 from date_dim, store_sales, item,customer,customer_address,store
 where d_date_sk = ss_sold_date_sk
   and ss_item_sk = i_item_sk
   and i_manager_id=32
   and d_moy=11
   and d_year=2001
   and ss_customer_sk = c_customer_sk
   and c_current_addr_sk = ca_address_sk
   and substr(ca_zip,1,5) <> substr(s_zip,1,5)
   and ss_store_sk = s_store_sk
 group by i_brand
      ,i_brand_id
      ,i_manufact_id
      ,i_manufact
 order by ext_price desc
         ,i_brand
         ,i_brand_id
         ,i_manufact_id
         ,i_manufact
limit 100 ;
tpcds.19.sh|2024-03-19 22:24:06|2024-03-19 22:25:27|81
select  i_brand_id brand_id, i_brand brand, i_manufact_id, i_manufact,
 	sum(ss_ext_sales_price) ext_price
 from date_dim, store_sales, item,customer,customer_address,store
 where d_date_sk = ss_sold_date_sk
   and ss_item_sk = i_item_sk
   and i_manager_id=32
   and d_moy=11
   and d_year=2001
   and ss_customer_sk = c_customer_sk
   and c_current_addr_sk = ca_address_sk
   and substr(ca_zip,1,5) <> substr(s_zip,1,5)
   and ss_store_sk = s_store_sk
 group by i_brand
      ,i_brand_id
      ,i_manufact_id
      ,i_manufact
 order by ext_price desc
         ,i_brand
         ,i_brand_id
         ,i_manufact_id
         ,i_manufact
limit 100 ;
tpcds.19.sh|2024-03-19 22:25:28|2024-03-19 22:26:36|68
select  i_brand_id brand_id, i_brand brand, i_manufact_id, i_manufact,
 	sum(ss_ext_sales_price) ext_price
 from date_dim, store_sales, item,customer,customer_address,store
 where d_date_sk = ss_sold_date_sk
   and ss_item_sk = i_item_sk
   and i_manager_id=32
   and d_moy=11
   and d_year=2001
   and ss_customer_sk = c_customer_sk
   and c_current_addr_sk = ca_address_sk
   and substr(ca_zip,1,5) <> substr(s_zip,1,5)
   and ss_store_sk = s_store_sk
 group by i_brand
      ,i_brand_id
      ,i_manufact_id
      ,i_manufact
 order by ext_price desc
         ,i_brand
         ,i_brand_id
         ,i_manufact_id
         ,i_manufact
limit 100 ;
tpcds.19.sh|2024-03-19 22:26:37|2024-03-19 22:30:02|205
select  i_brand_id brand_id, i_brand brand, i_manufact_id, i_manufact,
 	sum(ss_ext_sales_price) ext_price
 from date_dim, store_sales, item,customer,customer_address,store
 where d_date_sk = ss_sold_date_sk
   and ss_item_sk = i_item_sk
   and i_manager_id=32
   and d_moy=11
   and d_year=2001
   and ss_customer_sk = c_customer_sk
   and c_current_addr_sk = ca_address_sk
   and substr(ca_zip,1,5) <> substr(s_zip,1,5)
   and ss_store_sk = s_store_sk
 group by i_brand
      ,i_brand_id
      ,i_manufact_id
      ,i_manufact
 order by ext_price desc
         ,i_brand
         ,i_brand_id
         ,i_manufact_id
         ,i_manufact
limit 100 ;
tpcds.19.sh|2024-03-19 22:30:03|2024-03-19 22:32:06|123
select  i_brand_id brand_id, i_brand brand, i_manufact_id, i_manufact,
 	sum(ss_ext_sales_price) ext_price
 from date_dim, store_sales, item,customer,customer_address,store
 where d_date_sk = ss_sold_date_sk
   and ss_item_sk = i_item_sk
   and i_manager_id=32
   and d_moy=11
   and d_year=2001
   and ss_customer_sk = c_customer_sk
   and c_current_addr_sk = ca_address_sk
   and substr(ca_zip,1,5) <> substr(s_zip,1,5)
   and ss_store_sk = s_store_sk
 group by i_brand
      ,i_brand_id
      ,i_manufact_id
      ,i_manufact
 order by ext_price desc
         ,i_brand
         ,i_brand_id
         ,i_manufact_id
         ,i_manufact
limit 100 ;
tpcds.19.sh|2024-03-19 22:32:07|2024-03-19 22:33:19|72
select  i_brand_id brand_id, i_brand brand, i_manufact_id, i_manufact,
 	sum(ss_ext_sales_price) ext_price
 from date_dim, store_sales, item,customer,customer_address,store
 where d_date_sk = ss_sold_date_sk
   and ss_item_sk = i_item_sk
   and i_manager_id=32
   and d_moy=11
   and d_year=2001
   and ss_customer_sk = c_customer_sk
   and c_current_addr_sk = ca_address_sk
   and substr(ca_zip,1,5) <> substr(s_zip,1,5)
   and ss_store_sk = s_store_sk
 group by i_brand
      ,i_brand_id
      ,i_manufact_id
      ,i_manufact
 order by ext_price desc
         ,i_brand
         ,i_brand_id
         ,i_manufact_id
         ,i_manufact
limit 100 ;
tpcds.19.sh|2024-03-19 22:33:20|2024-03-19 22:33:49|29
select  i_brand_id brand_id, i_brand brand, i_manufact_id, i_manufact,
 	sum(ss_ext_sales_price) ext_price
 from date_dim, store_sales, item,customer,customer_address,store
 where d_date_sk = ss_sold_date_sk
   and ss_item_sk = i_item_sk
   and i_manager_id=32
   and d_moy=11
   and d_year=2001
   and ss_customer_sk = c_customer_sk
   and c_current_addr_sk = ca_address_sk
   and substr(ca_zip,1,5) <> substr(s_zip,1,5)
   and ss_store_sk = s_store_sk
 group by i_brand
      ,i_brand_id
      ,i_manufact_id
      ,i_manufact
 order by ext_price desc
         ,i_brand
         ,i_brand_id
         ,i_manufact_id
         ,i_manufact
limit 100 ;
tpcds.19.sh|2024-03-19 22:33:50|2024-03-19 22:34:29|39
select  i_brand_id brand_id, i_brand brand, i_manufact_id, i_manufact,
 	sum(ss_ext_sales_price) ext_price
 from date_dim, store_sales, item,customer,customer_address,store
 where d_date_sk = ss_sold_date_sk
   and ss_item_sk = i_item_sk
   and i_manager_id=32
   and d_moy=11
   and d_year=2001
   and ss_customer_sk = c_customer_sk
   and c_current_addr_sk = ca_address_sk
   and substr(ca_zip,1,5) <> substr(s_zip,1,5)
   and ss_store_sk = s_store_sk
 group by i_brand
      ,i_brand_id
      ,i_manufact_id
      ,i_manufact
 order by ext_price desc
         ,i_brand
         ,i_brand_id
         ,i_manufact_id
         ,i_manufact
limit 100 ;
tpcds.19.sh|2024-03-19 22:34:30|2024-03-19 22:35:11|41
select  i_brand_id brand_id, i_brand brand, i_manufact_id, i_manufact,
 	sum(ss_ext_sales_price) ext_price
 from date_dim, store_sales, item,customer,customer_address,store
 where d_date_sk = ss_sold_date_sk
   and ss_item_sk = i_item_sk
   and i_manager_id=32
   and d_moy=11
   and d_year=2001
   and ss_customer_sk = c_customer_sk
   and c_current_addr_sk = ca_address_sk
   and substr(ca_zip,1,5) <> substr(s_zip,1,5)
   and ss_store_sk = s_store_sk
 group by i_brand
      ,i_brand_id
      ,i_manufact_id
      ,i_manufact
 order by ext_price desc
         ,i_brand
         ,i_brand_id
         ,i_manufact_id
         ,i_manufact
limit 100 ;
tpcds.19.sh|2024-03-19 22:35:12|2024-03-19 22:36:25|73
select  i_brand_id brand_id, i_brand brand, i_manufact_id, i_manufact,
 	sum(ss_ext_sales_price) ext_price
 from date_dim, store_sales, item,customer,customer_address,store
 where d_date_sk = ss_sold_date_sk
   and ss_item_sk = i_item_sk
   and i_manager_id=32
   and d_moy=11
   and d_year=2001
   and ss_customer_sk = c_customer_sk
   and c_current_addr_sk = ca_address_sk
   and substr(ca_zip,1,5) <> substr(s_zip,1,5)
   and ss_store_sk = s_store_sk
 group by i_brand
      ,i_brand_id
      ,i_manufact_id
      ,i_manufact
 order by ext_price desc
         ,i_brand
         ,i_brand_id
         ,i_manufact_id
         ,i_manufact
limit 100 ;
tpcds.19.sh|2024-03-19 22:36:26|2024-03-19 22:38:13|107
select  i_brand_id brand_id, i_brand brand, i_manufact_id, i_manufact,
 	sum(ss_ext_sales_price) ext_price
 from date_dim, store_sales, item,customer,customer_address,store
 where d_date_sk = ss_sold_date_sk
   and ss_item_sk = i_item_sk
   and i_manager_id=32
   and d_moy=11
   and d_year=2001
   and ss_customer_sk = c_customer_sk
   and c_current_addr_sk = ca_address_sk
   and substr(ca_zip,1,5) <> substr(s_zip,1,5)
   and ss_store_sk = s_store_sk
 group by i_brand
      ,i_brand_id
      ,i_manufact_id
      ,i_manufact
 order by ext_price desc
         ,i_brand
         ,i_brand_id
         ,i_manufact_id
         ,i_manufact
limit 100 ;
tpcds.19.sh|2024-03-19 22:38:14|2024-03-19 22:39:17|63
select  i_brand_id brand_id, i_brand brand, i_manufact_id, i_manufact,
 	sum(ss_ext_sales_price) ext_price
 from date_dim, store_sales, item,customer,customer_address,store
 where d_date_sk = ss_sold_date_sk
   and ss_item_sk = i_item_sk
   and i_manager_id=32
   and d_moy=11
   and d_year=2001
   and ss_customer_sk = c_customer_sk
   and c_current_addr_sk = ca_address_sk
   and substr(ca_zip,1,5) <> substr(s_zip,1,5)
   and ss_store_sk = s_store_sk
 group by i_brand
      ,i_brand_id
      ,i_manufact_id
      ,i_manufact
 order by ext_price desc
         ,i_brand
         ,i_brand_id
         ,i_manufact_id
         ,i_manufact
limit 100 ;
tpcds.19.sh|2024-03-19 22:39:18|2024-03-19 22:40:59|101
select  i_brand_id brand_id, i_brand brand, i_manufact_id, i_manufact,
 	sum(ss_ext_sales_price) ext_price
 from date_dim, store_sales, item,customer,customer_address,store
 where d_date_sk = ss_sold_date_sk
   and ss_item_sk = i_item_sk
   and i_manager_id=32
   and d_moy=11
   and d_year=2001
   and ss_customer_sk = c_customer_sk
   and c_current_addr_sk = ca_address_sk
   and substr(ca_zip,1,5) <> substr(s_zip,1,5)
   and ss_store_sk = s_store_sk
 group by i_brand
      ,i_brand_id
      ,i_manufact_id
      ,i_manufact
 order by ext_price desc
         ,i_brand
         ,i_brand_id
         ,i_manufact_id
         ,i_manufact
limit 100 ;
tpcds.19.sh|2024-03-19 22:41:00|2024-03-19 22:42:36|96
select  i_brand_id brand_id, i_brand brand, i_manufact_id, i_manufact,
 	sum(ss_ext_sales_price) ext_price
 from date_dim, store_sales, item,customer,customer_address,store
 where d_date_sk = ss_sold_date_sk
   and ss_item_sk = i_item_sk
   and i_manager_id=32
   and d_moy=11
   and d_year=2001
   and ss_customer_sk = c_customer_sk
   and c_current_addr_sk = ca_address_sk
   and substr(ca_zip,1,5) <> substr(s_zip,1,5)
   and ss_store_sk = s_store_sk
 group by i_brand
      ,i_brand_id
      ,i_manufact_id
      ,i_manufact
 order by ext_price desc
         ,i_brand
         ,i_brand_id
         ,i_manufact_id
         ,i_manufact
limit 100 ;
tpcds.19.sh|2024-03-19 22:42:37|2024-03-19 22:44:25|108
select  i_brand_id brand_id, i_brand brand, i_manufact_id, i_manufact,
 	sum(ss_ext_sales_price) ext_price
 from date_dim, store_sales, item,customer,customer_address,store
 where d_date_sk = ss_sold_date_sk
   and ss_item_sk = i_item_sk
   and i_manager_id=32
   and d_moy=11
   and d_year=2001
   and ss_customer_sk = c_customer_sk
   and c_current_addr_sk = ca_address_sk
   and substr(ca_zip,1,5) <> substr(s_zip,1,5)
   and ss_store_sk = s_store_sk
 group by i_brand
      ,i_brand_id
      ,i_manufact_id
      ,i_manufact
 order by ext_price desc
         ,i_brand
         ,i_brand_id
         ,i_manufact_id
         ,i_manufact
limit 100 ;
tpcds.19.sh|2024-03-19 22:44:26|2024-03-19 22:45:14|48
select  i_brand_id brand_id, i_brand brand, i_manufact_id, i_manufact,
 	sum(ss_ext_sales_price) ext_price
 from date_dim, store_sales, item,customer,customer_address,store
 where d_date_sk = ss_sold_date_sk
   and ss_item_sk = i_item_sk
   and i_manager_id=32
   and d_moy=11
   and d_year=2001
   and ss_customer_sk = c_customer_sk
   and c_current_addr_sk = ca_address_sk
   and substr(ca_zip,1,5) <> substr(s_zip,1,5)
   and ss_store_sk = s_store_sk
 group by i_brand
      ,i_brand_id
      ,i_manufact_id
      ,i_manufact
 order by ext_price desc
         ,i_brand
         ,i_brand_id
         ,i_manufact_id
         ,i_manufact
limit 100 ;
tpcds.19.sh|2024-03-19 22:45:15|2024-03-19 22:46:29|74
select  i_brand_id brand_id, i_brand brand, i_manufact_id, i_manufact,
 	sum(ss_ext_sales_price) ext_price
 from date_dim, store_sales, item,customer,customer_address,store
 where d_date_sk = ss_sold_date_sk
   and ss_item_sk = i_item_sk
   and i_manager_id=32
   and d_moy=11
   and d_year=2001
   and ss_customer_sk = c_customer_sk
   and c_current_addr_sk = ca_address_sk
   and substr(ca_zip,1,5) <> substr(s_zip,1,5)
   and ss_store_sk = s_store_sk
 group by i_brand
      ,i_brand_id
      ,i_manufact_id
      ,i_manufact
 order by ext_price desc
         ,i_brand
         ,i_brand_id
         ,i_manufact_id
         ,i_manufact
limit 100 ;
tpcds.19.sh|2024-03-19 22:46:30|2024-03-19 22:47:10|40
select  i_brand_id brand_id, i_brand brand, i_manufact_id, i_manufact,
 	sum(ss_ext_sales_price) ext_price
 from date_dim, store_sales, item,customer,customer_address,store
 where d_date_sk = ss_sold_date_sk
   and ss_item_sk = i_item_sk
   and i_manager_id=32
   and d_moy=11
   and d_year=2001
   and ss_customer_sk = c_customer_sk
   and c_current_addr_sk = ca_address_sk
   and substr(ca_zip,1,5) <> substr(s_zip,1,5)
   and ss_store_sk = s_store_sk
 group by i_brand
      ,i_brand_id
      ,i_manufact_id
      ,i_manufact
 order by ext_price desc
         ,i_brand
         ,i_brand_id
         ,i_manufact_id
         ,i_manufact
limit 100 ;
tpcds.19.sh|2024-03-19 22:47:11|2024-03-19 22:48:49|98
select  i_brand_id brand_id, i_brand brand, i_manufact_id, i_manufact,
 	sum(ss_ext_sales_price) ext_price
 from date_dim, store_sales, item,customer,customer_address,store
 where d_date_sk = ss_sold_date_sk
   and ss_item_sk = i_item_sk
   and i_manager_id=32
   and d_moy=11
   and d_year=2001
   and ss_customer_sk = c_customer_sk
   and c_current_addr_sk = ca_address_sk
   and substr(ca_zip,1,5) <> substr(s_zip,1,5)
   and ss_store_sk = s_store_sk
 group by i_brand
      ,i_brand_id
      ,i_manufact_id
      ,i_manufact
 order by ext_price desc
         ,i_brand
         ,i_brand_id
         ,i_manufact_id
         ,i_manufact
limit 100 ;
tpcds.19.sh|2024-03-19 22:48:50|2024-03-19 22:50:40|110
select  i_brand_id brand_id, i_brand brand, i_manufact_id, i_manufact,
 	sum(ss_ext_sales_price) ext_price
 from date_dim, store_sales, item,customer,customer_address,store
 where d_date_sk = ss_sold_date_sk
   and ss_item_sk = i_item_sk
   and i_manager_id=32
   and d_moy=11
   and d_year=2001
   and ss_customer_sk = c_customer_sk
   and c_current_addr_sk = ca_address_sk
   and substr(ca_zip,1,5) <> substr(s_zip,1,5)
   and ss_store_sk = s_store_sk
 group by i_brand
      ,i_brand_id
      ,i_manufact_id
      ,i_manufact
 order by ext_price desc
         ,i_brand
         ,i_brand_id
         ,i_manufact_id
         ,i_manufact
limit 100 ;
tpcds.19.sh|2024-03-19 22:50:41|2024-03-19 22:52:57|136
select  i_brand_id brand_id, i_brand brand, i_manufact_id, i_manufact,
 	sum(ss_ext_sales_price) ext_price
 from date_dim, store_sales, item,customer,customer_address,store
 where d_date_sk = ss_sold_date_sk
   and ss_item_sk = i_item_sk
   and i_manager_id=32
   and d_moy=11
   and d_year=2001
   and ss_customer_sk = c_customer_sk
   and c_current_addr_sk = ca_address_sk
   and substr(ca_zip,1,5) <> substr(s_zip,1,5)
   and ss_store_sk = s_store_sk
 group by i_brand
      ,i_brand_id
      ,i_manufact_id
      ,i_manufact
 order by ext_price desc
         ,i_brand
         ,i_brand_id
         ,i_manufact_id
         ,i_manufact
limit 100 ;
tpcds.19.sh|2024-03-19 22:52:58|2024-03-19 22:53:34|36
select  i_brand_id brand_id, i_brand brand, i_manufact_id, i_manufact,
 	sum(ss_ext_sales_price) ext_price
 from date_dim, store_sales, item,customer,customer_address,store
 where d_date_sk = ss_sold_date_sk
   and ss_item_sk = i_item_sk
   and i_manager_id=32
   and d_moy=11
   and d_year=2001
   and ss_customer_sk = c_customer_sk
   and c_current_addr_sk = ca_address_sk
   and substr(ca_zip,1,5) <> substr(s_zip,1,5)
   and ss_store_sk = s_store_sk
 group by i_brand
      ,i_brand_id
      ,i_manufact_id
      ,i_manufact
 order by ext_price desc
         ,i_brand
         ,i_brand_id
         ,i_manufact_id
         ,i_manufact
limit 100 ;
tpcds.19.sh|2024-03-19 22:53:35|2024-03-19 22:54:37|62
select  i_brand_id brand_id, i_brand brand, i_manufact_id, i_manufact,
 	sum(ss_ext_sales_price) ext_price
 from date_dim, store_sales, item,customer,customer_address,store
 where d_date_sk = ss_sold_date_sk
   and ss_item_sk = i_item_sk
   and i_manager_id=32
   and d_moy=11
   and d_year=2001
   and ss_customer_sk = c_customer_sk
   and c_current_addr_sk = ca_address_sk
   and substr(ca_zip,1,5) <> substr(s_zip,1,5)
   and ss_store_sk = s_store_sk
 group by i_brand
      ,i_brand_id
      ,i_manufact_id
      ,i_manufact
 order by ext_price desc
         ,i_brand
         ,i_brand_id
         ,i_manufact_id
         ,i_manufact
limit 100 ;
tpcds.19.sh|2024-03-19 22:54:38|2024-03-19 22:55:34|56
select  i_brand_id brand_id, i_brand brand, i_manufact_id, i_manufact,
 	sum(ss_ext_sales_price) ext_price
 from date_dim, store_sales, item,customer,customer_address,store
 where d_date_sk = ss_sold_date_sk
   and ss_item_sk = i_item_sk
   and i_manager_id=32
   and d_moy=11
   and d_year=2001
   and ss_customer_sk = c_customer_sk
   and c_current_addr_sk = ca_address_sk
   and substr(ca_zip,1,5) <> substr(s_zip,1,5)
   and ss_store_sk = s_store_sk
 group by i_brand
      ,i_brand_id
      ,i_manufact_id
      ,i_manufact
 order by ext_price desc
         ,i_brand
         ,i_brand_id
         ,i_manufact_id
         ,i_manufact
limit 100 ;
tpcds.19.sh|2024-03-19 22:55:35|2024-03-19 22:56:51|76
select  i_brand_id brand_id, i_brand brand, i_manufact_id, i_manufact,
 	sum(ss_ext_sales_price) ext_price
 from date_dim, store_sales, item,customer,customer_address,store
 where d_date_sk = ss_sold_date_sk
   and ss_item_sk = i_item_sk
   and i_manager_id=32
   and d_moy=11
   and d_year=2001
   and ss_customer_sk = c_customer_sk
   and c_current_addr_sk = ca_address_sk
   and substr(ca_zip,1,5) <> substr(s_zip,1,5)
   and ss_store_sk = s_store_sk
 group by i_brand
      ,i_brand_id
      ,i_manufact_id
      ,i_manufact
 order by ext_price desc
         ,i_brand
         ,i_brand_id
         ,i_manufact_id
         ,i_manufact
limit 100 ;
tpcds.19.sh|2024-03-19 22:56:52|2024-03-19 22:58:34|102
select  i_brand_id brand_id, i_brand brand, i_manufact_id, i_manufact,
 	sum(ss_ext_sales_price) ext_price
 from date_dim, store_sales, item,customer,customer_address,store
 where d_date_sk = ss_sold_date_sk
   and ss_item_sk = i_item_sk
   and i_manager_id=32
   and d_moy=11
   and d_year=2001
   and ss_customer_sk = c_customer_sk
   and c_current_addr_sk = ca_address_sk
   and substr(ca_zip,1,5) <> substr(s_zip,1,5)
   and ss_store_sk = s_store_sk
 group by i_brand
      ,i_brand_id
      ,i_manufact_id
      ,i_manufact
 order by ext_price desc
         ,i_brand
         ,i_brand_id
         ,i_manufact_id
         ,i_manufact
limit 100 ;
tpcds.19.sh|2024-03-19 22:58:35|2024-03-19 23:00:07|92
select  i_brand_id brand_id, i_brand brand, i_manufact_id, i_manufact,
 	sum(ss_ext_sales_price) ext_price
 from date_dim, store_sales, item,customer,customer_address,store
 where d_date_sk = ss_sold_date_sk
   and ss_item_sk = i_item_sk
   and i_manager_id=32
   and d_moy=11
   and d_year=2001
   and ss_customer_sk = c_customer_sk
   and c_current_addr_sk = ca_address_sk
   and substr(ca_zip,1,5) <> substr(s_zip,1,5)
   and ss_store_sk = s_store_sk
 group by i_brand
      ,i_brand_id
      ,i_manufact_id
      ,i_manufact
 order by ext_price desc
         ,i_brand
         ,i_brand_id
         ,i_manufact_id
         ,i_manufact
limit 100 ;
tpcds.19.sh|2024-03-19 23:00:08|2024-03-19 23:01:29|81
select  i_brand_id brand_id, i_brand brand, i_manufact_id, i_manufact,
 	sum(ss_ext_sales_price) ext_price
 from date_dim, store_sales, item,customer,customer_address,store
 where d_date_sk = ss_sold_date_sk
   and ss_item_sk = i_item_sk
   and i_manager_id=32
   and d_moy=11
   and d_year=2001
   and ss_customer_sk = c_customer_sk
   and c_current_addr_sk = ca_address_sk
   and substr(ca_zip,1,5) <> substr(s_zip,1,5)
   and ss_store_sk = s_store_sk
 group by i_brand
      ,i_brand_id
      ,i_manufact_id
      ,i_manufact
 order by ext_price desc
         ,i_brand
         ,i_brand_id
         ,i_manufact_id
         ,i_manufact
limit 100 ;
tpcds.19.sh|2024-03-19 23:01:30|2024-03-19 23:02:03|33
select  i_brand_id brand_id, i_brand brand, i_manufact_id, i_manufact,
 	sum(ss_ext_sales_price) ext_price
 from date_dim, store_sales, item,customer,customer_address,store
 where d_date_sk = ss_sold_date_sk
   and ss_item_sk = i_item_sk
   and i_manager_id=32
   and d_moy=11
   and d_year=2001
   and ss_customer_sk = c_customer_sk
   and c_current_addr_sk = ca_address_sk
   and substr(ca_zip,1,5) <> substr(s_zip,1,5)
   and ss_store_sk = s_store_sk
 group by i_brand
      ,i_brand_id
      ,i_manufact_id
      ,i_manufact
 order by ext_price desc
         ,i_brand
         ,i_brand_id
         ,i_manufact_id
         ,i_manufact
limit 100 ;
tpcds.19.sh|2024-03-19 23:02:04|2024-03-19 23:03:10|66
select  i_brand_id brand_id, i_brand brand, i_manufact_id, i_manufact,
 	sum(ss_ext_sales_price) ext_price
 from date_dim, store_sales, item,customer,customer_address,store
 where d_date_sk = ss_sold_date_sk
   and ss_item_sk = i_item_sk
   and i_manager_id=32
   and d_moy=11
   and d_year=2001
   and ss_customer_sk = c_customer_sk
   and c_current_addr_sk = ca_address_sk
   and substr(ca_zip,1,5) <> substr(s_zip,1,5)
   and ss_store_sk = s_store_sk
 group by i_brand
      ,i_brand_id
      ,i_manufact_id
      ,i_manufact
 order by ext_price desc
         ,i_brand
         ,i_brand_id
         ,i_manufact_id
         ,i_manufact
limit 100 ;
tpcds.19.sh|2024-03-19 23:03:11|2024-03-19 23:03:41|30
select  i_brand_id brand_id, i_brand brand, i_manufact_id, i_manufact,
 	sum(ss_ext_sales_price) ext_price
 from date_dim, store_sales, item,customer,customer_address,store
 where d_date_sk = ss_sold_date_sk
   and ss_item_sk = i_item_sk
   and i_manager_id=32
   and d_moy=11
   and d_year=2001
   and ss_customer_sk = c_customer_sk
   and c_current_addr_sk = ca_address_sk
   and substr(ca_zip,1,5) <> substr(s_zip,1,5)
   and ss_store_sk = s_store_sk
 group by i_brand
      ,i_brand_id
      ,i_manufact_id
      ,i_manufact
 order by ext_price desc
         ,i_brand
         ,i_brand_id
         ,i_manufact_id
         ,i_manufact
limit 100 ;
tpcds.19.sh|2024-03-19 23:03:42|2024-03-19 23:04:27|45
select  i_brand_id brand_id, i_brand brand, i_manufact_id, i_manufact,
 	sum(ss_ext_sales_price) ext_price
 from date_dim, store_sales, item,customer,customer_address,store
 where d_date_sk = ss_sold_date_sk
   and ss_item_sk = i_item_sk
   and i_manager_id=32
   and d_moy=11
   and d_year=2001
   and ss_customer_sk = c_customer_sk
   and c_current_addr_sk = ca_address_sk
   and substr(ca_zip,1,5) <> substr(s_zip,1,5)
   and ss_store_sk = s_store_sk
 group by i_brand
      ,i_brand_id
      ,i_manufact_id
      ,i_manufact
 order by ext_price desc
         ,i_brand
         ,i_brand_id
         ,i_manufact_id
         ,i_manufact
limit 100 ;
tpcds.19.sh|2024-03-19 23:04:28|2024-03-19 23:06:39|131
select  i_brand_id brand_id, i_brand brand, i_manufact_id, i_manufact,
 	sum(ss_ext_sales_price) ext_price
 from date_dim, store_sales, item,customer,customer_address,store
 where d_date_sk = ss_sold_date_sk
   and ss_item_sk = i_item_sk
   and i_manager_id=32
   and d_moy=11
   and d_year=2001
   and ss_customer_sk = c_customer_sk
   and c_current_addr_sk = ca_address_sk
   and substr(ca_zip,1,5) <> substr(s_zip,1,5)
   and ss_store_sk = s_store_sk
 group by i_brand
      ,i_brand_id
      ,i_manufact_id
      ,i_manufact
 order by ext_price desc
         ,i_brand
         ,i_brand_id
         ,i_manufact_id
         ,i_manufact
limit 100 ;
tpcds.19.sh|2024-03-19 23:06:40|2024-03-19 23:08:19|99
select  i_brand_id brand_id, i_brand brand, i_manufact_id, i_manufact,
 	sum(ss_ext_sales_price) ext_price
 from date_dim, store_sales, item,customer,customer_address,store
 where d_date_sk = ss_sold_date_sk
   and ss_item_sk = i_item_sk
   and i_manager_id=32
   and d_moy=11
   and d_year=2001
   and ss_customer_sk = c_customer_sk
   and c_current_addr_sk = ca_address_sk
   and substr(ca_zip,1,5) <> substr(s_zip,1,5)
   and ss_store_sk = s_store_sk
 group by i_brand
      ,i_brand_id
      ,i_manufact_id
      ,i_manufact
 order by ext_price desc
         ,i_brand
         ,i_brand_id
         ,i_manufact_id
         ,i_manufact
limit 100 ;
tpcds.19.sh|2024-03-19 23:08:20|2024-03-19 23:09:28|68
select  i_brand_id brand_id, i_brand brand, i_manufact_id, i_manufact,
 	sum(ss_ext_sales_price) ext_price
 from date_dim, store_sales, item,customer,customer_address,store
 where d_date_sk = ss_sold_date_sk
   and ss_item_sk = i_item_sk
   and i_manager_id=32
   and d_moy=11
   and d_year=2001
   and ss_customer_sk = c_customer_sk
   and c_current_addr_sk = ca_address_sk
   and substr(ca_zip,1,5) <> substr(s_zip,1,5)
   and ss_store_sk = s_store_sk
 group by i_brand
      ,i_brand_id
      ,i_manufact_id
      ,i_manufact
 order by ext_price desc
         ,i_brand
         ,i_brand_id
         ,i_manufact_id
         ,i_manufact
limit 100 ;
tpcds.19.sh|2024-03-19 23:09:29|2024-03-19 23:10:30|61
select  i_brand_id brand_id, i_brand brand, i_manufact_id, i_manufact,
 	sum(ss_ext_sales_price) ext_price
 from date_dim, store_sales, item,customer,customer_address,store
 where d_date_sk = ss_sold_date_sk
   and ss_item_sk = i_item_sk
   and i_manager_id=32
   and d_moy=11
   and d_year=2001
   and ss_customer_sk = c_customer_sk
   and c_current_addr_sk = ca_address_sk
   and substr(ca_zip,1,5) <> substr(s_zip,1,5)
   and ss_store_sk = s_store_sk
 group by i_brand
      ,i_brand_id
      ,i_manufact_id
      ,i_manufact
 order by ext_price desc
         ,i_brand
         ,i_brand_id
         ,i_manufact_id
         ,i_manufact
limit 100 ;
tpcds.19.sh|2024-03-19 23:10:31|2024-03-19 23:11:35|64
select  i_brand_id brand_id, i_brand brand, i_manufact_id, i_manufact,
 	sum(ss_ext_sales_price) ext_price
 from date_dim, store_sales, item,customer,customer_address,store
 where d_date_sk = ss_sold_date_sk
   and ss_item_sk = i_item_sk
   and i_manager_id=32
   and d_moy=11
   and d_year=2001
   and ss_customer_sk = c_customer_sk
   and c_current_addr_sk = ca_address_sk
   and substr(ca_zip,1,5) <> substr(s_zip,1,5)
   and ss_store_sk = s_store_sk
 group by i_brand
      ,i_brand_id
      ,i_manufact_id
      ,i_manufact
 order by ext_price desc
         ,i_brand
         ,i_brand_id
         ,i_manufact_id
         ,i_manufact
limit 100 ;
tpcds.19.sh|2024-03-19 23:11:36|2024-03-19 23:12:46|70
select  i_brand_id brand_id, i_brand brand, i_manufact_id, i_manufact,
 	sum(ss_ext_sales_price) ext_price
 from date_dim, store_sales, item,customer,customer_address,store
 where d_date_sk = ss_sold_date_sk
   and ss_item_sk = i_item_sk
   and i_manager_id=32
   and d_moy=11
   and d_year=2001
   and ss_customer_sk = c_customer_sk
   and c_current_addr_sk = ca_address_sk
   and substr(ca_zip,1,5) <> substr(s_zip,1,5)
   and ss_store_sk = s_store_sk
 group by i_brand
      ,i_brand_id
      ,i_manufact_id
      ,i_manufact
 order by ext_price desc
         ,i_brand
         ,i_brand_id
         ,i_manufact_id
         ,i_manufact
limit 100 ;
tpcds.19.sh|2024-03-19 23:12:47|2024-03-19 23:13:45|58
select  i_brand_id brand_id, i_brand brand, i_manufact_id, i_manufact,
 	sum(ss_ext_sales_price) ext_price
 from date_dim, store_sales, item,customer,customer_address,store
 where d_date_sk = ss_sold_date_sk
   and ss_item_sk = i_item_sk
   and i_manager_id=32
   and d_moy=11
   and d_year=2001
   and ss_customer_sk = c_customer_sk
   and c_current_addr_sk = ca_address_sk
   and substr(ca_zip,1,5) <> substr(s_zip,1,5)
   and ss_store_sk = s_store_sk
 group by i_brand
      ,i_brand_id
      ,i_manufact_id
      ,i_manufact
 order by ext_price desc
         ,i_brand
         ,i_brand_id
         ,i_manufact_id
         ,i_manufact
limit 100 ;
tpcds.19.sh|2024-03-19 23:13:46|2024-03-19 23:14:55|69
select  i_brand_id brand_id, i_brand brand, i_manufact_id, i_manufact,
 	sum(ss_ext_sales_price) ext_price
 from date_dim, store_sales, item,customer,customer_address,store
 where d_date_sk = ss_sold_date_sk
   and ss_item_sk = i_item_sk
   and i_manager_id=32
   and d_moy=11
   and d_year=2001
   and ss_customer_sk = c_customer_sk
   and c_current_addr_sk = ca_address_sk
   and substr(ca_zip,1,5) <> substr(s_zip,1,5)
   and ss_store_sk = s_store_sk
 group by i_brand
      ,i_brand_id
      ,i_manufact_id
      ,i_manufact
 order by ext_price desc
         ,i_brand
         ,i_brand_id
         ,i_manufact_id
         ,i_manufact
limit 100 ;
tpcds.19.sh|2024-03-19 23:14:56|2024-03-19 23:16:52|116
select  i_brand_id brand_id, i_brand brand, i_manufact_id, i_manufact,
 	sum(ss_ext_sales_price) ext_price
 from date_dim, store_sales, item,customer,customer_address,store
 where d_date_sk = ss_sold_date_sk
   and ss_item_sk = i_item_sk
   and i_manager_id=32
   and d_moy=11
   and d_year=2001
   and ss_customer_sk = c_customer_sk
   and c_current_addr_sk = ca_address_sk
   and substr(ca_zip,1,5) <> substr(s_zip,1,5)
   and ss_store_sk = s_store_sk
 group by i_brand
      ,i_brand_id
      ,i_manufact_id
      ,i_manufact
 order by ext_price desc
         ,i_brand
         ,i_brand_id
         ,i_manufact_id
         ,i_manufact
limit 100 ;
tpcds.19.sh|2024-03-19 23:16:53|2024-03-19 23:17:29|36
select  i_brand_id brand_id, i_brand brand, i_manufact_id, i_manufact,
 	sum(ss_ext_sales_price) ext_price
 from date_dim, store_sales, item,customer,customer_address,store
 where d_date_sk = ss_sold_date_sk
   and ss_item_sk = i_item_sk
   and i_manager_id=32
   and d_moy=11
   and d_year=2001
   and ss_customer_sk = c_customer_sk
   and c_current_addr_sk = ca_address_sk
   and substr(ca_zip,1,5) <> substr(s_zip,1,5)
   and ss_store_sk = s_store_sk
 group by i_brand
      ,i_brand_id
      ,i_manufact_id
      ,i_manufact
 order by ext_price desc
         ,i_brand
         ,i_brand_id
         ,i_manufact_id
         ,i_manufact
limit 100 ;
ERROR:  canceling statement due to user request
tpcds.19.sh|2024-03-19 23:17:30|2024-03-19 23:18:11|41
