select  i_item_id,
        avg(ss_quantity) agg1,
        avg(ss_list_price) agg2,
        avg(ss_coupon_amt) agg3,
        avg(ss_sales_price) agg4
 from store_sales, customer_demographics, date_dim, item, promotion
 where ss_sold_date_sk = d_date_sk and
       ss_item_sk = i_item_sk and
       ss_cdemo_sk = cd_demo_sk and
       ss_promo_sk = p_promo_sk and
       cd_gender = 'F' and
       cd_marital_status = 'M' and
       cd_education_status = 'Unknown' and
       (p_channel_email = 'N' or p_channel_event = 'N') and
       d_year = 2001
 group by i_item_id
 order by i_item_id
 limit 100;
tpcds.07.sh|2024-04-09 05:53:58|2024-04-09 05:56:55|177
select  i_item_id,
        avg(ss_quantity) agg1,
        avg(ss_list_price) agg2,
        avg(ss_coupon_amt) agg3,
        avg(ss_sales_price) agg4
 from store_sales, customer_demographics, date_dim, item, promotion
 where ss_sold_date_sk = d_date_sk and
       ss_item_sk = i_item_sk and
       ss_cdemo_sk = cd_demo_sk and
       ss_promo_sk = p_promo_sk and
       cd_gender = 'F' and
       cd_marital_status = 'M' and
       cd_education_status = 'Unknown' and
       (p_channel_email = 'N' or p_channel_event = 'N') and
       d_year = 2001
 group by i_item_id
 order by i_item_id
 limit 100;
tpcds.07.sh|2024-04-09 05:56:56|2024-04-09 05:59:06|130
select  i_item_id,
        avg(ss_quantity) agg1,
        avg(ss_list_price) agg2,
        avg(ss_coupon_amt) agg3,
        avg(ss_sales_price) agg4
 from store_sales, customer_demographics, date_dim, item, promotion
 where ss_sold_date_sk = d_date_sk and
       ss_item_sk = i_item_sk and
       ss_cdemo_sk = cd_demo_sk and
       ss_promo_sk = p_promo_sk and
       cd_gender = 'F' and
       cd_marital_status = 'M' and
       cd_education_status = 'Unknown' and
       (p_channel_email = 'N' or p_channel_event = 'N') and
       d_year = 2001
 group by i_item_id
 order by i_item_id
 limit 100;
tpcds.07.sh|2024-04-09 05:59:07|2024-04-09 06:01:22|135
select  i_item_id,
        avg(ss_quantity) agg1,
        avg(ss_list_price) agg2,
        avg(ss_coupon_amt) agg3,
        avg(ss_sales_price) agg4
 from store_sales, customer_demographics, date_dim, item, promotion
 where ss_sold_date_sk = d_date_sk and
       ss_item_sk = i_item_sk and
       ss_cdemo_sk = cd_demo_sk and
       ss_promo_sk = p_promo_sk and
       cd_gender = 'F' and
       cd_marital_status = 'M' and
       cd_education_status = 'Unknown' and
       (p_channel_email = 'N' or p_channel_event = 'N') and
       d_year = 2001
 group by i_item_id
 order by i_item_id
 limit 100;
tpcds.07.sh|2024-04-09 06:01:23|2024-04-09 06:04:00|157
select  i_item_id,
        avg(ss_quantity) agg1,
        avg(ss_list_price) agg2,
        avg(ss_coupon_amt) agg3,
        avg(ss_sales_price) agg4
 from store_sales, customer_demographics, date_dim, item, promotion
 where ss_sold_date_sk = d_date_sk and
       ss_item_sk = i_item_sk and
       ss_cdemo_sk = cd_demo_sk and
       ss_promo_sk = p_promo_sk and
       cd_gender = 'F' and
       cd_marital_status = 'M' and
       cd_education_status = 'Unknown' and
       (p_channel_email = 'N' or p_channel_event = 'N') and
       d_year = 2001
 group by i_item_id
 order by i_item_id
 limit 100;
tpcds.07.sh|2024-04-09 06:04:01|2024-04-09 06:05:33|92
select  i_item_id,
        avg(ss_quantity) agg1,
        avg(ss_list_price) agg2,
        avg(ss_coupon_amt) agg3,
        avg(ss_sales_price) agg4
 from store_sales, customer_demographics, date_dim, item, promotion
 where ss_sold_date_sk = d_date_sk and
       ss_item_sk = i_item_sk and
       ss_cdemo_sk = cd_demo_sk and
       ss_promo_sk = p_promo_sk and
       cd_gender = 'F' and
       cd_marital_status = 'M' and
       cd_education_status = 'Unknown' and
       (p_channel_email = 'N' or p_channel_event = 'N') and
       d_year = 2001
 group by i_item_id
 order by i_item_id
 limit 100;
tpcds.07.sh|2024-04-09 06:05:34|2024-04-09 06:07:38|124
select  i_item_id,
        avg(ss_quantity) agg1,
        avg(ss_list_price) agg2,
        avg(ss_coupon_amt) agg3,
        avg(ss_sales_price) agg4
 from store_sales, customer_demographics, date_dim, item, promotion
 where ss_sold_date_sk = d_date_sk and
       ss_item_sk = i_item_sk and
       ss_cdemo_sk = cd_demo_sk and
       ss_promo_sk = p_promo_sk and
       cd_gender = 'F' and
       cd_marital_status = 'M' and
       cd_education_status = 'Unknown' and
       (p_channel_email = 'N' or p_channel_event = 'N') and
       d_year = 2001
 group by i_item_id
 order by i_item_id
 limit 100;
tpcds.07.sh|2024-04-09 06:07:39|2024-04-09 06:09:33|114
select  i_item_id,
        avg(ss_quantity) agg1,
        avg(ss_list_price) agg2,
        avg(ss_coupon_amt) agg3,
        avg(ss_sales_price) agg4
 from store_sales, customer_demographics, date_dim, item, promotion
 where ss_sold_date_sk = d_date_sk and
       ss_item_sk = i_item_sk and
       ss_cdemo_sk = cd_demo_sk and
       ss_promo_sk = p_promo_sk and
       cd_gender = 'F' and
       cd_marital_status = 'M' and
       cd_education_status = 'Unknown' and
       (p_channel_email = 'N' or p_channel_event = 'N') and
       d_year = 2001
 group by i_item_id
 order by i_item_id
 limit 100;
tpcds.07.sh|2024-04-09 06:09:34|2024-04-09 06:12:21|167
select  i_item_id,
        avg(ss_quantity) agg1,
        avg(ss_list_price) agg2,
        avg(ss_coupon_amt) agg3,
        avg(ss_sales_price) agg4
 from store_sales, customer_demographics, date_dim, item, promotion
 where ss_sold_date_sk = d_date_sk and
       ss_item_sk = i_item_sk and
       ss_cdemo_sk = cd_demo_sk and
       ss_promo_sk = p_promo_sk and
       cd_gender = 'F' and
       cd_marital_status = 'M' and
       cd_education_status = 'Unknown' and
       (p_channel_email = 'N' or p_channel_event = 'N') and
       d_year = 2001
 group by i_item_id
 order by i_item_id
 limit 100;
tpcds.07.sh|2024-04-09 06:12:22|2024-04-09 06:14:13|111
select  i_item_id,
        avg(ss_quantity) agg1,
        avg(ss_list_price) agg2,
        avg(ss_coupon_amt) agg3,
        avg(ss_sales_price) agg4
 from store_sales, customer_demographics, date_dim, item, promotion
 where ss_sold_date_sk = d_date_sk and
       ss_item_sk = i_item_sk and
       ss_cdemo_sk = cd_demo_sk and
       ss_promo_sk = p_promo_sk and
       cd_gender = 'F' and
       cd_marital_status = 'M' and
       cd_education_status = 'Unknown' and
       (p_channel_email = 'N' or p_channel_event = 'N') and
       d_year = 2001
 group by i_item_id
 order by i_item_id
 limit 100;
tpcds.07.sh|2024-04-09 06:14:14|2024-04-09 06:16:36|142
select  i_item_id,
        avg(ss_quantity) agg1,
        avg(ss_list_price) agg2,
        avg(ss_coupon_amt) agg3,
        avg(ss_sales_price) agg4
 from store_sales, customer_demographics, date_dim, item, promotion
 where ss_sold_date_sk = d_date_sk and
       ss_item_sk = i_item_sk and
       ss_cdemo_sk = cd_demo_sk and
       ss_promo_sk = p_promo_sk and
       cd_gender = 'F' and
       cd_marital_status = 'M' and
       cd_education_status = 'Unknown' and
       (p_channel_email = 'N' or p_channel_event = 'N') and
       d_year = 2001
 group by i_item_id
 order by i_item_id
 limit 100;
tpcds.07.sh|2024-04-09 06:16:37|2024-04-09 06:18:20|103
select  i_item_id,
        avg(ss_quantity) agg1,
        avg(ss_list_price) agg2,
        avg(ss_coupon_amt) agg3,
        avg(ss_sales_price) agg4
 from store_sales, customer_demographics, date_dim, item, promotion
 where ss_sold_date_sk = d_date_sk and
       ss_item_sk = i_item_sk and
       ss_cdemo_sk = cd_demo_sk and
       ss_promo_sk = p_promo_sk and
       cd_gender = 'F' and
       cd_marital_status = 'M' and
       cd_education_status = 'Unknown' and
       (p_channel_email = 'N' or p_channel_event = 'N') and
       d_year = 2001
 group by i_item_id
 order by i_item_id
 limit 100;
tpcds.07.sh|2024-04-09 06:18:21|2024-04-09 06:20:35|134
select  i_item_id,
        avg(ss_quantity) agg1,
        avg(ss_list_price) agg2,
        avg(ss_coupon_amt) agg3,
        avg(ss_sales_price) agg4
 from store_sales, customer_demographics, date_dim, item, promotion
 where ss_sold_date_sk = d_date_sk and
       ss_item_sk = i_item_sk and
       ss_cdemo_sk = cd_demo_sk and
       ss_promo_sk = p_promo_sk and
       cd_gender = 'F' and
       cd_marital_status = 'M' and
       cd_education_status = 'Unknown' and
       (p_channel_email = 'N' or p_channel_event = 'N') and
       d_year = 2001
 group by i_item_id
 order by i_item_id
 limit 100;
tpcds.07.sh|2024-04-09 06:20:36|2024-04-09 06:22:50|134
select  i_item_id,
        avg(ss_quantity) agg1,
        avg(ss_list_price) agg2,
        avg(ss_coupon_amt) agg3,
        avg(ss_sales_price) agg4
 from store_sales, customer_demographics, date_dim, item, promotion
 where ss_sold_date_sk = d_date_sk and
       ss_item_sk = i_item_sk and
       ss_cdemo_sk = cd_demo_sk and
       ss_promo_sk = p_promo_sk and
       cd_gender = 'F' and
       cd_marital_status = 'M' and
       cd_education_status = 'Unknown' and
       (p_channel_email = 'N' or p_channel_event = 'N') and
       d_year = 2001
 group by i_item_id
 order by i_item_id
 limit 100;
tpcds.07.sh|2024-04-09 06:22:51|2024-04-09 06:24:46|115
select  i_item_id,
        avg(ss_quantity) agg1,
        avg(ss_list_price) agg2,
        avg(ss_coupon_amt) agg3,
        avg(ss_sales_price) agg4
 from store_sales, customer_demographics, date_dim, item, promotion
 where ss_sold_date_sk = d_date_sk and
       ss_item_sk = i_item_sk and
       ss_cdemo_sk = cd_demo_sk and
       ss_promo_sk = p_promo_sk and
       cd_gender = 'F' and
       cd_marital_status = 'M' and
       cd_education_status = 'Unknown' and
       (p_channel_email = 'N' or p_channel_event = 'N') and
       d_year = 2001
 group by i_item_id
 order by i_item_id
 limit 100;
tpcds.07.sh|2024-04-09 06:24:47|2024-04-09 06:27:39|172
select  i_item_id,
        avg(ss_quantity) agg1,
        avg(ss_list_price) agg2,
        avg(ss_coupon_amt) agg3,
        avg(ss_sales_price) agg4
 from store_sales, customer_demographics, date_dim, item, promotion
 where ss_sold_date_sk = d_date_sk and
       ss_item_sk = i_item_sk and
       ss_cdemo_sk = cd_demo_sk and
       ss_promo_sk = p_promo_sk and
       cd_gender = 'F' and
       cd_marital_status = 'M' and
       cd_education_status = 'Unknown' and
       (p_channel_email = 'N' or p_channel_event = 'N') and
       d_year = 2001
 group by i_item_id
 order by i_item_id
 limit 100;
tpcds.07.sh|2024-04-09 06:27:40|2024-04-09 06:29:15|95
select  i_item_id,
        avg(ss_quantity) agg1,
        avg(ss_list_price) agg2,
        avg(ss_coupon_amt) agg3,
        avg(ss_sales_price) agg4
 from store_sales, customer_demographics, date_dim, item, promotion
 where ss_sold_date_sk = d_date_sk and
       ss_item_sk = i_item_sk and
       ss_cdemo_sk = cd_demo_sk and
       ss_promo_sk = p_promo_sk and
       cd_gender = 'F' and
       cd_marital_status = 'M' and
       cd_education_status = 'Unknown' and
       (p_channel_email = 'N' or p_channel_event = 'N') and
       d_year = 2001
 group by i_item_id
 order by i_item_id
 limit 100;
tpcds.07.sh|2024-04-09 06:29:16|2024-04-09 06:31:36|140
select  i_item_id,
        avg(ss_quantity) agg1,
        avg(ss_list_price) agg2,
        avg(ss_coupon_amt) agg3,
        avg(ss_sales_price) agg4
 from store_sales, customer_demographics, date_dim, item, promotion
 where ss_sold_date_sk = d_date_sk and
       ss_item_sk = i_item_sk and
       ss_cdemo_sk = cd_demo_sk and
       ss_promo_sk = p_promo_sk and
       cd_gender = 'F' and
       cd_marital_status = 'M' and
       cd_education_status = 'Unknown' and
       (p_channel_email = 'N' or p_channel_event = 'N') and
       d_year = 2001
 group by i_item_id
 order by i_item_id
 limit 100;
tpcds.07.sh|2024-04-09 06:31:37|2024-04-09 06:33:31|114
select  i_item_id,
        avg(ss_quantity) agg1,
        avg(ss_list_price) agg2,
        avg(ss_coupon_amt) agg3,
        avg(ss_sales_price) agg4
 from store_sales, customer_demographics, date_dim, item, promotion
 where ss_sold_date_sk = d_date_sk and
       ss_item_sk = i_item_sk and
       ss_cdemo_sk = cd_demo_sk and
       ss_promo_sk = p_promo_sk and
       cd_gender = 'F' and
       cd_marital_status = 'M' and
       cd_education_status = 'Unknown' and
       (p_channel_email = 'N' or p_channel_event = 'N') and
       d_year = 2001
 group by i_item_id
 order by i_item_id
 limit 100;
tpcds.07.sh|2024-04-09 06:33:32|2024-04-09 06:35:54|142
select  i_item_id,
        avg(ss_quantity) agg1,
        avg(ss_list_price) agg2,
        avg(ss_coupon_amt) agg3,
        avg(ss_sales_price) agg4
 from store_sales, customer_demographics, date_dim, item, promotion
 where ss_sold_date_sk = d_date_sk and
       ss_item_sk = i_item_sk and
       ss_cdemo_sk = cd_demo_sk and
       ss_promo_sk = p_promo_sk and
       cd_gender = 'F' and
       cd_marital_status = 'M' and
       cd_education_status = 'Unknown' and
       (p_channel_email = 'N' or p_channel_event = 'N') and
       d_year = 2001
 group by i_item_id
 order by i_item_id
 limit 100;
tpcds.07.sh|2024-04-09 06:35:55|2024-04-09 06:38:42|167
select  i_item_id,
        avg(ss_quantity) agg1,
        avg(ss_list_price) agg2,
        avg(ss_coupon_amt) agg3,
        avg(ss_sales_price) agg4
 from store_sales, customer_demographics, date_dim, item, promotion
 where ss_sold_date_sk = d_date_sk and
       ss_item_sk = i_item_sk and
       ss_cdemo_sk = cd_demo_sk and
       ss_promo_sk = p_promo_sk and
       cd_gender = 'F' and
       cd_marital_status = 'M' and
       cd_education_status = 'Unknown' and
       (p_channel_email = 'N' or p_channel_event = 'N') and
       d_year = 2001
 group by i_item_id
 order by i_item_id
 limit 100;
tpcds.07.sh|2024-04-09 06:38:43|2024-04-09 06:40:47|124
select  i_item_id,
        avg(ss_quantity) agg1,
        avg(ss_list_price) agg2,
        avg(ss_coupon_amt) agg3,
        avg(ss_sales_price) agg4
 from store_sales, customer_demographics, date_dim, item, promotion
 where ss_sold_date_sk = d_date_sk and
       ss_item_sk = i_item_sk and
       ss_cdemo_sk = cd_demo_sk and
       ss_promo_sk = p_promo_sk and
       cd_gender = 'F' and
       cd_marital_status = 'M' and
       cd_education_status = 'Unknown' and
       (p_channel_email = 'N' or p_channel_event = 'N') and
       d_year = 2001
 group by i_item_id
 order by i_item_id
 limit 100;
tpcds.07.sh|2024-04-09 06:40:48|2024-04-09 06:43:02|134
select  i_item_id,
        avg(ss_quantity) agg1,
        avg(ss_list_price) agg2,
        avg(ss_coupon_amt) agg3,
        avg(ss_sales_price) agg4
 from store_sales, customer_demographics, date_dim, item, promotion
 where ss_sold_date_sk = d_date_sk and
       ss_item_sk = i_item_sk and
       ss_cdemo_sk = cd_demo_sk and
       ss_promo_sk = p_promo_sk and
       cd_gender = 'F' and
       cd_marital_status = 'M' and
       cd_education_status = 'Unknown' and
       (p_channel_email = 'N' or p_channel_event = 'N') and
       d_year = 2001
 group by i_item_id
 order by i_item_id
 limit 100;
tpcds.07.sh|2024-04-09 06:43:03|2024-04-09 06:45:15|132
select  i_item_id,
        avg(ss_quantity) agg1,
        avg(ss_list_price) agg2,
        avg(ss_coupon_amt) agg3,
        avg(ss_sales_price) agg4
 from store_sales, customer_demographics, date_dim, item, promotion
 where ss_sold_date_sk = d_date_sk and
       ss_item_sk = i_item_sk and
       ss_cdemo_sk = cd_demo_sk and
       ss_promo_sk = p_promo_sk and
       cd_gender = 'F' and
       cd_marital_status = 'M' and
       cd_education_status = 'Unknown' and
       (p_channel_email = 'N' or p_channel_event = 'N') and
       d_year = 2001
 group by i_item_id
 order by i_item_id
 limit 100;
tpcds.07.sh|2024-04-09 06:45:16|2024-04-09 06:47:25|129
select  i_item_id,
        avg(ss_quantity) agg1,
        avg(ss_list_price) agg2,
        avg(ss_coupon_amt) agg3,
        avg(ss_sales_price) agg4
 from store_sales, customer_demographics, date_dim, item, promotion
 where ss_sold_date_sk = d_date_sk and
       ss_item_sk = i_item_sk and
       ss_cdemo_sk = cd_demo_sk and
       ss_promo_sk = p_promo_sk and
       cd_gender = 'F' and
       cd_marital_status = 'M' and
       cd_education_status = 'Unknown' and
       (p_channel_email = 'N' or p_channel_event = 'N') and
       d_year = 2001
 group by i_item_id
 order by i_item_id
 limit 100;
tpcds.07.sh|2024-04-09 06:47:26|2024-04-09 06:49:16|110
select  i_item_id,
        avg(ss_quantity) agg1,
        avg(ss_list_price) agg2,
        avg(ss_coupon_amt) agg3,
        avg(ss_sales_price) agg4
 from store_sales, customer_demographics, date_dim, item, promotion
 where ss_sold_date_sk = d_date_sk and
       ss_item_sk = i_item_sk and
       ss_cdemo_sk = cd_demo_sk and
       ss_promo_sk = p_promo_sk and
       cd_gender = 'F' and
       cd_marital_status = 'M' and
       cd_education_status = 'Unknown' and
       (p_channel_email = 'N' or p_channel_event = 'N') and
       d_year = 2001
 group by i_item_id
 order by i_item_id
 limit 100;
tpcds.07.sh|2024-04-09 06:49:17|2024-04-09 06:51:49|152
select  i_item_id,
        avg(ss_quantity) agg1,
        avg(ss_list_price) agg2,
        avg(ss_coupon_amt) agg3,
        avg(ss_sales_price) agg4
 from store_sales, customer_demographics, date_dim, item, promotion
 where ss_sold_date_sk = d_date_sk and
       ss_item_sk = i_item_sk and
       ss_cdemo_sk = cd_demo_sk and
       ss_promo_sk = p_promo_sk and
       cd_gender = 'F' and
       cd_marital_status = 'M' and
       cd_education_status = 'Unknown' and
       (p_channel_email = 'N' or p_channel_event = 'N') and
       d_year = 2001
 group by i_item_id
 order by i_item_id
 limit 100;
tpcds.07.sh|2024-04-09 06:51:50|2024-04-09 06:53:31|101
select  i_item_id,
        avg(ss_quantity) agg1,
        avg(ss_list_price) agg2,
        avg(ss_coupon_amt) agg3,
        avg(ss_sales_price) agg4
 from store_sales, customer_demographics, date_dim, item, promotion
 where ss_sold_date_sk = d_date_sk and
       ss_item_sk = i_item_sk and
       ss_cdemo_sk = cd_demo_sk and
       ss_promo_sk = p_promo_sk and
       cd_gender = 'F' and
       cd_marital_status = 'M' and
       cd_education_status = 'Unknown' and
       (p_channel_email = 'N' or p_channel_event = 'N') and
       d_year = 2001
 group by i_item_id
 order by i_item_id
 limit 100;
tpcds.07.sh|2024-04-09 06:53:32|2024-04-09 06:55:26|114
select  i_item_id,
        avg(ss_quantity) agg1,
        avg(ss_list_price) agg2,
        avg(ss_coupon_amt) agg3,
        avg(ss_sales_price) agg4
 from store_sales, customer_demographics, date_dim, item, promotion
 where ss_sold_date_sk = d_date_sk and
       ss_item_sk = i_item_sk and
       ss_cdemo_sk = cd_demo_sk and
       ss_promo_sk = p_promo_sk and
       cd_gender = 'F' and
       cd_marital_status = 'M' and
       cd_education_status = 'Unknown' and
       (p_channel_email = 'N' or p_channel_event = 'N') and
       d_year = 2001
 group by i_item_id
 order by i_item_id
 limit 100;
tpcds.07.sh|2024-04-09 06:55:27|2024-04-09 06:57:50|143
select  i_item_id,
        avg(ss_quantity) agg1,
        avg(ss_list_price) agg2,
        avg(ss_coupon_amt) agg3,
        avg(ss_sales_price) agg4
 from store_sales, customer_demographics, date_dim, item, promotion
 where ss_sold_date_sk = d_date_sk and
       ss_item_sk = i_item_sk and
       ss_cdemo_sk = cd_demo_sk and
       ss_promo_sk = p_promo_sk and
       cd_gender = 'F' and
       cd_marital_status = 'M' and
       cd_education_status = 'Unknown' and
       (p_channel_email = 'N' or p_channel_event = 'N') and
       d_year = 2001
 group by i_item_id
 order by i_item_id
 limit 100;
tpcds.07.sh|2024-04-09 06:57:51|2024-04-09 06:59:57|126
select  i_item_id,
        avg(ss_quantity) agg1,
        avg(ss_list_price) agg2,
        avg(ss_coupon_amt) agg3,
        avg(ss_sales_price) agg4
 from store_sales, customer_demographics, date_dim, item, promotion
 where ss_sold_date_sk = d_date_sk and
       ss_item_sk = i_item_sk and
       ss_cdemo_sk = cd_demo_sk and
       ss_promo_sk = p_promo_sk and
       cd_gender = 'F' and
       cd_marital_status = 'M' and
       cd_education_status = 'Unknown' and
       (p_channel_email = 'N' or p_channel_event = 'N') and
       d_year = 2001
 group by i_item_id
 order by i_item_id
 limit 100;
tpcds.07.sh|2024-04-09 06:59:58|2024-04-09 07:02:55|177
select  i_item_id,
        avg(ss_quantity) agg1,
        avg(ss_list_price) agg2,
        avg(ss_coupon_amt) agg3,
        avg(ss_sales_price) agg4
 from store_sales, customer_demographics, date_dim, item, promotion
 where ss_sold_date_sk = d_date_sk and
       ss_item_sk = i_item_sk and
       ss_cdemo_sk = cd_demo_sk and
       ss_promo_sk = p_promo_sk and
       cd_gender = 'F' and
       cd_marital_status = 'M' and
       cd_education_status = 'Unknown' and
       (p_channel_email = 'N' or p_channel_event = 'N') and
       d_year = 2001
 group by i_item_id
 order by i_item_id
 limit 100;
tpcds.07.sh|2024-04-09 07:02:56|2024-04-09 07:04:43|107
select  i_item_id,
        avg(ss_quantity) agg1,
        avg(ss_list_price) agg2,
        avg(ss_coupon_amt) agg3,
        avg(ss_sales_price) agg4
 from store_sales, customer_demographics, date_dim, item, promotion
 where ss_sold_date_sk = d_date_sk and
       ss_item_sk = i_item_sk and
       ss_cdemo_sk = cd_demo_sk and
       ss_promo_sk = p_promo_sk and
       cd_gender = 'F' and
       cd_marital_status = 'M' and
       cd_education_status = 'Unknown' and
       (p_channel_email = 'N' or p_channel_event = 'N') and
       d_year = 2001
 group by i_item_id
 order by i_item_id
 limit 100;
tpcds.07.sh|2024-04-09 07:04:44|2024-04-09 07:07:23|159
select  i_item_id,
        avg(ss_quantity) agg1,
        avg(ss_list_price) agg2,
        avg(ss_coupon_amt) agg3,
        avg(ss_sales_price) agg4
 from store_sales, customer_demographics, date_dim, item, promotion
 where ss_sold_date_sk = d_date_sk and
       ss_item_sk = i_item_sk and
       ss_cdemo_sk = cd_demo_sk and
       ss_promo_sk = p_promo_sk and
       cd_gender = 'F' and
       cd_marital_status = 'M' and
       cd_education_status = 'Unknown' and
       (p_channel_email = 'N' or p_channel_event = 'N') and
       d_year = 2001
 group by i_item_id
 order by i_item_id
 limit 100;
tpcds.07.sh|2024-04-09 07:07:24|2024-04-09 07:09:45|141
select  i_item_id,
        avg(ss_quantity) agg1,
        avg(ss_list_price) agg2,
        avg(ss_coupon_amt) agg3,
        avg(ss_sales_price) agg4
 from store_sales, customer_demographics, date_dim, item, promotion
 where ss_sold_date_sk = d_date_sk and
       ss_item_sk = i_item_sk and
       ss_cdemo_sk = cd_demo_sk and
       ss_promo_sk = p_promo_sk and
       cd_gender = 'F' and
       cd_marital_status = 'M' and
       cd_education_status = 'Unknown' and
       (p_channel_email = 'N' or p_channel_event = 'N') and
       d_year = 2001
 group by i_item_id
 order by i_item_id
 limit 100;
tpcds.07.sh|2024-04-09 07:09:46|2024-04-09 07:12:13|147
select  i_item_id,
        avg(ss_quantity) agg1,
        avg(ss_list_price) agg2,
        avg(ss_coupon_amt) agg3,
        avg(ss_sales_price) agg4
 from store_sales, customer_demographics, date_dim, item, promotion
 where ss_sold_date_sk = d_date_sk and
       ss_item_sk = i_item_sk and
       ss_cdemo_sk = cd_demo_sk and
       ss_promo_sk = p_promo_sk and
       cd_gender = 'F' and
       cd_marital_status = 'M' and
       cd_education_status = 'Unknown' and
       (p_channel_email = 'N' or p_channel_event = 'N') and
       d_year = 2001
 group by i_item_id
 order by i_item_id
 limit 100;
tpcds.07.sh|2024-04-09 07:12:14|2024-04-09 07:14:42|148
select  i_item_id,
        avg(ss_quantity) agg1,
        avg(ss_list_price) agg2,
        avg(ss_coupon_amt) agg3,
        avg(ss_sales_price) agg4
 from store_sales, customer_demographics, date_dim, item, promotion
 where ss_sold_date_sk = d_date_sk and
       ss_item_sk = i_item_sk and
       ss_cdemo_sk = cd_demo_sk and
       ss_promo_sk = p_promo_sk and
       cd_gender = 'F' and
       cd_marital_status = 'M' and
       cd_education_status = 'Unknown' and
       (p_channel_email = 'N' or p_channel_event = 'N') and
       d_year = 2001
 group by i_item_id
 order by i_item_id
 limit 100;
tpcds.07.sh|2024-04-09 07:14:43|2024-04-09 07:17:22|159
select  i_item_id,
        avg(ss_quantity) agg1,
        avg(ss_list_price) agg2,
        avg(ss_coupon_amt) agg3,
        avg(ss_sales_price) agg4
 from store_sales, customer_demographics, date_dim, item, promotion
 where ss_sold_date_sk = d_date_sk and
       ss_item_sk = i_item_sk and
       ss_cdemo_sk = cd_demo_sk and
       ss_promo_sk = p_promo_sk and
       cd_gender = 'F' and
       cd_marital_status = 'M' and
       cd_education_status = 'Unknown' and
       (p_channel_email = 'N' or p_channel_event = 'N') and
       d_year = 2001
 group by i_item_id
 order by i_item_id
 limit 100;
tpcds.07.sh|2024-04-09 07:17:23|2024-04-09 07:18:57|94
select  i_item_id,
        avg(ss_quantity) agg1,
        avg(ss_list_price) agg2,
        avg(ss_coupon_amt) agg3,
        avg(ss_sales_price) agg4
 from store_sales, customer_demographics, date_dim, item, promotion
 where ss_sold_date_sk = d_date_sk and
       ss_item_sk = i_item_sk and
       ss_cdemo_sk = cd_demo_sk and
       ss_promo_sk = p_promo_sk and
       cd_gender = 'F' and
       cd_marital_status = 'M' and
       cd_education_status = 'Unknown' and
       (p_channel_email = 'N' or p_channel_event = 'N') and
       d_year = 2001
 group by i_item_id
 order by i_item_id
 limit 100;
tpcds.07.sh|2024-04-09 07:18:58|2024-04-09 07:21:29|151
select  i_item_id,
        avg(ss_quantity) agg1,
        avg(ss_list_price) agg2,
        avg(ss_coupon_amt) agg3,
        avg(ss_sales_price) agg4
 from store_sales, customer_demographics, date_dim, item, promotion
 where ss_sold_date_sk = d_date_sk and
       ss_item_sk = i_item_sk and
       ss_cdemo_sk = cd_demo_sk and
       ss_promo_sk = p_promo_sk and
       cd_gender = 'F' and
       cd_marital_status = 'M' and
       cd_education_status = 'Unknown' and
       (p_channel_email = 'N' or p_channel_event = 'N') and
       d_year = 2001
 group by i_item_id
 order by i_item_id
 limit 100;
tpcds.07.sh|2024-04-09 07:21:30|2024-04-09 07:23:40|130
select  i_item_id,
        avg(ss_quantity) agg1,
        avg(ss_list_price) agg2,
        avg(ss_coupon_amt) agg3,
        avg(ss_sales_price) agg4
 from store_sales, customer_demographics, date_dim, item, promotion
 where ss_sold_date_sk = d_date_sk and
       ss_item_sk = i_item_sk and
       ss_cdemo_sk = cd_demo_sk and
       ss_promo_sk = p_promo_sk and
       cd_gender = 'F' and
       cd_marital_status = 'M' and
       cd_education_status = 'Unknown' and
       (p_channel_email = 'N' or p_channel_event = 'N') and
       d_year = 2001
 group by i_item_id
 order by i_item_id
 limit 100;
tpcds.07.sh|2024-04-09 07:23:41|2024-04-09 07:26:25|164
select  i_item_id,
        avg(ss_quantity) agg1,
        avg(ss_list_price) agg2,
        avg(ss_coupon_amt) agg3,
        avg(ss_sales_price) agg4
 from store_sales, customer_demographics, date_dim, item, promotion
 where ss_sold_date_sk = d_date_sk and
       ss_item_sk = i_item_sk and
       ss_cdemo_sk = cd_demo_sk and
       ss_promo_sk = p_promo_sk and
       cd_gender = 'F' and
       cd_marital_status = 'M' and
       cd_education_status = 'Unknown' and
       (p_channel_email = 'N' or p_channel_event = 'N') and
       d_year = 2001
 group by i_item_id
 order by i_item_id
 limit 100;
tpcds.07.sh|2024-04-09 07:26:26|2024-04-09 07:28:52|146
select  i_item_id,
        avg(ss_quantity) agg1,
        avg(ss_list_price) agg2,
        avg(ss_coupon_amt) agg3,
        avg(ss_sales_price) agg4
 from store_sales, customer_demographics, date_dim, item, promotion
 where ss_sold_date_sk = d_date_sk and
       ss_item_sk = i_item_sk and
       ss_cdemo_sk = cd_demo_sk and
       ss_promo_sk = p_promo_sk and
       cd_gender = 'F' and
       cd_marital_status = 'M' and
       cd_education_status = 'Unknown' and
       (p_channel_email = 'N' or p_channel_event = 'N') and
       d_year = 2001
 group by i_item_id
 order by i_item_id
 limit 100;
tpcds.07.sh|2024-04-09 07:28:53|2024-04-09 07:31:07|134
select  i_item_id,
        avg(ss_quantity) agg1,
        avg(ss_list_price) agg2,
        avg(ss_coupon_amt) agg3,
        avg(ss_sales_price) agg4
 from store_sales, customer_demographics, date_dim, item, promotion
 where ss_sold_date_sk = d_date_sk and
       ss_item_sk = i_item_sk and
       ss_cdemo_sk = cd_demo_sk and
       ss_promo_sk = p_promo_sk and
       cd_gender = 'F' and
       cd_marital_status = 'M' and
       cd_education_status = 'Unknown' and
       (p_channel_email = 'N' or p_channel_event = 'N') and
       d_year = 2001
 group by i_item_id
 order by i_item_id
 limit 100;
tpcds.07.sh|2024-04-09 07:31:08|2024-04-09 07:33:09|121
select  i_item_id,
        avg(ss_quantity) agg1,
        avg(ss_list_price) agg2,
        avg(ss_coupon_amt) agg3,
        avg(ss_sales_price) agg4
 from store_sales, customer_demographics, date_dim, item, promotion
 where ss_sold_date_sk = d_date_sk and
       ss_item_sk = i_item_sk and
       ss_cdemo_sk = cd_demo_sk and
       ss_promo_sk = p_promo_sk and
       cd_gender = 'F' and
       cd_marital_status = 'M' and
       cd_education_status = 'Unknown' and
       (p_channel_email = 'N' or p_channel_event = 'N') and
       d_year = 2001
 group by i_item_id
 order by i_item_id
 limit 100;
tpcds.07.sh|2024-04-09 07:33:10|2024-04-09 07:34:43|93
select  i_item_id,
        avg(ss_quantity) agg1,
        avg(ss_list_price) agg2,
        avg(ss_coupon_amt) agg3,
        avg(ss_sales_price) agg4
 from store_sales, customer_demographics, date_dim, item, promotion
 where ss_sold_date_sk = d_date_sk and
       ss_item_sk = i_item_sk and
       ss_cdemo_sk = cd_demo_sk and
       ss_promo_sk = p_promo_sk and
       cd_gender = 'F' and
       cd_marital_status = 'M' and
       cd_education_status = 'Unknown' and
       (p_channel_email = 'N' or p_channel_event = 'N') and
       d_year = 2001
 group by i_item_id
 order by i_item_id
 limit 100;
tpcds.07.sh|2024-04-09 07:34:44|2024-04-09 07:37:00|136
select  i_item_id,
        avg(ss_quantity) agg1,
        avg(ss_list_price) agg2,
        avg(ss_coupon_amt) agg3,
        avg(ss_sales_price) agg4
 from store_sales, customer_demographics, date_dim, item, promotion
 where ss_sold_date_sk = d_date_sk and
       ss_item_sk = i_item_sk and
       ss_cdemo_sk = cd_demo_sk and
       ss_promo_sk = p_promo_sk and
       cd_gender = 'F' and
       cd_marital_status = 'M' and
       cd_education_status = 'Unknown' and
       (p_channel_email = 'N' or p_channel_event = 'N') and
       d_year = 2001
 group by i_item_id
 order by i_item_id
 limit 100;
tpcds.07.sh|2024-04-09 07:37:01|2024-04-09 07:38:56|115
select  i_item_id,
        avg(ss_quantity) agg1,
        avg(ss_list_price) agg2,
        avg(ss_coupon_amt) agg3,
        avg(ss_sales_price) agg4
 from store_sales, customer_demographics, date_dim, item, promotion
 where ss_sold_date_sk = d_date_sk and
       ss_item_sk = i_item_sk and
       ss_cdemo_sk = cd_demo_sk and
       ss_promo_sk = p_promo_sk and
       cd_gender = 'F' and
       cd_marital_status = 'M' and
       cd_education_status = 'Unknown' and
       (p_channel_email = 'N' or p_channel_event = 'N') and
       d_year = 2001
 group by i_item_id
 order by i_item_id
 limit 100;
tpcds.07.sh|2024-04-09 07:38:57|2024-04-09 07:41:40|163
select  i_item_id,
        avg(ss_quantity) agg1,
        avg(ss_list_price) agg2,
        avg(ss_coupon_amt) agg3,
        avg(ss_sales_price) agg4
 from store_sales, customer_demographics, date_dim, item, promotion
 where ss_sold_date_sk = d_date_sk and
       ss_item_sk = i_item_sk and
       ss_cdemo_sk = cd_demo_sk and
       ss_promo_sk = p_promo_sk and
       cd_gender = 'F' and
       cd_marital_status = 'M' and
       cd_education_status = 'Unknown' and
       (p_channel_email = 'N' or p_channel_event = 'N') and
       d_year = 2001
 group by i_item_id
 order by i_item_id
 limit 100;
tpcds.07.sh|2024-04-09 07:41:41|2024-04-09 07:43:32|111
select  i_item_id,
        avg(ss_quantity) agg1,
        avg(ss_list_price) agg2,
        avg(ss_coupon_amt) agg3,
        avg(ss_sales_price) agg4
 from store_sales, customer_demographics, date_dim, item, promotion
 where ss_sold_date_sk = d_date_sk and
       ss_item_sk = i_item_sk and
       ss_cdemo_sk = cd_demo_sk and
       ss_promo_sk = p_promo_sk and
       cd_gender = 'F' and
       cd_marital_status = 'M' and
       cd_education_status = 'Unknown' and
       (p_channel_email = 'N' or p_channel_event = 'N') and
       d_year = 2001
 group by i_item_id
 order by i_item_id
 limit 100;
tpcds.07.sh|2024-04-09 07:43:33|2024-04-09 07:45:32|119
select  i_item_id,
        avg(ss_quantity) agg1,
        avg(ss_list_price) agg2,
        avg(ss_coupon_amt) agg3,
        avg(ss_sales_price) agg4
 from store_sales, customer_demographics, date_dim, item, promotion
 where ss_sold_date_sk = d_date_sk and
       ss_item_sk = i_item_sk and
       ss_cdemo_sk = cd_demo_sk and
       ss_promo_sk = p_promo_sk and
       cd_gender = 'F' and
       cd_marital_status = 'M' and
       cd_education_status = 'Unknown' and
       (p_channel_email = 'N' or p_channel_event = 'N') and
       d_year = 2001
 group by i_item_id
 order by i_item_id
 limit 100;
tpcds.07.sh|2024-04-09 07:45:33|2024-04-09 07:48:38|185
select  i_item_id,
        avg(ss_quantity) agg1,
        avg(ss_list_price) agg2,
        avg(ss_coupon_amt) agg3,
        avg(ss_sales_price) agg4
 from store_sales, customer_demographics, date_dim, item, promotion
 where ss_sold_date_sk = d_date_sk and
       ss_item_sk = i_item_sk and
       ss_cdemo_sk = cd_demo_sk and
       ss_promo_sk = p_promo_sk and
       cd_gender = 'F' and
       cd_marital_status = 'M' and
       cd_education_status = 'Unknown' and
       (p_channel_email = 'N' or p_channel_event = 'N') and
       d_year = 2001
 group by i_item_id
 order by i_item_id
 limit 100;
tpcds.07.sh|2024-04-09 07:48:39|2024-04-09 07:50:14|95
select  i_item_id,
        avg(ss_quantity) agg1,
        avg(ss_list_price) agg2,
        avg(ss_coupon_amt) agg3,
        avg(ss_sales_price) agg4
 from store_sales, customer_demographics, date_dim, item, promotion
 where ss_sold_date_sk = d_date_sk and
       ss_item_sk = i_item_sk and
       ss_cdemo_sk = cd_demo_sk and
       ss_promo_sk = p_promo_sk and
       cd_gender = 'F' and
       cd_marital_status = 'M' and
       cd_education_status = 'Unknown' and
       (p_channel_email = 'N' or p_channel_event = 'N') and
       d_year = 2001
 group by i_item_id
 order by i_item_id
 limit 100;
tpcds.07.sh|2024-04-09 07:50:15|2024-04-09 07:52:21|126
select  i_item_id,
        avg(ss_quantity) agg1,
        avg(ss_list_price) agg2,
        avg(ss_coupon_amt) agg3,
        avg(ss_sales_price) agg4
 from store_sales, customer_demographics, date_dim, item, promotion
 where ss_sold_date_sk = d_date_sk and
       ss_item_sk = i_item_sk and
       ss_cdemo_sk = cd_demo_sk and
       ss_promo_sk = p_promo_sk and
       cd_gender = 'F' and
       cd_marital_status = 'M' and
       cd_education_status = 'Unknown' and
       (p_channel_email = 'N' or p_channel_event = 'N') and
       d_year = 2001
 group by i_item_id
 order by i_item_id
 limit 100;
ERROR:  canceling statement due to user request
tpcds.07.sh|2024-04-09 07:52:22|2024-04-09 07:54:09|107
