select  a.ca_state state, count(*) cnt
 from customer_address a
     ,customer c
     ,store_sales s
     ,date_dim d
     ,item i
 where       a.ca_address_sk = c.c_current_addr_sk
 	and c.c_customer_sk = s.ss_customer_sk
 	and s.ss_sold_date_sk = d.d_date_sk
 	and s.ss_item_sk = i.i_item_sk
 	and d.d_month_seq =
 	     (select distinct (d_month_seq)
 	      from date_dim
               where d_year = 2002
 	        and d_moy = 4 )
 	and i.i_current_price > 1.2 *
             (select avg(j.i_current_price)
 	     from item j
 	     where j.i_category = i.i_category)
 group by a.ca_state
 having count(*) >= 10
 order by cnt
 limit 100;
tpcds.06.sh|2024-03-19 21:18:04|2024-03-19 21:21:40|216
select  a.ca_state state, count(*) cnt
 from customer_address a
     ,customer c
     ,store_sales s
     ,date_dim d
     ,item i
 where       a.ca_address_sk = c.c_current_addr_sk
 	and c.c_customer_sk = s.ss_customer_sk
 	and s.ss_sold_date_sk = d.d_date_sk
 	and s.ss_item_sk = i.i_item_sk
 	and d.d_month_seq =
 	     (select distinct (d_month_seq)
 	      from date_dim
               where d_year = 2002
 	        and d_moy = 4 )
 	and i.i_current_price > 1.2 *
             (select avg(j.i_current_price)
 	     from item j
 	     where j.i_category = i.i_category)
 group by a.ca_state
 having count(*) >= 10
 order by cnt
 limit 100;
tpcds.06.sh|2024-03-19 21:21:41|2024-03-19 21:24:41|180
select  a.ca_state state, count(*) cnt
 from customer_address a
     ,customer c
     ,store_sales s
     ,date_dim d
     ,item i
 where       a.ca_address_sk = c.c_current_addr_sk
 	and c.c_customer_sk = s.ss_customer_sk
 	and s.ss_sold_date_sk = d.d_date_sk
 	and s.ss_item_sk = i.i_item_sk
 	and d.d_month_seq =
 	     (select distinct (d_month_seq)
 	      from date_dim
               where d_year = 2002
 	        and d_moy = 4 )
 	and i.i_current_price > 1.2 *
             (select avg(j.i_current_price)
 	     from item j
 	     where j.i_category = i.i_category)
 group by a.ca_state
 having count(*) >= 10
 order by cnt
 limit 100;
tpcds.06.sh|2024-03-19 21:24:42|2024-03-19 21:26:15|93
select  a.ca_state state, count(*) cnt
 from customer_address a
     ,customer c
     ,store_sales s
     ,date_dim d
     ,item i
 where       a.ca_address_sk = c.c_current_addr_sk
 	and c.c_customer_sk = s.ss_customer_sk
 	and s.ss_sold_date_sk = d.d_date_sk
 	and s.ss_item_sk = i.i_item_sk
 	and d.d_month_seq =
 	     (select distinct (d_month_seq)
 	      from date_dim
               where d_year = 2002
 	        and d_moy = 4 )
 	and i.i_current_price > 1.2 *
             (select avg(j.i_current_price)
 	     from item j
 	     where j.i_category = i.i_category)
 group by a.ca_state
 having count(*) >= 10
 order by cnt
 limit 100;
tpcds.06.sh|2024-03-19 21:26:16|2024-03-19 21:27:35|79
select  a.ca_state state, count(*) cnt
 from customer_address a
     ,customer c
     ,store_sales s
     ,date_dim d
     ,item i
 where       a.ca_address_sk = c.c_current_addr_sk
 	and c.c_customer_sk = s.ss_customer_sk
 	and s.ss_sold_date_sk = d.d_date_sk
 	and s.ss_item_sk = i.i_item_sk
 	and d.d_month_seq =
 	     (select distinct (d_month_seq)
 	      from date_dim
               where d_year = 2002
 	        and d_moy = 4 )
 	and i.i_current_price > 1.2 *
             (select avg(j.i_current_price)
 	     from item j
 	     where j.i_category = i.i_category)
 group by a.ca_state
 having count(*) >= 10
 order by cnt
 limit 100;
tpcds.06.sh|2024-03-19 21:27:36|2024-03-19 21:29:26|110
select  a.ca_state state, count(*) cnt
 from customer_address a
     ,customer c
     ,store_sales s
     ,date_dim d
     ,item i
 where       a.ca_address_sk = c.c_current_addr_sk
 	and c.c_customer_sk = s.ss_customer_sk
 	and s.ss_sold_date_sk = d.d_date_sk
 	and s.ss_item_sk = i.i_item_sk
 	and d.d_month_seq =
 	     (select distinct (d_month_seq)
 	      from date_dim
               where d_year = 2002
 	        and d_moy = 4 )
 	and i.i_current_price > 1.2 *
             (select avg(j.i_current_price)
 	     from item j
 	     where j.i_category = i.i_category)
 group by a.ca_state
 having count(*) >= 10
 order by cnt
 limit 100;
tpcds.06.sh|2024-03-19 21:29:27|2024-03-19 21:31:16|109
select  a.ca_state state, count(*) cnt
 from customer_address a
     ,customer c
     ,store_sales s
     ,date_dim d
     ,item i
 where       a.ca_address_sk = c.c_current_addr_sk
 	and c.c_customer_sk = s.ss_customer_sk
 	and s.ss_sold_date_sk = d.d_date_sk
 	and s.ss_item_sk = i.i_item_sk
 	and d.d_month_seq =
 	     (select distinct (d_month_seq)
 	      from date_dim
               where d_year = 2002
 	        and d_moy = 4 )
 	and i.i_current_price > 1.2 *
             (select avg(j.i_current_price)
 	     from item j
 	     where j.i_category = i.i_category)
 group by a.ca_state
 having count(*) >= 10
 order by cnt
 limit 100;
tpcds.06.sh|2024-03-19 21:31:17|2024-03-19 21:33:12|115
select  a.ca_state state, count(*) cnt
 from customer_address a
     ,customer c
     ,store_sales s
     ,date_dim d
     ,item i
 where       a.ca_address_sk = c.c_current_addr_sk
 	and c.c_customer_sk = s.ss_customer_sk
 	and s.ss_sold_date_sk = d.d_date_sk
 	and s.ss_item_sk = i.i_item_sk
 	and d.d_month_seq =
 	     (select distinct (d_month_seq)
 	      from date_dim
               where d_year = 2002
 	        and d_moy = 4 )
 	and i.i_current_price > 1.2 *
             (select avg(j.i_current_price)
 	     from item j
 	     where j.i_category = i.i_category)
 group by a.ca_state
 having count(*) >= 10
 order by cnt
 limit 100;
tpcds.06.sh|2024-03-19 21:33:13|2024-03-19 21:35:29|136
select  a.ca_state state, count(*) cnt
 from customer_address a
     ,customer c
     ,store_sales s
     ,date_dim d
     ,item i
 where       a.ca_address_sk = c.c_current_addr_sk
 	and c.c_customer_sk = s.ss_customer_sk
 	and s.ss_sold_date_sk = d.d_date_sk
 	and s.ss_item_sk = i.i_item_sk
 	and d.d_month_seq =
 	     (select distinct (d_month_seq)
 	      from date_dim
               where d_year = 2002
 	        and d_moy = 4 )
 	and i.i_current_price > 1.2 *
             (select avg(j.i_current_price)
 	     from item j
 	     where j.i_category = i.i_category)
 group by a.ca_state
 having count(*) >= 10
 order by cnt
 limit 100;
tpcds.06.sh|2024-03-19 21:35:30|2024-03-19 21:37:51|141
select  a.ca_state state, count(*) cnt
 from customer_address a
     ,customer c
     ,store_sales s
     ,date_dim d
     ,item i
 where       a.ca_address_sk = c.c_current_addr_sk
 	and c.c_customer_sk = s.ss_customer_sk
 	and s.ss_sold_date_sk = d.d_date_sk
 	and s.ss_item_sk = i.i_item_sk
 	and d.d_month_seq =
 	     (select distinct (d_month_seq)
 	      from date_dim
               where d_year = 2002
 	        and d_moy = 4 )
 	and i.i_current_price > 1.2 *
             (select avg(j.i_current_price)
 	     from item j
 	     where j.i_category = i.i_category)
 group by a.ca_state
 having count(*) >= 10
 order by cnt
 limit 100;
tpcds.06.sh|2024-03-19 21:37:52|2024-03-19 21:40:03|131
select  a.ca_state state, count(*) cnt
 from customer_address a
     ,customer c
     ,store_sales s
     ,date_dim d
     ,item i
 where       a.ca_address_sk = c.c_current_addr_sk
 	and c.c_customer_sk = s.ss_customer_sk
 	and s.ss_sold_date_sk = d.d_date_sk
 	and s.ss_item_sk = i.i_item_sk
 	and d.d_month_seq =
 	     (select distinct (d_month_seq)
 	      from date_dim
               where d_year = 2002
 	        and d_moy = 4 )
 	and i.i_current_price > 1.2 *
             (select avg(j.i_current_price)
 	     from item j
 	     where j.i_category = i.i_category)
 group by a.ca_state
 having count(*) >= 10
 order by cnt
 limit 100;
tpcds.06.sh|2024-03-19 21:40:04|2024-03-19 21:42:09|125
select  a.ca_state state, count(*) cnt
 from customer_address a
     ,customer c
     ,store_sales s
     ,date_dim d
     ,item i
 where       a.ca_address_sk = c.c_current_addr_sk
 	and c.c_customer_sk = s.ss_customer_sk
 	and s.ss_sold_date_sk = d.d_date_sk
 	and s.ss_item_sk = i.i_item_sk
 	and d.d_month_seq =
 	     (select distinct (d_month_seq)
 	      from date_dim
               where d_year = 2002
 	        and d_moy = 4 )
 	and i.i_current_price > 1.2 *
             (select avg(j.i_current_price)
 	     from item j
 	     where j.i_category = i.i_category)
 group by a.ca_state
 having count(*) >= 10
 order by cnt
 limit 100;
tpcds.06.sh|2024-03-19 21:42:10|2024-03-19 21:43:30|80
select  a.ca_state state, count(*) cnt
 from customer_address a
     ,customer c
     ,store_sales s
     ,date_dim d
     ,item i
 where       a.ca_address_sk = c.c_current_addr_sk
 	and c.c_customer_sk = s.ss_customer_sk
 	and s.ss_sold_date_sk = d.d_date_sk
 	and s.ss_item_sk = i.i_item_sk
 	and d.d_month_seq =
 	     (select distinct (d_month_seq)
 	      from date_dim
               where d_year = 2002
 	        and d_moy = 4 )
 	and i.i_current_price > 1.2 *
             (select avg(j.i_current_price)
 	     from item j
 	     where j.i_category = i.i_category)
 group by a.ca_state
 having count(*) >= 10
 order by cnt
 limit 100;
tpcds.06.sh|2024-03-19 21:43:31|2024-03-19 21:46:10|159
select  a.ca_state state, count(*) cnt
 from customer_address a
     ,customer c
     ,store_sales s
     ,date_dim d
     ,item i
 where       a.ca_address_sk = c.c_current_addr_sk
 	and c.c_customer_sk = s.ss_customer_sk
 	and s.ss_sold_date_sk = d.d_date_sk
 	and s.ss_item_sk = i.i_item_sk
 	and d.d_month_seq =
 	     (select distinct (d_month_seq)
 	      from date_dim
               where d_year = 2002
 	        and d_moy = 4 )
 	and i.i_current_price > 1.2 *
             (select avg(j.i_current_price)
 	     from item j
 	     where j.i_category = i.i_category)
 group by a.ca_state
 having count(*) >= 10
 order by cnt
 limit 100;
tpcds.06.sh|2024-03-19 21:46:11|2024-03-19 21:47:39|88
select  a.ca_state state, count(*) cnt
 from customer_address a
     ,customer c
     ,store_sales s
     ,date_dim d
     ,item i
 where       a.ca_address_sk = c.c_current_addr_sk
 	and c.c_customer_sk = s.ss_customer_sk
 	and s.ss_sold_date_sk = d.d_date_sk
 	and s.ss_item_sk = i.i_item_sk
 	and d.d_month_seq =
 	     (select distinct (d_month_seq)
 	      from date_dim
               where d_year = 2002
 	        and d_moy = 4 )
 	and i.i_current_price > 1.2 *
             (select avg(j.i_current_price)
 	     from item j
 	     where j.i_category = i.i_category)
 group by a.ca_state
 having count(*) >= 10
 order by cnt
 limit 100;
tpcds.06.sh|2024-03-19 21:47:40|2024-03-19 21:49:42|122
select  a.ca_state state, count(*) cnt
 from customer_address a
     ,customer c
     ,store_sales s
     ,date_dim d
     ,item i
 where       a.ca_address_sk = c.c_current_addr_sk
 	and c.c_customer_sk = s.ss_customer_sk
 	and s.ss_sold_date_sk = d.d_date_sk
 	and s.ss_item_sk = i.i_item_sk
 	and d.d_month_seq =
 	     (select distinct (d_month_seq)
 	      from date_dim
               where d_year = 2002
 	        and d_moy = 4 )
 	and i.i_current_price > 1.2 *
             (select avg(j.i_current_price)
 	     from item j
 	     where j.i_category = i.i_category)
 group by a.ca_state
 having count(*) >= 10
 order by cnt
 limit 100;
tpcds.06.sh|2024-03-19 21:49:43|2024-03-19 21:50:28|45
select  a.ca_state state, count(*) cnt
 from customer_address a
     ,customer c
     ,store_sales s
     ,date_dim d
     ,item i
 where       a.ca_address_sk = c.c_current_addr_sk
 	and c.c_customer_sk = s.ss_customer_sk
 	and s.ss_sold_date_sk = d.d_date_sk
 	and s.ss_item_sk = i.i_item_sk
 	and d.d_month_seq =
 	     (select distinct (d_month_seq)
 	      from date_dim
               where d_year = 2002
 	        and d_moy = 4 )
 	and i.i_current_price > 1.2 *
             (select avg(j.i_current_price)
 	     from item j
 	     where j.i_category = i.i_category)
 group by a.ca_state
 having count(*) >= 10
 order by cnt
 limit 100;
tpcds.06.sh|2024-03-19 21:50:29|2024-03-19 21:51:50|81
select  a.ca_state state, count(*) cnt
 from customer_address a
     ,customer c
     ,store_sales s
     ,date_dim d
     ,item i
 where       a.ca_address_sk = c.c_current_addr_sk
 	and c.c_customer_sk = s.ss_customer_sk
 	and s.ss_sold_date_sk = d.d_date_sk
 	and s.ss_item_sk = i.i_item_sk
 	and d.d_month_seq =
 	     (select distinct (d_month_seq)
 	      from date_dim
               where d_year = 2002
 	        and d_moy = 4 )
 	and i.i_current_price > 1.2 *
             (select avg(j.i_current_price)
 	     from item j
 	     where j.i_category = i.i_category)
 group by a.ca_state
 having count(*) >= 10
 order by cnt
 limit 100;
tpcds.06.sh|2024-03-19 21:51:51|2024-03-19 21:54:19|148
select  a.ca_state state, count(*) cnt
 from customer_address a
     ,customer c
     ,store_sales s
     ,date_dim d
     ,item i
 where       a.ca_address_sk = c.c_current_addr_sk
 	and c.c_customer_sk = s.ss_customer_sk
 	and s.ss_sold_date_sk = d.d_date_sk
 	and s.ss_item_sk = i.i_item_sk
 	and d.d_month_seq =
 	     (select distinct (d_month_seq)
 	      from date_dim
               where d_year = 2002
 	        and d_moy = 4 )
 	and i.i_current_price > 1.2 *
             (select avg(j.i_current_price)
 	     from item j
 	     where j.i_category = i.i_category)
 group by a.ca_state
 having count(*) >= 10
 order by cnt
 limit 100;
tpcds.06.sh|2024-03-19 21:54:20|2024-03-19 21:55:57|97
select  a.ca_state state, count(*) cnt
 from customer_address a
     ,customer c
     ,store_sales s
     ,date_dim d
     ,item i
 where       a.ca_address_sk = c.c_current_addr_sk
 	and c.c_customer_sk = s.ss_customer_sk
 	and s.ss_sold_date_sk = d.d_date_sk
 	and s.ss_item_sk = i.i_item_sk
 	and d.d_month_seq =
 	     (select distinct (d_month_seq)
 	      from date_dim
               where d_year = 2002
 	        and d_moy = 4 )
 	and i.i_current_price > 1.2 *
             (select avg(j.i_current_price)
 	     from item j
 	     where j.i_category = i.i_category)
 group by a.ca_state
 having count(*) >= 10
 order by cnt
 limit 100;
tpcds.06.sh|2024-03-19 21:55:58|2024-03-19 21:57:02|64
select  a.ca_state state, count(*) cnt
 from customer_address a
     ,customer c
     ,store_sales s
     ,date_dim d
     ,item i
 where       a.ca_address_sk = c.c_current_addr_sk
 	and c.c_customer_sk = s.ss_customer_sk
 	and s.ss_sold_date_sk = d.d_date_sk
 	and s.ss_item_sk = i.i_item_sk
 	and d.d_month_seq =
 	     (select distinct (d_month_seq)
 	      from date_dim
               where d_year = 2002
 	        and d_moy = 4 )
 	and i.i_current_price > 1.2 *
             (select avg(j.i_current_price)
 	     from item j
 	     where j.i_category = i.i_category)
 group by a.ca_state
 having count(*) >= 10
 order by cnt
 limit 100;
tpcds.06.sh|2024-03-19 21:57:03|2024-03-19 22:00:01|178
select  a.ca_state state, count(*) cnt
 from customer_address a
     ,customer c
     ,store_sales s
     ,date_dim d
     ,item i
 where       a.ca_address_sk = c.c_current_addr_sk
 	and c.c_customer_sk = s.ss_customer_sk
 	and s.ss_sold_date_sk = d.d_date_sk
 	and s.ss_item_sk = i.i_item_sk
 	and d.d_month_seq =
 	     (select distinct (d_month_seq)
 	      from date_dim
               where d_year = 2002
 	        and d_moy = 4 )
 	and i.i_current_price > 1.2 *
             (select avg(j.i_current_price)
 	     from item j
 	     where j.i_category = i.i_category)
 group by a.ca_state
 having count(*) >= 10
 order by cnt
 limit 100;
tpcds.06.sh|2024-03-19 22:00:02|2024-03-19 22:01:36|94
select  a.ca_state state, count(*) cnt
 from customer_address a
     ,customer c
     ,store_sales s
     ,date_dim d
     ,item i
 where       a.ca_address_sk = c.c_current_addr_sk
 	and c.c_customer_sk = s.ss_customer_sk
 	and s.ss_sold_date_sk = d.d_date_sk
 	and s.ss_item_sk = i.i_item_sk
 	and d.d_month_seq =
 	     (select distinct (d_month_seq)
 	      from date_dim
               where d_year = 2002
 	        and d_moy = 4 )
 	and i.i_current_price > 1.2 *
             (select avg(j.i_current_price)
 	     from item j
 	     where j.i_category = i.i_category)
 group by a.ca_state
 having count(*) >= 10
 order by cnt
 limit 100;
tpcds.06.sh|2024-03-19 22:01:37|2024-03-19 22:03:13|96
select  a.ca_state state, count(*) cnt
 from customer_address a
     ,customer c
     ,store_sales s
     ,date_dim d
     ,item i
 where       a.ca_address_sk = c.c_current_addr_sk
 	and c.c_customer_sk = s.ss_customer_sk
 	and s.ss_sold_date_sk = d.d_date_sk
 	and s.ss_item_sk = i.i_item_sk
 	and d.d_month_seq =
 	     (select distinct (d_month_seq)
 	      from date_dim
               where d_year = 2002
 	        and d_moy = 4 )
 	and i.i_current_price > 1.2 *
             (select avg(j.i_current_price)
 	     from item j
 	     where j.i_category = i.i_category)
 group by a.ca_state
 having count(*) >= 10
 order by cnt
 limit 100;
tpcds.06.sh|2024-03-19 22:03:14|2024-03-19 22:06:07|173
select  a.ca_state state, count(*) cnt
 from customer_address a
     ,customer c
     ,store_sales s
     ,date_dim d
     ,item i
 where       a.ca_address_sk = c.c_current_addr_sk
 	and c.c_customer_sk = s.ss_customer_sk
 	and s.ss_sold_date_sk = d.d_date_sk
 	and s.ss_item_sk = i.i_item_sk
 	and d.d_month_seq =
 	     (select distinct (d_month_seq)
 	      from date_dim
               where d_year = 2002
 	        and d_moy = 4 )
 	and i.i_current_price > 1.2 *
             (select avg(j.i_current_price)
 	     from item j
 	     where j.i_category = i.i_category)
 group by a.ca_state
 having count(*) >= 10
 order by cnt
 limit 100;
tpcds.06.sh|2024-03-19 22:06:08|2024-03-19 22:07:42|94
select  a.ca_state state, count(*) cnt
 from customer_address a
     ,customer c
     ,store_sales s
     ,date_dim d
     ,item i
 where       a.ca_address_sk = c.c_current_addr_sk
 	and c.c_customer_sk = s.ss_customer_sk
 	and s.ss_sold_date_sk = d.d_date_sk
 	and s.ss_item_sk = i.i_item_sk
 	and d.d_month_seq =
 	     (select distinct (d_month_seq)
 	      from date_dim
               where d_year = 2002
 	        and d_moy = 4 )
 	and i.i_current_price > 1.2 *
             (select avg(j.i_current_price)
 	     from item j
 	     where j.i_category = i.i_category)
 group by a.ca_state
 having count(*) >= 10
 order by cnt
 limit 100;
tpcds.06.sh|2024-03-19 22:07:43|2024-03-19 22:08:52|69
select  a.ca_state state, count(*) cnt
 from customer_address a
     ,customer c
     ,store_sales s
     ,date_dim d
     ,item i
 where       a.ca_address_sk = c.c_current_addr_sk
 	and c.c_customer_sk = s.ss_customer_sk
 	and s.ss_sold_date_sk = d.d_date_sk
 	and s.ss_item_sk = i.i_item_sk
 	and d.d_month_seq =
 	     (select distinct (d_month_seq)
 	      from date_dim
               where d_year = 2002
 	        and d_moy = 4 )
 	and i.i_current_price > 1.2 *
             (select avg(j.i_current_price)
 	     from item j
 	     where j.i_category = i.i_category)
 group by a.ca_state
 having count(*) >= 10
 order by cnt
 limit 100;
tpcds.06.sh|2024-03-19 22:08:53|2024-03-19 22:10:17|84
select  a.ca_state state, count(*) cnt
 from customer_address a
     ,customer c
     ,store_sales s
     ,date_dim d
     ,item i
 where       a.ca_address_sk = c.c_current_addr_sk
 	and c.c_customer_sk = s.ss_customer_sk
 	and s.ss_sold_date_sk = d.d_date_sk
 	and s.ss_item_sk = i.i_item_sk
 	and d.d_month_seq =
 	     (select distinct (d_month_seq)
 	      from date_dim
               where d_year = 2002
 	        and d_moy = 4 )
 	and i.i_current_price > 1.2 *
             (select avg(j.i_current_price)
 	     from item j
 	     where j.i_category = i.i_category)
 group by a.ca_state
 having count(*) >= 10
 order by cnt
 limit 100;
tpcds.06.sh|2024-03-19 22:10:18|2024-03-19 22:11:10|52
select  a.ca_state state, count(*) cnt
 from customer_address a
     ,customer c
     ,store_sales s
     ,date_dim d
     ,item i
 where       a.ca_address_sk = c.c_current_addr_sk
 	and c.c_customer_sk = s.ss_customer_sk
 	and s.ss_sold_date_sk = d.d_date_sk
 	and s.ss_item_sk = i.i_item_sk
 	and d.d_month_seq =
 	     (select distinct (d_month_seq)
 	      from date_dim
               where d_year = 2002
 	        and d_moy = 4 )
 	and i.i_current_price > 1.2 *
             (select avg(j.i_current_price)
 	     from item j
 	     where j.i_category = i.i_category)
 group by a.ca_state
 having count(*) >= 10
 order by cnt
 limit 100;
tpcds.06.sh|2024-03-19 22:11:11|2024-03-19 22:11:58|47
select  a.ca_state state, count(*) cnt
 from customer_address a
     ,customer c
     ,store_sales s
     ,date_dim d
     ,item i
 where       a.ca_address_sk = c.c_current_addr_sk
 	and c.c_customer_sk = s.ss_customer_sk
 	and s.ss_sold_date_sk = d.d_date_sk
 	and s.ss_item_sk = i.i_item_sk
 	and d.d_month_seq =
 	     (select distinct (d_month_seq)
 	      from date_dim
               where d_year = 2002
 	        and d_moy = 4 )
 	and i.i_current_price > 1.2 *
             (select avg(j.i_current_price)
 	     from item j
 	     where j.i_category = i.i_category)
 group by a.ca_state
 having count(*) >= 10
 order by cnt
 limit 100;
tpcds.06.sh|2024-03-19 22:11:59|2024-03-19 22:14:30|151
select  a.ca_state state, count(*) cnt
 from customer_address a
     ,customer c
     ,store_sales s
     ,date_dim d
     ,item i
 where       a.ca_address_sk = c.c_current_addr_sk
 	and c.c_customer_sk = s.ss_customer_sk
 	and s.ss_sold_date_sk = d.d_date_sk
 	and s.ss_item_sk = i.i_item_sk
 	and d.d_month_seq =
 	     (select distinct (d_month_seq)
 	      from date_dim
               where d_year = 2002
 	        and d_moy = 4 )
 	and i.i_current_price > 1.2 *
             (select avg(j.i_current_price)
 	     from item j
 	     where j.i_category = i.i_category)
 group by a.ca_state
 having count(*) >= 10
 order by cnt
 limit 100;
tpcds.06.sh|2024-03-19 22:14:31|2024-03-19 22:16:10|99
select  a.ca_state state, count(*) cnt
 from customer_address a
     ,customer c
     ,store_sales s
     ,date_dim d
     ,item i
 where       a.ca_address_sk = c.c_current_addr_sk
 	and c.c_customer_sk = s.ss_customer_sk
 	and s.ss_sold_date_sk = d.d_date_sk
 	and s.ss_item_sk = i.i_item_sk
 	and d.d_month_seq =
 	     (select distinct (d_month_seq)
 	      from date_dim
               where d_year = 2002
 	        and d_moy = 4 )
 	and i.i_current_price > 1.2 *
             (select avg(j.i_current_price)
 	     from item j
 	     where j.i_category = i.i_category)
 group by a.ca_state
 having count(*) >= 10
 order by cnt
 limit 100;
tpcds.06.sh|2024-03-19 22:16:11|2024-03-19 22:17:24|73
select  a.ca_state state, count(*) cnt
 from customer_address a
     ,customer c
     ,store_sales s
     ,date_dim d
     ,item i
 where       a.ca_address_sk = c.c_current_addr_sk
 	and c.c_customer_sk = s.ss_customer_sk
 	and s.ss_sold_date_sk = d.d_date_sk
 	and s.ss_item_sk = i.i_item_sk
 	and d.d_month_seq =
 	     (select distinct (d_month_seq)
 	      from date_dim
               where d_year = 2002
 	        and d_moy = 4 )
 	and i.i_current_price > 1.2 *
             (select avg(j.i_current_price)
 	     from item j
 	     where j.i_category = i.i_category)
 group by a.ca_state
 having count(*) >= 10
 order by cnt
 limit 100;
tpcds.06.sh|2024-03-19 22:17:25|2024-03-19 22:18:35|70
select  a.ca_state state, count(*) cnt
 from customer_address a
     ,customer c
     ,store_sales s
     ,date_dim d
     ,item i
 where       a.ca_address_sk = c.c_current_addr_sk
 	and c.c_customer_sk = s.ss_customer_sk
 	and s.ss_sold_date_sk = d.d_date_sk
 	and s.ss_item_sk = i.i_item_sk
 	and d.d_month_seq =
 	     (select distinct (d_month_seq)
 	      from date_dim
               where d_year = 2002
 	        and d_moy = 4 )
 	and i.i_current_price > 1.2 *
             (select avg(j.i_current_price)
 	     from item j
 	     where j.i_category = i.i_category)
 group by a.ca_state
 having count(*) >= 10
 order by cnt
 limit 100;
tpcds.06.sh|2024-03-19 22:18:36|2024-03-19 22:19:58|82
select  a.ca_state state, count(*) cnt
 from customer_address a
     ,customer c
     ,store_sales s
     ,date_dim d
     ,item i
 where       a.ca_address_sk = c.c_current_addr_sk
 	and c.c_customer_sk = s.ss_customer_sk
 	and s.ss_sold_date_sk = d.d_date_sk
 	and s.ss_item_sk = i.i_item_sk
 	and d.d_month_seq =
 	     (select distinct (d_month_seq)
 	      from date_dim
               where d_year = 2002
 	        and d_moy = 4 )
 	and i.i_current_price > 1.2 *
             (select avg(j.i_current_price)
 	     from item j
 	     where j.i_category = i.i_category)
 group by a.ca_state
 having count(*) >= 10
 order by cnt
 limit 100;
tpcds.06.sh|2024-03-19 22:19:59|2024-03-19 22:22:40|161
select  a.ca_state state, count(*) cnt
 from customer_address a
     ,customer c
     ,store_sales s
     ,date_dim d
     ,item i
 where       a.ca_address_sk = c.c_current_addr_sk
 	and c.c_customer_sk = s.ss_customer_sk
 	and s.ss_sold_date_sk = d.d_date_sk
 	and s.ss_item_sk = i.i_item_sk
 	and d.d_month_seq =
 	     (select distinct (d_month_seq)
 	      from date_dim
               where d_year = 2002
 	        and d_moy = 4 )
 	and i.i_current_price > 1.2 *
             (select avg(j.i_current_price)
 	     from item j
 	     where j.i_category = i.i_category)
 group by a.ca_state
 having count(*) >= 10
 order by cnt
 limit 100;
tpcds.06.sh|2024-03-19 22:22:41|2024-03-19 22:24:53|132
select  a.ca_state state, count(*) cnt
 from customer_address a
     ,customer c
     ,store_sales s
     ,date_dim d
     ,item i
 where       a.ca_address_sk = c.c_current_addr_sk
 	and c.c_customer_sk = s.ss_customer_sk
 	and s.ss_sold_date_sk = d.d_date_sk
 	and s.ss_item_sk = i.i_item_sk
 	and d.d_month_seq =
 	     (select distinct (d_month_seq)
 	      from date_dim
               where d_year = 2002
 	        and d_moy = 4 )
 	and i.i_current_price > 1.2 *
             (select avg(j.i_current_price)
 	     from item j
 	     where j.i_category = i.i_category)
 group by a.ca_state
 having count(*) >= 10
 order by cnt
 limit 100;
tpcds.06.sh|2024-03-19 22:24:54|2024-03-19 22:26:26|92
select  a.ca_state state, count(*) cnt
 from customer_address a
     ,customer c
     ,store_sales s
     ,date_dim d
     ,item i
 where       a.ca_address_sk = c.c_current_addr_sk
 	and c.c_customer_sk = s.ss_customer_sk
 	and s.ss_sold_date_sk = d.d_date_sk
 	and s.ss_item_sk = i.i_item_sk
 	and d.d_month_seq =
 	     (select distinct (d_month_seq)
 	      from date_dim
               where d_year = 2002
 	        and d_moy = 4 )
 	and i.i_current_price > 1.2 *
             (select avg(j.i_current_price)
 	     from item j
 	     where j.i_category = i.i_category)
 group by a.ca_state
 having count(*) >= 10
 order by cnt
 limit 100;
tpcds.06.sh|2024-03-19 22:26:27|2024-03-19 22:27:07|40
select  a.ca_state state, count(*) cnt
 from customer_address a
     ,customer c
     ,store_sales s
     ,date_dim d
     ,item i
 where       a.ca_address_sk = c.c_current_addr_sk
 	and c.c_customer_sk = s.ss_customer_sk
 	and s.ss_sold_date_sk = d.d_date_sk
 	and s.ss_item_sk = i.i_item_sk
 	and d.d_month_seq =
 	     (select distinct (d_month_seq)
 	      from date_dim
               where d_year = 2002
 	        and d_moy = 4 )
 	and i.i_current_price > 1.2 *
             (select avg(j.i_current_price)
 	     from item j
 	     where j.i_category = i.i_category)
 group by a.ca_state
 having count(*) >= 10
 order by cnt
 limit 100;
tpcds.06.sh|2024-03-19 22:27:08|2024-03-19 22:27:52|44
select  a.ca_state state, count(*) cnt
 from customer_address a
     ,customer c
     ,store_sales s
     ,date_dim d
     ,item i
 where       a.ca_address_sk = c.c_current_addr_sk
 	and c.c_customer_sk = s.ss_customer_sk
 	and s.ss_sold_date_sk = d.d_date_sk
 	and s.ss_item_sk = i.i_item_sk
 	and d.d_month_seq =
 	     (select distinct (d_month_seq)
 	      from date_dim
               where d_year = 2002
 	        and d_moy = 4 )
 	and i.i_current_price > 1.2 *
             (select avg(j.i_current_price)
 	     from item j
 	     where j.i_category = i.i_category)
 group by a.ca_state
 having count(*) >= 10
 order by cnt
 limit 100;
tpcds.06.sh|2024-03-19 22:27:53|2024-03-19 22:29:50|117
select  a.ca_state state, count(*) cnt
 from customer_address a
     ,customer c
     ,store_sales s
     ,date_dim d
     ,item i
 where       a.ca_address_sk = c.c_current_addr_sk
 	and c.c_customer_sk = s.ss_customer_sk
 	and s.ss_sold_date_sk = d.d_date_sk
 	and s.ss_item_sk = i.i_item_sk
 	and d.d_month_seq =
 	     (select distinct (d_month_seq)
 	      from date_dim
               where d_year = 2002
 	        and d_moy = 4 )
 	and i.i_current_price > 1.2 *
             (select avg(j.i_current_price)
 	     from item j
 	     where j.i_category = i.i_category)
 group by a.ca_state
 having count(*) >= 10
 order by cnt
 limit 100;
tpcds.06.sh|2024-03-19 22:29:51|2024-03-19 22:31:50|119
select  a.ca_state state, count(*) cnt
 from customer_address a
     ,customer c
     ,store_sales s
     ,date_dim d
     ,item i
 where       a.ca_address_sk = c.c_current_addr_sk
 	and c.c_customer_sk = s.ss_customer_sk
 	and s.ss_sold_date_sk = d.d_date_sk
 	and s.ss_item_sk = i.i_item_sk
 	and d.d_month_seq =
 	     (select distinct (d_month_seq)
 	      from date_dim
               where d_year = 2002
 	        and d_moy = 4 )
 	and i.i_current_price > 1.2 *
             (select avg(j.i_current_price)
 	     from item j
 	     where j.i_category = i.i_category)
 group by a.ca_state
 having count(*) >= 10
 order by cnt
 limit 100;
tpcds.06.sh|2024-03-19 22:31:51|2024-03-19 22:33:09|78
select  a.ca_state state, count(*) cnt
 from customer_address a
     ,customer c
     ,store_sales s
     ,date_dim d
     ,item i
 where       a.ca_address_sk = c.c_current_addr_sk
 	and c.c_customer_sk = s.ss_customer_sk
 	and s.ss_sold_date_sk = d.d_date_sk
 	and s.ss_item_sk = i.i_item_sk
 	and d.d_month_seq =
 	     (select distinct (d_month_seq)
 	      from date_dim
               where d_year = 2002
 	        and d_moy = 4 )
 	and i.i_current_price > 1.2 *
             (select avg(j.i_current_price)
 	     from item j
 	     where j.i_category = i.i_category)
 group by a.ca_state
 having count(*) >= 10
 order by cnt
 limit 100;
tpcds.06.sh|2024-03-19 22:33:10|2024-03-19 22:33:55|45
select  a.ca_state state, count(*) cnt
 from customer_address a
     ,customer c
     ,store_sales s
     ,date_dim d
     ,item i
 where       a.ca_address_sk = c.c_current_addr_sk
 	and c.c_customer_sk = s.ss_customer_sk
 	and s.ss_sold_date_sk = d.d_date_sk
 	and s.ss_item_sk = i.i_item_sk
 	and d.d_month_seq =
 	     (select distinct (d_month_seq)
 	      from date_dim
               where d_year = 2002
 	        and d_moy = 4 )
 	and i.i_current_price > 1.2 *
             (select avg(j.i_current_price)
 	     from item j
 	     where j.i_category = i.i_category)
 group by a.ca_state
 having count(*) >= 10
 order by cnt
 limit 100;
tpcds.06.sh|2024-03-19 22:33:56|2024-03-19 22:34:50|54
select  a.ca_state state, count(*) cnt
 from customer_address a
     ,customer c
     ,store_sales s
     ,date_dim d
     ,item i
 where       a.ca_address_sk = c.c_current_addr_sk
 	and c.c_customer_sk = s.ss_customer_sk
 	and s.ss_sold_date_sk = d.d_date_sk
 	and s.ss_item_sk = i.i_item_sk
 	and d.d_month_seq =
 	     (select distinct (d_month_seq)
 	      from date_dim
               where d_year = 2002
 	        and d_moy = 4 )
 	and i.i_current_price > 1.2 *
             (select avg(j.i_current_price)
 	     from item j
 	     where j.i_category = i.i_category)
 group by a.ca_state
 having count(*) >= 10
 order by cnt
 limit 100;
tpcds.06.sh|2024-03-19 22:34:51|2024-03-19 22:37:22|151
select  a.ca_state state, count(*) cnt
 from customer_address a
     ,customer c
     ,store_sales s
     ,date_dim d
     ,item i
 where       a.ca_address_sk = c.c_current_addr_sk
 	and c.c_customer_sk = s.ss_customer_sk
 	and s.ss_sold_date_sk = d.d_date_sk
 	and s.ss_item_sk = i.i_item_sk
 	and d.d_month_seq =
 	     (select distinct (d_month_seq)
 	      from date_dim
               where d_year = 2002
 	        and d_moy = 4 )
 	and i.i_current_price > 1.2 *
             (select avg(j.i_current_price)
 	     from item j
 	     where j.i_category = i.i_category)
 group by a.ca_state
 having count(*) >= 10
 order by cnt
 limit 100;
tpcds.06.sh|2024-03-19 22:37:23|2024-03-19 22:39:05|102
select  a.ca_state state, count(*) cnt
 from customer_address a
     ,customer c
     ,store_sales s
     ,date_dim d
     ,item i
 where       a.ca_address_sk = c.c_current_addr_sk
 	and c.c_customer_sk = s.ss_customer_sk
 	and s.ss_sold_date_sk = d.d_date_sk
 	and s.ss_item_sk = i.i_item_sk
 	and d.d_month_seq =
 	     (select distinct (d_month_seq)
 	      from date_dim
               where d_year = 2002
 	        and d_moy = 4 )
 	and i.i_current_price > 1.2 *
             (select avg(j.i_current_price)
 	     from item j
 	     where j.i_category = i.i_category)
 group by a.ca_state
 having count(*) >= 10
 order by cnt
 limit 100;
tpcds.06.sh|2024-03-19 22:39:06|2024-03-19 22:41:38|152
select  a.ca_state state, count(*) cnt
 from customer_address a
     ,customer c
     ,store_sales s
     ,date_dim d
     ,item i
 where       a.ca_address_sk = c.c_current_addr_sk
 	and c.c_customer_sk = s.ss_customer_sk
 	and s.ss_sold_date_sk = d.d_date_sk
 	and s.ss_item_sk = i.i_item_sk
 	and d.d_month_seq =
 	     (select distinct (d_month_seq)
 	      from date_dim
               where d_year = 2002
 	        and d_moy = 4 )
 	and i.i_current_price > 1.2 *
             (select avg(j.i_current_price)
 	     from item j
 	     where j.i_category = i.i_category)
 group by a.ca_state
 having count(*) >= 10
 order by cnt
 limit 100;
tpcds.06.sh|2024-03-19 22:41:39|2024-03-19 22:43:37|118
select  a.ca_state state, count(*) cnt
 from customer_address a
     ,customer c
     ,store_sales s
     ,date_dim d
     ,item i
 where       a.ca_address_sk = c.c_current_addr_sk
 	and c.c_customer_sk = s.ss_customer_sk
 	and s.ss_sold_date_sk = d.d_date_sk
 	and s.ss_item_sk = i.i_item_sk
 	and d.d_month_seq =
 	     (select distinct (d_month_seq)
 	      from date_dim
               where d_year = 2002
 	        and d_moy = 4 )
 	and i.i_current_price > 1.2 *
             (select avg(j.i_current_price)
 	     from item j
 	     where j.i_category = i.i_category)
 group by a.ca_state
 having count(*) >= 10
 order by cnt
 limit 100;
tpcds.06.sh|2024-03-19 22:43:38|2024-03-19 22:45:30|112
select  a.ca_state state, count(*) cnt
 from customer_address a
     ,customer c
     ,store_sales s
     ,date_dim d
     ,item i
 where       a.ca_address_sk = c.c_current_addr_sk
 	and c.c_customer_sk = s.ss_customer_sk
 	and s.ss_sold_date_sk = d.d_date_sk
 	and s.ss_item_sk = i.i_item_sk
 	and d.d_month_seq =
 	     (select distinct (d_month_seq)
 	      from date_dim
               where d_year = 2002
 	        and d_moy = 4 )
 	and i.i_current_price > 1.2 *
             (select avg(j.i_current_price)
 	     from item j
 	     where j.i_category = i.i_category)
 group by a.ca_state
 having count(*) >= 10
 order by cnt
 limit 100;
tpcds.06.sh|2024-03-19 22:45:31|2024-03-19 22:47:30|119
select  a.ca_state state, count(*) cnt
 from customer_address a
     ,customer c
     ,store_sales s
     ,date_dim d
     ,item i
 where       a.ca_address_sk = c.c_current_addr_sk
 	and c.c_customer_sk = s.ss_customer_sk
 	and s.ss_sold_date_sk = d.d_date_sk
 	and s.ss_item_sk = i.i_item_sk
 	and d.d_month_seq =
 	     (select distinct (d_month_seq)
 	      from date_dim
               where d_year = 2002
 	        and d_moy = 4 )
 	and i.i_current_price > 1.2 *
             (select avg(j.i_current_price)
 	     from item j
 	     where j.i_category = i.i_category)
 group by a.ca_state
 having count(*) >= 10
 order by cnt
 limit 100;
tpcds.06.sh|2024-03-19 22:47:31|2024-03-19 22:48:54|83
select  a.ca_state state, count(*) cnt
 from customer_address a
     ,customer c
     ,store_sales s
     ,date_dim d
     ,item i
 where       a.ca_address_sk = c.c_current_addr_sk
 	and c.c_customer_sk = s.ss_customer_sk
 	and s.ss_sold_date_sk = d.d_date_sk
 	and s.ss_item_sk = i.i_item_sk
 	and d.d_month_seq =
 	     (select distinct (d_month_seq)
 	      from date_dim
               where d_year = 2002
 	        and d_moy = 4 )
 	and i.i_current_price > 1.2 *
             (select avg(j.i_current_price)
 	     from item j
 	     where j.i_category = i.i_category)
 group by a.ca_state
 having count(*) >= 10
 order by cnt
 limit 100;
tpcds.06.sh|2024-03-19 22:48:55|2024-03-19 22:51:38|163
select  a.ca_state state, count(*) cnt
 from customer_address a
     ,customer c
     ,store_sales s
     ,date_dim d
     ,item i
 where       a.ca_address_sk = c.c_current_addr_sk
 	and c.c_customer_sk = s.ss_customer_sk
 	and s.ss_sold_date_sk = d.d_date_sk
 	and s.ss_item_sk = i.i_item_sk
 	and d.d_month_seq =
 	     (select distinct (d_month_seq)
 	      from date_dim
               where d_year = 2002
 	        and d_moy = 4 )
 	and i.i_current_price > 1.2 *
             (select avg(j.i_current_price)
 	     from item j
 	     where j.i_category = i.i_category)
 group by a.ca_state
 having count(*) >= 10
 order by cnt
 limit 100;
tpcds.06.sh|2024-03-19 22:51:39|2024-03-19 22:52:55|76
select  a.ca_state state, count(*) cnt
 from customer_address a
     ,customer c
     ,store_sales s
     ,date_dim d
     ,item i
 where       a.ca_address_sk = c.c_current_addr_sk
 	and c.c_customer_sk = s.ss_customer_sk
 	and s.ss_sold_date_sk = d.d_date_sk
 	and s.ss_item_sk = i.i_item_sk
 	and d.d_month_seq =
 	     (select distinct (d_month_seq)
 	      from date_dim
               where d_year = 2002
 	        and d_moy = 4 )
 	and i.i_current_price > 1.2 *
             (select avg(j.i_current_price)
 	     from item j
 	     where j.i_category = i.i_category)
 group by a.ca_state
 having count(*) >= 10
 order by cnt
 limit 100;
tpcds.06.sh|2024-03-19 22:52:56|2024-03-19 22:53:48|52
select  a.ca_state state, count(*) cnt
 from customer_address a
     ,customer c
     ,store_sales s
     ,date_dim d
     ,item i
 where       a.ca_address_sk = c.c_current_addr_sk
 	and c.c_customer_sk = s.ss_customer_sk
 	and s.ss_sold_date_sk = d.d_date_sk
 	and s.ss_item_sk = i.i_item_sk
 	and d.d_month_seq =
 	     (select distinct (d_month_seq)
 	      from date_dim
               where d_year = 2002
 	        and d_moy = 4 )
 	and i.i_current_price > 1.2 *
             (select avg(j.i_current_price)
 	     from item j
 	     where j.i_category = i.i_category)
 group by a.ca_state
 having count(*) >= 10
 order by cnt
 limit 100;
tpcds.06.sh|2024-03-19 22:53:49|2024-03-19 22:54:40|51
select  a.ca_state state, count(*) cnt
 from customer_address a
     ,customer c
     ,store_sales s
     ,date_dim d
     ,item i
 where       a.ca_address_sk = c.c_current_addr_sk
 	and c.c_customer_sk = s.ss_customer_sk
 	and s.ss_sold_date_sk = d.d_date_sk
 	and s.ss_item_sk = i.i_item_sk
 	and d.d_month_seq =
 	     (select distinct (d_month_seq)
 	      from date_dim
               where d_year = 2002
 	        and d_moy = 4 )
 	and i.i_current_price > 1.2 *
             (select avg(j.i_current_price)
 	     from item j
 	     where j.i_category = i.i_category)
 group by a.ca_state
 having count(*) >= 10
 order by cnt
 limit 100;
tpcds.06.sh|2024-03-19 22:54:41|2024-03-19 22:55:59|78
select  a.ca_state state, count(*) cnt
 from customer_address a
     ,customer c
     ,store_sales s
     ,date_dim d
     ,item i
 where       a.ca_address_sk = c.c_current_addr_sk
 	and c.c_customer_sk = s.ss_customer_sk
 	and s.ss_sold_date_sk = d.d_date_sk
 	and s.ss_item_sk = i.i_item_sk
 	and d.d_month_seq =
 	     (select distinct (d_month_seq)
 	      from date_dim
               where d_year = 2002
 	        and d_moy = 4 )
 	and i.i_current_price > 1.2 *
             (select avg(j.i_current_price)
 	     from item j
 	     where j.i_category = i.i_category)
 group by a.ca_state
 having count(*) >= 10
 order by cnt
 limit 100;
tpcds.06.sh|2024-03-19 22:56:00|2024-03-19 22:58:33|153
select  a.ca_state state, count(*) cnt
 from customer_address a
     ,customer c
     ,store_sales s
     ,date_dim d
     ,item i
 where       a.ca_address_sk = c.c_current_addr_sk
 	and c.c_customer_sk = s.ss_customer_sk
 	and s.ss_sold_date_sk = d.d_date_sk
 	and s.ss_item_sk = i.i_item_sk
 	and d.d_month_seq =
 	     (select distinct (d_month_seq)
 	      from date_dim
               where d_year = 2002
 	        and d_moy = 4 )
 	and i.i_current_price > 1.2 *
             (select avg(j.i_current_price)
 	     from item j
 	     where j.i_category = i.i_category)
 group by a.ca_state
 having count(*) >= 10
 order by cnt
 limit 100;
tpcds.06.sh|2024-03-19 22:58:34|2024-03-19 23:00:36|122
select  a.ca_state state, count(*) cnt
 from customer_address a
     ,customer c
     ,store_sales s
     ,date_dim d
     ,item i
 where       a.ca_address_sk = c.c_current_addr_sk
 	and c.c_customer_sk = s.ss_customer_sk
 	and s.ss_sold_date_sk = d.d_date_sk
 	and s.ss_item_sk = i.i_item_sk
 	and d.d_month_seq =
 	     (select distinct (d_month_seq)
 	      from date_dim
               where d_year = 2002
 	        and d_moy = 4 )
 	and i.i_current_price > 1.2 *
             (select avg(j.i_current_price)
 	     from item j
 	     where j.i_category = i.i_category)
 group by a.ca_state
 having count(*) >= 10
 order by cnt
 limit 100;
tpcds.06.sh|2024-03-19 23:00:37|2024-03-19 23:02:19|102
select  a.ca_state state, count(*) cnt
 from customer_address a
     ,customer c
     ,store_sales s
     ,date_dim d
     ,item i
 where       a.ca_address_sk = c.c_current_addr_sk
 	and c.c_customer_sk = s.ss_customer_sk
 	and s.ss_sold_date_sk = d.d_date_sk
 	and s.ss_item_sk = i.i_item_sk
 	and d.d_month_seq =
 	     (select distinct (d_month_seq)
 	      from date_dim
               where d_year = 2002
 	        and d_moy = 4 )
 	and i.i_current_price > 1.2 *
             (select avg(j.i_current_price)
 	     from item j
 	     where j.i_category = i.i_category)
 group by a.ca_state
 having count(*) >= 10
 order by cnt
 limit 100;
tpcds.06.sh|2024-03-19 23:02:20|2024-03-19 23:03:35|75
select  a.ca_state state, count(*) cnt
 from customer_address a
     ,customer c
     ,store_sales s
     ,date_dim d
     ,item i
 where       a.ca_address_sk = c.c_current_addr_sk
 	and c.c_customer_sk = s.ss_customer_sk
 	and s.ss_sold_date_sk = d.d_date_sk
 	and s.ss_item_sk = i.i_item_sk
 	and d.d_month_seq =
 	     (select distinct (d_month_seq)
 	      from date_dim
               where d_year = 2002
 	        and d_moy = 4 )
 	and i.i_current_price > 1.2 *
             (select avg(j.i_current_price)
 	     from item j
 	     where j.i_category = i.i_category)
 group by a.ca_state
 having count(*) >= 10
 order by cnt
 limit 100;
tpcds.06.sh|2024-03-19 23:03:36|2024-03-19 23:04:19|43
select  a.ca_state state, count(*) cnt
 from customer_address a
     ,customer c
     ,store_sales s
     ,date_dim d
     ,item i
 where       a.ca_address_sk = c.c_current_addr_sk
 	and c.c_customer_sk = s.ss_customer_sk
 	and s.ss_sold_date_sk = d.d_date_sk
 	and s.ss_item_sk = i.i_item_sk
 	and d.d_month_seq =
 	     (select distinct (d_month_seq)
 	      from date_dim
               where d_year = 2002
 	        and d_moy = 4 )
 	and i.i_current_price > 1.2 *
             (select avg(j.i_current_price)
 	     from item j
 	     where j.i_category = i.i_category)
 group by a.ca_state
 having count(*) >= 10
 order by cnt
 limit 100;
tpcds.06.sh|2024-03-19 23:04:20|2024-03-19 23:06:39|139
select  a.ca_state state, count(*) cnt
 from customer_address a
     ,customer c
     ,store_sales s
     ,date_dim d
     ,item i
 where       a.ca_address_sk = c.c_current_addr_sk
 	and c.c_customer_sk = s.ss_customer_sk
 	and s.ss_sold_date_sk = d.d_date_sk
 	and s.ss_item_sk = i.i_item_sk
 	and d.d_month_seq =
 	     (select distinct (d_month_seq)
 	      from date_dim
               where d_year = 2002
 	        and d_moy = 4 )
 	and i.i_current_price > 1.2 *
             (select avg(j.i_current_price)
 	     from item j
 	     where j.i_category = i.i_category)
 group by a.ca_state
 having count(*) >= 10
 order by cnt
 limit 100;
tpcds.06.sh|2024-03-19 23:06:40|2024-03-19 23:09:02|142
select  a.ca_state state, count(*) cnt
 from customer_address a
     ,customer c
     ,store_sales s
     ,date_dim d
     ,item i
 where       a.ca_address_sk = c.c_current_addr_sk
 	and c.c_customer_sk = s.ss_customer_sk
 	and s.ss_sold_date_sk = d.d_date_sk
 	and s.ss_item_sk = i.i_item_sk
 	and d.d_month_seq =
 	     (select distinct (d_month_seq)
 	      from date_dim
               where d_year = 2002
 	        and d_moy = 4 )
 	and i.i_current_price > 1.2 *
             (select avg(j.i_current_price)
 	     from item j
 	     where j.i_category = i.i_category)
 group by a.ca_state
 having count(*) >= 10
 order by cnt
 limit 100;
tpcds.06.sh|2024-03-19 23:09:03|2024-03-19 23:10:03|60
select  a.ca_state state, count(*) cnt
 from customer_address a
     ,customer c
     ,store_sales s
     ,date_dim d
     ,item i
 where       a.ca_address_sk = c.c_current_addr_sk
 	and c.c_customer_sk = s.ss_customer_sk
 	and s.ss_sold_date_sk = d.d_date_sk
 	and s.ss_item_sk = i.i_item_sk
 	and d.d_month_seq =
 	     (select distinct (d_month_seq)
 	      from date_dim
               where d_year = 2002
 	        and d_moy = 4 )
 	and i.i_current_price > 1.2 *
             (select avg(j.i_current_price)
 	     from item j
 	     where j.i_category = i.i_category)
 group by a.ca_state
 having count(*) >= 10
 order by cnt
 limit 100;
tpcds.06.sh|2024-03-19 23:10:04|2024-03-19 23:11:42|98
select  a.ca_state state, count(*) cnt
 from customer_address a
     ,customer c
     ,store_sales s
     ,date_dim d
     ,item i
 where       a.ca_address_sk = c.c_current_addr_sk
 	and c.c_customer_sk = s.ss_customer_sk
 	and s.ss_sold_date_sk = d.d_date_sk
 	and s.ss_item_sk = i.i_item_sk
 	and d.d_month_seq =
 	     (select distinct (d_month_seq)
 	      from date_dim
               where d_year = 2002
 	        and d_moy = 4 )
 	and i.i_current_price > 1.2 *
             (select avg(j.i_current_price)
 	     from item j
 	     where j.i_category = i.i_category)
 group by a.ca_state
 having count(*) >= 10
 order by cnt
 limit 100;
tpcds.06.sh|2024-03-19 23:11:43|2024-03-19 23:12:46|63
select  a.ca_state state, count(*) cnt
 from customer_address a
     ,customer c
     ,store_sales s
     ,date_dim d
     ,item i
 where       a.ca_address_sk = c.c_current_addr_sk
 	and c.c_customer_sk = s.ss_customer_sk
 	and s.ss_sold_date_sk = d.d_date_sk
 	and s.ss_item_sk = i.i_item_sk
 	and d.d_month_seq =
 	     (select distinct (d_month_seq)
 	      from date_dim
               where d_year = 2002
 	        and d_moy = 4 )
 	and i.i_current_price > 1.2 *
             (select avg(j.i_current_price)
 	     from item j
 	     where j.i_category = i.i_category)
 group by a.ca_state
 having count(*) >= 10
 order by cnt
 limit 100;
tpcds.06.sh|2024-03-19 23:12:47|2024-03-19 23:13:34|47
select  a.ca_state state, count(*) cnt
 from customer_address a
     ,customer c
     ,store_sales s
     ,date_dim d
     ,item i
 where       a.ca_address_sk = c.c_current_addr_sk
 	and c.c_customer_sk = s.ss_customer_sk
 	and s.ss_sold_date_sk = d.d_date_sk
 	and s.ss_item_sk = i.i_item_sk
 	and d.d_month_seq =
 	     (select distinct (d_month_seq)
 	      from date_dim
               where d_year = 2002
 	        and d_moy = 4 )
 	and i.i_current_price > 1.2 *
             (select avg(j.i_current_price)
 	     from item j
 	     where j.i_category = i.i_category)
 group by a.ca_state
 having count(*) >= 10
 order by cnt
 limit 100;
tpcds.06.sh|2024-03-19 23:13:35|2024-03-19 23:14:26|51
select  a.ca_state state, count(*) cnt
 from customer_address a
     ,customer c
     ,store_sales s
     ,date_dim d
     ,item i
 where       a.ca_address_sk = c.c_current_addr_sk
 	and c.c_customer_sk = s.ss_customer_sk
 	and s.ss_sold_date_sk = d.d_date_sk
 	and s.ss_item_sk = i.i_item_sk
 	and d.d_month_seq =
 	     (select distinct (d_month_seq)
 	      from date_dim
               where d_year = 2002
 	        and d_moy = 4 )
 	and i.i_current_price > 1.2 *
             (select avg(j.i_current_price)
 	     from item j
 	     where j.i_category = i.i_category)
 group by a.ca_state
 having count(*) >= 10
 order by cnt
 limit 100;
tpcds.06.sh|2024-03-19 23:14:27|2024-03-19 23:16:38|131
select  a.ca_state state, count(*) cnt
 from customer_address a
     ,customer c
     ,store_sales s
     ,date_dim d
     ,item i
 where       a.ca_address_sk = c.c_current_addr_sk
 	and c.c_customer_sk = s.ss_customer_sk
 	and s.ss_sold_date_sk = d.d_date_sk
 	and s.ss_item_sk = i.i_item_sk
 	and d.d_month_seq =
 	     (select distinct (d_month_seq)
 	      from date_dim
               where d_year = 2002
 	        and d_moy = 4 )
 	and i.i_current_price > 1.2 *
             (select avg(j.i_current_price)
 	     from item j
 	     where j.i_category = i.i_category)
 group by a.ca_state
 having count(*) >= 10
 order by cnt
 limit 100;
tpcds.06.sh|2024-03-19 23:16:39|2024-03-19 23:17:51|72
select  a.ca_state state, count(*) cnt
 from customer_address a
     ,customer c
     ,store_sales s
     ,date_dim d
     ,item i
 where       a.ca_address_sk = c.c_current_addr_sk
 	and c.c_customer_sk = s.ss_customer_sk
 	and s.ss_sold_date_sk = d.d_date_sk
 	and s.ss_item_sk = i.i_item_sk
 	and d.d_month_seq =
 	     (select distinct (d_month_seq)
 	      from date_dim
               where d_year = 2002
 	        and d_moy = 4 )
 	and i.i_current_price > 1.2 *
             (select avg(j.i_current_price)
 	     from item j
 	     where j.i_category = i.i_category)
 group by a.ca_state
 having count(*) >= 10
 order by cnt
 limit 100;
ERROR:  canceling statement due to user request
tpcds.06.sh|2024-03-19 23:17:52|2024-03-19 23:18:15|23
