select avg(ss_quantity)
       ,avg(ss_ext_sales_price)
       ,avg(ss_ext_wholesale_cost)
       ,sum(ss_ext_wholesale_cost)
 from store_sales
     ,store
     ,customer_demographics
     ,household_demographics
     ,customer_address
     ,date_dim
 where s_store_sk = ss_store_sk
 and  ss_sold_date_sk = d_date_sk and d_year = 2001
 and((ss_hdemo_sk=hd_demo_sk
  and cd_demo_sk = ss_cdemo_sk
  and cd_marital_status = 'D'
  and cd_education_status = 'College'
  and ss_sales_price between 100.00 and 150.00
  and hd_dep_count = 3
     )or
     (ss_hdemo_sk=hd_demo_sk
  and cd_demo_sk = ss_cdemo_sk
  and cd_marital_status = 'S'
  and cd_education_status = 'Unknown'
  and ss_sales_price between 50.00 and 100.00
  and hd_dep_count = 1
     ) or
     (ss_hdemo_sk=hd_demo_sk
  and cd_demo_sk = ss_cdemo_sk
  and cd_marital_status = 'M'
  and cd_education_status = 'Secondary'
  and ss_sales_price between 150.00 and 200.00
  and hd_dep_count = 1
     ))
 and((ss_addr_sk = ca_address_sk
  and ca_country = 'United States'
  and ca_state in ('IL', 'AR', 'NE')
  and ss_net_profit between 100 and 200
     ) or
     (ss_addr_sk = ca_address_sk
  and ca_country = 'United States'
  and ca_state in ('TX', 'WV', 'LA')
  and ss_net_profit between 150 and 300
     ) or
     (ss_addr_sk = ca_address_sk
  and ca_country = 'United States'
  and ca_state in ('PA', 'IN', 'TN')
  and ss_net_profit between 50 and 250
     ))
;
tpcds.13.sh|2024-03-19 21:18:04|2024-03-19 21:22:36|272
select avg(ss_quantity)
       ,avg(ss_ext_sales_price)
       ,avg(ss_ext_wholesale_cost)
       ,sum(ss_ext_wholesale_cost)
 from store_sales
     ,store
     ,customer_demographics
     ,household_demographics
     ,customer_address
     ,date_dim
 where s_store_sk = ss_store_sk
 and  ss_sold_date_sk = d_date_sk and d_year = 2001
 and((ss_hdemo_sk=hd_demo_sk
  and cd_demo_sk = ss_cdemo_sk
  and cd_marital_status = 'D'
  and cd_education_status = 'College'
  and ss_sales_price between 100.00 and 150.00
  and hd_dep_count = 3
     )or
     (ss_hdemo_sk=hd_demo_sk
  and cd_demo_sk = ss_cdemo_sk
  and cd_marital_status = 'S'
  and cd_education_status = 'Unknown'
  and ss_sales_price between 50.00 and 100.00
  and hd_dep_count = 1
     ) or
     (ss_hdemo_sk=hd_demo_sk
  and cd_demo_sk = ss_cdemo_sk
  and cd_marital_status = 'M'
  and cd_education_status = 'Secondary'
  and ss_sales_price between 150.00 and 200.00
  and hd_dep_count = 1
     ))
 and((ss_addr_sk = ca_address_sk
  and ca_country = 'United States'
  and ca_state in ('IL', 'AR', 'NE')
  and ss_net_profit between 100 and 200
     ) or
     (ss_addr_sk = ca_address_sk
  and ca_country = 'United States'
  and ca_state in ('TX', 'WV', 'LA')
  and ss_net_profit between 150 and 300
     ) or
     (ss_addr_sk = ca_address_sk
  and ca_country = 'United States'
  and ca_state in ('PA', 'IN', 'TN')
  and ss_net_profit between 50 and 250
     ))
;
tpcds.13.sh|2024-03-19 21:22:37|2024-03-19 21:25:31|174
select avg(ss_quantity)
       ,avg(ss_ext_sales_price)
       ,avg(ss_ext_wholesale_cost)
       ,sum(ss_ext_wholesale_cost)
 from store_sales
     ,store
     ,customer_demographics
     ,household_demographics
     ,customer_address
     ,date_dim
 where s_store_sk = ss_store_sk
 and  ss_sold_date_sk = d_date_sk and d_year = 2001
 and((ss_hdemo_sk=hd_demo_sk
  and cd_demo_sk = ss_cdemo_sk
  and cd_marital_status = 'D'
  and cd_education_status = 'College'
  and ss_sales_price between 100.00 and 150.00
  and hd_dep_count = 3
     )or
     (ss_hdemo_sk=hd_demo_sk
  and cd_demo_sk = ss_cdemo_sk
  and cd_marital_status = 'S'
  and cd_education_status = 'Unknown'
  and ss_sales_price between 50.00 and 100.00
  and hd_dep_count = 1
     ) or
     (ss_hdemo_sk=hd_demo_sk
  and cd_demo_sk = ss_cdemo_sk
  and cd_marital_status = 'M'
  and cd_education_status = 'Secondary'
  and ss_sales_price between 150.00 and 200.00
  and hd_dep_count = 1
     ))
 and((ss_addr_sk = ca_address_sk
  and ca_country = 'United States'
  and ca_state in ('IL', 'AR', 'NE')
  and ss_net_profit between 100 and 200
     ) or
     (ss_addr_sk = ca_address_sk
  and ca_country = 'United States'
  and ca_state in ('TX', 'WV', 'LA')
  and ss_net_profit between 150 and 300
     ) or
     (ss_addr_sk = ca_address_sk
  and ca_country = 'United States'
  and ca_state in ('PA', 'IN', 'TN')
  and ss_net_profit between 50 and 250
     ))
;
tpcds.13.sh|2024-03-19 21:25:32|2024-03-19 21:31:28|356
select avg(ss_quantity)
       ,avg(ss_ext_sales_price)
       ,avg(ss_ext_wholesale_cost)
       ,sum(ss_ext_wholesale_cost)
 from store_sales
     ,store
     ,customer_demographics
     ,household_demographics
     ,customer_address
     ,date_dim
 where s_store_sk = ss_store_sk
 and  ss_sold_date_sk = d_date_sk and d_year = 2001
 and((ss_hdemo_sk=hd_demo_sk
  and cd_demo_sk = ss_cdemo_sk
  and cd_marital_status = 'D'
  and cd_education_status = 'College'
  and ss_sales_price between 100.00 and 150.00
  and hd_dep_count = 3
     )or
     (ss_hdemo_sk=hd_demo_sk
  and cd_demo_sk = ss_cdemo_sk
  and cd_marital_status = 'S'
  and cd_education_status = 'Unknown'
  and ss_sales_price between 50.00 and 100.00
  and hd_dep_count = 1
     ) or
     (ss_hdemo_sk=hd_demo_sk
  and cd_demo_sk = ss_cdemo_sk
  and cd_marital_status = 'M'
  and cd_education_status = 'Secondary'
  and ss_sales_price between 150.00 and 200.00
  and hd_dep_count = 1
     ))
 and((ss_addr_sk = ca_address_sk
  and ca_country = 'United States'
  and ca_state in ('IL', 'AR', 'NE')
  and ss_net_profit between 100 and 200
     ) or
     (ss_addr_sk = ca_address_sk
  and ca_country = 'United States'
  and ca_state in ('TX', 'WV', 'LA')
  and ss_net_profit between 150 and 300
     ) or
     (ss_addr_sk = ca_address_sk
  and ca_country = 'United States'
  and ca_state in ('PA', 'IN', 'TN')
  and ss_net_profit between 50 and 250
     ))
;
tpcds.13.sh|2024-03-19 21:31:29|2024-03-19 21:35:44|255
select avg(ss_quantity)
       ,avg(ss_ext_sales_price)
       ,avg(ss_ext_wholesale_cost)
       ,sum(ss_ext_wholesale_cost)
 from store_sales
     ,store
     ,customer_demographics
     ,household_demographics
     ,customer_address
     ,date_dim
 where s_store_sk = ss_store_sk
 and  ss_sold_date_sk = d_date_sk and d_year = 2001
 and((ss_hdemo_sk=hd_demo_sk
  and cd_demo_sk = ss_cdemo_sk
  and cd_marital_status = 'D'
  and cd_education_status = 'College'
  and ss_sales_price between 100.00 and 150.00
  and hd_dep_count = 3
     )or
     (ss_hdemo_sk=hd_demo_sk
  and cd_demo_sk = ss_cdemo_sk
  and cd_marital_status = 'S'
  and cd_education_status = 'Unknown'
  and ss_sales_price between 50.00 and 100.00
  and hd_dep_count = 1
     ) or
     (ss_hdemo_sk=hd_demo_sk
  and cd_demo_sk = ss_cdemo_sk
  and cd_marital_status = 'M'
  and cd_education_status = 'Secondary'
  and ss_sales_price between 150.00 and 200.00
  and hd_dep_count = 1
     ))
 and((ss_addr_sk = ca_address_sk
  and ca_country = 'United States'
  and ca_state in ('IL', 'AR', 'NE')
  and ss_net_profit between 100 and 200
     ) or
     (ss_addr_sk = ca_address_sk
  and ca_country = 'United States'
  and ca_state in ('TX', 'WV', 'LA')
  and ss_net_profit between 150 and 300
     ) or
     (ss_addr_sk = ca_address_sk
  and ca_country = 'United States'
  and ca_state in ('PA', 'IN', 'TN')
  and ss_net_profit between 50 and 250
     ))
;
tpcds.13.sh|2024-03-19 21:35:45|2024-03-19 21:40:46|301
select avg(ss_quantity)
       ,avg(ss_ext_sales_price)
       ,avg(ss_ext_wholesale_cost)
       ,sum(ss_ext_wholesale_cost)
 from store_sales
     ,store
     ,customer_demographics
     ,household_demographics
     ,customer_address
     ,date_dim
 where s_store_sk = ss_store_sk
 and  ss_sold_date_sk = d_date_sk and d_year = 2001
 and((ss_hdemo_sk=hd_demo_sk
  and cd_demo_sk = ss_cdemo_sk
  and cd_marital_status = 'D'
  and cd_education_status = 'College'
  and ss_sales_price between 100.00 and 150.00
  and hd_dep_count = 3
     )or
     (ss_hdemo_sk=hd_demo_sk
  and cd_demo_sk = ss_cdemo_sk
  and cd_marital_status = 'S'
  and cd_education_status = 'Unknown'
  and ss_sales_price between 50.00 and 100.00
  and hd_dep_count = 1
     ) or
     (ss_hdemo_sk=hd_demo_sk
  and cd_demo_sk = ss_cdemo_sk
  and cd_marital_status = 'M'
  and cd_education_status = 'Secondary'
  and ss_sales_price between 150.00 and 200.00
  and hd_dep_count = 1
     ))
 and((ss_addr_sk = ca_address_sk
  and ca_country = 'United States'
  and ca_state in ('IL', 'AR', 'NE')
  and ss_net_profit between 100 and 200
     ) or
     (ss_addr_sk = ca_address_sk
  and ca_country = 'United States'
  and ca_state in ('TX', 'WV', 'LA')
  and ss_net_profit between 150 and 300
     ) or
     (ss_addr_sk = ca_address_sk
  and ca_country = 'United States'
  and ca_state in ('PA', 'IN', 'TN')
  and ss_net_profit between 50 and 250
     ))
;
tpcds.13.sh|2024-03-19 21:40:47|2024-03-19 21:45:53|306
select avg(ss_quantity)
       ,avg(ss_ext_sales_price)
       ,avg(ss_ext_wholesale_cost)
       ,sum(ss_ext_wholesale_cost)
 from store_sales
     ,store
     ,customer_demographics
     ,household_demographics
     ,customer_address
     ,date_dim
 where s_store_sk = ss_store_sk
 and  ss_sold_date_sk = d_date_sk and d_year = 2001
 and((ss_hdemo_sk=hd_demo_sk
  and cd_demo_sk = ss_cdemo_sk
  and cd_marital_status = 'D'
  and cd_education_status = 'College'
  and ss_sales_price between 100.00 and 150.00
  and hd_dep_count = 3
     )or
     (ss_hdemo_sk=hd_demo_sk
  and cd_demo_sk = ss_cdemo_sk
  and cd_marital_status = 'S'
  and cd_education_status = 'Unknown'
  and ss_sales_price between 50.00 and 100.00
  and hd_dep_count = 1
     ) or
     (ss_hdemo_sk=hd_demo_sk
  and cd_demo_sk = ss_cdemo_sk
  and cd_marital_status = 'M'
  and cd_education_status = 'Secondary'
  and ss_sales_price between 150.00 and 200.00
  and hd_dep_count = 1
     ))
 and((ss_addr_sk = ca_address_sk
  and ca_country = 'United States'
  and ca_state in ('IL', 'AR', 'NE')
  and ss_net_profit between 100 and 200
     ) or
     (ss_addr_sk = ca_address_sk
  and ca_country = 'United States'
  and ca_state in ('TX', 'WV', 'LA')
  and ss_net_profit between 150 and 300
     ) or
     (ss_addr_sk = ca_address_sk
  and ca_country = 'United States'
  and ca_state in ('PA', 'IN', 'TN')
  and ss_net_profit between 50 and 250
     ))
;
tpcds.13.sh|2024-03-19 21:45:54|2024-03-19 21:50:45|291
select avg(ss_quantity)
       ,avg(ss_ext_sales_price)
       ,avg(ss_ext_wholesale_cost)
       ,sum(ss_ext_wholesale_cost)
 from store_sales
     ,store
     ,customer_demographics
     ,household_demographics
     ,customer_address
     ,date_dim
 where s_store_sk = ss_store_sk
 and  ss_sold_date_sk = d_date_sk and d_year = 2001
 and((ss_hdemo_sk=hd_demo_sk
  and cd_demo_sk = ss_cdemo_sk
  and cd_marital_status = 'D'
  and cd_education_status = 'College'
  and ss_sales_price between 100.00 and 150.00
  and hd_dep_count = 3
     )or
     (ss_hdemo_sk=hd_demo_sk
  and cd_demo_sk = ss_cdemo_sk
  and cd_marital_status = 'S'
  and cd_education_status = 'Unknown'
  and ss_sales_price between 50.00 and 100.00
  and hd_dep_count = 1
     ) or
     (ss_hdemo_sk=hd_demo_sk
  and cd_demo_sk = ss_cdemo_sk
  and cd_marital_status = 'M'
  and cd_education_status = 'Secondary'
  and ss_sales_price between 150.00 and 200.00
  and hd_dep_count = 1
     ))
 and((ss_addr_sk = ca_address_sk
  and ca_country = 'United States'
  and ca_state in ('IL', 'AR', 'NE')
  and ss_net_profit between 100 and 200
     ) or
     (ss_addr_sk = ca_address_sk
  and ca_country = 'United States'
  and ca_state in ('TX', 'WV', 'LA')
  and ss_net_profit between 150 and 300
     ) or
     (ss_addr_sk = ca_address_sk
  and ca_country = 'United States'
  and ca_state in ('PA', 'IN', 'TN')
  and ss_net_profit between 50 and 250
     ))
;
tpcds.13.sh|2024-03-19 21:50:46|2024-03-19 21:54:41|235
select avg(ss_quantity)
       ,avg(ss_ext_sales_price)
       ,avg(ss_ext_wholesale_cost)
       ,sum(ss_ext_wholesale_cost)
 from store_sales
     ,store
     ,customer_demographics
     ,household_demographics
     ,customer_address
     ,date_dim
 where s_store_sk = ss_store_sk
 and  ss_sold_date_sk = d_date_sk and d_year = 2001
 and((ss_hdemo_sk=hd_demo_sk
  and cd_demo_sk = ss_cdemo_sk
  and cd_marital_status = 'D'
  and cd_education_status = 'College'
  and ss_sales_price between 100.00 and 150.00
  and hd_dep_count = 3
     )or
     (ss_hdemo_sk=hd_demo_sk
  and cd_demo_sk = ss_cdemo_sk
  and cd_marital_status = 'S'
  and cd_education_status = 'Unknown'
  and ss_sales_price between 50.00 and 100.00
  and hd_dep_count = 1
     ) or
     (ss_hdemo_sk=hd_demo_sk
  and cd_demo_sk = ss_cdemo_sk
  and cd_marital_status = 'M'
  and cd_education_status = 'Secondary'
  and ss_sales_price between 150.00 and 200.00
  and hd_dep_count = 1
     ))
 and((ss_addr_sk = ca_address_sk
  and ca_country = 'United States'
  and ca_state in ('IL', 'AR', 'NE')
  and ss_net_profit between 100 and 200
     ) or
     (ss_addr_sk = ca_address_sk
  and ca_country = 'United States'
  and ca_state in ('TX', 'WV', 'LA')
  and ss_net_profit between 150 and 300
     ) or
     (ss_addr_sk = ca_address_sk
  and ca_country = 'United States'
  and ca_state in ('PA', 'IN', 'TN')
  and ss_net_profit between 50 and 250
     ))
;
tpcds.13.sh|2024-03-19 21:54:42|2024-03-19 21:59:19|277
select avg(ss_quantity)
       ,avg(ss_ext_sales_price)
       ,avg(ss_ext_wholesale_cost)
       ,sum(ss_ext_wholesale_cost)
 from store_sales
     ,store
     ,customer_demographics
     ,household_demographics
     ,customer_address
     ,date_dim
 where s_store_sk = ss_store_sk
 and  ss_sold_date_sk = d_date_sk and d_year = 2001
 and((ss_hdemo_sk=hd_demo_sk
  and cd_demo_sk = ss_cdemo_sk
  and cd_marital_status = 'D'
  and cd_education_status = 'College'
  and ss_sales_price between 100.00 and 150.00
  and hd_dep_count = 3
     )or
     (ss_hdemo_sk=hd_demo_sk
  and cd_demo_sk = ss_cdemo_sk
  and cd_marital_status = 'S'
  and cd_education_status = 'Unknown'
  and ss_sales_price between 50.00 and 100.00
  and hd_dep_count = 1
     ) or
     (ss_hdemo_sk=hd_demo_sk
  and cd_demo_sk = ss_cdemo_sk
  and cd_marital_status = 'M'
  and cd_education_status = 'Secondary'
  and ss_sales_price between 150.00 and 200.00
  and hd_dep_count = 1
     ))
 and((ss_addr_sk = ca_address_sk
  and ca_country = 'United States'
  and ca_state in ('IL', 'AR', 'NE')
  and ss_net_profit between 100 and 200
     ) or
     (ss_addr_sk = ca_address_sk
  and ca_country = 'United States'
  and ca_state in ('TX', 'WV', 'LA')
  and ss_net_profit between 150 and 300
     ) or
     (ss_addr_sk = ca_address_sk
  and ca_country = 'United States'
  and ca_state in ('PA', 'IN', 'TN')
  and ss_net_profit between 50 and 250
     ))
;
tpcds.13.sh|2024-03-19 21:59:20|2024-03-19 22:02:40|200
select avg(ss_quantity)
       ,avg(ss_ext_sales_price)
       ,avg(ss_ext_wholesale_cost)
       ,sum(ss_ext_wholesale_cost)
 from store_sales
     ,store
     ,customer_demographics
     ,household_demographics
     ,customer_address
     ,date_dim
 where s_store_sk = ss_store_sk
 and  ss_sold_date_sk = d_date_sk and d_year = 2001
 and((ss_hdemo_sk=hd_demo_sk
  and cd_demo_sk = ss_cdemo_sk
  and cd_marital_status = 'D'
  and cd_education_status = 'College'
  and ss_sales_price between 100.00 and 150.00
  and hd_dep_count = 3
     )or
     (ss_hdemo_sk=hd_demo_sk
  and cd_demo_sk = ss_cdemo_sk
  and cd_marital_status = 'S'
  and cd_education_status = 'Unknown'
  and ss_sales_price between 50.00 and 100.00
  and hd_dep_count = 1
     ) or
     (ss_hdemo_sk=hd_demo_sk
  and cd_demo_sk = ss_cdemo_sk
  and cd_marital_status = 'M'
  and cd_education_status = 'Secondary'
  and ss_sales_price between 150.00 and 200.00
  and hd_dep_count = 1
     ))
 and((ss_addr_sk = ca_address_sk
  and ca_country = 'United States'
  and ca_state in ('IL', 'AR', 'NE')
  and ss_net_profit between 100 and 200
     ) or
     (ss_addr_sk = ca_address_sk
  and ca_country = 'United States'
  and ca_state in ('TX', 'WV', 'LA')
  and ss_net_profit between 150 and 300
     ) or
     (ss_addr_sk = ca_address_sk
  and ca_country = 'United States'
  and ca_state in ('PA', 'IN', 'TN')
  and ss_net_profit between 50 and 250
     ))
;
tpcds.13.sh|2024-03-19 22:02:41|2024-03-19 22:08:13|332
select avg(ss_quantity)
       ,avg(ss_ext_sales_price)
       ,avg(ss_ext_wholesale_cost)
       ,sum(ss_ext_wholesale_cost)
 from store_sales
     ,store
     ,customer_demographics
     ,household_demographics
     ,customer_address
     ,date_dim
 where s_store_sk = ss_store_sk
 and  ss_sold_date_sk = d_date_sk and d_year = 2001
 and((ss_hdemo_sk=hd_demo_sk
  and cd_demo_sk = ss_cdemo_sk
  and cd_marital_status = 'D'
  and cd_education_status = 'College'
  and ss_sales_price between 100.00 and 150.00
  and hd_dep_count = 3
     )or
     (ss_hdemo_sk=hd_demo_sk
  and cd_demo_sk = ss_cdemo_sk
  and cd_marital_status = 'S'
  and cd_education_status = 'Unknown'
  and ss_sales_price between 50.00 and 100.00
  and hd_dep_count = 1
     ) or
     (ss_hdemo_sk=hd_demo_sk
  and cd_demo_sk = ss_cdemo_sk
  and cd_marital_status = 'M'
  and cd_education_status = 'Secondary'
  and ss_sales_price between 150.00 and 200.00
  and hd_dep_count = 1
     ))
 and((ss_addr_sk = ca_address_sk
  and ca_country = 'United States'
  and ca_state in ('IL', 'AR', 'NE')
  and ss_net_profit between 100 and 200
     ) or
     (ss_addr_sk = ca_address_sk
  and ca_country = 'United States'
  and ca_state in ('TX', 'WV', 'LA')
  and ss_net_profit between 150 and 300
     ) or
     (ss_addr_sk = ca_address_sk
  and ca_country = 'United States'
  and ca_state in ('PA', 'IN', 'TN')
  and ss_net_profit between 50 and 250
     ))
;
tpcds.13.sh|2024-03-19 22:08:14|2024-03-19 22:11:06|172
select avg(ss_quantity)
       ,avg(ss_ext_sales_price)
       ,avg(ss_ext_wholesale_cost)
       ,sum(ss_ext_wholesale_cost)
 from store_sales
     ,store
     ,customer_demographics
     ,household_demographics
     ,customer_address
     ,date_dim
 where s_store_sk = ss_store_sk
 and  ss_sold_date_sk = d_date_sk and d_year = 2001
 and((ss_hdemo_sk=hd_demo_sk
  and cd_demo_sk = ss_cdemo_sk
  and cd_marital_status = 'D'
  and cd_education_status = 'College'
  and ss_sales_price between 100.00 and 150.00
  and hd_dep_count = 3
     )or
     (ss_hdemo_sk=hd_demo_sk
  and cd_demo_sk = ss_cdemo_sk
  and cd_marital_status = 'S'
  and cd_education_status = 'Unknown'
  and ss_sales_price between 50.00 and 100.00
  and hd_dep_count = 1
     ) or
     (ss_hdemo_sk=hd_demo_sk
  and cd_demo_sk = ss_cdemo_sk
  and cd_marital_status = 'M'
  and cd_education_status = 'Secondary'
  and ss_sales_price between 150.00 and 200.00
  and hd_dep_count = 1
     ))
 and((ss_addr_sk = ca_address_sk
  and ca_country = 'United States'
  and ca_state in ('IL', 'AR', 'NE')
  and ss_net_profit between 100 and 200
     ) or
     (ss_addr_sk = ca_address_sk
  and ca_country = 'United States'
  and ca_state in ('TX', 'WV', 'LA')
  and ss_net_profit between 150 and 300
     ) or
     (ss_addr_sk = ca_address_sk
  and ca_country = 'United States'
  and ca_state in ('PA', 'IN', 'TN')
  and ss_net_profit between 50 and 250
     ))
;
tpcds.13.sh|2024-03-19 22:11:07|2024-03-19 22:14:31|204
select avg(ss_quantity)
       ,avg(ss_ext_sales_price)
       ,avg(ss_ext_wholesale_cost)
       ,sum(ss_ext_wholesale_cost)
 from store_sales
     ,store
     ,customer_demographics
     ,household_demographics
     ,customer_address
     ,date_dim
 where s_store_sk = ss_store_sk
 and  ss_sold_date_sk = d_date_sk and d_year = 2001
 and((ss_hdemo_sk=hd_demo_sk
  and cd_demo_sk = ss_cdemo_sk
  and cd_marital_status = 'D'
  and cd_education_status = 'College'
  and ss_sales_price between 100.00 and 150.00
  and hd_dep_count = 3
     )or
     (ss_hdemo_sk=hd_demo_sk
  and cd_demo_sk = ss_cdemo_sk
  and cd_marital_status = 'S'
  and cd_education_status = 'Unknown'
  and ss_sales_price between 50.00 and 100.00
  and hd_dep_count = 1
     ) or
     (ss_hdemo_sk=hd_demo_sk
  and cd_demo_sk = ss_cdemo_sk
  and cd_marital_status = 'M'
  and cd_education_status = 'Secondary'
  and ss_sales_price between 150.00 and 200.00
  and hd_dep_count = 1
     ))
 and((ss_addr_sk = ca_address_sk
  and ca_country = 'United States'
  and ca_state in ('IL', 'AR', 'NE')
  and ss_net_profit between 100 and 200
     ) or
     (ss_addr_sk = ca_address_sk
  and ca_country = 'United States'
  and ca_state in ('TX', 'WV', 'LA')
  and ss_net_profit between 150 and 300
     ) or
     (ss_addr_sk = ca_address_sk
  and ca_country = 'United States'
  and ca_state in ('PA', 'IN', 'TN')
  and ss_net_profit between 50 and 250
     ))
;
tpcds.13.sh|2024-03-19 22:14:32|2024-03-19 22:19:16|284
select avg(ss_quantity)
       ,avg(ss_ext_sales_price)
       ,avg(ss_ext_wholesale_cost)
       ,sum(ss_ext_wholesale_cost)
 from store_sales
     ,store
     ,customer_demographics
     ,household_demographics
     ,customer_address
     ,date_dim
 where s_store_sk = ss_store_sk
 and  ss_sold_date_sk = d_date_sk and d_year = 2001
 and((ss_hdemo_sk=hd_demo_sk
  and cd_demo_sk = ss_cdemo_sk
  and cd_marital_status = 'D'
  and cd_education_status = 'College'
  and ss_sales_price between 100.00 and 150.00
  and hd_dep_count = 3
     )or
     (ss_hdemo_sk=hd_demo_sk
  and cd_demo_sk = ss_cdemo_sk
  and cd_marital_status = 'S'
  and cd_education_status = 'Unknown'
  and ss_sales_price between 50.00 and 100.00
  and hd_dep_count = 1
     ) or
     (ss_hdemo_sk=hd_demo_sk
  and cd_demo_sk = ss_cdemo_sk
  and cd_marital_status = 'M'
  and cd_education_status = 'Secondary'
  and ss_sales_price between 150.00 and 200.00
  and hd_dep_count = 1
     ))
 and((ss_addr_sk = ca_address_sk
  and ca_country = 'United States'
  and ca_state in ('IL', 'AR', 'NE')
  and ss_net_profit between 100 and 200
     ) or
     (ss_addr_sk = ca_address_sk
  and ca_country = 'United States'
  and ca_state in ('TX', 'WV', 'LA')
  and ss_net_profit between 150 and 300
     ) or
     (ss_addr_sk = ca_address_sk
  and ca_country = 'United States'
  and ca_state in ('PA', 'IN', 'TN')
  and ss_net_profit between 50 and 250
     ))
;
tpcds.13.sh|2024-03-19 22:19:17|2024-03-19 22:23:56|279
select avg(ss_quantity)
       ,avg(ss_ext_sales_price)
       ,avg(ss_ext_wholesale_cost)
       ,sum(ss_ext_wholesale_cost)
 from store_sales
     ,store
     ,customer_demographics
     ,household_demographics
     ,customer_address
     ,date_dim
 where s_store_sk = ss_store_sk
 and  ss_sold_date_sk = d_date_sk and d_year = 2001
 and((ss_hdemo_sk=hd_demo_sk
  and cd_demo_sk = ss_cdemo_sk
  and cd_marital_status = 'D'
  and cd_education_status = 'College'
  and ss_sales_price between 100.00 and 150.00
  and hd_dep_count = 3
     )or
     (ss_hdemo_sk=hd_demo_sk
  and cd_demo_sk = ss_cdemo_sk
  and cd_marital_status = 'S'
  and cd_education_status = 'Unknown'
  and ss_sales_price between 50.00 and 100.00
  and hd_dep_count = 1
     ) or
     (ss_hdemo_sk=hd_demo_sk
  and cd_demo_sk = ss_cdemo_sk
  and cd_marital_status = 'M'
  and cd_education_status = 'Secondary'
  and ss_sales_price between 150.00 and 200.00
  and hd_dep_count = 1
     ))
 and((ss_addr_sk = ca_address_sk
  and ca_country = 'United States'
  and ca_state in ('IL', 'AR', 'NE')
  and ss_net_profit between 100 and 200
     ) or
     (ss_addr_sk = ca_address_sk
  and ca_country = 'United States'
  and ca_state in ('TX', 'WV', 'LA')
  and ss_net_profit between 150 and 300
     ) or
     (ss_addr_sk = ca_address_sk
  and ca_country = 'United States'
  and ca_state in ('PA', 'IN', 'TN')
  and ss_net_profit between 50 and 250
     ))
;
tpcds.13.sh|2024-03-19 22:23:57|2024-03-19 22:29:30|333
select avg(ss_quantity)
       ,avg(ss_ext_sales_price)
       ,avg(ss_ext_wholesale_cost)
       ,sum(ss_ext_wholesale_cost)
 from store_sales
     ,store
     ,customer_demographics
     ,household_demographics
     ,customer_address
     ,date_dim
 where s_store_sk = ss_store_sk
 and  ss_sold_date_sk = d_date_sk and d_year = 2001
 and((ss_hdemo_sk=hd_demo_sk
  and cd_demo_sk = ss_cdemo_sk
  and cd_marital_status = 'D'
  and cd_education_status = 'College'
  and ss_sales_price between 100.00 and 150.00
  and hd_dep_count = 3
     )or
     (ss_hdemo_sk=hd_demo_sk
  and cd_demo_sk = ss_cdemo_sk
  and cd_marital_status = 'S'
  and cd_education_status = 'Unknown'
  and ss_sales_price between 50.00 and 100.00
  and hd_dep_count = 1
     ) or
     (ss_hdemo_sk=hd_demo_sk
  and cd_demo_sk = ss_cdemo_sk
  and cd_marital_status = 'M'
  and cd_education_status = 'Secondary'
  and ss_sales_price between 150.00 and 200.00
  and hd_dep_count = 1
     ))
 and((ss_addr_sk = ca_address_sk
  and ca_country = 'United States'
  and ca_state in ('IL', 'AR', 'NE')
  and ss_net_profit between 100 and 200
     ) or
     (ss_addr_sk = ca_address_sk
  and ca_country = 'United States'
  and ca_state in ('TX', 'WV', 'LA')
  and ss_net_profit between 150 and 300
     ) or
     (ss_addr_sk = ca_address_sk
  and ca_country = 'United States'
  and ca_state in ('PA', 'IN', 'TN')
  and ss_net_profit between 50 and 250
     ))
;
tpcds.13.sh|2024-03-19 22:29:31|2024-03-19 22:35:17|346
select avg(ss_quantity)
       ,avg(ss_ext_sales_price)
       ,avg(ss_ext_wholesale_cost)
       ,sum(ss_ext_wholesale_cost)
 from store_sales
     ,store
     ,customer_demographics
     ,household_demographics
     ,customer_address
     ,date_dim
 where s_store_sk = ss_store_sk
 and  ss_sold_date_sk = d_date_sk and d_year = 2001
 and((ss_hdemo_sk=hd_demo_sk
  and cd_demo_sk = ss_cdemo_sk
  and cd_marital_status = 'D'
  and cd_education_status = 'College'
  and ss_sales_price between 100.00 and 150.00
  and hd_dep_count = 3
     )or
     (ss_hdemo_sk=hd_demo_sk
  and cd_demo_sk = ss_cdemo_sk
  and cd_marital_status = 'S'
  and cd_education_status = 'Unknown'
  and ss_sales_price between 50.00 and 100.00
  and hd_dep_count = 1
     ) or
     (ss_hdemo_sk=hd_demo_sk
  and cd_demo_sk = ss_cdemo_sk
  and cd_marital_status = 'M'
  and cd_education_status = 'Secondary'
  and ss_sales_price between 150.00 and 200.00
  and hd_dep_count = 1
     ))
 and((ss_addr_sk = ca_address_sk
  and ca_country = 'United States'
  and ca_state in ('IL', 'AR', 'NE')
  and ss_net_profit between 100 and 200
     ) or
     (ss_addr_sk = ca_address_sk
  and ca_country = 'United States'
  and ca_state in ('TX', 'WV', 'LA')
  and ss_net_profit between 150 and 300
     ) or
     (ss_addr_sk = ca_address_sk
  and ca_country = 'United States'
  and ca_state in ('PA', 'IN', 'TN')
  and ss_net_profit between 50 and 250
     ))
;
tpcds.13.sh|2024-03-19 22:35:18|2024-03-19 22:38:20|182
select avg(ss_quantity)
       ,avg(ss_ext_sales_price)
       ,avg(ss_ext_wholesale_cost)
       ,sum(ss_ext_wholesale_cost)
 from store_sales
     ,store
     ,customer_demographics
     ,household_demographics
     ,customer_address
     ,date_dim
 where s_store_sk = ss_store_sk
 and  ss_sold_date_sk = d_date_sk and d_year = 2001
 and((ss_hdemo_sk=hd_demo_sk
  and cd_demo_sk = ss_cdemo_sk
  and cd_marital_status = 'D'
  and cd_education_status = 'College'
  and ss_sales_price between 100.00 and 150.00
  and hd_dep_count = 3
     )or
     (ss_hdemo_sk=hd_demo_sk
  and cd_demo_sk = ss_cdemo_sk
  and cd_marital_status = 'S'
  and cd_education_status = 'Unknown'
  and ss_sales_price between 50.00 and 100.00
  and hd_dep_count = 1
     ) or
     (ss_hdemo_sk=hd_demo_sk
  and cd_demo_sk = ss_cdemo_sk
  and cd_marital_status = 'M'
  and cd_education_status = 'Secondary'
  and ss_sales_price between 150.00 and 200.00
  and hd_dep_count = 1
     ))
 and((ss_addr_sk = ca_address_sk
  and ca_country = 'United States'
  and ca_state in ('IL', 'AR', 'NE')
  and ss_net_profit between 100 and 200
     ) or
     (ss_addr_sk = ca_address_sk
  and ca_country = 'United States'
  and ca_state in ('TX', 'WV', 'LA')
  and ss_net_profit between 150 and 300
     ) or
     (ss_addr_sk = ca_address_sk
  and ca_country = 'United States'
  and ca_state in ('PA', 'IN', 'TN')
  and ss_net_profit between 50 and 250
     ))
;
tpcds.13.sh|2024-03-19 22:38:21|2024-03-19 22:42:55|274
select avg(ss_quantity)
       ,avg(ss_ext_sales_price)
       ,avg(ss_ext_wholesale_cost)
       ,sum(ss_ext_wholesale_cost)
 from store_sales
     ,store
     ,customer_demographics
     ,household_demographics
     ,customer_address
     ,date_dim
 where s_store_sk = ss_store_sk
 and  ss_sold_date_sk = d_date_sk and d_year = 2001
 and((ss_hdemo_sk=hd_demo_sk
  and cd_demo_sk = ss_cdemo_sk
  and cd_marital_status = 'D'
  and cd_education_status = 'College'
  and ss_sales_price between 100.00 and 150.00
  and hd_dep_count = 3
     )or
     (ss_hdemo_sk=hd_demo_sk
  and cd_demo_sk = ss_cdemo_sk
  and cd_marital_status = 'S'
  and cd_education_status = 'Unknown'
  and ss_sales_price between 50.00 and 100.00
  and hd_dep_count = 1
     ) or
     (ss_hdemo_sk=hd_demo_sk
  and cd_demo_sk = ss_cdemo_sk
  and cd_marital_status = 'M'
  and cd_education_status = 'Secondary'
  and ss_sales_price between 150.00 and 200.00
  and hd_dep_count = 1
     ))
 and((ss_addr_sk = ca_address_sk
  and ca_country = 'United States'
  and ca_state in ('IL', 'AR', 'NE')
  and ss_net_profit between 100 and 200
     ) or
     (ss_addr_sk = ca_address_sk
  and ca_country = 'United States'
  and ca_state in ('TX', 'WV', 'LA')
  and ss_net_profit between 150 and 300
     ) or
     (ss_addr_sk = ca_address_sk
  and ca_country = 'United States'
  and ca_state in ('PA', 'IN', 'TN')
  and ss_net_profit between 50 and 250
     ))
;
tpcds.13.sh|2024-03-19 22:42:56|2024-03-19 22:46:25|209
select avg(ss_quantity)
       ,avg(ss_ext_sales_price)
       ,avg(ss_ext_wholesale_cost)
       ,sum(ss_ext_wholesale_cost)
 from store_sales
     ,store
     ,customer_demographics
     ,household_demographics
     ,customer_address
     ,date_dim
 where s_store_sk = ss_store_sk
 and  ss_sold_date_sk = d_date_sk and d_year = 2001
 and((ss_hdemo_sk=hd_demo_sk
  and cd_demo_sk = ss_cdemo_sk
  and cd_marital_status = 'D'
  and cd_education_status = 'College'
  and ss_sales_price between 100.00 and 150.00
  and hd_dep_count = 3
     )or
     (ss_hdemo_sk=hd_demo_sk
  and cd_demo_sk = ss_cdemo_sk
  and cd_marital_status = 'S'
  and cd_education_status = 'Unknown'
  and ss_sales_price between 50.00 and 100.00
  and hd_dep_count = 1
     ) or
     (ss_hdemo_sk=hd_demo_sk
  and cd_demo_sk = ss_cdemo_sk
  and cd_marital_status = 'M'
  and cd_education_status = 'Secondary'
  and ss_sales_price between 150.00 and 200.00
  and hd_dep_count = 1
     ))
 and((ss_addr_sk = ca_address_sk
  and ca_country = 'United States'
  and ca_state in ('IL', 'AR', 'NE')
  and ss_net_profit between 100 and 200
     ) or
     (ss_addr_sk = ca_address_sk
  and ca_country = 'United States'
  and ca_state in ('TX', 'WV', 'LA')
  and ss_net_profit between 150 and 300
     ) or
     (ss_addr_sk = ca_address_sk
  and ca_country = 'United States'
  and ca_state in ('PA', 'IN', 'TN')
  and ss_net_profit between 50 and 250
     ))
;
tpcds.13.sh|2024-03-19 22:46:26|2024-03-19 22:49:17|171
select avg(ss_quantity)
       ,avg(ss_ext_sales_price)
       ,avg(ss_ext_wholesale_cost)
       ,sum(ss_ext_wholesale_cost)
 from store_sales
     ,store
     ,customer_demographics
     ,household_demographics
     ,customer_address
     ,date_dim
 where s_store_sk = ss_store_sk
 and  ss_sold_date_sk = d_date_sk and d_year = 2001
 and((ss_hdemo_sk=hd_demo_sk
  and cd_demo_sk = ss_cdemo_sk
  and cd_marital_status = 'D'
  and cd_education_status = 'College'
  and ss_sales_price between 100.00 and 150.00
  and hd_dep_count = 3
     )or
     (ss_hdemo_sk=hd_demo_sk
  and cd_demo_sk = ss_cdemo_sk
  and cd_marital_status = 'S'
  and cd_education_status = 'Unknown'
  and ss_sales_price between 50.00 and 100.00
  and hd_dep_count = 1
     ) or
     (ss_hdemo_sk=hd_demo_sk
  and cd_demo_sk = ss_cdemo_sk
  and cd_marital_status = 'M'
  and cd_education_status = 'Secondary'
  and ss_sales_price between 150.00 and 200.00
  and hd_dep_count = 1
     ))
 and((ss_addr_sk = ca_address_sk
  and ca_country = 'United States'
  and ca_state in ('IL', 'AR', 'NE')
  and ss_net_profit between 100 and 200
     ) or
     (ss_addr_sk = ca_address_sk
  and ca_country = 'United States'
  and ca_state in ('TX', 'WV', 'LA')
  and ss_net_profit between 150 and 300
     ) or
     (ss_addr_sk = ca_address_sk
  and ca_country = 'United States'
  and ca_state in ('PA', 'IN', 'TN')
  and ss_net_profit between 50 and 250
     ))
;
tpcds.13.sh|2024-03-19 22:49:18|2024-03-19 22:55:41|383
select avg(ss_quantity)
       ,avg(ss_ext_sales_price)
       ,avg(ss_ext_wholesale_cost)
       ,sum(ss_ext_wholesale_cost)
 from store_sales
     ,store
     ,customer_demographics
     ,household_demographics
     ,customer_address
     ,date_dim
 where s_store_sk = ss_store_sk
 and  ss_sold_date_sk = d_date_sk and d_year = 2001
 and((ss_hdemo_sk=hd_demo_sk
  and cd_demo_sk = ss_cdemo_sk
  and cd_marital_status = 'D'
  and cd_education_status = 'College'
  and ss_sales_price between 100.00 and 150.00
  and hd_dep_count = 3
     )or
     (ss_hdemo_sk=hd_demo_sk
  and cd_demo_sk = ss_cdemo_sk
  and cd_marital_status = 'S'
  and cd_education_status = 'Unknown'
  and ss_sales_price between 50.00 and 100.00
  and hd_dep_count = 1
     ) or
     (ss_hdemo_sk=hd_demo_sk
  and cd_demo_sk = ss_cdemo_sk
  and cd_marital_status = 'M'
  and cd_education_status = 'Secondary'
  and ss_sales_price between 150.00 and 200.00
  and hd_dep_count = 1
     ))
 and((ss_addr_sk = ca_address_sk
  and ca_country = 'United States'
  and ca_state in ('IL', 'AR', 'NE')
  and ss_net_profit between 100 and 200
     ) or
     (ss_addr_sk = ca_address_sk
  and ca_country = 'United States'
  and ca_state in ('TX', 'WV', 'LA')
  and ss_net_profit between 150 and 300
     ) or
     (ss_addr_sk = ca_address_sk
  and ca_country = 'United States'
  and ca_state in ('PA', 'IN', 'TN')
  and ss_net_profit between 50 and 250
     ))
;
tpcds.13.sh|2024-03-19 22:55:42|2024-03-19 23:00:48|306
select avg(ss_quantity)
       ,avg(ss_ext_sales_price)
       ,avg(ss_ext_wholesale_cost)
       ,sum(ss_ext_wholesale_cost)
 from store_sales
     ,store
     ,customer_demographics
     ,household_demographics
     ,customer_address
     ,date_dim
 where s_store_sk = ss_store_sk
 and  ss_sold_date_sk = d_date_sk and d_year = 2001
 and((ss_hdemo_sk=hd_demo_sk
  and cd_demo_sk = ss_cdemo_sk
  and cd_marital_status = 'D'
  and cd_education_status = 'College'
  and ss_sales_price between 100.00 and 150.00
  and hd_dep_count = 3
     )or
     (ss_hdemo_sk=hd_demo_sk
  and cd_demo_sk = ss_cdemo_sk
  and cd_marital_status = 'S'
  and cd_education_status = 'Unknown'
  and ss_sales_price between 50.00 and 100.00
  and hd_dep_count = 1
     ) or
     (ss_hdemo_sk=hd_demo_sk
  and cd_demo_sk = ss_cdemo_sk
  and cd_marital_status = 'M'
  and cd_education_status = 'Secondary'
  and ss_sales_price between 150.00 and 200.00
  and hd_dep_count = 1
     ))
 and((ss_addr_sk = ca_address_sk
  and ca_country = 'United States'
  and ca_state in ('IL', 'AR', 'NE')
  and ss_net_profit between 100 and 200
     ) or
     (ss_addr_sk = ca_address_sk
  and ca_country = 'United States'
  and ca_state in ('TX', 'WV', 'LA')
  and ss_net_profit between 150 and 300
     ) or
     (ss_addr_sk = ca_address_sk
  and ca_country = 'United States'
  and ca_state in ('PA', 'IN', 'TN')
  and ss_net_profit between 50 and 250
     ))
;
tpcds.13.sh|2024-03-19 23:00:49|2024-03-19 23:05:55|306
select avg(ss_quantity)
       ,avg(ss_ext_sales_price)
       ,avg(ss_ext_wholesale_cost)
       ,sum(ss_ext_wholesale_cost)
 from store_sales
     ,store
     ,customer_demographics
     ,household_demographics
     ,customer_address
     ,date_dim
 where s_store_sk = ss_store_sk
 and  ss_sold_date_sk = d_date_sk and d_year = 2001
 and((ss_hdemo_sk=hd_demo_sk
  and cd_demo_sk = ss_cdemo_sk
  and cd_marital_status = 'D'
  and cd_education_status = 'College'
  and ss_sales_price between 100.00 and 150.00
  and hd_dep_count = 3
     )or
     (ss_hdemo_sk=hd_demo_sk
  and cd_demo_sk = ss_cdemo_sk
  and cd_marital_status = 'S'
  and cd_education_status = 'Unknown'
  and ss_sales_price between 50.00 and 100.00
  and hd_dep_count = 1
     ) or
     (ss_hdemo_sk=hd_demo_sk
  and cd_demo_sk = ss_cdemo_sk
  and cd_marital_status = 'M'
  and cd_education_status = 'Secondary'
  and ss_sales_price between 150.00 and 200.00
  and hd_dep_count = 1
     ))
 and((ss_addr_sk = ca_address_sk
  and ca_country = 'United States'
  and ca_state in ('IL', 'AR', 'NE')
  and ss_net_profit between 100 and 200
     ) or
     (ss_addr_sk = ca_address_sk
  and ca_country = 'United States'
  and ca_state in ('TX', 'WV', 'LA')
  and ss_net_profit between 150 and 300
     ) or
     (ss_addr_sk = ca_address_sk
  and ca_country = 'United States'
  and ca_state in ('PA', 'IN', 'TN')
  and ss_net_profit between 50 and 250
     ))
;
tpcds.13.sh|2024-03-19 23:05:56|2024-03-19 23:10:34|278
select avg(ss_quantity)
       ,avg(ss_ext_sales_price)
       ,avg(ss_ext_wholesale_cost)
       ,sum(ss_ext_wholesale_cost)
 from store_sales
     ,store
     ,customer_demographics
     ,household_demographics
     ,customer_address
     ,date_dim
 where s_store_sk = ss_store_sk
 and  ss_sold_date_sk = d_date_sk and d_year = 2001
 and((ss_hdemo_sk=hd_demo_sk
  and cd_demo_sk = ss_cdemo_sk
  and cd_marital_status = 'D'
  and cd_education_status = 'College'
  and ss_sales_price between 100.00 and 150.00
  and hd_dep_count = 3
     )or
     (ss_hdemo_sk=hd_demo_sk
  and cd_demo_sk = ss_cdemo_sk
  and cd_marital_status = 'S'
  and cd_education_status = 'Unknown'
  and ss_sales_price between 50.00 and 100.00
  and hd_dep_count = 1
     ) or
     (ss_hdemo_sk=hd_demo_sk
  and cd_demo_sk = ss_cdemo_sk
  and cd_marital_status = 'M'
  and cd_education_status = 'Secondary'
  and ss_sales_price between 150.00 and 200.00
  and hd_dep_count = 1
     ))
 and((ss_addr_sk = ca_address_sk
  and ca_country = 'United States'
  and ca_state in ('IL', 'AR', 'NE')
  and ss_net_profit between 100 and 200
     ) or
     (ss_addr_sk = ca_address_sk
  and ca_country = 'United States'
  and ca_state in ('TX', 'WV', 'LA')
  and ss_net_profit between 150 and 300
     ) or
     (ss_addr_sk = ca_address_sk
  and ca_country = 'United States'
  and ca_state in ('PA', 'IN', 'TN')
  and ss_net_profit between 50 and 250
     ))
;
tpcds.13.sh|2024-03-19 23:10:35|2024-03-19 23:14:55|260
select avg(ss_quantity)
       ,avg(ss_ext_sales_price)
       ,avg(ss_ext_wholesale_cost)
       ,sum(ss_ext_wholesale_cost)
 from store_sales
     ,store
     ,customer_demographics
     ,household_demographics
     ,customer_address
     ,date_dim
 where s_store_sk = ss_store_sk
 and  ss_sold_date_sk = d_date_sk and d_year = 2001
 and((ss_hdemo_sk=hd_demo_sk
  and cd_demo_sk = ss_cdemo_sk
  and cd_marital_status = 'D'
  and cd_education_status = 'College'
  and ss_sales_price between 100.00 and 150.00
  and hd_dep_count = 3
     )or
     (ss_hdemo_sk=hd_demo_sk
  and cd_demo_sk = ss_cdemo_sk
  and cd_marital_status = 'S'
  and cd_education_status = 'Unknown'
  and ss_sales_price between 50.00 and 100.00
  and hd_dep_count = 1
     ) or
     (ss_hdemo_sk=hd_demo_sk
  and cd_demo_sk = ss_cdemo_sk
  and cd_marital_status = 'M'
  and cd_education_status = 'Secondary'
  and ss_sales_price between 150.00 and 200.00
  and hd_dep_count = 1
     ))
 and((ss_addr_sk = ca_address_sk
  and ca_country = 'United States'
  and ca_state in ('IL', 'AR', 'NE')
  and ss_net_profit between 100 and 200
     ) or
     (ss_addr_sk = ca_address_sk
  and ca_country = 'United States'
  and ca_state in ('TX', 'WV', 'LA')
  and ss_net_profit between 150 and 300
     ) or
     (ss_addr_sk = ca_address_sk
  and ca_country = 'United States'
  and ca_state in ('PA', 'IN', 'TN')
  and ss_net_profit between 50 and 250
     ))
;
ERROR:  canceling statement due to user request
tpcds.13.sh|2024-03-19 23:14:56|2024-03-19 23:18:12|196
