select  i_product_name
             ,i_brand
             ,i_class
             ,i_category
             ,avg(inv_quantity_on_hand) qoh
       from inventory
           ,date_dim
           ,item
       where inv_date_sk=d_date_sk
              and inv_item_sk=i_item_sk
              and d_month_seq between 1211 and 1211 + 11
       group by rollup(i_product_name
                       ,i_brand
                       ,i_class
                       ,i_category)
order by qoh, i_product_name, i_brand, i_class, i_category
limit 100;
tpcds.22.sh|2024-04-09 05:53:58|2024-04-09 05:55:44|106
select  i_product_name
             ,i_brand
             ,i_class
             ,i_category
             ,avg(inv_quantity_on_hand) qoh
       from inventory
           ,date_dim
           ,item
       where inv_date_sk=d_date_sk
              and inv_item_sk=i_item_sk
              and d_month_seq between 1211 and 1211 + 11
       group by rollup(i_product_name
                       ,i_brand
                       ,i_class
                       ,i_category)
order by qoh, i_product_name, i_brand, i_class, i_category
limit 100;
tpcds.22.sh|2024-04-09 05:55:45|2024-04-09 05:57:56|131
select  i_product_name
             ,i_brand
             ,i_class
             ,i_category
             ,avg(inv_quantity_on_hand) qoh
       from inventory
           ,date_dim
           ,item
       where inv_date_sk=d_date_sk
              and inv_item_sk=i_item_sk
              and d_month_seq between 1211 and 1211 + 11
       group by rollup(i_product_name
                       ,i_brand
                       ,i_class
                       ,i_category)
order by qoh, i_product_name, i_brand, i_class, i_category
limit 100;
tpcds.22.sh|2024-04-09 05:57:57|2024-04-09 05:59:25|88
select  i_product_name
             ,i_brand
             ,i_class
             ,i_category
             ,avg(inv_quantity_on_hand) qoh
       from inventory
           ,date_dim
           ,item
       where inv_date_sk=d_date_sk
              and inv_item_sk=i_item_sk
              and d_month_seq between 1211 and 1211 + 11
       group by rollup(i_product_name
                       ,i_brand
                       ,i_class
                       ,i_category)
order by qoh, i_product_name, i_brand, i_class, i_category
limit 100;
tpcds.22.sh|2024-04-09 05:59:26|2024-04-09 06:01:14|108
select  i_product_name
             ,i_brand
             ,i_class
             ,i_category
             ,avg(inv_quantity_on_hand) qoh
       from inventory
           ,date_dim
           ,item
       where inv_date_sk=d_date_sk
              and inv_item_sk=i_item_sk
              and d_month_seq between 1211 and 1211 + 11
       group by rollup(i_product_name
                       ,i_brand
                       ,i_class
                       ,i_category)
order by qoh, i_product_name, i_brand, i_class, i_category
limit 100;
tpcds.22.sh|2024-04-09 06:01:15|2024-04-09 06:02:45|90
select  i_product_name
             ,i_brand
             ,i_class
             ,i_category
             ,avg(inv_quantity_on_hand) qoh
       from inventory
           ,date_dim
           ,item
       where inv_date_sk=d_date_sk
              and inv_item_sk=i_item_sk
              and d_month_seq between 1211 and 1211 + 11
       group by rollup(i_product_name
                       ,i_brand
                       ,i_class
                       ,i_category)
order by qoh, i_product_name, i_brand, i_class, i_category
limit 100;
tpcds.22.sh|2024-04-09 06:02:46|2024-04-09 06:03:52|66
select  i_product_name
             ,i_brand
             ,i_class
             ,i_category
             ,avg(inv_quantity_on_hand) qoh
       from inventory
           ,date_dim
           ,item
       where inv_date_sk=d_date_sk
              and inv_item_sk=i_item_sk
              and d_month_seq between 1211 and 1211 + 11
       group by rollup(i_product_name
                       ,i_brand
                       ,i_class
                       ,i_category)
order by qoh, i_product_name, i_brand, i_class, i_category
limit 100;
tpcds.22.sh|2024-04-09 06:03:53|2024-04-09 06:05:17|84
select  i_product_name
             ,i_brand
             ,i_class
             ,i_category
             ,avg(inv_quantity_on_hand) qoh
       from inventory
           ,date_dim
           ,item
       where inv_date_sk=d_date_sk
              and inv_item_sk=i_item_sk
              and d_month_seq between 1211 and 1211 + 11
       group by rollup(i_product_name
                       ,i_brand
                       ,i_class
                       ,i_category)
order by qoh, i_product_name, i_brand, i_class, i_category
limit 100;
tpcds.22.sh|2024-04-09 06:05:18|2024-04-09 06:06:53|95
select  i_product_name
             ,i_brand
             ,i_class
             ,i_category
             ,avg(inv_quantity_on_hand) qoh
       from inventory
           ,date_dim
           ,item
       where inv_date_sk=d_date_sk
              and inv_item_sk=i_item_sk
              and d_month_seq between 1211 and 1211 + 11
       group by rollup(i_product_name
                       ,i_brand
                       ,i_class
                       ,i_category)
order by qoh, i_product_name, i_brand, i_class, i_category
limit 100;
tpcds.22.sh|2024-04-09 06:06:54|2024-04-09 06:08:43|109
select  i_product_name
             ,i_brand
             ,i_class
             ,i_category
             ,avg(inv_quantity_on_hand) qoh
       from inventory
           ,date_dim
           ,item
       where inv_date_sk=d_date_sk
              and inv_item_sk=i_item_sk
              and d_month_seq between 1211 and 1211 + 11
       group by rollup(i_product_name
                       ,i_brand
                       ,i_class
                       ,i_category)
order by qoh, i_product_name, i_brand, i_class, i_category
limit 100;
tpcds.22.sh|2024-04-09 06:08:44|2024-04-09 06:10:23|99
select  i_product_name
             ,i_brand
             ,i_class
             ,i_category
             ,avg(inv_quantity_on_hand) qoh
       from inventory
           ,date_dim
           ,item
       where inv_date_sk=d_date_sk
              and inv_item_sk=i_item_sk
              and d_month_seq between 1211 and 1211 + 11
       group by rollup(i_product_name
                       ,i_brand
                       ,i_class
                       ,i_category)
order by qoh, i_product_name, i_brand, i_class, i_category
limit 100;
tpcds.22.sh|2024-04-09 06:10:24|2024-04-09 06:11:49|85
select  i_product_name
             ,i_brand
             ,i_class
             ,i_category
             ,avg(inv_quantity_on_hand) qoh
       from inventory
           ,date_dim
           ,item
       where inv_date_sk=d_date_sk
              and inv_item_sk=i_item_sk
              and d_month_seq between 1211 and 1211 + 11
       group by rollup(i_product_name
                       ,i_brand
                       ,i_class
                       ,i_category)
order by qoh, i_product_name, i_brand, i_class, i_category
limit 100;
tpcds.22.sh|2024-04-09 06:11:50|2024-04-09 06:12:47|57
select  i_product_name
             ,i_brand
             ,i_class
             ,i_category
             ,avg(inv_quantity_on_hand) qoh
       from inventory
           ,date_dim
           ,item
       where inv_date_sk=d_date_sk
              and inv_item_sk=i_item_sk
              and d_month_seq between 1211 and 1211 + 11
       group by rollup(i_product_name
                       ,i_brand
                       ,i_class
                       ,i_category)
order by qoh, i_product_name, i_brand, i_class, i_category
limit 100;
tpcds.22.sh|2024-04-09 06:12:48|2024-04-09 06:14:25|97
select  i_product_name
             ,i_brand
             ,i_class
             ,i_category
             ,avg(inv_quantity_on_hand) qoh
       from inventory
           ,date_dim
           ,item
       where inv_date_sk=d_date_sk
              and inv_item_sk=i_item_sk
              and d_month_seq between 1211 and 1211 + 11
       group by rollup(i_product_name
                       ,i_brand
                       ,i_class
                       ,i_category)
order by qoh, i_product_name, i_brand, i_class, i_category
limit 100;
tpcds.22.sh|2024-04-09 06:14:26|2024-04-09 06:16:11|105
select  i_product_name
             ,i_brand
             ,i_class
             ,i_category
             ,avg(inv_quantity_on_hand) qoh
       from inventory
           ,date_dim
           ,item
       where inv_date_sk=d_date_sk
              and inv_item_sk=i_item_sk
              and d_month_seq between 1211 and 1211 + 11
       group by rollup(i_product_name
                       ,i_brand
                       ,i_class
                       ,i_category)
order by qoh, i_product_name, i_brand, i_class, i_category
limit 100;
tpcds.22.sh|2024-04-09 06:16:12|2024-04-09 06:17:40|88
select  i_product_name
             ,i_brand
             ,i_class
             ,i_category
             ,avg(inv_quantity_on_hand) qoh
       from inventory
           ,date_dim
           ,item
       where inv_date_sk=d_date_sk
              and inv_item_sk=i_item_sk
              and d_month_seq between 1211 and 1211 + 11
       group by rollup(i_product_name
                       ,i_brand
                       ,i_class
                       ,i_category)
order by qoh, i_product_name, i_brand, i_class, i_category
limit 100;
tpcds.22.sh|2024-04-09 06:17:41|2024-04-09 06:18:55|74
select  i_product_name
             ,i_brand
             ,i_class
             ,i_category
             ,avg(inv_quantity_on_hand) qoh
       from inventory
           ,date_dim
           ,item
       where inv_date_sk=d_date_sk
              and inv_item_sk=i_item_sk
              and d_month_seq between 1211 and 1211 + 11
       group by rollup(i_product_name
                       ,i_brand
                       ,i_class
                       ,i_category)
order by qoh, i_product_name, i_brand, i_class, i_category
limit 100;
tpcds.22.sh|2024-04-09 06:18:56|2024-04-09 06:21:03|127
select  i_product_name
             ,i_brand
             ,i_class
             ,i_category
             ,avg(inv_quantity_on_hand) qoh
       from inventory
           ,date_dim
           ,item
       where inv_date_sk=d_date_sk
              and inv_item_sk=i_item_sk
              and d_month_seq between 1211 and 1211 + 11
       group by rollup(i_product_name
                       ,i_brand
                       ,i_class
                       ,i_category)
order by qoh, i_product_name, i_brand, i_class, i_category
limit 100;
tpcds.22.sh|2024-04-09 06:21:04|2024-04-09 06:22:29|85
select  i_product_name
             ,i_brand
             ,i_class
             ,i_category
             ,avg(inv_quantity_on_hand) qoh
       from inventory
           ,date_dim
           ,item
       where inv_date_sk=d_date_sk
              and inv_item_sk=i_item_sk
              and d_month_seq between 1211 and 1211 + 11
       group by rollup(i_product_name
                       ,i_brand
                       ,i_class
                       ,i_category)
order by qoh, i_product_name, i_brand, i_class, i_category
limit 100;
tpcds.22.sh|2024-04-09 06:22:30|2024-04-09 06:23:53|83
select  i_product_name
             ,i_brand
             ,i_class
             ,i_category
             ,avg(inv_quantity_on_hand) qoh
       from inventory
           ,date_dim
           ,item
       where inv_date_sk=d_date_sk
              and inv_item_sk=i_item_sk
              and d_month_seq between 1211 and 1211 + 11
       group by rollup(i_product_name
                       ,i_brand
                       ,i_class
                       ,i_category)
order by qoh, i_product_name, i_brand, i_class, i_category
limit 100;
tpcds.22.sh|2024-04-09 06:23:54|2024-04-09 06:25:57|123
select  i_product_name
             ,i_brand
             ,i_class
             ,i_category
             ,avg(inv_quantity_on_hand) qoh
       from inventory
           ,date_dim
           ,item
       where inv_date_sk=d_date_sk
              and inv_item_sk=i_item_sk
              and d_month_seq between 1211 and 1211 + 11
       group by rollup(i_product_name
                       ,i_brand
                       ,i_class
                       ,i_category)
order by qoh, i_product_name, i_brand, i_class, i_category
limit 100;
tpcds.22.sh|2024-04-09 06:25:58|2024-04-09 06:27:22|84
select  i_product_name
             ,i_brand
             ,i_class
             ,i_category
             ,avg(inv_quantity_on_hand) qoh
       from inventory
           ,date_dim
           ,item
       where inv_date_sk=d_date_sk
              and inv_item_sk=i_item_sk
              and d_month_seq between 1211 and 1211 + 11
       group by rollup(i_product_name
                       ,i_brand
                       ,i_class
                       ,i_category)
order by qoh, i_product_name, i_brand, i_class, i_category
limit 100;
tpcds.22.sh|2024-04-09 06:27:23|2024-04-09 06:28:41|78
select  i_product_name
             ,i_brand
             ,i_class
             ,i_category
             ,avg(inv_quantity_on_hand) qoh
       from inventory
           ,date_dim
           ,item
       where inv_date_sk=d_date_sk
              and inv_item_sk=i_item_sk
              and d_month_seq between 1211 and 1211 + 11
       group by rollup(i_product_name
                       ,i_brand
                       ,i_class
                       ,i_category)
order by qoh, i_product_name, i_brand, i_class, i_category
limit 100;
tpcds.22.sh|2024-04-09 06:28:42|2024-04-09 06:29:57|75
select  i_product_name
             ,i_brand
             ,i_class
             ,i_category
             ,avg(inv_quantity_on_hand) qoh
       from inventory
           ,date_dim
           ,item
       where inv_date_sk=d_date_sk
              and inv_item_sk=i_item_sk
              and d_month_seq between 1211 and 1211 + 11
       group by rollup(i_product_name
                       ,i_brand
                       ,i_class
                       ,i_category)
order by qoh, i_product_name, i_brand, i_class, i_category
limit 100;
tpcds.22.sh|2024-04-09 06:29:58|2024-04-09 06:31:38|100
select  i_product_name
             ,i_brand
             ,i_class
             ,i_category
             ,avg(inv_quantity_on_hand) qoh
       from inventory
           ,date_dim
           ,item
       where inv_date_sk=d_date_sk
              and inv_item_sk=i_item_sk
              and d_month_seq between 1211 and 1211 + 11
       group by rollup(i_product_name
                       ,i_brand
                       ,i_class
                       ,i_category)
order by qoh, i_product_name, i_brand, i_class, i_category
limit 100;
tpcds.22.sh|2024-04-09 06:31:39|2024-04-09 06:32:57|78
select  i_product_name
             ,i_brand
             ,i_class
             ,i_category
             ,avg(inv_quantity_on_hand) qoh
       from inventory
           ,date_dim
           ,item
       where inv_date_sk=d_date_sk
              and inv_item_sk=i_item_sk
              and d_month_seq between 1211 and 1211 + 11
       group by rollup(i_product_name
                       ,i_brand
                       ,i_class
                       ,i_category)
order by qoh, i_product_name, i_brand, i_class, i_category
limit 100;
tpcds.22.sh|2024-04-09 06:32:58|2024-04-09 06:34:11|73
select  i_product_name
             ,i_brand
             ,i_class
             ,i_category
             ,avg(inv_quantity_on_hand) qoh
       from inventory
           ,date_dim
           ,item
       where inv_date_sk=d_date_sk
              and inv_item_sk=i_item_sk
              and d_month_seq between 1211 and 1211 + 11
       group by rollup(i_product_name
                       ,i_brand
                       ,i_class
                       ,i_category)
order by qoh, i_product_name, i_brand, i_class, i_category
limit 100;
tpcds.22.sh|2024-04-09 06:34:12|2024-04-09 06:36:01|109
select  i_product_name
             ,i_brand
             ,i_class
             ,i_category
             ,avg(inv_quantity_on_hand) qoh
       from inventory
           ,date_dim
           ,item
       where inv_date_sk=d_date_sk
              and inv_item_sk=i_item_sk
              and d_month_seq between 1211 and 1211 + 11
       group by rollup(i_product_name
                       ,i_brand
                       ,i_class
                       ,i_category)
order by qoh, i_product_name, i_brand, i_class, i_category
limit 100;
tpcds.22.sh|2024-04-09 06:36:02|2024-04-09 06:37:54|112
select  i_product_name
             ,i_brand
             ,i_class
             ,i_category
             ,avg(inv_quantity_on_hand) qoh
       from inventory
           ,date_dim
           ,item
       where inv_date_sk=d_date_sk
              and inv_item_sk=i_item_sk
              and d_month_seq between 1211 and 1211 + 11
       group by rollup(i_product_name
                       ,i_brand
                       ,i_class
                       ,i_category)
order by qoh, i_product_name, i_brand, i_class, i_category
limit 100;
tpcds.22.sh|2024-04-09 06:37:55|2024-04-09 06:39:22|87
select  i_product_name
             ,i_brand
             ,i_class
             ,i_category
             ,avg(inv_quantity_on_hand) qoh
       from inventory
           ,date_dim
           ,item
       where inv_date_sk=d_date_sk
              and inv_item_sk=i_item_sk
              and d_month_seq between 1211 and 1211 + 11
       group by rollup(i_product_name
                       ,i_brand
                       ,i_class
                       ,i_category)
order by qoh, i_product_name, i_brand, i_class, i_category
limit 100;
tpcds.22.sh|2024-04-09 06:39:23|2024-04-09 06:41:18|115
select  i_product_name
             ,i_brand
             ,i_class
             ,i_category
             ,avg(inv_quantity_on_hand) qoh
       from inventory
           ,date_dim
           ,item
       where inv_date_sk=d_date_sk
              and inv_item_sk=i_item_sk
              and d_month_seq between 1211 and 1211 + 11
       group by rollup(i_product_name
                       ,i_brand
                       ,i_class
                       ,i_category)
order by qoh, i_product_name, i_brand, i_class, i_category
limit 100;
tpcds.22.sh|2024-04-09 06:41:19|2024-04-09 06:42:51|92
select  i_product_name
             ,i_brand
             ,i_class
             ,i_category
             ,avg(inv_quantity_on_hand) qoh
       from inventory
           ,date_dim
           ,item
       where inv_date_sk=d_date_sk
              and inv_item_sk=i_item_sk
              and d_month_seq between 1211 and 1211 + 11
       group by rollup(i_product_name
                       ,i_brand
                       ,i_class
                       ,i_category)
order by qoh, i_product_name, i_brand, i_class, i_category
limit 100;
tpcds.22.sh|2024-04-09 06:42:52|2024-04-09 06:43:56|64
select  i_product_name
             ,i_brand
             ,i_class
             ,i_category
             ,avg(inv_quantity_on_hand) qoh
       from inventory
           ,date_dim
           ,item
       where inv_date_sk=d_date_sk
              and inv_item_sk=i_item_sk
              and d_month_seq between 1211 and 1211 + 11
       group by rollup(i_product_name
                       ,i_brand
                       ,i_class
                       ,i_category)
order by qoh, i_product_name, i_brand, i_class, i_category
limit 100;
tpcds.22.sh|2024-04-09 06:43:57|2024-04-09 06:46:01|124
select  i_product_name
             ,i_brand
             ,i_class
             ,i_category
             ,avg(inv_quantity_on_hand) qoh
       from inventory
           ,date_dim
           ,item
       where inv_date_sk=d_date_sk
              and inv_item_sk=i_item_sk
              and d_month_seq between 1211 and 1211 + 11
       group by rollup(i_product_name
                       ,i_brand
                       ,i_class
                       ,i_category)
order by qoh, i_product_name, i_brand, i_class, i_category
limit 100;
tpcds.22.sh|2024-04-09 06:46:02|2024-04-09 06:47:10|68
select  i_product_name
             ,i_brand
             ,i_class
             ,i_category
             ,avg(inv_quantity_on_hand) qoh
       from inventory
           ,date_dim
           ,item
       where inv_date_sk=d_date_sk
              and inv_item_sk=i_item_sk
              and d_month_seq between 1211 and 1211 + 11
       group by rollup(i_product_name
                       ,i_brand
                       ,i_class
                       ,i_category)
order by qoh, i_product_name, i_brand, i_class, i_category
limit 100;
tpcds.22.sh|2024-04-09 06:47:11|2024-04-09 06:48:11|60
select  i_product_name
             ,i_brand
             ,i_class
             ,i_category
             ,avg(inv_quantity_on_hand) qoh
       from inventory
           ,date_dim
           ,item
       where inv_date_sk=d_date_sk
              and inv_item_sk=i_item_sk
              and d_month_seq between 1211 and 1211 + 11
       group by rollup(i_product_name
                       ,i_brand
                       ,i_class
                       ,i_category)
order by qoh, i_product_name, i_brand, i_class, i_category
limit 100;
tpcds.22.sh|2024-04-09 06:48:12|2024-04-09 06:49:53|101
select  i_product_name
             ,i_brand
             ,i_class
             ,i_category
             ,avg(inv_quantity_on_hand) qoh
       from inventory
           ,date_dim
           ,item
       where inv_date_sk=d_date_sk
              and inv_item_sk=i_item_sk
              and d_month_seq between 1211 and 1211 + 11
       group by rollup(i_product_name
                       ,i_brand
                       ,i_class
                       ,i_category)
order by qoh, i_product_name, i_brand, i_class, i_category
limit 100;
tpcds.22.sh|2024-04-09 06:49:54|2024-04-09 06:51:36|102
select  i_product_name
             ,i_brand
             ,i_class
             ,i_category
             ,avg(inv_quantity_on_hand) qoh
       from inventory
           ,date_dim
           ,item
       where inv_date_sk=d_date_sk
              and inv_item_sk=i_item_sk
              and d_month_seq between 1211 and 1211 + 11
       group by rollup(i_product_name
                       ,i_brand
                       ,i_class
                       ,i_category)
order by qoh, i_product_name, i_brand, i_class, i_category
limit 100;
tpcds.22.sh|2024-04-09 06:51:37|2024-04-09 06:52:51|74
select  i_product_name
             ,i_brand
             ,i_class
             ,i_category
             ,avg(inv_quantity_on_hand) qoh
       from inventory
           ,date_dim
           ,item
       where inv_date_sk=d_date_sk
              and inv_item_sk=i_item_sk
              and d_month_seq between 1211 and 1211 + 11
       group by rollup(i_product_name
                       ,i_brand
                       ,i_class
                       ,i_category)
order by qoh, i_product_name, i_brand, i_class, i_category
limit 100;
tpcds.22.sh|2024-04-09 06:52:52|2024-04-09 06:53:47|55
select  i_product_name
             ,i_brand
             ,i_class
             ,i_category
             ,avg(inv_quantity_on_hand) qoh
       from inventory
           ,date_dim
           ,item
       where inv_date_sk=d_date_sk
              and inv_item_sk=i_item_sk
              and d_month_seq between 1211 and 1211 + 11
       group by rollup(i_product_name
                       ,i_brand
                       ,i_class
                       ,i_category)
order by qoh, i_product_name, i_brand, i_class, i_category
limit 100;
tpcds.22.sh|2024-04-09 06:53:48|2024-04-09 06:55:43|115
select  i_product_name
             ,i_brand
             ,i_class
             ,i_category
             ,avg(inv_quantity_on_hand) qoh
       from inventory
           ,date_dim
           ,item
       where inv_date_sk=d_date_sk
              and inv_item_sk=i_item_sk
              and d_month_seq between 1211 and 1211 + 11
       group by rollup(i_product_name
                       ,i_brand
                       ,i_class
                       ,i_category)
order by qoh, i_product_name, i_brand, i_class, i_category
limit 100;
tpcds.22.sh|2024-04-09 06:55:44|2024-04-09 06:57:37|113
select  i_product_name
             ,i_brand
             ,i_class
             ,i_category
             ,avg(inv_quantity_on_hand) qoh
       from inventory
           ,date_dim
           ,item
       where inv_date_sk=d_date_sk
              and inv_item_sk=i_item_sk
              and d_month_seq between 1211 and 1211 + 11
       group by rollup(i_product_name
                       ,i_brand
                       ,i_class
                       ,i_category)
order by qoh, i_product_name, i_brand, i_class, i_category
limit 100;
tpcds.22.sh|2024-04-09 06:57:38|2024-04-09 06:59:08|90
select  i_product_name
             ,i_brand
             ,i_class
             ,i_category
             ,avg(inv_quantity_on_hand) qoh
       from inventory
           ,date_dim
           ,item
       where inv_date_sk=d_date_sk
              and inv_item_sk=i_item_sk
              and d_month_seq between 1211 and 1211 + 11
       group by rollup(i_product_name
                       ,i_brand
                       ,i_class
                       ,i_category)
order by qoh, i_product_name, i_brand, i_class, i_category
limit 100;
tpcds.22.sh|2024-04-09 06:59:09|2024-04-09 07:01:00|111
select  i_product_name
             ,i_brand
             ,i_class
             ,i_category
             ,avg(inv_quantity_on_hand) qoh
       from inventory
           ,date_dim
           ,item
       where inv_date_sk=d_date_sk
              and inv_item_sk=i_item_sk
              and d_month_seq between 1211 and 1211 + 11
       group by rollup(i_product_name
                       ,i_brand
                       ,i_class
                       ,i_category)
order by qoh, i_product_name, i_brand, i_class, i_category
limit 100;
tpcds.22.sh|2024-04-09 07:01:01|2024-04-09 07:02:42|101
select  i_product_name
             ,i_brand
             ,i_class
             ,i_category
             ,avg(inv_quantity_on_hand) qoh
       from inventory
           ,date_dim
           ,item
       where inv_date_sk=d_date_sk
              and inv_item_sk=i_item_sk
              and d_month_seq between 1211 and 1211 + 11
       group by rollup(i_product_name
                       ,i_brand
                       ,i_class
                       ,i_category)
order by qoh, i_product_name, i_brand, i_class, i_category
limit 100;
tpcds.22.sh|2024-04-09 07:02:43|2024-04-09 07:04:01|78
select  i_product_name
             ,i_brand
             ,i_class
             ,i_category
             ,avg(inv_quantity_on_hand) qoh
       from inventory
           ,date_dim
           ,item
       where inv_date_sk=d_date_sk
              and inv_item_sk=i_item_sk
              and d_month_seq between 1211 and 1211 + 11
       group by rollup(i_product_name
                       ,i_brand
                       ,i_class
                       ,i_category)
order by qoh, i_product_name, i_brand, i_class, i_category
limit 100;
tpcds.22.sh|2024-04-09 07:04:02|2024-04-09 07:05:59|117
select  i_product_name
             ,i_brand
             ,i_class
             ,i_category
             ,avg(inv_quantity_on_hand) qoh
       from inventory
           ,date_dim
           ,item
       where inv_date_sk=d_date_sk
              and inv_item_sk=i_item_sk
              and d_month_seq between 1211 and 1211 + 11
       group by rollup(i_product_name
                       ,i_brand
                       ,i_class
                       ,i_category)
order by qoh, i_product_name, i_brand, i_class, i_category
limit 100;
tpcds.22.sh|2024-04-09 07:06:00|2024-04-09 07:07:39|99
select  i_product_name
             ,i_brand
             ,i_class
             ,i_category
             ,avg(inv_quantity_on_hand) qoh
       from inventory
           ,date_dim
           ,item
       where inv_date_sk=d_date_sk
              and inv_item_sk=i_item_sk
              and d_month_seq between 1211 and 1211 + 11
       group by rollup(i_product_name
                       ,i_brand
                       ,i_class
                       ,i_category)
order by qoh, i_product_name, i_brand, i_class, i_category
limit 100;
tpcds.22.sh|2024-04-09 07:07:40|2024-04-09 07:09:13|93
select  i_product_name
             ,i_brand
             ,i_class
             ,i_category
             ,avg(inv_quantity_on_hand) qoh
       from inventory
           ,date_dim
           ,item
       where inv_date_sk=d_date_sk
              and inv_item_sk=i_item_sk
              and d_month_seq between 1211 and 1211 + 11
       group by rollup(i_product_name
                       ,i_brand
                       ,i_class
                       ,i_category)
order by qoh, i_product_name, i_brand, i_class, i_category
limit 100;
tpcds.22.sh|2024-04-09 07:09:14|2024-04-09 07:10:44|90
select  i_product_name
             ,i_brand
             ,i_class
             ,i_category
             ,avg(inv_quantity_on_hand) qoh
       from inventory
           ,date_dim
           ,item
       where inv_date_sk=d_date_sk
              and inv_item_sk=i_item_sk
              and d_month_seq between 1211 and 1211 + 11
       group by rollup(i_product_name
                       ,i_brand
                       ,i_class
                       ,i_category)
order by qoh, i_product_name, i_brand, i_class, i_category
limit 100;
tpcds.22.sh|2024-04-09 07:10:45|2024-04-09 07:11:59|74
select  i_product_name
             ,i_brand
             ,i_class
             ,i_category
             ,avg(inv_quantity_on_hand) qoh
       from inventory
           ,date_dim
           ,item
       where inv_date_sk=d_date_sk
              and inv_item_sk=i_item_sk
              and d_month_seq between 1211 and 1211 + 11
       group by rollup(i_product_name
                       ,i_brand
                       ,i_class
                       ,i_category)
order by qoh, i_product_name, i_brand, i_class, i_category
limit 100;
tpcds.22.sh|2024-04-09 07:12:00|2024-04-09 07:13:28|88
select  i_product_name
             ,i_brand
             ,i_class
             ,i_category
             ,avg(inv_quantity_on_hand) qoh
       from inventory
           ,date_dim
           ,item
       where inv_date_sk=d_date_sk
              and inv_item_sk=i_item_sk
              and d_month_seq between 1211 and 1211 + 11
       group by rollup(i_product_name
                       ,i_brand
                       ,i_class
                       ,i_category)
order by qoh, i_product_name, i_brand, i_class, i_category
limit 100;
tpcds.22.sh|2024-04-09 07:13:29|2024-04-09 07:15:32|123
select  i_product_name
             ,i_brand
             ,i_class
             ,i_category
             ,avg(inv_quantity_on_hand) qoh
       from inventory
           ,date_dim
           ,item
       where inv_date_sk=d_date_sk
              and inv_item_sk=i_item_sk
              and d_month_seq between 1211 and 1211 + 11
       group by rollup(i_product_name
                       ,i_brand
                       ,i_class
                       ,i_category)
order by qoh, i_product_name, i_brand, i_class, i_category
limit 100;
tpcds.22.sh|2024-04-09 07:15:33|2024-04-09 07:16:52|79
select  i_product_name
             ,i_brand
             ,i_class
             ,i_category
             ,avg(inv_quantity_on_hand) qoh
       from inventory
           ,date_dim
           ,item
       where inv_date_sk=d_date_sk
              and inv_item_sk=i_item_sk
              and d_month_seq between 1211 and 1211 + 11
       group by rollup(i_product_name
                       ,i_brand
                       ,i_class
                       ,i_category)
order by qoh, i_product_name, i_brand, i_class, i_category
limit 100;
tpcds.22.sh|2024-04-09 07:16:53|2024-04-09 07:18:21|88
select  i_product_name
             ,i_brand
             ,i_class
             ,i_category
             ,avg(inv_quantity_on_hand) qoh
       from inventory
           ,date_dim
           ,item
       where inv_date_sk=d_date_sk
              and inv_item_sk=i_item_sk
              and d_month_seq between 1211 and 1211 + 11
       group by rollup(i_product_name
                       ,i_brand
                       ,i_class
                       ,i_category)
order by qoh, i_product_name, i_brand, i_class, i_category
limit 100;
tpcds.22.sh|2024-04-09 07:18:22|2024-04-09 07:20:37|135
select  i_product_name
             ,i_brand
             ,i_class
             ,i_category
             ,avg(inv_quantity_on_hand) qoh
       from inventory
           ,date_dim
           ,item
       where inv_date_sk=d_date_sk
              and inv_item_sk=i_item_sk
              and d_month_seq between 1211 and 1211 + 11
       group by rollup(i_product_name
                       ,i_brand
                       ,i_class
                       ,i_category)
order by qoh, i_product_name, i_brand, i_class, i_category
limit 100;
tpcds.22.sh|2024-04-09 07:20:38|2024-04-09 07:22:00|82
select  i_product_name
             ,i_brand
             ,i_class
             ,i_category
             ,avg(inv_quantity_on_hand) qoh
       from inventory
           ,date_dim
           ,item
       where inv_date_sk=d_date_sk
              and inv_item_sk=i_item_sk
              and d_month_seq between 1211 and 1211 + 11
       group by rollup(i_product_name
                       ,i_brand
                       ,i_class
                       ,i_category)
order by qoh, i_product_name, i_brand, i_class, i_category
limit 100;
tpcds.22.sh|2024-04-09 07:22:01|2024-04-09 07:23:02|61
select  i_product_name
             ,i_brand
             ,i_class
             ,i_category
             ,avg(inv_quantity_on_hand) qoh
       from inventory
           ,date_dim
           ,item
       where inv_date_sk=d_date_sk
              and inv_item_sk=i_item_sk
              and d_month_seq between 1211 and 1211 + 11
       group by rollup(i_product_name
                       ,i_brand
                       ,i_class
                       ,i_category)
order by qoh, i_product_name, i_brand, i_class, i_category
limit 100;
tpcds.22.sh|2024-04-09 07:23:03|2024-04-09 07:24:39|96
select  i_product_name
             ,i_brand
             ,i_class
             ,i_category
             ,avg(inv_quantity_on_hand) qoh
       from inventory
           ,date_dim
           ,item
       where inv_date_sk=d_date_sk
              and inv_item_sk=i_item_sk
              and d_month_seq between 1211 and 1211 + 11
       group by rollup(i_product_name
                       ,i_brand
                       ,i_class
                       ,i_category)
order by qoh, i_product_name, i_brand, i_class, i_category
limit 100;
tpcds.22.sh|2024-04-09 07:24:40|2024-04-09 07:26:31|111
select  i_product_name
             ,i_brand
             ,i_class
             ,i_category
             ,avg(inv_quantity_on_hand) qoh
       from inventory
           ,date_dim
           ,item
       where inv_date_sk=d_date_sk
              and inv_item_sk=i_item_sk
              and d_month_seq between 1211 and 1211 + 11
       group by rollup(i_product_name
                       ,i_brand
                       ,i_class
                       ,i_category)
order by qoh, i_product_name, i_brand, i_class, i_category
limit 100;
tpcds.22.sh|2024-04-09 07:26:32|2024-04-09 07:27:49|77
select  i_product_name
             ,i_brand
             ,i_class
             ,i_category
             ,avg(inv_quantity_on_hand) qoh
       from inventory
           ,date_dim
           ,item
       where inv_date_sk=d_date_sk
              and inv_item_sk=i_item_sk
              and d_month_seq between 1211 and 1211 + 11
       group by rollup(i_product_name
                       ,i_brand
                       ,i_class
                       ,i_category)
order by qoh, i_product_name, i_brand, i_class, i_category
limit 100;
tpcds.22.sh|2024-04-09 07:27:50|2024-04-09 07:29:11|81
select  i_product_name
             ,i_brand
             ,i_class
             ,i_category
             ,avg(inv_quantity_on_hand) qoh
       from inventory
           ,date_dim
           ,item
       where inv_date_sk=d_date_sk
              and inv_item_sk=i_item_sk
              and d_month_seq between 1211 and 1211 + 11
       group by rollup(i_product_name
                       ,i_brand
                       ,i_class
                       ,i_category)
order by qoh, i_product_name, i_brand, i_class, i_category
limit 100;
tpcds.22.sh|2024-04-09 07:29:12|2024-04-09 07:31:05|113
select  i_product_name
             ,i_brand
             ,i_class
             ,i_category
             ,avg(inv_quantity_on_hand) qoh
       from inventory
           ,date_dim
           ,item
       where inv_date_sk=d_date_sk
              and inv_item_sk=i_item_sk
              and d_month_seq between 1211 and 1211 + 11
       group by rollup(i_product_name
                       ,i_brand
                       ,i_class
                       ,i_category)
order by qoh, i_product_name, i_brand, i_class, i_category
limit 100;
tpcds.22.sh|2024-04-09 07:31:06|2024-04-09 07:32:17|71
select  i_product_name
             ,i_brand
             ,i_class
             ,i_category
             ,avg(inv_quantity_on_hand) qoh
       from inventory
           ,date_dim
           ,item
       where inv_date_sk=d_date_sk
              and inv_item_sk=i_item_sk
              and d_month_seq between 1211 and 1211 + 11
       group by rollup(i_product_name
                       ,i_brand
                       ,i_class
                       ,i_category)
order by qoh, i_product_name, i_brand, i_class, i_category
limit 100;
tpcds.22.sh|2024-04-09 07:32:18|2024-04-09 07:33:32|74
select  i_product_name
             ,i_brand
             ,i_class
             ,i_category
             ,avg(inv_quantity_on_hand) qoh
       from inventory
           ,date_dim
           ,item
       where inv_date_sk=d_date_sk
              and inv_item_sk=i_item_sk
              and d_month_seq between 1211 and 1211 + 11
       group by rollup(i_product_name
                       ,i_brand
                       ,i_class
                       ,i_category)
order by qoh, i_product_name, i_brand, i_class, i_category
limit 100;
tpcds.22.sh|2024-04-09 07:33:33|2024-04-09 07:34:36|63
select  i_product_name
             ,i_brand
             ,i_class
             ,i_category
             ,avg(inv_quantity_on_hand) qoh
       from inventory
           ,date_dim
           ,item
       where inv_date_sk=d_date_sk
              and inv_item_sk=i_item_sk
              and d_month_seq between 1211 and 1211 + 11
       group by rollup(i_product_name
                       ,i_brand
                       ,i_class
                       ,i_category)
order by qoh, i_product_name, i_brand, i_class, i_category
limit 100;
tpcds.22.sh|2024-04-09 07:34:37|2024-04-09 07:36:14|97
select  i_product_name
             ,i_brand
             ,i_class
             ,i_category
             ,avg(inv_quantity_on_hand) qoh
       from inventory
           ,date_dim
           ,item
       where inv_date_sk=d_date_sk
              and inv_item_sk=i_item_sk
              and d_month_seq between 1211 and 1211 + 11
       group by rollup(i_product_name
                       ,i_brand
                       ,i_class
                       ,i_category)
order by qoh, i_product_name, i_brand, i_class, i_category
limit 100;
tpcds.22.sh|2024-04-09 07:36:15|2024-04-09 07:37:39|84
select  i_product_name
             ,i_brand
             ,i_class
             ,i_category
             ,avg(inv_quantity_on_hand) qoh
       from inventory
           ,date_dim
           ,item
       where inv_date_sk=d_date_sk
              and inv_item_sk=i_item_sk
              and d_month_seq between 1211 and 1211 + 11
       group by rollup(i_product_name
                       ,i_brand
                       ,i_class
                       ,i_category)
order by qoh, i_product_name, i_brand, i_class, i_category
limit 100;
tpcds.22.sh|2024-04-09 07:37:40|2024-04-09 07:38:54|74
select  i_product_name
             ,i_brand
             ,i_class
             ,i_category
             ,avg(inv_quantity_on_hand) qoh
       from inventory
           ,date_dim
           ,item
       where inv_date_sk=d_date_sk
              and inv_item_sk=i_item_sk
              and d_month_seq between 1211 and 1211 + 11
       group by rollup(i_product_name
                       ,i_brand
                       ,i_class
                       ,i_category)
order by qoh, i_product_name, i_brand, i_class, i_category
limit 100;
tpcds.22.sh|2024-04-09 07:38:55|2024-04-09 07:40:51|116
select  i_product_name
             ,i_brand
             ,i_class
             ,i_category
             ,avg(inv_quantity_on_hand) qoh
       from inventory
           ,date_dim
           ,item
       where inv_date_sk=d_date_sk
              and inv_item_sk=i_item_sk
              and d_month_seq between 1211 and 1211 + 11
       group by rollup(i_product_name
                       ,i_brand
                       ,i_class
                       ,i_category)
order by qoh, i_product_name, i_brand, i_class, i_category
limit 100;
tpcds.22.sh|2024-04-09 07:40:52|2024-04-09 07:42:08|76
select  i_product_name
             ,i_brand
             ,i_class
             ,i_category
             ,avg(inv_quantity_on_hand) qoh
       from inventory
           ,date_dim
           ,item
       where inv_date_sk=d_date_sk
              and inv_item_sk=i_item_sk
              and d_month_seq between 1211 and 1211 + 11
       group by rollup(i_product_name
                       ,i_brand
                       ,i_class
                       ,i_category)
order by qoh, i_product_name, i_brand, i_class, i_category
limit 100;
tpcds.22.sh|2024-04-09 07:42:09|2024-04-09 07:43:09|60
select  i_product_name
             ,i_brand
             ,i_class
             ,i_category
             ,avg(inv_quantity_on_hand) qoh
       from inventory
           ,date_dim
           ,item
       where inv_date_sk=d_date_sk
              and inv_item_sk=i_item_sk
              and d_month_seq between 1211 and 1211 + 11
       group by rollup(i_product_name
                       ,i_brand
                       ,i_class
                       ,i_category)
order by qoh, i_product_name, i_brand, i_class, i_category
limit 100;
tpcds.22.sh|2024-04-09 07:43:10|2024-04-09 07:44:22|72
select  i_product_name
             ,i_brand
             ,i_class
             ,i_category
             ,avg(inv_quantity_on_hand) qoh
       from inventory
           ,date_dim
           ,item
       where inv_date_sk=d_date_sk
              and inv_item_sk=i_item_sk
              and d_month_seq between 1211 and 1211 + 11
       group by rollup(i_product_name
                       ,i_brand
                       ,i_class
                       ,i_category)
order by qoh, i_product_name, i_brand, i_class, i_category
limit 100;
tpcds.22.sh|2024-04-09 07:44:23|2024-04-09 07:46:25|122
select  i_product_name
             ,i_brand
             ,i_class
             ,i_category
             ,avg(inv_quantity_on_hand) qoh
       from inventory
           ,date_dim
           ,item
       where inv_date_sk=d_date_sk
              and inv_item_sk=i_item_sk
              and d_month_seq between 1211 and 1211 + 11
       group by rollup(i_product_name
                       ,i_brand
                       ,i_class
                       ,i_category)
order by qoh, i_product_name, i_brand, i_class, i_category
limit 100;
tpcds.22.sh|2024-04-09 07:46:26|2024-04-09 07:47:47|81
select  i_product_name
             ,i_brand
             ,i_class
             ,i_category
             ,avg(inv_quantity_on_hand) qoh
       from inventory
           ,date_dim
           ,item
       where inv_date_sk=d_date_sk
              and inv_item_sk=i_item_sk
              and d_month_seq between 1211 and 1211 + 11
       group by rollup(i_product_name
                       ,i_brand
                       ,i_class
                       ,i_category)
order by qoh, i_product_name, i_brand, i_class, i_category
limit 100;
tpcds.22.sh|2024-04-09 07:47:48|2024-04-09 07:48:47|59
select  i_product_name
             ,i_brand
             ,i_class
             ,i_category
             ,avg(inv_quantity_on_hand) qoh
       from inventory
           ,date_dim
           ,item
       where inv_date_sk=d_date_sk
              and inv_item_sk=i_item_sk
              and d_month_seq between 1211 and 1211 + 11
       group by rollup(i_product_name
                       ,i_brand
                       ,i_class
                       ,i_category)
order by qoh, i_product_name, i_brand, i_class, i_category
limit 100;
tpcds.22.sh|2024-04-09 07:48:48|2024-04-09 07:50:20|92
select  i_product_name
             ,i_brand
             ,i_class
             ,i_category
             ,avg(inv_quantity_on_hand) qoh
       from inventory
           ,date_dim
           ,item
       where inv_date_sk=d_date_sk
              and inv_item_sk=i_item_sk
              and d_month_seq between 1211 and 1211 + 11
       group by rollup(i_product_name
                       ,i_brand
                       ,i_class
                       ,i_category)
order by qoh, i_product_name, i_brand, i_class, i_category
limit 100;
tpcds.22.sh|2024-04-09 07:50:21|2024-04-09 07:52:03|102
select  i_product_name
             ,i_brand
             ,i_class
             ,i_category
             ,avg(inv_quantity_on_hand) qoh
       from inventory
           ,date_dim
           ,item
       where inv_date_sk=d_date_sk
              and inv_item_sk=i_item_sk
              and d_month_seq between 1211 and 1211 + 11
       group by rollup(i_product_name
                       ,i_brand
                       ,i_class
                       ,i_category)
order by qoh, i_product_name, i_brand, i_class, i_category
limit 100;
tpcds.22.sh|2024-04-09 07:52:04|2024-04-09 07:53:33|89
select  i_product_name
             ,i_brand
             ,i_class
             ,i_category
             ,avg(inv_quantity_on_hand) qoh
       from inventory
           ,date_dim
           ,item
       where inv_date_sk=d_date_sk
              and inv_item_sk=i_item_sk
              and d_month_seq between 1211 and 1211 + 11
       group by rollup(i_product_name
                       ,i_brand
                       ,i_class
                       ,i_category)
order by qoh, i_product_name, i_brand, i_class, i_category
limit 100;
ERROR:  canceling statement due to user request
tpcds.22.sh|2024-04-09 07:53:34|2024-04-09 07:54:10|36
