select  dt.d_year
 	,item.i_category_id
 	,item.i_category
 	,sum(ss_ext_sales_price)
 from 	date_dim dt
 	,store_sales
 	,item
 where dt.d_date_sk = store_sales.ss_sold_date_sk
 	and store_sales.ss_item_sk = item.i_item_sk
 	and item.i_manager_id = 1
 	and dt.d_moy=11
 	and dt.d_year=1999
 group by 	dt.d_year
 		,item.i_category_id
 		,item.i_category
 order by       sum(ss_ext_sales_price) desc,dt.d_year
 		,item.i_category_id
 		,item.i_category
limit 100 ;
tpcds.42.sh|2024-03-19 21:18:04|2024-03-19 21:18:17|13
select  dt.d_year
 	,item.i_category_id
 	,item.i_category
 	,sum(ss_ext_sales_price)
 from 	date_dim dt
 	,store_sales
 	,item
 where dt.d_date_sk = store_sales.ss_sold_date_sk
 	and store_sales.ss_item_sk = item.i_item_sk
 	and item.i_manager_id = 1
 	and dt.d_moy=11
 	and dt.d_year=1999
 group by 	dt.d_year
 		,item.i_category_id
 		,item.i_category
 order by       sum(ss_ext_sales_price) desc,dt.d_year
 		,item.i_category_id
 		,item.i_category
limit 100 ;
tpcds.42.sh|2024-03-19 21:18:18|2024-03-19 21:19:39|81
select  dt.d_year
 	,item.i_category_id
 	,item.i_category
 	,sum(ss_ext_sales_price)
 from 	date_dim dt
 	,store_sales
 	,item
 where dt.d_date_sk = store_sales.ss_sold_date_sk
 	and store_sales.ss_item_sk = item.i_item_sk
 	and item.i_manager_id = 1
 	and dt.d_moy=11
 	and dt.d_year=1999
 group by 	dt.d_year
 		,item.i_category_id
 		,item.i_category
 order by       sum(ss_ext_sales_price) desc,dt.d_year
 		,item.i_category_id
 		,item.i_category
limit 100 ;
tpcds.42.sh|2024-03-19 21:19:40|2024-03-19 21:20:36|56
select  dt.d_year
 	,item.i_category_id
 	,item.i_category
 	,sum(ss_ext_sales_price)
 from 	date_dim dt
 	,store_sales
 	,item
 where dt.d_date_sk = store_sales.ss_sold_date_sk
 	and store_sales.ss_item_sk = item.i_item_sk
 	and item.i_manager_id = 1
 	and dt.d_moy=11
 	and dt.d_year=1999
 group by 	dt.d_year
 		,item.i_category_id
 		,item.i_category
 order by       sum(ss_ext_sales_price) desc,dt.d_year
 		,item.i_category_id
 		,item.i_category
limit 100 ;
tpcds.42.sh|2024-03-19 21:20:37|2024-03-19 21:22:28|111
select  dt.d_year
 	,item.i_category_id
 	,item.i_category
 	,sum(ss_ext_sales_price)
 from 	date_dim dt
 	,store_sales
 	,item
 where dt.d_date_sk = store_sales.ss_sold_date_sk
 	and store_sales.ss_item_sk = item.i_item_sk
 	and item.i_manager_id = 1
 	and dt.d_moy=11
 	and dt.d_year=1999
 group by 	dt.d_year
 		,item.i_category_id
 		,item.i_category
 order by       sum(ss_ext_sales_price) desc,dt.d_year
 		,item.i_category_id
 		,item.i_category
limit 100 ;
tpcds.42.sh|2024-03-19 21:22:29|2024-03-19 21:23:45|76
select  dt.d_year
 	,item.i_category_id
 	,item.i_category
 	,sum(ss_ext_sales_price)
 from 	date_dim dt
 	,store_sales
 	,item
 where dt.d_date_sk = store_sales.ss_sold_date_sk
 	and store_sales.ss_item_sk = item.i_item_sk
 	and item.i_manager_id = 1
 	and dt.d_moy=11
 	and dt.d_year=1999
 group by 	dt.d_year
 		,item.i_category_id
 		,item.i_category
 order by       sum(ss_ext_sales_price) desc,dt.d_year
 		,item.i_category_id
 		,item.i_category
limit 100 ;
tpcds.42.sh|2024-03-19 21:23:46|2024-03-19 21:24:32|46
select  dt.d_year
 	,item.i_category_id
 	,item.i_category
 	,sum(ss_ext_sales_price)
 from 	date_dim dt
 	,store_sales
 	,item
 where dt.d_date_sk = store_sales.ss_sold_date_sk
 	and store_sales.ss_item_sk = item.i_item_sk
 	and item.i_manager_id = 1
 	and dt.d_moy=11
 	and dt.d_year=1999
 group by 	dt.d_year
 		,item.i_category_id
 		,item.i_category
 order by       sum(ss_ext_sales_price) desc,dt.d_year
 		,item.i_category_id
 		,item.i_category
limit 100 ;
tpcds.42.sh|2024-03-19 21:24:33|2024-03-19 21:25:16|43
select  dt.d_year
 	,item.i_category_id
 	,item.i_category
 	,sum(ss_ext_sales_price)
 from 	date_dim dt
 	,store_sales
 	,item
 where dt.d_date_sk = store_sales.ss_sold_date_sk
 	and store_sales.ss_item_sk = item.i_item_sk
 	and item.i_manager_id = 1
 	and dt.d_moy=11
 	and dt.d_year=1999
 group by 	dt.d_year
 		,item.i_category_id
 		,item.i_category
 order by       sum(ss_ext_sales_price) desc,dt.d_year
 		,item.i_category_id
 		,item.i_category
limit 100 ;
tpcds.42.sh|2024-03-19 21:25:17|2024-03-19 21:26:11|54
select  dt.d_year
 	,item.i_category_id
 	,item.i_category
 	,sum(ss_ext_sales_price)
 from 	date_dim dt
 	,store_sales
 	,item
 where dt.d_date_sk = store_sales.ss_sold_date_sk
 	and store_sales.ss_item_sk = item.i_item_sk
 	and item.i_manager_id = 1
 	and dt.d_moy=11
 	and dt.d_year=1999
 group by 	dt.d_year
 		,item.i_category_id
 		,item.i_category
 order by       sum(ss_ext_sales_price) desc,dt.d_year
 		,item.i_category_id
 		,item.i_category
limit 100 ;
tpcds.42.sh|2024-03-19 21:26:12|2024-03-19 21:27:04|52
select  dt.d_year
 	,item.i_category_id
 	,item.i_category
 	,sum(ss_ext_sales_price)
 from 	date_dim dt
 	,store_sales
 	,item
 where dt.d_date_sk = store_sales.ss_sold_date_sk
 	and store_sales.ss_item_sk = item.i_item_sk
 	and item.i_manager_id = 1
 	and dt.d_moy=11
 	and dt.d_year=1999
 group by 	dt.d_year
 		,item.i_category_id
 		,item.i_category
 order by       sum(ss_ext_sales_price) desc,dt.d_year
 		,item.i_category_id
 		,item.i_category
limit 100 ;
tpcds.42.sh|2024-03-19 21:27:05|2024-03-19 21:28:25|80
select  dt.d_year
 	,item.i_category_id
 	,item.i_category
 	,sum(ss_ext_sales_price)
 from 	date_dim dt
 	,store_sales
 	,item
 where dt.d_date_sk = store_sales.ss_sold_date_sk
 	and store_sales.ss_item_sk = item.i_item_sk
 	and item.i_manager_id = 1
 	and dt.d_moy=11
 	and dt.d_year=1999
 group by 	dt.d_year
 		,item.i_category_id
 		,item.i_category
 order by       sum(ss_ext_sales_price) desc,dt.d_year
 		,item.i_category_id
 		,item.i_category
limit 100 ;
tpcds.42.sh|2024-03-19 21:28:26|2024-03-19 21:29:38|72
select  dt.d_year
 	,item.i_category_id
 	,item.i_category
 	,sum(ss_ext_sales_price)
 from 	date_dim dt
 	,store_sales
 	,item
 where dt.d_date_sk = store_sales.ss_sold_date_sk
 	and store_sales.ss_item_sk = item.i_item_sk
 	and item.i_manager_id = 1
 	and dt.d_moy=11
 	and dt.d_year=1999
 group by 	dt.d_year
 		,item.i_category_id
 		,item.i_category
 order by       sum(ss_ext_sales_price) desc,dt.d_year
 		,item.i_category_id
 		,item.i_category
limit 100 ;
tpcds.42.sh|2024-03-19 21:29:39|2024-03-19 21:30:21|42
select  dt.d_year
 	,item.i_category_id
 	,item.i_category
 	,sum(ss_ext_sales_price)
 from 	date_dim dt
 	,store_sales
 	,item
 where dt.d_date_sk = store_sales.ss_sold_date_sk
 	and store_sales.ss_item_sk = item.i_item_sk
 	and item.i_manager_id = 1
 	and dt.d_moy=11
 	and dt.d_year=1999
 group by 	dt.d_year
 		,item.i_category_id
 		,item.i_category
 order by       sum(ss_ext_sales_price) desc,dt.d_year
 		,item.i_category_id
 		,item.i_category
limit 100 ;
tpcds.42.sh|2024-03-19 21:30:22|2024-03-19 21:31:28|66
select  dt.d_year
 	,item.i_category_id
 	,item.i_category
 	,sum(ss_ext_sales_price)
 from 	date_dim dt
 	,store_sales
 	,item
 where dt.d_date_sk = store_sales.ss_sold_date_sk
 	and store_sales.ss_item_sk = item.i_item_sk
 	and item.i_manager_id = 1
 	and dt.d_moy=11
 	and dt.d_year=1999
 group by 	dt.d_year
 		,item.i_category_id
 		,item.i_category
 order by       sum(ss_ext_sales_price) desc,dt.d_year
 		,item.i_category_id
 		,item.i_category
limit 100 ;
tpcds.42.sh|2024-03-19 21:31:29|2024-03-19 21:32:24|55
select  dt.d_year
 	,item.i_category_id
 	,item.i_category
 	,sum(ss_ext_sales_price)
 from 	date_dim dt
 	,store_sales
 	,item
 where dt.d_date_sk = store_sales.ss_sold_date_sk
 	and store_sales.ss_item_sk = item.i_item_sk
 	and item.i_manager_id = 1
 	and dt.d_moy=11
 	and dt.d_year=1999
 group by 	dt.d_year
 		,item.i_category_id
 		,item.i_category
 order by       sum(ss_ext_sales_price) desc,dt.d_year
 		,item.i_category_id
 		,item.i_category
limit 100 ;
tpcds.42.sh|2024-03-19 21:32:25|2024-03-19 21:33:00|35
select  dt.d_year
 	,item.i_category_id
 	,item.i_category
 	,sum(ss_ext_sales_price)
 from 	date_dim dt
 	,store_sales
 	,item
 where dt.d_date_sk = store_sales.ss_sold_date_sk
 	and store_sales.ss_item_sk = item.i_item_sk
 	and item.i_manager_id = 1
 	and dt.d_moy=11
 	and dt.d_year=1999
 group by 	dt.d_year
 		,item.i_category_id
 		,item.i_category
 order by       sum(ss_ext_sales_price) desc,dt.d_year
 		,item.i_category_id
 		,item.i_category
limit 100 ;
tpcds.42.sh|2024-03-19 21:33:01|2024-03-19 21:34:40|99
select  dt.d_year
 	,item.i_category_id
 	,item.i_category
 	,sum(ss_ext_sales_price)
 from 	date_dim dt
 	,store_sales
 	,item
 where dt.d_date_sk = store_sales.ss_sold_date_sk
 	and store_sales.ss_item_sk = item.i_item_sk
 	and item.i_manager_id = 1
 	and dt.d_moy=11
 	and dt.d_year=1999
 group by 	dt.d_year
 		,item.i_category_id
 		,item.i_category
 order by       sum(ss_ext_sales_price) desc,dt.d_year
 		,item.i_category_id
 		,item.i_category
limit 100 ;
tpcds.42.sh|2024-03-19 21:34:41|2024-03-19 21:35:50|69
select  dt.d_year
 	,item.i_category_id
 	,item.i_category
 	,sum(ss_ext_sales_price)
 from 	date_dim dt
 	,store_sales
 	,item
 where dt.d_date_sk = store_sales.ss_sold_date_sk
 	and store_sales.ss_item_sk = item.i_item_sk
 	and item.i_manager_id = 1
 	and dt.d_moy=11
 	and dt.d_year=1999
 group by 	dt.d_year
 		,item.i_category_id
 		,item.i_category
 order by       sum(ss_ext_sales_price) desc,dt.d_year
 		,item.i_category_id
 		,item.i_category
limit 100 ;
tpcds.42.sh|2024-03-19 21:35:51|2024-03-19 21:36:41|50
select  dt.d_year
 	,item.i_category_id
 	,item.i_category
 	,sum(ss_ext_sales_price)
 from 	date_dim dt
 	,store_sales
 	,item
 where dt.d_date_sk = store_sales.ss_sold_date_sk
 	and store_sales.ss_item_sk = item.i_item_sk
 	and item.i_manager_id = 1
 	and dt.d_moy=11
 	and dt.d_year=1999
 group by 	dt.d_year
 		,item.i_category_id
 		,item.i_category
 order by       sum(ss_ext_sales_price) desc,dt.d_year
 		,item.i_category_id
 		,item.i_category
limit 100 ;
tpcds.42.sh|2024-03-19 21:36:42|2024-03-19 21:37:37|55
select  dt.d_year
 	,item.i_category_id
 	,item.i_category
 	,sum(ss_ext_sales_price)
 from 	date_dim dt
 	,store_sales
 	,item
 where dt.d_date_sk = store_sales.ss_sold_date_sk
 	and store_sales.ss_item_sk = item.i_item_sk
 	and item.i_manager_id = 1
 	and dt.d_moy=11
 	and dt.d_year=1999
 group by 	dt.d_year
 		,item.i_category_id
 		,item.i_category
 order by       sum(ss_ext_sales_price) desc,dt.d_year
 		,item.i_category_id
 		,item.i_category
limit 100 ;
tpcds.42.sh|2024-03-19 21:37:38|2024-03-19 21:39:47|129
select  dt.d_year
 	,item.i_category_id
 	,item.i_category
 	,sum(ss_ext_sales_price)
 from 	date_dim dt
 	,store_sales
 	,item
 where dt.d_date_sk = store_sales.ss_sold_date_sk
 	and store_sales.ss_item_sk = item.i_item_sk
 	and item.i_manager_id = 1
 	and dt.d_moy=11
 	and dt.d_year=1999
 group by 	dt.d_year
 		,item.i_category_id
 		,item.i_category
 order by       sum(ss_ext_sales_price) desc,dt.d_year
 		,item.i_category_id
 		,item.i_category
limit 100 ;
tpcds.42.sh|2024-03-19 21:39:48|2024-03-19 21:40:29|41
select  dt.d_year
 	,item.i_category_id
 	,item.i_category
 	,sum(ss_ext_sales_price)
 from 	date_dim dt
 	,store_sales
 	,item
 where dt.d_date_sk = store_sales.ss_sold_date_sk
 	and store_sales.ss_item_sk = item.i_item_sk
 	and item.i_manager_id = 1
 	and dt.d_moy=11
 	and dt.d_year=1999
 group by 	dt.d_year
 		,item.i_category_id
 		,item.i_category
 order by       sum(ss_ext_sales_price) desc,dt.d_year
 		,item.i_category_id
 		,item.i_category
limit 100 ;
tpcds.42.sh|2024-03-19 21:40:30|2024-03-19 21:41:16|46
select  dt.d_year
 	,item.i_category_id
 	,item.i_category
 	,sum(ss_ext_sales_price)
 from 	date_dim dt
 	,store_sales
 	,item
 where dt.d_date_sk = store_sales.ss_sold_date_sk
 	and store_sales.ss_item_sk = item.i_item_sk
 	and item.i_manager_id = 1
 	and dt.d_moy=11
 	and dt.d_year=1999
 group by 	dt.d_year
 		,item.i_category_id
 		,item.i_category
 order by       sum(ss_ext_sales_price) desc,dt.d_year
 		,item.i_category_id
 		,item.i_category
limit 100 ;
tpcds.42.sh|2024-03-19 21:41:17|2024-03-19 21:42:28|71
select  dt.d_year
 	,item.i_category_id
 	,item.i_category
 	,sum(ss_ext_sales_price)
 from 	date_dim dt
 	,store_sales
 	,item
 where dt.d_date_sk = store_sales.ss_sold_date_sk
 	and store_sales.ss_item_sk = item.i_item_sk
 	and item.i_manager_id = 1
 	and dt.d_moy=11
 	and dt.d_year=1999
 group by 	dt.d_year
 		,item.i_category_id
 		,item.i_category
 order by       sum(ss_ext_sales_price) desc,dt.d_year
 		,item.i_category_id
 		,item.i_category
limit 100 ;
tpcds.42.sh|2024-03-19 21:42:29|2024-03-19 21:44:38|129
select  dt.d_year
 	,item.i_category_id
 	,item.i_category
 	,sum(ss_ext_sales_price)
 from 	date_dim dt
 	,store_sales
 	,item
 where dt.d_date_sk = store_sales.ss_sold_date_sk
 	and store_sales.ss_item_sk = item.i_item_sk
 	and item.i_manager_id = 1
 	and dt.d_moy=11
 	and dt.d_year=1999
 group by 	dt.d_year
 		,item.i_category_id
 		,item.i_category
 order by       sum(ss_ext_sales_price) desc,dt.d_year
 		,item.i_category_id
 		,item.i_category
limit 100 ;
tpcds.42.sh|2024-03-19 21:44:39|2024-03-19 21:46:10|91
select  dt.d_year
 	,item.i_category_id
 	,item.i_category
 	,sum(ss_ext_sales_price)
 from 	date_dim dt
 	,store_sales
 	,item
 where dt.d_date_sk = store_sales.ss_sold_date_sk
 	and store_sales.ss_item_sk = item.i_item_sk
 	and item.i_manager_id = 1
 	and dt.d_moy=11
 	and dt.d_year=1999
 group by 	dt.d_year
 		,item.i_category_id
 		,item.i_category
 order by       sum(ss_ext_sales_price) desc,dt.d_year
 		,item.i_category_id
 		,item.i_category
limit 100 ;
tpcds.42.sh|2024-03-19 21:46:11|2024-03-19 21:47:11|60
select  dt.d_year
 	,item.i_category_id
 	,item.i_category
 	,sum(ss_ext_sales_price)
 from 	date_dim dt
 	,store_sales
 	,item
 where dt.d_date_sk = store_sales.ss_sold_date_sk
 	and store_sales.ss_item_sk = item.i_item_sk
 	and item.i_manager_id = 1
 	and dt.d_moy=11
 	and dt.d_year=1999
 group by 	dt.d_year
 		,item.i_category_id
 		,item.i_category
 order by       sum(ss_ext_sales_price) desc,dt.d_year
 		,item.i_category_id
 		,item.i_category
limit 100 ;
tpcds.42.sh|2024-03-19 21:47:12|2024-03-19 21:47:41|29
select  dt.d_year
 	,item.i_category_id
 	,item.i_category
 	,sum(ss_ext_sales_price)
 from 	date_dim dt
 	,store_sales
 	,item
 where dt.d_date_sk = store_sales.ss_sold_date_sk
 	and store_sales.ss_item_sk = item.i_item_sk
 	and item.i_manager_id = 1
 	and dt.d_moy=11
 	and dt.d_year=1999
 group by 	dt.d_year
 		,item.i_category_id
 		,item.i_category
 order by       sum(ss_ext_sales_price) desc,dt.d_year
 		,item.i_category_id
 		,item.i_category
limit 100 ;
tpcds.42.sh|2024-03-19 21:47:42|2024-03-19 21:49:04|82
select  dt.d_year
 	,item.i_category_id
 	,item.i_category
 	,sum(ss_ext_sales_price)
 from 	date_dim dt
 	,store_sales
 	,item
 where dt.d_date_sk = store_sales.ss_sold_date_sk
 	and store_sales.ss_item_sk = item.i_item_sk
 	and item.i_manager_id = 1
 	and dt.d_moy=11
 	and dt.d_year=1999
 group by 	dt.d_year
 		,item.i_category_id
 		,item.i_category
 order by       sum(ss_ext_sales_price) desc,dt.d_year
 		,item.i_category_id
 		,item.i_category
limit 100 ;
tpcds.42.sh|2024-03-19 21:49:05|2024-03-19 21:50:00|55
select  dt.d_year
 	,item.i_category_id
 	,item.i_category
 	,sum(ss_ext_sales_price)
 from 	date_dim dt
 	,store_sales
 	,item
 where dt.d_date_sk = store_sales.ss_sold_date_sk
 	and store_sales.ss_item_sk = item.i_item_sk
 	and item.i_manager_id = 1
 	and dt.d_moy=11
 	and dt.d_year=1999
 group by 	dt.d_year
 		,item.i_category_id
 		,item.i_category
 order by       sum(ss_ext_sales_price) desc,dt.d_year
 		,item.i_category_id
 		,item.i_category
limit 100 ;
tpcds.42.sh|2024-03-19 21:50:01|2024-03-19 21:50:58|57
select  dt.d_year
 	,item.i_category_id
 	,item.i_category
 	,sum(ss_ext_sales_price)
 from 	date_dim dt
 	,store_sales
 	,item
 where dt.d_date_sk = store_sales.ss_sold_date_sk
 	and store_sales.ss_item_sk = item.i_item_sk
 	and item.i_manager_id = 1
 	and dt.d_moy=11
 	and dt.d_year=1999
 group by 	dt.d_year
 		,item.i_category_id
 		,item.i_category
 order by       sum(ss_ext_sales_price) desc,dt.d_year
 		,item.i_category_id
 		,item.i_category
limit 100 ;
tpcds.42.sh|2024-03-19 21:50:59|2024-03-19 21:52:10|71
select  dt.d_year
 	,item.i_category_id
 	,item.i_category
 	,sum(ss_ext_sales_price)
 from 	date_dim dt
 	,store_sales
 	,item
 where dt.d_date_sk = store_sales.ss_sold_date_sk
 	and store_sales.ss_item_sk = item.i_item_sk
 	and item.i_manager_id = 1
 	and dt.d_moy=11
 	and dt.d_year=1999
 group by 	dt.d_year
 		,item.i_category_id
 		,item.i_category
 order by       sum(ss_ext_sales_price) desc,dt.d_year
 		,item.i_category_id
 		,item.i_category
limit 100 ;
tpcds.42.sh|2024-03-19 21:52:11|2024-03-19 21:54:08|117
select  dt.d_year
 	,item.i_category_id
 	,item.i_category
 	,sum(ss_ext_sales_price)
 from 	date_dim dt
 	,store_sales
 	,item
 where dt.d_date_sk = store_sales.ss_sold_date_sk
 	and store_sales.ss_item_sk = item.i_item_sk
 	and item.i_manager_id = 1
 	and dt.d_moy=11
 	and dt.d_year=1999
 group by 	dt.d_year
 		,item.i_category_id
 		,item.i_category
 order by       sum(ss_ext_sales_price) desc,dt.d_year
 		,item.i_category_id
 		,item.i_category
limit 100 ;
tpcds.42.sh|2024-03-19 21:54:09|2024-03-19 21:55:12|63
select  dt.d_year
 	,item.i_category_id
 	,item.i_category
 	,sum(ss_ext_sales_price)
 from 	date_dim dt
 	,store_sales
 	,item
 where dt.d_date_sk = store_sales.ss_sold_date_sk
 	and store_sales.ss_item_sk = item.i_item_sk
 	and item.i_manager_id = 1
 	and dt.d_moy=11
 	and dt.d_year=1999
 group by 	dt.d_year
 		,item.i_category_id
 		,item.i_category
 order by       sum(ss_ext_sales_price) desc,dt.d_year
 		,item.i_category_id
 		,item.i_category
limit 100 ;
tpcds.42.sh|2024-03-19 21:55:13|2024-03-19 21:56:07|54
select  dt.d_year
 	,item.i_category_id
 	,item.i_category
 	,sum(ss_ext_sales_price)
 from 	date_dim dt
 	,store_sales
 	,item
 where dt.d_date_sk = store_sales.ss_sold_date_sk
 	and store_sales.ss_item_sk = item.i_item_sk
 	and item.i_manager_id = 1
 	and dt.d_moy=11
 	and dt.d_year=1999
 group by 	dt.d_year
 		,item.i_category_id
 		,item.i_category
 order by       sum(ss_ext_sales_price) desc,dt.d_year
 		,item.i_category_id
 		,item.i_category
limit 100 ;
tpcds.42.sh|2024-03-19 21:56:08|2024-03-19 21:57:48|100
select  dt.d_year
 	,item.i_category_id
 	,item.i_category
 	,sum(ss_ext_sales_price)
 from 	date_dim dt
 	,store_sales
 	,item
 where dt.d_date_sk = store_sales.ss_sold_date_sk
 	and store_sales.ss_item_sk = item.i_item_sk
 	and item.i_manager_id = 1
 	and dt.d_moy=11
 	and dt.d_year=1999
 group by 	dt.d_year
 		,item.i_category_id
 		,item.i_category
 order by       sum(ss_ext_sales_price) desc,dt.d_year
 		,item.i_category_id
 		,item.i_category
limit 100 ;
tpcds.42.sh|2024-03-19 21:57:49|2024-03-19 22:00:33|164
select  dt.d_year
 	,item.i_category_id
 	,item.i_category
 	,sum(ss_ext_sales_price)
 from 	date_dim dt
 	,store_sales
 	,item
 where dt.d_date_sk = store_sales.ss_sold_date_sk
 	and store_sales.ss_item_sk = item.i_item_sk
 	and item.i_manager_id = 1
 	and dt.d_moy=11
 	and dt.d_year=1999
 group by 	dt.d_year
 		,item.i_category_id
 		,item.i_category
 order by       sum(ss_ext_sales_price) desc,dt.d_year
 		,item.i_category_id
 		,item.i_category
limit 100 ;
tpcds.42.sh|2024-03-19 22:00:34|2024-03-19 22:02:14|100
select  dt.d_year
 	,item.i_category_id
 	,item.i_category
 	,sum(ss_ext_sales_price)
 from 	date_dim dt
 	,store_sales
 	,item
 where dt.d_date_sk = store_sales.ss_sold_date_sk
 	and store_sales.ss_item_sk = item.i_item_sk
 	and item.i_manager_id = 1
 	and dt.d_moy=11
 	and dt.d_year=1999
 group by 	dt.d_year
 		,item.i_category_id
 		,item.i_category
 order by       sum(ss_ext_sales_price) desc,dt.d_year
 		,item.i_category_id
 		,item.i_category
limit 100 ;
tpcds.42.sh|2024-03-19 22:02:15|2024-03-19 22:02:45|30
select  dt.d_year
 	,item.i_category_id
 	,item.i_category
 	,sum(ss_ext_sales_price)
 from 	date_dim dt
 	,store_sales
 	,item
 where dt.d_date_sk = store_sales.ss_sold_date_sk
 	and store_sales.ss_item_sk = item.i_item_sk
 	and item.i_manager_id = 1
 	and dt.d_moy=11
 	and dt.d_year=1999
 group by 	dt.d_year
 		,item.i_category_id
 		,item.i_category
 order by       sum(ss_ext_sales_price) desc,dt.d_year
 		,item.i_category_id
 		,item.i_category
limit 100 ;
tpcds.42.sh|2024-03-19 22:02:46|2024-03-19 22:04:17|91
select  dt.d_year
 	,item.i_category_id
 	,item.i_category
 	,sum(ss_ext_sales_price)
 from 	date_dim dt
 	,store_sales
 	,item
 where dt.d_date_sk = store_sales.ss_sold_date_sk
 	and store_sales.ss_item_sk = item.i_item_sk
 	and item.i_manager_id = 1
 	and dt.d_moy=11
 	and dt.d_year=1999
 group by 	dt.d_year
 		,item.i_category_id
 		,item.i_category
 order by       sum(ss_ext_sales_price) desc,dt.d_year
 		,item.i_category_id
 		,item.i_category
limit 100 ;
tpcds.42.sh|2024-03-19 22:04:18|2024-03-19 22:06:33|135
select  dt.d_year
 	,item.i_category_id
 	,item.i_category
 	,sum(ss_ext_sales_price)
 from 	date_dim dt
 	,store_sales
 	,item
 where dt.d_date_sk = store_sales.ss_sold_date_sk
 	and store_sales.ss_item_sk = item.i_item_sk
 	and item.i_manager_id = 1
 	and dt.d_moy=11
 	and dt.d_year=1999
 group by 	dt.d_year
 		,item.i_category_id
 		,item.i_category
 order by       sum(ss_ext_sales_price) desc,dt.d_year
 		,item.i_category_id
 		,item.i_category
limit 100 ;
tpcds.42.sh|2024-03-19 22:06:34|2024-03-19 22:07:18|44
select  dt.d_year
 	,item.i_category_id
 	,item.i_category
 	,sum(ss_ext_sales_price)
 from 	date_dim dt
 	,store_sales
 	,item
 where dt.d_date_sk = store_sales.ss_sold_date_sk
 	and store_sales.ss_item_sk = item.i_item_sk
 	and item.i_manager_id = 1
 	and dt.d_moy=11
 	and dt.d_year=1999
 group by 	dt.d_year
 		,item.i_category_id
 		,item.i_category
 order by       sum(ss_ext_sales_price) desc,dt.d_year
 		,item.i_category_id
 		,item.i_category
limit 100 ;
tpcds.42.sh|2024-03-19 22:07:19|2024-03-19 22:08:03|44
select  dt.d_year
 	,item.i_category_id
 	,item.i_category
 	,sum(ss_ext_sales_price)
 from 	date_dim dt
 	,store_sales
 	,item
 where dt.d_date_sk = store_sales.ss_sold_date_sk
 	and store_sales.ss_item_sk = item.i_item_sk
 	and item.i_manager_id = 1
 	and dt.d_moy=11
 	and dt.d_year=1999
 group by 	dt.d_year
 		,item.i_category_id
 		,item.i_category
 order by       sum(ss_ext_sales_price) desc,dt.d_year
 		,item.i_category_id
 		,item.i_category
limit 100 ;
tpcds.42.sh|2024-03-19 22:08:04|2024-03-19 22:09:06|62
select  dt.d_year
 	,item.i_category_id
 	,item.i_category
 	,sum(ss_ext_sales_price)
 from 	date_dim dt
 	,store_sales
 	,item
 where dt.d_date_sk = store_sales.ss_sold_date_sk
 	and store_sales.ss_item_sk = item.i_item_sk
 	and item.i_manager_id = 1
 	and dt.d_moy=11
 	and dt.d_year=1999
 group by 	dt.d_year
 		,item.i_category_id
 		,item.i_category
 order by       sum(ss_ext_sales_price) desc,dt.d_year
 		,item.i_category_id
 		,item.i_category
limit 100 ;
tpcds.42.sh|2024-03-19 22:09:07|2024-03-19 22:10:02|55
select  dt.d_year
 	,item.i_category_id
 	,item.i_category
 	,sum(ss_ext_sales_price)
 from 	date_dim dt
 	,store_sales
 	,item
 where dt.d_date_sk = store_sales.ss_sold_date_sk
 	and store_sales.ss_item_sk = item.i_item_sk
 	and item.i_manager_id = 1
 	and dt.d_moy=11
 	and dt.d_year=1999
 group by 	dt.d_year
 		,item.i_category_id
 		,item.i_category
 order by       sum(ss_ext_sales_price) desc,dt.d_year
 		,item.i_category_id
 		,item.i_category
limit 100 ;
tpcds.42.sh|2024-03-19 22:10:03|2024-03-19 22:11:12|69
select  dt.d_year
 	,item.i_category_id
 	,item.i_category
 	,sum(ss_ext_sales_price)
 from 	date_dim dt
 	,store_sales
 	,item
 where dt.d_date_sk = store_sales.ss_sold_date_sk
 	and store_sales.ss_item_sk = item.i_item_sk
 	and item.i_manager_id = 1
 	and dt.d_moy=11
 	and dt.d_year=1999
 group by 	dt.d_year
 		,item.i_category_id
 		,item.i_category
 order by       sum(ss_ext_sales_price) desc,dt.d_year
 		,item.i_category_id
 		,item.i_category
limit 100 ;
tpcds.42.sh|2024-03-19 22:11:13|2024-03-19 22:11:50|37
select  dt.d_year
 	,item.i_category_id
 	,item.i_category
 	,sum(ss_ext_sales_price)
 from 	date_dim dt
 	,store_sales
 	,item
 where dt.d_date_sk = store_sales.ss_sold_date_sk
 	and store_sales.ss_item_sk = item.i_item_sk
 	and item.i_manager_id = 1
 	and dt.d_moy=11
 	and dt.d_year=1999
 group by 	dt.d_year
 		,item.i_category_id
 		,item.i_category
 order by       sum(ss_ext_sales_price) desc,dt.d_year
 		,item.i_category_id
 		,item.i_category
limit 100 ;
tpcds.42.sh|2024-03-19 22:11:51|2024-03-19 22:12:49|58
select  dt.d_year
 	,item.i_category_id
 	,item.i_category
 	,sum(ss_ext_sales_price)
 from 	date_dim dt
 	,store_sales
 	,item
 where dt.d_date_sk = store_sales.ss_sold_date_sk
 	and store_sales.ss_item_sk = item.i_item_sk
 	and item.i_manager_id = 1
 	and dt.d_moy=11
 	and dt.d_year=1999
 group by 	dt.d_year
 		,item.i_category_id
 		,item.i_category
 order by       sum(ss_ext_sales_price) desc,dt.d_year
 		,item.i_category_id
 		,item.i_category
limit 100 ;
tpcds.42.sh|2024-03-19 22:12:50|2024-03-19 22:14:30|100
select  dt.d_year
 	,item.i_category_id
 	,item.i_category
 	,sum(ss_ext_sales_price)
 from 	date_dim dt
 	,store_sales
 	,item
 where dt.d_date_sk = store_sales.ss_sold_date_sk
 	and store_sales.ss_item_sk = item.i_item_sk
 	and item.i_manager_id = 1
 	and dt.d_moy=11
 	and dt.d_year=1999
 group by 	dt.d_year
 		,item.i_category_id
 		,item.i_category
 order by       sum(ss_ext_sales_price) desc,dt.d_year
 		,item.i_category_id
 		,item.i_category
limit 100 ;
tpcds.42.sh|2024-03-19 22:14:31|2024-03-19 22:15:49|78
select  dt.d_year
 	,item.i_category_id
 	,item.i_category
 	,sum(ss_ext_sales_price)
 from 	date_dim dt
 	,store_sales
 	,item
 where dt.d_date_sk = store_sales.ss_sold_date_sk
 	and store_sales.ss_item_sk = item.i_item_sk
 	and item.i_manager_id = 1
 	and dt.d_moy=11
 	and dt.d_year=1999
 group by 	dt.d_year
 		,item.i_category_id
 		,item.i_category
 order by       sum(ss_ext_sales_price) desc,dt.d_year
 		,item.i_category_id
 		,item.i_category
limit 100 ;
tpcds.42.sh|2024-03-19 22:15:50|2024-03-19 22:16:50|60
select  dt.d_year
 	,item.i_category_id
 	,item.i_category
 	,sum(ss_ext_sales_price)
 from 	date_dim dt
 	,store_sales
 	,item
 where dt.d_date_sk = store_sales.ss_sold_date_sk
 	and store_sales.ss_item_sk = item.i_item_sk
 	and item.i_manager_id = 1
 	and dt.d_moy=11
 	and dt.d_year=1999
 group by 	dt.d_year
 		,item.i_category_id
 		,item.i_category
 order by       sum(ss_ext_sales_price) desc,dt.d_year
 		,item.i_category_id
 		,item.i_category
limit 100 ;
tpcds.42.sh|2024-03-19 22:16:51|2024-03-19 22:17:21|30
select  dt.d_year
 	,item.i_category_id
 	,item.i_category
 	,sum(ss_ext_sales_price)
 from 	date_dim dt
 	,store_sales
 	,item
 where dt.d_date_sk = store_sales.ss_sold_date_sk
 	and store_sales.ss_item_sk = item.i_item_sk
 	and item.i_manager_id = 1
 	and dt.d_moy=11
 	and dt.d_year=1999
 group by 	dt.d_year
 		,item.i_category_id
 		,item.i_category
 order by       sum(ss_ext_sales_price) desc,dt.d_year
 		,item.i_category_id
 		,item.i_category
limit 100 ;
tpcds.42.sh|2024-03-19 22:17:22|2024-03-19 22:18:34|72
select  dt.d_year
 	,item.i_category_id
 	,item.i_category
 	,sum(ss_ext_sales_price)
 from 	date_dim dt
 	,store_sales
 	,item
 where dt.d_date_sk = store_sales.ss_sold_date_sk
 	and store_sales.ss_item_sk = item.i_item_sk
 	and item.i_manager_id = 1
 	and dt.d_moy=11
 	and dt.d_year=1999
 group by 	dt.d_year
 		,item.i_category_id
 		,item.i_category
 order by       sum(ss_ext_sales_price) desc,dt.d_year
 		,item.i_category_id
 		,item.i_category
limit 100 ;
tpcds.42.sh|2024-03-19 22:18:35|2024-03-19 22:19:04|29
select  dt.d_year
 	,item.i_category_id
 	,item.i_category
 	,sum(ss_ext_sales_price)
 from 	date_dim dt
 	,store_sales
 	,item
 where dt.d_date_sk = store_sales.ss_sold_date_sk
 	and store_sales.ss_item_sk = item.i_item_sk
 	and item.i_manager_id = 1
 	and dt.d_moy=11
 	and dt.d_year=1999
 group by 	dt.d_year
 		,item.i_category_id
 		,item.i_category
 order by       sum(ss_ext_sales_price) desc,dt.d_year
 		,item.i_category_id
 		,item.i_category
limit 100 ;
tpcds.42.sh|2024-03-19 22:19:05|2024-03-19 22:19:21|16
select  dt.d_year
 	,item.i_category_id
 	,item.i_category
 	,sum(ss_ext_sales_price)
 from 	date_dim dt
 	,store_sales
 	,item
 where dt.d_date_sk = store_sales.ss_sold_date_sk
 	and store_sales.ss_item_sk = item.i_item_sk
 	and item.i_manager_id = 1
 	and dt.d_moy=11
 	and dt.d_year=1999
 group by 	dt.d_year
 		,item.i_category_id
 		,item.i_category
 order by       sum(ss_ext_sales_price) desc,dt.d_year
 		,item.i_category_id
 		,item.i_category
limit 100 ;
tpcds.42.sh|2024-03-19 22:19:22|2024-03-19 22:19:45|23
select  dt.d_year
 	,item.i_category_id
 	,item.i_category
 	,sum(ss_ext_sales_price)
 from 	date_dim dt
 	,store_sales
 	,item
 where dt.d_date_sk = store_sales.ss_sold_date_sk
 	and store_sales.ss_item_sk = item.i_item_sk
 	and item.i_manager_id = 1
 	and dt.d_moy=11
 	and dt.d_year=1999
 group by 	dt.d_year
 		,item.i_category_id
 		,item.i_category
 order by       sum(ss_ext_sales_price) desc,dt.d_year
 		,item.i_category_id
 		,item.i_category
limit 100 ;
tpcds.42.sh|2024-03-19 22:19:46|2024-03-19 22:20:17|31
select  dt.d_year
 	,item.i_category_id
 	,item.i_category
 	,sum(ss_ext_sales_price)
 from 	date_dim dt
 	,store_sales
 	,item
 where dt.d_date_sk = store_sales.ss_sold_date_sk
 	and store_sales.ss_item_sk = item.i_item_sk
 	and item.i_manager_id = 1
 	and dt.d_moy=11
 	and dt.d_year=1999
 group by 	dt.d_year
 		,item.i_category_id
 		,item.i_category
 order by       sum(ss_ext_sales_price) desc,dt.d_year
 		,item.i_category_id
 		,item.i_category
limit 100 ;
tpcds.42.sh|2024-03-19 22:20:18|2024-03-19 22:21:53|95
select  dt.d_year
 	,item.i_category_id
 	,item.i_category
 	,sum(ss_ext_sales_price)
 from 	date_dim dt
 	,store_sales
 	,item
 where dt.d_date_sk = store_sales.ss_sold_date_sk
 	and store_sales.ss_item_sk = item.i_item_sk
 	and item.i_manager_id = 1
 	and dt.d_moy=11
 	and dt.d_year=1999
 group by 	dt.d_year
 		,item.i_category_id
 		,item.i_category
 order by       sum(ss_ext_sales_price) desc,dt.d_year
 		,item.i_category_id
 		,item.i_category
limit 100 ;
tpcds.42.sh|2024-03-19 22:21:54|2024-03-19 22:24:00|126
select  dt.d_year
 	,item.i_category_id
 	,item.i_category
 	,sum(ss_ext_sales_price)
 from 	date_dim dt
 	,store_sales
 	,item
 where dt.d_date_sk = store_sales.ss_sold_date_sk
 	and store_sales.ss_item_sk = item.i_item_sk
 	and item.i_manager_id = 1
 	and dt.d_moy=11
 	and dt.d_year=1999
 group by 	dt.d_year
 		,item.i_category_id
 		,item.i_category
 order by       sum(ss_ext_sales_price) desc,dt.d_year
 		,item.i_category_id
 		,item.i_category
limit 100 ;
tpcds.42.sh|2024-03-19 22:24:01|2024-03-19 22:25:23|82
select  dt.d_year
 	,item.i_category_id
 	,item.i_category
 	,sum(ss_ext_sales_price)
 from 	date_dim dt
 	,store_sales
 	,item
 where dt.d_date_sk = store_sales.ss_sold_date_sk
 	and store_sales.ss_item_sk = item.i_item_sk
 	and item.i_manager_id = 1
 	and dt.d_moy=11
 	and dt.d_year=1999
 group by 	dt.d_year
 		,item.i_category_id
 		,item.i_category
 order by       sum(ss_ext_sales_price) desc,dt.d_year
 		,item.i_category_id
 		,item.i_category
limit 100 ;
tpcds.42.sh|2024-03-19 22:25:24|2024-03-19 22:26:30|66
select  dt.d_year
 	,item.i_category_id
 	,item.i_category
 	,sum(ss_ext_sales_price)
 from 	date_dim dt
 	,store_sales
 	,item
 where dt.d_date_sk = store_sales.ss_sold_date_sk
 	and store_sales.ss_item_sk = item.i_item_sk
 	and item.i_manager_id = 1
 	and dt.d_moy=11
 	and dt.d_year=1999
 group by 	dt.d_year
 		,item.i_category_id
 		,item.i_category
 order by       sum(ss_ext_sales_price) desc,dt.d_year
 		,item.i_category_id
 		,item.i_category
limit 100 ;
tpcds.42.sh|2024-03-19 22:26:31|2024-03-19 22:27:02|31
select  dt.d_year
 	,item.i_category_id
 	,item.i_category
 	,sum(ss_ext_sales_price)
 from 	date_dim dt
 	,store_sales
 	,item
 where dt.d_date_sk = store_sales.ss_sold_date_sk
 	and store_sales.ss_item_sk = item.i_item_sk
 	and item.i_manager_id = 1
 	and dt.d_moy=11
 	and dt.d_year=1999
 group by 	dt.d_year
 		,item.i_category_id
 		,item.i_category
 order by       sum(ss_ext_sales_price) desc,dt.d_year
 		,item.i_category_id
 		,item.i_category
limit 100 ;
tpcds.42.sh|2024-03-19 22:27:03|2024-03-19 22:27:25|22
select  dt.d_year
 	,item.i_category_id
 	,item.i_category
 	,sum(ss_ext_sales_price)
 from 	date_dim dt
 	,store_sales
 	,item
 where dt.d_date_sk = store_sales.ss_sold_date_sk
 	and store_sales.ss_item_sk = item.i_item_sk
 	and item.i_manager_id = 1
 	and dt.d_moy=11
 	and dt.d_year=1999
 group by 	dt.d_year
 		,item.i_category_id
 		,item.i_category
 order by       sum(ss_ext_sales_price) desc,dt.d_year
 		,item.i_category_id
 		,item.i_category
limit 100 ;
tpcds.42.sh|2024-03-19 22:27:26|2024-03-19 22:27:45|19
select  dt.d_year
 	,item.i_category_id
 	,item.i_category
 	,sum(ss_ext_sales_price)
 from 	date_dim dt
 	,store_sales
 	,item
 where dt.d_date_sk = store_sales.ss_sold_date_sk
 	and store_sales.ss_item_sk = item.i_item_sk
 	and item.i_manager_id = 1
 	and dt.d_moy=11
 	and dt.d_year=1999
 group by 	dt.d_year
 		,item.i_category_id
 		,item.i_category
 order by       sum(ss_ext_sales_price) desc,dt.d_year
 		,item.i_category_id
 		,item.i_category
limit 100 ;
tpcds.42.sh|2024-03-19 22:27:46|2024-03-19 22:28:31|45
select  dt.d_year
 	,item.i_category_id
 	,item.i_category
 	,sum(ss_ext_sales_price)
 from 	date_dim dt
 	,store_sales
 	,item
 where dt.d_date_sk = store_sales.ss_sold_date_sk
 	and store_sales.ss_item_sk = item.i_item_sk
 	and item.i_manager_id = 1
 	and dt.d_moy=11
 	and dt.d_year=1999
 group by 	dt.d_year
 		,item.i_category_id
 		,item.i_category
 order by       sum(ss_ext_sales_price) desc,dt.d_year
 		,item.i_category_id
 		,item.i_category
limit 100 ;
tpcds.42.sh|2024-03-19 22:28:32|2024-03-19 22:30:01|89
select  dt.d_year
 	,item.i_category_id
 	,item.i_category
 	,sum(ss_ext_sales_price)
 from 	date_dim dt
 	,store_sales
 	,item
 where dt.d_date_sk = store_sales.ss_sold_date_sk
 	and store_sales.ss_item_sk = item.i_item_sk
 	and item.i_manager_id = 1
 	and dt.d_moy=11
 	and dt.d_year=1999
 group by 	dt.d_year
 		,item.i_category_id
 		,item.i_category
 order by       sum(ss_ext_sales_price) desc,dt.d_year
 		,item.i_category_id
 		,item.i_category
limit 100 ;
tpcds.42.sh|2024-03-19 22:30:02|2024-03-19 22:31:03|61
select  dt.d_year
 	,item.i_category_id
 	,item.i_category
 	,sum(ss_ext_sales_price)
 from 	date_dim dt
 	,store_sales
 	,item
 where dt.d_date_sk = store_sales.ss_sold_date_sk
 	and store_sales.ss_item_sk = item.i_item_sk
 	and item.i_manager_id = 1
 	and dt.d_moy=11
 	and dt.d_year=1999
 group by 	dt.d_year
 		,item.i_category_id
 		,item.i_category
 order by       sum(ss_ext_sales_price) desc,dt.d_year
 		,item.i_category_id
 		,item.i_category
limit 100 ;
tpcds.42.sh|2024-03-19 22:31:04|2024-03-19 22:32:00|56
select  dt.d_year
 	,item.i_category_id
 	,item.i_category
 	,sum(ss_ext_sales_price)
 from 	date_dim dt
 	,store_sales
 	,item
 where dt.d_date_sk = store_sales.ss_sold_date_sk
 	and store_sales.ss_item_sk = item.i_item_sk
 	and item.i_manager_id = 1
 	and dt.d_moy=11
 	and dt.d_year=1999
 group by 	dt.d_year
 		,item.i_category_id
 		,item.i_category
 order by       sum(ss_ext_sales_price) desc,dt.d_year
 		,item.i_category_id
 		,item.i_category
limit 100 ;
tpcds.42.sh|2024-03-19 22:32:01|2024-03-19 22:33:09|68
select  dt.d_year
 	,item.i_category_id
 	,item.i_category
 	,sum(ss_ext_sales_price)
 from 	date_dim dt
 	,store_sales
 	,item
 where dt.d_date_sk = store_sales.ss_sold_date_sk
 	and store_sales.ss_item_sk = item.i_item_sk
 	and item.i_manager_id = 1
 	and dt.d_moy=11
 	and dt.d_year=1999
 group by 	dt.d_year
 		,item.i_category_id
 		,item.i_category
 order by       sum(ss_ext_sales_price) desc,dt.d_year
 		,item.i_category_id
 		,item.i_category
limit 100 ;
tpcds.42.sh|2024-03-19 22:33:10|2024-03-19 22:33:38|28
select  dt.d_year
 	,item.i_category_id
 	,item.i_category
 	,sum(ss_ext_sales_price)
 from 	date_dim dt
 	,store_sales
 	,item
 where dt.d_date_sk = store_sales.ss_sold_date_sk
 	and store_sales.ss_item_sk = item.i_item_sk
 	and item.i_manager_id = 1
 	and dt.d_moy=11
 	and dt.d_year=1999
 group by 	dt.d_year
 		,item.i_category_id
 		,item.i_category
 order by       sum(ss_ext_sales_price) desc,dt.d_year
 		,item.i_category_id
 		,item.i_category
limit 100 ;
tpcds.42.sh|2024-03-19 22:33:39|2024-03-19 22:34:37|58
select  dt.d_year
 	,item.i_category_id
 	,item.i_category
 	,sum(ss_ext_sales_price)
 from 	date_dim dt
 	,store_sales
 	,item
 where dt.d_date_sk = store_sales.ss_sold_date_sk
 	and store_sales.ss_item_sk = item.i_item_sk
 	and item.i_manager_id = 1
 	and dt.d_moy=11
 	and dt.d_year=1999
 group by 	dt.d_year
 		,item.i_category_id
 		,item.i_category
 order by       sum(ss_ext_sales_price) desc,dt.d_year
 		,item.i_category_id
 		,item.i_category
limit 100 ;
tpcds.42.sh|2024-03-19 22:34:38|2024-03-19 22:35:10|32
select  dt.d_year
 	,item.i_category_id
 	,item.i_category
 	,sum(ss_ext_sales_price)
 from 	date_dim dt
 	,store_sales
 	,item
 where dt.d_date_sk = store_sales.ss_sold_date_sk
 	and store_sales.ss_item_sk = item.i_item_sk
 	and item.i_manager_id = 1
 	and dt.d_moy=11
 	and dt.d_year=1999
 group by 	dt.d_year
 		,item.i_category_id
 		,item.i_category
 order by       sum(ss_ext_sales_price) desc,dt.d_year
 		,item.i_category_id
 		,item.i_category
limit 100 ;
tpcds.42.sh|2024-03-19 22:35:11|2024-03-19 22:36:13|62
select  dt.d_year
 	,item.i_category_id
 	,item.i_category
 	,sum(ss_ext_sales_price)
 from 	date_dim dt
 	,store_sales
 	,item
 where dt.d_date_sk = store_sales.ss_sold_date_sk
 	and store_sales.ss_item_sk = item.i_item_sk
 	and item.i_manager_id = 1
 	and dt.d_moy=11
 	and dt.d_year=1999
 group by 	dt.d_year
 		,item.i_category_id
 		,item.i_category
 order by       sum(ss_ext_sales_price) desc,dt.d_year
 		,item.i_category_id
 		,item.i_category
limit 100 ;
tpcds.42.sh|2024-03-19 22:36:14|2024-03-19 22:36:43|29
select  dt.d_year
 	,item.i_category_id
 	,item.i_category
 	,sum(ss_ext_sales_price)
 from 	date_dim dt
 	,store_sales
 	,item
 where dt.d_date_sk = store_sales.ss_sold_date_sk
 	and store_sales.ss_item_sk = item.i_item_sk
 	and item.i_manager_id = 1
 	and dt.d_moy=11
 	and dt.d_year=1999
 group by 	dt.d_year
 		,item.i_category_id
 		,item.i_category
 order by       sum(ss_ext_sales_price) desc,dt.d_year
 		,item.i_category_id
 		,item.i_category
limit 100 ;
tpcds.42.sh|2024-03-19 22:36:44|2024-03-19 22:37:41|57
select  dt.d_year
 	,item.i_category_id
 	,item.i_category
 	,sum(ss_ext_sales_price)
 from 	date_dim dt
 	,store_sales
 	,item
 where dt.d_date_sk = store_sales.ss_sold_date_sk
 	and store_sales.ss_item_sk = item.i_item_sk
 	and item.i_manager_id = 1
 	and dt.d_moy=11
 	and dt.d_year=1999
 group by 	dt.d_year
 		,item.i_category_id
 		,item.i_category
 order by       sum(ss_ext_sales_price) desc,dt.d_year
 		,item.i_category_id
 		,item.i_category
limit 100 ;
tpcds.42.sh|2024-03-19 22:37:42|2024-03-19 22:38:45|63
select  dt.d_year
 	,item.i_category_id
 	,item.i_category
 	,sum(ss_ext_sales_price)
 from 	date_dim dt
 	,store_sales
 	,item
 where dt.d_date_sk = store_sales.ss_sold_date_sk
 	and store_sales.ss_item_sk = item.i_item_sk
 	and item.i_manager_id = 1
 	and dt.d_moy=11
 	and dt.d_year=1999
 group by 	dt.d_year
 		,item.i_category_id
 		,item.i_category
 order by       sum(ss_ext_sales_price) desc,dt.d_year
 		,item.i_category_id
 		,item.i_category
limit 100 ;
tpcds.42.sh|2024-03-19 22:38:46|2024-03-19 22:39:58|72
select  dt.d_year
 	,item.i_category_id
 	,item.i_category
 	,sum(ss_ext_sales_price)
 from 	date_dim dt
 	,store_sales
 	,item
 where dt.d_date_sk = store_sales.ss_sold_date_sk
 	and store_sales.ss_item_sk = item.i_item_sk
 	and item.i_manager_id = 1
 	and dt.d_moy=11
 	and dt.d_year=1999
 group by 	dt.d_year
 		,item.i_category_id
 		,item.i_category
 order by       sum(ss_ext_sales_price) desc,dt.d_year
 		,item.i_category_id
 		,item.i_category
limit 100 ;
tpcds.42.sh|2024-03-19 22:39:59|2024-03-19 22:40:59|60
select  dt.d_year
 	,item.i_category_id
 	,item.i_category
 	,sum(ss_ext_sales_price)
 from 	date_dim dt
 	,store_sales
 	,item
 where dt.d_date_sk = store_sales.ss_sold_date_sk
 	and store_sales.ss_item_sk = item.i_item_sk
 	and item.i_manager_id = 1
 	and dt.d_moy=11
 	and dt.d_year=1999
 group by 	dt.d_year
 		,item.i_category_id
 		,item.i_category
 order by       sum(ss_ext_sales_price) desc,dt.d_year
 		,item.i_category_id
 		,item.i_category
limit 100 ;
tpcds.42.sh|2024-03-19 22:41:00|2024-03-19 22:42:46|106
select  dt.d_year
 	,item.i_category_id
 	,item.i_category
 	,sum(ss_ext_sales_price)
 from 	date_dim dt
 	,store_sales
 	,item
 where dt.d_date_sk = store_sales.ss_sold_date_sk
 	and store_sales.ss_item_sk = item.i_item_sk
 	and item.i_manager_id = 1
 	and dt.d_moy=11
 	and dt.d_year=1999
 group by 	dt.d_year
 		,item.i_category_id
 		,item.i_category
 order by       sum(ss_ext_sales_price) desc,dt.d_year
 		,item.i_category_id
 		,item.i_category
limit 100 ;
tpcds.42.sh|2024-03-19 22:42:47|2024-03-19 22:43:41|54
select  dt.d_year
 	,item.i_category_id
 	,item.i_category
 	,sum(ss_ext_sales_price)
 from 	date_dim dt
 	,store_sales
 	,item
 where dt.d_date_sk = store_sales.ss_sold_date_sk
 	and store_sales.ss_item_sk = item.i_item_sk
 	and item.i_manager_id = 1
 	and dt.d_moy=11
 	and dt.d_year=1999
 group by 	dt.d_year
 		,item.i_category_id
 		,item.i_category
 order by       sum(ss_ext_sales_price) desc,dt.d_year
 		,item.i_category_id
 		,item.i_category
limit 100 ;
tpcds.42.sh|2024-03-19 22:43:42|2024-03-19 22:45:01|79
select  dt.d_year
 	,item.i_category_id
 	,item.i_category
 	,sum(ss_ext_sales_price)
 from 	date_dim dt
 	,store_sales
 	,item
 where dt.d_date_sk = store_sales.ss_sold_date_sk
 	and store_sales.ss_item_sk = item.i_item_sk
 	and item.i_manager_id = 1
 	and dt.d_moy=11
 	and dt.d_year=1999
 group by 	dt.d_year
 		,item.i_category_id
 		,item.i_category
 order by       sum(ss_ext_sales_price) desc,dt.d_year
 		,item.i_category_id
 		,item.i_category
limit 100 ;
tpcds.42.sh|2024-03-19 22:45:02|2024-03-19 22:45:38|36
select  dt.d_year
 	,item.i_category_id
 	,item.i_category
 	,sum(ss_ext_sales_price)
 from 	date_dim dt
 	,store_sales
 	,item
 where dt.d_date_sk = store_sales.ss_sold_date_sk
 	and store_sales.ss_item_sk = item.i_item_sk
 	and item.i_manager_id = 1
 	and dt.d_moy=11
 	and dt.d_year=1999
 group by 	dt.d_year
 		,item.i_category_id
 		,item.i_category
 order by       sum(ss_ext_sales_price) desc,dt.d_year
 		,item.i_category_id
 		,item.i_category
limit 100 ;
tpcds.42.sh|2024-03-19 22:45:39|2024-03-19 22:46:31|52
select  dt.d_year
 	,item.i_category_id
 	,item.i_category
 	,sum(ss_ext_sales_price)
 from 	date_dim dt
 	,store_sales
 	,item
 where dt.d_date_sk = store_sales.ss_sold_date_sk
 	and store_sales.ss_item_sk = item.i_item_sk
 	and item.i_manager_id = 1
 	and dt.d_moy=11
 	and dt.d_year=1999
 group by 	dt.d_year
 		,item.i_category_id
 		,item.i_category
 order by       sum(ss_ext_sales_price) desc,dt.d_year
 		,item.i_category_id
 		,item.i_category
limit 100 ;
tpcds.42.sh|2024-03-19 22:46:32|2024-03-19 22:47:31|59
select  dt.d_year
 	,item.i_category_id
 	,item.i_category
 	,sum(ss_ext_sales_price)
 from 	date_dim dt
 	,store_sales
 	,item
 where dt.d_date_sk = store_sales.ss_sold_date_sk
 	and store_sales.ss_item_sk = item.i_item_sk
 	and item.i_manager_id = 1
 	and dt.d_moy=11
 	and dt.d_year=1999
 group by 	dt.d_year
 		,item.i_category_id
 		,item.i_category
 order by       sum(ss_ext_sales_price) desc,dt.d_year
 		,item.i_category_id
 		,item.i_category
limit 100 ;
tpcds.42.sh|2024-03-19 22:47:32|2024-03-19 22:48:54|82
select  dt.d_year
 	,item.i_category_id
 	,item.i_category
 	,sum(ss_ext_sales_price)
 from 	date_dim dt
 	,store_sales
 	,item
 where dt.d_date_sk = store_sales.ss_sold_date_sk
 	and store_sales.ss_item_sk = item.i_item_sk
 	and item.i_manager_id = 1
 	and dt.d_moy=11
 	and dt.d_year=1999
 group by 	dt.d_year
 		,item.i_category_id
 		,item.i_category
 order by       sum(ss_ext_sales_price) desc,dt.d_year
 		,item.i_category_id
 		,item.i_category
limit 100 ;
tpcds.42.sh|2024-03-19 22:48:55|2024-03-19 22:50:17|82
select  dt.d_year
 	,item.i_category_id
 	,item.i_category
 	,sum(ss_ext_sales_price)
 from 	date_dim dt
 	,store_sales
 	,item
 where dt.d_date_sk = store_sales.ss_sold_date_sk
 	and store_sales.ss_item_sk = item.i_item_sk
 	and item.i_manager_id = 1
 	and dt.d_moy=11
 	and dt.d_year=1999
 group by 	dt.d_year
 		,item.i_category_id
 		,item.i_category
 order by       sum(ss_ext_sales_price) desc,dt.d_year
 		,item.i_category_id
 		,item.i_category
limit 100 ;
tpcds.42.sh|2024-03-19 22:50:18|2024-03-19 22:52:00|102
select  dt.d_year
 	,item.i_category_id
 	,item.i_category
 	,sum(ss_ext_sales_price)
 from 	date_dim dt
 	,store_sales
 	,item
 where dt.d_date_sk = store_sales.ss_sold_date_sk
 	and store_sales.ss_item_sk = item.i_item_sk
 	and item.i_manager_id = 1
 	and dt.d_moy=11
 	and dt.d_year=1999
 group by 	dt.d_year
 		,item.i_category_id
 		,item.i_category
 order by       sum(ss_ext_sales_price) desc,dt.d_year
 		,item.i_category_id
 		,item.i_category
limit 100 ;
tpcds.42.sh|2024-03-19 22:52:01|2024-03-19 22:52:58|57
select  dt.d_year
 	,item.i_category_id
 	,item.i_category
 	,sum(ss_ext_sales_price)
 from 	date_dim dt
 	,store_sales
 	,item
 where dt.d_date_sk = store_sales.ss_sold_date_sk
 	and store_sales.ss_item_sk = item.i_item_sk
 	and item.i_manager_id = 1
 	and dt.d_moy=11
 	and dt.d_year=1999
 group by 	dt.d_year
 		,item.i_category_id
 		,item.i_category
 order by       sum(ss_ext_sales_price) desc,dt.d_year
 		,item.i_category_id
 		,item.i_category
limit 100 ;
tpcds.42.sh|2024-03-19 22:52:59|2024-03-19 22:53:38|39
select  dt.d_year
 	,item.i_category_id
 	,item.i_category
 	,sum(ss_ext_sales_price)
 from 	date_dim dt
 	,store_sales
 	,item
 where dt.d_date_sk = store_sales.ss_sold_date_sk
 	and store_sales.ss_item_sk = item.i_item_sk
 	and item.i_manager_id = 1
 	and dt.d_moy=11
 	and dt.d_year=1999
 group by 	dt.d_year
 		,item.i_category_id
 		,item.i_category
 order by       sum(ss_ext_sales_price) desc,dt.d_year
 		,item.i_category_id
 		,item.i_category
limit 100 ;
tpcds.42.sh|2024-03-19 22:53:39|2024-03-19 22:54:35|56
select  dt.d_year
 	,item.i_category_id
 	,item.i_category
 	,sum(ss_ext_sales_price)
 from 	date_dim dt
 	,store_sales
 	,item
 where dt.d_date_sk = store_sales.ss_sold_date_sk
 	and store_sales.ss_item_sk = item.i_item_sk
 	and item.i_manager_id = 1
 	and dt.d_moy=11
 	and dt.d_year=1999
 group by 	dt.d_year
 		,item.i_category_id
 		,item.i_category
 order by       sum(ss_ext_sales_price) desc,dt.d_year
 		,item.i_category_id
 		,item.i_category
limit 100 ;
tpcds.42.sh|2024-03-19 22:54:36|2024-03-19 22:56:23|107
select  dt.d_year
 	,item.i_category_id
 	,item.i_category
 	,sum(ss_ext_sales_price)
 from 	date_dim dt
 	,store_sales
 	,item
 where dt.d_date_sk = store_sales.ss_sold_date_sk
 	and store_sales.ss_item_sk = item.i_item_sk
 	and item.i_manager_id = 1
 	and dt.d_moy=11
 	and dt.d_year=1999
 group by 	dt.d_year
 		,item.i_category_id
 		,item.i_category
 order by       sum(ss_ext_sales_price) desc,dt.d_year
 		,item.i_category_id
 		,item.i_category
limit 100 ;
tpcds.42.sh|2024-03-19 22:56:24|2024-03-19 22:57:16|52
select  dt.d_year
 	,item.i_category_id
 	,item.i_category
 	,sum(ss_ext_sales_price)
 from 	date_dim dt
 	,store_sales
 	,item
 where dt.d_date_sk = store_sales.ss_sold_date_sk
 	and store_sales.ss_item_sk = item.i_item_sk
 	and item.i_manager_id = 1
 	and dt.d_moy=11
 	and dt.d_year=1999
 group by 	dt.d_year
 		,item.i_category_id
 		,item.i_category
 order by       sum(ss_ext_sales_price) desc,dt.d_year
 		,item.i_category_id
 		,item.i_category
limit 100 ;
tpcds.42.sh|2024-03-19 22:57:17|2024-03-19 22:58:33|76
select  dt.d_year
 	,item.i_category_id
 	,item.i_category
 	,sum(ss_ext_sales_price)
 from 	date_dim dt
 	,store_sales
 	,item
 where dt.d_date_sk = store_sales.ss_sold_date_sk
 	and store_sales.ss_item_sk = item.i_item_sk
 	and item.i_manager_id = 1
 	and dt.d_moy=11
 	and dt.d_year=1999
 group by 	dt.d_year
 		,item.i_category_id
 		,item.i_category
 order by       sum(ss_ext_sales_price) desc,dt.d_year
 		,item.i_category_id
 		,item.i_category
limit 100 ;
tpcds.42.sh|2024-03-19 22:58:34|2024-03-19 22:59:49|75
select  dt.d_year
 	,item.i_category_id
 	,item.i_category
 	,sum(ss_ext_sales_price)
 from 	date_dim dt
 	,store_sales
 	,item
 where dt.d_date_sk = store_sales.ss_sold_date_sk
 	and store_sales.ss_item_sk = item.i_item_sk
 	and item.i_manager_id = 1
 	and dt.d_moy=11
 	and dt.d_year=1999
 group by 	dt.d_year
 		,item.i_category_id
 		,item.i_category
 order by       sum(ss_ext_sales_price) desc,dt.d_year
 		,item.i_category_id
 		,item.i_category
limit 100 ;
tpcds.42.sh|2024-03-19 22:59:50|2024-03-19 23:01:16|86
select  dt.d_year
 	,item.i_category_id
 	,item.i_category
 	,sum(ss_ext_sales_price)
 from 	date_dim dt
 	,store_sales
 	,item
 where dt.d_date_sk = store_sales.ss_sold_date_sk
 	and store_sales.ss_item_sk = item.i_item_sk
 	and item.i_manager_id = 1
 	and dt.d_moy=11
 	and dt.d_year=1999
 group by 	dt.d_year
 		,item.i_category_id
 		,item.i_category
 order by       sum(ss_ext_sales_price) desc,dt.d_year
 		,item.i_category_id
 		,item.i_category
limit 100 ;
tpcds.42.sh|2024-03-19 23:01:17|2024-03-19 23:02:13|56
select  dt.d_year
 	,item.i_category_id
 	,item.i_category
 	,sum(ss_ext_sales_price)
 from 	date_dim dt
 	,store_sales
 	,item
 where dt.d_date_sk = store_sales.ss_sold_date_sk
 	and store_sales.ss_item_sk = item.i_item_sk
 	and item.i_manager_id = 1
 	and dt.d_moy=11
 	and dt.d_year=1999
 group by 	dt.d_year
 		,item.i_category_id
 		,item.i_category
 order by       sum(ss_ext_sales_price) desc,dt.d_year
 		,item.i_category_id
 		,item.i_category
limit 100 ;
tpcds.42.sh|2024-03-19 23:02:14|2024-03-19 23:02:40|26
select  dt.d_year
 	,item.i_category_id
 	,item.i_category
 	,sum(ss_ext_sales_price)
 from 	date_dim dt
 	,store_sales
 	,item
 where dt.d_date_sk = store_sales.ss_sold_date_sk
 	and store_sales.ss_item_sk = item.i_item_sk
 	and item.i_manager_id = 1
 	and dt.d_moy=11
 	and dt.d_year=1999
 group by 	dt.d_year
 		,item.i_category_id
 		,item.i_category
 order by       sum(ss_ext_sales_price) desc,dt.d_year
 		,item.i_category_id
 		,item.i_category
limit 100 ;
tpcds.42.sh|2024-03-19 23:02:41|2024-03-19 23:03:34|53
select  dt.d_year
 	,item.i_category_id
 	,item.i_category
 	,sum(ss_ext_sales_price)
 from 	date_dim dt
 	,store_sales
 	,item
 where dt.d_date_sk = store_sales.ss_sold_date_sk
 	and store_sales.ss_item_sk = item.i_item_sk
 	and item.i_manager_id = 1
 	and dt.d_moy=11
 	and dt.d_year=1999
 group by 	dt.d_year
 		,item.i_category_id
 		,item.i_category
 order by       sum(ss_ext_sales_price) desc,dt.d_year
 		,item.i_category_id
 		,item.i_category
limit 100 ;
tpcds.42.sh|2024-03-19 23:03:35|2024-03-19 23:04:05|30
select  dt.d_year
 	,item.i_category_id
 	,item.i_category
 	,sum(ss_ext_sales_price)
 from 	date_dim dt
 	,store_sales
 	,item
 where dt.d_date_sk = store_sales.ss_sold_date_sk
 	and store_sales.ss_item_sk = item.i_item_sk
 	and item.i_manager_id = 1
 	and dt.d_moy=11
 	and dt.d_year=1999
 group by 	dt.d_year
 		,item.i_category_id
 		,item.i_category
 order by       sum(ss_ext_sales_price) desc,dt.d_year
 		,item.i_category_id
 		,item.i_category
limit 100 ;
tpcds.42.sh|2024-03-19 23:04:06|2024-03-19 23:04:55|49
select  dt.d_year
 	,item.i_category_id
 	,item.i_category
 	,sum(ss_ext_sales_price)
 from 	date_dim dt
 	,store_sales
 	,item
 where dt.d_date_sk = store_sales.ss_sold_date_sk
 	and store_sales.ss_item_sk = item.i_item_sk
 	and item.i_manager_id = 1
 	and dt.d_moy=11
 	and dt.d_year=1999
 group by 	dt.d_year
 		,item.i_category_id
 		,item.i_category
 order by       sum(ss_ext_sales_price) desc,dt.d_year
 		,item.i_category_id
 		,item.i_category
limit 100 ;
tpcds.42.sh|2024-03-19 23:04:56|2024-03-19 23:06:07|71
select  dt.d_year
 	,item.i_category_id
 	,item.i_category
 	,sum(ss_ext_sales_price)
 from 	date_dim dt
 	,store_sales
 	,item
 where dt.d_date_sk = store_sales.ss_sold_date_sk
 	and store_sales.ss_item_sk = item.i_item_sk
 	and item.i_manager_id = 1
 	and dt.d_moy=11
 	and dt.d_year=1999
 group by 	dt.d_year
 		,item.i_category_id
 		,item.i_category
 order by       sum(ss_ext_sales_price) desc,dt.d_year
 		,item.i_category_id
 		,item.i_category
limit 100 ;
tpcds.42.sh|2024-03-19 23:06:08|2024-03-19 23:06:59|51
select  dt.d_year
 	,item.i_category_id
 	,item.i_category
 	,sum(ss_ext_sales_price)
 from 	date_dim dt
 	,store_sales
 	,item
 where dt.d_date_sk = store_sales.ss_sold_date_sk
 	and store_sales.ss_item_sk = item.i_item_sk
 	and item.i_manager_id = 1
 	and dt.d_moy=11
 	and dt.d_year=1999
 group by 	dt.d_year
 		,item.i_category_id
 		,item.i_category
 order by       sum(ss_ext_sales_price) desc,dt.d_year
 		,item.i_category_id
 		,item.i_category
limit 100 ;
tpcds.42.sh|2024-03-19 23:07:00|2024-03-19 23:07:56|56
select  dt.d_year
 	,item.i_category_id
 	,item.i_category
 	,sum(ss_ext_sales_price)
 from 	date_dim dt
 	,store_sales
 	,item
 where dt.d_date_sk = store_sales.ss_sold_date_sk
 	and store_sales.ss_item_sk = item.i_item_sk
 	and item.i_manager_id = 1
 	and dt.d_moy=11
 	and dt.d_year=1999
 group by 	dt.d_year
 		,item.i_category_id
 		,item.i_category
 order by       sum(ss_ext_sales_price) desc,dt.d_year
 		,item.i_category_id
 		,item.i_category
limit 100 ;
tpcds.42.sh|2024-03-19 23:07:57|2024-03-19 23:08:31|34
select  dt.d_year
 	,item.i_category_id
 	,item.i_category
 	,sum(ss_ext_sales_price)
 from 	date_dim dt
 	,store_sales
 	,item
 where dt.d_date_sk = store_sales.ss_sold_date_sk
 	and store_sales.ss_item_sk = item.i_item_sk
 	and item.i_manager_id = 1
 	and dt.d_moy=11
 	and dt.d_year=1999
 group by 	dt.d_year
 		,item.i_category_id
 		,item.i_category
 order by       sum(ss_ext_sales_price) desc,dt.d_year
 		,item.i_category_id
 		,item.i_category
limit 100 ;
tpcds.42.sh|2024-03-19 23:08:32|2024-03-19 23:09:00|28
select  dt.d_year
 	,item.i_category_id
 	,item.i_category
 	,sum(ss_ext_sales_price)
 from 	date_dim dt
 	,store_sales
 	,item
 where dt.d_date_sk = store_sales.ss_sold_date_sk
 	and store_sales.ss_item_sk = item.i_item_sk
 	and item.i_manager_id = 1
 	and dt.d_moy=11
 	and dt.d_year=1999
 group by 	dt.d_year
 		,item.i_category_id
 		,item.i_category
 order by       sum(ss_ext_sales_price) desc,dt.d_year
 		,item.i_category_id
 		,item.i_category
limit 100 ;
tpcds.42.sh|2024-03-19 23:09:01|2024-03-19 23:09:59|58
select  dt.d_year
 	,item.i_category_id
 	,item.i_category
 	,sum(ss_ext_sales_price)
 from 	date_dim dt
 	,store_sales
 	,item
 where dt.d_date_sk = store_sales.ss_sold_date_sk
 	and store_sales.ss_item_sk = item.i_item_sk
 	and item.i_manager_id = 1
 	and dt.d_moy=11
 	and dt.d_year=1999
 group by 	dt.d_year
 		,item.i_category_id
 		,item.i_category
 order by       sum(ss_ext_sales_price) desc,dt.d_year
 		,item.i_category_id
 		,item.i_category
limit 100 ;
tpcds.42.sh|2024-03-19 23:10:00|2024-03-19 23:10:49|49
select  dt.d_year
 	,item.i_category_id
 	,item.i_category
 	,sum(ss_ext_sales_price)
 from 	date_dim dt
 	,store_sales
 	,item
 where dt.d_date_sk = store_sales.ss_sold_date_sk
 	and store_sales.ss_item_sk = item.i_item_sk
 	and item.i_manager_id = 1
 	and dt.d_moy=11
 	and dt.d_year=1999
 group by 	dt.d_year
 		,item.i_category_id
 		,item.i_category
 order by       sum(ss_ext_sales_price) desc,dt.d_year
 		,item.i_category_id
 		,item.i_category
limit 100 ;
tpcds.42.sh|2024-03-19 23:10:50|2024-03-19 23:11:40|50
select  dt.d_year
 	,item.i_category_id
 	,item.i_category
 	,sum(ss_ext_sales_price)
 from 	date_dim dt
 	,store_sales
 	,item
 where dt.d_date_sk = store_sales.ss_sold_date_sk
 	and store_sales.ss_item_sk = item.i_item_sk
 	and item.i_manager_id = 1
 	and dt.d_moy=11
 	and dt.d_year=1999
 group by 	dt.d_year
 		,item.i_category_id
 		,item.i_category
 order by       sum(ss_ext_sales_price) desc,dt.d_year
 		,item.i_category_id
 		,item.i_category
limit 100 ;
tpcds.42.sh|2024-03-19 23:11:41|2024-03-19 23:12:34|53
select  dt.d_year
 	,item.i_category_id
 	,item.i_category
 	,sum(ss_ext_sales_price)
 from 	date_dim dt
 	,store_sales
 	,item
 where dt.d_date_sk = store_sales.ss_sold_date_sk
 	and store_sales.ss_item_sk = item.i_item_sk
 	and item.i_manager_id = 1
 	and dt.d_moy=11
 	and dt.d_year=1999
 group by 	dt.d_year
 		,item.i_category_id
 		,item.i_category
 order by       sum(ss_ext_sales_price) desc,dt.d_year
 		,item.i_category_id
 		,item.i_category
limit 100 ;
tpcds.42.sh|2024-03-19 23:12:35|2024-03-19 23:13:39|64
select  dt.d_year
 	,item.i_category_id
 	,item.i_category
 	,sum(ss_ext_sales_price)
 from 	date_dim dt
 	,store_sales
 	,item
 where dt.d_date_sk = store_sales.ss_sold_date_sk
 	and store_sales.ss_item_sk = item.i_item_sk
 	and item.i_manager_id = 1
 	and dt.d_moy=11
 	and dt.d_year=1999
 group by 	dt.d_year
 		,item.i_category_id
 		,item.i_category
 order by       sum(ss_ext_sales_price) desc,dt.d_year
 		,item.i_category_id
 		,item.i_category
limit 100 ;
tpcds.42.sh|2024-03-19 23:13:40|2024-03-19 23:14:15|35
select  dt.d_year
 	,item.i_category_id
 	,item.i_category
 	,sum(ss_ext_sales_price)
 from 	date_dim dt
 	,store_sales
 	,item
 where dt.d_date_sk = store_sales.ss_sold_date_sk
 	and store_sales.ss_item_sk = item.i_item_sk
 	and item.i_manager_id = 1
 	and dt.d_moy=11
 	and dt.d_year=1999
 group by 	dt.d_year
 		,item.i_category_id
 		,item.i_category
 order by       sum(ss_ext_sales_price) desc,dt.d_year
 		,item.i_category_id
 		,item.i_category
limit 100 ;
tpcds.42.sh|2024-03-19 23:14:16|2024-03-19 23:14:52|36
select  dt.d_year
 	,item.i_category_id
 	,item.i_category
 	,sum(ss_ext_sales_price)
 from 	date_dim dt
 	,store_sales
 	,item
 where dt.d_date_sk = store_sales.ss_sold_date_sk
 	and store_sales.ss_item_sk = item.i_item_sk
 	and item.i_manager_id = 1
 	and dt.d_moy=11
 	and dt.d_year=1999
 group by 	dt.d_year
 		,item.i_category_id
 		,item.i_category
 order by       sum(ss_ext_sales_price) desc,dt.d_year
 		,item.i_category_id
 		,item.i_category
limit 100 ;
tpcds.42.sh|2024-03-19 23:14:53|2024-03-19 23:15:30|37
select  dt.d_year
 	,item.i_category_id
 	,item.i_category
 	,sum(ss_ext_sales_price)
 from 	date_dim dt
 	,store_sales
 	,item
 where dt.d_date_sk = store_sales.ss_sold_date_sk
 	and store_sales.ss_item_sk = item.i_item_sk
 	and item.i_manager_id = 1
 	and dt.d_moy=11
 	and dt.d_year=1999
 group by 	dt.d_year
 		,item.i_category_id
 		,item.i_category
 order by       sum(ss_ext_sales_price) desc,dt.d_year
 		,item.i_category_id
 		,item.i_category
limit 100 ;
tpcds.42.sh|2024-03-19 23:15:31|2024-03-19 23:16:34|63
select  dt.d_year
 	,item.i_category_id
 	,item.i_category
 	,sum(ss_ext_sales_price)
 from 	date_dim dt
 	,store_sales
 	,item
 where dt.d_date_sk = store_sales.ss_sold_date_sk
 	and store_sales.ss_item_sk = item.i_item_sk
 	and item.i_manager_id = 1
 	and dt.d_moy=11
 	and dt.d_year=1999
 group by 	dt.d_year
 		,item.i_category_id
 		,item.i_category
 order by       sum(ss_ext_sales_price) desc,dt.d_year
 		,item.i_category_id
 		,item.i_category
limit 100 ;
tpcds.42.sh|2024-03-19 23:16:35|2024-03-19 23:17:34|59
select  dt.d_year
 	,item.i_category_id
 	,item.i_category
 	,sum(ss_ext_sales_price)
 from 	date_dim dt
 	,store_sales
 	,item
 where dt.d_date_sk = store_sales.ss_sold_date_sk
 	and store_sales.ss_item_sk = item.i_item_sk
 	and item.i_manager_id = 1
 	and dt.d_moy=11
 	and dt.d_year=1999
 group by 	dt.d_year
 		,item.i_category_id
 		,item.i_category
 order by       sum(ss_ext_sales_price) desc,dt.d_year
 		,item.i_category_id
 		,item.i_category
limit 100 ;
ERROR:  canceling statement due to user request
tpcds.42.sh|2024-03-19 23:17:35|2024-03-19 23:18:09|34
