select  s_store_name, s_store_id,
        sum(case when (d_day_name='Sunday') then ss_sales_price else null end) sun_sales,
        sum(case when (d_day_name='Monday') then ss_sales_price else null end) mon_sales,
        sum(case when (d_day_name='Tuesday') then ss_sales_price else  null end) tue_sales,
        sum(case when (d_day_name='Wednesday') then ss_sales_price else null end) wed_sales,
        sum(case when (d_day_name='Thursday') then ss_sales_price else null end) thu_sales,
        sum(case when (d_day_name='Friday') then ss_sales_price else null end) fri_sales,
        sum(case when (d_day_name='Saturday') then ss_sales_price else null end) sat_sales
 from date_dim, store_sales, store
 where d_date_sk = ss_sold_date_sk and
       s_store_sk = ss_store_sk and
       s_gmt_offset = -6 and
       d_year = 2001
 group by s_store_name, s_store_id
 order by s_store_name, s_store_id,sun_sales,mon_sales,tue_sales,wed_sales,thu_sales,fri_sales,sat_sales
 limit 100;
tpcds.43.sh|2024-04-09 05:53:58|2024-04-09 05:58:38|280
select  s_store_name, s_store_id,
        sum(case when (d_day_name='Sunday') then ss_sales_price else null end) sun_sales,
        sum(case when (d_day_name='Monday') then ss_sales_price else null end) mon_sales,
        sum(case when (d_day_name='Tuesday') then ss_sales_price else  null end) tue_sales,
        sum(case when (d_day_name='Wednesday') then ss_sales_price else null end) wed_sales,
        sum(case when (d_day_name='Thursday') then ss_sales_price else null end) thu_sales,
        sum(case when (d_day_name='Friday') then ss_sales_price else null end) fri_sales,
        sum(case when (d_day_name='Saturday') then ss_sales_price else null end) sat_sales
 from date_dim, store_sales, store
 where d_date_sk = ss_sold_date_sk and
       s_store_sk = ss_store_sk and
       s_gmt_offset = -6 and
       d_year = 2001
 group by s_store_name, s_store_id
 order by s_store_name, s_store_id,sun_sales,mon_sales,tue_sales,wed_sales,thu_sales,fri_sales,sat_sales
 limit 100;
tpcds.43.sh|2024-04-09 05:58:39|2024-04-09 06:03:36|297
select  s_store_name, s_store_id,
        sum(case when (d_day_name='Sunday') then ss_sales_price else null end) sun_sales,
        sum(case when (d_day_name='Monday') then ss_sales_price else null end) mon_sales,
        sum(case when (d_day_name='Tuesday') then ss_sales_price else  null end) tue_sales,
        sum(case when (d_day_name='Wednesday') then ss_sales_price else null end) wed_sales,
        sum(case when (d_day_name='Thursday') then ss_sales_price else null end) thu_sales,
        sum(case when (d_day_name='Friday') then ss_sales_price else null end) fri_sales,
        sum(case when (d_day_name='Saturday') then ss_sales_price else null end) sat_sales
 from date_dim, store_sales, store
 where d_date_sk = ss_sold_date_sk and
       s_store_sk = ss_store_sk and
       s_gmt_offset = -6 and
       d_year = 2001
 group by s_store_name, s_store_id
 order by s_store_name, s_store_id,sun_sales,mon_sales,tue_sales,wed_sales,thu_sales,fri_sales,sat_sales
 limit 100;
tpcds.43.sh|2024-04-09 06:03:37|2024-04-09 06:08:40|303
select  s_store_name, s_store_id,
        sum(case when (d_day_name='Sunday') then ss_sales_price else null end) sun_sales,
        sum(case when (d_day_name='Monday') then ss_sales_price else null end) mon_sales,
        sum(case when (d_day_name='Tuesday') then ss_sales_price else  null end) tue_sales,
        sum(case when (d_day_name='Wednesday') then ss_sales_price else null end) wed_sales,
        sum(case when (d_day_name='Thursday') then ss_sales_price else null end) thu_sales,
        sum(case when (d_day_name='Friday') then ss_sales_price else null end) fri_sales,
        sum(case when (d_day_name='Saturday') then ss_sales_price else null end) sat_sales
 from date_dim, store_sales, store
 where d_date_sk = ss_sold_date_sk and
       s_store_sk = ss_store_sk and
       s_gmt_offset = -6 and
       d_year = 2001
 group by s_store_name, s_store_id
 order by s_store_name, s_store_id,sun_sales,mon_sales,tue_sales,wed_sales,thu_sales,fri_sales,sat_sales
 limit 100;
tpcds.43.sh|2024-04-09 06:08:41|2024-04-09 06:13:36|295
select  s_store_name, s_store_id,
        sum(case when (d_day_name='Sunday') then ss_sales_price else null end) sun_sales,
        sum(case when (d_day_name='Monday') then ss_sales_price else null end) mon_sales,
        sum(case when (d_day_name='Tuesday') then ss_sales_price else  null end) tue_sales,
        sum(case when (d_day_name='Wednesday') then ss_sales_price else null end) wed_sales,
        sum(case when (d_day_name='Thursday') then ss_sales_price else null end) thu_sales,
        sum(case when (d_day_name='Friday') then ss_sales_price else null end) fri_sales,
        sum(case when (d_day_name='Saturday') then ss_sales_price else null end) sat_sales
 from date_dim, store_sales, store
 where d_date_sk = ss_sold_date_sk and
       s_store_sk = ss_store_sk and
       s_gmt_offset = -6 and
       d_year = 2001
 group by s_store_name, s_store_id
 order by s_store_name, s_store_id,sun_sales,mon_sales,tue_sales,wed_sales,thu_sales,fri_sales,sat_sales
 limit 100;
tpcds.43.sh|2024-04-09 06:13:37|2024-04-09 06:18:20|283
select  s_store_name, s_store_id,
        sum(case when (d_day_name='Sunday') then ss_sales_price else null end) sun_sales,
        sum(case when (d_day_name='Monday') then ss_sales_price else null end) mon_sales,
        sum(case when (d_day_name='Tuesday') then ss_sales_price else  null end) tue_sales,
        sum(case when (d_day_name='Wednesday') then ss_sales_price else null end) wed_sales,
        sum(case when (d_day_name='Thursday') then ss_sales_price else null end) thu_sales,
        sum(case when (d_day_name='Friday') then ss_sales_price else null end) fri_sales,
        sum(case when (d_day_name='Saturday') then ss_sales_price else null end) sat_sales
 from date_dim, store_sales, store
 where d_date_sk = ss_sold_date_sk and
       s_store_sk = ss_store_sk and
       s_gmt_offset = -6 and
       d_year = 2001
 group by s_store_name, s_store_id
 order by s_store_name, s_store_id,sun_sales,mon_sales,tue_sales,wed_sales,thu_sales,fri_sales,sat_sales
 limit 100;
tpcds.43.sh|2024-04-09 06:18:21|2024-04-09 06:23:24|303
select  s_store_name, s_store_id,
        sum(case when (d_day_name='Sunday') then ss_sales_price else null end) sun_sales,
        sum(case when (d_day_name='Monday') then ss_sales_price else null end) mon_sales,
        sum(case when (d_day_name='Tuesday') then ss_sales_price else  null end) tue_sales,
        sum(case when (d_day_name='Wednesday') then ss_sales_price else null end) wed_sales,
        sum(case when (d_day_name='Thursday') then ss_sales_price else null end) thu_sales,
        sum(case when (d_day_name='Friday') then ss_sales_price else null end) fri_sales,
        sum(case when (d_day_name='Saturday') then ss_sales_price else null end) sat_sales
 from date_dim, store_sales, store
 where d_date_sk = ss_sold_date_sk and
       s_store_sk = ss_store_sk and
       s_gmt_offset = -6 and
       d_year = 2001
 group by s_store_name, s_store_id
 order by s_store_name, s_store_id,sun_sales,mon_sales,tue_sales,wed_sales,thu_sales,fri_sales,sat_sales
 limit 100;
tpcds.43.sh|2024-04-09 06:23:25|2024-04-09 06:27:59|274
select  s_store_name, s_store_id,
        sum(case when (d_day_name='Sunday') then ss_sales_price else null end) sun_sales,
        sum(case when (d_day_name='Monday') then ss_sales_price else null end) mon_sales,
        sum(case when (d_day_name='Tuesday') then ss_sales_price else  null end) tue_sales,
        sum(case when (d_day_name='Wednesday') then ss_sales_price else null end) wed_sales,
        sum(case when (d_day_name='Thursday') then ss_sales_price else null end) thu_sales,
        sum(case when (d_day_name='Friday') then ss_sales_price else null end) fri_sales,
        sum(case when (d_day_name='Saturday') then ss_sales_price else null end) sat_sales
 from date_dim, store_sales, store
 where d_date_sk = ss_sold_date_sk and
       s_store_sk = ss_store_sk and
       s_gmt_offset = -6 and
       d_year = 2001
 group by s_store_name, s_store_id
 order by s_store_name, s_store_id,sun_sales,mon_sales,tue_sales,wed_sales,thu_sales,fri_sales,sat_sales
 limit 100;
tpcds.43.sh|2024-04-09 06:28:00|2024-04-09 06:31:56|236
select  s_store_name, s_store_id,
        sum(case when (d_day_name='Sunday') then ss_sales_price else null end) sun_sales,
        sum(case when (d_day_name='Monday') then ss_sales_price else null end) mon_sales,
        sum(case when (d_day_name='Tuesday') then ss_sales_price else  null end) tue_sales,
        sum(case when (d_day_name='Wednesday') then ss_sales_price else null end) wed_sales,
        sum(case when (d_day_name='Thursday') then ss_sales_price else null end) thu_sales,
        sum(case when (d_day_name='Friday') then ss_sales_price else null end) fri_sales,
        sum(case when (d_day_name='Saturday') then ss_sales_price else null end) sat_sales
 from date_dim, store_sales, store
 where d_date_sk = ss_sold_date_sk and
       s_store_sk = ss_store_sk and
       s_gmt_offset = -6 and
       d_year = 2001
 group by s_store_name, s_store_id
 order by s_store_name, s_store_id,sun_sales,mon_sales,tue_sales,wed_sales,thu_sales,fri_sales,sat_sales
 limit 100;
tpcds.43.sh|2024-04-09 06:31:57|2024-04-09 06:36:40|283
select  s_store_name, s_store_id,
        sum(case when (d_day_name='Sunday') then ss_sales_price else null end) sun_sales,
        sum(case when (d_day_name='Monday') then ss_sales_price else null end) mon_sales,
        sum(case when (d_day_name='Tuesday') then ss_sales_price else  null end) tue_sales,
        sum(case when (d_day_name='Wednesday') then ss_sales_price else null end) wed_sales,
        sum(case when (d_day_name='Thursday') then ss_sales_price else null end) thu_sales,
        sum(case when (d_day_name='Friday') then ss_sales_price else null end) fri_sales,
        sum(case when (d_day_name='Saturday') then ss_sales_price else null end) sat_sales
 from date_dim, store_sales, store
 where d_date_sk = ss_sold_date_sk and
       s_store_sk = ss_store_sk and
       s_gmt_offset = -6 and
       d_year = 2001
 group by s_store_name, s_store_id
 order by s_store_name, s_store_id,sun_sales,mon_sales,tue_sales,wed_sales,thu_sales,fri_sales,sat_sales
 limit 100;
tpcds.43.sh|2024-04-09 06:36:41|2024-04-09 06:40:47|246
select  s_store_name, s_store_id,
        sum(case when (d_day_name='Sunday') then ss_sales_price else null end) sun_sales,
        sum(case when (d_day_name='Monday') then ss_sales_price else null end) mon_sales,
        sum(case when (d_day_name='Tuesday') then ss_sales_price else  null end) tue_sales,
        sum(case when (d_day_name='Wednesday') then ss_sales_price else null end) wed_sales,
        sum(case when (d_day_name='Thursday') then ss_sales_price else null end) thu_sales,
        sum(case when (d_day_name='Friday') then ss_sales_price else null end) fri_sales,
        sum(case when (d_day_name='Saturday') then ss_sales_price else null end) sat_sales
 from date_dim, store_sales, store
 where d_date_sk = ss_sold_date_sk and
       s_store_sk = ss_store_sk and
       s_gmt_offset = -6 and
       d_year = 2001
 group by s_store_name, s_store_id
 order by s_store_name, s_store_id,sun_sales,mon_sales,tue_sales,wed_sales,thu_sales,fri_sales,sat_sales
 limit 100;
tpcds.43.sh|2024-04-09 06:40:48|2024-04-09 06:45:27|279
select  s_store_name, s_store_id,
        sum(case when (d_day_name='Sunday') then ss_sales_price else null end) sun_sales,
        sum(case when (d_day_name='Monday') then ss_sales_price else null end) mon_sales,
        sum(case when (d_day_name='Tuesday') then ss_sales_price else  null end) tue_sales,
        sum(case when (d_day_name='Wednesday') then ss_sales_price else null end) wed_sales,
        sum(case when (d_day_name='Thursday') then ss_sales_price else null end) thu_sales,
        sum(case when (d_day_name='Friday') then ss_sales_price else null end) fri_sales,
        sum(case when (d_day_name='Saturday') then ss_sales_price else null end) sat_sales
 from date_dim, store_sales, store
 where d_date_sk = ss_sold_date_sk and
       s_store_sk = ss_store_sk and
       s_gmt_offset = -6 and
       d_year = 2001
 group by s_store_name, s_store_id
 order by s_store_name, s_store_id,sun_sales,mon_sales,tue_sales,wed_sales,thu_sales,fri_sales,sat_sales
 limit 100;
tpcds.43.sh|2024-04-09 06:45:28|2024-04-09 06:49:47|259
select  s_store_name, s_store_id,
        sum(case when (d_day_name='Sunday') then ss_sales_price else null end) sun_sales,
        sum(case when (d_day_name='Monday') then ss_sales_price else null end) mon_sales,
        sum(case when (d_day_name='Tuesday') then ss_sales_price else  null end) tue_sales,
        sum(case when (d_day_name='Wednesday') then ss_sales_price else null end) wed_sales,
        sum(case when (d_day_name='Thursday') then ss_sales_price else null end) thu_sales,
        sum(case when (d_day_name='Friday') then ss_sales_price else null end) fri_sales,
        sum(case when (d_day_name='Saturday') then ss_sales_price else null end) sat_sales
 from date_dim, store_sales, store
 where d_date_sk = ss_sold_date_sk and
       s_store_sk = ss_store_sk and
       s_gmt_offset = -6 and
       d_year = 2001
 group by s_store_name, s_store_id
 order by s_store_name, s_store_id,sun_sales,mon_sales,tue_sales,wed_sales,thu_sales,fri_sales,sat_sales
 limit 100;
tpcds.43.sh|2024-04-09 06:49:48|2024-04-09 06:53:41|233
select  s_store_name, s_store_id,
        sum(case when (d_day_name='Sunday') then ss_sales_price else null end) sun_sales,
        sum(case when (d_day_name='Monday') then ss_sales_price else null end) mon_sales,
        sum(case when (d_day_name='Tuesday') then ss_sales_price else  null end) tue_sales,
        sum(case when (d_day_name='Wednesday') then ss_sales_price else null end) wed_sales,
        sum(case when (d_day_name='Thursday') then ss_sales_price else null end) thu_sales,
        sum(case when (d_day_name='Friday') then ss_sales_price else null end) fri_sales,
        sum(case when (d_day_name='Saturday') then ss_sales_price else null end) sat_sales
 from date_dim, store_sales, store
 where d_date_sk = ss_sold_date_sk and
       s_store_sk = ss_store_sk and
       s_gmt_offset = -6 and
       d_year = 2001
 group by s_store_name, s_store_id
 order by s_store_name, s_store_id,sun_sales,mon_sales,tue_sales,wed_sales,thu_sales,fri_sales,sat_sales
 limit 100;
tpcds.43.sh|2024-04-09 06:53:42|2024-04-09 06:58:09|267
select  s_store_name, s_store_id,
        sum(case when (d_day_name='Sunday') then ss_sales_price else null end) sun_sales,
        sum(case when (d_day_name='Monday') then ss_sales_price else null end) mon_sales,
        sum(case when (d_day_name='Tuesday') then ss_sales_price else  null end) tue_sales,
        sum(case when (d_day_name='Wednesday') then ss_sales_price else null end) wed_sales,
        sum(case when (d_day_name='Thursday') then ss_sales_price else null end) thu_sales,
        sum(case when (d_day_name='Friday') then ss_sales_price else null end) fri_sales,
        sum(case when (d_day_name='Saturday') then ss_sales_price else null end) sat_sales
 from date_dim, store_sales, store
 where d_date_sk = ss_sold_date_sk and
       s_store_sk = ss_store_sk and
       s_gmt_offset = -6 and
       d_year = 2001
 group by s_store_name, s_store_id
 order by s_store_name, s_store_id,sun_sales,mon_sales,tue_sales,wed_sales,thu_sales,fri_sales,sat_sales
 limit 100;
tpcds.43.sh|2024-04-09 06:58:10|2024-04-09 07:02:27|257
select  s_store_name, s_store_id,
        sum(case when (d_day_name='Sunday') then ss_sales_price else null end) sun_sales,
        sum(case when (d_day_name='Monday') then ss_sales_price else null end) mon_sales,
        sum(case when (d_day_name='Tuesday') then ss_sales_price else  null end) tue_sales,
        sum(case when (d_day_name='Wednesday') then ss_sales_price else null end) wed_sales,
        sum(case when (d_day_name='Thursday') then ss_sales_price else null end) thu_sales,
        sum(case when (d_day_name='Friday') then ss_sales_price else null end) fri_sales,
        sum(case when (d_day_name='Saturday') then ss_sales_price else null end) sat_sales
 from date_dim, store_sales, store
 where d_date_sk = ss_sold_date_sk and
       s_store_sk = ss_store_sk and
       s_gmt_offset = -6 and
       d_year = 2001
 group by s_store_name, s_store_id
 order by s_store_name, s_store_id,sun_sales,mon_sales,tue_sales,wed_sales,thu_sales,fri_sales,sat_sales
 limit 100;
tpcds.43.sh|2024-04-09 07:02:28|2024-04-09 07:06:47|259
select  s_store_name, s_store_id,
        sum(case when (d_day_name='Sunday') then ss_sales_price else null end) sun_sales,
        sum(case when (d_day_name='Monday') then ss_sales_price else null end) mon_sales,
        sum(case when (d_day_name='Tuesday') then ss_sales_price else  null end) tue_sales,
        sum(case when (d_day_name='Wednesday') then ss_sales_price else null end) wed_sales,
        sum(case when (d_day_name='Thursday') then ss_sales_price else null end) thu_sales,
        sum(case when (d_day_name='Friday') then ss_sales_price else null end) fri_sales,
        sum(case when (d_day_name='Saturday') then ss_sales_price else null end) sat_sales
 from date_dim, store_sales, store
 where d_date_sk = ss_sold_date_sk and
       s_store_sk = ss_store_sk and
       s_gmt_offset = -6 and
       d_year = 2001
 group by s_store_name, s_store_id
 order by s_store_name, s_store_id,sun_sales,mon_sales,tue_sales,wed_sales,thu_sales,fri_sales,sat_sales
 limit 100;
tpcds.43.sh|2024-04-09 07:06:48|2024-04-09 07:11:35|287
select  s_store_name, s_store_id,
        sum(case when (d_day_name='Sunday') then ss_sales_price else null end) sun_sales,
        sum(case when (d_day_name='Monday') then ss_sales_price else null end) mon_sales,
        sum(case when (d_day_name='Tuesday') then ss_sales_price else  null end) tue_sales,
        sum(case when (d_day_name='Wednesday') then ss_sales_price else null end) wed_sales,
        sum(case when (d_day_name='Thursday') then ss_sales_price else null end) thu_sales,
        sum(case when (d_day_name='Friday') then ss_sales_price else null end) fri_sales,
        sum(case when (d_day_name='Saturday') then ss_sales_price else null end) sat_sales
 from date_dim, store_sales, store
 where d_date_sk = ss_sold_date_sk and
       s_store_sk = ss_store_sk and
       s_gmt_offset = -6 and
       d_year = 2001
 group by s_store_name, s_store_id
 order by s_store_name, s_store_id,sun_sales,mon_sales,tue_sales,wed_sales,thu_sales,fri_sales,sat_sales
 limit 100;
tpcds.43.sh|2024-04-09 07:11:36|2024-04-09 07:14:49|193
select  s_store_name, s_store_id,
        sum(case when (d_day_name='Sunday') then ss_sales_price else null end) sun_sales,
        sum(case when (d_day_name='Monday') then ss_sales_price else null end) mon_sales,
        sum(case when (d_day_name='Tuesday') then ss_sales_price else  null end) tue_sales,
        sum(case when (d_day_name='Wednesday') then ss_sales_price else null end) wed_sales,
        sum(case when (d_day_name='Thursday') then ss_sales_price else null end) thu_sales,
        sum(case when (d_day_name='Friday') then ss_sales_price else null end) fri_sales,
        sum(case when (d_day_name='Saturday') then ss_sales_price else null end) sat_sales
 from date_dim, store_sales, store
 where d_date_sk = ss_sold_date_sk and
       s_store_sk = ss_store_sk and
       s_gmt_offset = -6 and
       d_year = 2001
 group by s_store_name, s_store_id
 order by s_store_name, s_store_id,sun_sales,mon_sales,tue_sales,wed_sales,thu_sales,fri_sales,sat_sales
 limit 100;
tpcds.43.sh|2024-04-09 07:14:50|2024-04-09 07:19:25|275
select  s_store_name, s_store_id,
        sum(case when (d_day_name='Sunday') then ss_sales_price else null end) sun_sales,
        sum(case when (d_day_name='Monday') then ss_sales_price else null end) mon_sales,
        sum(case when (d_day_name='Tuesday') then ss_sales_price else  null end) tue_sales,
        sum(case when (d_day_name='Wednesday') then ss_sales_price else null end) wed_sales,
        sum(case when (d_day_name='Thursday') then ss_sales_price else null end) thu_sales,
        sum(case when (d_day_name='Friday') then ss_sales_price else null end) fri_sales,
        sum(case when (d_day_name='Saturday') then ss_sales_price else null end) sat_sales
 from date_dim, store_sales, store
 where d_date_sk = ss_sold_date_sk and
       s_store_sk = ss_store_sk and
       s_gmt_offset = -6 and
       d_year = 2001
 group by s_store_name, s_store_id
 order by s_store_name, s_store_id,sun_sales,mon_sales,tue_sales,wed_sales,thu_sales,fri_sales,sat_sales
 limit 100;
tpcds.43.sh|2024-04-09 07:19:26|2024-04-09 07:24:06|280
select  s_store_name, s_store_id,
        sum(case when (d_day_name='Sunday') then ss_sales_price else null end) sun_sales,
        sum(case when (d_day_name='Monday') then ss_sales_price else null end) mon_sales,
        sum(case when (d_day_name='Tuesday') then ss_sales_price else  null end) tue_sales,
        sum(case when (d_day_name='Wednesday') then ss_sales_price else null end) wed_sales,
        sum(case when (d_day_name='Thursday') then ss_sales_price else null end) thu_sales,
        sum(case when (d_day_name='Friday') then ss_sales_price else null end) fri_sales,
        sum(case when (d_day_name='Saturday') then ss_sales_price else null end) sat_sales
 from date_dim, store_sales, store
 where d_date_sk = ss_sold_date_sk and
       s_store_sk = ss_store_sk and
       s_gmt_offset = -6 and
       d_year = 2001
 group by s_store_name, s_store_id
 order by s_store_name, s_store_id,sun_sales,mon_sales,tue_sales,wed_sales,thu_sales,fri_sales,sat_sales
 limit 100;
tpcds.43.sh|2024-04-09 07:24:07|2024-04-09 07:28:32|265
select  s_store_name, s_store_id,
        sum(case when (d_day_name='Sunday') then ss_sales_price else null end) sun_sales,
        sum(case when (d_day_name='Monday') then ss_sales_price else null end) mon_sales,
        sum(case when (d_day_name='Tuesday') then ss_sales_price else  null end) tue_sales,
        sum(case when (d_day_name='Wednesday') then ss_sales_price else null end) wed_sales,
        sum(case when (d_day_name='Thursday') then ss_sales_price else null end) thu_sales,
        sum(case when (d_day_name='Friday') then ss_sales_price else null end) fri_sales,
        sum(case when (d_day_name='Saturday') then ss_sales_price else null end) sat_sales
 from date_dim, store_sales, store
 where d_date_sk = ss_sold_date_sk and
       s_store_sk = ss_store_sk and
       s_gmt_offset = -6 and
       d_year = 2001
 group by s_store_name, s_store_id
 order by s_store_name, s_store_id,sun_sales,mon_sales,tue_sales,wed_sales,thu_sales,fri_sales,sat_sales
 limit 100;
tpcds.43.sh|2024-04-09 07:28:33|2024-04-09 07:33:12|279
select  s_store_name, s_store_id,
        sum(case when (d_day_name='Sunday') then ss_sales_price else null end) sun_sales,
        sum(case when (d_day_name='Monday') then ss_sales_price else null end) mon_sales,
        sum(case when (d_day_name='Tuesday') then ss_sales_price else  null end) tue_sales,
        sum(case when (d_day_name='Wednesday') then ss_sales_price else null end) wed_sales,
        sum(case when (d_day_name='Thursday') then ss_sales_price else null end) thu_sales,
        sum(case when (d_day_name='Friday') then ss_sales_price else null end) fri_sales,
        sum(case when (d_day_name='Saturday') then ss_sales_price else null end) sat_sales
 from date_dim, store_sales, store
 where d_date_sk = ss_sold_date_sk and
       s_store_sk = ss_store_sk and
       s_gmt_offset = -6 and
       d_year = 2001
 group by s_store_name, s_store_id
 order by s_store_name, s_store_id,sun_sales,mon_sales,tue_sales,wed_sales,thu_sales,fri_sales,sat_sales
 limit 100;
tpcds.43.sh|2024-04-09 07:33:13|2024-04-09 07:37:33|260
select  s_store_name, s_store_id,
        sum(case when (d_day_name='Sunday') then ss_sales_price else null end) sun_sales,
        sum(case when (d_day_name='Monday') then ss_sales_price else null end) mon_sales,
        sum(case when (d_day_name='Tuesday') then ss_sales_price else  null end) tue_sales,
        sum(case when (d_day_name='Wednesday') then ss_sales_price else null end) wed_sales,
        sum(case when (d_day_name='Thursday') then ss_sales_price else null end) thu_sales,
        sum(case when (d_day_name='Friday') then ss_sales_price else null end) fri_sales,
        sum(case when (d_day_name='Saturday') then ss_sales_price else null end) sat_sales
 from date_dim, store_sales, store
 where d_date_sk = ss_sold_date_sk and
       s_store_sk = ss_store_sk and
       s_gmt_offset = -6 and
       d_year = 2001
 group by s_store_name, s_store_id
 order by s_store_name, s_store_id,sun_sales,mon_sales,tue_sales,wed_sales,thu_sales,fri_sales,sat_sales
 limit 100;
tpcds.43.sh|2024-04-09 07:37:34|2024-04-09 07:42:29|295
select  s_store_name, s_store_id,
        sum(case when (d_day_name='Sunday') then ss_sales_price else null end) sun_sales,
        sum(case when (d_day_name='Monday') then ss_sales_price else null end) mon_sales,
        sum(case when (d_day_name='Tuesday') then ss_sales_price else  null end) tue_sales,
        sum(case when (d_day_name='Wednesday') then ss_sales_price else null end) wed_sales,
        sum(case when (d_day_name='Thursday') then ss_sales_price else null end) thu_sales,
        sum(case when (d_day_name='Friday') then ss_sales_price else null end) fri_sales,
        sum(case when (d_day_name='Saturday') then ss_sales_price else null end) sat_sales
 from date_dim, store_sales, store
 where d_date_sk = ss_sold_date_sk and
       s_store_sk = ss_store_sk and
       s_gmt_offset = -6 and
       d_year = 2001
 group by s_store_name, s_store_id
 order by s_store_name, s_store_id,sun_sales,mon_sales,tue_sales,wed_sales,thu_sales,fri_sales,sat_sales
 limit 100;
tpcds.43.sh|2024-04-09 07:42:30|2024-04-09 07:46:07|217
select  s_store_name, s_store_id,
        sum(case when (d_day_name='Sunday') then ss_sales_price else null end) sun_sales,
        sum(case when (d_day_name='Monday') then ss_sales_price else null end) mon_sales,
        sum(case when (d_day_name='Tuesday') then ss_sales_price else  null end) tue_sales,
        sum(case when (d_day_name='Wednesday') then ss_sales_price else null end) wed_sales,
        sum(case when (d_day_name='Thursday') then ss_sales_price else null end) thu_sales,
        sum(case when (d_day_name='Friday') then ss_sales_price else null end) fri_sales,
        sum(case when (d_day_name='Saturday') then ss_sales_price else null end) sat_sales
 from date_dim, store_sales, store
 where d_date_sk = ss_sold_date_sk and
       s_store_sk = ss_store_sk and
       s_gmt_offset = -6 and
       d_year = 2001
 group by s_store_name, s_store_id
 order by s_store_name, s_store_id,sun_sales,mon_sales,tue_sales,wed_sales,thu_sales,fri_sales,sat_sales
 limit 100;
tpcds.43.sh|2024-04-09 07:46:08|2024-04-09 07:50:30|262
select  s_store_name, s_store_id,
        sum(case when (d_day_name='Sunday') then ss_sales_price else null end) sun_sales,
        sum(case when (d_day_name='Monday') then ss_sales_price else null end) mon_sales,
        sum(case when (d_day_name='Tuesday') then ss_sales_price else  null end) tue_sales,
        sum(case when (d_day_name='Wednesday') then ss_sales_price else null end) wed_sales,
        sum(case when (d_day_name='Thursday') then ss_sales_price else null end) thu_sales,
        sum(case when (d_day_name='Friday') then ss_sales_price else null end) fri_sales,
        sum(case when (d_day_name='Saturday') then ss_sales_price else null end) sat_sales
 from date_dim, store_sales, store
 where d_date_sk = ss_sold_date_sk and
       s_store_sk = ss_store_sk and
       s_gmt_offset = -6 and
       d_year = 2001
 group by s_store_name, s_store_id
 order by s_store_name, s_store_id,sun_sales,mon_sales,tue_sales,wed_sales,thu_sales,fri_sales,sat_sales
 limit 100;
ERROR:  canceling statement due to user request
tpcds.43.sh|2024-04-09 07:50:31|2024-04-09 07:54:10|219
