select  i_item_id,
        ca_country,
        ca_state,
        ca_county,
        avg( cast(cs_quantity as numeric(12,2))) agg1,
        avg( cast(cs_list_price as numeric(12,2))) agg2,
        avg( cast(cs_coupon_amt as numeric(12,2))) agg3,
        avg( cast(cs_sales_price as numeric(12,2))) agg4,
        avg( cast(cs_net_profit as numeric(12,2))) agg5,
        avg( cast(c_birth_year as numeric(12,2))) agg6,
        avg( cast(cd1.cd_dep_count as numeric(12,2))) agg7
 from catalog_sales, customer_demographics cd1,
      customer_demographics cd2, customer, customer_address, date_dim, item
 where cs_sold_date_sk = d_date_sk and
       cs_item_sk = i_item_sk and
       cs_bill_cdemo_sk = cd1.cd_demo_sk and
       cs_bill_customer_sk = c_customer_sk and
       cd1.cd_gender = 'M' and
       cd1.cd_education_status = 'Primary' and
       c_current_cdemo_sk = cd2.cd_demo_sk and
       c_current_addr_sk = ca_address_sk and
       c_birth_month in (3,2,4,9,11,6) and
       d_year = 2000 and
       ca_state in ('SC','ME','KY'
                   ,'LA','NY','MS','VT')
 group by rollup (i_item_id, ca_country, ca_state, ca_county)
 order by ca_country,
        ca_state,
        ca_county,
i_item_id
 limit 100;
tpcds.18.sh|2024-03-19 21:18:04|2024-03-19 21:24:55|411
select  i_item_id,
        ca_country,
        ca_state,
        ca_county,
        avg( cast(cs_quantity as numeric(12,2))) agg1,
        avg( cast(cs_list_price as numeric(12,2))) agg2,
        avg( cast(cs_coupon_amt as numeric(12,2))) agg3,
        avg( cast(cs_sales_price as numeric(12,2))) agg4,
        avg( cast(cs_net_profit as numeric(12,2))) agg5,
        avg( cast(c_birth_year as numeric(12,2))) agg6,
        avg( cast(cd1.cd_dep_count as numeric(12,2))) agg7
 from catalog_sales, customer_demographics cd1,
      customer_demographics cd2, customer, customer_address, date_dim, item
 where cs_sold_date_sk = d_date_sk and
       cs_item_sk = i_item_sk and
       cs_bill_cdemo_sk = cd1.cd_demo_sk and
       cs_bill_customer_sk = c_customer_sk and
       cd1.cd_gender = 'M' and
       cd1.cd_education_status = 'Primary' and
       c_current_cdemo_sk = cd2.cd_demo_sk and
       c_current_addr_sk = ca_address_sk and
       c_birth_month in (3,2,4,9,11,6) and
       d_year = 2000 and
       ca_state in ('SC','ME','KY'
                   ,'LA','NY','MS','VT')
 group by rollup (i_item_id, ca_country, ca_state, ca_county)
 order by ca_country,
        ca_state,
        ca_county,
i_item_id
 limit 100;
tpcds.18.sh|2024-03-19 21:24:56|2024-03-19 21:31:02|366
select  i_item_id,
        ca_country,
        ca_state,
        ca_county,
        avg( cast(cs_quantity as numeric(12,2))) agg1,
        avg( cast(cs_list_price as numeric(12,2))) agg2,
        avg( cast(cs_coupon_amt as numeric(12,2))) agg3,
        avg( cast(cs_sales_price as numeric(12,2))) agg4,
        avg( cast(cs_net_profit as numeric(12,2))) agg5,
        avg( cast(c_birth_year as numeric(12,2))) agg6,
        avg( cast(cd1.cd_dep_count as numeric(12,2))) agg7
 from catalog_sales, customer_demographics cd1,
      customer_demographics cd2, customer, customer_address, date_dim, item
 where cs_sold_date_sk = d_date_sk and
       cs_item_sk = i_item_sk and
       cs_bill_cdemo_sk = cd1.cd_demo_sk and
       cs_bill_customer_sk = c_customer_sk and
       cd1.cd_gender = 'M' and
       cd1.cd_education_status = 'Primary' and
       c_current_cdemo_sk = cd2.cd_demo_sk and
       c_current_addr_sk = ca_address_sk and
       c_birth_month in (3,2,4,9,11,6) and
       d_year = 2000 and
       ca_state in ('SC','ME','KY'
                   ,'LA','NY','MS','VT')
 group by rollup (i_item_id, ca_country, ca_state, ca_county)
 order by ca_country,
        ca_state,
        ca_county,
i_item_id
 limit 100;
tpcds.18.sh|2024-03-19 21:31:03|2024-03-19 21:36:13|310
select  i_item_id,
        ca_country,
        ca_state,
        ca_county,
        avg( cast(cs_quantity as numeric(12,2))) agg1,
        avg( cast(cs_list_price as numeric(12,2))) agg2,
        avg( cast(cs_coupon_amt as numeric(12,2))) agg3,
        avg( cast(cs_sales_price as numeric(12,2))) agg4,
        avg( cast(cs_net_profit as numeric(12,2))) agg5,
        avg( cast(c_birth_year as numeric(12,2))) agg6,
        avg( cast(cd1.cd_dep_count as numeric(12,2))) agg7
 from catalog_sales, customer_demographics cd1,
      customer_demographics cd2, customer, customer_address, date_dim, item
 where cs_sold_date_sk = d_date_sk and
       cs_item_sk = i_item_sk and
       cs_bill_cdemo_sk = cd1.cd_demo_sk and
       cs_bill_customer_sk = c_customer_sk and
       cd1.cd_gender = 'M' and
       cd1.cd_education_status = 'Primary' and
       c_current_cdemo_sk = cd2.cd_demo_sk and
       c_current_addr_sk = ca_address_sk and
       c_birth_month in (3,2,4,9,11,6) and
       d_year = 2000 and
       ca_state in ('SC','ME','KY'
                   ,'LA','NY','MS','VT')
 group by rollup (i_item_id, ca_country, ca_state, ca_county)
 order by ca_country,
        ca_state,
        ca_county,
i_item_id
 limit 100;
tpcds.18.sh|2024-03-19 21:36:14|2024-03-19 21:42:24|370
select  i_item_id,
        ca_country,
        ca_state,
        ca_county,
        avg( cast(cs_quantity as numeric(12,2))) agg1,
        avg( cast(cs_list_price as numeric(12,2))) agg2,
        avg( cast(cs_coupon_amt as numeric(12,2))) agg3,
        avg( cast(cs_sales_price as numeric(12,2))) agg4,
        avg( cast(cs_net_profit as numeric(12,2))) agg5,
        avg( cast(c_birth_year as numeric(12,2))) agg6,
        avg( cast(cd1.cd_dep_count as numeric(12,2))) agg7
 from catalog_sales, customer_demographics cd1,
      customer_demographics cd2, customer, customer_address, date_dim, item
 where cs_sold_date_sk = d_date_sk and
       cs_item_sk = i_item_sk and
       cs_bill_cdemo_sk = cd1.cd_demo_sk and
       cs_bill_customer_sk = c_customer_sk and
       cd1.cd_gender = 'M' and
       cd1.cd_education_status = 'Primary' and
       c_current_cdemo_sk = cd2.cd_demo_sk and
       c_current_addr_sk = ca_address_sk and
       c_birth_month in (3,2,4,9,11,6) and
       d_year = 2000 and
       ca_state in ('SC','ME','KY'
                   ,'LA','NY','MS','VT')
 group by rollup (i_item_id, ca_country, ca_state, ca_county)
 order by ca_country,
        ca_state,
        ca_county,
i_item_id
 limit 100;
tpcds.18.sh|2024-03-19 21:42:25|2024-03-19 21:49:08|403
select  i_item_id,
        ca_country,
        ca_state,
        ca_county,
        avg( cast(cs_quantity as numeric(12,2))) agg1,
        avg( cast(cs_list_price as numeric(12,2))) agg2,
        avg( cast(cs_coupon_amt as numeric(12,2))) agg3,
        avg( cast(cs_sales_price as numeric(12,2))) agg4,
        avg( cast(cs_net_profit as numeric(12,2))) agg5,
        avg( cast(c_birth_year as numeric(12,2))) agg6,
        avg( cast(cd1.cd_dep_count as numeric(12,2))) agg7
 from catalog_sales, customer_demographics cd1,
      customer_demographics cd2, customer, customer_address, date_dim, item
 where cs_sold_date_sk = d_date_sk and
       cs_item_sk = i_item_sk and
       cs_bill_cdemo_sk = cd1.cd_demo_sk and
       cs_bill_customer_sk = c_customer_sk and
       cd1.cd_gender = 'M' and
       cd1.cd_education_status = 'Primary' and
       c_current_cdemo_sk = cd2.cd_demo_sk and
       c_current_addr_sk = ca_address_sk and
       c_birth_month in (3,2,4,9,11,6) and
       d_year = 2000 and
       ca_state in ('SC','ME','KY'
                   ,'LA','NY','MS','VT')
 group by rollup (i_item_id, ca_country, ca_state, ca_county)
 order by ca_country,
        ca_state,
        ca_county,
i_item_id
 limit 100;
tpcds.18.sh|2024-03-19 21:49:09|2024-03-19 21:54:34|325
select  i_item_id,
        ca_country,
        ca_state,
        ca_county,
        avg( cast(cs_quantity as numeric(12,2))) agg1,
        avg( cast(cs_list_price as numeric(12,2))) agg2,
        avg( cast(cs_coupon_amt as numeric(12,2))) agg3,
        avg( cast(cs_sales_price as numeric(12,2))) agg4,
        avg( cast(cs_net_profit as numeric(12,2))) agg5,
        avg( cast(c_birth_year as numeric(12,2))) agg6,
        avg( cast(cd1.cd_dep_count as numeric(12,2))) agg7
 from catalog_sales, customer_demographics cd1,
      customer_demographics cd2, customer, customer_address, date_dim, item
 where cs_sold_date_sk = d_date_sk and
       cs_item_sk = i_item_sk and
       cs_bill_cdemo_sk = cd1.cd_demo_sk and
       cs_bill_customer_sk = c_customer_sk and
       cd1.cd_gender = 'M' and
       cd1.cd_education_status = 'Primary' and
       c_current_cdemo_sk = cd2.cd_demo_sk and
       c_current_addr_sk = ca_address_sk and
       c_birth_month in (3,2,4,9,11,6) and
       d_year = 2000 and
       ca_state in ('SC','ME','KY'
                   ,'LA','NY','MS','VT')
 group by rollup (i_item_id, ca_country, ca_state, ca_county)
 order by ca_country,
        ca_state,
        ca_county,
i_item_id
 limit 100;
tpcds.18.sh|2024-03-19 21:54:35|2024-03-19 22:00:22|347
select  i_item_id,
        ca_country,
        ca_state,
        ca_county,
        avg( cast(cs_quantity as numeric(12,2))) agg1,
        avg( cast(cs_list_price as numeric(12,2))) agg2,
        avg( cast(cs_coupon_amt as numeric(12,2))) agg3,
        avg( cast(cs_sales_price as numeric(12,2))) agg4,
        avg( cast(cs_net_profit as numeric(12,2))) agg5,
        avg( cast(c_birth_year as numeric(12,2))) agg6,
        avg( cast(cd1.cd_dep_count as numeric(12,2))) agg7
 from catalog_sales, customer_demographics cd1,
      customer_demographics cd2, customer, customer_address, date_dim, item
 where cs_sold_date_sk = d_date_sk and
       cs_item_sk = i_item_sk and
       cs_bill_cdemo_sk = cd1.cd_demo_sk and
       cs_bill_customer_sk = c_customer_sk and
       cd1.cd_gender = 'M' and
       cd1.cd_education_status = 'Primary' and
       c_current_cdemo_sk = cd2.cd_demo_sk and
       c_current_addr_sk = ca_address_sk and
       c_birth_month in (3,2,4,9,11,6) and
       d_year = 2000 and
       ca_state in ('SC','ME','KY'
                   ,'LA','NY','MS','VT')
 group by rollup (i_item_id, ca_country, ca_state, ca_county)
 order by ca_country,
        ca_state,
        ca_county,
i_item_id
 limit 100;
tpcds.18.sh|2024-03-19 22:00:23|2024-03-19 22:07:16|413
select  i_item_id,
        ca_country,
        ca_state,
        ca_county,
        avg( cast(cs_quantity as numeric(12,2))) agg1,
        avg( cast(cs_list_price as numeric(12,2))) agg2,
        avg( cast(cs_coupon_amt as numeric(12,2))) agg3,
        avg( cast(cs_sales_price as numeric(12,2))) agg4,
        avg( cast(cs_net_profit as numeric(12,2))) agg5,
        avg( cast(c_birth_year as numeric(12,2))) agg6,
        avg( cast(cd1.cd_dep_count as numeric(12,2))) agg7
 from catalog_sales, customer_demographics cd1,
      customer_demographics cd2, customer, customer_address, date_dim, item
 where cs_sold_date_sk = d_date_sk and
       cs_item_sk = i_item_sk and
       cs_bill_cdemo_sk = cd1.cd_demo_sk and
       cs_bill_customer_sk = c_customer_sk and
       cd1.cd_gender = 'M' and
       cd1.cd_education_status = 'Primary' and
       c_current_cdemo_sk = cd2.cd_demo_sk and
       c_current_addr_sk = ca_address_sk and
       c_birth_month in (3,2,4,9,11,6) and
       d_year = 2000 and
       ca_state in ('SC','ME','KY'
                   ,'LA','NY','MS','VT')
 group by rollup (i_item_id, ca_country, ca_state, ca_county)
 order by ca_country,
        ca_state,
        ca_county,
i_item_id
 limit 100;
tpcds.18.sh|2024-03-19 22:07:17|2024-03-19 22:11:37|260
select  i_item_id,
        ca_country,
        ca_state,
        ca_county,
        avg( cast(cs_quantity as numeric(12,2))) agg1,
        avg( cast(cs_list_price as numeric(12,2))) agg2,
        avg( cast(cs_coupon_amt as numeric(12,2))) agg3,
        avg( cast(cs_sales_price as numeric(12,2))) agg4,
        avg( cast(cs_net_profit as numeric(12,2))) agg5,
        avg( cast(c_birth_year as numeric(12,2))) agg6,
        avg( cast(cd1.cd_dep_count as numeric(12,2))) agg7
 from catalog_sales, customer_demographics cd1,
      customer_demographics cd2, customer, customer_address, date_dim, item
 where cs_sold_date_sk = d_date_sk and
       cs_item_sk = i_item_sk and
       cs_bill_cdemo_sk = cd1.cd_demo_sk and
       cs_bill_customer_sk = c_customer_sk and
       cd1.cd_gender = 'M' and
       cd1.cd_education_status = 'Primary' and
       c_current_cdemo_sk = cd2.cd_demo_sk and
       c_current_addr_sk = ca_address_sk and
       c_birth_month in (3,2,4,9,11,6) and
       d_year = 2000 and
       ca_state in ('SC','ME','KY'
                   ,'LA','NY','MS','VT')
 group by rollup (i_item_id, ca_country, ca_state, ca_county)
 order by ca_country,
        ca_state,
        ca_county,
i_item_id
 limit 100;
tpcds.18.sh|2024-03-19 22:11:38|2024-03-19 22:19:10|452
select  i_item_id,
        ca_country,
        ca_state,
        ca_county,
        avg( cast(cs_quantity as numeric(12,2))) agg1,
        avg( cast(cs_list_price as numeric(12,2))) agg2,
        avg( cast(cs_coupon_amt as numeric(12,2))) agg3,
        avg( cast(cs_sales_price as numeric(12,2))) agg4,
        avg( cast(cs_net_profit as numeric(12,2))) agg5,
        avg( cast(c_birth_year as numeric(12,2))) agg6,
        avg( cast(cd1.cd_dep_count as numeric(12,2))) agg7
 from catalog_sales, customer_demographics cd1,
      customer_demographics cd2, customer, customer_address, date_dim, item
 where cs_sold_date_sk = d_date_sk and
       cs_item_sk = i_item_sk and
       cs_bill_cdemo_sk = cd1.cd_demo_sk and
       cs_bill_customer_sk = c_customer_sk and
       cd1.cd_gender = 'M' and
       cd1.cd_education_status = 'Primary' and
       c_current_cdemo_sk = cd2.cd_demo_sk and
       c_current_addr_sk = ca_address_sk and
       c_birth_month in (3,2,4,9,11,6) and
       d_year = 2000 and
       ca_state in ('SC','ME','KY'
                   ,'LA','NY','MS','VT')
 group by rollup (i_item_id, ca_country, ca_state, ca_county)
 order by ca_country,
        ca_state,
        ca_county,
i_item_id
 limit 100;
tpcds.18.sh|2024-03-19 22:19:11|2024-03-19 22:25:31|380
select  i_item_id,
        ca_country,
        ca_state,
        ca_county,
        avg( cast(cs_quantity as numeric(12,2))) agg1,
        avg( cast(cs_list_price as numeric(12,2))) agg2,
        avg( cast(cs_coupon_amt as numeric(12,2))) agg3,
        avg( cast(cs_sales_price as numeric(12,2))) agg4,
        avg( cast(cs_net_profit as numeric(12,2))) agg5,
        avg( cast(c_birth_year as numeric(12,2))) agg6,
        avg( cast(cd1.cd_dep_count as numeric(12,2))) agg7
 from catalog_sales, customer_demographics cd1,
      customer_demographics cd2, customer, customer_address, date_dim, item
 where cs_sold_date_sk = d_date_sk and
       cs_item_sk = i_item_sk and
       cs_bill_cdemo_sk = cd1.cd_demo_sk and
       cs_bill_customer_sk = c_customer_sk and
       cd1.cd_gender = 'M' and
       cd1.cd_education_status = 'Primary' and
       c_current_cdemo_sk = cd2.cd_demo_sk and
       c_current_addr_sk = ca_address_sk and
       c_birth_month in (3,2,4,9,11,6) and
       d_year = 2000 and
       ca_state in ('SC','ME','KY'
                   ,'LA','NY','MS','VT')
 group by rollup (i_item_id, ca_country, ca_state, ca_county)
 order by ca_country,
        ca_state,
        ca_county,
i_item_id
 limit 100;
tpcds.18.sh|2024-03-19 22:25:32|2024-03-19 22:28:55|203
select  i_item_id,
        ca_country,
        ca_state,
        ca_county,
        avg( cast(cs_quantity as numeric(12,2))) agg1,
        avg( cast(cs_list_price as numeric(12,2))) agg2,
        avg( cast(cs_coupon_amt as numeric(12,2))) agg3,
        avg( cast(cs_sales_price as numeric(12,2))) agg4,
        avg( cast(cs_net_profit as numeric(12,2))) agg5,
        avg( cast(c_birth_year as numeric(12,2))) agg6,
        avg( cast(cd1.cd_dep_count as numeric(12,2))) agg7
 from catalog_sales, customer_demographics cd1,
      customer_demographics cd2, customer, customer_address, date_dim, item
 where cs_sold_date_sk = d_date_sk and
       cs_item_sk = i_item_sk and
       cs_bill_cdemo_sk = cd1.cd_demo_sk and
       cs_bill_customer_sk = c_customer_sk and
       cd1.cd_gender = 'M' and
       cd1.cd_education_status = 'Primary' and
       c_current_cdemo_sk = cd2.cd_demo_sk and
       c_current_addr_sk = ca_address_sk and
       c_birth_month in (3,2,4,9,11,6) and
       d_year = 2000 and
       ca_state in ('SC','ME','KY'
                   ,'LA','NY','MS','VT')
 group by rollup (i_item_id, ca_country, ca_state, ca_county)
 order by ca_country,
        ca_state,
        ca_county,
i_item_id
 limit 100;
tpcds.18.sh|2024-03-19 22:28:56|2024-03-19 22:36:06|430
select  i_item_id,
        ca_country,
        ca_state,
        ca_county,
        avg( cast(cs_quantity as numeric(12,2))) agg1,
        avg( cast(cs_list_price as numeric(12,2))) agg2,
        avg( cast(cs_coupon_amt as numeric(12,2))) agg3,
        avg( cast(cs_sales_price as numeric(12,2))) agg4,
        avg( cast(cs_net_profit as numeric(12,2))) agg5,
        avg( cast(c_birth_year as numeric(12,2))) agg6,
        avg( cast(cd1.cd_dep_count as numeric(12,2))) agg7
 from catalog_sales, customer_demographics cd1,
      customer_demographics cd2, customer, customer_address, date_dim, item
 where cs_sold_date_sk = d_date_sk and
       cs_item_sk = i_item_sk and
       cs_bill_cdemo_sk = cd1.cd_demo_sk and
       cs_bill_customer_sk = c_customer_sk and
       cd1.cd_gender = 'M' and
       cd1.cd_education_status = 'Primary' and
       c_current_cdemo_sk = cd2.cd_demo_sk and
       c_current_addr_sk = ca_address_sk and
       c_birth_month in (3,2,4,9,11,6) and
       d_year = 2000 and
       ca_state in ('SC','ME','KY'
                   ,'LA','NY','MS','VT')
 group by rollup (i_item_id, ca_country, ca_state, ca_county)
 order by ca_country,
        ca_state,
        ca_county,
i_item_id
 limit 100;
tpcds.18.sh|2024-03-19 22:36:07|2024-03-19 22:41:49|342
select  i_item_id,
        ca_country,
        ca_state,
        ca_county,
        avg( cast(cs_quantity as numeric(12,2))) agg1,
        avg( cast(cs_list_price as numeric(12,2))) agg2,
        avg( cast(cs_coupon_amt as numeric(12,2))) agg3,
        avg( cast(cs_sales_price as numeric(12,2))) agg4,
        avg( cast(cs_net_profit as numeric(12,2))) agg5,
        avg( cast(c_birth_year as numeric(12,2))) agg6,
        avg( cast(cd1.cd_dep_count as numeric(12,2))) agg7
 from catalog_sales, customer_demographics cd1,
      customer_demographics cd2, customer, customer_address, date_dim, item
 where cs_sold_date_sk = d_date_sk and
       cs_item_sk = i_item_sk and
       cs_bill_cdemo_sk = cd1.cd_demo_sk and
       cs_bill_customer_sk = c_customer_sk and
       cd1.cd_gender = 'M' and
       cd1.cd_education_status = 'Primary' and
       c_current_cdemo_sk = cd2.cd_demo_sk and
       c_current_addr_sk = ca_address_sk and
       c_birth_month in (3,2,4,9,11,6) and
       d_year = 2000 and
       ca_state in ('SC','ME','KY'
                   ,'LA','NY','MS','VT')
 group by rollup (i_item_id, ca_country, ca_state, ca_county)
 order by ca_country,
        ca_state,
        ca_county,
i_item_id
 limit 100;
tpcds.18.sh|2024-03-19 22:41:50|2024-03-19 22:46:25|275
select  i_item_id,
        ca_country,
        ca_state,
        ca_county,
        avg( cast(cs_quantity as numeric(12,2))) agg1,
        avg( cast(cs_list_price as numeric(12,2))) agg2,
        avg( cast(cs_coupon_amt as numeric(12,2))) agg3,
        avg( cast(cs_sales_price as numeric(12,2))) agg4,
        avg( cast(cs_net_profit as numeric(12,2))) agg5,
        avg( cast(c_birth_year as numeric(12,2))) agg6,
        avg( cast(cd1.cd_dep_count as numeric(12,2))) agg7
 from catalog_sales, customer_demographics cd1,
      customer_demographics cd2, customer, customer_address, date_dim, item
 where cs_sold_date_sk = d_date_sk and
       cs_item_sk = i_item_sk and
       cs_bill_cdemo_sk = cd1.cd_demo_sk and
       cs_bill_customer_sk = c_customer_sk and
       cd1.cd_gender = 'M' and
       cd1.cd_education_status = 'Primary' and
       c_current_cdemo_sk = cd2.cd_demo_sk and
       c_current_addr_sk = ca_address_sk and
       c_birth_month in (3,2,4,9,11,6) and
       d_year = 2000 and
       ca_state in ('SC','ME','KY'
                   ,'LA','NY','MS','VT')
 group by rollup (i_item_id, ca_country, ca_state, ca_county)
 order by ca_country,
        ca_state,
        ca_county,
i_item_id
 limit 100;
tpcds.18.sh|2024-03-19 22:46:26|2024-03-19 22:52:59|393
select  i_item_id,
        ca_country,
        ca_state,
        ca_county,
        avg( cast(cs_quantity as numeric(12,2))) agg1,
        avg( cast(cs_list_price as numeric(12,2))) agg2,
        avg( cast(cs_coupon_amt as numeric(12,2))) agg3,
        avg( cast(cs_sales_price as numeric(12,2))) agg4,
        avg( cast(cs_net_profit as numeric(12,2))) agg5,
        avg( cast(c_birth_year as numeric(12,2))) agg6,
        avg( cast(cd1.cd_dep_count as numeric(12,2))) agg7
 from catalog_sales, customer_demographics cd1,
      customer_demographics cd2, customer, customer_address, date_dim, item
 where cs_sold_date_sk = d_date_sk and
       cs_item_sk = i_item_sk and
       cs_bill_cdemo_sk = cd1.cd_demo_sk and
       cs_bill_customer_sk = c_customer_sk and
       cd1.cd_gender = 'M' and
       cd1.cd_education_status = 'Primary' and
       c_current_cdemo_sk = cd2.cd_demo_sk and
       c_current_addr_sk = ca_address_sk and
       c_birth_month in (3,2,4,9,11,6) and
       d_year = 2000 and
       ca_state in ('SC','ME','KY'
                   ,'LA','NY','MS','VT')
 group by rollup (i_item_id, ca_country, ca_state, ca_county)
 order by ca_country,
        ca_state,
        ca_county,
i_item_id
 limit 100;
tpcds.18.sh|2024-03-19 22:53:00|2024-03-19 22:56:32|212
select  i_item_id,
        ca_country,
        ca_state,
        ca_county,
        avg( cast(cs_quantity as numeric(12,2))) agg1,
        avg( cast(cs_list_price as numeric(12,2))) agg2,
        avg( cast(cs_coupon_amt as numeric(12,2))) agg3,
        avg( cast(cs_sales_price as numeric(12,2))) agg4,
        avg( cast(cs_net_profit as numeric(12,2))) agg5,
        avg( cast(c_birth_year as numeric(12,2))) agg6,
        avg( cast(cd1.cd_dep_count as numeric(12,2))) agg7
 from catalog_sales, customer_demographics cd1,
      customer_demographics cd2, customer, customer_address, date_dim, item
 where cs_sold_date_sk = d_date_sk and
       cs_item_sk = i_item_sk and
       cs_bill_cdemo_sk = cd1.cd_demo_sk and
       cs_bill_customer_sk = c_customer_sk and
       cd1.cd_gender = 'M' and
       cd1.cd_education_status = 'Primary' and
       c_current_cdemo_sk = cd2.cd_demo_sk and
       c_current_addr_sk = ca_address_sk and
       c_birth_month in (3,2,4,9,11,6) and
       d_year = 2000 and
       ca_state in ('SC','ME','KY'
                   ,'LA','NY','MS','VT')
 group by rollup (i_item_id, ca_country, ca_state, ca_county)
 order by ca_country,
        ca_state,
        ca_county,
i_item_id
 limit 100;
tpcds.18.sh|2024-03-19 22:56:33|2024-03-19 23:04:41|488
select  i_item_id,
        ca_country,
        ca_state,
        ca_county,
        avg( cast(cs_quantity as numeric(12,2))) agg1,
        avg( cast(cs_list_price as numeric(12,2))) agg2,
        avg( cast(cs_coupon_amt as numeric(12,2))) agg3,
        avg( cast(cs_sales_price as numeric(12,2))) agg4,
        avg( cast(cs_net_profit as numeric(12,2))) agg5,
        avg( cast(c_birth_year as numeric(12,2))) agg6,
        avg( cast(cd1.cd_dep_count as numeric(12,2))) agg7
 from catalog_sales, customer_demographics cd1,
      customer_demographics cd2, customer, customer_address, date_dim, item
 where cs_sold_date_sk = d_date_sk and
       cs_item_sk = i_item_sk and
       cs_bill_cdemo_sk = cd1.cd_demo_sk and
       cs_bill_customer_sk = c_customer_sk and
       cd1.cd_gender = 'M' and
       cd1.cd_education_status = 'Primary' and
       c_current_cdemo_sk = cd2.cd_demo_sk and
       c_current_addr_sk = ca_address_sk and
       c_birth_month in (3,2,4,9,11,6) and
       d_year = 2000 and
       ca_state in ('SC','ME','KY'
                   ,'LA','NY','MS','VT')
 group by rollup (i_item_id, ca_country, ca_state, ca_county)
 order by ca_country,
        ca_state,
        ca_county,
i_item_id
 limit 100;
tpcds.18.sh|2024-03-19 23:04:42|2024-03-19 23:10:30|348
select  i_item_id,
        ca_country,
        ca_state,
        ca_county,
        avg( cast(cs_quantity as numeric(12,2))) agg1,
        avg( cast(cs_list_price as numeric(12,2))) agg2,
        avg( cast(cs_coupon_amt as numeric(12,2))) agg3,
        avg( cast(cs_sales_price as numeric(12,2))) agg4,
        avg( cast(cs_net_profit as numeric(12,2))) agg5,
        avg( cast(c_birth_year as numeric(12,2))) agg6,
        avg( cast(cd1.cd_dep_count as numeric(12,2))) agg7
 from catalog_sales, customer_demographics cd1,
      customer_demographics cd2, customer, customer_address, date_dim, item
 where cs_sold_date_sk = d_date_sk and
       cs_item_sk = i_item_sk and
       cs_bill_cdemo_sk = cd1.cd_demo_sk and
       cs_bill_customer_sk = c_customer_sk and
       cd1.cd_gender = 'M' and
       cd1.cd_education_status = 'Primary' and
       c_current_cdemo_sk = cd2.cd_demo_sk and
       c_current_addr_sk = ca_address_sk and
       c_birth_month in (3,2,4,9,11,6) and
       d_year = 2000 and
       ca_state in ('SC','ME','KY'
                   ,'LA','NY','MS','VT')
 group by rollup (i_item_id, ca_country, ca_state, ca_county)
 order by ca_country,
        ca_state,
        ca_county,
i_item_id
 limit 100;
tpcds.18.sh|2024-03-19 23:10:31|2024-03-19 23:15:32|301
select  i_item_id,
        ca_country,
        ca_state,
        ca_county,
        avg( cast(cs_quantity as numeric(12,2))) agg1,
        avg( cast(cs_list_price as numeric(12,2))) agg2,
        avg( cast(cs_coupon_amt as numeric(12,2))) agg3,
        avg( cast(cs_sales_price as numeric(12,2))) agg4,
        avg( cast(cs_net_profit as numeric(12,2))) agg5,
        avg( cast(c_birth_year as numeric(12,2))) agg6,
        avg( cast(cd1.cd_dep_count as numeric(12,2))) agg7
 from catalog_sales, customer_demographics cd1,
      customer_demographics cd2, customer, customer_address, date_dim, item
 where cs_sold_date_sk = d_date_sk and
       cs_item_sk = i_item_sk and
       cs_bill_cdemo_sk = cd1.cd_demo_sk and
       cs_bill_customer_sk = c_customer_sk and
       cd1.cd_gender = 'M' and
       cd1.cd_education_status = 'Primary' and
       c_current_cdemo_sk = cd2.cd_demo_sk and
       c_current_addr_sk = ca_address_sk and
       c_birth_month in (3,2,4,9,11,6) and
       d_year = 2000 and
       ca_state in ('SC','ME','KY'
                   ,'LA','NY','MS','VT')
 group by rollup (i_item_id, ca_country, ca_state, ca_county)
 order by ca_country,
        ca_state,
        ca_county,
i_item_id
 limit 100;
ERROR:  canceling statement due to user request
tpcds.18.sh|2024-03-19 23:15:33|2024-03-19 23:18:14|161
