select * from (select
    sum(ss_net_profit)/sum(ss_ext_sales_price) as gross_margin
   ,i_category
   ,i_class
   ,grouping(i_category)+grouping(i_class) as lochierarchy
   ,rank() over (
 	partition by grouping(i_category)+grouping(i_class),
 	case when grouping(i_class) = 0 then i_category end
 	order by sum(ss_net_profit)/sum(ss_ext_sales_price) asc) as rank_within_parent
 from
    store_sales
   ,date_dim       d1
   ,item
   ,store
 where
    d1.d_year = 1998
 and d1.d_date_sk = ss_sold_date_sk
 and i_item_sk  = ss_item_sk
 and s_store_sk  = ss_store_sk
 and s_state in ('IL','GA','WA','AL',
                 'PA','GA','MN','MI')
 group by rollup(i_category,i_class)
) as sub
 order by
   lochierarchy desc
  ,case when lochierarchy = 0 then i_category end
  ,rank_within_parent
  limit 100;
tpcds.36.sh|2024-04-09 05:53:58|2024-04-09 06:00:48|410
select * from (select
    sum(ss_net_profit)/sum(ss_ext_sales_price) as gross_margin
   ,i_category
   ,i_class
   ,grouping(i_category)+grouping(i_class) as lochierarchy
   ,rank() over (
 	partition by grouping(i_category)+grouping(i_class),
 	case when grouping(i_class) = 0 then i_category end
 	order by sum(ss_net_profit)/sum(ss_ext_sales_price) asc) as rank_within_parent
 from
    store_sales
   ,date_dim       d1
   ,item
   ,store
 where
    d1.d_year = 1998
 and d1.d_date_sk = ss_sold_date_sk
 and i_item_sk  = ss_item_sk
 and s_store_sk  = ss_store_sk
 and s_state in ('IL','GA','WA','AL',
                 'PA','GA','MN','MI')
 group by rollup(i_category,i_class)
) as sub
 order by
   lochierarchy desc
  ,case when lochierarchy = 0 then i_category end
  ,rank_within_parent
  limit 100;
tpcds.36.sh|2024-04-09 06:00:49|2024-04-09 06:06:19|330
select * from (select
    sum(ss_net_profit)/sum(ss_ext_sales_price) as gross_margin
   ,i_category
   ,i_class
   ,grouping(i_category)+grouping(i_class) as lochierarchy
   ,rank() over (
 	partition by grouping(i_category)+grouping(i_class),
 	case when grouping(i_class) = 0 then i_category end
 	order by sum(ss_net_profit)/sum(ss_ext_sales_price) asc) as rank_within_parent
 from
    store_sales
   ,date_dim       d1
   ,item
   ,store
 where
    d1.d_year = 1998
 and d1.d_date_sk = ss_sold_date_sk
 and i_item_sk  = ss_item_sk
 and s_store_sk  = ss_store_sk
 and s_state in ('IL','GA','WA','AL',
                 'PA','GA','MN','MI')
 group by rollup(i_category,i_class)
) as sub
 order by
   lochierarchy desc
  ,case when lochierarchy = 0 then i_category end
  ,rank_within_parent
  limit 100;
tpcds.36.sh|2024-04-09 06:06:20|2024-04-09 06:12:56|396
select * from (select
    sum(ss_net_profit)/sum(ss_ext_sales_price) as gross_margin
   ,i_category
   ,i_class
   ,grouping(i_category)+grouping(i_class) as lochierarchy
   ,rank() over (
 	partition by grouping(i_category)+grouping(i_class),
 	case when grouping(i_class) = 0 then i_category end
 	order by sum(ss_net_profit)/sum(ss_ext_sales_price) asc) as rank_within_parent
 from
    store_sales
   ,date_dim       d1
   ,item
   ,store
 where
    d1.d_year = 1998
 and d1.d_date_sk = ss_sold_date_sk
 and i_item_sk  = ss_item_sk
 and s_store_sk  = ss_store_sk
 and s_state in ('IL','GA','WA','AL',
                 'PA','GA','MN','MI')
 group by rollup(i_category,i_class)
) as sub
 order by
   lochierarchy desc
  ,case when lochierarchy = 0 then i_category end
  ,rank_within_parent
  limit 100;
tpcds.36.sh|2024-04-09 06:12:57|2024-04-09 06:19:01|364
select * from (select
    sum(ss_net_profit)/sum(ss_ext_sales_price) as gross_margin
   ,i_category
   ,i_class
   ,grouping(i_category)+grouping(i_class) as lochierarchy
   ,rank() over (
 	partition by grouping(i_category)+grouping(i_class),
 	case when grouping(i_class) = 0 then i_category end
 	order by sum(ss_net_profit)/sum(ss_ext_sales_price) asc) as rank_within_parent
 from
    store_sales
   ,date_dim       d1
   ,item
   ,store
 where
    d1.d_year = 1998
 and d1.d_date_sk = ss_sold_date_sk
 and i_item_sk  = ss_item_sk
 and s_store_sk  = ss_store_sk
 and s_state in ('IL','GA','WA','AL',
                 'PA','GA','MN','MI')
 group by rollup(i_category,i_class)
) as sub
 order by
   lochierarchy desc
  ,case when lochierarchy = 0 then i_category end
  ,rank_within_parent
  limit 100;
tpcds.36.sh|2024-04-09 06:19:02|2024-04-09 06:25:03|361
select * from (select
    sum(ss_net_profit)/sum(ss_ext_sales_price) as gross_margin
   ,i_category
   ,i_class
   ,grouping(i_category)+grouping(i_class) as lochierarchy
   ,rank() over (
 	partition by grouping(i_category)+grouping(i_class),
 	case when grouping(i_class) = 0 then i_category end
 	order by sum(ss_net_profit)/sum(ss_ext_sales_price) asc) as rank_within_parent
 from
    store_sales
   ,date_dim       d1
   ,item
   ,store
 where
    d1.d_year = 1998
 and d1.d_date_sk = ss_sold_date_sk
 and i_item_sk  = ss_item_sk
 and s_store_sk  = ss_store_sk
 and s_state in ('IL','GA','WA','AL',
                 'PA','GA','MN','MI')
 group by rollup(i_category,i_class)
) as sub
 order by
   lochierarchy desc
  ,case when lochierarchy = 0 then i_category end
  ,rank_within_parent
  limit 100;
tpcds.36.sh|2024-04-09 06:25:04|2024-04-09 06:31:39|395
select * from (select
    sum(ss_net_profit)/sum(ss_ext_sales_price) as gross_margin
   ,i_category
   ,i_class
   ,grouping(i_category)+grouping(i_class) as lochierarchy
   ,rank() over (
 	partition by grouping(i_category)+grouping(i_class),
 	case when grouping(i_class) = 0 then i_category end
 	order by sum(ss_net_profit)/sum(ss_ext_sales_price) asc) as rank_within_parent
 from
    store_sales
   ,date_dim       d1
   ,item
   ,store
 where
    d1.d_year = 1998
 and d1.d_date_sk = ss_sold_date_sk
 and i_item_sk  = ss_item_sk
 and s_store_sk  = ss_store_sk
 and s_state in ('IL','GA','WA','AL',
                 'PA','GA','MN','MI')
 group by rollup(i_category,i_class)
) as sub
 order by
   lochierarchy desc
  ,case when lochierarchy = 0 then i_category end
  ,rank_within_parent
  limit 100;
tpcds.36.sh|2024-04-09 06:31:40|2024-04-09 06:36:47|307
select * from (select
    sum(ss_net_profit)/sum(ss_ext_sales_price) as gross_margin
   ,i_category
   ,i_class
   ,grouping(i_category)+grouping(i_class) as lochierarchy
   ,rank() over (
 	partition by grouping(i_category)+grouping(i_class),
 	case when grouping(i_class) = 0 then i_category end
 	order by sum(ss_net_profit)/sum(ss_ext_sales_price) asc) as rank_within_parent
 from
    store_sales
   ,date_dim       d1
   ,item
   ,store
 where
    d1.d_year = 1998
 and d1.d_date_sk = ss_sold_date_sk
 and i_item_sk  = ss_item_sk
 and s_store_sk  = ss_store_sk
 and s_state in ('IL','GA','WA','AL',
                 'PA','GA','MN','MI')
 group by rollup(i_category,i_class)
) as sub
 order by
   lochierarchy desc
  ,case when lochierarchy = 0 then i_category end
  ,rank_within_parent
  limit 100;
tpcds.36.sh|2024-04-09 06:36:48|2024-04-09 06:43:01|373
select * from (select
    sum(ss_net_profit)/sum(ss_ext_sales_price) as gross_margin
   ,i_category
   ,i_class
   ,grouping(i_category)+grouping(i_class) as lochierarchy
   ,rank() over (
 	partition by grouping(i_category)+grouping(i_class),
 	case when grouping(i_class) = 0 then i_category end
 	order by sum(ss_net_profit)/sum(ss_ext_sales_price) asc) as rank_within_parent
 from
    store_sales
   ,date_dim       d1
   ,item
   ,store
 where
    d1.d_year = 1998
 and d1.d_date_sk = ss_sold_date_sk
 and i_item_sk  = ss_item_sk
 and s_store_sk  = ss_store_sk
 and s_state in ('IL','GA','WA','AL',
                 'PA','GA','MN','MI')
 group by rollup(i_category,i_class)
) as sub
 order by
   lochierarchy desc
  ,case when lochierarchy = 0 then i_category end
  ,rank_within_parent
  limit 100;
tpcds.36.sh|2024-04-09 06:43:02|2024-04-09 06:48:12|310
select * from (select
    sum(ss_net_profit)/sum(ss_ext_sales_price) as gross_margin
   ,i_category
   ,i_class
   ,grouping(i_category)+grouping(i_class) as lochierarchy
   ,rank() over (
 	partition by grouping(i_category)+grouping(i_class),
 	case when grouping(i_class) = 0 then i_category end
 	order by sum(ss_net_profit)/sum(ss_ext_sales_price) asc) as rank_within_parent
 from
    store_sales
   ,date_dim       d1
   ,item
   ,store
 where
    d1.d_year = 1998
 and d1.d_date_sk = ss_sold_date_sk
 and i_item_sk  = ss_item_sk
 and s_store_sk  = ss_store_sk
 and s_state in ('IL','GA','WA','AL',
                 'PA','GA','MN','MI')
 group by rollup(i_category,i_class)
) as sub
 order by
   lochierarchy desc
  ,case when lochierarchy = 0 then i_category end
  ,rank_within_parent
  limit 100;
tpcds.36.sh|2024-04-09 06:48:13|2024-04-09 06:53:39|326
select * from (select
    sum(ss_net_profit)/sum(ss_ext_sales_price) as gross_margin
   ,i_category
   ,i_class
   ,grouping(i_category)+grouping(i_class) as lochierarchy
   ,rank() over (
 	partition by grouping(i_category)+grouping(i_class),
 	case when grouping(i_class) = 0 then i_category end
 	order by sum(ss_net_profit)/sum(ss_ext_sales_price) asc) as rank_within_parent
 from
    store_sales
   ,date_dim       d1
   ,item
   ,store
 where
    d1.d_year = 1998
 and d1.d_date_sk = ss_sold_date_sk
 and i_item_sk  = ss_item_sk
 and s_store_sk  = ss_store_sk
 and s_state in ('IL','GA','WA','AL',
                 'PA','GA','MN','MI')
 group by rollup(i_category,i_class)
) as sub
 order by
   lochierarchy desc
  ,case when lochierarchy = 0 then i_category end
  ,rank_within_parent
  limit 100;
tpcds.36.sh|2024-04-09 06:53:40|2024-04-09 07:00:58|438
select * from (select
    sum(ss_net_profit)/sum(ss_ext_sales_price) as gross_margin
   ,i_category
   ,i_class
   ,grouping(i_category)+grouping(i_class) as lochierarchy
   ,rank() over (
 	partition by grouping(i_category)+grouping(i_class),
 	case when grouping(i_class) = 0 then i_category end
 	order by sum(ss_net_profit)/sum(ss_ext_sales_price) asc) as rank_within_parent
 from
    store_sales
   ,date_dim       d1
   ,item
   ,store
 where
    d1.d_year = 1998
 and d1.d_date_sk = ss_sold_date_sk
 and i_item_sk  = ss_item_sk
 and s_store_sk  = ss_store_sk
 and s_state in ('IL','GA','WA','AL',
                 'PA','GA','MN','MI')
 group by rollup(i_category,i_class)
) as sub
 order by
   lochierarchy desc
  ,case when lochierarchy = 0 then i_category end
  ,rank_within_parent
  limit 100;
tpcds.36.sh|2024-04-09 07:00:59|2024-04-09 07:07:46|407
select * from (select
    sum(ss_net_profit)/sum(ss_ext_sales_price) as gross_margin
   ,i_category
   ,i_class
   ,grouping(i_category)+grouping(i_class) as lochierarchy
   ,rank() over (
 	partition by grouping(i_category)+grouping(i_class),
 	case when grouping(i_class) = 0 then i_category end
 	order by sum(ss_net_profit)/sum(ss_ext_sales_price) asc) as rank_within_parent
 from
    store_sales
   ,date_dim       d1
   ,item
   ,store
 where
    d1.d_year = 1998
 and d1.d_date_sk = ss_sold_date_sk
 and i_item_sk  = ss_item_sk
 and s_store_sk  = ss_store_sk
 and s_state in ('IL','GA','WA','AL',
                 'PA','GA','MN','MI')
 group by rollup(i_category,i_class)
) as sub
 order by
   lochierarchy desc
  ,case when lochierarchy = 0 then i_category end
  ,rank_within_parent
  limit 100;
tpcds.36.sh|2024-04-09 07:07:47|2024-04-09 07:13:32|345
select * from (select
    sum(ss_net_profit)/sum(ss_ext_sales_price) as gross_margin
   ,i_category
   ,i_class
   ,grouping(i_category)+grouping(i_class) as lochierarchy
   ,rank() over (
 	partition by grouping(i_category)+grouping(i_class),
 	case when grouping(i_class) = 0 then i_category end
 	order by sum(ss_net_profit)/sum(ss_ext_sales_price) asc) as rank_within_parent
 from
    store_sales
   ,date_dim       d1
   ,item
   ,store
 where
    d1.d_year = 1998
 and d1.d_date_sk = ss_sold_date_sk
 and i_item_sk  = ss_item_sk
 and s_store_sk  = ss_store_sk
 and s_state in ('IL','GA','WA','AL',
                 'PA','GA','MN','MI')
 group by rollup(i_category,i_class)
) as sub
 order by
   lochierarchy desc
  ,case when lochierarchy = 0 then i_category end
  ,rank_within_parent
  limit 100;
tpcds.36.sh|2024-04-09 07:13:33|2024-04-09 07:21:06|453
select * from (select
    sum(ss_net_profit)/sum(ss_ext_sales_price) as gross_margin
   ,i_category
   ,i_class
   ,grouping(i_category)+grouping(i_class) as lochierarchy
   ,rank() over (
 	partition by grouping(i_category)+grouping(i_class),
 	case when grouping(i_class) = 0 then i_category end
 	order by sum(ss_net_profit)/sum(ss_ext_sales_price) asc) as rank_within_parent
 from
    store_sales
   ,date_dim       d1
   ,item
   ,store
 where
    d1.d_year = 1998
 and d1.d_date_sk = ss_sold_date_sk
 and i_item_sk  = ss_item_sk
 and s_store_sk  = ss_store_sk
 and s_state in ('IL','GA','WA','AL',
                 'PA','GA','MN','MI')
 group by rollup(i_category,i_class)
) as sub
 order by
   lochierarchy desc
  ,case when lochierarchy = 0 then i_category end
  ,rank_within_parent
  limit 100;
tpcds.36.sh|2024-04-09 07:21:07|2024-04-09 07:26:45|338
select * from (select
    sum(ss_net_profit)/sum(ss_ext_sales_price) as gross_margin
   ,i_category
   ,i_class
   ,grouping(i_category)+grouping(i_class) as lochierarchy
   ,rank() over (
 	partition by grouping(i_category)+grouping(i_class),
 	case when grouping(i_class) = 0 then i_category end
 	order by sum(ss_net_profit)/sum(ss_ext_sales_price) asc) as rank_within_parent
 from
    store_sales
   ,date_dim       d1
   ,item
   ,store
 where
    d1.d_year = 1998
 and d1.d_date_sk = ss_sold_date_sk
 and i_item_sk  = ss_item_sk
 and s_store_sk  = ss_store_sk
 and s_state in ('IL','GA','WA','AL',
                 'PA','GA','MN','MI')
 group by rollup(i_category,i_class)
) as sub
 order by
   lochierarchy desc
  ,case when lochierarchy = 0 then i_category end
  ,rank_within_parent
  limit 100;
tpcds.36.sh|2024-04-09 07:26:46|2024-04-09 07:33:34|408
select * from (select
    sum(ss_net_profit)/sum(ss_ext_sales_price) as gross_margin
   ,i_category
   ,i_class
   ,grouping(i_category)+grouping(i_class) as lochierarchy
   ,rank() over (
 	partition by grouping(i_category)+grouping(i_class),
 	case when grouping(i_class) = 0 then i_category end
 	order by sum(ss_net_profit)/sum(ss_ext_sales_price) asc) as rank_within_parent
 from
    store_sales
   ,date_dim       d1
   ,item
   ,store
 where
    d1.d_year = 1998
 and d1.d_date_sk = ss_sold_date_sk
 and i_item_sk  = ss_item_sk
 and s_store_sk  = ss_store_sk
 and s_state in ('IL','GA','WA','AL',
                 'PA','GA','MN','MI')
 group by rollup(i_category,i_class)
) as sub
 order by
   lochierarchy desc
  ,case when lochierarchy = 0 then i_category end
  ,rank_within_parent
  limit 100;
tpcds.36.sh|2024-04-09 07:33:35|2024-04-09 07:38:54|319
select * from (select
    sum(ss_net_profit)/sum(ss_ext_sales_price) as gross_margin
   ,i_category
   ,i_class
   ,grouping(i_category)+grouping(i_class) as lochierarchy
   ,rank() over (
 	partition by grouping(i_category)+grouping(i_class),
 	case when grouping(i_class) = 0 then i_category end
 	order by sum(ss_net_profit)/sum(ss_ext_sales_price) asc) as rank_within_parent
 from
    store_sales
   ,date_dim       d1
   ,item
   ,store
 where
    d1.d_year = 1998
 and d1.d_date_sk = ss_sold_date_sk
 and i_item_sk  = ss_item_sk
 and s_store_sk  = ss_store_sk
 and s_state in ('IL','GA','WA','AL',
                 'PA','GA','MN','MI')
 group by rollup(i_category,i_class)
) as sub
 order by
   lochierarchy desc
  ,case when lochierarchy = 0 then i_category end
  ,rank_within_parent
  limit 100;
tpcds.36.sh|2024-04-09 07:38:55|2024-04-09 07:46:30|455
select * from (select
    sum(ss_net_profit)/sum(ss_ext_sales_price) as gross_margin
   ,i_category
   ,i_class
   ,grouping(i_category)+grouping(i_class) as lochierarchy
   ,rank() over (
 	partition by grouping(i_category)+grouping(i_class),
 	case when grouping(i_class) = 0 then i_category end
 	order by sum(ss_net_profit)/sum(ss_ext_sales_price) asc) as rank_within_parent
 from
    store_sales
   ,date_dim       d1
   ,item
   ,store
 where
    d1.d_year = 1998
 and d1.d_date_sk = ss_sold_date_sk
 and i_item_sk  = ss_item_sk
 and s_store_sk  = ss_store_sk
 and s_state in ('IL','GA','WA','AL',
                 'PA','GA','MN','MI')
 group by rollup(i_category,i_class)
) as sub
 order by
   lochierarchy desc
  ,case when lochierarchy = 0 then i_category end
  ,rank_within_parent
  limit 100;
tpcds.36.sh|2024-04-09 07:46:31|2024-04-09 07:52:35|364
select * from (select
    sum(ss_net_profit)/sum(ss_ext_sales_price) as gross_margin
   ,i_category
   ,i_class
   ,grouping(i_category)+grouping(i_class) as lochierarchy
   ,rank() over (
 	partition by grouping(i_category)+grouping(i_class),
 	case when grouping(i_class) = 0 then i_category end
 	order by sum(ss_net_profit)/sum(ss_ext_sales_price) asc) as rank_within_parent
 from
    store_sales
   ,date_dim       d1
   ,item
   ,store
 where
    d1.d_year = 1998
 and d1.d_date_sk = ss_sold_date_sk
 and i_item_sk  = ss_item_sk
 and s_store_sk  = ss_store_sk
 and s_state in ('IL','GA','WA','AL',
                 'PA','GA','MN','MI')
 group by rollup(i_category,i_class)
) as sub
 order by
   lochierarchy desc
  ,case when lochierarchy = 0 then i_category end
  ,rank_within_parent
  limit 100;
ERROR:  canceling statement due to user request
tpcds.36.sh|2024-04-09 07:52:36|2024-04-09 07:54:10|94
